<fotoOggetto>
    <versioneLogRecord>1.0</versioneLogRecord>
    <recordMaster>
        <tipoRecord>Registro</tipoRecord>
        <idRecord>4</idRecord>
    </recordMaster>
    <recordChild>
        <tipoRecord>RECORD_CHILD_1</tipoRecord>
        <child>
            <idRecord>1</idRecord>
            <keyRecord>
                <datoKey>
                    <colonnaKey>nm_tipo_unita_doc_1</colonnaKey>
                    <valoreKey>Fattura 1</valoreKey>
                </datoKey>
            </keyRecord>
            <datoRecord>
                <colonnaDato>dato_figlio_1</colonnaDato>
                <labelDato>LABEL_DATO_figlio_1</labelDato>
                <valoreDato>VALORE_DATO_figlio_1</valoreDato>
            </datoRecord>
        </child>
        <child>
            <idRecord>2</idRecord>
            <keyRecord>
                <datoKey>
                    <colonnaKey>nm_tipo_unita_doc_2</colonnaKey>
                    <valoreKey>Fattura 2</valoreKey>
                </datoKey>
            </keyRecord>
            <datoRecord>
                <colonnaDato>dato_figlio_2</colonnaDato>
                <labelDato>LABEL_DATO_figlio_2</labelDato>
                <valoreDato>VALORE_DATO_figlio_2</valoreDato>
            </datoRecord>
        </child>
        <child>
            <idRecord>3</idRecord>
            <keyRecord>
                <datoKey>
                    <colonnaKey>nm_tipo_unita_doc_3</colonnaKey>
                    <valoreKey>Fattura 3</valoreKey>
                </datoKey>
            </keyRecord>
            <datoRecord>
                <colonnaDato>dato_figlio_3</colonnaDato>
                <labelDato>LABEL_DATO_figlio_3</labelDato>
                <valoreDato>VALORE_DATO_figlio_3</valoreDato>
            </datoRecord>
            <recordChild>
                <tipoRecord>RECORD_CHILD_1_1</tipoRecord>
                <child>
                    <idRecord>11111</idRecord>
                    <keyRecord>
                        <datoKey>
                            <colonnaKey>nm_tipo_unita_doc_1_1</colonnaKey>
                            <valoreKey>Fattura 1_1</valoreKey>
                        </datoKey>
                    </keyRecord>
                    <datoRecord>
                        <colonnaDato>dato_figlio_1_1</colonnaDato>
                        <labelDato>LABEL_DATO_figlio_1_1</labelDato>
                        <valoreDato>VALORE_DATO_figlio_1_1</valoreDato>
                    </datoRecord>
                </child>
            </recordChild>
        </child>
    </recordChild>
    <recordChild>
        <tipoRecord>RECORD_CHILD_2</tipoRecord>
        <child>
            <idRecord>2</idRecord>
            <keyRecord>
                <datoKey>
                    <colonnaKey>nm_tipo_unita_doc_2</colonnaKey>
                    <valoreKey>Fattura 2</valoreKey>
                </datoKey>
            </keyRecord>
            <datoRecord>
                <colonnaDato>dato_figlio_2</colonnaDato>
                <labelDato>LABEL_DATO_figlio_2</labelDato>
                <valoreDato>VALORE_DATO_figlio_2</valoreDato>
            </datoRecord>
        </child>
        <child>
            <idRecord>22</idRecord>
            <keyRecord>
                <datoKey>
                    <colonnaKey>nm_tipo_unita_doc_22</colonnaKey>
                    <valoreKey>Fattura 22</valoreKey>
                </datoKey>
            </keyRecord>
            <datoRecord>
                <colonnaDato>dato_figlio_22</colonnaDato>
                <labelDato>LABEL_DATO_figlio_22</labelDato>
                <valoreDato>VALORE_DATO_figlio_22</valoreDato>
            </datoRecord>
        </child>
        <child>
            <idRecord>33</idRecord>
            <keyRecord>
                <datoKey>
                    <colonnaKey>nm_tipo_unita_doc_33</colonnaKey>
                    <valoreKey>Fattura 33</valoreKey>
                </datoKey>
            </keyRecord>
            <datoRecord>
                <colonnaDato>dato_figlio_33</colonnaDato>
                <labelDato>LABEL_DATO_figlio_33</labelDato>
                <valoreDato>VALORE_DATO_figlio_3</valoreDato>
            </datoRecord>
            <recordChild>
                <tipoRecord>RECORD_CHILD_2_2</tipoRecord>
                <child>
                    <idRecord>3344</idRecord>
                    <keyRecord>
                        <datoKey>
                            <colonnaKey>nm_tipo_unita_doc_3344</colonnaKey>
                            <valoreKey>Fattura 3344</valoreKey>
                        </datoKey>
                    </keyRecord>
                    <datoRecord>
                        <colonnaDato>dato_figlio_3344</colonnaDato>
                        <labelDato>LABEL_DATO_figlio_3344</labelDato>
                        <valoreDato>VALORE_DATO_figlio_3344</valoreDato>
                    </datoRecord>
                </child>
            </recordChild>            
        </child>
    </recordChild>
    <recordChild>
        <tipoRecord>RECORD_CHILD_DATI_CANCELLATI</tipoRecord>
        <child>
            <idRecord>45</idRecord>
            <keyRecord>
                <datoKey>
                    <colonnaKey>nm_tipo_unita_doc_DATI_CANCELLATI</colonnaKey>
                    <valoreKey>Fattura DATI_CANCELLATI</valoreKey>
                </datoKey>
            </keyRecord>
            <datoRecord>
                <colonnaDato>dato_figlio_DATI_CANCELLATI</colonnaDato>
                <labelDato>LABEL_DATO_figlio_DATI_CANCELLATI</labelDato>
                <valoreDato>VALORE_DATO_figlio_DATI_CANCELLATI</valoreDato>
            </datoRecord>
            <datoRecord>
                <colonnaDato>dato_figlio_DATI_CANCELLATI_2</colonnaDato>
                <labelDato>LABEL_DATO_figlio_DATI_CANCELLATI_2</labelDato>
                <valoreDato>VALORE_DATO_figlio_DATI_CANCELLATI_2</valoreDato>
            </datoRecord>
        </child>
    </recordChild>
</fotoOggetto>
