<fotoOggetto>
    <versioneLogRecord>1.0</versioneLogRecord>
    <recordMaster>
        <tipoRecord>Registro</tipoRecord>
        <idRecord>26</idRecord>
        <keyRecord>
            <datoKey>
                <colonnaKey>nm_ambiente</colonnaKey>
                <valoreKey>AMBIENTE PROVA 1</valoreKey>
            </datoKey>
            <datoKey>
                <colonnaKey>nm_ente</colonnaKey>
                <valoreKey>ENTE PROVA 1 MODIFICATO</valoreKey>
            </datoKey>
            <datoKey>
                <colonnaKey>nm_strut</colonnaKey>
                <valoreKey>STRUTTURA PROVA test on-line X</valoreKey>
            </datoKey>
            <datoKey>
                <colonnaKey>cd_registro_unita_doc</colonnaKey>
                <valoreKey>FATTURE MODIFICATO</valoreKey>
            </datoKey>
        </keyRecord>
        <datoRecord>
            <colonnaDato>ds_registro_unita_doc</colonnaDato>
            <labelDato>Descrizione registro Unit√† Doc</labelDato>
            <valoreDato>FATTURE NUOVO VALORE</valoreDato>
        </datoRecord>
        <datoRecord>
            <colonnaDato>fl_registro_fisc</colonnaDato>
            <labelDato>Flag registro fiscale</labelDato>
            <valoreDato>true MODIFICATO</valoreDato>
        </datoRecord>
        <datoRecord>
            <colonnaDato>dt_istituz</colonnaDato>
            <labelDato>Data istituzione</labelDato>
            <valoreDato>2013-03-12</valoreDato>
        </datoRecord>
        <datoRecord>
            <colonnaDato>dt_soppres</colonnaDato>
            <labelDato>Data soppressione</labelDato>
            <valoreDato>2444-12-31</valoreDato>
        </datoRecord>
        <datoRecord>
            <colonnaDato>fl_crea_serie</colonnaDato>
            <labelDato>Flag creazione serie</labelDato>
            <valoreDato>false</valoreDato>
        </datoRecord>
        <datoRecord>
            <colonnaDato>fl_crea_serie_NUOVO</colonnaDato>
            <labelDato>Flag creazione serie NUOVO</labelDato>
            <valoreDato>true</valoreDato>
        </datoRecord>
    </recordMaster>
</fotoOggetto>
