<fotoOggetto>
  <versioneLogRecord>1.0</versioneLogRecord>
  <recordMaster>
    <tipoRecord>Tipo Unità Documentaria</tipoRecord>
    <idRecord>8965</idRecord>
    <keyRecord>
      <datoKey>
        <colonnaKey>nm_ambiente</colonnaKey>
        <labelKey>Ambiente</labelKey>
        <valoreKey>PARER_TEST</valoreKey>
      </datoKey>
      <datoKey>
        <colonnaKey>nm_ente</colonnaKey>
        <labelKey>Ente</labelKey>
        <valoreKey>ente_test</valoreKey>
      </datoKey>
      <datoKey>
        <colonnaKey>nm_strut</colonnaKey>
        <labelKey>Struttura</labelKey>
        <valoreKey>Test log</valoreKey>
      </datoKey>
      <datoKey>
        <colonnaKey>nm_tipo_unita_doc</colonnaKey>
        <labelKey>Tipo unità documentaria</labelKey>
        <valoreKey>ud 3</valoreKey>
      </datoKey>
    </keyRecord>
    <datoRecord>
      <colonnaDato>ds_tipo_unita_doc</colonnaDato>
      <labelDato>Descrizione tipo unità documentaria</labelDato>
      <valoreDato>ud 3</valoreDato>
    </datoRecord>
    <datoRecord>
      <colonnaDato>fl_forza_collegamento</colonnaDato>
      <labelDato>Forzatura collegamento</labelDato>
      <valoreDato>false</valoreDato>
    </datoRecord>
    <datoRecord>
      <colonnaDato>ti_save_file</colonnaDato>
      <labelDato>Tipo salvataggio file</labelDato>
      <valoreDato>BLOB</valoreDato>
    </datoRecord>
    <datoRecord>
      <colonnaDato>dt_istituz</colonnaDato>
      <labelDato>Data istituzione</labelDato>
      <valoreDato>02/11/2016</valoreDato>
    </datoRecord>
    <datoRecord>
      <colonnaDato>dt_soppres</colonnaDato>
      <labelDato>Data soppressione</labelDato>
      <valoreDato>31/12/2444</valoreDato>
    </datoRecord>
    <datoRecord>
      <colonnaDato>cd_subcateg_tipo_unita_doc</colonnaDato>
      <labelDato>Sottocategoria</labelDato>
      <valoreDato>altri_documenti</valoreDato>
    </datoRecord>
    <datoRecord>
      <colonnaDato>cd_categ_tipo_unita_doc</colonnaDato>
      <labelDato>Categoria</labelDato>
      <valoreDato>documentazione_amministrativa</valoreDato>
    </datoRecord>
    <datoRecord>
      <colonnaDato>fl_crea_tipo_serie_standard</colonnaDato>
      <labelDato>Crea tipo serie standard</labelDato>
      <valoreDato>null</valoreDato>
    </datoRecord>
    <datoRecord>
      <colonnaDato>nm_modello_tipo_serie</colonnaDato>
      <labelDato>Modello tipo serie</labelDato>
      <valoreDato>null</valoreDato>
    </datoRecord>
    <datoRecord>
      <colonnaDato>nm_tipo_serie_da_creare</colonnaDato>
      <labelDato>Tipo serie da creare</labelDato>
      <valoreDato>null</valoreDato>
    </datoRecord>
    <datoRecord>
      <colonnaDato>ds_tipo_serie_da_creare</colonnaDato>
      <labelDato>Descrizione tipo serie da creare</labelDato>
      <valoreDato>null</valoreDato>
    </datoRecord>
    <datoRecord>
      <colonnaDato>cd_serie_da_creare</colonnaDato>
      <labelDato>Codice serie da creare</labelDato>
      <valoreDato>null</valoreDato>
    </datoRecord>
    <datoRecord>
      <colonnaDato>ds_serie_da_creare</colonnaDato>
      <labelDato>Descrizione serie da creare</labelDato>
      <valoreDato>null</valoreDato>
    </datoRecord>
    <datoRecord>
      <colonnaDato>ti_serv_conserv</colonnaDato>
      <labelDato>Tipo servizio per conservazione</labelDato>
      <valoreDato>Conservazione documenti amministrativi</valoreDato>
    </datoRecord>
    <datoRecord>
      <colonnaDato>ti_serv_attiv</colonnaDato>
      <labelDato>Tipo servizio per attivazione sist. versante</labelDato>
      <valoreDato>null</valoreDato>
    </datoRecord>
  </recordMaster>
  <recordChild>
    <tipoRecord>Registri ammessi</tipoRecord>
    <child>
      <idRecord>16635</idRecord>
      <keyRecord>
        <datoKey>
          <colonnaKey>cd_registro_unita_doc</colonnaKey>
          <labelKey>Registro</labelKey>
          <valoreKey>reg 3</valoreKey>
        </datoKey>
      </keyRecord>
    </child>
    <child>
      <idRecord>16632</idRecord>
      <keyRecord>
        <datoKey>
          <colonnaKey>cd_registro_unita_doc</colonnaKey>
          <labelKey>Registro</labelKey>
          <valoreKey>registro 2</valoreKey>
        </datoKey>
      </keyRecord>
    </child>
    <child>
      <idRecord>16633</idRecord>
      <keyRecord>
        <datoKey>
          <colonnaKey>cd_registro_unita_doc</colonnaKey>
          <labelKey>Registro</labelKey>
          <valoreKey>registro cambio denominazione</valoreKey>
        </datoKey>
      </keyRecord>
    </child>
    <child>
      <idRecord>16634</idRecord>
      <keyRecord>
        <datoKey>
          <colonnaKey>cd_registro_unita_doc</colonnaKey>
          <labelKey>Registro</labelKey>
          <valoreKey>registro_test_TPI mod</valoreKey>
        </datoKey>
      </keyRecord>
    </child>
  </recordChild>
  <recordChild>
    <tipoRecord>Tipi struttura unità documentaria</tipoRecord>
    <child>
      <idRecord>5825</idRecord>
      <keyRecord>
        <datoKey>
          <colonnaKey>nm_tipo_strut_unita_doc</colonnaKey>
          <labelKey>Tipo struttura unità documentaria</labelKey>
          <valoreKey>strut1</valoreKey>
        </datoKey>
      </keyRecord>
      <datoRecord>
        <colonnaDato>ds_tipo_strut_unita_doc</colonnaDato>
        <labelDato>Descrizione tipo struttura</labelDato>
        <valoreDato>strut1</valoreDato>
      </datoRecord>
      <datoRecord>
        <colonnaDato>dt_istituz</colonnaDato>
        <labelDato>Data istituzione</labelDato>
        <valoreDato>02/11/2016</valoreDato>
      </datoRecord>
      <datoRecord>
        <colonnaDato>dt_soppres</colonnaDato>
        <labelDato>Data soppressione</labelDato>
        <valoreDato>31/12/2444</valoreDato>
      </datoRecord>
      <recordChild>
        <tipoRecord>Tipi documenti ammessi</tipoRecord>
        <child>
          <idRecord>12004</idRecord>
          <keyRecord>
            <datoKey>
              <colonnaKey>nm_tipo_doc</colonnaKey>
              <labelKey>Tipo documento</labelKey>
              <valoreKey>doc 2 x</valoreKey>
            </datoKey>
            <datoKey>
              <colonnaKey>ti_doc</colonnaKey>
              <labelKey>Elemento</labelKey>
              <valoreKey>ALLEGATO</valoreKey>
            </datoKey>
          </keyRecord>
          <datoRecord>
            <colonnaDato>fl_obbl</colonnaDato>
            <labelDato>Obbligatorio</labelDato>
            <valoreDato>false</valoreDato>
          </datoRecord>
        </child>
      </recordChild>
    </child>
  </recordChild>
  <recordChild>
    <tipoRecord>XSD dati specifici</tipoRecord>
  </recordChild>
  <recordChild>
    <tipoRecord>Regola partizionamento</tipoRecord>
    <child>
      <idRecord>9640</idRecord>
      <keyRecord>
        <datoKey>
          <colonnaKey>nm_tipo_doc</colonnaKey>
          <labelKey>Tipo documento principale</labelKey>
          <valoreKey>ACCONTO/ANTICIPO SU FATTURA</valoreKey>
        </datoKey>
        <datoKey>
          <colonnaKey>dt_istituz</colonnaKey>
          <labelKey>Data istituzione</labelKey>
          <valoreKey>15/06/2016</valoreKey>
        </datoKey>
      </keyRecord>
      <datoRecord>
        <colonnaDato>dt_soppres</colonnaDato>
        <labelDato>Data soppressione</labelDato>
        <valoreDato>31/12/2444</valoreDato>
      </datoRecord>
      <recordChild>
        <tipoRecord>Campo per partizionamento</tipoRecord>
        <child>
          <idRecord>7958</idRecord>
          <keyRecord>
            <datoKey>
              <colonnaKey>ti_campo</colonnaKey>
              <labelKey>Tipo campo</labelKey>
              <valoreKey>SUB_STRUT</valoreKey>
            </datoKey>
            <datoKey>
              <colonnaKey>nm_campo</colonnaKey>
              <labelKey>Nome campo</labelKey>
              <valoreKey>SUB_STRUTTURA</valoreKey>
            </datoKey>
          </keyRecord>
          <datoRecord>
            <colonnaDato>nm_sub_strut</colonnaDato>
            <labelDato>Sottostruttura</labelDato>
            <valoreDato>DEFAULT</valoreDato>
          </datoRecord>
          <datoRecord>
            <colonnaDato>nm_attrib_dati_spec</colonnaDato>
            <labelDato>Dato specifico</labelDato>
            <valoreDato>null</valoreDato>
          </datoRecord>
        </child>
      </recordChild>
    </child>
    <child>
      <idRecord>9628</idRecord>
      <keyRecord>
        <datoKey>
          <colonnaKey>nm_tipo_doc</colonnaKey>
          <labelKey>Tipo documento principale</labelKey>
          <valoreKey>ACCONTO/ANTICIPO SU FATTURA</valoreKey>
        </datoKey>
        <datoKey>
          <colonnaKey>dt_istituz</colonnaKey>
          <labelKey>Data istituzione</labelKey>
          <valoreKey>15/06/2016</valoreKey>
        </datoKey>
      </keyRecord>
      <datoRecord>
        <colonnaDato>dt_soppres</colonnaDato>
        <labelDato>Data soppressione</labelDato>
        <valoreDato>31/12/2444</valoreDato>
      </datoRecord>
      <recordChild>
        <tipoRecord>Campo per partizionamento</tipoRecord>
        <child>
          <idRecord>7946</idRecord>
          <keyRecord>
            <datoKey>
              <colonnaKey>ti_campo</colonnaKey>
              <labelKey>Tipo campo</labelKey>
              <valoreKey>SUB_STRUT</valoreKey>
            </datoKey>
            <datoKey>
              <colonnaKey>nm_campo</colonnaKey>
              <labelKey>Nome campo</labelKey>
              <valoreKey>SUB_STRUTTURA</valoreKey>
            </datoKey>
          </keyRecord>
          <datoRecord>
            <colonnaDato>nm_sub_strut</colonnaDato>
            <labelDato>Sottostruttura</labelDato>
            <valoreDato>DEFAULT</valoreDato>
          </datoRecord>
          <datoRecord>
            <colonnaDato>nm_attrib_dati_spec</colonnaDato>
            <labelDato>Dato specifico</labelDato>
            <valoreDato>null</valoreDato>
          </datoRecord>
        </child>
      </recordChild>
    </child>
    <child>
      <idRecord>11485</idRecord>
      <keyRecord>
        <datoKey>
          <colonnaKey>nm_tipo_doc</colonnaKey>
          <labelKey>Tipo documento principale</labelKey>
          <valoreKey>ACCONTO/ANTICIPO SU FATTURA</valoreKey>
        </datoKey>
        <datoKey>
          <colonnaKey>dt_istituz</colonnaKey>
          <labelKey>Data istituzione</labelKey>
          <valoreKey>17/08/2015</valoreKey>
        </datoKey>
      </keyRecord>
      <datoRecord>
        <colonnaDato>dt_soppres</colonnaDato>
        <labelDato>Data soppressione</labelDato>
        <valoreDato>31/12/2444</valoreDato>
      </datoRecord>
      <recordChild>
        <tipoRecord>Campo per partizionamento</tipoRecord>
        <child>
          <idRecord>9597</idRecord>
          <keyRecord>
            <datoKey>
              <colonnaKey>ti_campo</colonnaKey>
              <labelKey>Tipo campo</labelKey>
              <valoreKey>SUB_STRUT</valoreKey>
            </datoKey>
            <datoKey>
              <colonnaKey>nm_campo</colonnaKey>
              <labelKey>Nome campo</labelKey>
              <valoreKey>SUB_STRUTTURA</valoreKey>
            </datoKey>
          </keyRecord>
          <datoRecord>
            <colonnaDato>nm_sub_strut</colonnaDato>
            <labelDato>Sottostruttura</labelDato>
            <valoreDato>DEFAULT</valoreDato>
          </datoRecord>
          <datoRecord>
            <colonnaDato>nm_attrib_dati_spec</colonnaDato>
            <labelDato>Dato specifico</labelDato>
            <valoreDato>null</valoreDato>
          </datoRecord>
        </child>
      </recordChild>
    </child>
    <child>
      <idRecord>11486</idRecord>
      <keyRecord>
        <datoKey>
          <colonnaKey>nm_tipo_doc</colonnaKey>
          <labelKey>Tipo documento principale</labelKey>
          <valoreKey>ACCONTO/ANTICIPO SU FATTURA</valoreKey>
        </datoKey>
        <datoKey>
          <colonnaKey>dt_istituz</colonnaKey>
          <labelKey>Data istituzione</labelKey>
          <valoreKey>16/02/2015</valoreKey>
        </datoKey>
      </keyRecord>
      <datoRecord>
        <colonnaDato>dt_soppres</colonnaDato>
        <labelDato>Data soppressione</labelDato>
        <valoreDato>31/12/2444</valoreDato>
      </datoRecord>
      <recordChild>
        <tipoRecord>Campo per partizionamento</tipoRecord>
        <child>
          <idRecord>9604</idRecord>
          <keyRecord>
            <datoKey>
              <colonnaKey>ti_campo</colonnaKey>
              <labelKey>Tipo campo</labelKey>
              <valoreKey>SUB_STRUT</valoreKey>
            </datoKey>
            <datoKey>
              <colonnaKey>nm_campo</colonnaKey>
              <labelKey>Nome campo</labelKey>
              <valoreKey>SUB_STRUTTURA</valoreKey>
            </datoKey>
          </keyRecord>
          <datoRecord>
            <colonnaDato>nm_sub_strut</colonnaDato>
            <labelDato>Sottostruttura</labelDato>
            <valoreDato>DEFAULT</valoreDato>
          </datoRecord>
          <datoRecord>
            <colonnaDato>nm_attrib_dati_spec</colonnaDato>
            <labelDato>Dato specifico</labelDato>
            <valoreDato>null</valoreDato>
          </datoRecord>
        </child>
      </recordChild>
    </child>
    <child>
      <idRecord>6082</idRecord>
      <keyRecord>
        <datoKey>
          <colonnaKey>nm_tipo_doc</colonnaKey>
          <labelKey>Tipo documento principale</labelKey>
          <valoreKey>ACCONTO/ANTICIPO SU FATTURA</valoreKey>
        </datoKey>
        <datoKey>
          <colonnaKey>dt_istituz</colonnaKey>
          <labelKey>Data istituzione</labelKey>
          <valoreKey>22/09/2015</valoreKey>
        </datoKey>
      </keyRecord>
      <datoRecord>
        <colonnaDato>dt_soppres</colonnaDato>
        <labelDato>Data soppressione</labelDato>
        <valoreDato>31/12/2444</valoreDato>
      </datoRecord>
      <recordChild>
        <tipoRecord>Campo per partizionamento</tipoRecord>
        <child>
          <idRecord>4722</idRecord>
          <keyRecord>
            <datoKey>
              <colonnaKey>ti_campo</colonnaKey>
              <labelKey>Tipo campo</labelKey>
              <valoreKey>SUB_STRUT</valoreKey>
            </datoKey>
            <datoKey>
              <colonnaKey>nm_campo</colonnaKey>
              <labelKey>Nome campo</labelKey>
              <valoreKey>SUB_STRUTTURA</valoreKey>
            </datoKey>
          </keyRecord>
          <datoRecord>
            <colonnaDato>nm_sub_strut</colonnaDato>
            <labelDato>Sottostruttura</labelDato>
            <valoreDato>DEFAULT</valoreDato>
          </datoRecord>
          <datoRecord>
            <colonnaDato>nm_attrib_dati_spec</colonnaDato>
            <labelDato>Dato specifico</labelDato>
            <valoreDato>null</valoreDato>
          </datoRecord>
        </child>
      </recordChild>
    </child>
    <child>
      <idRecord>8623</idRecord>
      <keyRecord>
        <datoKey>
          <colonnaKey>nm_tipo_doc</colonnaKey>
          <labelKey>Tipo documento principale</labelKey>
          <valoreKey>ACCONTO/ANTICIPO SU FATTURA</valoreKey>
        </datoKey>
        <datoKey>
          <colonnaKey>dt_istituz</colonnaKey>
          <labelKey>Data istituzione</labelKey>
          <valoreKey>02/12/2015</valoreKey>
        </datoKey>
      </keyRecord>
      <datoRecord>
        <colonnaDato>dt_soppres</colonnaDato>
        <labelDato>Data soppressione</labelDato>
        <valoreDato>31/12/2444</valoreDato>
      </datoRecord>
      <recordChild>
        <tipoRecord>Campo per partizionamento</tipoRecord>
        <child>
          <idRecord>7063</idRecord>
          <keyRecord>
            <datoKey>
              <colonnaKey>ti_campo</colonnaKey>
              <labelKey>Tipo campo</labelKey>
              <valoreKey>SUB_STRUT</valoreKey>
            </datoKey>
            <datoKey>
              <colonnaKey>nm_campo</colonnaKey>
              <labelKey>Nome campo</labelKey>
              <valoreKey>SUB_STRUTTURA</valoreKey>
            </datoKey>
          </keyRecord>
          <datoRecord>
            <colonnaDato>nm_sub_strut</colonnaDato>
            <labelDato>Sottostruttura</labelDato>
            <valoreDato>DEFAULT</valoreDato>
          </datoRecord>
          <datoRecord>
            <colonnaDato>nm_attrib_dati_spec</colonnaDato>
            <labelDato>Dato specifico</labelDato>
            <valoreDato>null</valoreDato>
          </datoRecord>
        </child>
      </recordChild>
    </child>
    <child>
      <idRecord>6024</idRecord>
      <keyRecord>
        <datoKey>
          <colonnaKey>nm_tipo_doc</colonnaKey>
          <labelKey>Tipo documento principale</labelKey>
          <valoreKey>ACCONTO/ANTICIPO SU FATTURA</valoreKey>
        </datoKey>
        <datoKey>
          <colonnaKey>dt_istituz</colonnaKey>
          <labelKey>Data istituzione</labelKey>
          <valoreKey>22/09/2015</valoreKey>
        </datoKey>
      </keyRecord>
      <datoRecord>
        <colonnaDato>dt_soppres</colonnaDato>
        <labelDato>Data soppressione</labelDato>
        <valoreDato>31/12/2444</valoreDato>
      </datoRecord>
      <recordChild>
        <tipoRecord>Campo per partizionamento</tipoRecord>
        <child>
          <idRecord>4664</idRecord>
          <keyRecord>
            <datoKey>
              <colonnaKey>ti_campo</colonnaKey>
              <labelKey>Tipo campo</labelKey>
              <valoreKey>SUB_STRUT</valoreKey>
            </datoKey>
            <datoKey>
              <colonnaKey>nm_campo</colonnaKey>
              <labelKey>Nome campo</labelKey>
              <valoreKey>SUB_STRUTTURA</valoreKey>
            </datoKey>
          </keyRecord>
          <datoRecord>
            <colonnaDato>nm_sub_strut</colonnaDato>
            <labelDato>Sottostruttura</labelDato>
            <valoreDato>DEFAULT</valoreDato>
          </datoRecord>
          <datoRecord>
            <colonnaDato>nm_attrib_dati_spec</colonnaDato>
            <labelDato>Dato specifico</labelDato>
            <valoreDato>null</valoreDato>
          </datoRecord>
        </child>
      </recordChild>
    </child>
    <child>
      <idRecord>9641</idRecord>
      <keyRecord>
        <datoKey>
          <colonnaKey>nm_tipo_doc</colonnaKey>
          <labelKey>Tipo documento principale</labelKey>
          <valoreKey>ACCONTO/ANTICIPO SU PARCELLA</valoreKey>
        </datoKey>
        <datoKey>
          <colonnaKey>dt_istituz</colonnaKey>
          <labelKey>Data istituzione</labelKey>
          <valoreKey>15/06/2016</valoreKey>
        </datoKey>
      </keyRecord>
      <datoRecord>
        <colonnaDato>dt_soppres</colonnaDato>
        <labelDato>Data soppressione</labelDato>
        <valoreDato>31/12/2444</valoreDato>
      </datoRecord>
      <recordChild>
        <tipoRecord>Campo per partizionamento</tipoRecord>
        <child>
          <idRecord>7959</idRecord>
          <keyRecord>
            <datoKey>
              <colonnaKey>ti_campo</colonnaKey>
              <labelKey>Tipo campo</labelKey>
              <valoreKey>SUB_STRUT</valoreKey>
            </datoKey>
            <datoKey>
              <colonnaKey>nm_campo</colonnaKey>
              <labelKey>Nome campo</labelKey>
              <valoreKey>SUB_STRUTTURA</valoreKey>
            </datoKey>
          </keyRecord>
          <datoRecord>
            <colonnaDato>nm_sub_strut</colonnaDato>
            <labelDato>Sottostruttura</labelDato>
            <valoreDato>DEFAULT</valoreDato>
          </datoRecord>
          <datoRecord>
            <colonnaDato>nm_attrib_dati_spec</colonnaDato>
            <labelDato>Dato specifico</labelDato>
            <valoreDato>null</valoreDato>
          </datoRecord>
        </child>
      </recordChild>
    </child>
    <child>
      <idRecord>9629</idRecord>
      <keyRecord>
        <datoKey>
          <colonnaKey>nm_tipo_doc</colonnaKey>
          <labelKey>Tipo documento principale</labelKey>
          <valoreKey>ACCONTO/ANTICIPO SU PARCELLA</valoreKey>
        </datoKey>
        <datoKey>
          <colonnaKey>dt_istituz</colonnaKey>
          <labelKey>Data istituzione</labelKey>
          <valoreKey>15/06/2016</valoreKey>
        </datoKey>
      </keyRecord>
      <datoRecord>
        <colonnaDato>dt_soppres</colonnaDato>
        <labelDato>Data soppressione</labelDato>
        <valoreDato>31/12/2444</valoreDato>
      </datoRecord>
      <recordChild>
        <tipoRecord>Campo per partizionamento</tipoRecord>
        <child>
          <idRecord>7947</idRecord>
          <keyRecord>
            <datoKey>
              <colonnaKey>ti_campo</colonnaKey>
              <labelKey>Tipo campo</labelKey>
              <valoreKey>SUB_STRUT</valoreKey>
            </datoKey>
            <datoKey>
              <colonnaKey>nm_campo</colonnaKey>
              <labelKey>Nome campo</labelKey>
              <valoreKey>SUB_STRUTTURA</valoreKey>
            </datoKey>
          </keyRecord>
          <datoRecord>
            <colonnaDato>nm_sub_strut</colonnaDato>
            <labelDato>Sottostruttura</labelDato>
            <valoreDato>DEFAULT</valoreDato>
          </datoRecord>
          <datoRecord>
            <colonnaDato>nm_attrib_dati_spec</colonnaDato>
            <labelDato>Dato specifico</labelDato>
            <valoreDato>null</valoreDato>
          </datoRecord>
        </child>
      </recordChild>
    </child>
    <child>
      <idRecord>11480</idRecord>
      <keyRecord>
        <datoKey>
          <colonnaKey>nm_tipo_doc</colonnaKey>
          <labelKey>Tipo documento principale</labelKey>
          <valoreKey>ACCONTO/ANTICIPO SU PARCELLA</valoreKey>
        </datoKey>
        <datoKey>
          <colonnaKey>dt_istituz</colonnaKey>
          <labelKey>Data istituzione</labelKey>
          <valoreKey>17/08/2015</valoreKey>
        </datoKey>
      </keyRecord>
      <datoRecord>
        <colonnaDato>dt_soppres</colonnaDato>
        <labelDato>Data soppressione</labelDato>
        <valoreDato>31/12/2444</valoreDato>
      </datoRecord>
      <recordChild>
        <tipoRecord>Campo per partizionamento</tipoRecord>
        <child>
          <idRecord>9598</idRecord>
          <keyRecord>
            <datoKey>
              <colonnaKey>ti_campo</colonnaKey>
              <labelKey>Tipo campo</labelKey>
              <valoreKey>SUB_STRUT</valoreKey>
            </datoKey>
            <datoKey>
              <colonnaKey>nm_campo</colonnaKey>
              <labelKey>Nome campo</labelKey>
              <valoreKey>SUB_STRUTTURA</valoreKey>
            </datoKey>
          </keyRecord>
          <datoRecord>
            <colonnaDato>nm_sub_strut</colonnaDato>
            <labelDato>Sottostruttura</labelDato>
            <valoreDato>DEFAULT</valoreDato>
          </datoRecord>
          <datoRecord>
            <colonnaDato>nm_attrib_dati_spec</colonnaDato>
            <labelDato>Dato specifico</labelDato>
            <valoreDato>null</valoreDato>
          </datoRecord>
        </child>
      </recordChild>
    </child>
    <child>
      <idRecord>11479</idRecord>
      <keyRecord>
        <datoKey>
          <colonnaKey>nm_tipo_doc</colonnaKey>
          <labelKey>Tipo documento principale</labelKey>
          <valoreKey>ACCONTO/ANTICIPO SU PARCELLA</valoreKey>
        </datoKey>
        <datoKey>
          <colonnaKey>dt_istituz</colonnaKey>
          <labelKey>Data istituzione</labelKey>
          <valoreKey>16/02/2015</valoreKey>
        </datoKey>
      </keyRecord>
      <datoRecord>
        <colonnaDato>dt_soppres</colonnaDato>
        <labelDato>Data soppressione</labelDato>
        <valoreDato>31/12/2444</valoreDato>
      </datoRecord>
      <recordChild>
        <tipoRecord>Campo per partizionamento</tipoRecord>
        <child>
          <idRecord>9605</idRecord>
          <keyRecord>
            <datoKey>
              <colonnaKey>ti_campo</colonnaKey>
              <labelKey>Tipo campo</labelKey>
              <valoreKey>SUB_STRUT</valoreKey>
            </datoKey>
            <datoKey>
              <colonnaKey>nm_campo</colonnaKey>
              <labelKey>Nome campo</labelKey>
              <valoreKey>SUB_STRUTTURA</valoreKey>
            </datoKey>
          </keyRecord>
          <datoRecord>
            <colonnaDato>nm_sub_strut</colonnaDato>
            <labelDato>Sottostruttura</labelDato>
            <valoreDato>DEFAULT</valoreDato>
          </datoRecord>
          <datoRecord>
            <colonnaDato>nm_attrib_dati_spec</colonnaDato>
            <labelDato>Dato specifico</labelDato>
            <valoreDato>null</valoreDato>
          </datoRecord>
        </child>
      </recordChild>
    </child>
    <child>
      <idRecord>6083</idRecord>
      <keyRecord>
        <datoKey>
          <colonnaKey>nm_tipo_doc</colonnaKey>
          <labelKey>Tipo documento principale</labelKey>
          <valoreKey>ACCONTO/ANTICIPO SU PARCELLA</valoreKey>
        </datoKey>
        <datoKey>
          <colonnaKey>dt_istituz</colonnaKey>
          <labelKey>Data istituzione</labelKey>
          <valoreKey>22/09/2015</valoreKey>
        </datoKey>
      </keyRecord>
      <datoRecord>
        <colonnaDato>dt_soppres</colonnaDato>
        <labelDato>Data soppressione</labelDato>
        <valoreDato>31/12/2444</valoreDato>
      </datoRecord>
      <recordChild>
        <tipoRecord>Campo per partizionamento</tipoRecord>
        <child>
          <idRecord>4723</idRecord>
          <keyRecord>
            <datoKey>
              <colonnaKey>ti_campo</colonnaKey>
              <labelKey>Tipo campo</labelKey>
              <valoreKey>SUB_STRUT</valoreKey>
            </datoKey>
            <datoKey>
              <colonnaKey>nm_campo</colonnaKey>
              <labelKey>Nome campo</labelKey>
              <valoreKey>SUB_STRUTTURA</valoreKey>
            </datoKey>
          </keyRecord>
          <datoRecord>
            <colonnaDato>nm_sub_strut</colonnaDato>
            <labelDato>Sottostruttura</labelDato>
            <valoreDato>DEFAULT</valoreDato>
          </datoRecord>
          <datoRecord>
            <colonnaDato>nm_attrib_dati_spec</colonnaDato>
            <labelDato>Dato specifico</labelDato>
            <valoreDato>null</valoreDato>
          </datoRecord>
        </child>
      </recordChild>
    </child>
    <child>
      <idRecord>8624</idRecord>
      <keyRecord>
        <datoKey>
          <colonnaKey>nm_tipo_doc</colonnaKey>
          <labelKey>Tipo documento principale</labelKey>
          <valoreKey>ACCONTO/ANTICIPO SU PARCELLA</valoreKey>
        </datoKey>
        <datoKey>
          <colonnaKey>dt_istituz</colonnaKey>
          <labelKey>Data istituzione</labelKey>
          <valoreKey>02/12/2015</valoreKey>
        </datoKey>
      </keyRecord>
      <datoRecord>
        <colonnaDato>dt_soppres</colonnaDato>
        <labelDato>Data soppressione</labelDato>
        <valoreDato>31/12/2444</valoreDato>
      </datoRecord>
      <recordChild>
        <tipoRecord>Campo per partizionamento</tipoRecord>
        <child>
          <idRecord>7064</idRecord>
          <keyRecord>
            <datoKey>
              <colonnaKey>ti_campo</colonnaKey>
              <labelKey>Tipo campo</labelKey>
              <valoreKey>SUB_STRUT</valoreKey>
            </datoKey>
            <datoKey>
              <colonnaKey>nm_campo</colonnaKey>
              <labelKey>Nome campo</labelKey>
              <valoreKey>SUB_STRUTTURA</valoreKey>
            </datoKey>
          </keyRecord>
          <datoRecord>
            <colonnaDato>nm_sub_strut</colonnaDato>
            <labelDato>Sottostruttura</labelDato>
            <valoreDato>DEFAULT</valoreDato>
          </datoRecord>
          <datoRecord>
            <colonnaDato>nm_attrib_dati_spec</colonnaDato>
            <labelDato>Dato specifico</labelDato>
            <valoreDato>null</valoreDato>
          </datoRecord>
        </child>
      </recordChild>
    </child>
    <child>
      <idRecord>6025</idRecord>
      <keyRecord>
        <datoKey>
          <colonnaKey>nm_tipo_doc</colonnaKey>
          <labelKey>Tipo documento principale</labelKey>
          <valoreKey>ACCONTO/ANTICIPO SU PARCELLA</valoreKey>
        </datoKey>
        <datoKey>
          <colonnaKey>dt_istituz</colonnaKey>
          <labelKey>Data istituzione</labelKey>
          <valoreKey>22/09/2015</valoreKey>
        </datoKey>
      </keyRecord>
      <datoRecord>
        <colonnaDato>dt_soppres</colonnaDato>
        <labelDato>Data soppressione</labelDato>
        <valoreDato>31/12/2444</valoreDato>
      </datoRecord>
      <recordChild>
        <tipoRecord>Campo per partizionamento</tipoRecord>
        <child>
          <idRecord>4665</idRecord>
          <keyRecord>
            <datoKey>
              <colonnaKey>ti_campo</colonnaKey>
              <labelKey>Tipo campo</labelKey>
              <valoreKey>SUB_STRUT</valoreKey>
            </datoKey>
            <datoKey>
              <colonnaKey>nm_campo</colonnaKey>
              <labelKey>Nome campo</labelKey>
              <valoreKey>SUB_STRUTTURA</valoreKey>
            </datoKey>
          </keyRecord>
          <datoRecord>
            <colonnaDato>nm_sub_strut</colonnaDato>
            <labelDato>Sottostruttura</labelDato>
            <valoreDato>DEFAULT</valoreDato>
          </datoRecord>
          <datoRecord>
            <colonnaDato>nm_attrib_dati_spec</colonnaDato>
            <labelDato>Dato specifico</labelDato>
            <valoreDato>null</valoreDato>
          </datoRecord>
        </child>
      </recordChild>
    </child>
    <child>
      <idRecord>2325</idRecord>
      <keyRecord>
        <datoKey>
          <colonnaKey>nm_tipo_doc</colonnaKey>
          <labelKey>Tipo documento principale</labelKey>
          <valoreKey>ALLEGATO GENERICO</valoreKey>
        </datoKey>
        <datoKey>
          <colonnaKey>dt_istituz</colonnaKey>
          <labelKey>Data istituzione</labelKey>
          <valoreKey>12/02/2015</valoreKey>
        </datoKey>
      </keyRecord>
      <datoRecord>
        <colonnaDato>dt_soppres</colonnaDato>
        <labelDato>Data soppressione</labelDato>
        <valoreDato>31/12/2444</valoreDato>
      </datoRecord>
      <recordChild>
        <tipoRecord>Campo per partizionamento</tipoRecord>
        <child>
          <idRecord>968</idRecord>
          <keyRecord>
            <datoKey>
              <colonnaKey>ti_campo</colonnaKey>
              <labelKey>Tipo campo</labelKey>
              <valoreKey>SUB_STRUT</valoreKey>
            </datoKey>
            <datoKey>
              <colonnaKey>nm_campo</colonnaKey>
              <labelKey>Nome campo</labelKey>
              <valoreKey>SUB_STRUTTURA</valoreKey>
            </datoKey>
          </keyRecord>
          <datoRecord>
            <colonnaDato>nm_sub_strut</colonnaDato>
            <labelDato>Sottostruttura</labelDato>
            <valoreDato>DEFAULT</valoreDato>
          </datoRecord>
          <datoRecord>
            <colonnaDato>nm_attrib_dati_spec</colonnaDato>
            <labelDato>Dato specifico</labelDato>
            <valoreDato>null</valoreDato>
          </datoRecord>
        </child>
      </recordChild>
    </child>
    <child>
      <idRecord>10001</idRecord>
      <keyRecord>
        <datoKey>
          <colonnaKey>nm_tipo_doc</colonnaKey>
          <labelKey>Tipo documento principale</labelKey>
          <valoreKey>ALLEGATO GENERICO</valoreKey>
        </datoKey>
        <datoKey>
          <colonnaKey>dt_istituz</colonnaKey>
          <labelKey>Data istituzione</labelKey>
          <valoreKey>09/07/2016</valoreKey>
        </datoKey>
      </keyRecord>
      <datoRecord>
        <colonnaDato>dt_soppres</colonnaDato>
        <labelDato>Data soppressione</labelDato>
        <valoreDato>31/12/2444</valoreDato>
      </datoRecord>
      <recordChild>
        <tipoRecord>Campo per partizionamento</tipoRecord>
      </recordChild>
    </child>
    <child>
      <idRecord>7392</idRecord>
      <keyRecord>
        <datoKey>
          <colonnaKey>nm_tipo_doc</colonnaKey>
          <labelKey>Tipo documento principale</labelKey>
          <valoreKey>ALLEGATO GENERICO</valoreKey>
        </datoKey>
        <datoKey>
          <colonnaKey>dt_istituz</colonnaKey>
          <labelKey>Data istituzione</labelKey>
          <valoreKey>18/02/2016</valoreKey>
        </datoKey>
      </keyRecord>
      <datoRecord>
        <colonnaDato>dt_soppres</colonnaDato>
        <labelDato>Data soppressione</labelDato>
        <valoreDato>31/12/2444</valoreDato>
      </datoRecord>
      <recordChild>
        <tipoRecord>Campo per partizionamento</tipoRecord>
        <child>
          <idRecord>5852</idRecord>
          <keyRecord>
            <datoKey>
              <colonnaKey>ti_campo</colonnaKey>
              <labelKey>Tipo campo</labelKey>
              <valoreKey>SUB_STRUT</valoreKey>
            </datoKey>
            <datoKey>
              <colonnaKey>nm_campo</colonnaKey>
              <labelKey>Nome campo</labelKey>
              <valoreKey>SUB_STRUTTURA</valoreKey>
            </datoKey>
          </keyRecord>
          <datoRecord>
            <colonnaDato>nm_sub_strut</colonnaDato>
            <labelDato>Sottostruttura</labelDato>
            <valoreDato>DEFAULT</valoreDato>
          </datoRecord>
          <datoRecord>
            <colonnaDato>nm_attrib_dati_spec</colonnaDato>
            <labelDato>Dato specifico</labelDato>
            <valoreDato>null</valoreDato>
          </datoRecord>
        </child>
      </recordChild>
    </child>
    <child>
      <idRecord>2328</idRecord>
      <keyRecord>
        <datoKey>
          <colonnaKey>nm_tipo_doc</colonnaKey>
          <labelKey>Tipo documento principale</labelKey>
          <valoreKey>ALLEGATO GENERICO</valoreKey>
        </datoKey>
        <datoKey>
          <colonnaKey>dt_istituz</colonnaKey>
          <labelKey>Data istituzione</labelKey>
          <valoreKey>12/02/2015</valoreKey>
        </datoKey>
      </keyRecord>
      <datoRecord>
        <colonnaDato>dt_soppres</colonnaDato>
        <labelDato>Data soppressione</labelDato>
        <valoreDato>31/12/2444</valoreDato>
      </datoRecord>
      <recordChild>
        <tipoRecord>Campo per partizionamento</tipoRecord>
        <child>
          <idRecord>971</idRecord>
          <keyRecord>
            <datoKey>
              <colonnaKey>ti_campo</colonnaKey>
              <labelKey>Tipo campo</labelKey>
              <valoreKey>SUB_STRUT</valoreKey>
            </datoKey>
            <datoKey>
              <colonnaKey>nm_campo</colonnaKey>
              <labelKey>Nome campo</labelKey>
              <valoreKey>SUB_STRUTTURA</valoreKey>
            </datoKey>
          </keyRecord>
          <datoRecord>
            <colonnaDato>nm_sub_strut</colonnaDato>
            <labelDato>Sottostruttura</labelDato>
            <valoreDato>DEFAULT</valoreDato>
          </datoRecord>
          <datoRecord>
            <colonnaDato>nm_attrib_dati_spec</colonnaDato>
            <labelDato>Dato specifico</labelDato>
            <valoreDato>null</valoreDato>
          </datoRecord>
        </child>
      </recordChild>
    </child>
    <child>
      <idRecord>2326</idRecord>
      <keyRecord>
        <datoKey>
          <colonnaKey>nm_tipo_doc</colonnaKey>
          <labelKey>Tipo documento principale</labelKey>
          <valoreKey>ALLEGATO GENERICO</valoreKey>
        </datoKey>
        <datoKey>
          <colonnaKey>dt_istituz</colonnaKey>
          <labelKey>Data istituzione</labelKey>
          <valoreKey>12/02/2015</valoreKey>
        </datoKey>
      </keyRecord>
      <datoRecord>
        <colonnaDato>dt_soppres</colonnaDato>
        <labelDato>Data soppressione</labelDato>
        <valoreDato>31/12/2444</valoreDato>
      </datoRecord>
      <recordChild>
        <tipoRecord>Campo per partizionamento</tipoRecord>
        <child>
          <idRecord>969</idRecord>
          <keyRecord>
            <datoKey>
              <colonnaKey>ti_campo</colonnaKey>
              <labelKey>Tipo campo</labelKey>
              <valoreKey>SUB_STRUT</valoreKey>
            </datoKey>
            <datoKey>
              <colonnaKey>nm_campo</colonnaKey>
              <labelKey>Nome campo</labelKey>
              <valoreKey>SUB_STRUTTURA</valoreKey>
            </datoKey>
          </keyRecord>
          <datoRecord>
            <colonnaDato>nm_sub_strut</colonnaDato>
            <labelDato>Sottostruttura</labelDato>
            <valoreDato>DEFAULT</valoreDato>
          </datoRecord>
          <datoRecord>
            <colonnaDato>nm_attrib_dati_spec</colonnaDato>
            <labelDato>Dato specifico</labelDato>
            <valoreDato>null</valoreDato>
          </datoRecord>
        </child>
      </recordChild>
    </child>
    <child>
      <idRecord>926</idRecord>
      <keyRecord>
        <datoKey>
          <colonnaKey>nm_tipo_doc</colonnaKey>
          <labelKey>Tipo documento principale</labelKey>
          <valoreKey>ANNULLO_MANDATO</valoreKey>
        </datoKey>
        <datoKey>
          <colonnaKey>dt_istituz</colonnaKey>
          <labelKey>Data istituzione</labelKey>
          <valoreKey>19/01/2015</valoreKey>
        </datoKey>
      </keyRecord>
      <datoRecord>
        <colonnaDato>dt_soppres</colonnaDato>
        <labelDato>Data soppressione</labelDato>
        <valoreDato>31/12/2444</valoreDato>
      </datoRecord>
      <recordChild>
        <tipoRecord>Campo per partizionamento</tipoRecord>
        <child>
          <idRecord>606</idRecord>
          <keyRecord>
            <datoKey>
              <colonnaKey>ti_campo</colonnaKey>
              <labelKey>Tipo campo</labelKey>
              <valoreKey>SUB_STRUT</valoreKey>
            </datoKey>
            <datoKey>
              <colonnaKey>nm_campo</colonnaKey>
              <labelKey>Nome campo</labelKey>
              <valoreKey>SUB_STRUTTURA</valoreKey>
            </datoKey>
          </keyRecord>
          <datoRecord>
            <colonnaDato>nm_sub_strut</colonnaDato>
            <labelDato>Sottostruttura</labelDato>
            <valoreDato>DEFAULT</valoreDato>
          </datoRecord>
          <datoRecord>
            <colonnaDato>nm_attrib_dati_spec</colonnaDato>
            <labelDato>Dato specifico</labelDato>
            <valoreDato>null</valoreDato>
          </datoRecord>
        </child>
      </recordChild>
    </child>
    <child>
      <idRecord>1936</idRecord>
      <keyRecord>
        <datoKey>
          <colonnaKey>nm_tipo_doc</colonnaKey>
          <labelKey>Tipo documento principale</labelKey>
          <valoreKey>ANNULLO_MANDATO</valoreKey>
        </datoKey>
        <datoKey>
          <colonnaKey>dt_istituz</colonnaKey>
          <labelKey>Data istituzione</labelKey>
          <valoreKey>12/02/2015</valoreKey>
        </datoKey>
      </keyRecord>
      <datoRecord>
        <colonnaDato>dt_soppres</colonnaDato>
        <labelDato>Data soppressione</labelDato>
        <valoreDato>31/12/2444</valoreDato>
      </datoRecord>
      <recordChild>
        <tipoRecord>Campo per partizionamento</tipoRecord>
        <child>
          <idRecord>1247</idRecord>
          <keyRecord>
            <datoKey>
              <colonnaKey>ti_campo</colonnaKey>
              <labelKey>Tipo campo</labelKey>
              <valoreKey>SUB_STRUT</valoreKey>
            </datoKey>
            <datoKey>
              <colonnaKey>nm_campo</colonnaKey>
              <labelKey>Nome campo</labelKey>
              <valoreKey>SUB_STRUTTURA</valoreKey>
            </datoKey>
          </keyRecord>
          <datoRecord>
            <colonnaDato>nm_sub_strut</colonnaDato>
            <labelDato>Sottostruttura</labelDato>
            <valoreDato>DEFAULT</valoreDato>
          </datoRecord>
          <datoRecord>
            <colonnaDato>nm_attrib_dati_spec</colonnaDato>
            <labelDato>Dato specifico</labelDato>
            <valoreDato>null</valoreDato>
          </datoRecord>
        </child>
      </recordChild>
    </child>
    <child>
      <idRecord>1935</idRecord>
      <keyRecord>
        <datoKey>
          <colonnaKey>nm_tipo_doc</colonnaKey>
          <labelKey>Tipo documento principale</labelKey>
          <valoreKey>ANNULLO_MANDATO</valoreKey>
        </datoKey>
        <datoKey>
          <colonnaKey>dt_istituz</colonnaKey>
          <labelKey>Data istituzione</labelKey>
          <valoreKey>12/02/2015</valoreKey>
        </datoKey>
      </keyRecord>
      <datoRecord>
        <colonnaDato>dt_soppres</colonnaDato>
        <labelDato>Data soppressione</labelDato>
        <valoreDato>31/12/2444</valoreDato>
      </datoRecord>
      <recordChild>
        <tipoRecord>Campo per partizionamento</tipoRecord>
        <child>
          <idRecord>1246</idRecord>
          <keyRecord>
            <datoKey>
              <colonnaKey>ti_campo</colonnaKey>
              <labelKey>Tipo campo</labelKey>
              <valoreKey>SUB_STRUT</valoreKey>
            </datoKey>
            <datoKey>
              <colonnaKey>nm_campo</colonnaKey>
              <labelKey>Nome campo</labelKey>
              <valoreKey>SUB_STRUTTURA</valoreKey>
            </datoKey>
          </keyRecord>
          <datoRecord>
            <colonnaDato>nm_sub_strut</colonnaDato>
            <labelDato>Sottostruttura</labelDato>
            <valoreDato>DEFAULT</valoreDato>
          </datoRecord>
          <datoRecord>
            <colonnaDato>nm_attrib_dati_spec</colonnaDato>
            <labelDato>Dato specifico</labelDato>
            <valoreDato>null</valoreDato>
          </datoRecord>
        </child>
      </recordChild>
    </child>
    <child>
      <idRecord>1934</idRecord>
      <keyRecord>
        <datoKey>
          <colonnaKey>nm_tipo_doc</colonnaKey>
          <labelKey>Tipo documento principale</labelKey>
          <valoreKey>ANNULLO_MANDATO</valoreKey>
        </datoKey>
        <datoKey>
          <colonnaKey>dt_istituz</colonnaKey>
          <labelKey>Data istituzione</labelKey>
          <valoreKey>12/02/2015</valoreKey>
        </datoKey>
      </keyRecord>
      <datoRecord>
        <colonnaDato>dt_soppres</colonnaDato>
        <labelDato>Data soppressione</labelDato>
        <valoreDato>31/12/2444</valoreDato>
      </datoRecord>
      <recordChild>
        <tipoRecord>Campo per partizionamento</tipoRecord>
        <child>
          <idRecord>1245</idRecord>
          <keyRecord>
            <datoKey>
              <colonnaKey>ti_campo</colonnaKey>
              <labelKey>Tipo campo</labelKey>
              <valoreKey>SUB_STRUT</valoreKey>
            </datoKey>
            <datoKey>
              <colonnaKey>nm_campo</colonnaKey>
              <labelKey>Nome campo</labelKey>
              <valoreKey>SUB_STRUTTURA</valoreKey>
            </datoKey>
          </keyRecord>
          <datoRecord>
            <colonnaDato>nm_sub_strut</colonnaDato>
            <labelDato>Sottostruttura</labelDato>
            <valoreDato>DEFAULT</valoreDato>
          </datoRecord>
          <datoRecord>
            <colonnaDato>nm_attrib_dati_spec</colonnaDato>
            <labelDato>Dato specifico</labelDato>
            <valoreDato>null</valoreDato>
          </datoRecord>
        </child>
      </recordChild>
    </child>
    <child>
      <idRecord>485</idRecord>
      <keyRecord>
        <datoKey>
          <colonnaKey>nm_tipo_doc</colonnaKey>
          <labelKey>Tipo documento principale</labelKey>
          <valoreKey>ANNULLO_MANDATO</valoreKey>
        </datoKey>
        <datoKey>
          <colonnaKey>dt_istituz</colonnaKey>
          <labelKey>Data istituzione</labelKey>
          <valoreKey>10/11/2014</valoreKey>
        </datoKey>
      </keyRecord>
      <datoRecord>
        <colonnaDato>dt_soppres</colonnaDato>
        <labelDato>Data soppressione</labelDato>
        <valoreDato>31/12/2444</valoreDato>
      </datoRecord>
      <recordChild>
        <tipoRecord>Campo per partizionamento</tipoRecord>
        <child>
          <idRecord>229</idRecord>
          <keyRecord>
            <datoKey>
              <colonnaKey>ti_campo</colonnaKey>
              <labelKey>Tipo campo</labelKey>
              <valoreKey>SUB_STRUT</valoreKey>
            </datoKey>
            <datoKey>
              <colonnaKey>nm_campo</colonnaKey>
              <labelKey>Nome campo</labelKey>
              <valoreKey>SUB_STRUTTURA</valoreKey>
            </datoKey>
          </keyRecord>
          <datoRecord>
            <colonnaDato>nm_sub_strut</colonnaDato>
            <labelDato>Sottostruttura</labelDato>
            <valoreDato>DEFAULT</valoreDato>
          </datoRecord>
          <datoRecord>
            <colonnaDato>nm_attrib_dati_spec</colonnaDato>
            <labelDato>Dato specifico</labelDato>
            <valoreDato>null</valoreDato>
          </datoRecord>
        </child>
      </recordChild>
    </child>
    <child>
      <idRecord>2087</idRecord>
      <keyRecord>
        <datoKey>
          <colonnaKey>nm_tipo_doc</colonnaKey>
          <labelKey>Tipo documento principale</labelKey>
          <valoreKey>ANNULLO_MANDATO</valoreKey>
        </datoKey>
        <datoKey>
          <colonnaKey>dt_istituz</colonnaKey>
          <labelKey>Data istituzione</labelKey>
          <valoreKey>12/02/2015</valoreKey>
        </datoKey>
      </keyRecord>
      <datoRecord>
        <colonnaDato>dt_soppres</colonnaDato>
        <labelDato>Data soppressione</labelDato>
        <valoreDato>31/12/2444</valoreDato>
      </datoRecord>
      <recordChild>
        <tipoRecord>Campo per partizionamento</tipoRecord>
        <child>
          <idRecord>730</idRecord>
          <keyRecord>
            <datoKey>
              <colonnaKey>ti_campo</colonnaKey>
              <labelKey>Tipo campo</labelKey>
              <valoreKey>SUB_STRUT</valoreKey>
            </datoKey>
            <datoKey>
              <colonnaKey>nm_campo</colonnaKey>
              <labelKey>Nome campo</labelKey>
              <valoreKey>SUB_STRUTTURA</valoreKey>
            </datoKey>
          </keyRecord>
          <datoRecord>
            <colonnaDato>nm_sub_strut</colonnaDato>
            <labelDato>Sottostruttura</labelDato>
            <valoreDato>DEFAULT</valoreDato>
          </datoRecord>
          <datoRecord>
            <colonnaDato>nm_attrib_dati_spec</colonnaDato>
            <labelDato>Dato specifico</labelDato>
            <valoreDato>null</valoreDato>
          </datoRecord>
        </child>
      </recordChild>
    </child>
    <child>
      <idRecord>2086</idRecord>
      <keyRecord>
        <datoKey>
          <colonnaKey>nm_tipo_doc</colonnaKey>
          <labelKey>Tipo documento principale</labelKey>
          <valoreKey>ANNULLO_MANDATO</valoreKey>
        </datoKey>
        <datoKey>
          <colonnaKey>dt_istituz</colonnaKey>
          <labelKey>Data istituzione</labelKey>
          <valoreKey>12/02/2015</valoreKey>
        </datoKey>
      </keyRecord>
      <datoRecord>
        <colonnaDato>dt_soppres</colonnaDato>
        <labelDato>Data soppressione</labelDato>
        <valoreDato>31/12/2444</valoreDato>
      </datoRecord>
      <recordChild>
        <tipoRecord>Campo per partizionamento</tipoRecord>
        <child>
          <idRecord>729</idRecord>
          <keyRecord>
            <datoKey>
              <colonnaKey>ti_campo</colonnaKey>
              <labelKey>Tipo campo</labelKey>
              <valoreKey>SUB_STRUT</valoreKey>
            </datoKey>
            <datoKey>
              <colonnaKey>nm_campo</colonnaKey>
              <labelKey>Nome campo</labelKey>
              <valoreKey>SUB_STRUTTURA</valoreKey>
            </datoKey>
          </keyRecord>
          <datoRecord>
            <colonnaDato>nm_sub_strut</colonnaDato>
            <labelDato>Sottostruttura</labelDato>
            <valoreDato>DEFAULT</valoreDato>
          </datoRecord>
          <datoRecord>
            <colonnaDato>nm_attrib_dati_spec</colonnaDato>
            <labelDato>Dato specifico</labelDato>
            <valoreDato>null</valoreDato>
          </datoRecord>
        </child>
      </recordChild>
    </child>
    <child>
      <idRecord>2085</idRecord>
      <keyRecord>
        <datoKey>
          <colonnaKey>nm_tipo_doc</colonnaKey>
          <labelKey>Tipo documento principale</labelKey>
          <valoreKey>ANNULLO_MANDATO</valoreKey>
        </datoKey>
        <datoKey>
          <colonnaKey>dt_istituz</colonnaKey>
          <labelKey>Data istituzione</labelKey>
          <valoreKey>12/02/2015</valoreKey>
        </datoKey>
      </keyRecord>
      <datoRecord>
        <colonnaDato>dt_soppres</colonnaDato>
        <labelDato>Data soppressione</labelDato>
        <valoreDato>31/12/2444</valoreDato>
      </datoRecord>
      <recordChild>
        <tipoRecord>Campo per partizionamento</tipoRecord>
        <child>
          <idRecord>728</idRecord>
          <keyRecord>
            <datoKey>
              <colonnaKey>ti_campo</colonnaKey>
              <labelKey>Tipo campo</labelKey>
              <valoreKey>SUB_STRUT</valoreKey>
            </datoKey>
            <datoKey>
              <colonnaKey>nm_campo</colonnaKey>
              <labelKey>Nome campo</labelKey>
              <valoreKey>SUB_STRUTTURA</valoreKey>
            </datoKey>
          </keyRecord>
          <datoRecord>
            <colonnaDato>nm_sub_strut</colonnaDato>
            <labelDato>Sottostruttura</labelDato>
            <valoreDato>DEFAULT</valoreDato>
          </datoRecord>
          <datoRecord>
            <colonnaDato>nm_attrib_dati_spec</colonnaDato>
            <labelDato>Dato specifico</labelDato>
            <valoreDato>null</valoreDato>
          </datoRecord>
        </child>
      </recordChild>
    </child>
    <child>
      <idRecord>2084</idRecord>
      <keyRecord>
        <datoKey>
          <colonnaKey>nm_tipo_doc</colonnaKey>
          <labelKey>Tipo documento principale</labelKey>
          <valoreKey>ANNULLO_MANDATO</valoreKey>
        </datoKey>
        <datoKey>
          <colonnaKey>dt_istituz</colonnaKey>
          <labelKey>Data istituzione</labelKey>
          <valoreKey>12/02/2015</valoreKey>
        </datoKey>
      </keyRecord>
      <datoRecord>
        <colonnaDato>dt_soppres</colonnaDato>
        <labelDato>Data soppressione</labelDato>
        <valoreDato>31/12/2444</valoreDato>
      </datoRecord>
      <recordChild>
        <tipoRecord>Campo per partizionamento</tipoRecord>
        <child>
          <idRecord>727</idRecord>
          <keyRecord>
            <datoKey>
              <colonnaKey>ti_campo</colonnaKey>
              <labelKey>Tipo campo</labelKey>
              <valoreKey>SUB_STRUT</valoreKey>
            </datoKey>
            <datoKey>
              <colonnaKey>nm_campo</colonnaKey>
              <labelKey>Nome campo</labelKey>
              <valoreKey>SUB_STRUTTURA</valoreKey>
            </datoKey>
          </keyRecord>
          <datoRecord>
            <colonnaDato>nm_sub_strut</colonnaDato>
            <labelDato>Sottostruttura</labelDato>
            <valoreDato>DEFAULT</valoreDato>
          </datoRecord>
          <datoRecord>
            <colonnaDato>nm_attrib_dati_spec</colonnaDato>
            <labelDato>Dato specifico</labelDato>
            <valoreDato>null</valoreDato>
          </datoRecord>
        </child>
      </recordChild>
    </child>
    <child>
      <idRecord>2083</idRecord>
      <keyRecord>
        <datoKey>
          <colonnaKey>nm_tipo_doc</colonnaKey>
          <labelKey>Tipo documento principale</labelKey>
          <valoreKey>ANNULLO_MANDATO</valoreKey>
        </datoKey>
        <datoKey>
          <colonnaKey>dt_istituz</colonnaKey>
          <labelKey>Data istituzione</labelKey>
          <valoreKey>12/02/2015</valoreKey>
        </datoKey>
      </keyRecord>
      <datoRecord>
        <colonnaDato>dt_soppres</colonnaDato>
        <labelDato>Data soppressione</labelDato>
        <valoreDato>31/12/2444</valoreDato>
      </datoRecord>
      <recordChild>
        <tipoRecord>Campo per partizionamento</tipoRecord>
        <child>
          <idRecord>726</idRecord>
          <keyRecord>
            <datoKey>
              <colonnaKey>ti_campo</colonnaKey>
              <labelKey>Tipo campo</labelKey>
              <valoreKey>SUB_STRUT</valoreKey>
            </datoKey>
            <datoKey>
              <colonnaKey>nm_campo</colonnaKey>
              <labelKey>Nome campo</labelKey>
              <valoreKey>SUB_STRUTTURA</valoreKey>
            </datoKey>
          </keyRecord>
          <datoRecord>
            <colonnaDato>nm_sub_strut</colonnaDato>
            <labelDato>Sottostruttura</labelDato>
            <valoreDato>DEFAULT</valoreDato>
          </datoRecord>
          <datoRecord>
            <colonnaDato>nm_attrib_dati_spec</colonnaDato>
            <labelDato>Dato specifico</labelDato>
            <valoreDato>null</valoreDato>
          </datoRecord>
        </child>
      </recordChild>
    </child>
    <child>
      <idRecord>2082</idRecord>
      <keyRecord>
        <datoKey>
          <colonnaKey>nm_tipo_doc</colonnaKey>
          <labelKey>Tipo documento principale</labelKey>
          <valoreKey>ANNULLO_MANDATO</valoreKey>
        </datoKey>
        <datoKey>
          <colonnaKey>dt_istituz</colonnaKey>
          <labelKey>Data istituzione</labelKey>
          <valoreKey>12/02/2015</valoreKey>
        </datoKey>
      </keyRecord>
      <datoRecord>
        <colonnaDato>dt_soppres</colonnaDato>
        <labelDato>Data soppressione</labelDato>
        <valoreDato>31/12/2444</valoreDato>
      </datoRecord>
      <recordChild>
        <tipoRecord>Campo per partizionamento</tipoRecord>
        <child>
          <idRecord>725</idRecord>
          <keyRecord>
            <datoKey>
              <colonnaKey>ti_campo</colonnaKey>
              <labelKey>Tipo campo</labelKey>
              <valoreKey>SUB_STRUT</valoreKey>
            </datoKey>
            <datoKey>
              <colonnaKey>nm_campo</colonnaKey>
              <labelKey>Nome campo</labelKey>
              <valoreKey>SUB_STRUTTURA</valoreKey>
            </datoKey>
          </keyRecord>
          <datoRecord>
            <colonnaDato>nm_sub_strut</colonnaDato>
            <labelDato>Sottostruttura</labelDato>
            <valoreDato>DEFAULT</valoreDato>
          </datoRecord>
          <datoRecord>
            <colonnaDato>nm_attrib_dati_spec</colonnaDato>
            <labelDato>Dato specifico</labelDato>
            <valoreDato>null</valoreDato>
          </datoRecord>
        </child>
      </recordChild>
    </child>
    <child>
      <idRecord>2081</idRecord>
      <keyRecord>
        <datoKey>
          <colonnaKey>nm_tipo_doc</colonnaKey>
          <labelKey>Tipo documento principale</labelKey>
          <valoreKey>ANNULLO_MANDATO</valoreKey>
        </datoKey>
        <datoKey>
          <colonnaKey>dt_istituz</colonnaKey>
          <labelKey>Data istituzione</labelKey>
          <valoreKey>12/02/2015</valoreKey>
        </datoKey>
      </keyRecord>
      <datoRecord>
        <colonnaDato>dt_soppres</colonnaDato>
        <labelDato>Data soppressione</labelDato>
        <valoreDato>31/12/2444</valoreDato>
      </datoRecord>
      <recordChild>
        <tipoRecord>Campo per partizionamento</tipoRecord>
        <child>
          <idRecord>724</idRecord>
          <keyRecord>
            <datoKey>
              <colonnaKey>ti_campo</colonnaKey>
              <labelKey>Tipo campo</labelKey>
              <valoreKey>SUB_STRUT</valoreKey>
            </datoKey>
            <datoKey>
              <colonnaKey>nm_campo</colonnaKey>
              <labelKey>Nome campo</labelKey>
              <valoreKey>SUB_STRUTTURA</valoreKey>
            </datoKey>
          </keyRecord>
          <datoRecord>
            <colonnaDato>nm_sub_strut</colonnaDato>
            <labelDato>Sottostruttura</labelDato>
            <valoreDato>DEFAULT</valoreDato>
          </datoRecord>
          <datoRecord>
            <colonnaDato>nm_attrib_dati_spec</colonnaDato>
            <labelDato>Dato specifico</labelDato>
            <valoreDato>null</valoreDato>
          </datoRecord>
        </child>
      </recordChild>
    </child>
    <child>
      <idRecord>2080</idRecord>
      <keyRecord>
        <datoKey>
          <colonnaKey>nm_tipo_doc</colonnaKey>
          <labelKey>Tipo documento principale</labelKey>
          <valoreKey>ANNULLO_MANDATO</valoreKey>
        </datoKey>
        <datoKey>
          <colonnaKey>dt_istituz</colonnaKey>
          <labelKey>Data istituzione</labelKey>
          <valoreKey>12/02/2015</valoreKey>
        </datoKey>
      </keyRecord>
      <datoRecord>
        <colonnaDato>dt_soppres</colonnaDato>
        <labelDato>Data soppressione</labelDato>
        <valoreDato>31/12/2444</valoreDato>
      </datoRecord>
      <recordChild>
        <tipoRecord>Campo per partizionamento</tipoRecord>
        <child>
          <idRecord>723</idRecord>
          <keyRecord>
            <datoKey>
              <colonnaKey>ti_campo</colonnaKey>
              <labelKey>Tipo campo</labelKey>
              <valoreKey>SUB_STRUT</valoreKey>
            </datoKey>
            <datoKey>
              <colonnaKey>nm_campo</colonnaKey>
              <labelKey>Nome campo</labelKey>
              <valoreKey>SUB_STRUTTURA</valoreKey>
            </datoKey>
          </keyRecord>
          <datoRecord>
            <colonnaDato>nm_sub_strut</colonnaDato>
            <labelDato>Sottostruttura</labelDato>
            <valoreDato>DEFAULT</valoreDato>
          </datoRecord>
          <datoRecord>
            <colonnaDato>nm_attrib_dati_spec</colonnaDato>
            <labelDato>Dato specifico</labelDato>
            <valoreDato>null</valoreDato>
          </datoRecord>
        </child>
      </recordChild>
    </child>
    <child>
      <idRecord>2079</idRecord>
      <keyRecord>
        <datoKey>
          <colonnaKey>nm_tipo_doc</colonnaKey>
          <labelKey>Tipo documento principale</labelKey>
          <valoreKey>ANNULLO_MANDATO</valoreKey>
        </datoKey>
        <datoKey>
          <colonnaKey>dt_istituz</colonnaKey>
          <labelKey>Data istituzione</labelKey>
          <valoreKey>12/02/2015</valoreKey>
        </datoKey>
      </keyRecord>
      <datoRecord>
        <colonnaDato>dt_soppres</colonnaDato>
        <labelDato>Data soppressione</labelDato>
        <valoreDato>31/12/2444</valoreDato>
      </datoRecord>
      <recordChild>
        <tipoRecord>Campo per partizionamento</tipoRecord>
        <child>
          <idRecord>722</idRecord>
          <keyRecord>
            <datoKey>
              <colonnaKey>ti_campo</colonnaKey>
              <labelKey>Tipo campo</labelKey>
              <valoreKey>SUB_STRUT</valoreKey>
            </datoKey>
            <datoKey>
              <colonnaKey>nm_campo</colonnaKey>
              <labelKey>Nome campo</labelKey>
              <valoreKey>SUB_STRUTTURA</valoreKey>
            </datoKey>
          </keyRecord>
          <datoRecord>
            <colonnaDato>nm_sub_strut</colonnaDato>
            <labelDato>Sottostruttura</labelDato>
            <valoreDato>DEFAULT</valoreDato>
          </datoRecord>
          <datoRecord>
            <colonnaDato>nm_attrib_dati_spec</colonnaDato>
            <labelDato>Dato specifico</labelDato>
            <valoreDato>null</valoreDato>
          </datoRecord>
        </child>
      </recordChild>
    </child>
    <child>
      <idRecord>2078</idRecord>
      <keyRecord>
        <datoKey>
          <colonnaKey>nm_tipo_doc</colonnaKey>
          <labelKey>Tipo documento principale</labelKey>
          <valoreKey>ANNULLO_MANDATO</valoreKey>
        </datoKey>
        <datoKey>
          <colonnaKey>dt_istituz</colonnaKey>
          <labelKey>Data istituzione</labelKey>
          <valoreKey>12/02/2015</valoreKey>
        </datoKey>
      </keyRecord>
      <datoRecord>
        <colonnaDato>dt_soppres</colonnaDato>
        <labelDato>Data soppressione</labelDato>
        <valoreDato>31/12/2444</valoreDato>
      </datoRecord>
      <recordChild>
        <tipoRecord>Campo per partizionamento</tipoRecord>
        <child>
          <idRecord>721</idRecord>
          <keyRecord>
            <datoKey>
              <colonnaKey>ti_campo</colonnaKey>
              <labelKey>Tipo campo</labelKey>
              <valoreKey>SUB_STRUT</valoreKey>
            </datoKey>
            <datoKey>
              <colonnaKey>nm_campo</colonnaKey>
              <labelKey>Nome campo</labelKey>
              <valoreKey>SUB_STRUTTURA</valoreKey>
            </datoKey>
          </keyRecord>
          <datoRecord>
            <colonnaDato>nm_sub_strut</colonnaDato>
            <labelDato>Sottostruttura</labelDato>
            <valoreDato>DEFAULT</valoreDato>
          </datoRecord>
          <datoRecord>
            <colonnaDato>nm_attrib_dati_spec</colonnaDato>
            <labelDato>Dato specifico</labelDato>
            <valoreDato>null</valoreDato>
          </datoRecord>
        </child>
      </recordChild>
    </child>
    <child>
      <idRecord>2077</idRecord>
      <keyRecord>
        <datoKey>
          <colonnaKey>nm_tipo_doc</colonnaKey>
          <labelKey>Tipo documento principale</labelKey>
          <valoreKey>ANNULLO_MANDATO</valoreKey>
        </datoKey>
        <datoKey>
          <colonnaKey>dt_istituz</colonnaKey>
          <labelKey>Data istituzione</labelKey>
          <valoreKey>12/02/2015</valoreKey>
        </datoKey>
      </keyRecord>
      <datoRecord>
        <colonnaDato>dt_soppres</colonnaDato>
        <labelDato>Data soppressione</labelDato>
        <valoreDato>31/12/2444</valoreDato>
      </datoRecord>
      <recordChild>
        <tipoRecord>Campo per partizionamento</tipoRecord>
        <child>
          <idRecord>720</idRecord>
          <keyRecord>
            <datoKey>
              <colonnaKey>ti_campo</colonnaKey>
              <labelKey>Tipo campo</labelKey>
              <valoreKey>SUB_STRUT</valoreKey>
            </datoKey>
            <datoKey>
              <colonnaKey>nm_campo</colonnaKey>
              <labelKey>Nome campo</labelKey>
              <valoreKey>SUB_STRUTTURA</valoreKey>
            </datoKey>
          </keyRecord>
          <datoRecord>
            <colonnaDato>nm_sub_strut</colonnaDato>
            <labelDato>Sottostruttura</labelDato>
            <valoreDato>DEFAULT</valoreDato>
          </datoRecord>
          <datoRecord>
            <colonnaDato>nm_attrib_dati_spec</colonnaDato>
            <labelDato>Dato specifico</labelDato>
            <valoreDato>null</valoreDato>
          </datoRecord>
        </child>
      </recordChild>
    </child>
    <child>
      <idRecord>2076</idRecord>
      <keyRecord>
        <datoKey>
          <colonnaKey>nm_tipo_doc</colonnaKey>
          <labelKey>Tipo documento principale</labelKey>
          <valoreKey>ANNULLO_MANDATO</valoreKey>
        </datoKey>
        <datoKey>
          <colonnaKey>dt_istituz</colonnaKey>
          <labelKey>Data istituzione</labelKey>
          <valoreKey>12/02/2015</valoreKey>
        </datoKey>
      </keyRecord>
      <datoRecord>
        <colonnaDato>dt_soppres</colonnaDato>
        <labelDato>Data soppressione</labelDato>
        <valoreDato>31/12/2444</valoreDato>
      </datoRecord>
      <recordChild>
        <tipoRecord>Campo per partizionamento</tipoRecord>
        <child>
          <idRecord>719</idRecord>
          <keyRecord>
            <datoKey>
              <colonnaKey>ti_campo</colonnaKey>
              <labelKey>Tipo campo</labelKey>
              <valoreKey>SUB_STRUT</valoreKey>
            </datoKey>
            <datoKey>
              <colonnaKey>nm_campo</colonnaKey>
              <labelKey>Nome campo</labelKey>
              <valoreKey>SUB_STRUTTURA</valoreKey>
            </datoKey>
          </keyRecord>
          <datoRecord>
            <colonnaDato>nm_sub_strut</colonnaDato>
            <labelDato>Sottostruttura</labelDato>
            <valoreDato>DEFAULT</valoreDato>
          </datoRecord>
          <datoRecord>
            <colonnaDato>nm_attrib_dati_spec</colonnaDato>
            <labelDato>Dato specifico</labelDato>
            <valoreDato>null</valoreDato>
          </datoRecord>
        </child>
      </recordChild>
    </child>
    <child>
      <idRecord>2075</idRecord>
      <keyRecord>
        <datoKey>
          <colonnaKey>nm_tipo_doc</colonnaKey>
          <labelKey>Tipo documento principale</labelKey>
          <valoreKey>ANNULLO_MANDATO</valoreKey>
        </datoKey>
        <datoKey>
          <colonnaKey>dt_istituz</colonnaKey>
          <labelKey>Data istituzione</labelKey>
          <valoreKey>12/02/2015</valoreKey>
        </datoKey>
      </keyRecord>
      <datoRecord>
        <colonnaDato>dt_soppres</colonnaDato>
        <labelDato>Data soppressione</labelDato>
        <valoreDato>31/12/2444</valoreDato>
      </datoRecord>
      <recordChild>
        <tipoRecord>Campo per partizionamento</tipoRecord>
        <child>
          <idRecord>718</idRecord>
          <keyRecord>
            <datoKey>
              <colonnaKey>ti_campo</colonnaKey>
              <labelKey>Tipo campo</labelKey>
              <valoreKey>SUB_STRUT</valoreKey>
            </datoKey>
            <datoKey>
              <colonnaKey>nm_campo</colonnaKey>
              <labelKey>Nome campo</labelKey>
              <valoreKey>SUB_STRUTTURA</valoreKey>
            </datoKey>
          </keyRecord>
          <datoRecord>
            <colonnaDato>nm_sub_strut</colonnaDato>
            <labelDato>Sottostruttura</labelDato>
            <valoreDato>DEFAULT</valoreDato>
          </datoRecord>
          <datoRecord>
            <colonnaDato>nm_attrib_dati_spec</colonnaDato>
            <labelDato>Dato specifico</labelDato>
            <valoreDato>null</valoreDato>
          </datoRecord>
        </child>
      </recordChild>
    </child>
    <child>
      <idRecord>2074</idRecord>
      <keyRecord>
        <datoKey>
          <colonnaKey>nm_tipo_doc</colonnaKey>
          <labelKey>Tipo documento principale</labelKey>
          <valoreKey>ANNULLO_MANDATO</valoreKey>
        </datoKey>
        <datoKey>
          <colonnaKey>dt_istituz</colonnaKey>
          <labelKey>Data istituzione</labelKey>
          <valoreKey>12/02/2015</valoreKey>
        </datoKey>
      </keyRecord>
      <datoRecord>
        <colonnaDato>dt_soppres</colonnaDato>
        <labelDato>Data soppressione</labelDato>
        <valoreDato>31/12/2444</valoreDato>
      </datoRecord>
      <recordChild>
        <tipoRecord>Campo per partizionamento</tipoRecord>
        <child>
          <idRecord>717</idRecord>
          <keyRecord>
            <datoKey>
              <colonnaKey>ti_campo</colonnaKey>
              <labelKey>Tipo campo</labelKey>
              <valoreKey>SUB_STRUT</valoreKey>
            </datoKey>
            <datoKey>
              <colonnaKey>nm_campo</colonnaKey>
              <labelKey>Nome campo</labelKey>
              <valoreKey>SUB_STRUTTURA</valoreKey>
            </datoKey>
          </keyRecord>
          <datoRecord>
            <colonnaDato>nm_sub_strut</colonnaDato>
            <labelDato>Sottostruttura</labelDato>
            <valoreDato>DEFAULT</valoreDato>
          </datoRecord>
          <datoRecord>
            <colonnaDato>nm_attrib_dati_spec</colonnaDato>
            <labelDato>Dato specifico</labelDato>
            <valoreDato>null</valoreDato>
          </datoRecord>
        </child>
      </recordChild>
    </child>
    <child>
      <idRecord>927</idRecord>
      <keyRecord>
        <datoKey>
          <colonnaKey>nm_tipo_doc</colonnaKey>
          <labelKey>Tipo documento principale</labelKey>
          <valoreKey>ANNULLO_REVERSALE</valoreKey>
        </datoKey>
        <datoKey>
          <colonnaKey>dt_istituz</colonnaKey>
          <labelKey>Data istituzione</labelKey>
          <valoreKey>19/01/2015</valoreKey>
        </datoKey>
      </keyRecord>
      <datoRecord>
        <colonnaDato>dt_soppres</colonnaDato>
        <labelDato>Data soppressione</labelDato>
        <valoreDato>31/12/2444</valoreDato>
      </datoRecord>
      <recordChild>
        <tipoRecord>Campo per partizionamento</tipoRecord>
        <child>
          <idRecord>607</idRecord>
          <keyRecord>
            <datoKey>
              <colonnaKey>ti_campo</colonnaKey>
              <labelKey>Tipo campo</labelKey>
              <valoreKey>SUB_STRUT</valoreKey>
            </datoKey>
            <datoKey>
              <colonnaKey>nm_campo</colonnaKey>
              <labelKey>Nome campo</labelKey>
              <valoreKey>SUB_STRUTTURA</valoreKey>
            </datoKey>
          </keyRecord>
          <datoRecord>
            <colonnaDato>nm_sub_strut</colonnaDato>
            <labelDato>Sottostruttura</labelDato>
            <valoreDato>DEFAULT</valoreDato>
          </datoRecord>
          <datoRecord>
            <colonnaDato>nm_attrib_dati_spec</colonnaDato>
            <labelDato>Dato specifico</labelDato>
            <valoreDato>null</valoreDato>
          </datoRecord>
        </child>
      </recordChild>
    </child>
    <child>
      <idRecord>1939</idRecord>
      <keyRecord>
        <datoKey>
          <colonnaKey>nm_tipo_doc</colonnaKey>
          <labelKey>Tipo documento principale</labelKey>
          <valoreKey>ANNULLO_REVERSALE</valoreKey>
        </datoKey>
        <datoKey>
          <colonnaKey>dt_istituz</colonnaKey>
          <labelKey>Data istituzione</labelKey>
          <valoreKey>12/02/2015</valoreKey>
        </datoKey>
      </keyRecord>
      <datoRecord>
        <colonnaDato>dt_soppres</colonnaDato>
        <labelDato>Data soppressione</labelDato>
        <valoreDato>31/12/2444</valoreDato>
      </datoRecord>
      <recordChild>
        <tipoRecord>Campo per partizionamento</tipoRecord>
        <child>
          <idRecord>1250</idRecord>
          <keyRecord>
            <datoKey>
              <colonnaKey>ti_campo</colonnaKey>
              <labelKey>Tipo campo</labelKey>
              <valoreKey>SUB_STRUT</valoreKey>
            </datoKey>
            <datoKey>
              <colonnaKey>nm_campo</colonnaKey>
              <labelKey>Nome campo</labelKey>
              <valoreKey>SUB_STRUTTURA</valoreKey>
            </datoKey>
          </keyRecord>
          <datoRecord>
            <colonnaDato>nm_sub_strut</colonnaDato>
            <labelDato>Sottostruttura</labelDato>
            <valoreDato>DEFAULT</valoreDato>
          </datoRecord>
          <datoRecord>
            <colonnaDato>nm_attrib_dati_spec</colonnaDato>
            <labelDato>Dato specifico</labelDato>
            <valoreDato>null</valoreDato>
          </datoRecord>
        </child>
      </recordChild>
    </child>
    <child>
      <idRecord>1938</idRecord>
      <keyRecord>
        <datoKey>
          <colonnaKey>nm_tipo_doc</colonnaKey>
          <labelKey>Tipo documento principale</labelKey>
          <valoreKey>ANNULLO_REVERSALE</valoreKey>
        </datoKey>
        <datoKey>
          <colonnaKey>dt_istituz</colonnaKey>
          <labelKey>Data istituzione</labelKey>
          <valoreKey>12/02/2015</valoreKey>
        </datoKey>
      </keyRecord>
      <datoRecord>
        <colonnaDato>dt_soppres</colonnaDato>
        <labelDato>Data soppressione</labelDato>
        <valoreDato>31/12/2444</valoreDato>
      </datoRecord>
      <recordChild>
        <tipoRecord>Campo per partizionamento</tipoRecord>
        <child>
          <idRecord>1249</idRecord>
          <keyRecord>
            <datoKey>
              <colonnaKey>ti_campo</colonnaKey>
              <labelKey>Tipo campo</labelKey>
              <valoreKey>SUB_STRUT</valoreKey>
            </datoKey>
            <datoKey>
              <colonnaKey>nm_campo</colonnaKey>
              <labelKey>Nome campo</labelKey>
              <valoreKey>SUB_STRUTTURA</valoreKey>
            </datoKey>
          </keyRecord>
          <datoRecord>
            <colonnaDato>nm_sub_strut</colonnaDato>
            <labelDato>Sottostruttura</labelDato>
            <valoreDato>DEFAULT</valoreDato>
          </datoRecord>
          <datoRecord>
            <colonnaDato>nm_attrib_dati_spec</colonnaDato>
            <labelDato>Dato specifico</labelDato>
            <valoreDato>null</valoreDato>
          </datoRecord>
        </child>
      </recordChild>
    </child>
    <child>
      <idRecord>1937</idRecord>
      <keyRecord>
        <datoKey>
          <colonnaKey>nm_tipo_doc</colonnaKey>
          <labelKey>Tipo documento principale</labelKey>
          <valoreKey>ANNULLO_REVERSALE</valoreKey>
        </datoKey>
        <datoKey>
          <colonnaKey>dt_istituz</colonnaKey>
          <labelKey>Data istituzione</labelKey>
          <valoreKey>12/02/2015</valoreKey>
        </datoKey>
      </keyRecord>
      <datoRecord>
        <colonnaDato>dt_soppres</colonnaDato>
        <labelDato>Data soppressione</labelDato>
        <valoreDato>31/12/2444</valoreDato>
      </datoRecord>
      <recordChild>
        <tipoRecord>Campo per partizionamento</tipoRecord>
        <child>
          <idRecord>1248</idRecord>
          <keyRecord>
            <datoKey>
              <colonnaKey>ti_campo</colonnaKey>
              <labelKey>Tipo campo</labelKey>
              <valoreKey>SUB_STRUT</valoreKey>
            </datoKey>
            <datoKey>
              <colonnaKey>nm_campo</colonnaKey>
              <labelKey>Nome campo</labelKey>
              <valoreKey>SUB_STRUTTURA</valoreKey>
            </datoKey>
          </keyRecord>
          <datoRecord>
            <colonnaDato>nm_sub_strut</colonnaDato>
            <labelDato>Sottostruttura</labelDato>
            <valoreDato>DEFAULT</valoreDato>
          </datoRecord>
          <datoRecord>
            <colonnaDato>nm_attrib_dati_spec</colonnaDato>
            <labelDato>Dato specifico</labelDato>
            <valoreDato>null</valoreDato>
          </datoRecord>
        </child>
      </recordChild>
    </child>
    <child>
      <idRecord>529</idRecord>
      <keyRecord>
        <datoKey>
          <colonnaKey>nm_tipo_doc</colonnaKey>
          <labelKey>Tipo documento principale</labelKey>
          <valoreKey>ANNULLO_REVERSALE</valoreKey>
        </datoKey>
        <datoKey>
          <colonnaKey>dt_istituz</colonnaKey>
          <labelKey>Data istituzione</labelKey>
          <valoreKey>10/11/2014</valoreKey>
        </datoKey>
      </keyRecord>
      <datoRecord>
        <colonnaDato>dt_soppres</colonnaDato>
        <labelDato>Data soppressione</labelDato>
        <valoreDato>31/12/2444</valoreDato>
      </datoRecord>
      <recordChild>
        <tipoRecord>Campo per partizionamento</tipoRecord>
        <child>
          <idRecord>273</idRecord>
          <keyRecord>
            <datoKey>
              <colonnaKey>ti_campo</colonnaKey>
              <labelKey>Tipo campo</labelKey>
              <valoreKey>SUB_STRUT</valoreKey>
            </datoKey>
            <datoKey>
              <colonnaKey>nm_campo</colonnaKey>
              <labelKey>Nome campo</labelKey>
              <valoreKey>SUB_STRUTTURA</valoreKey>
            </datoKey>
          </keyRecord>
          <datoRecord>
            <colonnaDato>nm_sub_strut</colonnaDato>
            <labelDato>Sottostruttura</labelDato>
            <valoreDato>DEFAULT</valoreDato>
          </datoRecord>
          <datoRecord>
            <colonnaDato>nm_attrib_dati_spec</colonnaDato>
            <labelDato>Dato specifico</labelDato>
            <valoreDato>null</valoreDato>
          </datoRecord>
        </child>
      </recordChild>
    </child>
    <child>
      <idRecord>2101</idRecord>
      <keyRecord>
        <datoKey>
          <colonnaKey>nm_tipo_doc</colonnaKey>
          <labelKey>Tipo documento principale</labelKey>
          <valoreKey>ANNULLO_REVERSALE</valoreKey>
        </datoKey>
        <datoKey>
          <colonnaKey>dt_istituz</colonnaKey>
          <labelKey>Data istituzione</labelKey>
          <valoreKey>12/02/2015</valoreKey>
        </datoKey>
      </keyRecord>
      <datoRecord>
        <colonnaDato>dt_soppres</colonnaDato>
        <labelDato>Data soppressione</labelDato>
        <valoreDato>31/12/2444</valoreDato>
      </datoRecord>
      <recordChild>
        <tipoRecord>Campo per partizionamento</tipoRecord>
        <child>
          <idRecord>744</idRecord>
          <keyRecord>
            <datoKey>
              <colonnaKey>ti_campo</colonnaKey>
              <labelKey>Tipo campo</labelKey>
              <valoreKey>SUB_STRUT</valoreKey>
            </datoKey>
            <datoKey>
              <colonnaKey>nm_campo</colonnaKey>
              <labelKey>Nome campo</labelKey>
              <valoreKey>SUB_STRUTTURA</valoreKey>
            </datoKey>
          </keyRecord>
          <datoRecord>
            <colonnaDato>nm_sub_strut</colonnaDato>
            <labelDato>Sottostruttura</labelDato>
            <valoreDato>DEFAULT</valoreDato>
          </datoRecord>
          <datoRecord>
            <colonnaDato>nm_attrib_dati_spec</colonnaDato>
            <labelDato>Dato specifico</labelDato>
            <valoreDato>null</valoreDato>
          </datoRecord>
        </child>
      </recordChild>
    </child>
    <child>
      <idRecord>2100</idRecord>
      <keyRecord>
        <datoKey>
          <colonnaKey>nm_tipo_doc</colonnaKey>
          <labelKey>Tipo documento principale</labelKey>
          <valoreKey>ANNULLO_REVERSALE</valoreKey>
        </datoKey>
        <datoKey>
          <colonnaKey>dt_istituz</colonnaKey>
          <labelKey>Data istituzione</labelKey>
          <valoreKey>12/02/2015</valoreKey>
        </datoKey>
      </keyRecord>
      <datoRecord>
        <colonnaDato>dt_soppres</colonnaDato>
        <labelDato>Data soppressione</labelDato>
        <valoreDato>31/12/2444</valoreDato>
      </datoRecord>
      <recordChild>
        <tipoRecord>Campo per partizionamento</tipoRecord>
        <child>
          <idRecord>743</idRecord>
          <keyRecord>
            <datoKey>
              <colonnaKey>ti_campo</colonnaKey>
              <labelKey>Tipo campo</labelKey>
              <valoreKey>SUB_STRUT</valoreKey>
            </datoKey>
            <datoKey>
              <colonnaKey>nm_campo</colonnaKey>
              <labelKey>Nome campo</labelKey>
              <valoreKey>SUB_STRUTTURA</valoreKey>
            </datoKey>
          </keyRecord>
          <datoRecord>
            <colonnaDato>nm_sub_strut</colonnaDato>
            <labelDato>Sottostruttura</labelDato>
            <valoreDato>DEFAULT</valoreDato>
          </datoRecord>
          <datoRecord>
            <colonnaDato>nm_attrib_dati_spec</colonnaDato>
            <labelDato>Dato specifico</labelDato>
            <valoreDato>null</valoreDato>
          </datoRecord>
        </child>
      </recordChild>
    </child>
    <child>
      <idRecord>2099</idRecord>
      <keyRecord>
        <datoKey>
          <colonnaKey>nm_tipo_doc</colonnaKey>
          <labelKey>Tipo documento principale</labelKey>
          <valoreKey>ANNULLO_REVERSALE</valoreKey>
        </datoKey>
        <datoKey>
          <colonnaKey>dt_istituz</colonnaKey>
          <labelKey>Data istituzione</labelKey>
          <valoreKey>12/02/2015</valoreKey>
        </datoKey>
      </keyRecord>
      <datoRecord>
        <colonnaDato>dt_soppres</colonnaDato>
        <labelDato>Data soppressione</labelDato>
        <valoreDato>31/12/2444</valoreDato>
      </datoRecord>
      <recordChild>
        <tipoRecord>Campo per partizionamento</tipoRecord>
        <child>
          <idRecord>742</idRecord>
          <keyRecord>
            <datoKey>
              <colonnaKey>ti_campo</colonnaKey>
              <labelKey>Tipo campo</labelKey>
              <valoreKey>SUB_STRUT</valoreKey>
            </datoKey>
            <datoKey>
              <colonnaKey>nm_campo</colonnaKey>
              <labelKey>Nome campo</labelKey>
              <valoreKey>SUB_STRUTTURA</valoreKey>
            </datoKey>
          </keyRecord>
          <datoRecord>
            <colonnaDato>nm_sub_strut</colonnaDato>
            <labelDato>Sottostruttura</labelDato>
            <valoreDato>DEFAULT</valoreDato>
          </datoRecord>
          <datoRecord>
            <colonnaDato>nm_attrib_dati_spec</colonnaDato>
            <labelDato>Dato specifico</labelDato>
            <valoreDato>null</valoreDato>
          </datoRecord>
        </child>
      </recordChild>
    </child>
    <child>
      <idRecord>2098</idRecord>
      <keyRecord>
        <datoKey>
          <colonnaKey>nm_tipo_doc</colonnaKey>
          <labelKey>Tipo documento principale</labelKey>
          <valoreKey>ANNULLO_REVERSALE</valoreKey>
        </datoKey>
        <datoKey>
          <colonnaKey>dt_istituz</colonnaKey>
          <labelKey>Data istituzione</labelKey>
          <valoreKey>12/02/2015</valoreKey>
        </datoKey>
      </keyRecord>
      <datoRecord>
        <colonnaDato>dt_soppres</colonnaDato>
        <labelDato>Data soppressione</labelDato>
        <valoreDato>31/12/2444</valoreDato>
      </datoRecord>
      <recordChild>
        <tipoRecord>Campo per partizionamento</tipoRecord>
        <child>
          <idRecord>741</idRecord>
          <keyRecord>
            <datoKey>
              <colonnaKey>ti_campo</colonnaKey>
              <labelKey>Tipo campo</labelKey>
              <valoreKey>SUB_STRUT</valoreKey>
            </datoKey>
            <datoKey>
              <colonnaKey>nm_campo</colonnaKey>
              <labelKey>Nome campo</labelKey>
              <valoreKey>SUB_STRUTTURA</valoreKey>
            </datoKey>
          </keyRecord>
          <datoRecord>
            <colonnaDato>nm_sub_strut</colonnaDato>
            <labelDato>Sottostruttura</labelDato>
            <valoreDato>DEFAULT</valoreDato>
          </datoRecord>
          <datoRecord>
            <colonnaDato>nm_attrib_dati_spec</colonnaDato>
            <labelDato>Dato specifico</labelDato>
            <valoreDato>null</valoreDato>
          </datoRecord>
        </child>
      </recordChild>
    </child>
    <child>
      <idRecord>2097</idRecord>
      <keyRecord>
        <datoKey>
          <colonnaKey>nm_tipo_doc</colonnaKey>
          <labelKey>Tipo documento principale</labelKey>
          <valoreKey>ANNULLO_REVERSALE</valoreKey>
        </datoKey>
        <datoKey>
          <colonnaKey>dt_istituz</colonnaKey>
          <labelKey>Data istituzione</labelKey>
          <valoreKey>12/02/2015</valoreKey>
        </datoKey>
      </keyRecord>
      <datoRecord>
        <colonnaDato>dt_soppres</colonnaDato>
        <labelDato>Data soppressione</labelDato>
        <valoreDato>31/12/2444</valoreDato>
      </datoRecord>
      <recordChild>
        <tipoRecord>Campo per partizionamento</tipoRecord>
        <child>
          <idRecord>740</idRecord>
          <keyRecord>
            <datoKey>
              <colonnaKey>ti_campo</colonnaKey>
              <labelKey>Tipo campo</labelKey>
              <valoreKey>SUB_STRUT</valoreKey>
            </datoKey>
            <datoKey>
              <colonnaKey>nm_campo</colonnaKey>
              <labelKey>Nome campo</labelKey>
              <valoreKey>SUB_STRUTTURA</valoreKey>
            </datoKey>
          </keyRecord>
          <datoRecord>
            <colonnaDato>nm_sub_strut</colonnaDato>
            <labelDato>Sottostruttura</labelDato>
            <valoreDato>DEFAULT</valoreDato>
          </datoRecord>
          <datoRecord>
            <colonnaDato>nm_attrib_dati_spec</colonnaDato>
            <labelDato>Dato specifico</labelDato>
            <valoreDato>null</valoreDato>
          </datoRecord>
        </child>
      </recordChild>
    </child>
    <child>
      <idRecord>2096</idRecord>
      <keyRecord>
        <datoKey>
          <colonnaKey>nm_tipo_doc</colonnaKey>
          <labelKey>Tipo documento principale</labelKey>
          <valoreKey>ANNULLO_REVERSALE</valoreKey>
        </datoKey>
        <datoKey>
          <colonnaKey>dt_istituz</colonnaKey>
          <labelKey>Data istituzione</labelKey>
          <valoreKey>12/02/2015</valoreKey>
        </datoKey>
      </keyRecord>
      <datoRecord>
        <colonnaDato>dt_soppres</colonnaDato>
        <labelDato>Data soppressione</labelDato>
        <valoreDato>31/12/2444</valoreDato>
      </datoRecord>
      <recordChild>
        <tipoRecord>Campo per partizionamento</tipoRecord>
        <child>
          <idRecord>739</idRecord>
          <keyRecord>
            <datoKey>
              <colonnaKey>ti_campo</colonnaKey>
              <labelKey>Tipo campo</labelKey>
              <valoreKey>SUB_STRUT</valoreKey>
            </datoKey>
            <datoKey>
              <colonnaKey>nm_campo</colonnaKey>
              <labelKey>Nome campo</labelKey>
              <valoreKey>SUB_STRUTTURA</valoreKey>
            </datoKey>
          </keyRecord>
          <datoRecord>
            <colonnaDato>nm_sub_strut</colonnaDato>
            <labelDato>Sottostruttura</labelDato>
            <valoreDato>DEFAULT</valoreDato>
          </datoRecord>
          <datoRecord>
            <colonnaDato>nm_attrib_dati_spec</colonnaDato>
            <labelDato>Dato specifico</labelDato>
            <valoreDato>null</valoreDato>
          </datoRecord>
        </child>
      </recordChild>
    </child>
    <child>
      <idRecord>2095</idRecord>
      <keyRecord>
        <datoKey>
          <colonnaKey>nm_tipo_doc</colonnaKey>
          <labelKey>Tipo documento principale</labelKey>
          <valoreKey>ANNULLO_REVERSALE</valoreKey>
        </datoKey>
        <datoKey>
          <colonnaKey>dt_istituz</colonnaKey>
          <labelKey>Data istituzione</labelKey>
          <valoreKey>12/02/2015</valoreKey>
        </datoKey>
      </keyRecord>
      <datoRecord>
        <colonnaDato>dt_soppres</colonnaDato>
        <labelDato>Data soppressione</labelDato>
        <valoreDato>31/12/2444</valoreDato>
      </datoRecord>
      <recordChild>
        <tipoRecord>Campo per partizionamento</tipoRecord>
        <child>
          <idRecord>738</idRecord>
          <keyRecord>
            <datoKey>
              <colonnaKey>ti_campo</colonnaKey>
              <labelKey>Tipo campo</labelKey>
              <valoreKey>SUB_STRUT</valoreKey>
            </datoKey>
            <datoKey>
              <colonnaKey>nm_campo</colonnaKey>
              <labelKey>Nome campo</labelKey>
              <valoreKey>SUB_STRUTTURA</valoreKey>
            </datoKey>
          </keyRecord>
          <datoRecord>
            <colonnaDato>nm_sub_strut</colonnaDato>
            <labelDato>Sottostruttura</labelDato>
            <valoreDato>DEFAULT</valoreDato>
          </datoRecord>
          <datoRecord>
            <colonnaDato>nm_attrib_dati_spec</colonnaDato>
            <labelDato>Dato specifico</labelDato>
            <valoreDato>null</valoreDato>
          </datoRecord>
        </child>
      </recordChild>
    </child>
    <child>
      <idRecord>2094</idRecord>
      <keyRecord>
        <datoKey>
          <colonnaKey>nm_tipo_doc</colonnaKey>
          <labelKey>Tipo documento principale</labelKey>
          <valoreKey>ANNULLO_REVERSALE</valoreKey>
        </datoKey>
        <datoKey>
          <colonnaKey>dt_istituz</colonnaKey>
          <labelKey>Data istituzione</labelKey>
          <valoreKey>12/02/2015</valoreKey>
        </datoKey>
      </keyRecord>
      <datoRecord>
        <colonnaDato>dt_soppres</colonnaDato>
        <labelDato>Data soppressione</labelDato>
        <valoreDato>31/12/2444</valoreDato>
      </datoRecord>
      <recordChild>
        <tipoRecord>Campo per partizionamento</tipoRecord>
        <child>
          <idRecord>737</idRecord>
          <keyRecord>
            <datoKey>
              <colonnaKey>ti_campo</colonnaKey>
              <labelKey>Tipo campo</labelKey>
              <valoreKey>SUB_STRUT</valoreKey>
            </datoKey>
            <datoKey>
              <colonnaKey>nm_campo</colonnaKey>
              <labelKey>Nome campo</labelKey>
              <valoreKey>SUB_STRUTTURA</valoreKey>
            </datoKey>
          </keyRecord>
          <datoRecord>
            <colonnaDato>nm_sub_strut</colonnaDato>
            <labelDato>Sottostruttura</labelDato>
            <valoreDato>DEFAULT</valoreDato>
          </datoRecord>
          <datoRecord>
            <colonnaDato>nm_attrib_dati_spec</colonnaDato>
            <labelDato>Dato specifico</labelDato>
            <valoreDato>null</valoreDato>
          </datoRecord>
        </child>
      </recordChild>
    </child>
    <child>
      <idRecord>2093</idRecord>
      <keyRecord>
        <datoKey>
          <colonnaKey>nm_tipo_doc</colonnaKey>
          <labelKey>Tipo documento principale</labelKey>
          <valoreKey>ANNULLO_REVERSALE</valoreKey>
        </datoKey>
        <datoKey>
          <colonnaKey>dt_istituz</colonnaKey>
          <labelKey>Data istituzione</labelKey>
          <valoreKey>12/02/2015</valoreKey>
        </datoKey>
      </keyRecord>
      <datoRecord>
        <colonnaDato>dt_soppres</colonnaDato>
        <labelDato>Data soppressione</labelDato>
        <valoreDato>31/12/2444</valoreDato>
      </datoRecord>
      <recordChild>
        <tipoRecord>Campo per partizionamento</tipoRecord>
        <child>
          <idRecord>736</idRecord>
          <keyRecord>
            <datoKey>
              <colonnaKey>ti_campo</colonnaKey>
              <labelKey>Tipo campo</labelKey>
              <valoreKey>SUB_STRUT</valoreKey>
            </datoKey>
            <datoKey>
              <colonnaKey>nm_campo</colonnaKey>
              <labelKey>Nome campo</labelKey>
              <valoreKey>SUB_STRUTTURA</valoreKey>
            </datoKey>
          </keyRecord>
          <datoRecord>
            <colonnaDato>nm_sub_strut</colonnaDato>
            <labelDato>Sottostruttura</labelDato>
            <valoreDato>DEFAULT</valoreDato>
          </datoRecord>
          <datoRecord>
            <colonnaDato>nm_attrib_dati_spec</colonnaDato>
            <labelDato>Dato specifico</labelDato>
            <valoreDato>null</valoreDato>
          </datoRecord>
        </child>
      </recordChild>
    </child>
    <child>
      <idRecord>2092</idRecord>
      <keyRecord>
        <datoKey>
          <colonnaKey>nm_tipo_doc</colonnaKey>
          <labelKey>Tipo documento principale</labelKey>
          <valoreKey>ANNULLO_REVERSALE</valoreKey>
        </datoKey>
        <datoKey>
          <colonnaKey>dt_istituz</colonnaKey>
          <labelKey>Data istituzione</labelKey>
          <valoreKey>12/02/2015</valoreKey>
        </datoKey>
      </keyRecord>
      <datoRecord>
        <colonnaDato>dt_soppres</colonnaDato>
        <labelDato>Data soppressione</labelDato>
        <valoreDato>31/12/2444</valoreDato>
      </datoRecord>
      <recordChild>
        <tipoRecord>Campo per partizionamento</tipoRecord>
        <child>
          <idRecord>735</idRecord>
          <keyRecord>
            <datoKey>
              <colonnaKey>ti_campo</colonnaKey>
              <labelKey>Tipo campo</labelKey>
              <valoreKey>SUB_STRUT</valoreKey>
            </datoKey>
            <datoKey>
              <colonnaKey>nm_campo</colonnaKey>
              <labelKey>Nome campo</labelKey>
              <valoreKey>SUB_STRUTTURA</valoreKey>
            </datoKey>
          </keyRecord>
          <datoRecord>
            <colonnaDato>nm_sub_strut</colonnaDato>
            <labelDato>Sottostruttura</labelDato>
            <valoreDato>DEFAULT</valoreDato>
          </datoRecord>
          <datoRecord>
            <colonnaDato>nm_attrib_dati_spec</colonnaDato>
            <labelDato>Dato specifico</labelDato>
            <valoreDato>null</valoreDato>
          </datoRecord>
        </child>
      </recordChild>
    </child>
    <child>
      <idRecord>2091</idRecord>
      <keyRecord>
        <datoKey>
          <colonnaKey>nm_tipo_doc</colonnaKey>
          <labelKey>Tipo documento principale</labelKey>
          <valoreKey>ANNULLO_REVERSALE</valoreKey>
        </datoKey>
        <datoKey>
          <colonnaKey>dt_istituz</colonnaKey>
          <labelKey>Data istituzione</labelKey>
          <valoreKey>12/02/2015</valoreKey>
        </datoKey>
      </keyRecord>
      <datoRecord>
        <colonnaDato>dt_soppres</colonnaDato>
        <labelDato>Data soppressione</labelDato>
        <valoreDato>31/12/2444</valoreDato>
      </datoRecord>
      <recordChild>
        <tipoRecord>Campo per partizionamento</tipoRecord>
        <child>
          <idRecord>734</idRecord>
          <keyRecord>
            <datoKey>
              <colonnaKey>ti_campo</colonnaKey>
              <labelKey>Tipo campo</labelKey>
              <valoreKey>SUB_STRUT</valoreKey>
            </datoKey>
            <datoKey>
              <colonnaKey>nm_campo</colonnaKey>
              <labelKey>Nome campo</labelKey>
              <valoreKey>SUB_STRUTTURA</valoreKey>
            </datoKey>
          </keyRecord>
          <datoRecord>
            <colonnaDato>nm_sub_strut</colonnaDato>
            <labelDato>Sottostruttura</labelDato>
            <valoreDato>DEFAULT</valoreDato>
          </datoRecord>
          <datoRecord>
            <colonnaDato>nm_attrib_dati_spec</colonnaDato>
            <labelDato>Dato specifico</labelDato>
            <valoreDato>null</valoreDato>
          </datoRecord>
        </child>
      </recordChild>
    </child>
    <child>
      <idRecord>2090</idRecord>
      <keyRecord>
        <datoKey>
          <colonnaKey>nm_tipo_doc</colonnaKey>
          <labelKey>Tipo documento principale</labelKey>
          <valoreKey>ANNULLO_REVERSALE</valoreKey>
        </datoKey>
        <datoKey>
          <colonnaKey>dt_istituz</colonnaKey>
          <labelKey>Data istituzione</labelKey>
          <valoreKey>12/02/2015</valoreKey>
        </datoKey>
      </keyRecord>
      <datoRecord>
        <colonnaDato>dt_soppres</colonnaDato>
        <labelDato>Data soppressione</labelDato>
        <valoreDato>31/12/2444</valoreDato>
      </datoRecord>
      <recordChild>
        <tipoRecord>Campo per partizionamento</tipoRecord>
        <child>
          <idRecord>733</idRecord>
          <keyRecord>
            <datoKey>
              <colonnaKey>ti_campo</colonnaKey>
              <labelKey>Tipo campo</labelKey>
              <valoreKey>SUB_STRUT</valoreKey>
            </datoKey>
            <datoKey>
              <colonnaKey>nm_campo</colonnaKey>
              <labelKey>Nome campo</labelKey>
              <valoreKey>SUB_STRUTTURA</valoreKey>
            </datoKey>
          </keyRecord>
          <datoRecord>
            <colonnaDato>nm_sub_strut</colonnaDato>
            <labelDato>Sottostruttura</labelDato>
            <valoreDato>DEFAULT</valoreDato>
          </datoRecord>
          <datoRecord>
            <colonnaDato>nm_attrib_dati_spec</colonnaDato>
            <labelDato>Dato specifico</labelDato>
            <valoreDato>null</valoreDato>
          </datoRecord>
        </child>
      </recordChild>
    </child>
    <child>
      <idRecord>2089</idRecord>
      <keyRecord>
        <datoKey>
          <colonnaKey>nm_tipo_doc</colonnaKey>
          <labelKey>Tipo documento principale</labelKey>
          <valoreKey>ANNULLO_REVERSALE</valoreKey>
        </datoKey>
        <datoKey>
          <colonnaKey>dt_istituz</colonnaKey>
          <labelKey>Data istituzione</labelKey>
          <valoreKey>12/02/2015</valoreKey>
        </datoKey>
      </keyRecord>
      <datoRecord>
        <colonnaDato>dt_soppres</colonnaDato>
        <labelDato>Data soppressione</labelDato>
        <valoreDato>31/12/2444</valoreDato>
      </datoRecord>
      <recordChild>
        <tipoRecord>Campo per partizionamento</tipoRecord>
        <child>
          <idRecord>732</idRecord>
          <keyRecord>
            <datoKey>
              <colonnaKey>ti_campo</colonnaKey>
              <labelKey>Tipo campo</labelKey>
              <valoreKey>SUB_STRUT</valoreKey>
            </datoKey>
            <datoKey>
              <colonnaKey>nm_campo</colonnaKey>
              <labelKey>Nome campo</labelKey>
              <valoreKey>SUB_STRUTTURA</valoreKey>
            </datoKey>
          </keyRecord>
          <datoRecord>
            <colonnaDato>nm_sub_strut</colonnaDato>
            <labelDato>Sottostruttura</labelDato>
            <valoreDato>DEFAULT</valoreDato>
          </datoRecord>
          <datoRecord>
            <colonnaDato>nm_attrib_dati_spec</colonnaDato>
            <labelDato>Dato specifico</labelDato>
            <valoreDato>null</valoreDato>
          </datoRecord>
        </child>
      </recordChild>
    </child>
    <child>
      <idRecord>2088</idRecord>
      <keyRecord>
        <datoKey>
          <colonnaKey>nm_tipo_doc</colonnaKey>
          <labelKey>Tipo documento principale</labelKey>
          <valoreKey>ANNULLO_REVERSALE</valoreKey>
        </datoKey>
        <datoKey>
          <colonnaKey>dt_istituz</colonnaKey>
          <labelKey>Data istituzione</labelKey>
          <valoreKey>12/02/2015</valoreKey>
        </datoKey>
      </keyRecord>
      <datoRecord>
        <colonnaDato>dt_soppres</colonnaDato>
        <labelDato>Data soppressione</labelDato>
        <valoreDato>31/12/2444</valoreDato>
      </datoRecord>
      <recordChild>
        <tipoRecord>Campo per partizionamento</tipoRecord>
        <child>
          <idRecord>731</idRecord>
          <keyRecord>
            <datoKey>
              <colonnaKey>ti_campo</colonnaKey>
              <labelKey>Tipo campo</labelKey>
              <valoreKey>SUB_STRUT</valoreKey>
            </datoKey>
            <datoKey>
              <colonnaKey>nm_campo</colonnaKey>
              <labelKey>Nome campo</labelKey>
              <valoreKey>SUB_STRUTTURA</valoreKey>
            </datoKey>
          </keyRecord>
          <datoRecord>
            <colonnaDato>nm_sub_strut</colonnaDato>
            <labelDato>Sottostruttura</labelDato>
            <valoreDato>DEFAULT</valoreDato>
          </datoRecord>
          <datoRecord>
            <colonnaDato>nm_attrib_dati_spec</colonnaDato>
            <labelDato>Dato specifico</labelDato>
            <valoreDato>null</valoreDato>
          </datoRecord>
        </child>
      </recordChild>
    </child>
    <child>
      <idRecord>9215</idRecord>
      <keyRecord>
        <datoKey>
          <colonnaKey>nm_tipo_doc</colonnaKey>
          <labelKey>Tipo documento principale</labelKey>
          <valoreKey>ATTI</valoreKey>
        </datoKey>
        <datoKey>
          <colonnaKey>dt_istituz</colonnaKey>
          <labelKey>Data istituzione</labelKey>
          <valoreKey>31/05/2016</valoreKey>
        </datoKey>
      </keyRecord>
      <datoRecord>
        <colonnaDato>dt_soppres</colonnaDato>
        <labelDato>Data soppressione</labelDato>
        <valoreDato>31/12/2444</valoreDato>
      </datoRecord>
      <recordChild>
        <tipoRecord>Campo per partizionamento</tipoRecord>
        <child>
          <idRecord>7595</idRecord>
          <keyRecord>
            <datoKey>
              <colonnaKey>ti_campo</colonnaKey>
              <labelKey>Tipo campo</labelKey>
              <valoreKey>SUB_STRUT</valoreKey>
            </datoKey>
            <datoKey>
              <colonnaKey>nm_campo</colonnaKey>
              <labelKey>Nome campo</labelKey>
              <valoreKey>SUB_STRUTTURA</valoreKey>
            </datoKey>
          </keyRecord>
          <datoRecord>
            <colonnaDato>nm_sub_strut</colonnaDato>
            <labelDato>Sottostruttura</labelDato>
            <valoreDato>DEFAULT</valoreDato>
          </datoRecord>
          <datoRecord>
            <colonnaDato>nm_attrib_dati_spec</colonnaDato>
            <labelDato>Dato specifico</labelDato>
            <valoreDato>null</valoreDato>
          </datoRecord>
        </child>
      </recordChild>
    </child>
    <child>
      <idRecord>2687</idRecord>
      <keyRecord>
        <datoKey>
          <colonnaKey>nm_tipo_doc</colonnaKey>
          <labelKey>Tipo documento principale</labelKey>
          <valoreKey>ATTI DEL DIRIGENTE</valoreKey>
        </datoKey>
        <datoKey>
          <colonnaKey>dt_istituz</colonnaKey>
          <labelKey>Data istituzione</labelKey>
          <valoreKey>25/03/2015</valoreKey>
        </datoKey>
      </keyRecord>
      <datoRecord>
        <colonnaDato>dt_soppres</colonnaDato>
        <labelDato>Data soppressione</labelDato>
        <valoreDato>31/12/2444</valoreDato>
      </datoRecord>
      <recordChild>
        <tipoRecord>Campo per partizionamento</tipoRecord>
        <child>
          <idRecord>1542</idRecord>
          <keyRecord>
            <datoKey>
              <colonnaKey>ti_campo</colonnaKey>
              <labelKey>Tipo campo</labelKey>
              <valoreKey>SUB_STRUT</valoreKey>
            </datoKey>
            <datoKey>
              <colonnaKey>nm_campo</colonnaKey>
              <labelKey>Nome campo</labelKey>
              <valoreKey>SUB_STRUTTURA</valoreKey>
            </datoKey>
          </keyRecord>
          <datoRecord>
            <colonnaDato>nm_sub_strut</colonnaDato>
            <labelDato>Sottostruttura</labelDato>
            <valoreDato>DEFAULT</valoreDato>
          </datoRecord>
          <datoRecord>
            <colonnaDato>nm_attrib_dati_spec</colonnaDato>
            <labelDato>Dato specifico</labelDato>
            <valoreDato>null</valoreDato>
          </datoRecord>
        </child>
      </recordChild>
    </child>
    <child>
      <idRecord>7402</idRecord>
      <keyRecord>
        <datoKey>
          <colonnaKey>nm_tipo_doc</colonnaKey>
          <labelKey>Tipo documento principale</labelKey>
          <valoreKey>ATTI DEL DIRIGENTE</valoreKey>
        </datoKey>
        <datoKey>
          <colonnaKey>dt_istituz</colonnaKey>
          <labelKey>Data istituzione</labelKey>
          <valoreKey>25/03/2015</valoreKey>
        </datoKey>
      </keyRecord>
      <datoRecord>
        <colonnaDato>dt_soppres</colonnaDato>
        <labelDato>Data soppressione</labelDato>
        <valoreDato>31/12/2444</valoreDato>
      </datoRecord>
      <recordChild>
        <tipoRecord>Campo per partizionamento</tipoRecord>
        <child>
          <idRecord>5863</idRecord>
          <keyRecord>
            <datoKey>
              <colonnaKey>ti_campo</colonnaKey>
              <labelKey>Tipo campo</labelKey>
              <valoreKey>SUB_STRUT</valoreKey>
            </datoKey>
            <datoKey>
              <colonnaKey>nm_campo</colonnaKey>
              <labelKey>Nome campo</labelKey>
              <valoreKey>SUB_STRUTTURA</valoreKey>
            </datoKey>
          </keyRecord>
          <datoRecord>
            <colonnaDato>nm_sub_strut</colonnaDato>
            <labelDato>Sottostruttura</labelDato>
            <valoreDato>DEFAULT</valoreDato>
          </datoRecord>
          <datoRecord>
            <colonnaDato>nm_attrib_dati_spec</colonnaDato>
            <labelDato>Dato specifico</labelDato>
            <valoreDato>null</valoreDato>
          </datoRecord>
        </child>
      </recordChild>
    </child>
    <child>
      <idRecord>1879</idRecord>
      <keyRecord>
        <datoKey>
          <colonnaKey>nm_tipo_doc</colonnaKey>
          <labelKey>Tipo documento principale</labelKey>
          <valoreKey>B</valoreKey>
        </datoKey>
        <datoKey>
          <colonnaKey>dt_istituz</colonnaKey>
          <labelKey>Data istituzione</labelKey>
          <valoreKey>12/02/2015</valoreKey>
        </datoKey>
      </keyRecord>
      <datoRecord>
        <colonnaDato>dt_soppres</colonnaDato>
        <labelDato>Data soppressione</labelDato>
        <valoreDato>31/12/2444</valoreDato>
      </datoRecord>
      <recordChild>
        <tipoRecord>Campo per partizionamento</tipoRecord>
        <child>
          <idRecord>1190</idRecord>
          <keyRecord>
            <datoKey>
              <colonnaKey>ti_campo</colonnaKey>
              <labelKey>Tipo campo</labelKey>
              <valoreKey>SUB_STRUT</valoreKey>
            </datoKey>
            <datoKey>
              <colonnaKey>nm_campo</colonnaKey>
              <labelKey>Nome campo</labelKey>
              <valoreKey>SUB_STRUTTURA</valoreKey>
            </datoKey>
          </keyRecord>
          <datoRecord>
            <colonnaDato>nm_sub_strut</colonnaDato>
            <labelDato>Sottostruttura</labelDato>
            <valoreDato>DEFAULT</valoreDato>
          </datoRecord>
          <datoRecord>
            <colonnaDato>nm_attrib_dati_spec</colonnaDato>
            <labelDato>Dato specifico</labelDato>
            <valoreDato>null</valoreDato>
          </datoRecord>
        </child>
      </recordChild>
    </child>
    <child>
      <idRecord>1881</idRecord>
      <keyRecord>
        <datoKey>
          <colonnaKey>nm_tipo_doc</colonnaKey>
          <labelKey>Tipo documento principale</labelKey>
          <valoreKey>B</valoreKey>
        </datoKey>
        <datoKey>
          <colonnaKey>dt_istituz</colonnaKey>
          <labelKey>Data istituzione</labelKey>
          <valoreKey>12/02/2015</valoreKey>
        </datoKey>
      </keyRecord>
      <datoRecord>
        <colonnaDato>dt_soppres</colonnaDato>
        <labelDato>Data soppressione</labelDato>
        <valoreDato>31/12/2444</valoreDato>
      </datoRecord>
      <recordChild>
        <tipoRecord>Campo per partizionamento</tipoRecord>
        <child>
          <idRecord>1192</idRecord>
          <keyRecord>
            <datoKey>
              <colonnaKey>ti_campo</colonnaKey>
              <labelKey>Tipo campo</labelKey>
              <valoreKey>SUB_STRUT</valoreKey>
            </datoKey>
            <datoKey>
              <colonnaKey>nm_campo</colonnaKey>
              <labelKey>Nome campo</labelKey>
              <valoreKey>SUB_STRUTTURA</valoreKey>
            </datoKey>
          </keyRecord>
          <datoRecord>
            <colonnaDato>nm_sub_strut</colonnaDato>
            <labelDato>Sottostruttura</labelDato>
            <valoreDato>DEFAULT</valoreDato>
          </datoRecord>
          <datoRecord>
            <colonnaDato>nm_attrib_dati_spec</colonnaDato>
            <labelDato>Dato specifico</labelDato>
            <valoreDato>null</valoreDato>
          </datoRecord>
        </child>
      </recordChild>
    </child>
    <child>
      <idRecord>1880</idRecord>
      <keyRecord>
        <datoKey>
          <colonnaKey>nm_tipo_doc</colonnaKey>
          <labelKey>Tipo documento principale</labelKey>
          <valoreKey>B</valoreKey>
        </datoKey>
        <datoKey>
          <colonnaKey>dt_istituz</colonnaKey>
          <labelKey>Data istituzione</labelKey>
          <valoreKey>12/02/2015</valoreKey>
        </datoKey>
      </keyRecord>
      <datoRecord>
        <colonnaDato>dt_soppres</colonnaDato>
        <labelDato>Data soppressione</labelDato>
        <valoreDato>31/12/2444</valoreDato>
      </datoRecord>
      <recordChild>
        <tipoRecord>Campo per partizionamento</tipoRecord>
        <child>
          <idRecord>1191</idRecord>
          <keyRecord>
            <datoKey>
              <colonnaKey>ti_campo</colonnaKey>
              <labelKey>Tipo campo</labelKey>
              <valoreKey>SUB_STRUT</valoreKey>
            </datoKey>
            <datoKey>
              <colonnaKey>nm_campo</colonnaKey>
              <labelKey>Nome campo</labelKey>
              <valoreKey>SUB_STRUTTURA</valoreKey>
            </datoKey>
          </keyRecord>
          <datoRecord>
            <colonnaDato>nm_sub_strut</colonnaDato>
            <labelDato>Sottostruttura</labelDato>
            <valoreDato>DEFAULT</valoreDato>
          </datoRecord>
          <datoRecord>
            <colonnaDato>nm_attrib_dati_spec</colonnaDato>
            <labelDato>Dato specifico</labelDato>
            <valoreDato>null</valoreDato>
          </datoRecord>
        </child>
      </recordChild>
    </child>
    <child>
      <idRecord>2228</idRecord>
      <keyRecord>
        <datoKey>
          <colonnaKey>nm_tipo_doc</colonnaKey>
          <labelKey>Tipo documento principale</labelKey>
          <valoreKey>BLOCCO_ASC</valoreKey>
        </datoKey>
        <datoKey>
          <colonnaKey>dt_istituz</colonnaKey>
          <labelKey>Data istituzione</labelKey>
          <valoreKey>12/02/2015</valoreKey>
        </datoKey>
      </keyRecord>
      <datoRecord>
        <colonnaDato>dt_soppres</colonnaDato>
        <labelDato>Data soppressione</labelDato>
        <valoreDato>31/12/2444</valoreDato>
      </datoRecord>
      <recordChild>
        <tipoRecord>Campo per partizionamento</tipoRecord>
        <child>
          <idRecord>871</idRecord>
          <keyRecord>
            <datoKey>
              <colonnaKey>ti_campo</colonnaKey>
              <labelKey>Tipo campo</labelKey>
              <valoreKey>SUB_STRUT</valoreKey>
            </datoKey>
            <datoKey>
              <colonnaKey>nm_campo</colonnaKey>
              <labelKey>Nome campo</labelKey>
              <valoreKey>SUB_STRUTTURA</valoreKey>
            </datoKey>
          </keyRecord>
          <datoRecord>
            <colonnaDato>nm_sub_strut</colonnaDato>
            <labelDato>Sottostruttura</labelDato>
            <valoreDato>DEFAULT</valoreDato>
          </datoRecord>
          <datoRecord>
            <colonnaDato>nm_attrib_dati_spec</colonnaDato>
            <labelDato>Dato specifico</labelDato>
            <valoreDato>null</valoreDato>
          </datoRecord>
        </child>
      </recordChild>
    </child>
    <child>
      <idRecord>1910</idRecord>
      <keyRecord>
        <datoKey>
          <colonnaKey>nm_tipo_doc</colonnaKey>
          <labelKey>Tipo documento principale</labelKey>
          <valoreKey>BLOCCO_ASC</valoreKey>
        </datoKey>
        <datoKey>
          <colonnaKey>dt_istituz</colonnaKey>
          <labelKey>Data istituzione</labelKey>
          <valoreKey>12/02/2015</valoreKey>
        </datoKey>
      </keyRecord>
      <datoRecord>
        <colonnaDato>dt_soppres</colonnaDato>
        <labelDato>Data soppressione</labelDato>
        <valoreDato>31/12/2444</valoreDato>
      </datoRecord>
      <recordChild>
        <tipoRecord>Campo per partizionamento</tipoRecord>
        <child>
          <idRecord>1221</idRecord>
          <keyRecord>
            <datoKey>
              <colonnaKey>ti_campo</colonnaKey>
              <labelKey>Tipo campo</labelKey>
              <valoreKey>SUB_STRUT</valoreKey>
            </datoKey>
            <datoKey>
              <colonnaKey>nm_campo</colonnaKey>
              <labelKey>Nome campo</labelKey>
              <valoreKey>SUB_STRUTTURA</valoreKey>
            </datoKey>
          </keyRecord>
          <datoRecord>
            <colonnaDato>nm_sub_strut</colonnaDato>
            <labelDato>Sottostruttura</labelDato>
            <valoreDato>DEFAULT</valoreDato>
          </datoRecord>
          <datoRecord>
            <colonnaDato>nm_attrib_dati_spec</colonnaDato>
            <labelDato>Dato specifico</labelDato>
            <valoreDato>null</valoreDato>
          </datoRecord>
        </child>
      </recordChild>
    </child>
    <child>
      <idRecord>1909</idRecord>
      <keyRecord>
        <datoKey>
          <colonnaKey>nm_tipo_doc</colonnaKey>
          <labelKey>Tipo documento principale</labelKey>
          <valoreKey>BLOCCO_ASC</valoreKey>
        </datoKey>
        <datoKey>
          <colonnaKey>dt_istituz</colonnaKey>
          <labelKey>Data istituzione</labelKey>
          <valoreKey>12/02/2015</valoreKey>
        </datoKey>
      </keyRecord>
      <datoRecord>
        <colonnaDato>dt_soppres</colonnaDato>
        <labelDato>Data soppressione</labelDato>
        <valoreDato>31/12/2444</valoreDato>
      </datoRecord>
      <recordChild>
        <tipoRecord>Campo per partizionamento</tipoRecord>
        <child>
          <idRecord>1220</idRecord>
          <keyRecord>
            <datoKey>
              <colonnaKey>ti_campo</colonnaKey>
              <labelKey>Tipo campo</labelKey>
              <valoreKey>SUB_STRUT</valoreKey>
            </datoKey>
            <datoKey>
              <colonnaKey>nm_campo</colonnaKey>
              <labelKey>Nome campo</labelKey>
              <valoreKey>SUB_STRUTTURA</valoreKey>
            </datoKey>
          </keyRecord>
          <datoRecord>
            <colonnaDato>nm_sub_strut</colonnaDato>
            <labelDato>Sottostruttura</labelDato>
            <valoreDato>DEFAULT</valoreDato>
          </datoRecord>
          <datoRecord>
            <colonnaDato>nm_attrib_dati_spec</colonnaDato>
            <labelDato>Dato specifico</labelDato>
            <valoreDato>null</valoreDato>
          </datoRecord>
        </child>
      </recordChild>
    </child>
    <child>
      <idRecord>1908</idRecord>
      <keyRecord>
        <datoKey>
          <colonnaKey>nm_tipo_doc</colonnaKey>
          <labelKey>Tipo documento principale</labelKey>
          <valoreKey>BLOCCO_ASC</valoreKey>
        </datoKey>
        <datoKey>
          <colonnaKey>dt_istituz</colonnaKey>
          <labelKey>Data istituzione</labelKey>
          <valoreKey>12/02/2015</valoreKey>
        </datoKey>
      </keyRecord>
      <datoRecord>
        <colonnaDato>dt_soppres</colonnaDato>
        <labelDato>Data soppressione</labelDato>
        <valoreDato>31/12/2444</valoreDato>
      </datoRecord>
      <recordChild>
        <tipoRecord>Campo per partizionamento</tipoRecord>
        <child>
          <idRecord>1219</idRecord>
          <keyRecord>
            <datoKey>
              <colonnaKey>ti_campo</colonnaKey>
              <labelKey>Tipo campo</labelKey>
              <valoreKey>SUB_STRUT</valoreKey>
            </datoKey>
            <datoKey>
              <colonnaKey>nm_campo</colonnaKey>
              <labelKey>Nome campo</labelKey>
              <valoreKey>SUB_STRUTTURA</valoreKey>
            </datoKey>
          </keyRecord>
          <datoRecord>
            <colonnaDato>nm_sub_strut</colonnaDato>
            <labelDato>Sottostruttura</labelDato>
            <valoreDato>DEFAULT</valoreDato>
          </datoRecord>
          <datoRecord>
            <colonnaDato>nm_attrib_dati_spec</colonnaDato>
            <labelDato>Dato specifico</labelDato>
            <valoreDato>null</valoreDato>
          </datoRecord>
        </child>
      </recordChild>
    </child>
    <child>
      <idRecord>1907</idRecord>
      <keyRecord>
        <datoKey>
          <colonnaKey>nm_tipo_doc</colonnaKey>
          <labelKey>Tipo documento principale</labelKey>
          <valoreKey>BLOCCO_ASC</valoreKey>
        </datoKey>
        <datoKey>
          <colonnaKey>dt_istituz</colonnaKey>
          <labelKey>Data istituzione</labelKey>
          <valoreKey>12/02/2015</valoreKey>
        </datoKey>
      </keyRecord>
      <datoRecord>
        <colonnaDato>dt_soppres</colonnaDato>
        <labelDato>Data soppressione</labelDato>
        <valoreDato>31/12/2444</valoreDato>
      </datoRecord>
      <recordChild>
        <tipoRecord>Campo per partizionamento</tipoRecord>
        <child>
          <idRecord>1218</idRecord>
          <keyRecord>
            <datoKey>
              <colonnaKey>ti_campo</colonnaKey>
              <labelKey>Tipo campo</labelKey>
              <valoreKey>SUB_STRUT</valoreKey>
            </datoKey>
            <datoKey>
              <colonnaKey>nm_campo</colonnaKey>
              <labelKey>Nome campo</labelKey>
              <valoreKey>SUB_STRUTTURA</valoreKey>
            </datoKey>
          </keyRecord>
          <datoRecord>
            <colonnaDato>nm_sub_strut</colonnaDato>
            <labelDato>Sottostruttura</labelDato>
            <valoreDato>DEFAULT</valoreDato>
          </datoRecord>
          <datoRecord>
            <colonnaDato>nm_attrib_dati_spec</colonnaDato>
            <labelDato>Dato specifico</labelDato>
            <valoreDato>null</valoreDato>
          </datoRecord>
        </child>
      </recordChild>
    </child>
    <child>
      <idRecord>1906</idRecord>
      <keyRecord>
        <datoKey>
          <colonnaKey>nm_tipo_doc</colonnaKey>
          <labelKey>Tipo documento principale</labelKey>
          <valoreKey>BLOCCO_ASC</valoreKey>
        </datoKey>
        <datoKey>
          <colonnaKey>dt_istituz</colonnaKey>
          <labelKey>Data istituzione</labelKey>
          <valoreKey>12/02/2015</valoreKey>
        </datoKey>
      </keyRecord>
      <datoRecord>
        <colonnaDato>dt_soppres</colonnaDato>
        <labelDato>Data soppressione</labelDato>
        <valoreDato>31/12/2444</valoreDato>
      </datoRecord>
      <recordChild>
        <tipoRecord>Campo per partizionamento</tipoRecord>
        <child>
          <idRecord>1217</idRecord>
          <keyRecord>
            <datoKey>
              <colonnaKey>ti_campo</colonnaKey>
              <labelKey>Tipo campo</labelKey>
              <valoreKey>SUB_STRUT</valoreKey>
            </datoKey>
            <datoKey>
              <colonnaKey>nm_campo</colonnaKey>
              <labelKey>Nome campo</labelKey>
              <valoreKey>SUB_STRUTTURA</valoreKey>
            </datoKey>
          </keyRecord>
          <datoRecord>
            <colonnaDato>nm_sub_strut</colonnaDato>
            <labelDato>Sottostruttura</labelDato>
            <valoreDato>DEFAULT</valoreDato>
          </datoRecord>
          <datoRecord>
            <colonnaDato>nm_attrib_dati_spec</colonnaDato>
            <labelDato>Dato specifico</labelDato>
            <valoreDato>null</valoreDato>
          </datoRecord>
        </child>
      </recordChild>
    </child>
    <child>
      <idRecord>1905</idRecord>
      <keyRecord>
        <datoKey>
          <colonnaKey>nm_tipo_doc</colonnaKey>
          <labelKey>Tipo documento principale</labelKey>
          <valoreKey>BLOCCO_ASC</valoreKey>
        </datoKey>
        <datoKey>
          <colonnaKey>dt_istituz</colonnaKey>
          <labelKey>Data istituzione</labelKey>
          <valoreKey>12/02/2015</valoreKey>
        </datoKey>
      </keyRecord>
      <datoRecord>
        <colonnaDato>dt_soppres</colonnaDato>
        <labelDato>Data soppressione</labelDato>
        <valoreDato>31/12/2444</valoreDato>
      </datoRecord>
      <recordChild>
        <tipoRecord>Campo per partizionamento</tipoRecord>
        <child>
          <idRecord>1216</idRecord>
          <keyRecord>
            <datoKey>
              <colonnaKey>ti_campo</colonnaKey>
              <labelKey>Tipo campo</labelKey>
              <valoreKey>SUB_STRUT</valoreKey>
            </datoKey>
            <datoKey>
              <colonnaKey>nm_campo</colonnaKey>
              <labelKey>Nome campo</labelKey>
              <valoreKey>SUB_STRUTTURA</valoreKey>
            </datoKey>
          </keyRecord>
          <datoRecord>
            <colonnaDato>nm_sub_strut</colonnaDato>
            <labelDato>Sottostruttura</labelDato>
            <valoreDato>DEFAULT</valoreDato>
          </datoRecord>
          <datoRecord>
            <colonnaDato>nm_attrib_dati_spec</colonnaDato>
            <labelDato>Dato specifico</labelDato>
            <valoreDato>null</valoreDato>
          </datoRecord>
        </child>
      </recordChild>
    </child>
    <child>
      <idRecord>1904</idRecord>
      <keyRecord>
        <datoKey>
          <colonnaKey>nm_tipo_doc</colonnaKey>
          <labelKey>Tipo documento principale</labelKey>
          <valoreKey>BLOCCO_ASC</valoreKey>
        </datoKey>
        <datoKey>
          <colonnaKey>dt_istituz</colonnaKey>
          <labelKey>Data istituzione</labelKey>
          <valoreKey>12/02/2015</valoreKey>
        </datoKey>
      </keyRecord>
      <datoRecord>
        <colonnaDato>dt_soppres</colonnaDato>
        <labelDato>Data soppressione</labelDato>
        <valoreDato>31/12/2444</valoreDato>
      </datoRecord>
      <recordChild>
        <tipoRecord>Campo per partizionamento</tipoRecord>
        <child>
          <idRecord>1215</idRecord>
          <keyRecord>
            <datoKey>
              <colonnaKey>ti_campo</colonnaKey>
              <labelKey>Tipo campo</labelKey>
              <valoreKey>SUB_STRUT</valoreKey>
            </datoKey>
            <datoKey>
              <colonnaKey>nm_campo</colonnaKey>
              <labelKey>Nome campo</labelKey>
              <valoreKey>SUB_STRUTTURA</valoreKey>
            </datoKey>
          </keyRecord>
          <datoRecord>
            <colonnaDato>nm_sub_strut</colonnaDato>
            <labelDato>Sottostruttura</labelDato>
            <valoreDato>DEFAULT</valoreDato>
          </datoRecord>
          <datoRecord>
            <colonnaDato>nm_attrib_dati_spec</colonnaDato>
            <labelDato>Dato specifico</labelDato>
            <valoreDato>null</valoreDato>
          </datoRecord>
        </child>
      </recordChild>
    </child>
    <child>
      <idRecord>1903</idRecord>
      <keyRecord>
        <datoKey>
          <colonnaKey>nm_tipo_doc</colonnaKey>
          <labelKey>Tipo documento principale</labelKey>
          <valoreKey>BLOCCO_ASC</valoreKey>
        </datoKey>
        <datoKey>
          <colonnaKey>dt_istituz</colonnaKey>
          <labelKey>Data istituzione</labelKey>
          <valoreKey>12/02/2015</valoreKey>
        </datoKey>
      </keyRecord>
      <datoRecord>
        <colonnaDato>dt_soppres</colonnaDato>
        <labelDato>Data soppressione</labelDato>
        <valoreDato>31/12/2444</valoreDato>
      </datoRecord>
      <recordChild>
        <tipoRecord>Campo per partizionamento</tipoRecord>
        <child>
          <idRecord>1214</idRecord>
          <keyRecord>
            <datoKey>
              <colonnaKey>ti_campo</colonnaKey>
              <labelKey>Tipo campo</labelKey>
              <valoreKey>SUB_STRUT</valoreKey>
            </datoKey>
            <datoKey>
              <colonnaKey>nm_campo</colonnaKey>
              <labelKey>Nome campo</labelKey>
              <valoreKey>SUB_STRUTTURA</valoreKey>
            </datoKey>
          </keyRecord>
          <datoRecord>
            <colonnaDato>nm_sub_strut</colonnaDato>
            <labelDato>Sottostruttura</labelDato>
            <valoreDato>DEFAULT</valoreDato>
          </datoRecord>
          <datoRecord>
            <colonnaDato>nm_attrib_dati_spec</colonnaDato>
            <labelDato>Dato specifico</labelDato>
            <valoreDato>null</valoreDato>
          </datoRecord>
        </child>
      </recordChild>
    </child>
    <child>
      <idRecord>491</idRecord>
      <keyRecord>
        <datoKey>
          <colonnaKey>nm_tipo_doc</colonnaKey>
          <labelKey>Tipo documento principale</labelKey>
          <valoreKey>BLOCCO_ASC</valoreKey>
        </datoKey>
        <datoKey>
          <colonnaKey>dt_istituz</colonnaKey>
          <labelKey>Data istituzione</labelKey>
          <valoreKey>10/11/2014</valoreKey>
        </datoKey>
      </keyRecord>
      <datoRecord>
        <colonnaDato>dt_soppres</colonnaDato>
        <labelDato>Data soppressione</labelDato>
        <valoreDato>31/12/2444</valoreDato>
      </datoRecord>
      <recordChild>
        <tipoRecord>Campo per partizionamento</tipoRecord>
        <child>
          <idRecord>235</idRecord>
          <keyRecord>
            <datoKey>
              <colonnaKey>ti_campo</colonnaKey>
              <labelKey>Tipo campo</labelKey>
              <valoreKey>SUB_STRUT</valoreKey>
            </datoKey>
            <datoKey>
              <colonnaKey>nm_campo</colonnaKey>
              <labelKey>Nome campo</labelKey>
              <valoreKey>SUB_STRUTTURA</valoreKey>
            </datoKey>
          </keyRecord>
          <datoRecord>
            <colonnaDato>nm_sub_strut</colonnaDato>
            <labelDato>Sottostruttura</labelDato>
            <valoreDato>DEFAULT</valoreDato>
          </datoRecord>
          <datoRecord>
            <colonnaDato>nm_attrib_dati_spec</colonnaDato>
            <labelDato>Dato specifico</labelDato>
            <valoreDato>null</valoreDato>
          </datoRecord>
        </child>
      </recordChild>
    </child>
    <child>
      <idRecord>2240</idRecord>
      <keyRecord>
        <datoKey>
          <colonnaKey>nm_tipo_doc</colonnaKey>
          <labelKey>Tipo documento principale</labelKey>
          <valoreKey>BLOCCO_ASC</valoreKey>
        </datoKey>
        <datoKey>
          <colonnaKey>dt_istituz</colonnaKey>
          <labelKey>Data istituzione</labelKey>
          <valoreKey>12/02/2015</valoreKey>
        </datoKey>
      </keyRecord>
      <datoRecord>
        <colonnaDato>dt_soppres</colonnaDato>
        <labelDato>Data soppressione</labelDato>
        <valoreDato>31/12/2444</valoreDato>
      </datoRecord>
      <recordChild>
        <tipoRecord>Campo per partizionamento</tipoRecord>
        <child>
          <idRecord>883</idRecord>
          <keyRecord>
            <datoKey>
              <colonnaKey>ti_campo</colonnaKey>
              <labelKey>Tipo campo</labelKey>
              <valoreKey>SUB_STRUT</valoreKey>
            </datoKey>
            <datoKey>
              <colonnaKey>nm_campo</colonnaKey>
              <labelKey>Nome campo</labelKey>
              <valoreKey>SUB_STRUTTURA</valoreKey>
            </datoKey>
          </keyRecord>
          <datoRecord>
            <colonnaDato>nm_sub_strut</colonnaDato>
            <labelDato>Sottostruttura</labelDato>
            <valoreDato>DEFAULT</valoreDato>
          </datoRecord>
          <datoRecord>
            <colonnaDato>nm_attrib_dati_spec</colonnaDato>
            <labelDato>Dato specifico</labelDato>
            <valoreDato>null</valoreDato>
          </datoRecord>
        </child>
      </recordChild>
    </child>
    <child>
      <idRecord>2239</idRecord>
      <keyRecord>
        <datoKey>
          <colonnaKey>nm_tipo_doc</colonnaKey>
          <labelKey>Tipo documento principale</labelKey>
          <valoreKey>BLOCCO_ASC</valoreKey>
        </datoKey>
        <datoKey>
          <colonnaKey>dt_istituz</colonnaKey>
          <labelKey>Data istituzione</labelKey>
          <valoreKey>12/02/2015</valoreKey>
        </datoKey>
      </keyRecord>
      <datoRecord>
        <colonnaDato>dt_soppres</colonnaDato>
        <labelDato>Data soppressione</labelDato>
        <valoreDato>31/12/2444</valoreDato>
      </datoRecord>
      <recordChild>
        <tipoRecord>Campo per partizionamento</tipoRecord>
        <child>
          <idRecord>882</idRecord>
          <keyRecord>
            <datoKey>
              <colonnaKey>ti_campo</colonnaKey>
              <labelKey>Tipo campo</labelKey>
              <valoreKey>SUB_STRUT</valoreKey>
            </datoKey>
            <datoKey>
              <colonnaKey>nm_campo</colonnaKey>
              <labelKey>Nome campo</labelKey>
              <valoreKey>SUB_STRUTTURA</valoreKey>
            </datoKey>
          </keyRecord>
          <datoRecord>
            <colonnaDato>nm_sub_strut</colonnaDato>
            <labelDato>Sottostruttura</labelDato>
            <valoreDato>DEFAULT</valoreDato>
          </datoRecord>
          <datoRecord>
            <colonnaDato>nm_attrib_dati_spec</colonnaDato>
            <labelDato>Dato specifico</labelDato>
            <valoreDato>null</valoreDato>
          </datoRecord>
        </child>
      </recordChild>
    </child>
    <child>
      <idRecord>2238</idRecord>
      <keyRecord>
        <datoKey>
          <colonnaKey>nm_tipo_doc</colonnaKey>
          <labelKey>Tipo documento principale</labelKey>
          <valoreKey>BLOCCO_ASC</valoreKey>
        </datoKey>
        <datoKey>
          <colonnaKey>dt_istituz</colonnaKey>
          <labelKey>Data istituzione</labelKey>
          <valoreKey>12/02/2015</valoreKey>
        </datoKey>
      </keyRecord>
      <datoRecord>
        <colonnaDato>dt_soppres</colonnaDato>
        <labelDato>Data soppressione</labelDato>
        <valoreDato>31/12/2444</valoreDato>
      </datoRecord>
      <recordChild>
        <tipoRecord>Campo per partizionamento</tipoRecord>
        <child>
          <idRecord>881</idRecord>
          <keyRecord>
            <datoKey>
              <colonnaKey>ti_campo</colonnaKey>
              <labelKey>Tipo campo</labelKey>
              <valoreKey>SUB_STRUT</valoreKey>
            </datoKey>
            <datoKey>
              <colonnaKey>nm_campo</colonnaKey>
              <labelKey>Nome campo</labelKey>
              <valoreKey>SUB_STRUTTURA</valoreKey>
            </datoKey>
          </keyRecord>
          <datoRecord>
            <colonnaDato>nm_sub_strut</colonnaDato>
            <labelDato>Sottostruttura</labelDato>
            <valoreDato>DEFAULT</valoreDato>
          </datoRecord>
          <datoRecord>
            <colonnaDato>nm_attrib_dati_spec</colonnaDato>
            <labelDato>Dato specifico</labelDato>
            <valoreDato>null</valoreDato>
          </datoRecord>
        </child>
      </recordChild>
    </child>
    <child>
      <idRecord>2237</idRecord>
      <keyRecord>
        <datoKey>
          <colonnaKey>nm_tipo_doc</colonnaKey>
          <labelKey>Tipo documento principale</labelKey>
          <valoreKey>BLOCCO_ASC</valoreKey>
        </datoKey>
        <datoKey>
          <colonnaKey>dt_istituz</colonnaKey>
          <labelKey>Data istituzione</labelKey>
          <valoreKey>12/02/2015</valoreKey>
        </datoKey>
      </keyRecord>
      <datoRecord>
        <colonnaDato>dt_soppres</colonnaDato>
        <labelDato>Data soppressione</labelDato>
        <valoreDato>31/12/2444</valoreDato>
      </datoRecord>
      <recordChild>
        <tipoRecord>Campo per partizionamento</tipoRecord>
        <child>
          <idRecord>880</idRecord>
          <keyRecord>
            <datoKey>
              <colonnaKey>ti_campo</colonnaKey>
              <labelKey>Tipo campo</labelKey>
              <valoreKey>SUB_STRUT</valoreKey>
            </datoKey>
            <datoKey>
              <colonnaKey>nm_campo</colonnaKey>
              <labelKey>Nome campo</labelKey>
              <valoreKey>SUB_STRUTTURA</valoreKey>
            </datoKey>
          </keyRecord>
          <datoRecord>
            <colonnaDato>nm_sub_strut</colonnaDato>
            <labelDato>Sottostruttura</labelDato>
            <valoreDato>DEFAULT</valoreDato>
          </datoRecord>
          <datoRecord>
            <colonnaDato>nm_attrib_dati_spec</colonnaDato>
            <labelDato>Dato specifico</labelDato>
            <valoreDato>null</valoreDato>
          </datoRecord>
        </child>
      </recordChild>
    </child>
    <child>
      <idRecord>2236</idRecord>
      <keyRecord>
        <datoKey>
          <colonnaKey>nm_tipo_doc</colonnaKey>
          <labelKey>Tipo documento principale</labelKey>
          <valoreKey>BLOCCO_ASC</valoreKey>
        </datoKey>
        <datoKey>
          <colonnaKey>dt_istituz</colonnaKey>
          <labelKey>Data istituzione</labelKey>
          <valoreKey>12/02/2015</valoreKey>
        </datoKey>
      </keyRecord>
      <datoRecord>
        <colonnaDato>dt_soppres</colonnaDato>
        <labelDato>Data soppressione</labelDato>
        <valoreDato>31/12/2444</valoreDato>
      </datoRecord>
      <recordChild>
        <tipoRecord>Campo per partizionamento</tipoRecord>
        <child>
          <idRecord>879</idRecord>
          <keyRecord>
            <datoKey>
              <colonnaKey>ti_campo</colonnaKey>
              <labelKey>Tipo campo</labelKey>
              <valoreKey>SUB_STRUT</valoreKey>
            </datoKey>
            <datoKey>
              <colonnaKey>nm_campo</colonnaKey>
              <labelKey>Nome campo</labelKey>
              <valoreKey>SUB_STRUTTURA</valoreKey>
            </datoKey>
          </keyRecord>
          <datoRecord>
            <colonnaDato>nm_sub_strut</colonnaDato>
            <labelDato>Sottostruttura</labelDato>
            <valoreDato>DEFAULT</valoreDato>
          </datoRecord>
          <datoRecord>
            <colonnaDato>nm_attrib_dati_spec</colonnaDato>
            <labelDato>Dato specifico</labelDato>
            <valoreDato>null</valoreDato>
          </datoRecord>
        </child>
      </recordChild>
    </child>
    <child>
      <idRecord>2235</idRecord>
      <keyRecord>
        <datoKey>
          <colonnaKey>nm_tipo_doc</colonnaKey>
          <labelKey>Tipo documento principale</labelKey>
          <valoreKey>BLOCCO_ASC</valoreKey>
        </datoKey>
        <datoKey>
          <colonnaKey>dt_istituz</colonnaKey>
          <labelKey>Data istituzione</labelKey>
          <valoreKey>12/02/2015</valoreKey>
        </datoKey>
      </keyRecord>
      <datoRecord>
        <colonnaDato>dt_soppres</colonnaDato>
        <labelDato>Data soppressione</labelDato>
        <valoreDato>31/12/2444</valoreDato>
      </datoRecord>
      <recordChild>
        <tipoRecord>Campo per partizionamento</tipoRecord>
        <child>
          <idRecord>878</idRecord>
          <keyRecord>
            <datoKey>
              <colonnaKey>ti_campo</colonnaKey>
              <labelKey>Tipo campo</labelKey>
              <valoreKey>SUB_STRUT</valoreKey>
            </datoKey>
            <datoKey>
              <colonnaKey>nm_campo</colonnaKey>
              <labelKey>Nome campo</labelKey>
              <valoreKey>SUB_STRUTTURA</valoreKey>
            </datoKey>
          </keyRecord>
          <datoRecord>
            <colonnaDato>nm_sub_strut</colonnaDato>
            <labelDato>Sottostruttura</labelDato>
            <valoreDato>DEFAULT</valoreDato>
          </datoRecord>
          <datoRecord>
            <colonnaDato>nm_attrib_dati_spec</colonnaDato>
            <labelDato>Dato specifico</labelDato>
            <valoreDato>null</valoreDato>
          </datoRecord>
        </child>
      </recordChild>
    </child>
    <child>
      <idRecord>2234</idRecord>
      <keyRecord>
        <datoKey>
          <colonnaKey>nm_tipo_doc</colonnaKey>
          <labelKey>Tipo documento principale</labelKey>
          <valoreKey>BLOCCO_ASC</valoreKey>
        </datoKey>
        <datoKey>
          <colonnaKey>dt_istituz</colonnaKey>
          <labelKey>Data istituzione</labelKey>
          <valoreKey>12/02/2015</valoreKey>
        </datoKey>
      </keyRecord>
      <datoRecord>
        <colonnaDato>dt_soppres</colonnaDato>
        <labelDato>Data soppressione</labelDato>
        <valoreDato>31/12/2444</valoreDato>
      </datoRecord>
      <recordChild>
        <tipoRecord>Campo per partizionamento</tipoRecord>
        <child>
          <idRecord>877</idRecord>
          <keyRecord>
            <datoKey>
              <colonnaKey>ti_campo</colonnaKey>
              <labelKey>Tipo campo</labelKey>
              <valoreKey>SUB_STRUT</valoreKey>
            </datoKey>
            <datoKey>
              <colonnaKey>nm_campo</colonnaKey>
              <labelKey>Nome campo</labelKey>
              <valoreKey>SUB_STRUTTURA</valoreKey>
            </datoKey>
          </keyRecord>
          <datoRecord>
            <colonnaDato>nm_sub_strut</colonnaDato>
            <labelDato>Sottostruttura</labelDato>
            <valoreDato>DEFAULT</valoreDato>
          </datoRecord>
          <datoRecord>
            <colonnaDato>nm_attrib_dati_spec</colonnaDato>
            <labelDato>Dato specifico</labelDato>
            <valoreDato>null</valoreDato>
          </datoRecord>
        </child>
      </recordChild>
    </child>
    <child>
      <idRecord>2233</idRecord>
      <keyRecord>
        <datoKey>
          <colonnaKey>nm_tipo_doc</colonnaKey>
          <labelKey>Tipo documento principale</labelKey>
          <valoreKey>BLOCCO_ASC</valoreKey>
        </datoKey>
        <datoKey>
          <colonnaKey>dt_istituz</colonnaKey>
          <labelKey>Data istituzione</labelKey>
          <valoreKey>12/02/2015</valoreKey>
        </datoKey>
      </keyRecord>
      <datoRecord>
        <colonnaDato>dt_soppres</colonnaDato>
        <labelDato>Data soppressione</labelDato>
        <valoreDato>31/12/2444</valoreDato>
      </datoRecord>
      <recordChild>
        <tipoRecord>Campo per partizionamento</tipoRecord>
        <child>
          <idRecord>876</idRecord>
          <keyRecord>
            <datoKey>
              <colonnaKey>ti_campo</colonnaKey>
              <labelKey>Tipo campo</labelKey>
              <valoreKey>SUB_STRUT</valoreKey>
            </datoKey>
            <datoKey>
              <colonnaKey>nm_campo</colonnaKey>
              <labelKey>Nome campo</labelKey>
              <valoreKey>SUB_STRUTTURA</valoreKey>
            </datoKey>
          </keyRecord>
          <datoRecord>
            <colonnaDato>nm_sub_strut</colonnaDato>
            <labelDato>Sottostruttura</labelDato>
            <valoreDato>DEFAULT</valoreDato>
          </datoRecord>
          <datoRecord>
            <colonnaDato>nm_attrib_dati_spec</colonnaDato>
            <labelDato>Dato specifico</labelDato>
            <valoreDato>null</valoreDato>
          </datoRecord>
        </child>
      </recordChild>
    </child>
    <child>
      <idRecord>2232</idRecord>
      <keyRecord>
        <datoKey>
          <colonnaKey>nm_tipo_doc</colonnaKey>
          <labelKey>Tipo documento principale</labelKey>
          <valoreKey>BLOCCO_ASC</valoreKey>
        </datoKey>
        <datoKey>
          <colonnaKey>dt_istituz</colonnaKey>
          <labelKey>Data istituzione</labelKey>
          <valoreKey>12/02/2015</valoreKey>
        </datoKey>
      </keyRecord>
      <datoRecord>
        <colonnaDato>dt_soppres</colonnaDato>
        <labelDato>Data soppressione</labelDato>
        <valoreDato>31/12/2444</valoreDato>
      </datoRecord>
      <recordChild>
        <tipoRecord>Campo per partizionamento</tipoRecord>
        <child>
          <idRecord>875</idRecord>
          <keyRecord>
            <datoKey>
              <colonnaKey>ti_campo</colonnaKey>
              <labelKey>Tipo campo</labelKey>
              <valoreKey>SUB_STRUT</valoreKey>
            </datoKey>
            <datoKey>
              <colonnaKey>nm_campo</colonnaKey>
              <labelKey>Nome campo</labelKey>
              <valoreKey>SUB_STRUTTURA</valoreKey>
            </datoKey>
          </keyRecord>
          <datoRecord>
            <colonnaDato>nm_sub_strut</colonnaDato>
            <labelDato>Sottostruttura</labelDato>
            <valoreDato>DEFAULT</valoreDato>
          </datoRecord>
          <datoRecord>
            <colonnaDato>nm_attrib_dati_spec</colonnaDato>
            <labelDato>Dato specifico</labelDato>
            <valoreDato>null</valoreDato>
          </datoRecord>
        </child>
      </recordChild>
    </child>
    <child>
      <idRecord>2231</idRecord>
      <keyRecord>
        <datoKey>
          <colonnaKey>nm_tipo_doc</colonnaKey>
          <labelKey>Tipo documento principale</labelKey>
          <valoreKey>BLOCCO_ASC</valoreKey>
        </datoKey>
        <datoKey>
          <colonnaKey>dt_istituz</colonnaKey>
          <labelKey>Data istituzione</labelKey>
          <valoreKey>12/02/2015</valoreKey>
        </datoKey>
      </keyRecord>
      <datoRecord>
        <colonnaDato>dt_soppres</colonnaDato>
        <labelDato>Data soppressione</labelDato>
        <valoreDato>31/12/2444</valoreDato>
      </datoRecord>
      <recordChild>
        <tipoRecord>Campo per partizionamento</tipoRecord>
        <child>
          <idRecord>874</idRecord>
          <keyRecord>
            <datoKey>
              <colonnaKey>ti_campo</colonnaKey>
              <labelKey>Tipo campo</labelKey>
              <valoreKey>SUB_STRUT</valoreKey>
            </datoKey>
            <datoKey>
              <colonnaKey>nm_campo</colonnaKey>
              <labelKey>Nome campo</labelKey>
              <valoreKey>SUB_STRUTTURA</valoreKey>
            </datoKey>
          </keyRecord>
          <datoRecord>
            <colonnaDato>nm_sub_strut</colonnaDato>
            <labelDato>Sottostruttura</labelDato>
            <valoreDato>DEFAULT</valoreDato>
          </datoRecord>
          <datoRecord>
            <colonnaDato>nm_attrib_dati_spec</colonnaDato>
            <labelDato>Dato specifico</labelDato>
            <valoreDato>null</valoreDato>
          </datoRecord>
        </child>
      </recordChild>
    </child>
    <child>
      <idRecord>2230</idRecord>
      <keyRecord>
        <datoKey>
          <colonnaKey>nm_tipo_doc</colonnaKey>
          <labelKey>Tipo documento principale</labelKey>
          <valoreKey>BLOCCO_ASC</valoreKey>
        </datoKey>
        <datoKey>
          <colonnaKey>dt_istituz</colonnaKey>
          <labelKey>Data istituzione</labelKey>
          <valoreKey>12/02/2015</valoreKey>
        </datoKey>
      </keyRecord>
      <datoRecord>
        <colonnaDato>dt_soppres</colonnaDato>
        <labelDato>Data soppressione</labelDato>
        <valoreDato>31/12/2444</valoreDato>
      </datoRecord>
      <recordChild>
        <tipoRecord>Campo per partizionamento</tipoRecord>
        <child>
          <idRecord>873</idRecord>
          <keyRecord>
            <datoKey>
              <colonnaKey>ti_campo</colonnaKey>
              <labelKey>Tipo campo</labelKey>
              <valoreKey>SUB_STRUT</valoreKey>
            </datoKey>
            <datoKey>
              <colonnaKey>nm_campo</colonnaKey>
              <labelKey>Nome campo</labelKey>
              <valoreKey>SUB_STRUTTURA</valoreKey>
            </datoKey>
          </keyRecord>
          <datoRecord>
            <colonnaDato>nm_sub_strut</colonnaDato>
            <labelDato>Sottostruttura</labelDato>
            <valoreDato>DEFAULT</valoreDato>
          </datoRecord>
          <datoRecord>
            <colonnaDato>nm_attrib_dati_spec</colonnaDato>
            <labelDato>Dato specifico</labelDato>
            <valoreDato>null</valoreDato>
          </datoRecord>
        </child>
      </recordChild>
    </child>
    <child>
      <idRecord>2229</idRecord>
      <keyRecord>
        <datoKey>
          <colonnaKey>nm_tipo_doc</colonnaKey>
          <labelKey>Tipo documento principale</labelKey>
          <valoreKey>BLOCCO_ASC</valoreKey>
        </datoKey>
        <datoKey>
          <colonnaKey>dt_istituz</colonnaKey>
          <labelKey>Data istituzione</labelKey>
          <valoreKey>12/02/2015</valoreKey>
        </datoKey>
      </keyRecord>
      <datoRecord>
        <colonnaDato>dt_soppres</colonnaDato>
        <labelDato>Data soppressione</labelDato>
        <valoreDato>31/12/2444</valoreDato>
      </datoRecord>
      <recordChild>
        <tipoRecord>Campo per partizionamento</tipoRecord>
        <child>
          <idRecord>872</idRecord>
          <keyRecord>
            <datoKey>
              <colonnaKey>ti_campo</colonnaKey>
              <labelKey>Tipo campo</labelKey>
              <valoreKey>SUB_STRUT</valoreKey>
            </datoKey>
            <datoKey>
              <colonnaKey>nm_campo</colonnaKey>
              <labelKey>Nome campo</labelKey>
              <valoreKey>SUB_STRUTTURA</valoreKey>
            </datoKey>
          </keyRecord>
          <datoRecord>
            <colonnaDato>nm_sub_strut</colonnaDato>
            <labelDato>Sottostruttura</labelDato>
            <valoreDato>DEFAULT</valoreDato>
          </datoRecord>
          <datoRecord>
            <colonnaDato>nm_attrib_dati_spec</colonnaDato>
            <labelDato>Dato specifico</labelDato>
            <valoreDato>null</valoreDato>
          </datoRecord>
        </child>
      </recordChild>
    </child>
    <child>
      <idRecord>2241</idRecord>
      <keyRecord>
        <datoKey>
          <colonnaKey>nm_tipo_doc</colonnaKey>
          <labelKey>Tipo documento principale</labelKey>
          <valoreKey>CERT_CA_ASC</valoreKey>
        </datoKey>
        <datoKey>
          <colonnaKey>dt_istituz</colonnaKey>
          <labelKey>Data istituzione</labelKey>
          <valoreKey>12/02/2015</valoreKey>
        </datoKey>
      </keyRecord>
      <datoRecord>
        <colonnaDato>dt_soppres</colonnaDato>
        <labelDato>Data soppressione</labelDato>
        <valoreDato>31/12/2444</valoreDato>
      </datoRecord>
      <recordChild>
        <tipoRecord>Campo per partizionamento</tipoRecord>
        <child>
          <idRecord>884</idRecord>
          <keyRecord>
            <datoKey>
              <colonnaKey>ti_campo</colonnaKey>
              <labelKey>Tipo campo</labelKey>
              <valoreKey>SUB_STRUT</valoreKey>
            </datoKey>
            <datoKey>
              <colonnaKey>nm_campo</colonnaKey>
              <labelKey>Nome campo</labelKey>
              <valoreKey>SUB_STRUTTURA</valoreKey>
            </datoKey>
          </keyRecord>
          <datoRecord>
            <colonnaDato>nm_sub_strut</colonnaDato>
            <labelDato>Sottostruttura</labelDato>
            <valoreDato>DEFAULT</valoreDato>
          </datoRecord>
          <datoRecord>
            <colonnaDato>nm_attrib_dati_spec</colonnaDato>
            <labelDato>Dato specifico</labelDato>
            <valoreDato>null</valoreDato>
          </datoRecord>
        </child>
      </recordChild>
    </child>
    <child>
      <idRecord>1918</idRecord>
      <keyRecord>
        <datoKey>
          <colonnaKey>nm_tipo_doc</colonnaKey>
          <labelKey>Tipo documento principale</labelKey>
          <valoreKey>CERT_CA_ASC</valoreKey>
        </datoKey>
        <datoKey>
          <colonnaKey>dt_istituz</colonnaKey>
          <labelKey>Data istituzione</labelKey>
          <valoreKey>12/02/2015</valoreKey>
        </datoKey>
      </keyRecord>
      <datoRecord>
        <colonnaDato>dt_soppres</colonnaDato>
        <labelDato>Data soppressione</labelDato>
        <valoreDato>31/12/2444</valoreDato>
      </datoRecord>
      <recordChild>
        <tipoRecord>Campo per partizionamento</tipoRecord>
        <child>
          <idRecord>1229</idRecord>
          <keyRecord>
            <datoKey>
              <colonnaKey>ti_campo</colonnaKey>
              <labelKey>Tipo campo</labelKey>
              <valoreKey>SUB_STRUT</valoreKey>
            </datoKey>
            <datoKey>
              <colonnaKey>nm_campo</colonnaKey>
              <labelKey>Nome campo</labelKey>
              <valoreKey>SUB_STRUTTURA</valoreKey>
            </datoKey>
          </keyRecord>
          <datoRecord>
            <colonnaDato>nm_sub_strut</colonnaDato>
            <labelDato>Sottostruttura</labelDato>
            <valoreDato>DEFAULT</valoreDato>
          </datoRecord>
          <datoRecord>
            <colonnaDato>nm_attrib_dati_spec</colonnaDato>
            <labelDato>Dato specifico</labelDato>
            <valoreDato>null</valoreDato>
          </datoRecord>
        </child>
      </recordChild>
    </child>
    <child>
      <idRecord>1917</idRecord>
      <keyRecord>
        <datoKey>
          <colonnaKey>nm_tipo_doc</colonnaKey>
          <labelKey>Tipo documento principale</labelKey>
          <valoreKey>CERT_CA_ASC</valoreKey>
        </datoKey>
        <datoKey>
          <colonnaKey>dt_istituz</colonnaKey>
          <labelKey>Data istituzione</labelKey>
          <valoreKey>12/02/2015</valoreKey>
        </datoKey>
      </keyRecord>
      <datoRecord>
        <colonnaDato>dt_soppres</colonnaDato>
        <labelDato>Data soppressione</labelDato>
        <valoreDato>31/12/2444</valoreDato>
      </datoRecord>
      <recordChild>
        <tipoRecord>Campo per partizionamento</tipoRecord>
        <child>
          <idRecord>1228</idRecord>
          <keyRecord>
            <datoKey>
              <colonnaKey>ti_campo</colonnaKey>
              <labelKey>Tipo campo</labelKey>
              <valoreKey>SUB_STRUT</valoreKey>
            </datoKey>
            <datoKey>
              <colonnaKey>nm_campo</colonnaKey>
              <labelKey>Nome campo</labelKey>
              <valoreKey>SUB_STRUTTURA</valoreKey>
            </datoKey>
          </keyRecord>
          <datoRecord>
            <colonnaDato>nm_sub_strut</colonnaDato>
            <labelDato>Sottostruttura</labelDato>
            <valoreDato>DEFAULT</valoreDato>
          </datoRecord>
          <datoRecord>
            <colonnaDato>nm_attrib_dati_spec</colonnaDato>
            <labelDato>Dato specifico</labelDato>
            <valoreDato>null</valoreDato>
          </datoRecord>
        </child>
      </recordChild>
    </child>
    <child>
      <idRecord>1916</idRecord>
      <keyRecord>
        <datoKey>
          <colonnaKey>nm_tipo_doc</colonnaKey>
          <labelKey>Tipo documento principale</labelKey>
          <valoreKey>CERT_CA_ASC</valoreKey>
        </datoKey>
        <datoKey>
          <colonnaKey>dt_istituz</colonnaKey>
          <labelKey>Data istituzione</labelKey>
          <valoreKey>12/02/2015</valoreKey>
        </datoKey>
      </keyRecord>
      <datoRecord>
        <colonnaDato>dt_soppres</colonnaDato>
        <labelDato>Data soppressione</labelDato>
        <valoreDato>31/12/2444</valoreDato>
      </datoRecord>
      <recordChild>
        <tipoRecord>Campo per partizionamento</tipoRecord>
        <child>
          <idRecord>1227</idRecord>
          <keyRecord>
            <datoKey>
              <colonnaKey>ti_campo</colonnaKey>
              <labelKey>Tipo campo</labelKey>
              <valoreKey>SUB_STRUT</valoreKey>
            </datoKey>
            <datoKey>
              <colonnaKey>nm_campo</colonnaKey>
              <labelKey>Nome campo</labelKey>
              <valoreKey>SUB_STRUTTURA</valoreKey>
            </datoKey>
          </keyRecord>
          <datoRecord>
            <colonnaDato>nm_sub_strut</colonnaDato>
            <labelDato>Sottostruttura</labelDato>
            <valoreDato>DEFAULT</valoreDato>
          </datoRecord>
          <datoRecord>
            <colonnaDato>nm_attrib_dati_spec</colonnaDato>
            <labelDato>Dato specifico</labelDato>
            <valoreDato>null</valoreDato>
          </datoRecord>
        </child>
      </recordChild>
    </child>
    <child>
      <idRecord>1915</idRecord>
      <keyRecord>
        <datoKey>
          <colonnaKey>nm_tipo_doc</colonnaKey>
          <labelKey>Tipo documento principale</labelKey>
          <valoreKey>CERT_CA_ASC</valoreKey>
        </datoKey>
        <datoKey>
          <colonnaKey>dt_istituz</colonnaKey>
          <labelKey>Data istituzione</labelKey>
          <valoreKey>12/02/2015</valoreKey>
        </datoKey>
      </keyRecord>
      <datoRecord>
        <colonnaDato>dt_soppres</colonnaDato>
        <labelDato>Data soppressione</labelDato>
        <valoreDato>31/12/2444</valoreDato>
      </datoRecord>
      <recordChild>
        <tipoRecord>Campo per partizionamento</tipoRecord>
        <child>
          <idRecord>1226</idRecord>
          <keyRecord>
            <datoKey>
              <colonnaKey>ti_campo</colonnaKey>
              <labelKey>Tipo campo</labelKey>
              <valoreKey>SUB_STRUT</valoreKey>
            </datoKey>
            <datoKey>
              <colonnaKey>nm_campo</colonnaKey>
              <labelKey>Nome campo</labelKey>
              <valoreKey>SUB_STRUTTURA</valoreKey>
            </datoKey>
          </keyRecord>
          <datoRecord>
            <colonnaDato>nm_sub_strut</colonnaDato>
            <labelDato>Sottostruttura</labelDato>
            <valoreDato>DEFAULT</valoreDato>
          </datoRecord>
          <datoRecord>
            <colonnaDato>nm_attrib_dati_spec</colonnaDato>
            <labelDato>Dato specifico</labelDato>
            <valoreDato>null</valoreDato>
          </datoRecord>
        </child>
      </recordChild>
    </child>
    <child>
      <idRecord>1914</idRecord>
      <keyRecord>
        <datoKey>
          <colonnaKey>nm_tipo_doc</colonnaKey>
          <labelKey>Tipo documento principale</labelKey>
          <valoreKey>CERT_CA_ASC</valoreKey>
        </datoKey>
        <datoKey>
          <colonnaKey>dt_istituz</colonnaKey>
          <labelKey>Data istituzione</labelKey>
          <valoreKey>12/02/2015</valoreKey>
        </datoKey>
      </keyRecord>
      <datoRecord>
        <colonnaDato>dt_soppres</colonnaDato>
        <labelDato>Data soppressione</labelDato>
        <valoreDato>31/12/2444</valoreDato>
      </datoRecord>
      <recordChild>
        <tipoRecord>Campo per partizionamento</tipoRecord>
        <child>
          <idRecord>1225</idRecord>
          <keyRecord>
            <datoKey>
              <colonnaKey>ti_campo</colonnaKey>
              <labelKey>Tipo campo</labelKey>
              <valoreKey>SUB_STRUT</valoreKey>
            </datoKey>
            <datoKey>
              <colonnaKey>nm_campo</colonnaKey>
              <labelKey>Nome campo</labelKey>
              <valoreKey>SUB_STRUTTURA</valoreKey>
            </datoKey>
          </keyRecord>
          <datoRecord>
            <colonnaDato>nm_sub_strut</colonnaDato>
            <labelDato>Sottostruttura</labelDato>
            <valoreDato>DEFAULT</valoreDato>
          </datoRecord>
          <datoRecord>
            <colonnaDato>nm_attrib_dati_spec</colonnaDato>
            <labelDato>Dato specifico</labelDato>
            <valoreDato>null</valoreDato>
          </datoRecord>
        </child>
      </recordChild>
    </child>
    <child>
      <idRecord>1913</idRecord>
      <keyRecord>
        <datoKey>
          <colonnaKey>nm_tipo_doc</colonnaKey>
          <labelKey>Tipo documento principale</labelKey>
          <valoreKey>CERT_CA_ASC</valoreKey>
        </datoKey>
        <datoKey>
          <colonnaKey>dt_istituz</colonnaKey>
          <labelKey>Data istituzione</labelKey>
          <valoreKey>12/02/2015</valoreKey>
        </datoKey>
      </keyRecord>
      <datoRecord>
        <colonnaDato>dt_soppres</colonnaDato>
        <labelDato>Data soppressione</labelDato>
        <valoreDato>31/12/2444</valoreDato>
      </datoRecord>
      <recordChild>
        <tipoRecord>Campo per partizionamento</tipoRecord>
        <child>
          <idRecord>1224</idRecord>
          <keyRecord>
            <datoKey>
              <colonnaKey>ti_campo</colonnaKey>
              <labelKey>Tipo campo</labelKey>
              <valoreKey>SUB_STRUT</valoreKey>
            </datoKey>
            <datoKey>
              <colonnaKey>nm_campo</colonnaKey>
              <labelKey>Nome campo</labelKey>
              <valoreKey>SUB_STRUTTURA</valoreKey>
            </datoKey>
          </keyRecord>
          <datoRecord>
            <colonnaDato>nm_sub_strut</colonnaDato>
            <labelDato>Sottostruttura</labelDato>
            <valoreDato>DEFAULT</valoreDato>
          </datoRecord>
          <datoRecord>
            <colonnaDato>nm_attrib_dati_spec</colonnaDato>
            <labelDato>Dato specifico</labelDato>
            <valoreDato>null</valoreDato>
          </datoRecord>
        </child>
      </recordChild>
    </child>
    <child>
      <idRecord>1912</idRecord>
      <keyRecord>
        <datoKey>
          <colonnaKey>nm_tipo_doc</colonnaKey>
          <labelKey>Tipo documento principale</labelKey>
          <valoreKey>CERT_CA_ASC</valoreKey>
        </datoKey>
        <datoKey>
          <colonnaKey>dt_istituz</colonnaKey>
          <labelKey>Data istituzione</labelKey>
          <valoreKey>12/02/2015</valoreKey>
        </datoKey>
      </keyRecord>
      <datoRecord>
        <colonnaDato>dt_soppres</colonnaDato>
        <labelDato>Data soppressione</labelDato>
        <valoreDato>31/12/2444</valoreDato>
      </datoRecord>
      <recordChild>
        <tipoRecord>Campo per partizionamento</tipoRecord>
        <child>
          <idRecord>1223</idRecord>
          <keyRecord>
            <datoKey>
              <colonnaKey>ti_campo</colonnaKey>
              <labelKey>Tipo campo</labelKey>
              <valoreKey>SUB_STRUT</valoreKey>
            </datoKey>
            <datoKey>
              <colonnaKey>nm_campo</colonnaKey>
              <labelKey>Nome campo</labelKey>
              <valoreKey>SUB_STRUTTURA</valoreKey>
            </datoKey>
          </keyRecord>
          <datoRecord>
            <colonnaDato>nm_sub_strut</colonnaDato>
            <labelDato>Sottostruttura</labelDato>
            <valoreDato>DEFAULT</valoreDato>
          </datoRecord>
          <datoRecord>
            <colonnaDato>nm_attrib_dati_spec</colonnaDato>
            <labelDato>Dato specifico</labelDato>
            <valoreDato>null</valoreDato>
          </datoRecord>
        </child>
      </recordChild>
    </child>
    <child>
      <idRecord>1911</idRecord>
      <keyRecord>
        <datoKey>
          <colonnaKey>nm_tipo_doc</colonnaKey>
          <labelKey>Tipo documento principale</labelKey>
          <valoreKey>CERT_CA_ASC</valoreKey>
        </datoKey>
        <datoKey>
          <colonnaKey>dt_istituz</colonnaKey>
          <labelKey>Data istituzione</labelKey>
          <valoreKey>12/02/2015</valoreKey>
        </datoKey>
      </keyRecord>
      <datoRecord>
        <colonnaDato>dt_soppres</colonnaDato>
        <labelDato>Data soppressione</labelDato>
        <valoreDato>31/12/2444</valoreDato>
      </datoRecord>
      <recordChild>
        <tipoRecord>Campo per partizionamento</tipoRecord>
        <child>
          <idRecord>1222</idRecord>
          <keyRecord>
            <datoKey>
              <colonnaKey>ti_campo</colonnaKey>
              <labelKey>Tipo campo</labelKey>
              <valoreKey>SUB_STRUT</valoreKey>
            </datoKey>
            <datoKey>
              <colonnaKey>nm_campo</colonnaKey>
              <labelKey>Nome campo</labelKey>
              <valoreKey>SUB_STRUTTURA</valoreKey>
            </datoKey>
          </keyRecord>
          <datoRecord>
            <colonnaDato>nm_sub_strut</colonnaDato>
            <labelDato>Sottostruttura</labelDato>
            <valoreDato>DEFAULT</valoreDato>
          </datoRecord>
          <datoRecord>
            <colonnaDato>nm_attrib_dati_spec</colonnaDato>
            <labelDato>Dato specifico</labelDato>
            <valoreDato>null</valoreDato>
          </datoRecord>
        </child>
      </recordChild>
    </child>
    <child>
      <idRecord>522</idRecord>
      <keyRecord>
        <datoKey>
          <colonnaKey>nm_tipo_doc</colonnaKey>
          <labelKey>Tipo documento principale</labelKey>
          <valoreKey>CERT_CA_ASC</valoreKey>
        </datoKey>
        <datoKey>
          <colonnaKey>dt_istituz</colonnaKey>
          <labelKey>Data istituzione</labelKey>
          <valoreKey>10/11/2014</valoreKey>
        </datoKey>
      </keyRecord>
      <datoRecord>
        <colonnaDato>dt_soppres</colonnaDato>
        <labelDato>Data soppressione</labelDato>
        <valoreDato>31/12/2444</valoreDato>
      </datoRecord>
      <recordChild>
        <tipoRecord>Campo per partizionamento</tipoRecord>
        <child>
          <idRecord>266</idRecord>
          <keyRecord>
            <datoKey>
              <colonnaKey>ti_campo</colonnaKey>
              <labelKey>Tipo campo</labelKey>
              <valoreKey>SUB_STRUT</valoreKey>
            </datoKey>
            <datoKey>
              <colonnaKey>nm_campo</colonnaKey>
              <labelKey>Nome campo</labelKey>
              <valoreKey>SUB_STRUTTURA</valoreKey>
            </datoKey>
          </keyRecord>
          <datoRecord>
            <colonnaDato>nm_sub_strut</colonnaDato>
            <labelDato>Sottostruttura</labelDato>
            <valoreDato>DEFAULT</valoreDato>
          </datoRecord>
          <datoRecord>
            <colonnaDato>nm_attrib_dati_spec</colonnaDato>
            <labelDato>Dato specifico</labelDato>
            <valoreDato>null</valoreDato>
          </datoRecord>
        </child>
      </recordChild>
    </child>
    <child>
      <idRecord>2253</idRecord>
      <keyRecord>
        <datoKey>
          <colonnaKey>nm_tipo_doc</colonnaKey>
          <labelKey>Tipo documento principale</labelKey>
          <valoreKey>CERT_CA_ASC</valoreKey>
        </datoKey>
        <datoKey>
          <colonnaKey>dt_istituz</colonnaKey>
          <labelKey>Data istituzione</labelKey>
          <valoreKey>12/02/2015</valoreKey>
        </datoKey>
      </keyRecord>
      <datoRecord>
        <colonnaDato>dt_soppres</colonnaDato>
        <labelDato>Data soppressione</labelDato>
        <valoreDato>31/12/2444</valoreDato>
      </datoRecord>
      <recordChild>
        <tipoRecord>Campo per partizionamento</tipoRecord>
        <child>
          <idRecord>896</idRecord>
          <keyRecord>
            <datoKey>
              <colonnaKey>ti_campo</colonnaKey>
              <labelKey>Tipo campo</labelKey>
              <valoreKey>SUB_STRUT</valoreKey>
            </datoKey>
            <datoKey>
              <colonnaKey>nm_campo</colonnaKey>
              <labelKey>Nome campo</labelKey>
              <valoreKey>SUB_STRUTTURA</valoreKey>
            </datoKey>
          </keyRecord>
          <datoRecord>
            <colonnaDato>nm_sub_strut</colonnaDato>
            <labelDato>Sottostruttura</labelDato>
            <valoreDato>DEFAULT</valoreDato>
          </datoRecord>
          <datoRecord>
            <colonnaDato>nm_attrib_dati_spec</colonnaDato>
            <labelDato>Dato specifico</labelDato>
            <valoreDato>null</valoreDato>
          </datoRecord>
        </child>
      </recordChild>
    </child>
    <child>
      <idRecord>2252</idRecord>
      <keyRecord>
        <datoKey>
          <colonnaKey>nm_tipo_doc</colonnaKey>
          <labelKey>Tipo documento principale</labelKey>
          <valoreKey>CERT_CA_ASC</valoreKey>
        </datoKey>
        <datoKey>
          <colonnaKey>dt_istituz</colonnaKey>
          <labelKey>Data istituzione</labelKey>
          <valoreKey>12/02/2015</valoreKey>
        </datoKey>
      </keyRecord>
      <datoRecord>
        <colonnaDato>dt_soppres</colonnaDato>
        <labelDato>Data soppressione</labelDato>
        <valoreDato>31/12/2444</valoreDato>
      </datoRecord>
      <recordChild>
        <tipoRecord>Campo per partizionamento</tipoRecord>
        <child>
          <idRecord>895</idRecord>
          <keyRecord>
            <datoKey>
              <colonnaKey>ti_campo</colonnaKey>
              <labelKey>Tipo campo</labelKey>
              <valoreKey>SUB_STRUT</valoreKey>
            </datoKey>
            <datoKey>
              <colonnaKey>nm_campo</colonnaKey>
              <labelKey>Nome campo</labelKey>
              <valoreKey>SUB_STRUTTURA</valoreKey>
            </datoKey>
          </keyRecord>
          <datoRecord>
            <colonnaDato>nm_sub_strut</colonnaDato>
            <labelDato>Sottostruttura</labelDato>
            <valoreDato>DEFAULT</valoreDato>
          </datoRecord>
          <datoRecord>
            <colonnaDato>nm_attrib_dati_spec</colonnaDato>
            <labelDato>Dato specifico</labelDato>
            <valoreDato>null</valoreDato>
          </datoRecord>
        </child>
      </recordChild>
    </child>
    <child>
      <idRecord>2251</idRecord>
      <keyRecord>
        <datoKey>
          <colonnaKey>nm_tipo_doc</colonnaKey>
          <labelKey>Tipo documento principale</labelKey>
          <valoreKey>CERT_CA_ASC</valoreKey>
        </datoKey>
        <datoKey>
          <colonnaKey>dt_istituz</colonnaKey>
          <labelKey>Data istituzione</labelKey>
          <valoreKey>12/02/2015</valoreKey>
        </datoKey>
      </keyRecord>
      <datoRecord>
        <colonnaDato>dt_soppres</colonnaDato>
        <labelDato>Data soppressione</labelDato>
        <valoreDato>31/12/2444</valoreDato>
      </datoRecord>
      <recordChild>
        <tipoRecord>Campo per partizionamento</tipoRecord>
        <child>
          <idRecord>894</idRecord>
          <keyRecord>
            <datoKey>
              <colonnaKey>ti_campo</colonnaKey>
              <labelKey>Tipo campo</labelKey>
              <valoreKey>SUB_STRUT</valoreKey>
            </datoKey>
            <datoKey>
              <colonnaKey>nm_campo</colonnaKey>
              <labelKey>Nome campo</labelKey>
              <valoreKey>SUB_STRUTTURA</valoreKey>
            </datoKey>
          </keyRecord>
          <datoRecord>
            <colonnaDato>nm_sub_strut</colonnaDato>
            <labelDato>Sottostruttura</labelDato>
            <valoreDato>DEFAULT</valoreDato>
          </datoRecord>
          <datoRecord>
            <colonnaDato>nm_attrib_dati_spec</colonnaDato>
            <labelDato>Dato specifico</labelDato>
            <valoreDato>null</valoreDato>
          </datoRecord>
        </child>
      </recordChild>
    </child>
    <child>
      <idRecord>2250</idRecord>
      <keyRecord>
        <datoKey>
          <colonnaKey>nm_tipo_doc</colonnaKey>
          <labelKey>Tipo documento principale</labelKey>
          <valoreKey>CERT_CA_ASC</valoreKey>
        </datoKey>
        <datoKey>
          <colonnaKey>dt_istituz</colonnaKey>
          <labelKey>Data istituzione</labelKey>
          <valoreKey>12/02/2015</valoreKey>
        </datoKey>
      </keyRecord>
      <datoRecord>
        <colonnaDato>dt_soppres</colonnaDato>
        <labelDato>Data soppressione</labelDato>
        <valoreDato>31/12/2444</valoreDato>
      </datoRecord>
      <recordChild>
        <tipoRecord>Campo per partizionamento</tipoRecord>
        <child>
          <idRecord>893</idRecord>
          <keyRecord>
            <datoKey>
              <colonnaKey>ti_campo</colonnaKey>
              <labelKey>Tipo campo</labelKey>
              <valoreKey>SUB_STRUT</valoreKey>
            </datoKey>
            <datoKey>
              <colonnaKey>nm_campo</colonnaKey>
              <labelKey>Nome campo</labelKey>
              <valoreKey>SUB_STRUTTURA</valoreKey>
            </datoKey>
          </keyRecord>
          <datoRecord>
            <colonnaDato>nm_sub_strut</colonnaDato>
            <labelDato>Sottostruttura</labelDato>
            <valoreDato>DEFAULT</valoreDato>
          </datoRecord>
          <datoRecord>
            <colonnaDato>nm_attrib_dati_spec</colonnaDato>
            <labelDato>Dato specifico</labelDato>
            <valoreDato>null</valoreDato>
          </datoRecord>
        </child>
      </recordChild>
    </child>
    <child>
      <idRecord>2249</idRecord>
      <keyRecord>
        <datoKey>
          <colonnaKey>nm_tipo_doc</colonnaKey>
          <labelKey>Tipo documento principale</labelKey>
          <valoreKey>CERT_CA_ASC</valoreKey>
        </datoKey>
        <datoKey>
          <colonnaKey>dt_istituz</colonnaKey>
          <labelKey>Data istituzione</labelKey>
          <valoreKey>12/02/2015</valoreKey>
        </datoKey>
      </keyRecord>
      <datoRecord>
        <colonnaDato>dt_soppres</colonnaDato>
        <labelDato>Data soppressione</labelDato>
        <valoreDato>31/12/2444</valoreDato>
      </datoRecord>
      <recordChild>
        <tipoRecord>Campo per partizionamento</tipoRecord>
        <child>
          <idRecord>892</idRecord>
          <keyRecord>
            <datoKey>
              <colonnaKey>ti_campo</colonnaKey>
              <labelKey>Tipo campo</labelKey>
              <valoreKey>SUB_STRUT</valoreKey>
            </datoKey>
            <datoKey>
              <colonnaKey>nm_campo</colonnaKey>
              <labelKey>Nome campo</labelKey>
              <valoreKey>SUB_STRUTTURA</valoreKey>
            </datoKey>
          </keyRecord>
          <datoRecord>
            <colonnaDato>nm_sub_strut</colonnaDato>
            <labelDato>Sottostruttura</labelDato>
            <valoreDato>DEFAULT</valoreDato>
          </datoRecord>
          <datoRecord>
            <colonnaDato>nm_attrib_dati_spec</colonnaDato>
            <labelDato>Dato specifico</labelDato>
            <valoreDato>null</valoreDato>
          </datoRecord>
        </child>
      </recordChild>
    </child>
    <child>
      <idRecord>2248</idRecord>
      <keyRecord>
        <datoKey>
          <colonnaKey>nm_tipo_doc</colonnaKey>
          <labelKey>Tipo documento principale</labelKey>
          <valoreKey>CERT_CA_ASC</valoreKey>
        </datoKey>
        <datoKey>
          <colonnaKey>dt_istituz</colonnaKey>
          <labelKey>Data istituzione</labelKey>
          <valoreKey>12/02/2015</valoreKey>
        </datoKey>
      </keyRecord>
      <datoRecord>
        <colonnaDato>dt_soppres</colonnaDato>
        <labelDato>Data soppressione</labelDato>
        <valoreDato>31/12/2444</valoreDato>
      </datoRecord>
      <recordChild>
        <tipoRecord>Campo per partizionamento</tipoRecord>
        <child>
          <idRecord>891</idRecord>
          <keyRecord>
            <datoKey>
              <colonnaKey>ti_campo</colonnaKey>
              <labelKey>Tipo campo</labelKey>
              <valoreKey>SUB_STRUT</valoreKey>
            </datoKey>
            <datoKey>
              <colonnaKey>nm_campo</colonnaKey>
              <labelKey>Nome campo</labelKey>
              <valoreKey>SUB_STRUTTURA</valoreKey>
            </datoKey>
          </keyRecord>
          <datoRecord>
            <colonnaDato>nm_sub_strut</colonnaDato>
            <labelDato>Sottostruttura</labelDato>
            <valoreDato>DEFAULT</valoreDato>
          </datoRecord>
          <datoRecord>
            <colonnaDato>nm_attrib_dati_spec</colonnaDato>
            <labelDato>Dato specifico</labelDato>
            <valoreDato>null</valoreDato>
          </datoRecord>
        </child>
      </recordChild>
    </child>
    <child>
      <idRecord>2247</idRecord>
      <keyRecord>
        <datoKey>
          <colonnaKey>nm_tipo_doc</colonnaKey>
          <labelKey>Tipo documento principale</labelKey>
          <valoreKey>CERT_CA_ASC</valoreKey>
        </datoKey>
        <datoKey>
          <colonnaKey>dt_istituz</colonnaKey>
          <labelKey>Data istituzione</labelKey>
          <valoreKey>12/02/2015</valoreKey>
        </datoKey>
      </keyRecord>
      <datoRecord>
        <colonnaDato>dt_soppres</colonnaDato>
        <labelDato>Data soppressione</labelDato>
        <valoreDato>31/12/2444</valoreDato>
      </datoRecord>
      <recordChild>
        <tipoRecord>Campo per partizionamento</tipoRecord>
        <child>
          <idRecord>890</idRecord>
          <keyRecord>
            <datoKey>
              <colonnaKey>ti_campo</colonnaKey>
              <labelKey>Tipo campo</labelKey>
              <valoreKey>SUB_STRUT</valoreKey>
            </datoKey>
            <datoKey>
              <colonnaKey>nm_campo</colonnaKey>
              <labelKey>Nome campo</labelKey>
              <valoreKey>SUB_STRUTTURA</valoreKey>
            </datoKey>
          </keyRecord>
          <datoRecord>
            <colonnaDato>nm_sub_strut</colonnaDato>
            <labelDato>Sottostruttura</labelDato>
            <valoreDato>DEFAULT</valoreDato>
          </datoRecord>
          <datoRecord>
            <colonnaDato>nm_attrib_dati_spec</colonnaDato>
            <labelDato>Dato specifico</labelDato>
            <valoreDato>null</valoreDato>
          </datoRecord>
        </child>
      </recordChild>
    </child>
    <child>
      <idRecord>2246</idRecord>
      <keyRecord>
        <datoKey>
          <colonnaKey>nm_tipo_doc</colonnaKey>
          <labelKey>Tipo documento principale</labelKey>
          <valoreKey>CERT_CA_ASC</valoreKey>
        </datoKey>
        <datoKey>
          <colonnaKey>dt_istituz</colonnaKey>
          <labelKey>Data istituzione</labelKey>
          <valoreKey>12/02/2015</valoreKey>
        </datoKey>
      </keyRecord>
      <datoRecord>
        <colonnaDato>dt_soppres</colonnaDato>
        <labelDato>Data soppressione</labelDato>
        <valoreDato>31/12/2444</valoreDato>
      </datoRecord>
      <recordChild>
        <tipoRecord>Campo per partizionamento</tipoRecord>
        <child>
          <idRecord>889</idRecord>
          <keyRecord>
            <datoKey>
              <colonnaKey>ti_campo</colonnaKey>
              <labelKey>Tipo campo</labelKey>
              <valoreKey>SUB_STRUT</valoreKey>
            </datoKey>
            <datoKey>
              <colonnaKey>nm_campo</colonnaKey>
              <labelKey>Nome campo</labelKey>
              <valoreKey>SUB_STRUTTURA</valoreKey>
            </datoKey>
          </keyRecord>
          <datoRecord>
            <colonnaDato>nm_sub_strut</colonnaDato>
            <labelDato>Sottostruttura</labelDato>
            <valoreDato>DEFAULT</valoreDato>
          </datoRecord>
          <datoRecord>
            <colonnaDato>nm_attrib_dati_spec</colonnaDato>
            <labelDato>Dato specifico</labelDato>
            <valoreDato>null</valoreDato>
          </datoRecord>
        </child>
      </recordChild>
    </child>
    <child>
      <idRecord>2245</idRecord>
      <keyRecord>
        <datoKey>
          <colonnaKey>nm_tipo_doc</colonnaKey>
          <labelKey>Tipo documento principale</labelKey>
          <valoreKey>CERT_CA_ASC</valoreKey>
        </datoKey>
        <datoKey>
          <colonnaKey>dt_istituz</colonnaKey>
          <labelKey>Data istituzione</labelKey>
          <valoreKey>12/02/2015</valoreKey>
        </datoKey>
      </keyRecord>
      <datoRecord>
        <colonnaDato>dt_soppres</colonnaDato>
        <labelDato>Data soppressione</labelDato>
        <valoreDato>31/12/2444</valoreDato>
      </datoRecord>
      <recordChild>
        <tipoRecord>Campo per partizionamento</tipoRecord>
        <child>
          <idRecord>888</idRecord>
          <keyRecord>
            <datoKey>
              <colonnaKey>ti_campo</colonnaKey>
              <labelKey>Tipo campo</labelKey>
              <valoreKey>SUB_STRUT</valoreKey>
            </datoKey>
            <datoKey>
              <colonnaKey>nm_campo</colonnaKey>
              <labelKey>Nome campo</labelKey>
              <valoreKey>SUB_STRUTTURA</valoreKey>
            </datoKey>
          </keyRecord>
          <datoRecord>
            <colonnaDato>nm_sub_strut</colonnaDato>
            <labelDato>Sottostruttura</labelDato>
            <valoreDato>DEFAULT</valoreDato>
          </datoRecord>
          <datoRecord>
            <colonnaDato>nm_attrib_dati_spec</colonnaDato>
            <labelDato>Dato specifico</labelDato>
            <valoreDato>null</valoreDato>
          </datoRecord>
        </child>
      </recordChild>
    </child>
    <child>
      <idRecord>2244</idRecord>
      <keyRecord>
        <datoKey>
          <colonnaKey>nm_tipo_doc</colonnaKey>
          <labelKey>Tipo documento principale</labelKey>
          <valoreKey>CERT_CA_ASC</valoreKey>
        </datoKey>
        <datoKey>
          <colonnaKey>dt_istituz</colonnaKey>
          <labelKey>Data istituzione</labelKey>
          <valoreKey>12/02/2015</valoreKey>
        </datoKey>
      </keyRecord>
      <datoRecord>
        <colonnaDato>dt_soppres</colonnaDato>
        <labelDato>Data soppressione</labelDato>
        <valoreDato>31/12/2444</valoreDato>
      </datoRecord>
      <recordChild>
        <tipoRecord>Campo per partizionamento</tipoRecord>
        <child>
          <idRecord>887</idRecord>
          <keyRecord>
            <datoKey>
              <colonnaKey>ti_campo</colonnaKey>
              <labelKey>Tipo campo</labelKey>
              <valoreKey>SUB_STRUT</valoreKey>
            </datoKey>
            <datoKey>
              <colonnaKey>nm_campo</colonnaKey>
              <labelKey>Nome campo</labelKey>
              <valoreKey>SUB_STRUTTURA</valoreKey>
            </datoKey>
          </keyRecord>
          <datoRecord>
            <colonnaDato>nm_sub_strut</colonnaDato>
            <labelDato>Sottostruttura</labelDato>
            <valoreDato>DEFAULT</valoreDato>
          </datoRecord>
          <datoRecord>
            <colonnaDato>nm_attrib_dati_spec</colonnaDato>
            <labelDato>Dato specifico</labelDato>
            <valoreDato>null</valoreDato>
          </datoRecord>
        </child>
      </recordChild>
    </child>
    <child>
      <idRecord>2243</idRecord>
      <keyRecord>
        <datoKey>
          <colonnaKey>nm_tipo_doc</colonnaKey>
          <labelKey>Tipo documento principale</labelKey>
          <valoreKey>CERT_CA_ASC</valoreKey>
        </datoKey>
        <datoKey>
          <colonnaKey>dt_istituz</colonnaKey>
          <labelKey>Data istituzione</labelKey>
          <valoreKey>12/02/2015</valoreKey>
        </datoKey>
      </keyRecord>
      <datoRecord>
        <colonnaDato>dt_soppres</colonnaDato>
        <labelDato>Data soppressione</labelDato>
        <valoreDato>31/12/2444</valoreDato>
      </datoRecord>
      <recordChild>
        <tipoRecord>Campo per partizionamento</tipoRecord>
        <child>
          <idRecord>886</idRecord>
          <keyRecord>
            <datoKey>
              <colonnaKey>ti_campo</colonnaKey>
              <labelKey>Tipo campo</labelKey>
              <valoreKey>SUB_STRUT</valoreKey>
            </datoKey>
            <datoKey>
              <colonnaKey>nm_campo</colonnaKey>
              <labelKey>Nome campo</labelKey>
              <valoreKey>SUB_STRUTTURA</valoreKey>
            </datoKey>
          </keyRecord>
          <datoRecord>
            <colonnaDato>nm_sub_strut</colonnaDato>
            <labelDato>Sottostruttura</labelDato>
            <valoreDato>DEFAULT</valoreDato>
          </datoRecord>
          <datoRecord>
            <colonnaDato>nm_attrib_dati_spec</colonnaDato>
            <labelDato>Dato specifico</labelDato>
            <valoreDato>null</valoreDato>
          </datoRecord>
        </child>
      </recordChild>
    </child>
    <child>
      <idRecord>2242</idRecord>
      <keyRecord>
        <datoKey>
          <colonnaKey>nm_tipo_doc</colonnaKey>
          <labelKey>Tipo documento principale</labelKey>
          <valoreKey>CERT_CA_ASC</valoreKey>
        </datoKey>
        <datoKey>
          <colonnaKey>dt_istituz</colonnaKey>
          <labelKey>Data istituzione</labelKey>
          <valoreKey>12/02/2015</valoreKey>
        </datoKey>
      </keyRecord>
      <datoRecord>
        <colonnaDato>dt_soppres</colonnaDato>
        <labelDato>Data soppressione</labelDato>
        <valoreDato>31/12/2444</valoreDato>
      </datoRecord>
      <recordChild>
        <tipoRecord>Campo per partizionamento</tipoRecord>
        <child>
          <idRecord>885</idRecord>
          <keyRecord>
            <datoKey>
              <colonnaKey>ti_campo</colonnaKey>
              <labelKey>Tipo campo</labelKey>
              <valoreKey>SUB_STRUT</valoreKey>
            </datoKey>
            <datoKey>
              <colonnaKey>nm_campo</colonnaKey>
              <labelKey>Nome campo</labelKey>
              <valoreKey>SUB_STRUTTURA</valoreKey>
            </datoKey>
          </keyRecord>
          <datoRecord>
            <colonnaDato>nm_sub_strut</colonnaDato>
            <labelDato>Sottostruttura</labelDato>
            <valoreDato>DEFAULT</valoreDato>
          </datoRecord>
          <datoRecord>
            <colonnaDato>nm_attrib_dati_spec</colonnaDato>
            <labelDato>Dato specifico</labelDato>
            <valoreDato>null</valoreDato>
          </datoRecord>
        </child>
      </recordChild>
    </child>
    <child>
      <idRecord>11641</idRecord>
      <keyRecord>
        <datoKey>
          <colonnaKey>nm_tipo_doc</colonnaKey>
          <labelKey>Tipo documento principale</labelKey>
          <valoreKey>CONTRATTO</valoreKey>
        </datoKey>
        <datoKey>
          <colonnaKey>dt_istituz</colonnaKey>
          <labelKey>Data istituzione</labelKey>
          <valoreKey>02/11/2016</valoreKey>
        </datoKey>
      </keyRecord>
      <datoRecord>
        <colonnaDato>dt_soppres</colonnaDato>
        <labelDato>Data soppressione</labelDato>
        <valoreDato>31/12/2444</valoreDato>
      </datoRecord>
      <recordChild>
        <tipoRecord>Campo per partizionamento</tipoRecord>
        <child>
          <idRecord>9741</idRecord>
          <keyRecord>
            <datoKey>
              <colonnaKey>ti_campo</colonnaKey>
              <labelKey>Tipo campo</labelKey>
              <valoreKey>DATO_SPEC_UNI_DOC</valoreKey>
            </datoKey>
            <datoKey>
              <colonnaKey>nm_campo</colonnaKey>
              <labelKey>Nome campo</labelKey>
              <valoreKey>Destinatario</valoreKey>
            </datoKey>
          </keyRecord>
          <datoRecord>
            <colonnaDato>nm_sub_strut</colonnaDato>
            <labelDato>Sottostruttura</labelDato>
            <valoreDato>null</valoreDato>
          </datoRecord>
          <datoRecord>
            <colonnaDato>nm_attrib_dati_spec</colonnaDato>
            <labelDato>Dato specifico</labelDato>
            <valoreDato>Destinatario</valoreDato>
          </datoRecord>
        </child>
      </recordChild>
    </child>
    <child>
      <idRecord>2254</idRecord>
      <keyRecord>
        <datoKey>
          <colonnaKey>nm_tipo_doc</colonnaKey>
          <labelKey>Tipo documento principale</labelKey>
          <valoreKey>CRL_ASC</valoreKey>
        </datoKey>
        <datoKey>
          <colonnaKey>dt_istituz</colonnaKey>
          <labelKey>Data istituzione</labelKey>
          <valoreKey>12/02/2015</valoreKey>
        </datoKey>
      </keyRecord>
      <datoRecord>
        <colonnaDato>dt_soppres</colonnaDato>
        <labelDato>Data soppressione</labelDato>
        <valoreDato>31/12/2444</valoreDato>
      </datoRecord>
      <recordChild>
        <tipoRecord>Campo per partizionamento</tipoRecord>
        <child>
          <idRecord>897</idRecord>
          <keyRecord>
            <datoKey>
              <colonnaKey>ti_campo</colonnaKey>
              <labelKey>Tipo campo</labelKey>
              <valoreKey>SUB_STRUT</valoreKey>
            </datoKey>
            <datoKey>
              <colonnaKey>nm_campo</colonnaKey>
              <labelKey>Nome campo</labelKey>
              <valoreKey>SUB_STRUTTURA</valoreKey>
            </datoKey>
          </keyRecord>
          <datoRecord>
            <colonnaDato>nm_sub_strut</colonnaDato>
            <labelDato>Sottostruttura</labelDato>
            <valoreDato>DEFAULT</valoreDato>
          </datoRecord>
          <datoRecord>
            <colonnaDato>nm_attrib_dati_spec</colonnaDato>
            <labelDato>Dato specifico</labelDato>
            <valoreDato>null</valoreDato>
          </datoRecord>
        </child>
      </recordChild>
    </child>
    <child>
      <idRecord>1902</idRecord>
      <keyRecord>
        <datoKey>
          <colonnaKey>nm_tipo_doc</colonnaKey>
          <labelKey>Tipo documento principale</labelKey>
          <valoreKey>CRL_ASC</valoreKey>
        </datoKey>
        <datoKey>
          <colonnaKey>dt_istituz</colonnaKey>
          <labelKey>Data istituzione</labelKey>
          <valoreKey>12/02/2015</valoreKey>
        </datoKey>
      </keyRecord>
      <datoRecord>
        <colonnaDato>dt_soppres</colonnaDato>
        <labelDato>Data soppressione</labelDato>
        <valoreDato>31/12/2444</valoreDato>
      </datoRecord>
      <recordChild>
        <tipoRecord>Campo per partizionamento</tipoRecord>
        <child>
          <idRecord>1213</idRecord>
          <keyRecord>
            <datoKey>
              <colonnaKey>ti_campo</colonnaKey>
              <labelKey>Tipo campo</labelKey>
              <valoreKey>SUB_STRUT</valoreKey>
            </datoKey>
            <datoKey>
              <colonnaKey>nm_campo</colonnaKey>
              <labelKey>Nome campo</labelKey>
              <valoreKey>SUB_STRUTTURA</valoreKey>
            </datoKey>
          </keyRecord>
          <datoRecord>
            <colonnaDato>nm_sub_strut</colonnaDato>
            <labelDato>Sottostruttura</labelDato>
            <valoreDato>DEFAULT</valoreDato>
          </datoRecord>
          <datoRecord>
            <colonnaDato>nm_attrib_dati_spec</colonnaDato>
            <labelDato>Dato specifico</labelDato>
            <valoreDato>null</valoreDato>
          </datoRecord>
        </child>
      </recordChild>
    </child>
    <child>
      <idRecord>1901</idRecord>
      <keyRecord>
        <datoKey>
          <colonnaKey>nm_tipo_doc</colonnaKey>
          <labelKey>Tipo documento principale</labelKey>
          <valoreKey>CRL_ASC</valoreKey>
        </datoKey>
        <datoKey>
          <colonnaKey>dt_istituz</colonnaKey>
          <labelKey>Data istituzione</labelKey>
          <valoreKey>12/02/2015</valoreKey>
        </datoKey>
      </keyRecord>
      <datoRecord>
        <colonnaDato>dt_soppres</colonnaDato>
        <labelDato>Data soppressione</labelDato>
        <valoreDato>31/12/2444</valoreDato>
      </datoRecord>
      <recordChild>
        <tipoRecord>Campo per partizionamento</tipoRecord>
        <child>
          <idRecord>1212</idRecord>
          <keyRecord>
            <datoKey>
              <colonnaKey>ti_campo</colonnaKey>
              <labelKey>Tipo campo</labelKey>
              <valoreKey>SUB_STRUT</valoreKey>
            </datoKey>
            <datoKey>
              <colonnaKey>nm_campo</colonnaKey>
              <labelKey>Nome campo</labelKey>
              <valoreKey>SUB_STRUTTURA</valoreKey>
            </datoKey>
          </keyRecord>
          <datoRecord>
            <colonnaDato>nm_sub_strut</colonnaDato>
            <labelDato>Sottostruttura</labelDato>
            <valoreDato>DEFAULT</valoreDato>
          </datoRecord>
          <datoRecord>
            <colonnaDato>nm_attrib_dati_spec</colonnaDato>
            <labelDato>Dato specifico</labelDato>
            <valoreDato>null</valoreDato>
          </datoRecord>
        </child>
      </recordChild>
    </child>
    <child>
      <idRecord>1900</idRecord>
      <keyRecord>
        <datoKey>
          <colonnaKey>nm_tipo_doc</colonnaKey>
          <labelKey>Tipo documento principale</labelKey>
          <valoreKey>CRL_ASC</valoreKey>
        </datoKey>
        <datoKey>
          <colonnaKey>dt_istituz</colonnaKey>
          <labelKey>Data istituzione</labelKey>
          <valoreKey>12/02/2015</valoreKey>
        </datoKey>
      </keyRecord>
      <datoRecord>
        <colonnaDato>dt_soppres</colonnaDato>
        <labelDato>Data soppressione</labelDato>
        <valoreDato>31/12/2444</valoreDato>
      </datoRecord>
      <recordChild>
        <tipoRecord>Campo per partizionamento</tipoRecord>
        <child>
          <idRecord>1211</idRecord>
          <keyRecord>
            <datoKey>
              <colonnaKey>ti_campo</colonnaKey>
              <labelKey>Tipo campo</labelKey>
              <valoreKey>SUB_STRUT</valoreKey>
            </datoKey>
            <datoKey>
              <colonnaKey>nm_campo</colonnaKey>
              <labelKey>Nome campo</labelKey>
              <valoreKey>SUB_STRUTTURA</valoreKey>
            </datoKey>
          </keyRecord>
          <datoRecord>
            <colonnaDato>nm_sub_strut</colonnaDato>
            <labelDato>Sottostruttura</labelDato>
            <valoreDato>DEFAULT</valoreDato>
          </datoRecord>
          <datoRecord>
            <colonnaDato>nm_attrib_dati_spec</colonnaDato>
            <labelDato>Dato specifico</labelDato>
            <valoreDato>null</valoreDato>
          </datoRecord>
        </child>
      </recordChild>
    </child>
    <child>
      <idRecord>1899</idRecord>
      <keyRecord>
        <datoKey>
          <colonnaKey>nm_tipo_doc</colonnaKey>
          <labelKey>Tipo documento principale</labelKey>
          <valoreKey>CRL_ASC</valoreKey>
        </datoKey>
        <datoKey>
          <colonnaKey>dt_istituz</colonnaKey>
          <labelKey>Data istituzione</labelKey>
          <valoreKey>12/02/2015</valoreKey>
        </datoKey>
      </keyRecord>
      <datoRecord>
        <colonnaDato>dt_soppres</colonnaDato>
        <labelDato>Data soppressione</labelDato>
        <valoreDato>31/12/2444</valoreDato>
      </datoRecord>
      <recordChild>
        <tipoRecord>Campo per partizionamento</tipoRecord>
        <child>
          <idRecord>1210</idRecord>
          <keyRecord>
            <datoKey>
              <colonnaKey>ti_campo</colonnaKey>
              <labelKey>Tipo campo</labelKey>
              <valoreKey>SUB_STRUT</valoreKey>
            </datoKey>
            <datoKey>
              <colonnaKey>nm_campo</colonnaKey>
              <labelKey>Nome campo</labelKey>
              <valoreKey>SUB_STRUTTURA</valoreKey>
            </datoKey>
          </keyRecord>
          <datoRecord>
            <colonnaDato>nm_sub_strut</colonnaDato>
            <labelDato>Sottostruttura</labelDato>
            <valoreDato>DEFAULT</valoreDato>
          </datoRecord>
          <datoRecord>
            <colonnaDato>nm_attrib_dati_spec</colonnaDato>
            <labelDato>Dato specifico</labelDato>
            <valoreDato>null</valoreDato>
          </datoRecord>
        </child>
      </recordChild>
    </child>
    <child>
      <idRecord>1898</idRecord>
      <keyRecord>
        <datoKey>
          <colonnaKey>nm_tipo_doc</colonnaKey>
          <labelKey>Tipo documento principale</labelKey>
          <valoreKey>CRL_ASC</valoreKey>
        </datoKey>
        <datoKey>
          <colonnaKey>dt_istituz</colonnaKey>
          <labelKey>Data istituzione</labelKey>
          <valoreKey>12/02/2015</valoreKey>
        </datoKey>
      </keyRecord>
      <datoRecord>
        <colonnaDato>dt_soppres</colonnaDato>
        <labelDato>Data soppressione</labelDato>
        <valoreDato>31/12/2444</valoreDato>
      </datoRecord>
      <recordChild>
        <tipoRecord>Campo per partizionamento</tipoRecord>
        <child>
          <idRecord>1209</idRecord>
          <keyRecord>
            <datoKey>
              <colonnaKey>ti_campo</colonnaKey>
              <labelKey>Tipo campo</labelKey>
              <valoreKey>SUB_STRUT</valoreKey>
            </datoKey>
            <datoKey>
              <colonnaKey>nm_campo</colonnaKey>
              <labelKey>Nome campo</labelKey>
              <valoreKey>SUB_STRUTTURA</valoreKey>
            </datoKey>
          </keyRecord>
          <datoRecord>
            <colonnaDato>nm_sub_strut</colonnaDato>
            <labelDato>Sottostruttura</labelDato>
            <valoreDato>DEFAULT</valoreDato>
          </datoRecord>
          <datoRecord>
            <colonnaDato>nm_attrib_dati_spec</colonnaDato>
            <labelDato>Dato specifico</labelDato>
            <valoreDato>null</valoreDato>
          </datoRecord>
        </child>
      </recordChild>
    </child>
    <child>
      <idRecord>1897</idRecord>
      <keyRecord>
        <datoKey>
          <colonnaKey>nm_tipo_doc</colonnaKey>
          <labelKey>Tipo documento principale</labelKey>
          <valoreKey>CRL_ASC</valoreKey>
        </datoKey>
        <datoKey>
          <colonnaKey>dt_istituz</colonnaKey>
          <labelKey>Data istituzione</labelKey>
          <valoreKey>12/02/2015</valoreKey>
        </datoKey>
      </keyRecord>
      <datoRecord>
        <colonnaDato>dt_soppres</colonnaDato>
        <labelDato>Data soppressione</labelDato>
        <valoreDato>31/12/2444</valoreDato>
      </datoRecord>
      <recordChild>
        <tipoRecord>Campo per partizionamento</tipoRecord>
        <child>
          <idRecord>1208</idRecord>
          <keyRecord>
            <datoKey>
              <colonnaKey>ti_campo</colonnaKey>
              <labelKey>Tipo campo</labelKey>
              <valoreKey>SUB_STRUT</valoreKey>
            </datoKey>
            <datoKey>
              <colonnaKey>nm_campo</colonnaKey>
              <labelKey>Nome campo</labelKey>
              <valoreKey>SUB_STRUTTURA</valoreKey>
            </datoKey>
          </keyRecord>
          <datoRecord>
            <colonnaDato>nm_sub_strut</colonnaDato>
            <labelDato>Sottostruttura</labelDato>
            <valoreDato>DEFAULT</valoreDato>
          </datoRecord>
          <datoRecord>
            <colonnaDato>nm_attrib_dati_spec</colonnaDato>
            <labelDato>Dato specifico</labelDato>
            <valoreDato>null</valoreDato>
          </datoRecord>
        </child>
      </recordChild>
    </child>
    <child>
      <idRecord>1896</idRecord>
      <keyRecord>
        <datoKey>
          <colonnaKey>nm_tipo_doc</colonnaKey>
          <labelKey>Tipo documento principale</labelKey>
          <valoreKey>CRL_ASC</valoreKey>
        </datoKey>
        <datoKey>
          <colonnaKey>dt_istituz</colonnaKey>
          <labelKey>Data istituzione</labelKey>
          <valoreKey>12/02/2015</valoreKey>
        </datoKey>
      </keyRecord>
      <datoRecord>
        <colonnaDato>dt_soppres</colonnaDato>
        <labelDato>Data soppressione</labelDato>
        <valoreDato>31/12/2444</valoreDato>
      </datoRecord>
      <recordChild>
        <tipoRecord>Campo per partizionamento</tipoRecord>
        <child>
          <idRecord>1207</idRecord>
          <keyRecord>
            <datoKey>
              <colonnaKey>ti_campo</colonnaKey>
              <labelKey>Tipo campo</labelKey>
              <valoreKey>SUB_STRUT</valoreKey>
            </datoKey>
            <datoKey>
              <colonnaKey>nm_campo</colonnaKey>
              <labelKey>Nome campo</labelKey>
              <valoreKey>SUB_STRUTTURA</valoreKey>
            </datoKey>
          </keyRecord>
          <datoRecord>
            <colonnaDato>nm_sub_strut</colonnaDato>
            <labelDato>Sottostruttura</labelDato>
            <valoreDato>DEFAULT</valoreDato>
          </datoRecord>
          <datoRecord>
            <colonnaDato>nm_attrib_dati_spec</colonnaDato>
            <labelDato>Dato specifico</labelDato>
            <valoreDato>null</valoreDato>
          </datoRecord>
        </child>
      </recordChild>
    </child>
    <child>
      <idRecord>1895</idRecord>
      <keyRecord>
        <datoKey>
          <colonnaKey>nm_tipo_doc</colonnaKey>
          <labelKey>Tipo documento principale</labelKey>
          <valoreKey>CRL_ASC</valoreKey>
        </datoKey>
        <datoKey>
          <colonnaKey>dt_istituz</colonnaKey>
          <labelKey>Data istituzione</labelKey>
          <valoreKey>12/02/2015</valoreKey>
        </datoKey>
      </keyRecord>
      <datoRecord>
        <colonnaDato>dt_soppres</colonnaDato>
        <labelDato>Data soppressione</labelDato>
        <valoreDato>31/12/2444</valoreDato>
      </datoRecord>
      <recordChild>
        <tipoRecord>Campo per partizionamento</tipoRecord>
        <child>
          <idRecord>1206</idRecord>
          <keyRecord>
            <datoKey>
              <colonnaKey>ti_campo</colonnaKey>
              <labelKey>Tipo campo</labelKey>
              <valoreKey>SUB_STRUT</valoreKey>
            </datoKey>
            <datoKey>
              <colonnaKey>nm_campo</colonnaKey>
              <labelKey>Nome campo</labelKey>
              <valoreKey>SUB_STRUTTURA</valoreKey>
            </datoKey>
          </keyRecord>
          <datoRecord>
            <colonnaDato>nm_sub_strut</colonnaDato>
            <labelDato>Sottostruttura</labelDato>
            <valoreDato>DEFAULT</valoreDato>
          </datoRecord>
          <datoRecord>
            <colonnaDato>nm_attrib_dati_spec</colonnaDato>
            <labelDato>Dato specifico</labelDato>
            <valoreDato>null</valoreDato>
          </datoRecord>
        </child>
      </recordChild>
    </child>
    <child>
      <idRecord>523</idRecord>
      <keyRecord>
        <datoKey>
          <colonnaKey>nm_tipo_doc</colonnaKey>
          <labelKey>Tipo documento principale</labelKey>
          <valoreKey>CRL_ASC</valoreKey>
        </datoKey>
        <datoKey>
          <colonnaKey>dt_istituz</colonnaKey>
          <labelKey>Data istituzione</labelKey>
          <valoreKey>10/11/2014</valoreKey>
        </datoKey>
      </keyRecord>
      <datoRecord>
        <colonnaDato>dt_soppres</colonnaDato>
        <labelDato>Data soppressione</labelDato>
        <valoreDato>31/12/2444</valoreDato>
      </datoRecord>
      <recordChild>
        <tipoRecord>Campo per partizionamento</tipoRecord>
        <child>
          <idRecord>267</idRecord>
          <keyRecord>
            <datoKey>
              <colonnaKey>ti_campo</colonnaKey>
              <labelKey>Tipo campo</labelKey>
              <valoreKey>SUB_STRUT</valoreKey>
            </datoKey>
            <datoKey>
              <colonnaKey>nm_campo</colonnaKey>
              <labelKey>Nome campo</labelKey>
              <valoreKey>SUB_STRUTTURA</valoreKey>
            </datoKey>
          </keyRecord>
          <datoRecord>
            <colonnaDato>nm_sub_strut</colonnaDato>
            <labelDato>Sottostruttura</labelDato>
            <valoreDato>DEFAULT</valoreDato>
          </datoRecord>
          <datoRecord>
            <colonnaDato>nm_attrib_dati_spec</colonnaDato>
            <labelDato>Dato specifico</labelDato>
            <valoreDato>null</valoreDato>
          </datoRecord>
        </child>
      </recordChild>
    </child>
    <child>
      <idRecord>2266</idRecord>
      <keyRecord>
        <datoKey>
          <colonnaKey>nm_tipo_doc</colonnaKey>
          <labelKey>Tipo documento principale</labelKey>
          <valoreKey>CRL_ASC</valoreKey>
        </datoKey>
        <datoKey>
          <colonnaKey>dt_istituz</colonnaKey>
          <labelKey>Data istituzione</labelKey>
          <valoreKey>12/02/2015</valoreKey>
        </datoKey>
      </keyRecord>
      <datoRecord>
        <colonnaDato>dt_soppres</colonnaDato>
        <labelDato>Data soppressione</labelDato>
        <valoreDato>31/12/2444</valoreDato>
      </datoRecord>
      <recordChild>
        <tipoRecord>Campo per partizionamento</tipoRecord>
        <child>
          <idRecord>909</idRecord>
          <keyRecord>
            <datoKey>
              <colonnaKey>ti_campo</colonnaKey>
              <labelKey>Tipo campo</labelKey>
              <valoreKey>SUB_STRUT</valoreKey>
            </datoKey>
            <datoKey>
              <colonnaKey>nm_campo</colonnaKey>
              <labelKey>Nome campo</labelKey>
              <valoreKey>SUB_STRUTTURA</valoreKey>
            </datoKey>
          </keyRecord>
          <datoRecord>
            <colonnaDato>nm_sub_strut</colonnaDato>
            <labelDato>Sottostruttura</labelDato>
            <valoreDato>DEFAULT</valoreDato>
          </datoRecord>
          <datoRecord>
            <colonnaDato>nm_attrib_dati_spec</colonnaDato>
            <labelDato>Dato specifico</labelDato>
            <valoreDato>null</valoreDato>
          </datoRecord>
        </child>
      </recordChild>
    </child>
    <child>
      <idRecord>2265</idRecord>
      <keyRecord>
        <datoKey>
          <colonnaKey>nm_tipo_doc</colonnaKey>
          <labelKey>Tipo documento principale</labelKey>
          <valoreKey>CRL_ASC</valoreKey>
        </datoKey>
        <datoKey>
          <colonnaKey>dt_istituz</colonnaKey>
          <labelKey>Data istituzione</labelKey>
          <valoreKey>12/02/2015</valoreKey>
        </datoKey>
      </keyRecord>
      <datoRecord>
        <colonnaDato>dt_soppres</colonnaDato>
        <labelDato>Data soppressione</labelDato>
        <valoreDato>31/12/2444</valoreDato>
      </datoRecord>
      <recordChild>
        <tipoRecord>Campo per partizionamento</tipoRecord>
        <child>
          <idRecord>908</idRecord>
          <keyRecord>
            <datoKey>
              <colonnaKey>ti_campo</colonnaKey>
              <labelKey>Tipo campo</labelKey>
              <valoreKey>SUB_STRUT</valoreKey>
            </datoKey>
            <datoKey>
              <colonnaKey>nm_campo</colonnaKey>
              <labelKey>Nome campo</labelKey>
              <valoreKey>SUB_STRUTTURA</valoreKey>
            </datoKey>
          </keyRecord>
          <datoRecord>
            <colonnaDato>nm_sub_strut</colonnaDato>
            <labelDato>Sottostruttura</labelDato>
            <valoreDato>DEFAULT</valoreDato>
          </datoRecord>
          <datoRecord>
            <colonnaDato>nm_attrib_dati_spec</colonnaDato>
            <labelDato>Dato specifico</labelDato>
            <valoreDato>null</valoreDato>
          </datoRecord>
        </child>
      </recordChild>
    </child>
    <child>
      <idRecord>2264</idRecord>
      <keyRecord>
        <datoKey>
          <colonnaKey>nm_tipo_doc</colonnaKey>
          <labelKey>Tipo documento principale</labelKey>
          <valoreKey>CRL_ASC</valoreKey>
        </datoKey>
        <datoKey>
          <colonnaKey>dt_istituz</colonnaKey>
          <labelKey>Data istituzione</labelKey>
          <valoreKey>12/02/2015</valoreKey>
        </datoKey>
      </keyRecord>
      <datoRecord>
        <colonnaDato>dt_soppres</colonnaDato>
        <labelDato>Data soppressione</labelDato>
        <valoreDato>31/12/2444</valoreDato>
      </datoRecord>
      <recordChild>
        <tipoRecord>Campo per partizionamento</tipoRecord>
        <child>
          <idRecord>907</idRecord>
          <keyRecord>
            <datoKey>
              <colonnaKey>ti_campo</colonnaKey>
              <labelKey>Tipo campo</labelKey>
              <valoreKey>SUB_STRUT</valoreKey>
            </datoKey>
            <datoKey>
              <colonnaKey>nm_campo</colonnaKey>
              <labelKey>Nome campo</labelKey>
              <valoreKey>SUB_STRUTTURA</valoreKey>
            </datoKey>
          </keyRecord>
          <datoRecord>
            <colonnaDato>nm_sub_strut</colonnaDato>
            <labelDato>Sottostruttura</labelDato>
            <valoreDato>DEFAULT</valoreDato>
          </datoRecord>
          <datoRecord>
            <colonnaDato>nm_attrib_dati_spec</colonnaDato>
            <labelDato>Dato specifico</labelDato>
            <valoreDato>null</valoreDato>
          </datoRecord>
        </child>
      </recordChild>
    </child>
    <child>
      <idRecord>2263</idRecord>
      <keyRecord>
        <datoKey>
          <colonnaKey>nm_tipo_doc</colonnaKey>
          <labelKey>Tipo documento principale</labelKey>
          <valoreKey>CRL_ASC</valoreKey>
        </datoKey>
        <datoKey>
          <colonnaKey>dt_istituz</colonnaKey>
          <labelKey>Data istituzione</labelKey>
          <valoreKey>12/02/2015</valoreKey>
        </datoKey>
      </keyRecord>
      <datoRecord>
        <colonnaDato>dt_soppres</colonnaDato>
        <labelDato>Data soppressione</labelDato>
        <valoreDato>31/12/2444</valoreDato>
      </datoRecord>
      <recordChild>
        <tipoRecord>Campo per partizionamento</tipoRecord>
        <child>
          <idRecord>906</idRecord>
          <keyRecord>
            <datoKey>
              <colonnaKey>ti_campo</colonnaKey>
              <labelKey>Tipo campo</labelKey>
              <valoreKey>SUB_STRUT</valoreKey>
            </datoKey>
            <datoKey>
              <colonnaKey>nm_campo</colonnaKey>
              <labelKey>Nome campo</labelKey>
              <valoreKey>SUB_STRUTTURA</valoreKey>
            </datoKey>
          </keyRecord>
          <datoRecord>
            <colonnaDato>nm_sub_strut</colonnaDato>
            <labelDato>Sottostruttura</labelDato>
            <valoreDato>DEFAULT</valoreDato>
          </datoRecord>
          <datoRecord>
            <colonnaDato>nm_attrib_dati_spec</colonnaDato>
            <labelDato>Dato specifico</labelDato>
            <valoreDato>null</valoreDato>
          </datoRecord>
        </child>
      </recordChild>
    </child>
    <child>
      <idRecord>2262</idRecord>
      <keyRecord>
        <datoKey>
          <colonnaKey>nm_tipo_doc</colonnaKey>
          <labelKey>Tipo documento principale</labelKey>
          <valoreKey>CRL_ASC</valoreKey>
        </datoKey>
        <datoKey>
          <colonnaKey>dt_istituz</colonnaKey>
          <labelKey>Data istituzione</labelKey>
          <valoreKey>12/02/2015</valoreKey>
        </datoKey>
      </keyRecord>
      <datoRecord>
        <colonnaDato>dt_soppres</colonnaDato>
        <labelDato>Data soppressione</labelDato>
        <valoreDato>31/12/2444</valoreDato>
      </datoRecord>
      <recordChild>
        <tipoRecord>Campo per partizionamento</tipoRecord>
        <child>
          <idRecord>905</idRecord>
          <keyRecord>
            <datoKey>
              <colonnaKey>ti_campo</colonnaKey>
              <labelKey>Tipo campo</labelKey>
              <valoreKey>SUB_STRUT</valoreKey>
            </datoKey>
            <datoKey>
              <colonnaKey>nm_campo</colonnaKey>
              <labelKey>Nome campo</labelKey>
              <valoreKey>SUB_STRUTTURA</valoreKey>
            </datoKey>
          </keyRecord>
          <datoRecord>
            <colonnaDato>nm_sub_strut</colonnaDato>
            <labelDato>Sottostruttura</labelDato>
            <valoreDato>DEFAULT</valoreDato>
          </datoRecord>
          <datoRecord>
            <colonnaDato>nm_attrib_dati_spec</colonnaDato>
            <labelDato>Dato specifico</labelDato>
            <valoreDato>null</valoreDato>
          </datoRecord>
        </child>
      </recordChild>
    </child>
    <child>
      <idRecord>2261</idRecord>
      <keyRecord>
        <datoKey>
          <colonnaKey>nm_tipo_doc</colonnaKey>
          <labelKey>Tipo documento principale</labelKey>
          <valoreKey>CRL_ASC</valoreKey>
        </datoKey>
        <datoKey>
          <colonnaKey>dt_istituz</colonnaKey>
          <labelKey>Data istituzione</labelKey>
          <valoreKey>12/02/2015</valoreKey>
        </datoKey>
      </keyRecord>
      <datoRecord>
        <colonnaDato>dt_soppres</colonnaDato>
        <labelDato>Data soppressione</labelDato>
        <valoreDato>31/12/2444</valoreDato>
      </datoRecord>
      <recordChild>
        <tipoRecord>Campo per partizionamento</tipoRecord>
        <child>
          <idRecord>904</idRecord>
          <keyRecord>
            <datoKey>
              <colonnaKey>ti_campo</colonnaKey>
              <labelKey>Tipo campo</labelKey>
              <valoreKey>SUB_STRUT</valoreKey>
            </datoKey>
            <datoKey>
              <colonnaKey>nm_campo</colonnaKey>
              <labelKey>Nome campo</labelKey>
              <valoreKey>SUB_STRUTTURA</valoreKey>
            </datoKey>
          </keyRecord>
          <datoRecord>
            <colonnaDato>nm_sub_strut</colonnaDato>
            <labelDato>Sottostruttura</labelDato>
            <valoreDato>DEFAULT</valoreDato>
          </datoRecord>
          <datoRecord>
            <colonnaDato>nm_attrib_dati_spec</colonnaDato>
            <labelDato>Dato specifico</labelDato>
            <valoreDato>null</valoreDato>
          </datoRecord>
        </child>
      </recordChild>
    </child>
    <child>
      <idRecord>2260</idRecord>
      <keyRecord>
        <datoKey>
          <colonnaKey>nm_tipo_doc</colonnaKey>
          <labelKey>Tipo documento principale</labelKey>
          <valoreKey>CRL_ASC</valoreKey>
        </datoKey>
        <datoKey>
          <colonnaKey>dt_istituz</colonnaKey>
          <labelKey>Data istituzione</labelKey>
          <valoreKey>12/02/2015</valoreKey>
        </datoKey>
      </keyRecord>
      <datoRecord>
        <colonnaDato>dt_soppres</colonnaDato>
        <labelDato>Data soppressione</labelDato>
        <valoreDato>31/12/2444</valoreDato>
      </datoRecord>
      <recordChild>
        <tipoRecord>Campo per partizionamento</tipoRecord>
        <child>
          <idRecord>903</idRecord>
          <keyRecord>
            <datoKey>
              <colonnaKey>ti_campo</colonnaKey>
              <labelKey>Tipo campo</labelKey>
              <valoreKey>SUB_STRUT</valoreKey>
            </datoKey>
            <datoKey>
              <colonnaKey>nm_campo</colonnaKey>
              <labelKey>Nome campo</labelKey>
              <valoreKey>SUB_STRUTTURA</valoreKey>
            </datoKey>
          </keyRecord>
          <datoRecord>
            <colonnaDato>nm_sub_strut</colonnaDato>
            <labelDato>Sottostruttura</labelDato>
            <valoreDato>DEFAULT</valoreDato>
          </datoRecord>
          <datoRecord>
            <colonnaDato>nm_attrib_dati_spec</colonnaDato>
            <labelDato>Dato specifico</labelDato>
            <valoreDato>null</valoreDato>
          </datoRecord>
        </child>
      </recordChild>
    </child>
    <child>
      <idRecord>2259</idRecord>
      <keyRecord>
        <datoKey>
          <colonnaKey>nm_tipo_doc</colonnaKey>
          <labelKey>Tipo documento principale</labelKey>
          <valoreKey>CRL_ASC</valoreKey>
        </datoKey>
        <datoKey>
          <colonnaKey>dt_istituz</colonnaKey>
          <labelKey>Data istituzione</labelKey>
          <valoreKey>12/02/2015</valoreKey>
        </datoKey>
      </keyRecord>
      <datoRecord>
        <colonnaDato>dt_soppres</colonnaDato>
        <labelDato>Data soppressione</labelDato>
        <valoreDato>31/12/2444</valoreDato>
      </datoRecord>
      <recordChild>
        <tipoRecord>Campo per partizionamento</tipoRecord>
        <child>
          <idRecord>902</idRecord>
          <keyRecord>
            <datoKey>
              <colonnaKey>ti_campo</colonnaKey>
              <labelKey>Tipo campo</labelKey>
              <valoreKey>SUB_STRUT</valoreKey>
            </datoKey>
            <datoKey>
              <colonnaKey>nm_campo</colonnaKey>
              <labelKey>Nome campo</labelKey>
              <valoreKey>SUB_STRUTTURA</valoreKey>
            </datoKey>
          </keyRecord>
          <datoRecord>
            <colonnaDato>nm_sub_strut</colonnaDato>
            <labelDato>Sottostruttura</labelDato>
            <valoreDato>DEFAULT</valoreDato>
          </datoRecord>
          <datoRecord>
            <colonnaDato>nm_attrib_dati_spec</colonnaDato>
            <labelDato>Dato specifico</labelDato>
            <valoreDato>null</valoreDato>
          </datoRecord>
        </child>
      </recordChild>
    </child>
    <child>
      <idRecord>2258</idRecord>
      <keyRecord>
        <datoKey>
          <colonnaKey>nm_tipo_doc</colonnaKey>
          <labelKey>Tipo documento principale</labelKey>
          <valoreKey>CRL_ASC</valoreKey>
        </datoKey>
        <datoKey>
          <colonnaKey>dt_istituz</colonnaKey>
          <labelKey>Data istituzione</labelKey>
          <valoreKey>12/02/2015</valoreKey>
        </datoKey>
      </keyRecord>
      <datoRecord>
        <colonnaDato>dt_soppres</colonnaDato>
        <labelDato>Data soppressione</labelDato>
        <valoreDato>31/12/2444</valoreDato>
      </datoRecord>
      <recordChild>
        <tipoRecord>Campo per partizionamento</tipoRecord>
        <child>
          <idRecord>901</idRecord>
          <keyRecord>
            <datoKey>
              <colonnaKey>ti_campo</colonnaKey>
              <labelKey>Tipo campo</labelKey>
              <valoreKey>SUB_STRUT</valoreKey>
            </datoKey>
            <datoKey>
              <colonnaKey>nm_campo</colonnaKey>
              <labelKey>Nome campo</labelKey>
              <valoreKey>SUB_STRUTTURA</valoreKey>
            </datoKey>
          </keyRecord>
          <datoRecord>
            <colonnaDato>nm_sub_strut</colonnaDato>
            <labelDato>Sottostruttura</labelDato>
            <valoreDato>DEFAULT</valoreDato>
          </datoRecord>
          <datoRecord>
            <colonnaDato>nm_attrib_dati_spec</colonnaDato>
            <labelDato>Dato specifico</labelDato>
            <valoreDato>null</valoreDato>
          </datoRecord>
        </child>
      </recordChild>
    </child>
    <child>
      <idRecord>2257</idRecord>
      <keyRecord>
        <datoKey>
          <colonnaKey>nm_tipo_doc</colonnaKey>
          <labelKey>Tipo documento principale</labelKey>
          <valoreKey>CRL_ASC</valoreKey>
        </datoKey>
        <datoKey>
          <colonnaKey>dt_istituz</colonnaKey>
          <labelKey>Data istituzione</labelKey>
          <valoreKey>12/02/2015</valoreKey>
        </datoKey>
      </keyRecord>
      <datoRecord>
        <colonnaDato>dt_soppres</colonnaDato>
        <labelDato>Data soppressione</labelDato>
        <valoreDato>31/12/2444</valoreDato>
      </datoRecord>
      <recordChild>
        <tipoRecord>Campo per partizionamento</tipoRecord>
        <child>
          <idRecord>900</idRecord>
          <keyRecord>
            <datoKey>
              <colonnaKey>ti_campo</colonnaKey>
              <labelKey>Tipo campo</labelKey>
              <valoreKey>SUB_STRUT</valoreKey>
            </datoKey>
            <datoKey>
              <colonnaKey>nm_campo</colonnaKey>
              <labelKey>Nome campo</labelKey>
              <valoreKey>SUB_STRUTTURA</valoreKey>
            </datoKey>
          </keyRecord>
          <datoRecord>
            <colonnaDato>nm_sub_strut</colonnaDato>
            <labelDato>Sottostruttura</labelDato>
            <valoreDato>DEFAULT</valoreDato>
          </datoRecord>
          <datoRecord>
            <colonnaDato>nm_attrib_dati_spec</colonnaDato>
            <labelDato>Dato specifico</labelDato>
            <valoreDato>null</valoreDato>
          </datoRecord>
        </child>
      </recordChild>
    </child>
    <child>
      <idRecord>2256</idRecord>
      <keyRecord>
        <datoKey>
          <colonnaKey>nm_tipo_doc</colonnaKey>
          <labelKey>Tipo documento principale</labelKey>
          <valoreKey>CRL_ASC</valoreKey>
        </datoKey>
        <datoKey>
          <colonnaKey>dt_istituz</colonnaKey>
          <labelKey>Data istituzione</labelKey>
          <valoreKey>12/02/2015</valoreKey>
        </datoKey>
      </keyRecord>
      <datoRecord>
        <colonnaDato>dt_soppres</colonnaDato>
        <labelDato>Data soppressione</labelDato>
        <valoreDato>31/12/2444</valoreDato>
      </datoRecord>
      <recordChild>
        <tipoRecord>Campo per partizionamento</tipoRecord>
        <child>
          <idRecord>899</idRecord>
          <keyRecord>
            <datoKey>
              <colonnaKey>ti_campo</colonnaKey>
              <labelKey>Tipo campo</labelKey>
              <valoreKey>SUB_STRUT</valoreKey>
            </datoKey>
            <datoKey>
              <colonnaKey>nm_campo</colonnaKey>
              <labelKey>Nome campo</labelKey>
              <valoreKey>SUB_STRUTTURA</valoreKey>
            </datoKey>
          </keyRecord>
          <datoRecord>
            <colonnaDato>nm_sub_strut</colonnaDato>
            <labelDato>Sottostruttura</labelDato>
            <valoreDato>DEFAULT</valoreDato>
          </datoRecord>
          <datoRecord>
            <colonnaDato>nm_attrib_dati_spec</colonnaDato>
            <labelDato>Dato specifico</labelDato>
            <valoreDato>null</valoreDato>
          </datoRecord>
        </child>
      </recordChild>
    </child>
    <child>
      <idRecord>2255</idRecord>
      <keyRecord>
        <datoKey>
          <colonnaKey>nm_tipo_doc</colonnaKey>
          <labelKey>Tipo documento principale</labelKey>
          <valoreKey>CRL_ASC</valoreKey>
        </datoKey>
        <datoKey>
          <colonnaKey>dt_istituz</colonnaKey>
          <labelKey>Data istituzione</labelKey>
          <valoreKey>12/02/2015</valoreKey>
        </datoKey>
      </keyRecord>
      <datoRecord>
        <colonnaDato>dt_soppres</colonnaDato>
        <labelDato>Data soppressione</labelDato>
        <valoreDato>31/12/2444</valoreDato>
      </datoRecord>
      <recordChild>
        <tipoRecord>Campo per partizionamento</tipoRecord>
        <child>
          <idRecord>898</idRecord>
          <keyRecord>
            <datoKey>
              <colonnaKey>ti_campo</colonnaKey>
              <labelKey>Tipo campo</labelKey>
              <valoreKey>SUB_STRUT</valoreKey>
            </datoKey>
            <datoKey>
              <colonnaKey>nm_campo</colonnaKey>
              <labelKey>Nome campo</labelKey>
              <valoreKey>SUB_STRUTTURA</valoreKey>
            </datoKey>
          </keyRecord>
          <datoRecord>
            <colonnaDato>nm_sub_strut</colonnaDato>
            <labelDato>Sottostruttura</labelDato>
            <valoreDato>DEFAULT</valoreDato>
          </datoRecord>
          <datoRecord>
            <colonnaDato>nm_attrib_dati_spec</colonnaDato>
            <labelDato>Dato specifico</labelDato>
            <valoreDato>null</valoreDato>
          </datoRecord>
        </child>
      </recordChild>
    </child>
    <child>
      <idRecord>2297</idRecord>
      <keyRecord>
        <datoKey>
          <colonnaKey>nm_tipo_doc</colonnaKey>
          <labelKey>Tipo documento principale</labelKey>
          <valoreKey>DELIBERA</valoreKey>
        </datoKey>
        <datoKey>
          <colonnaKey>dt_istituz</colonnaKey>
          <labelKey>Data istituzione</labelKey>
          <valoreKey>12/02/2015</valoreKey>
        </datoKey>
      </keyRecord>
      <datoRecord>
        <colonnaDato>dt_soppres</colonnaDato>
        <labelDato>Data soppressione</labelDato>
        <valoreDato>31/12/2444</valoreDato>
      </datoRecord>
      <recordChild>
        <tipoRecord>Campo per partizionamento</tipoRecord>
        <child>
          <idRecord>940</idRecord>
          <keyRecord>
            <datoKey>
              <colonnaKey>ti_campo</colonnaKey>
              <labelKey>Tipo campo</labelKey>
              <valoreKey>SUB_STRUT</valoreKey>
            </datoKey>
            <datoKey>
              <colonnaKey>nm_campo</colonnaKey>
              <labelKey>Nome campo</labelKey>
              <valoreKey>SUB_STRUTTURA</valoreKey>
            </datoKey>
          </keyRecord>
          <datoRecord>
            <colonnaDato>nm_sub_strut</colonnaDato>
            <labelDato>Sottostruttura</labelDato>
            <valoreDato>DEFAULT</valoreDato>
          </datoRecord>
          <datoRecord>
            <colonnaDato>nm_attrib_dati_spec</colonnaDato>
            <labelDato>Dato specifico</labelDato>
            <valoreDato>null</valoreDato>
          </datoRecord>
        </child>
      </recordChild>
    </child>
    <child>
      <idRecord>11488</idRecord>
      <keyRecord>
        <datoKey>
          <colonnaKey>nm_tipo_doc</colonnaKey>
          <labelKey>Tipo documento principale</labelKey>
          <valoreKey>DELIBERA</valoreKey>
        </datoKey>
        <datoKey>
          <colonnaKey>dt_istituz</colonnaKey>
          <labelKey>Data istituzione</labelKey>
          <valoreKey>04/08/2015</valoreKey>
        </datoKey>
      </keyRecord>
      <datoRecord>
        <colonnaDato>dt_soppres</colonnaDato>
        <labelDato>Data soppressione</labelDato>
        <valoreDato>31/12/2444</valoreDato>
      </datoRecord>
      <recordChild>
        <tipoRecord>Campo per partizionamento</tipoRecord>
        <child>
          <idRecord>9595</idRecord>
          <keyRecord>
            <datoKey>
              <colonnaKey>ti_campo</colonnaKey>
              <labelKey>Tipo campo</labelKey>
              <valoreKey>SUB_STRUT</valoreKey>
            </datoKey>
            <datoKey>
              <colonnaKey>nm_campo</colonnaKey>
              <labelKey>Nome campo</labelKey>
              <valoreKey>SUB_STRUTTURA</valoreKey>
            </datoKey>
          </keyRecord>
          <datoRecord>
            <colonnaDato>nm_sub_strut</colonnaDato>
            <labelDato>Sottostruttura</labelDato>
            <valoreDato>DEFAULT</valoreDato>
          </datoRecord>
          <datoRecord>
            <colonnaDato>nm_attrib_dati_spec</colonnaDato>
            <labelDato>Dato specifico</labelDato>
            <valoreDato>null</valoreDato>
          </datoRecord>
        </child>
      </recordChild>
    </child>
    <child>
      <idRecord>10002</idRecord>
      <keyRecord>
        <datoKey>
          <colonnaKey>nm_tipo_doc</colonnaKey>
          <labelKey>Tipo documento principale</labelKey>
          <valoreKey>DELIBERA</valoreKey>
        </datoKey>
        <datoKey>
          <colonnaKey>dt_istituz</colonnaKey>
          <labelKey>Data istituzione</labelKey>
          <valoreKey>08/07/2016</valoreKey>
        </datoKey>
      </keyRecord>
      <datoRecord>
        <colonnaDato>dt_soppres</colonnaDato>
        <labelDato>Data soppressione</labelDato>
        <valoreDato>31/12/2444</valoreDato>
      </datoRecord>
      <recordChild>
        <tipoRecord>Campo per partizionamento</tipoRecord>
      </recordChild>
    </child>
    <child>
      <idRecord>7461</idRecord>
      <keyRecord>
        <datoKey>
          <colonnaKey>nm_tipo_doc</colonnaKey>
          <labelKey>Tipo documento principale</labelKey>
          <valoreKey>DELIBERA</valoreKey>
        </datoKey>
        <datoKey>
          <colonnaKey>dt_istituz</colonnaKey>
          <labelKey>Data istituzione</labelKey>
          <valoreKey>04/03/2016</valoreKey>
        </datoKey>
      </keyRecord>
      <datoRecord>
        <colonnaDato>dt_soppres</colonnaDato>
        <labelDato>Data soppressione</labelDato>
        <valoreDato>31/12/2444</valoreDato>
      </datoRecord>
      <recordChild>
        <tipoRecord>Campo per partizionamento</tipoRecord>
        <child>
          <idRecord>5921</idRecord>
          <keyRecord>
            <datoKey>
              <colonnaKey>ti_campo</colonnaKey>
              <labelKey>Tipo campo</labelKey>
              <valoreKey>SUB_STRUT</valoreKey>
            </datoKey>
            <datoKey>
              <colonnaKey>nm_campo</colonnaKey>
              <labelKey>Nome campo</labelKey>
              <valoreKey>SUB_STRUTTURA</valoreKey>
            </datoKey>
          </keyRecord>
          <datoRecord>
            <colonnaDato>nm_sub_strut</colonnaDato>
            <labelDato>Sottostruttura</labelDato>
            <valoreDato>DEFAULT</valoreDato>
          </datoRecord>
          <datoRecord>
            <colonnaDato>nm_attrib_dati_spec</colonnaDato>
            <labelDato>Dato specifico</labelDato>
            <valoreDato>null</valoreDato>
          </datoRecord>
        </child>
      </recordChild>
    </child>
    <child>
      <idRecord>1842</idRecord>
      <keyRecord>
        <datoKey>
          <colonnaKey>nm_tipo_doc</colonnaKey>
          <labelKey>Tipo documento principale</labelKey>
          <valoreKey>DELIBERA</valoreKey>
        </datoKey>
        <datoKey>
          <colonnaKey>dt_istituz</colonnaKey>
          <labelKey>Data istituzione</labelKey>
          <valoreKey>12/02/2015</valoreKey>
        </datoKey>
      </keyRecord>
      <datoRecord>
        <colonnaDato>dt_soppres</colonnaDato>
        <labelDato>Data soppressione</labelDato>
        <valoreDato>31/12/2444</valoreDato>
      </datoRecord>
      <recordChild>
        <tipoRecord>Campo per partizionamento</tipoRecord>
        <child>
          <idRecord>1153</idRecord>
          <keyRecord>
            <datoKey>
              <colonnaKey>ti_campo</colonnaKey>
              <labelKey>Tipo campo</labelKey>
              <valoreKey>SUB_STRUT</valoreKey>
            </datoKey>
            <datoKey>
              <colonnaKey>nm_campo</colonnaKey>
              <labelKey>Nome campo</labelKey>
              <valoreKey>SUB_STRUTTURA</valoreKey>
            </datoKey>
          </keyRecord>
          <datoRecord>
            <colonnaDato>nm_sub_strut</colonnaDato>
            <labelDato>Sottostruttura</labelDato>
            <valoreDato>DEFAULT</valoreDato>
          </datoRecord>
          <datoRecord>
            <colonnaDato>nm_attrib_dati_spec</colonnaDato>
            <labelDato>Dato specifico</labelDato>
            <valoreDato>null</valoreDato>
          </datoRecord>
        </child>
      </recordChild>
    </child>
    <child>
      <idRecord>1841</idRecord>
      <keyRecord>
        <datoKey>
          <colonnaKey>nm_tipo_doc</colonnaKey>
          <labelKey>Tipo documento principale</labelKey>
          <valoreKey>DELIBERA</valoreKey>
        </datoKey>
        <datoKey>
          <colonnaKey>dt_istituz</colonnaKey>
          <labelKey>Data istituzione</labelKey>
          <valoreKey>12/02/2015</valoreKey>
        </datoKey>
      </keyRecord>
      <datoRecord>
        <colonnaDato>dt_soppres</colonnaDato>
        <labelDato>Data soppressione</labelDato>
        <valoreDato>31/12/2444</valoreDato>
      </datoRecord>
      <recordChild>
        <tipoRecord>Campo per partizionamento</tipoRecord>
        <child>
          <idRecord>1152</idRecord>
          <keyRecord>
            <datoKey>
              <colonnaKey>ti_campo</colonnaKey>
              <labelKey>Tipo campo</labelKey>
              <valoreKey>SUB_STRUT</valoreKey>
            </datoKey>
            <datoKey>
              <colonnaKey>nm_campo</colonnaKey>
              <labelKey>Nome campo</labelKey>
              <valoreKey>SUB_STRUTTURA</valoreKey>
            </datoKey>
          </keyRecord>
          <datoRecord>
            <colonnaDato>nm_sub_strut</colonnaDato>
            <labelDato>Sottostruttura</labelDato>
            <valoreDato>DEFAULT</valoreDato>
          </datoRecord>
          <datoRecord>
            <colonnaDato>nm_attrib_dati_spec</colonnaDato>
            <labelDato>Dato specifico</labelDato>
            <valoreDato>null</valoreDato>
          </datoRecord>
        </child>
      </recordChild>
    </child>
    <child>
      <idRecord>1840</idRecord>
      <keyRecord>
        <datoKey>
          <colonnaKey>nm_tipo_doc</colonnaKey>
          <labelKey>Tipo documento principale</labelKey>
          <valoreKey>DELIBERA</valoreKey>
        </datoKey>
        <datoKey>
          <colonnaKey>dt_istituz</colonnaKey>
          <labelKey>Data istituzione</labelKey>
          <valoreKey>12/02/2015</valoreKey>
        </datoKey>
      </keyRecord>
      <datoRecord>
        <colonnaDato>dt_soppres</colonnaDato>
        <labelDato>Data soppressione</labelDato>
        <valoreDato>31/12/2444</valoreDato>
      </datoRecord>
      <recordChild>
        <tipoRecord>Campo per partizionamento</tipoRecord>
        <child>
          <idRecord>1151</idRecord>
          <keyRecord>
            <datoKey>
              <colonnaKey>ti_campo</colonnaKey>
              <labelKey>Tipo campo</labelKey>
              <valoreKey>SUB_STRUT</valoreKey>
            </datoKey>
            <datoKey>
              <colonnaKey>nm_campo</colonnaKey>
              <labelKey>Nome campo</labelKey>
              <valoreKey>SUB_STRUTTURA</valoreKey>
            </datoKey>
          </keyRecord>
          <datoRecord>
            <colonnaDato>nm_sub_strut</colonnaDato>
            <labelDato>Sottostruttura</labelDato>
            <valoreDato>DEFAULT</valoreDato>
          </datoRecord>
          <datoRecord>
            <colonnaDato>nm_attrib_dati_spec</colonnaDato>
            <labelDato>Dato specifico</labelDato>
            <valoreDato>null</valoreDato>
          </datoRecord>
        </child>
      </recordChild>
    </child>
    <child>
      <idRecord>1839</idRecord>
      <keyRecord>
        <datoKey>
          <colonnaKey>nm_tipo_doc</colonnaKey>
          <labelKey>Tipo documento principale</labelKey>
          <valoreKey>DELIBERA</valoreKey>
        </datoKey>
        <datoKey>
          <colonnaKey>dt_istituz</colonnaKey>
          <labelKey>Data istituzione</labelKey>
          <valoreKey>12/02/2015</valoreKey>
        </datoKey>
      </keyRecord>
      <datoRecord>
        <colonnaDato>dt_soppres</colonnaDato>
        <labelDato>Data soppressione</labelDato>
        <valoreDato>31/12/2444</valoreDato>
      </datoRecord>
      <recordChild>
        <tipoRecord>Campo per partizionamento</tipoRecord>
        <child>
          <idRecord>1150</idRecord>
          <keyRecord>
            <datoKey>
              <colonnaKey>ti_campo</colonnaKey>
              <labelKey>Tipo campo</labelKey>
              <valoreKey>SUB_STRUT</valoreKey>
            </datoKey>
            <datoKey>
              <colonnaKey>nm_campo</colonnaKey>
              <labelKey>Nome campo</labelKey>
              <valoreKey>SUB_STRUTTURA</valoreKey>
            </datoKey>
          </keyRecord>
          <datoRecord>
            <colonnaDato>nm_sub_strut</colonnaDato>
            <labelDato>Sottostruttura</labelDato>
            <valoreDato>DEFAULT</valoreDato>
          </datoRecord>
          <datoRecord>
            <colonnaDato>nm_attrib_dati_spec</colonnaDato>
            <labelDato>Dato specifico</labelDato>
            <valoreDato>null</valoreDato>
          </datoRecord>
        </child>
      </recordChild>
    </child>
    <child>
      <idRecord>1838</idRecord>
      <keyRecord>
        <datoKey>
          <colonnaKey>nm_tipo_doc</colonnaKey>
          <labelKey>Tipo documento principale</labelKey>
          <valoreKey>DELIBERA</valoreKey>
        </datoKey>
        <datoKey>
          <colonnaKey>dt_istituz</colonnaKey>
          <labelKey>Data istituzione</labelKey>
          <valoreKey>12/02/2015</valoreKey>
        </datoKey>
      </keyRecord>
      <datoRecord>
        <colonnaDato>dt_soppres</colonnaDato>
        <labelDato>Data soppressione</labelDato>
        <valoreDato>31/12/2444</valoreDato>
      </datoRecord>
      <recordChild>
        <tipoRecord>Campo per partizionamento</tipoRecord>
        <child>
          <idRecord>1149</idRecord>
          <keyRecord>
            <datoKey>
              <colonnaKey>ti_campo</colonnaKey>
              <labelKey>Tipo campo</labelKey>
              <valoreKey>SUB_STRUT</valoreKey>
            </datoKey>
            <datoKey>
              <colonnaKey>nm_campo</colonnaKey>
              <labelKey>Nome campo</labelKey>
              <valoreKey>SUB_STRUTTURA</valoreKey>
            </datoKey>
          </keyRecord>
          <datoRecord>
            <colonnaDato>nm_sub_strut</colonnaDato>
            <labelDato>Sottostruttura</labelDato>
            <valoreDato>DEFAULT</valoreDato>
          </datoRecord>
          <datoRecord>
            <colonnaDato>nm_attrib_dati_spec</colonnaDato>
            <labelDato>Dato specifico</labelDato>
            <valoreDato>null</valoreDato>
          </datoRecord>
        </child>
      </recordChild>
    </child>
    <child>
      <idRecord>1837</idRecord>
      <keyRecord>
        <datoKey>
          <colonnaKey>nm_tipo_doc</colonnaKey>
          <labelKey>Tipo documento principale</labelKey>
          <valoreKey>DELIBERA</valoreKey>
        </datoKey>
        <datoKey>
          <colonnaKey>dt_istituz</colonnaKey>
          <labelKey>Data istituzione</labelKey>
          <valoreKey>12/02/2015</valoreKey>
        </datoKey>
      </keyRecord>
      <datoRecord>
        <colonnaDato>dt_soppres</colonnaDato>
        <labelDato>Data soppressione</labelDato>
        <valoreDato>31/12/2444</valoreDato>
      </datoRecord>
      <recordChild>
        <tipoRecord>Campo per partizionamento</tipoRecord>
        <child>
          <idRecord>1148</idRecord>
          <keyRecord>
            <datoKey>
              <colonnaKey>ti_campo</colonnaKey>
              <labelKey>Tipo campo</labelKey>
              <valoreKey>SUB_STRUT</valoreKey>
            </datoKey>
            <datoKey>
              <colonnaKey>nm_campo</colonnaKey>
              <labelKey>Nome campo</labelKey>
              <valoreKey>SUB_STRUTTURA</valoreKey>
            </datoKey>
          </keyRecord>
          <datoRecord>
            <colonnaDato>nm_sub_strut</colonnaDato>
            <labelDato>Sottostruttura</labelDato>
            <valoreDato>DEFAULT</valoreDato>
          </datoRecord>
          <datoRecord>
            <colonnaDato>nm_attrib_dati_spec</colonnaDato>
            <labelDato>Dato specifico</labelDato>
            <valoreDato>null</valoreDato>
          </datoRecord>
        </child>
      </recordChild>
    </child>
    <child>
      <idRecord>2474</idRecord>
      <keyRecord>
        <datoKey>
          <colonnaKey>nm_tipo_doc</colonnaKey>
          <labelKey>Tipo documento principale</labelKey>
          <valoreKey>DELIBERA</valoreKey>
        </datoKey>
        <datoKey>
          <colonnaKey>dt_istituz</colonnaKey>
          <labelKey>Data istituzione</labelKey>
          <valoreKey>12/02/2015</valoreKey>
        </datoKey>
      </keyRecord>
      <datoRecord>
        <colonnaDato>dt_soppres</colonnaDato>
        <labelDato>Data soppressione</labelDato>
        <valoreDato>31/12/2444</valoreDato>
      </datoRecord>
      <recordChild>
        <tipoRecord>Campo per partizionamento</tipoRecord>
        <child>
          <idRecord>1117</idRecord>
          <keyRecord>
            <datoKey>
              <colonnaKey>ti_campo</colonnaKey>
              <labelKey>Tipo campo</labelKey>
              <valoreKey>SUB_STRUT</valoreKey>
            </datoKey>
            <datoKey>
              <colonnaKey>nm_campo</colonnaKey>
              <labelKey>Nome campo</labelKey>
              <valoreKey>SUB_STRUTTURA</valoreKey>
            </datoKey>
          </keyRecord>
          <datoRecord>
            <colonnaDato>nm_sub_strut</colonnaDato>
            <labelDato>Sottostruttura</labelDato>
            <valoreDato>DEFAULT</valoreDato>
          </datoRecord>
          <datoRecord>
            <colonnaDato>nm_attrib_dati_spec</colonnaDato>
            <labelDato>Dato specifico</labelDato>
            <valoreDato>null</valoreDato>
          </datoRecord>
        </child>
      </recordChild>
    </child>
    <child>
      <idRecord>2473</idRecord>
      <keyRecord>
        <datoKey>
          <colonnaKey>nm_tipo_doc</colonnaKey>
          <labelKey>Tipo documento principale</labelKey>
          <valoreKey>DELIBERA</valoreKey>
        </datoKey>
        <datoKey>
          <colonnaKey>dt_istituz</colonnaKey>
          <labelKey>Data istituzione</labelKey>
          <valoreKey>12/02/2015</valoreKey>
        </datoKey>
      </keyRecord>
      <datoRecord>
        <colonnaDato>dt_soppres</colonnaDato>
        <labelDato>Data soppressione</labelDato>
        <valoreDato>31/12/2444</valoreDato>
      </datoRecord>
      <recordChild>
        <tipoRecord>Campo per partizionamento</tipoRecord>
        <child>
          <idRecord>1116</idRecord>
          <keyRecord>
            <datoKey>
              <colonnaKey>ti_campo</colonnaKey>
              <labelKey>Tipo campo</labelKey>
              <valoreKey>SUB_STRUT</valoreKey>
            </datoKey>
            <datoKey>
              <colonnaKey>nm_campo</colonnaKey>
              <labelKey>Nome campo</labelKey>
              <valoreKey>SUB_STRUTTURA</valoreKey>
            </datoKey>
          </keyRecord>
          <datoRecord>
            <colonnaDato>nm_sub_strut</colonnaDato>
            <labelDato>Sottostruttura</labelDato>
            <valoreDato>DEFAULT</valoreDato>
          </datoRecord>
          <datoRecord>
            <colonnaDato>nm_attrib_dati_spec</colonnaDato>
            <labelDato>Dato specifico</labelDato>
            <valoreDato>null</valoreDato>
          </datoRecord>
        </child>
      </recordChild>
    </child>
    <child>
      <idRecord>2472</idRecord>
      <keyRecord>
        <datoKey>
          <colonnaKey>nm_tipo_doc</colonnaKey>
          <labelKey>Tipo documento principale</labelKey>
          <valoreKey>DELIBERA</valoreKey>
        </datoKey>
        <datoKey>
          <colonnaKey>dt_istituz</colonnaKey>
          <labelKey>Data istituzione</labelKey>
          <valoreKey>12/02/2015</valoreKey>
        </datoKey>
      </keyRecord>
      <datoRecord>
        <colonnaDato>dt_soppres</colonnaDato>
        <labelDato>Data soppressione</labelDato>
        <valoreDato>31/12/2444</valoreDato>
      </datoRecord>
      <recordChild>
        <tipoRecord>Campo per partizionamento</tipoRecord>
        <child>
          <idRecord>1115</idRecord>
          <keyRecord>
            <datoKey>
              <colonnaKey>ti_campo</colonnaKey>
              <labelKey>Tipo campo</labelKey>
              <valoreKey>SUB_STRUT</valoreKey>
            </datoKey>
            <datoKey>
              <colonnaKey>nm_campo</colonnaKey>
              <labelKey>Nome campo</labelKey>
              <valoreKey>SUB_STRUTTURA</valoreKey>
            </datoKey>
          </keyRecord>
          <datoRecord>
            <colonnaDato>nm_sub_strut</colonnaDato>
            <labelDato>Sottostruttura</labelDato>
            <valoreDato>DEFAULT</valoreDato>
          </datoRecord>
          <datoRecord>
            <colonnaDato>nm_attrib_dati_spec</colonnaDato>
            <labelDato>Dato specifico</labelDato>
            <valoreDato>null</valoreDato>
          </datoRecord>
        </child>
      </recordChild>
    </child>
    <child>
      <idRecord>2471</idRecord>
      <keyRecord>
        <datoKey>
          <colonnaKey>nm_tipo_doc</colonnaKey>
          <labelKey>Tipo documento principale</labelKey>
          <valoreKey>DELIBERA</valoreKey>
        </datoKey>
        <datoKey>
          <colonnaKey>dt_istituz</colonnaKey>
          <labelKey>Data istituzione</labelKey>
          <valoreKey>12/02/2015</valoreKey>
        </datoKey>
      </keyRecord>
      <datoRecord>
        <colonnaDato>dt_soppres</colonnaDato>
        <labelDato>Data soppressione</labelDato>
        <valoreDato>31/12/2444</valoreDato>
      </datoRecord>
      <recordChild>
        <tipoRecord>Campo per partizionamento</tipoRecord>
        <child>
          <idRecord>1114</idRecord>
          <keyRecord>
            <datoKey>
              <colonnaKey>ti_campo</colonnaKey>
              <labelKey>Tipo campo</labelKey>
              <valoreKey>SUB_STRUT</valoreKey>
            </datoKey>
            <datoKey>
              <colonnaKey>nm_campo</colonnaKey>
              <labelKey>Nome campo</labelKey>
              <valoreKey>SUB_STRUTTURA</valoreKey>
            </datoKey>
          </keyRecord>
          <datoRecord>
            <colonnaDato>nm_sub_strut</colonnaDato>
            <labelDato>Sottostruttura</labelDato>
            <valoreDato>DEFAULT</valoreDato>
          </datoRecord>
          <datoRecord>
            <colonnaDato>nm_attrib_dati_spec</colonnaDato>
            <labelDato>Dato specifico</labelDato>
            <valoreDato>null</valoreDato>
          </datoRecord>
        </child>
      </recordChild>
    </child>
    <child>
      <idRecord>2470</idRecord>
      <keyRecord>
        <datoKey>
          <colonnaKey>nm_tipo_doc</colonnaKey>
          <labelKey>Tipo documento principale</labelKey>
          <valoreKey>DELIBERA</valoreKey>
        </datoKey>
        <datoKey>
          <colonnaKey>dt_istituz</colonnaKey>
          <labelKey>Data istituzione</labelKey>
          <valoreKey>12/02/2015</valoreKey>
        </datoKey>
      </keyRecord>
      <datoRecord>
        <colonnaDato>dt_soppres</colonnaDato>
        <labelDato>Data soppressione</labelDato>
        <valoreDato>31/12/2444</valoreDato>
      </datoRecord>
      <recordChild>
        <tipoRecord>Campo per partizionamento</tipoRecord>
        <child>
          <idRecord>1113</idRecord>
          <keyRecord>
            <datoKey>
              <colonnaKey>ti_campo</colonnaKey>
              <labelKey>Tipo campo</labelKey>
              <valoreKey>SUB_STRUT</valoreKey>
            </datoKey>
            <datoKey>
              <colonnaKey>nm_campo</colonnaKey>
              <labelKey>Nome campo</labelKey>
              <valoreKey>SUB_STRUTTURA</valoreKey>
            </datoKey>
          </keyRecord>
          <datoRecord>
            <colonnaDato>nm_sub_strut</colonnaDato>
            <labelDato>Sottostruttura</labelDato>
            <valoreDato>DEFAULT</valoreDato>
          </datoRecord>
          <datoRecord>
            <colonnaDato>nm_attrib_dati_spec</colonnaDato>
            <labelDato>Dato specifico</labelDato>
            <valoreDato>null</valoreDato>
          </datoRecord>
        </child>
      </recordChild>
    </child>
    <child>
      <idRecord>2438</idRecord>
      <keyRecord>
        <datoKey>
          <colonnaKey>nm_tipo_doc</colonnaKey>
          <labelKey>Tipo documento principale</labelKey>
          <valoreKey>DELIBERA</valoreKey>
        </datoKey>
        <datoKey>
          <colonnaKey>dt_istituz</colonnaKey>
          <labelKey>Data istituzione</labelKey>
          <valoreKey>12/02/2015</valoreKey>
        </datoKey>
      </keyRecord>
      <datoRecord>
        <colonnaDato>dt_soppres</colonnaDato>
        <labelDato>Data soppressione</labelDato>
        <valoreDato>31/12/2444</valoreDato>
      </datoRecord>
      <recordChild>
        <tipoRecord>Campo per partizionamento</tipoRecord>
        <child>
          <idRecord>1081</idRecord>
          <keyRecord>
            <datoKey>
              <colonnaKey>ti_campo</colonnaKey>
              <labelKey>Tipo campo</labelKey>
              <valoreKey>SUB_STRUT</valoreKey>
            </datoKey>
            <datoKey>
              <colonnaKey>nm_campo</colonnaKey>
              <labelKey>Nome campo</labelKey>
              <valoreKey>SUB_STRUTTURA</valoreKey>
            </datoKey>
          </keyRecord>
          <datoRecord>
            <colonnaDato>nm_sub_strut</colonnaDato>
            <labelDato>Sottostruttura</labelDato>
            <valoreDato>DEFAULT</valoreDato>
          </datoRecord>
          <datoRecord>
            <colonnaDato>nm_attrib_dati_spec</colonnaDato>
            <labelDato>Dato specifico</labelDato>
            <valoreDato>null</valoreDato>
          </datoRecord>
        </child>
      </recordChild>
    </child>
    <child>
      <idRecord>2437</idRecord>
      <keyRecord>
        <datoKey>
          <colonnaKey>nm_tipo_doc</colonnaKey>
          <labelKey>Tipo documento principale</labelKey>
          <valoreKey>DELIBERA</valoreKey>
        </datoKey>
        <datoKey>
          <colonnaKey>dt_istituz</colonnaKey>
          <labelKey>Data istituzione</labelKey>
          <valoreKey>12/02/2015</valoreKey>
        </datoKey>
      </keyRecord>
      <datoRecord>
        <colonnaDato>dt_soppres</colonnaDato>
        <labelDato>Data soppressione</labelDato>
        <valoreDato>31/12/2444</valoreDato>
      </datoRecord>
      <recordChild>
        <tipoRecord>Campo per partizionamento</tipoRecord>
        <child>
          <idRecord>1080</idRecord>
          <keyRecord>
            <datoKey>
              <colonnaKey>ti_campo</colonnaKey>
              <labelKey>Tipo campo</labelKey>
              <valoreKey>SUB_STRUT</valoreKey>
            </datoKey>
            <datoKey>
              <colonnaKey>nm_campo</colonnaKey>
              <labelKey>Nome campo</labelKey>
              <valoreKey>SUB_STRUTTURA</valoreKey>
            </datoKey>
          </keyRecord>
          <datoRecord>
            <colonnaDato>nm_sub_strut</colonnaDato>
            <labelDato>Sottostruttura</labelDato>
            <valoreDato>DEFAULT</valoreDato>
          </datoRecord>
          <datoRecord>
            <colonnaDato>nm_attrib_dati_spec</colonnaDato>
            <labelDato>Dato specifico</labelDato>
            <valoreDato>null</valoreDato>
          </datoRecord>
        </child>
      </recordChild>
    </child>
    <child>
      <idRecord>2436</idRecord>
      <keyRecord>
        <datoKey>
          <colonnaKey>nm_tipo_doc</colonnaKey>
          <labelKey>Tipo documento principale</labelKey>
          <valoreKey>DELIBERA</valoreKey>
        </datoKey>
        <datoKey>
          <colonnaKey>dt_istituz</colonnaKey>
          <labelKey>Data istituzione</labelKey>
          <valoreKey>12/02/2015</valoreKey>
        </datoKey>
      </keyRecord>
      <datoRecord>
        <colonnaDato>dt_soppres</colonnaDato>
        <labelDato>Data soppressione</labelDato>
        <valoreDato>31/12/2444</valoreDato>
      </datoRecord>
      <recordChild>
        <tipoRecord>Campo per partizionamento</tipoRecord>
        <child>
          <idRecord>1079</idRecord>
          <keyRecord>
            <datoKey>
              <colonnaKey>ti_campo</colonnaKey>
              <labelKey>Tipo campo</labelKey>
              <valoreKey>SUB_STRUT</valoreKey>
            </datoKey>
            <datoKey>
              <colonnaKey>nm_campo</colonnaKey>
              <labelKey>Nome campo</labelKey>
              <valoreKey>SUB_STRUTTURA</valoreKey>
            </datoKey>
          </keyRecord>
          <datoRecord>
            <colonnaDato>nm_sub_strut</colonnaDato>
            <labelDato>Sottostruttura</labelDato>
            <valoreDato>DEFAULT</valoreDato>
          </datoRecord>
          <datoRecord>
            <colonnaDato>nm_attrib_dati_spec</colonnaDato>
            <labelDato>Dato specifico</labelDato>
            <valoreDato>null</valoreDato>
          </datoRecord>
        </child>
      </recordChild>
    </child>
    <child>
      <idRecord>534</idRecord>
      <keyRecord>
        <datoKey>
          <colonnaKey>nm_tipo_doc</colonnaKey>
          <labelKey>Tipo documento principale</labelKey>
          <valoreKey>DELIBERA</valoreKey>
        </datoKey>
        <datoKey>
          <colonnaKey>dt_istituz</colonnaKey>
          <labelKey>Data istituzione</labelKey>
          <valoreKey>10/11/2014</valoreKey>
        </datoKey>
      </keyRecord>
      <datoRecord>
        <colonnaDato>dt_soppres</colonnaDato>
        <labelDato>Data soppressione</labelDato>
        <valoreDato>31/12/2444</valoreDato>
      </datoRecord>
      <recordChild>
        <tipoRecord>Campo per partizionamento</tipoRecord>
        <child>
          <idRecord>278</idRecord>
          <keyRecord>
            <datoKey>
              <colonnaKey>ti_campo</colonnaKey>
              <labelKey>Tipo campo</labelKey>
              <valoreKey>SUB_STRUT</valoreKey>
            </datoKey>
            <datoKey>
              <colonnaKey>nm_campo</colonnaKey>
              <labelKey>Nome campo</labelKey>
              <valoreKey>SUB_STRUTTURA</valoreKey>
            </datoKey>
          </keyRecord>
          <datoRecord>
            <colonnaDato>nm_sub_strut</colonnaDato>
            <labelDato>Sottostruttura</labelDato>
            <valoreDato>DEFAULT</valoreDato>
          </datoRecord>
          <datoRecord>
            <colonnaDato>nm_attrib_dati_spec</colonnaDato>
            <labelDato>Dato specifico</labelDato>
            <valoreDato>null</valoreDato>
          </datoRecord>
        </child>
      </recordChild>
    </child>
    <child>
      <idRecord>514</idRecord>
      <keyRecord>
        <datoKey>
          <colonnaKey>nm_tipo_doc</colonnaKey>
          <labelKey>Tipo documento principale</labelKey>
          <valoreKey>DELIBERA</valoreKey>
        </datoKey>
        <datoKey>
          <colonnaKey>dt_istituz</colonnaKey>
          <labelKey>Data istituzione</labelKey>
          <valoreKey>10/11/2014</valoreKey>
        </datoKey>
      </keyRecord>
      <datoRecord>
        <colonnaDato>dt_soppres</colonnaDato>
        <labelDato>Data soppressione</labelDato>
        <valoreDato>31/12/2444</valoreDato>
      </datoRecord>
      <recordChild>
        <tipoRecord>Campo per partizionamento</tipoRecord>
        <child>
          <idRecord>258</idRecord>
          <keyRecord>
            <datoKey>
              <colonnaKey>ti_campo</colonnaKey>
              <labelKey>Tipo campo</labelKey>
              <valoreKey>SUB_STRUT</valoreKey>
            </datoKey>
            <datoKey>
              <colonnaKey>nm_campo</colonnaKey>
              <labelKey>Nome campo</labelKey>
              <valoreKey>SUB_STRUTTURA</valoreKey>
            </datoKey>
          </keyRecord>
          <datoRecord>
            <colonnaDato>nm_sub_strut</colonnaDato>
            <labelDato>Sottostruttura</labelDato>
            <valoreDato>DEFAULT</valoreDato>
          </datoRecord>
          <datoRecord>
            <colonnaDato>nm_attrib_dati_spec</colonnaDato>
            <labelDato>Dato specifico</labelDato>
            <valoreDato>null</valoreDato>
          </datoRecord>
        </child>
      </recordChild>
    </child>
    <child>
      <idRecord>702</idRecord>
      <keyRecord>
        <datoKey>
          <colonnaKey>nm_tipo_doc</colonnaKey>
          <labelKey>Tipo documento principale</labelKey>
          <valoreKey>DELIBERA</valoreKey>
        </datoKey>
        <datoKey>
          <colonnaKey>dt_istituz</colonnaKey>
          <labelKey>Data istituzione</labelKey>
          <valoreKey>21/11/2014</valoreKey>
        </datoKey>
      </keyRecord>
      <datoRecord>
        <colonnaDato>dt_soppres</colonnaDato>
        <labelDato>Data soppressione</labelDato>
        <valoreDato>31/12/2444</valoreDato>
      </datoRecord>
      <recordChild>
        <tipoRecord>Campo per partizionamento</tipoRecord>
        <child>
          <idRecord>398</idRecord>
          <keyRecord>
            <datoKey>
              <colonnaKey>ti_campo</colonnaKey>
              <labelKey>Tipo campo</labelKey>
              <valoreKey>SUB_STRUT</valoreKey>
            </datoKey>
            <datoKey>
              <colonnaKey>nm_campo</colonnaKey>
              <labelKey>Nome campo</labelKey>
              <valoreKey>SUB_STRUTTURA</valoreKey>
            </datoKey>
          </keyRecord>
          <datoRecord>
            <colonnaDato>nm_sub_strut</colonnaDato>
            <labelDato>Sottostruttura</labelDato>
            <valoreDato>SUB_PROVA</valoreDato>
          </datoRecord>
          <datoRecord>
            <colonnaDato>nm_attrib_dati_spec</colonnaDato>
            <labelDato>Dato specifico</labelDato>
            <valoreDato>null</valoreDato>
          </datoRecord>
        </child>
      </recordChild>
    </child>
    <child>
      <idRecord>2299</idRecord>
      <keyRecord>
        <datoKey>
          <colonnaKey>nm_tipo_doc</colonnaKey>
          <labelKey>Tipo documento principale</labelKey>
          <valoreKey>DELIBERA</valoreKey>
        </datoKey>
        <datoKey>
          <colonnaKey>dt_istituz</colonnaKey>
          <labelKey>Data istituzione</labelKey>
          <valoreKey>12/02/2015</valoreKey>
        </datoKey>
      </keyRecord>
      <datoRecord>
        <colonnaDato>dt_soppres</colonnaDato>
        <labelDato>Data soppressione</labelDato>
        <valoreDato>31/12/2444</valoreDato>
      </datoRecord>
      <recordChild>
        <tipoRecord>Campo per partizionamento</tipoRecord>
        <child>
          <idRecord>942</idRecord>
          <keyRecord>
            <datoKey>
              <colonnaKey>ti_campo</colonnaKey>
              <labelKey>Tipo campo</labelKey>
              <valoreKey>SUB_STRUT</valoreKey>
            </datoKey>
            <datoKey>
              <colonnaKey>nm_campo</colonnaKey>
              <labelKey>Nome campo</labelKey>
              <valoreKey>SUB_STRUTTURA</valoreKey>
            </datoKey>
          </keyRecord>
          <datoRecord>
            <colonnaDato>nm_sub_strut</colonnaDato>
            <labelDato>Sottostruttura</labelDato>
            <valoreDato>DEFAULT</valoreDato>
          </datoRecord>
          <datoRecord>
            <colonnaDato>nm_attrib_dati_spec</colonnaDato>
            <labelDato>Dato specifico</labelDato>
            <valoreDato>null</valoreDato>
          </datoRecord>
        </child>
      </recordChild>
    </child>
    <child>
      <idRecord>11027</idRecord>
      <keyRecord>
        <datoKey>
          <colonnaKey>nm_tipo_doc</colonnaKey>
          <labelKey>Tipo documento principale</labelKey>
          <valoreKey>DETERMINA</valoreKey>
        </datoKey>
        <datoKey>
          <colonnaKey>dt_istituz</colonnaKey>
          <labelKey>Data istituzione</labelKey>
          <valoreKey>24/08/2016</valoreKey>
        </datoKey>
      </keyRecord>
      <datoRecord>
        <colonnaDato>dt_soppres</colonnaDato>
        <labelDato>Data soppressione</labelDato>
        <valoreDato>31/12/2444</valoreDato>
      </datoRecord>
      <recordChild>
        <tipoRecord>Campo per partizionamento</tipoRecord>
        <child>
          <idRecord>9167</idRecord>
          <keyRecord>
            <datoKey>
              <colonnaKey>ti_campo</colonnaKey>
              <labelKey>Tipo campo</labelKey>
              <valoreKey>SUB_STRUT</valoreKey>
            </datoKey>
            <datoKey>
              <colonnaKey>nm_campo</colonnaKey>
              <labelKey>Nome campo</labelKey>
              <valoreKey>SUB_STRUTTURA</valoreKey>
            </datoKey>
          </keyRecord>
          <datoRecord>
            <colonnaDato>nm_sub_strut</colonnaDato>
            <labelDato>Sottostruttura</labelDato>
            <valoreDato>DEFAULT</valoreDato>
          </datoRecord>
          <datoRecord>
            <colonnaDato>nm_attrib_dati_spec</colonnaDato>
            <labelDato>Dato specifico</labelDato>
            <valoreDato>null</valoreDato>
          </datoRecord>
        </child>
      </recordChild>
    </child>
    <child>
      <idRecord>11144</idRecord>
      <keyRecord>
        <datoKey>
          <colonnaKey>nm_tipo_doc</colonnaKey>
          <labelKey>Tipo documento principale</labelKey>
          <valoreKey>DETERMINA</valoreKey>
        </datoKey>
        <datoKey>
          <colonnaKey>dt_istituz</colonnaKey>
          <labelKey>Data istituzione</labelKey>
          <valoreKey>29/08/2016</valoreKey>
        </datoKey>
      </keyRecord>
      <datoRecord>
        <colonnaDato>dt_soppres</colonnaDato>
        <labelDato>Data soppressione</labelDato>
        <valoreDato>31/12/2444</valoreDato>
      </datoRecord>
      <recordChild>
        <tipoRecord>Campo per partizionamento</tipoRecord>
        <child>
          <idRecord>9264</idRecord>
          <keyRecord>
            <datoKey>
              <colonnaKey>ti_campo</colonnaKey>
              <labelKey>Tipo campo</labelKey>
              <valoreKey>SUB_STRUT</valoreKey>
            </datoKey>
            <datoKey>
              <colonnaKey>nm_campo</colonnaKey>
              <labelKey>Nome campo</labelKey>
              <valoreKey>SUB_STRUTTURA</valoreKey>
            </datoKey>
          </keyRecord>
          <datoRecord>
            <colonnaDato>nm_sub_strut</colonnaDato>
            <labelDato>Sottostruttura</labelDato>
            <valoreDato>DEFAULT</valoreDato>
          </datoRecord>
          <datoRecord>
            <colonnaDato>nm_attrib_dati_spec</colonnaDato>
            <labelDato>Dato specifico</labelDato>
            <valoreDato>null</valoreDato>
          </datoRecord>
        </child>
      </recordChild>
    </child>
    <child>
      <idRecord>11474</idRecord>
      <keyRecord>
        <datoKey>
          <colonnaKey>nm_tipo_doc</colonnaKey>
          <labelKey>Tipo documento principale</labelKey>
          <valoreKey>DETERMINA</valoreKey>
        </datoKey>
        <datoKey>
          <colonnaKey>dt_istituz</colonnaKey>
          <labelKey>Data istituzione</labelKey>
          <valoreKey>04/08/2015</valoreKey>
        </datoKey>
      </keyRecord>
      <datoRecord>
        <colonnaDato>dt_soppres</colonnaDato>
        <labelDato>Data soppressione</labelDato>
        <valoreDato>31/12/2444</valoreDato>
      </datoRecord>
      <recordChild>
        <tipoRecord>Campo per partizionamento</tipoRecord>
        <child>
          <idRecord>9603</idRecord>
          <keyRecord>
            <datoKey>
              <colonnaKey>ti_campo</colonnaKey>
              <labelKey>Tipo campo</labelKey>
              <valoreKey>SUB_STRUT</valoreKey>
            </datoKey>
            <datoKey>
              <colonnaKey>nm_campo</colonnaKey>
              <labelKey>Nome campo</labelKey>
              <valoreKey>SUB_STRUTTURA</valoreKey>
            </datoKey>
          </keyRecord>
          <datoRecord>
            <colonnaDato>nm_sub_strut</colonnaDato>
            <labelDato>Sottostruttura</labelDato>
            <valoreDato>DEFAULT</valoreDato>
          </datoRecord>
          <datoRecord>
            <colonnaDato>nm_attrib_dati_spec</colonnaDato>
            <labelDato>Dato specifico</labelDato>
            <valoreDato>null</valoreDato>
          </datoRecord>
        </child>
      </recordChild>
    </child>
    <child>
      <idRecord>499</idRecord>
      <keyRecord>
        <datoKey>
          <colonnaKey>nm_tipo_doc</colonnaKey>
          <labelKey>Tipo documento principale</labelKey>
          <valoreKey>DETERMINA DIRIGENZIALE</valoreKey>
        </datoKey>
        <datoKey>
          <colonnaKey>dt_istituz</colonnaKey>
          <labelKey>Data istituzione</labelKey>
          <valoreKey>10/11/2014</valoreKey>
        </datoKey>
      </keyRecord>
      <datoRecord>
        <colonnaDato>dt_soppres</colonnaDato>
        <labelDato>Data soppressione</labelDato>
        <valoreDato>31/12/2444</valoreDato>
      </datoRecord>
      <recordChild>
        <tipoRecord>Campo per partizionamento</tipoRecord>
        <child>
          <idRecord>243</idRecord>
          <keyRecord>
            <datoKey>
              <colonnaKey>ti_campo</colonnaKey>
              <labelKey>Tipo campo</labelKey>
              <valoreKey>SUB_STRUT</valoreKey>
            </datoKey>
            <datoKey>
              <colonnaKey>nm_campo</colonnaKey>
              <labelKey>Nome campo</labelKey>
              <valoreKey>SUB_STRUTTURA</valoreKey>
            </datoKey>
          </keyRecord>
          <datoRecord>
            <colonnaDato>nm_sub_strut</colonnaDato>
            <labelDato>Sottostruttura</labelDato>
            <valoreDato>DEFAULT</valoreDato>
          </datoRecord>
          <datoRecord>
            <colonnaDato>nm_attrib_dati_spec</colonnaDato>
            <labelDato>Dato specifico</labelDato>
            <valoreDato>null</valoreDato>
          </datoRecord>
        </child>
      </recordChild>
    </child>
    <child>
      <idRecord>1836</idRecord>
      <keyRecord>
        <datoKey>
          <colonnaKey>nm_tipo_doc</colonnaKey>
          <labelKey>Tipo documento principale</labelKey>
          <valoreKey>DETERMINA DIRIGENZIALE</valoreKey>
        </datoKey>
        <datoKey>
          <colonnaKey>dt_istituz</colonnaKey>
          <labelKey>Data istituzione</labelKey>
          <valoreKey>12/02/2015</valoreKey>
        </datoKey>
      </keyRecord>
      <datoRecord>
        <colonnaDato>dt_soppres</colonnaDato>
        <labelDato>Data soppressione</labelDato>
        <valoreDato>31/12/2444</valoreDato>
      </datoRecord>
      <recordChild>
        <tipoRecord>Campo per partizionamento</tipoRecord>
        <child>
          <idRecord>1147</idRecord>
          <keyRecord>
            <datoKey>
              <colonnaKey>ti_campo</colonnaKey>
              <labelKey>Tipo campo</labelKey>
              <valoreKey>SUB_STRUT</valoreKey>
            </datoKey>
            <datoKey>
              <colonnaKey>nm_campo</colonnaKey>
              <labelKey>Nome campo</labelKey>
              <valoreKey>SUB_STRUTTURA</valoreKey>
            </datoKey>
          </keyRecord>
          <datoRecord>
            <colonnaDato>nm_sub_strut</colonnaDato>
            <labelDato>Sottostruttura</labelDato>
            <valoreDato>DEFAULT</valoreDato>
          </datoRecord>
          <datoRecord>
            <colonnaDato>nm_attrib_dati_spec</colonnaDato>
            <labelDato>Dato specifico</labelDato>
            <valoreDato>null</valoreDato>
          </datoRecord>
        </child>
      </recordChild>
    </child>
    <child>
      <idRecord>1835</idRecord>
      <keyRecord>
        <datoKey>
          <colonnaKey>nm_tipo_doc</colonnaKey>
          <labelKey>Tipo documento principale</labelKey>
          <valoreKey>DETERMINA DIRIGENZIALE</valoreKey>
        </datoKey>
        <datoKey>
          <colonnaKey>dt_istituz</colonnaKey>
          <labelKey>Data istituzione</labelKey>
          <valoreKey>12/02/2015</valoreKey>
        </datoKey>
      </keyRecord>
      <datoRecord>
        <colonnaDato>dt_soppres</colonnaDato>
        <labelDato>Data soppressione</labelDato>
        <valoreDato>31/12/2444</valoreDato>
      </datoRecord>
      <recordChild>
        <tipoRecord>Campo per partizionamento</tipoRecord>
        <child>
          <idRecord>1146</idRecord>
          <keyRecord>
            <datoKey>
              <colonnaKey>ti_campo</colonnaKey>
              <labelKey>Tipo campo</labelKey>
              <valoreKey>SUB_STRUT</valoreKey>
            </datoKey>
            <datoKey>
              <colonnaKey>nm_campo</colonnaKey>
              <labelKey>Nome campo</labelKey>
              <valoreKey>SUB_STRUTTURA</valoreKey>
            </datoKey>
          </keyRecord>
          <datoRecord>
            <colonnaDato>nm_sub_strut</colonnaDato>
            <labelDato>Sottostruttura</labelDato>
            <valoreDato>DEFAULT</valoreDato>
          </datoRecord>
          <datoRecord>
            <colonnaDato>nm_attrib_dati_spec</colonnaDato>
            <labelDato>Dato specifico</labelDato>
            <valoreDato>null</valoreDato>
          </datoRecord>
        </child>
      </recordChild>
    </child>
    <child>
      <idRecord>1834</idRecord>
      <keyRecord>
        <datoKey>
          <colonnaKey>nm_tipo_doc</colonnaKey>
          <labelKey>Tipo documento principale</labelKey>
          <valoreKey>DETERMINA DIRIGENZIALE</valoreKey>
        </datoKey>
        <datoKey>
          <colonnaKey>dt_istituz</colonnaKey>
          <labelKey>Data istituzione</labelKey>
          <valoreKey>12/02/2015</valoreKey>
        </datoKey>
      </keyRecord>
      <datoRecord>
        <colonnaDato>dt_soppres</colonnaDato>
        <labelDato>Data soppressione</labelDato>
        <valoreDato>31/12/2444</valoreDato>
      </datoRecord>
      <recordChild>
        <tipoRecord>Campo per partizionamento</tipoRecord>
        <child>
          <idRecord>1145</idRecord>
          <keyRecord>
            <datoKey>
              <colonnaKey>ti_campo</colonnaKey>
              <labelKey>Tipo campo</labelKey>
              <valoreKey>SUB_STRUT</valoreKey>
            </datoKey>
            <datoKey>
              <colonnaKey>nm_campo</colonnaKey>
              <labelKey>Nome campo</labelKey>
              <valoreKey>SUB_STRUTTURA</valoreKey>
            </datoKey>
          </keyRecord>
          <datoRecord>
            <colonnaDato>nm_sub_strut</colonnaDato>
            <labelDato>Sottostruttura</labelDato>
            <valoreDato>DEFAULT</valoreDato>
          </datoRecord>
          <datoRecord>
            <colonnaDato>nm_attrib_dati_spec</colonnaDato>
            <labelDato>Dato specifico</labelDato>
            <valoreDato>null</valoreDato>
          </datoRecord>
        </child>
      </recordChild>
    </child>
    <child>
      <idRecord>1833</idRecord>
      <keyRecord>
        <datoKey>
          <colonnaKey>nm_tipo_doc</colonnaKey>
          <labelKey>Tipo documento principale</labelKey>
          <valoreKey>DETERMINA DIRIGENZIALE</valoreKey>
        </datoKey>
        <datoKey>
          <colonnaKey>dt_istituz</colonnaKey>
          <labelKey>Data istituzione</labelKey>
          <valoreKey>12/02/2015</valoreKey>
        </datoKey>
      </keyRecord>
      <datoRecord>
        <colonnaDato>dt_soppres</colonnaDato>
        <labelDato>Data soppressione</labelDato>
        <valoreDato>31/12/2444</valoreDato>
      </datoRecord>
      <recordChild>
        <tipoRecord>Campo per partizionamento</tipoRecord>
        <child>
          <idRecord>1144</idRecord>
          <keyRecord>
            <datoKey>
              <colonnaKey>ti_campo</colonnaKey>
              <labelKey>Tipo campo</labelKey>
              <valoreKey>SUB_STRUT</valoreKey>
            </datoKey>
            <datoKey>
              <colonnaKey>nm_campo</colonnaKey>
              <labelKey>Nome campo</labelKey>
              <valoreKey>SUB_STRUTTURA</valoreKey>
            </datoKey>
          </keyRecord>
          <datoRecord>
            <colonnaDato>nm_sub_strut</colonnaDato>
            <labelDato>Sottostruttura</labelDato>
            <valoreDato>DEFAULT</valoreDato>
          </datoRecord>
          <datoRecord>
            <colonnaDato>nm_attrib_dati_spec</colonnaDato>
            <labelDato>Dato specifico</labelDato>
            <valoreDato>null</valoreDato>
          </datoRecord>
        </child>
      </recordChild>
    </child>
    <child>
      <idRecord>1832</idRecord>
      <keyRecord>
        <datoKey>
          <colonnaKey>nm_tipo_doc</colonnaKey>
          <labelKey>Tipo documento principale</labelKey>
          <valoreKey>DETERMINA DIRIGENZIALE</valoreKey>
        </datoKey>
        <datoKey>
          <colonnaKey>dt_istituz</colonnaKey>
          <labelKey>Data istituzione</labelKey>
          <valoreKey>12/02/2015</valoreKey>
        </datoKey>
      </keyRecord>
      <datoRecord>
        <colonnaDato>dt_soppres</colonnaDato>
        <labelDato>Data soppressione</labelDato>
        <valoreDato>31/12/2444</valoreDato>
      </datoRecord>
      <recordChild>
        <tipoRecord>Campo per partizionamento</tipoRecord>
        <child>
          <idRecord>1143</idRecord>
          <keyRecord>
            <datoKey>
              <colonnaKey>ti_campo</colonnaKey>
              <labelKey>Tipo campo</labelKey>
              <valoreKey>SUB_STRUT</valoreKey>
            </datoKey>
            <datoKey>
              <colonnaKey>nm_campo</colonnaKey>
              <labelKey>Nome campo</labelKey>
              <valoreKey>SUB_STRUTTURA</valoreKey>
            </datoKey>
          </keyRecord>
          <datoRecord>
            <colonnaDato>nm_sub_strut</colonnaDato>
            <labelDato>Sottostruttura</labelDato>
            <valoreDato>DEFAULT</valoreDato>
          </datoRecord>
          <datoRecord>
            <colonnaDato>nm_attrib_dati_spec</colonnaDato>
            <labelDato>Dato specifico</labelDato>
            <valoreDato>null</valoreDato>
          </datoRecord>
        </child>
      </recordChild>
    </child>
    <child>
      <idRecord>1831</idRecord>
      <keyRecord>
        <datoKey>
          <colonnaKey>nm_tipo_doc</colonnaKey>
          <labelKey>Tipo documento principale</labelKey>
          <valoreKey>DETERMINA DIRIGENZIALE</valoreKey>
        </datoKey>
        <datoKey>
          <colonnaKey>dt_istituz</colonnaKey>
          <labelKey>Data istituzione</labelKey>
          <valoreKey>12/02/2015</valoreKey>
        </datoKey>
      </keyRecord>
      <datoRecord>
        <colonnaDato>dt_soppres</colonnaDato>
        <labelDato>Data soppressione</labelDato>
        <valoreDato>31/12/2444</valoreDato>
      </datoRecord>
      <recordChild>
        <tipoRecord>Campo per partizionamento</tipoRecord>
        <child>
          <idRecord>1142</idRecord>
          <keyRecord>
            <datoKey>
              <colonnaKey>ti_campo</colonnaKey>
              <labelKey>Tipo campo</labelKey>
              <valoreKey>SUB_STRUT</valoreKey>
            </datoKey>
            <datoKey>
              <colonnaKey>nm_campo</colonnaKey>
              <labelKey>Nome campo</labelKey>
              <valoreKey>SUB_STRUTTURA</valoreKey>
            </datoKey>
          </keyRecord>
          <datoRecord>
            <colonnaDato>nm_sub_strut</colonnaDato>
            <labelDato>Sottostruttura</labelDato>
            <valoreDato>DEFAULT</valoreDato>
          </datoRecord>
          <datoRecord>
            <colonnaDato>nm_attrib_dati_spec</colonnaDato>
            <labelDato>Dato specifico</labelDato>
            <valoreDato>null</valoreDato>
          </datoRecord>
        </child>
      </recordChild>
    </child>
    <child>
      <idRecord>1830</idRecord>
      <keyRecord>
        <datoKey>
          <colonnaKey>nm_tipo_doc</colonnaKey>
          <labelKey>Tipo documento principale</labelKey>
          <valoreKey>DETERMINA DIRIGENZIALE</valoreKey>
        </datoKey>
        <datoKey>
          <colonnaKey>dt_istituz</colonnaKey>
          <labelKey>Data istituzione</labelKey>
          <valoreKey>12/02/2015</valoreKey>
        </datoKey>
      </keyRecord>
      <datoRecord>
        <colonnaDato>dt_soppres</colonnaDato>
        <labelDato>Data soppressione</labelDato>
        <valoreDato>31/12/2444</valoreDato>
      </datoRecord>
      <recordChild>
        <tipoRecord>Campo per partizionamento</tipoRecord>
        <child>
          <idRecord>1141</idRecord>
          <keyRecord>
            <datoKey>
              <colonnaKey>ti_campo</colonnaKey>
              <labelKey>Tipo campo</labelKey>
              <valoreKey>SUB_STRUT</valoreKey>
            </datoKey>
            <datoKey>
              <colonnaKey>nm_campo</colonnaKey>
              <labelKey>Nome campo</labelKey>
              <valoreKey>SUB_STRUTTURA</valoreKey>
            </datoKey>
          </keyRecord>
          <datoRecord>
            <colonnaDato>nm_sub_strut</colonnaDato>
            <labelDato>Sottostruttura</labelDato>
            <valoreDato>DEFAULT</valoreDato>
          </datoRecord>
          <datoRecord>
            <colonnaDato>nm_attrib_dati_spec</colonnaDato>
            <labelDato>Dato specifico</labelDato>
            <valoreDato>null</valoreDato>
          </datoRecord>
        </child>
      </recordChild>
    </child>
    <child>
      <idRecord>520</idRecord>
      <keyRecord>
        <datoKey>
          <colonnaKey>nm_tipo_doc</colonnaKey>
          <labelKey>Tipo documento principale</labelKey>
          <valoreKey>DETERMINAZIONI DIRIGENZIALI</valoreKey>
        </datoKey>
        <datoKey>
          <colonnaKey>dt_istituz</colonnaKey>
          <labelKey>Data istituzione</labelKey>
          <valoreKey>10/11/2014</valoreKey>
        </datoKey>
      </keyRecord>
      <datoRecord>
        <colonnaDato>dt_soppres</colonnaDato>
        <labelDato>Data soppressione</labelDato>
        <valoreDato>31/12/2444</valoreDato>
      </datoRecord>
      <recordChild>
        <tipoRecord>Campo per partizionamento</tipoRecord>
        <child>
          <idRecord>264</idRecord>
          <keyRecord>
            <datoKey>
              <colonnaKey>ti_campo</colonnaKey>
              <labelKey>Tipo campo</labelKey>
              <valoreKey>SUB_STRUT</valoreKey>
            </datoKey>
            <datoKey>
              <colonnaKey>nm_campo</colonnaKey>
              <labelKey>Nome campo</labelKey>
              <valoreKey>SUB_STRUTTURA</valoreKey>
            </datoKey>
          </keyRecord>
          <datoRecord>
            <colonnaDato>nm_sub_strut</colonnaDato>
            <labelDato>Sottostruttura</labelDato>
            <valoreDato>DEFAULT</valoreDato>
          </datoRecord>
          <datoRecord>
            <colonnaDato>nm_attrib_dati_spec</colonnaDato>
            <labelDato>Dato specifico</labelDato>
            <valoreDato>null</valoreDato>
          </datoRecord>
        </child>
      </recordChild>
    </child>
    <child>
      <idRecord>1894</idRecord>
      <keyRecord>
        <datoKey>
          <colonnaKey>nm_tipo_doc</colonnaKey>
          <labelKey>Tipo documento principale</labelKey>
          <valoreKey>DETERMINAZIONI DIRIGENZIALI</valoreKey>
        </datoKey>
        <datoKey>
          <colonnaKey>dt_istituz</colonnaKey>
          <labelKey>Data istituzione</labelKey>
          <valoreKey>12/02/2015</valoreKey>
        </datoKey>
      </keyRecord>
      <datoRecord>
        <colonnaDato>dt_soppres</colonnaDato>
        <labelDato>Data soppressione</labelDato>
        <valoreDato>31/12/2444</valoreDato>
      </datoRecord>
      <recordChild>
        <tipoRecord>Campo per partizionamento</tipoRecord>
        <child>
          <idRecord>1205</idRecord>
          <keyRecord>
            <datoKey>
              <colonnaKey>ti_campo</colonnaKey>
              <labelKey>Tipo campo</labelKey>
              <valoreKey>SUB_STRUT</valoreKey>
            </datoKey>
            <datoKey>
              <colonnaKey>nm_campo</colonnaKey>
              <labelKey>Nome campo</labelKey>
              <valoreKey>SUB_STRUTTURA</valoreKey>
            </datoKey>
          </keyRecord>
          <datoRecord>
            <colonnaDato>nm_sub_strut</colonnaDato>
            <labelDato>Sottostruttura</labelDato>
            <valoreDato>DEFAULT</valoreDato>
          </datoRecord>
          <datoRecord>
            <colonnaDato>nm_attrib_dati_spec</colonnaDato>
            <labelDato>Dato specifico</labelDato>
            <valoreDato>null</valoreDato>
          </datoRecord>
        </child>
      </recordChild>
    </child>
    <child>
      <idRecord>1893</idRecord>
      <keyRecord>
        <datoKey>
          <colonnaKey>nm_tipo_doc</colonnaKey>
          <labelKey>Tipo documento principale</labelKey>
          <valoreKey>DETERMINAZIONI DIRIGENZIALI</valoreKey>
        </datoKey>
        <datoKey>
          <colonnaKey>dt_istituz</colonnaKey>
          <labelKey>Data istituzione</labelKey>
          <valoreKey>12/02/2015</valoreKey>
        </datoKey>
      </keyRecord>
      <datoRecord>
        <colonnaDato>dt_soppres</colonnaDato>
        <labelDato>Data soppressione</labelDato>
        <valoreDato>31/12/2444</valoreDato>
      </datoRecord>
      <recordChild>
        <tipoRecord>Campo per partizionamento</tipoRecord>
        <child>
          <idRecord>1204</idRecord>
          <keyRecord>
            <datoKey>
              <colonnaKey>ti_campo</colonnaKey>
              <labelKey>Tipo campo</labelKey>
              <valoreKey>SUB_STRUT</valoreKey>
            </datoKey>
            <datoKey>
              <colonnaKey>nm_campo</colonnaKey>
              <labelKey>Nome campo</labelKey>
              <valoreKey>SUB_STRUTTURA</valoreKey>
            </datoKey>
          </keyRecord>
          <datoRecord>
            <colonnaDato>nm_sub_strut</colonnaDato>
            <labelDato>Sottostruttura</labelDato>
            <valoreDato>DEFAULT</valoreDato>
          </datoRecord>
          <datoRecord>
            <colonnaDato>nm_attrib_dati_spec</colonnaDato>
            <labelDato>Dato specifico</labelDato>
            <valoreDato>null</valoreDato>
          </datoRecord>
        </child>
      </recordChild>
    </child>
    <child>
      <idRecord>1892</idRecord>
      <keyRecord>
        <datoKey>
          <colonnaKey>nm_tipo_doc</colonnaKey>
          <labelKey>Tipo documento principale</labelKey>
          <valoreKey>DETERMINAZIONI DIRIGENZIALI</valoreKey>
        </datoKey>
        <datoKey>
          <colonnaKey>dt_istituz</colonnaKey>
          <labelKey>Data istituzione</labelKey>
          <valoreKey>12/02/2015</valoreKey>
        </datoKey>
      </keyRecord>
      <datoRecord>
        <colonnaDato>dt_soppres</colonnaDato>
        <labelDato>Data soppressione</labelDato>
        <valoreDato>31/12/2444</valoreDato>
      </datoRecord>
      <recordChild>
        <tipoRecord>Campo per partizionamento</tipoRecord>
        <child>
          <idRecord>1203</idRecord>
          <keyRecord>
            <datoKey>
              <colonnaKey>ti_campo</colonnaKey>
              <labelKey>Tipo campo</labelKey>
              <valoreKey>SUB_STRUT</valoreKey>
            </datoKey>
            <datoKey>
              <colonnaKey>nm_campo</colonnaKey>
              <labelKey>Nome campo</labelKey>
              <valoreKey>SUB_STRUTTURA</valoreKey>
            </datoKey>
          </keyRecord>
          <datoRecord>
            <colonnaDato>nm_sub_strut</colonnaDato>
            <labelDato>Sottostruttura</labelDato>
            <valoreDato>DEFAULT</valoreDato>
          </datoRecord>
          <datoRecord>
            <colonnaDato>nm_attrib_dati_spec</colonnaDato>
            <labelDato>Dato specifico</labelDato>
            <valoreDato>null</valoreDato>
          </datoRecord>
        </child>
      </recordChild>
    </child>
    <child>
      <idRecord>1891</idRecord>
      <keyRecord>
        <datoKey>
          <colonnaKey>nm_tipo_doc</colonnaKey>
          <labelKey>Tipo documento principale</labelKey>
          <valoreKey>DETERMINAZIONI DIRIGENZIALI</valoreKey>
        </datoKey>
        <datoKey>
          <colonnaKey>dt_istituz</colonnaKey>
          <labelKey>Data istituzione</labelKey>
          <valoreKey>12/02/2015</valoreKey>
        </datoKey>
      </keyRecord>
      <datoRecord>
        <colonnaDato>dt_soppres</colonnaDato>
        <labelDato>Data soppressione</labelDato>
        <valoreDato>31/12/2444</valoreDato>
      </datoRecord>
      <recordChild>
        <tipoRecord>Campo per partizionamento</tipoRecord>
        <child>
          <idRecord>1202</idRecord>
          <keyRecord>
            <datoKey>
              <colonnaKey>ti_campo</colonnaKey>
              <labelKey>Tipo campo</labelKey>
              <valoreKey>SUB_STRUT</valoreKey>
            </datoKey>
            <datoKey>
              <colonnaKey>nm_campo</colonnaKey>
              <labelKey>Nome campo</labelKey>
              <valoreKey>SUB_STRUTTURA</valoreKey>
            </datoKey>
          </keyRecord>
          <datoRecord>
            <colonnaDato>nm_sub_strut</colonnaDato>
            <labelDato>Sottostruttura</labelDato>
            <valoreDato>DEFAULT</valoreDato>
          </datoRecord>
          <datoRecord>
            <colonnaDato>nm_attrib_dati_spec</colonnaDato>
            <labelDato>Dato specifico</labelDato>
            <valoreDato>null</valoreDato>
          </datoRecord>
        </child>
      </recordChild>
    </child>
    <child>
      <idRecord>1890</idRecord>
      <keyRecord>
        <datoKey>
          <colonnaKey>nm_tipo_doc</colonnaKey>
          <labelKey>Tipo documento principale</labelKey>
          <valoreKey>DETERMINAZIONI DIRIGENZIALI</valoreKey>
        </datoKey>
        <datoKey>
          <colonnaKey>dt_istituz</colonnaKey>
          <labelKey>Data istituzione</labelKey>
          <valoreKey>12/02/2015</valoreKey>
        </datoKey>
      </keyRecord>
      <datoRecord>
        <colonnaDato>dt_soppres</colonnaDato>
        <labelDato>Data soppressione</labelDato>
        <valoreDato>31/12/2444</valoreDato>
      </datoRecord>
      <recordChild>
        <tipoRecord>Campo per partizionamento</tipoRecord>
        <child>
          <idRecord>1201</idRecord>
          <keyRecord>
            <datoKey>
              <colonnaKey>ti_campo</colonnaKey>
              <labelKey>Tipo campo</labelKey>
              <valoreKey>SUB_STRUT</valoreKey>
            </datoKey>
            <datoKey>
              <colonnaKey>nm_campo</colonnaKey>
              <labelKey>Nome campo</labelKey>
              <valoreKey>SUB_STRUTTURA</valoreKey>
            </datoKey>
          </keyRecord>
          <datoRecord>
            <colonnaDato>nm_sub_strut</colonnaDato>
            <labelDato>Sottostruttura</labelDato>
            <valoreDato>DEFAULT</valoreDato>
          </datoRecord>
          <datoRecord>
            <colonnaDato>nm_attrib_dati_spec</colonnaDato>
            <labelDato>Dato specifico</labelDato>
            <valoreDato>null</valoreDato>
          </datoRecord>
        </child>
      </recordChild>
    </child>
    <child>
      <idRecord>1889</idRecord>
      <keyRecord>
        <datoKey>
          <colonnaKey>nm_tipo_doc</colonnaKey>
          <labelKey>Tipo documento principale</labelKey>
          <valoreKey>DETERMINAZIONI DIRIGENZIALI</valoreKey>
        </datoKey>
        <datoKey>
          <colonnaKey>dt_istituz</colonnaKey>
          <labelKey>Data istituzione</labelKey>
          <valoreKey>12/02/2015</valoreKey>
        </datoKey>
      </keyRecord>
      <datoRecord>
        <colonnaDato>dt_soppres</colonnaDato>
        <labelDato>Data soppressione</labelDato>
        <valoreDato>31/12/2444</valoreDato>
      </datoRecord>
      <recordChild>
        <tipoRecord>Campo per partizionamento</tipoRecord>
        <child>
          <idRecord>1200</idRecord>
          <keyRecord>
            <datoKey>
              <colonnaKey>ti_campo</colonnaKey>
              <labelKey>Tipo campo</labelKey>
              <valoreKey>SUB_STRUT</valoreKey>
            </datoKey>
            <datoKey>
              <colonnaKey>nm_campo</colonnaKey>
              <labelKey>Nome campo</labelKey>
              <valoreKey>SUB_STRUTTURA</valoreKey>
            </datoKey>
          </keyRecord>
          <datoRecord>
            <colonnaDato>nm_sub_strut</colonnaDato>
            <labelDato>Sottostruttura</labelDato>
            <valoreDato>DEFAULT</valoreDato>
          </datoRecord>
          <datoRecord>
            <colonnaDato>nm_attrib_dati_spec</colonnaDato>
            <labelDato>Dato specifico</labelDato>
            <valoreDato>null</valoreDato>
          </datoRecord>
        </child>
      </recordChild>
    </child>
    <child>
      <idRecord>1888</idRecord>
      <keyRecord>
        <datoKey>
          <colonnaKey>nm_tipo_doc</colonnaKey>
          <labelKey>Tipo documento principale</labelKey>
          <valoreKey>DETERMINAZIONI DIRIGENZIALI</valoreKey>
        </datoKey>
        <datoKey>
          <colonnaKey>dt_istituz</colonnaKey>
          <labelKey>Data istituzione</labelKey>
          <valoreKey>12/02/2015</valoreKey>
        </datoKey>
      </keyRecord>
      <datoRecord>
        <colonnaDato>dt_soppres</colonnaDato>
        <labelDato>Data soppressione</labelDato>
        <valoreDato>31/12/2444</valoreDato>
      </datoRecord>
      <recordChild>
        <tipoRecord>Campo per partizionamento</tipoRecord>
        <child>
          <idRecord>1199</idRecord>
          <keyRecord>
            <datoKey>
              <colonnaKey>ti_campo</colonnaKey>
              <labelKey>Tipo campo</labelKey>
              <valoreKey>SUB_STRUT</valoreKey>
            </datoKey>
            <datoKey>
              <colonnaKey>nm_campo</colonnaKey>
              <labelKey>Nome campo</labelKey>
              <valoreKey>SUB_STRUTTURA</valoreKey>
            </datoKey>
          </keyRecord>
          <datoRecord>
            <colonnaDato>nm_sub_strut</colonnaDato>
            <labelDato>Sottostruttura</labelDato>
            <valoreDato>DEFAULT</valoreDato>
          </datoRecord>
          <datoRecord>
            <colonnaDato>nm_attrib_dati_spec</colonnaDato>
            <labelDato>Dato specifico</labelDato>
            <valoreDato>null</valoreDato>
          </datoRecord>
        </child>
      </recordChild>
    </child>
    <child>
      <idRecord>1887</idRecord>
      <keyRecord>
        <datoKey>
          <colonnaKey>nm_tipo_doc</colonnaKey>
          <labelKey>Tipo documento principale</labelKey>
          <valoreKey>DETERMINAZIONI DIRIGENZIALI</valoreKey>
        </datoKey>
        <datoKey>
          <colonnaKey>dt_istituz</colonnaKey>
          <labelKey>Data istituzione</labelKey>
          <valoreKey>12/02/2015</valoreKey>
        </datoKey>
      </keyRecord>
      <datoRecord>
        <colonnaDato>dt_soppres</colonnaDato>
        <labelDato>Data soppressione</labelDato>
        <valoreDato>31/12/2444</valoreDato>
      </datoRecord>
      <recordChild>
        <tipoRecord>Campo per partizionamento</tipoRecord>
        <child>
          <idRecord>1198</idRecord>
          <keyRecord>
            <datoKey>
              <colonnaKey>ti_campo</colonnaKey>
              <labelKey>Tipo campo</labelKey>
              <valoreKey>SUB_STRUT</valoreKey>
            </datoKey>
            <datoKey>
              <colonnaKey>nm_campo</colonnaKey>
              <labelKey>Nome campo</labelKey>
              <valoreKey>SUB_STRUTTURA</valoreKey>
            </datoKey>
          </keyRecord>
          <datoRecord>
            <colonnaDato>nm_sub_strut</colonnaDato>
            <labelDato>Sottostruttura</labelDato>
            <valoreDato>DEFAULT</valoreDato>
          </datoRecord>
          <datoRecord>
            <colonnaDato>nm_attrib_dati_spec</colonnaDato>
            <labelDato>Dato specifico</labelDato>
            <valoreDato>null</valoreDato>
          </datoRecord>
        </child>
      </recordChild>
    </child>
    <child>
      <idRecord>1886</idRecord>
      <keyRecord>
        <datoKey>
          <colonnaKey>nm_tipo_doc</colonnaKey>
          <labelKey>Tipo documento principale</labelKey>
          <valoreKey>DETERMINAZIONI DIRIGENZIALI</valoreKey>
        </datoKey>
        <datoKey>
          <colonnaKey>dt_istituz</colonnaKey>
          <labelKey>Data istituzione</labelKey>
          <valoreKey>12/02/2015</valoreKey>
        </datoKey>
      </keyRecord>
      <datoRecord>
        <colonnaDato>dt_soppres</colonnaDato>
        <labelDato>Data soppressione</labelDato>
        <valoreDato>31/12/2444</valoreDato>
      </datoRecord>
      <recordChild>
        <tipoRecord>Campo per partizionamento</tipoRecord>
        <child>
          <idRecord>1197</idRecord>
          <keyRecord>
            <datoKey>
              <colonnaKey>ti_campo</colonnaKey>
              <labelKey>Tipo campo</labelKey>
              <valoreKey>SUB_STRUT</valoreKey>
            </datoKey>
            <datoKey>
              <colonnaKey>nm_campo</colonnaKey>
              <labelKey>Nome campo</labelKey>
              <valoreKey>SUB_STRUTTURA</valoreKey>
            </datoKey>
          </keyRecord>
          <datoRecord>
            <colonnaDato>nm_sub_strut</colonnaDato>
            <labelDato>Sottostruttura</labelDato>
            <valoreDato>DEFAULT</valoreDato>
          </datoRecord>
          <datoRecord>
            <colonnaDato>nm_attrib_dati_spec</colonnaDato>
            <labelDato>Dato specifico</labelDato>
            <valoreDato>null</valoreDato>
          </datoRecord>
        </child>
      </recordChild>
    </child>
    <child>
      <idRecord>1885</idRecord>
      <keyRecord>
        <datoKey>
          <colonnaKey>nm_tipo_doc</colonnaKey>
          <labelKey>Tipo documento principale</labelKey>
          <valoreKey>DETERMINAZIONI DIRIGENZIALI</valoreKey>
        </datoKey>
        <datoKey>
          <colonnaKey>dt_istituz</colonnaKey>
          <labelKey>Data istituzione</labelKey>
          <valoreKey>12/02/2015</valoreKey>
        </datoKey>
      </keyRecord>
      <datoRecord>
        <colonnaDato>dt_soppres</colonnaDato>
        <labelDato>Data soppressione</labelDato>
        <valoreDato>31/12/2444</valoreDato>
      </datoRecord>
      <recordChild>
        <tipoRecord>Campo per partizionamento</tipoRecord>
        <child>
          <idRecord>1196</idRecord>
          <keyRecord>
            <datoKey>
              <colonnaKey>ti_campo</colonnaKey>
              <labelKey>Tipo campo</labelKey>
              <valoreKey>SUB_STRUT</valoreKey>
            </datoKey>
            <datoKey>
              <colonnaKey>nm_campo</colonnaKey>
              <labelKey>Nome campo</labelKey>
              <valoreKey>SUB_STRUTTURA</valoreKey>
            </datoKey>
          </keyRecord>
          <datoRecord>
            <colonnaDato>nm_sub_strut</colonnaDato>
            <labelDato>Sottostruttura</labelDato>
            <valoreDato>DEFAULT</valoreDato>
          </datoRecord>
          <datoRecord>
            <colonnaDato>nm_attrib_dati_spec</colonnaDato>
            <labelDato>Dato specifico</labelDato>
            <valoreDato>null</valoreDato>
          </datoRecord>
        </child>
      </recordChild>
    </child>
    <child>
      <idRecord>1884</idRecord>
      <keyRecord>
        <datoKey>
          <colonnaKey>nm_tipo_doc</colonnaKey>
          <labelKey>Tipo documento principale</labelKey>
          <valoreKey>DETERMINAZIONI DIRIGENZIALI</valoreKey>
        </datoKey>
        <datoKey>
          <colonnaKey>dt_istituz</colonnaKey>
          <labelKey>Data istituzione</labelKey>
          <valoreKey>12/02/2015</valoreKey>
        </datoKey>
      </keyRecord>
      <datoRecord>
        <colonnaDato>dt_soppres</colonnaDato>
        <labelDato>Data soppressione</labelDato>
        <valoreDato>31/12/2444</valoreDato>
      </datoRecord>
      <recordChild>
        <tipoRecord>Campo per partizionamento</tipoRecord>
        <child>
          <idRecord>1195</idRecord>
          <keyRecord>
            <datoKey>
              <colonnaKey>ti_campo</colonnaKey>
              <labelKey>Tipo campo</labelKey>
              <valoreKey>SUB_STRUT</valoreKey>
            </datoKey>
            <datoKey>
              <colonnaKey>nm_campo</colonnaKey>
              <labelKey>Nome campo</labelKey>
              <valoreKey>SUB_STRUTTURA</valoreKey>
            </datoKey>
          </keyRecord>
          <datoRecord>
            <colonnaDato>nm_sub_strut</colonnaDato>
            <labelDato>Sottostruttura</labelDato>
            <valoreDato>DEFAULT</valoreDato>
          </datoRecord>
          <datoRecord>
            <colonnaDato>nm_attrib_dati_spec</colonnaDato>
            <labelDato>Dato specifico</labelDato>
            <valoreDato>null</valoreDato>
          </datoRecord>
        </child>
      </recordChild>
    </child>
    <child>
      <idRecord>1883</idRecord>
      <keyRecord>
        <datoKey>
          <colonnaKey>nm_tipo_doc</colonnaKey>
          <labelKey>Tipo documento principale</labelKey>
          <valoreKey>DETERMINAZIONI DIRIGENZIALI</valoreKey>
        </datoKey>
        <datoKey>
          <colonnaKey>dt_istituz</colonnaKey>
          <labelKey>Data istituzione</labelKey>
          <valoreKey>12/02/2015</valoreKey>
        </datoKey>
      </keyRecord>
      <datoRecord>
        <colonnaDato>dt_soppres</colonnaDato>
        <labelDato>Data soppressione</labelDato>
        <valoreDato>31/12/2444</valoreDato>
      </datoRecord>
      <recordChild>
        <tipoRecord>Campo per partizionamento</tipoRecord>
        <child>
          <idRecord>1194</idRecord>
          <keyRecord>
            <datoKey>
              <colonnaKey>ti_campo</colonnaKey>
              <labelKey>Tipo campo</labelKey>
              <valoreKey>SUB_STRUT</valoreKey>
            </datoKey>
            <datoKey>
              <colonnaKey>nm_campo</colonnaKey>
              <labelKey>Nome campo</labelKey>
              <valoreKey>SUB_STRUTTURA</valoreKey>
            </datoKey>
          </keyRecord>
          <datoRecord>
            <colonnaDato>nm_sub_strut</colonnaDato>
            <labelDato>Sottostruttura</labelDato>
            <valoreDato>DEFAULT</valoreDato>
          </datoRecord>
          <datoRecord>
            <colonnaDato>nm_attrib_dati_spec</colonnaDato>
            <labelDato>Dato specifico</labelDato>
            <valoreDato>null</valoreDato>
          </datoRecord>
        </child>
      </recordChild>
    </child>
    <child>
      <idRecord>1882</idRecord>
      <keyRecord>
        <datoKey>
          <colonnaKey>nm_tipo_doc</colonnaKey>
          <labelKey>Tipo documento principale</labelKey>
          <valoreKey>DETERMINAZIONI DIRIGENZIALI</valoreKey>
        </datoKey>
        <datoKey>
          <colonnaKey>dt_istituz</colonnaKey>
          <labelKey>Data istituzione</labelKey>
          <valoreKey>12/02/2015</valoreKey>
        </datoKey>
      </keyRecord>
      <datoRecord>
        <colonnaDato>dt_soppres</colonnaDato>
        <labelDato>Data soppressione</labelDato>
        <valoreDato>31/12/2444</valoreDato>
      </datoRecord>
      <recordChild>
        <tipoRecord>Campo per partizionamento</tipoRecord>
        <child>
          <idRecord>1193</idRecord>
          <keyRecord>
            <datoKey>
              <colonnaKey>ti_campo</colonnaKey>
              <labelKey>Tipo campo</labelKey>
              <valoreKey>SUB_STRUT</valoreKey>
            </datoKey>
            <datoKey>
              <colonnaKey>nm_campo</colonnaKey>
              <labelKey>Nome campo</labelKey>
              <valoreKey>SUB_STRUTTURA</valoreKey>
            </datoKey>
          </keyRecord>
          <datoRecord>
            <colonnaDato>nm_sub_strut</colonnaDato>
            <labelDato>Sottostruttura</labelDato>
            <valoreDato>DEFAULT</valoreDato>
          </datoRecord>
          <datoRecord>
            <colonnaDato>nm_attrib_dati_spec</colonnaDato>
            <labelDato>Dato specifico</labelDato>
            <valoreDato>null</valoreDato>
          </datoRecord>
        </child>
      </recordChild>
    </child>
    <child>
      <idRecord>925</idRecord>
      <keyRecord>
        <datoKey>
          <colonnaKey>nm_tipo_doc</colonnaKey>
          <labelKey>Tipo documento principale</labelKey>
          <valoreKey>DICOM</valoreKey>
        </datoKey>
        <datoKey>
          <colonnaKey>dt_istituz</colonnaKey>
          <labelKey>Data istituzione</labelKey>
          <valoreKey>19/01/2015</valoreKey>
        </datoKey>
      </keyRecord>
      <datoRecord>
        <colonnaDato>dt_soppres</colonnaDato>
        <labelDato>Data soppressione</labelDato>
        <valoreDato>31/12/2444</valoreDato>
      </datoRecord>
      <recordChild>
        <tipoRecord>Campo per partizionamento</tipoRecord>
        <child>
          <idRecord>605</idRecord>
          <keyRecord>
            <datoKey>
              <colonnaKey>ti_campo</colonnaKey>
              <labelKey>Tipo campo</labelKey>
              <valoreKey>SUB_STRUT</valoreKey>
            </datoKey>
            <datoKey>
              <colonnaKey>nm_campo</colonnaKey>
              <labelKey>Nome campo</labelKey>
              <valoreKey>SUB_STRUTTURA</valoreKey>
            </datoKey>
          </keyRecord>
          <datoRecord>
            <colonnaDato>nm_sub_strut</colonnaDato>
            <labelDato>Sottostruttura</labelDato>
            <valoreDato>DEFAULT</valoreDato>
          </datoRecord>
          <datoRecord>
            <colonnaDato>nm_attrib_dati_spec</colonnaDato>
            <labelDato>Dato specifico</labelDato>
            <valoreDato>null</valoreDato>
          </datoRecord>
        </child>
      </recordChild>
    </child>
    <child>
      <idRecord>6701</idRecord>
      <keyRecord>
        <datoKey>
          <colonnaKey>nm_tipo_doc</colonnaKey>
          <labelKey>Tipo documento principale</labelKey>
          <valoreKey>DICOM</valoreKey>
        </datoKey>
        <datoKey>
          <colonnaKey>dt_istituz</colonnaKey>
          <labelKey>Data istituzione</labelKey>
          <valoreKey>30/10/2015</valoreKey>
        </datoKey>
      </keyRecord>
      <datoRecord>
        <colonnaDato>dt_soppres</colonnaDato>
        <labelDato>Data soppressione</labelDato>
        <valoreDato>31/12/2444</valoreDato>
      </datoRecord>
      <recordChild>
        <tipoRecord>Campo per partizionamento</tipoRecord>
        <child>
          <idRecord>5321</idRecord>
          <keyRecord>
            <datoKey>
              <colonnaKey>ti_campo</colonnaKey>
              <labelKey>Tipo campo</labelKey>
              <valoreKey>SUB_STRUT</valoreKey>
            </datoKey>
            <datoKey>
              <colonnaKey>nm_campo</colonnaKey>
              <labelKey>Nome campo</labelKey>
              <valoreKey>SUB_STRUTTURA</valoreKey>
            </datoKey>
          </keyRecord>
          <datoRecord>
            <colonnaDato>nm_sub_strut</colonnaDato>
            <labelDato>Sottostruttura</labelDato>
            <valoreDato>DEFAULT</valoreDato>
          </datoRecord>
          <datoRecord>
            <colonnaDato>nm_attrib_dati_spec</colonnaDato>
            <labelDato>Dato specifico</labelDato>
            <valoreDato>null</valoreDato>
          </datoRecord>
        </child>
      </recordChild>
    </child>
    <child>
      <idRecord>1927</idRecord>
      <keyRecord>
        <datoKey>
          <colonnaKey>nm_tipo_doc</colonnaKey>
          <labelKey>Tipo documento principale</labelKey>
          <valoreKey>DICOM</valoreKey>
        </datoKey>
        <datoKey>
          <colonnaKey>dt_istituz</colonnaKey>
          <labelKey>Data istituzione</labelKey>
          <valoreKey>12/02/2015</valoreKey>
        </datoKey>
      </keyRecord>
      <datoRecord>
        <colonnaDato>dt_soppres</colonnaDato>
        <labelDato>Data soppressione</labelDato>
        <valoreDato>31/12/2444</valoreDato>
      </datoRecord>
      <recordChild>
        <tipoRecord>Campo per partizionamento</tipoRecord>
        <child>
          <idRecord>1238</idRecord>
          <keyRecord>
            <datoKey>
              <colonnaKey>ti_campo</colonnaKey>
              <labelKey>Tipo campo</labelKey>
              <valoreKey>SUB_STRUT</valoreKey>
            </datoKey>
            <datoKey>
              <colonnaKey>nm_campo</colonnaKey>
              <labelKey>Nome campo</labelKey>
              <valoreKey>SUB_STRUTTURA</valoreKey>
            </datoKey>
          </keyRecord>
          <datoRecord>
            <colonnaDato>nm_sub_strut</colonnaDato>
            <labelDato>Sottostruttura</labelDato>
            <valoreDato>DEFAULT</valoreDato>
          </datoRecord>
          <datoRecord>
            <colonnaDato>nm_attrib_dati_spec</colonnaDato>
            <labelDato>Dato specifico</labelDato>
            <valoreDato>null</valoreDato>
          </datoRecord>
        </child>
      </recordChild>
    </child>
    <child>
      <idRecord>464</idRecord>
      <keyRecord>
        <datoKey>
          <colonnaKey>nm_tipo_doc</colonnaKey>
          <labelKey>Tipo documento principale</labelKey>
          <valoreKey>DICOM</valoreKey>
        </datoKey>
        <datoKey>
          <colonnaKey>dt_istituz</colonnaKey>
          <labelKey>Data istituzione</labelKey>
          <valoreKey>10/11/2014</valoreKey>
        </datoKey>
      </keyRecord>
      <datoRecord>
        <colonnaDato>dt_soppres</colonnaDato>
        <labelDato>Data soppressione</labelDato>
        <valoreDato>31/12/2444</valoreDato>
      </datoRecord>
      <recordChild>
        <tipoRecord>Campo per partizionamento</tipoRecord>
        <child>
          <idRecord>208</idRecord>
          <keyRecord>
            <datoKey>
              <colonnaKey>ti_campo</colonnaKey>
              <labelKey>Tipo campo</labelKey>
              <valoreKey>SUB_STRUT</valoreKey>
            </datoKey>
            <datoKey>
              <colonnaKey>nm_campo</colonnaKey>
              <labelKey>Nome campo</labelKey>
              <valoreKey>SUB_STRUTTURA</valoreKey>
            </datoKey>
          </keyRecord>
          <datoRecord>
            <colonnaDato>nm_sub_strut</colonnaDato>
            <labelDato>Sottostruttura</labelDato>
            <valoreDato>DEFAULT</valoreDato>
          </datoRecord>
          <datoRecord>
            <colonnaDato>nm_attrib_dati_spec</colonnaDato>
            <labelDato>Dato specifico</labelDato>
            <valoreDato>null</valoreDato>
          </datoRecord>
        </child>
      </recordChild>
    </child>
    <child>
      <idRecord>2414</idRecord>
      <keyRecord>
        <datoKey>
          <colonnaKey>nm_tipo_doc</colonnaKey>
          <labelKey>Tipo documento principale</labelKey>
          <valoreKey>DOCUMENTO</valoreKey>
        </datoKey>
        <datoKey>
          <colonnaKey>dt_istituz</colonnaKey>
          <labelKey>Data istituzione</labelKey>
          <valoreKey>12/02/2015</valoreKey>
        </datoKey>
      </keyRecord>
      <datoRecord>
        <colonnaDato>dt_soppres</colonnaDato>
        <labelDato>Data soppressione</labelDato>
        <valoreDato>31/12/2444</valoreDato>
      </datoRecord>
      <recordChild>
        <tipoRecord>Campo per partizionamento</tipoRecord>
        <child>
          <idRecord>1057</idRecord>
          <keyRecord>
            <datoKey>
              <colonnaKey>ti_campo</colonnaKey>
              <labelKey>Tipo campo</labelKey>
              <valoreKey>SUB_STRUT</valoreKey>
            </datoKey>
            <datoKey>
              <colonnaKey>nm_campo</colonnaKey>
              <labelKey>Nome campo</labelKey>
              <valoreKey>SUB_STRUTTURA</valoreKey>
            </datoKey>
          </keyRecord>
          <datoRecord>
            <colonnaDato>nm_sub_strut</colonnaDato>
            <labelDato>Sottostruttura</labelDato>
            <valoreDato>DEFAULT</valoreDato>
          </datoRecord>
          <datoRecord>
            <colonnaDato>nm_attrib_dati_spec</colonnaDato>
            <labelDato>Dato specifico</labelDato>
            <valoreDato>null</valoreDato>
          </datoRecord>
        </child>
      </recordChild>
    </child>
    <child>
      <idRecord>482</idRecord>
      <keyRecord>
        <datoKey>
          <colonnaKey>nm_tipo_doc</colonnaKey>
          <labelKey>Tipo documento principale</labelKey>
          <valoreKey>DOCUMENTO</valoreKey>
        </datoKey>
        <datoKey>
          <colonnaKey>dt_istituz</colonnaKey>
          <labelKey>Data istituzione</labelKey>
          <valoreKey>10/11/2014</valoreKey>
        </datoKey>
      </keyRecord>
      <datoRecord>
        <colonnaDato>dt_soppres</colonnaDato>
        <labelDato>Data soppressione</labelDato>
        <valoreDato>31/12/2444</valoreDato>
      </datoRecord>
      <recordChild>
        <tipoRecord>Campo per partizionamento</tipoRecord>
        <child>
          <idRecord>226</idRecord>
          <keyRecord>
            <datoKey>
              <colonnaKey>ti_campo</colonnaKey>
              <labelKey>Tipo campo</labelKey>
              <valoreKey>SUB_STRUT</valoreKey>
            </datoKey>
            <datoKey>
              <colonnaKey>nm_campo</colonnaKey>
              <labelKey>Nome campo</labelKey>
              <valoreKey>SUB_STRUTTURA</valoreKey>
            </datoKey>
          </keyRecord>
          <datoRecord>
            <colonnaDato>nm_sub_strut</colonnaDato>
            <labelDato>Sottostruttura</labelDato>
            <valoreDato>DEFAULT</valoreDato>
          </datoRecord>
          <datoRecord>
            <colonnaDato>nm_attrib_dati_spec</colonnaDato>
            <labelDato>Dato specifico</labelDato>
            <valoreDato>null</valoreDato>
          </datoRecord>
        </child>
      </recordChild>
    </child>
    <child>
      <idRecord>11246</idRecord>
      <keyRecord>
        <datoKey>
          <colonnaKey>nm_tipo_doc</colonnaKey>
          <labelKey>Tipo documento principale</labelKey>
          <valoreKey>DOCUMENTO IN ENTRATA</valoreKey>
        </datoKey>
        <datoKey>
          <colonnaKey>dt_istituz</colonnaKey>
          <labelKey>Data istituzione</labelKey>
          <valoreKey>31/08/2016</valoreKey>
        </datoKey>
      </keyRecord>
      <datoRecord>
        <colonnaDato>dt_soppres</colonnaDato>
        <labelDato>Data soppressione</labelDato>
        <valoreDato>31/12/2444</valoreDato>
      </datoRecord>
      <recordChild>
        <tipoRecord>Campo per partizionamento</tipoRecord>
        <child>
          <idRecord>9366</idRecord>
          <keyRecord>
            <datoKey>
              <colonnaKey>ti_campo</colonnaKey>
              <labelKey>Tipo campo</labelKey>
              <valoreKey>SUB_STRUT</valoreKey>
            </datoKey>
            <datoKey>
              <colonnaKey>nm_campo</colonnaKey>
              <labelKey>Nome campo</labelKey>
              <valoreKey>SUB_STRUTTURA</valoreKey>
            </datoKey>
          </keyRecord>
          <datoRecord>
            <colonnaDato>nm_sub_strut</colonnaDato>
            <labelDato>Sottostruttura</labelDato>
            <valoreDato>DEFAULT</valoreDato>
          </datoRecord>
          <datoRecord>
            <colonnaDato>nm_attrib_dati_spec</colonnaDato>
            <labelDato>Dato specifico</labelDato>
            <valoreDato>null</valoreDato>
          </datoRecord>
        </child>
      </recordChild>
    </child>
    <child>
      <idRecord>11145</idRecord>
      <keyRecord>
        <datoKey>
          <colonnaKey>nm_tipo_doc</colonnaKey>
          <labelKey>Tipo documento principale</labelKey>
          <valoreKey>DOCUMENTO IN ENTRATA</valoreKey>
        </datoKey>
        <datoKey>
          <colonnaKey>dt_istituz</colonnaKey>
          <labelKey>Data istituzione</labelKey>
          <valoreKey>29/08/2016</valoreKey>
        </datoKey>
      </keyRecord>
      <datoRecord>
        <colonnaDato>dt_soppres</colonnaDato>
        <labelDato>Data soppressione</labelDato>
        <valoreDato>31/12/2444</valoreDato>
      </datoRecord>
      <recordChild>
        <tipoRecord>Campo per partizionamento</tipoRecord>
        <child>
          <idRecord>9265</idRecord>
          <keyRecord>
            <datoKey>
              <colonnaKey>ti_campo</colonnaKey>
              <labelKey>Tipo campo</labelKey>
              <valoreKey>SUB_STRUT</valoreKey>
            </datoKey>
            <datoKey>
              <colonnaKey>nm_campo</colonnaKey>
              <labelKey>Nome campo</labelKey>
              <valoreKey>SUB_STRUTTURA</valoreKey>
            </datoKey>
          </keyRecord>
          <datoRecord>
            <colonnaDato>nm_sub_strut</colonnaDato>
            <labelDato>Sottostruttura</labelDato>
            <valoreDato>DEFAULT</valoreDato>
          </datoRecord>
          <datoRecord>
            <colonnaDato>nm_attrib_dati_spec</colonnaDato>
            <labelDato>Dato specifico</labelDato>
            <valoreDato>null</valoreDato>
          </datoRecord>
        </child>
      </recordChild>
    </child>
    <child>
      <idRecord>11247</idRecord>
      <keyRecord>
        <datoKey>
          <colonnaKey>nm_tipo_doc</colonnaKey>
          <labelKey>Tipo documento principale</labelKey>
          <valoreKey>DOCUMENTO IN USCITA</valoreKey>
        </datoKey>
        <datoKey>
          <colonnaKey>dt_istituz</colonnaKey>
          <labelKey>Data istituzione</labelKey>
          <valoreKey>31/08/2016</valoreKey>
        </datoKey>
      </keyRecord>
      <datoRecord>
        <colonnaDato>dt_soppres</colonnaDato>
        <labelDato>Data soppressione</labelDato>
        <valoreDato>31/12/2444</valoreDato>
      </datoRecord>
      <recordChild>
        <tipoRecord>Campo per partizionamento</tipoRecord>
        <child>
          <idRecord>9367</idRecord>
          <keyRecord>
            <datoKey>
              <colonnaKey>ti_campo</colonnaKey>
              <labelKey>Tipo campo</labelKey>
              <valoreKey>SUB_STRUT</valoreKey>
            </datoKey>
            <datoKey>
              <colonnaKey>nm_campo</colonnaKey>
              <labelKey>Nome campo</labelKey>
              <valoreKey>SUB_STRUTTURA</valoreKey>
            </datoKey>
          </keyRecord>
          <datoRecord>
            <colonnaDato>nm_sub_strut</colonnaDato>
            <labelDato>Sottostruttura</labelDato>
            <valoreDato>DEFAULT</valoreDato>
          </datoRecord>
          <datoRecord>
            <colonnaDato>nm_attrib_dati_spec</colonnaDato>
            <labelDato>Dato specifico</labelDato>
            <valoreDato>null</valoreDato>
          </datoRecord>
        </child>
      </recordChild>
    </child>
    <child>
      <idRecord>2321</idRecord>
      <keyRecord>
        <datoKey>
          <colonnaKey>nm_tipo_doc</colonnaKey>
          <labelKey>Tipo documento principale</labelKey>
          <valoreKey>DOCUMENTO PROTOCOLLATO</valoreKey>
        </datoKey>
        <datoKey>
          <colonnaKey>dt_istituz</colonnaKey>
          <labelKey>Data istituzione</labelKey>
          <valoreKey>12/02/2015</valoreKey>
        </datoKey>
      </keyRecord>
      <datoRecord>
        <colonnaDato>dt_soppres</colonnaDato>
        <labelDato>Data soppressione</labelDato>
        <valoreDato>31/12/2444</valoreDato>
      </datoRecord>
      <recordChild>
        <tipoRecord>Campo per partizionamento</tipoRecord>
        <child>
          <idRecord>964</idRecord>
          <keyRecord>
            <datoKey>
              <colonnaKey>ti_campo</colonnaKey>
              <labelKey>Tipo campo</labelKey>
              <valoreKey>SUB_STRUT</valoreKey>
            </datoKey>
            <datoKey>
              <colonnaKey>nm_campo</colonnaKey>
              <labelKey>Nome campo</labelKey>
              <valoreKey>SUB_STRUTTURA</valoreKey>
            </datoKey>
          </keyRecord>
          <datoRecord>
            <colonnaDato>nm_sub_strut</colonnaDato>
            <labelDato>Sottostruttura</labelDato>
            <valoreDato>DEFAULT</valoreDato>
          </datoRecord>
          <datoRecord>
            <colonnaDato>nm_attrib_dati_spec</colonnaDato>
            <labelDato>Dato specifico</labelDato>
            <valoreDato>null</valoreDato>
          </datoRecord>
        </child>
      </recordChild>
    </child>
    <child>
      <idRecord>6261</idRecord>
      <keyRecord>
        <datoKey>
          <colonnaKey>nm_tipo_doc</colonnaKey>
          <labelKey>Tipo documento principale</labelKey>
          <valoreKey>DOCUMENTO PROTOCOLLATO</valoreKey>
        </datoKey>
        <datoKey>
          <colonnaKey>dt_istituz</colonnaKey>
          <labelKey>Data istituzione</labelKey>
          <valoreKey>01/10/2015</valoreKey>
        </datoKey>
      </keyRecord>
      <datoRecord>
        <colonnaDato>dt_soppres</colonnaDato>
        <labelDato>Data soppressione</labelDato>
        <valoreDato>31/12/2444</valoreDato>
      </datoRecord>
      <recordChild>
        <tipoRecord>Campo per partizionamento</tipoRecord>
      </recordChild>
    </child>
    <child>
      <idRecord>11489</idRecord>
      <keyRecord>
        <datoKey>
          <colonnaKey>nm_tipo_doc</colonnaKey>
          <labelKey>Tipo documento principale</labelKey>
          <valoreKey>DOCUMENTO PROTOCOLLATO</valoreKey>
        </datoKey>
        <datoKey>
          <colonnaKey>dt_istituz</colonnaKey>
          <labelKey>Data istituzione</labelKey>
          <valoreKey>04/08/2015</valoreKey>
        </datoKey>
      </keyRecord>
      <datoRecord>
        <colonnaDato>dt_soppres</colonnaDato>
        <labelDato>Data soppressione</labelDato>
        <valoreDato>31/12/2444</valoreDato>
      </datoRecord>
      <recordChild>
        <tipoRecord>Campo per partizionamento</tipoRecord>
        <child>
          <idRecord>9596</idRecord>
          <keyRecord>
            <datoKey>
              <colonnaKey>ti_campo</colonnaKey>
              <labelKey>Tipo campo</labelKey>
              <valoreKey>SUB_STRUT</valoreKey>
            </datoKey>
            <datoKey>
              <colonnaKey>nm_campo</colonnaKey>
              <labelKey>Nome campo</labelKey>
              <valoreKey>SUB_STRUTTURA</valoreKey>
            </datoKey>
          </keyRecord>
          <datoRecord>
            <colonnaDato>nm_sub_strut</colonnaDato>
            <labelDato>Sottostruttura</labelDato>
            <valoreDato>DEFAULT</valoreDato>
          </datoRecord>
          <datoRecord>
            <colonnaDato>nm_attrib_dati_spec</colonnaDato>
            <labelDato>Dato specifico</labelDato>
            <valoreDato>null</valoreDato>
          </datoRecord>
        </child>
      </recordChild>
    </child>
    <child>
      <idRecord>6741</idRecord>
      <keyRecord>
        <datoKey>
          <colonnaKey>nm_tipo_doc</colonnaKey>
          <labelKey>Tipo documento principale</labelKey>
          <valoreKey>DOCUMENTO PROTOCOLLATO</valoreKey>
        </datoKey>
        <datoKey>
          <colonnaKey>dt_istituz</colonnaKey>
          <labelKey>Data istituzione</labelKey>
          <valoreKey>24/11/2015</valoreKey>
        </datoKey>
      </keyRecord>
      <datoRecord>
        <colonnaDato>dt_soppres</colonnaDato>
        <labelDato>Data soppressione</labelDato>
        <valoreDato>31/12/2444</valoreDato>
      </datoRecord>
      <recordChild>
        <tipoRecord>Campo per partizionamento</tipoRecord>
        <child>
          <idRecord>5361</idRecord>
          <keyRecord>
            <datoKey>
              <colonnaKey>ti_campo</colonnaKey>
              <labelKey>Tipo campo</labelKey>
              <valoreKey>SUB_STRUT</valoreKey>
            </datoKey>
            <datoKey>
              <colonnaKey>nm_campo</colonnaKey>
              <labelKey>Nome campo</labelKey>
              <valoreKey>SUB_STRUTTURA</valoreKey>
            </datoKey>
          </keyRecord>
          <datoRecord>
            <colonnaDato>nm_sub_strut</colonnaDato>
            <labelDato>Sottostruttura</labelDato>
            <valoreDato>DEFAULT</valoreDato>
          </datoRecord>
          <datoRecord>
            <colonnaDato>nm_attrib_dati_spec</colonnaDato>
            <labelDato>Dato specifico</labelDato>
            <valoreDato>null</valoreDato>
          </datoRecord>
        </child>
      </recordChild>
    </child>
    <child>
      <idRecord>3721</idRecord>
      <keyRecord>
        <datoKey>
          <colonnaKey>nm_tipo_doc</colonnaKey>
          <labelKey>Tipo documento principale</labelKey>
          <valoreKey>DOCUMENTO PROTOCOLLATO</valoreKey>
        </datoKey>
        <datoKey>
          <colonnaKey>dt_istituz</colonnaKey>
          <labelKey>Data istituzione</labelKey>
          <valoreKey>01/07/2015</valoreKey>
        </datoKey>
      </keyRecord>
      <datoRecord>
        <colonnaDato>dt_soppres</colonnaDato>
        <labelDato>Data soppressione</labelDato>
        <valoreDato>31/12/2444</valoreDato>
      </datoRecord>
      <recordChild>
        <tipoRecord>Campo per partizionamento</tipoRecord>
        <child>
          <idRecord>2381</idRecord>
          <keyRecord>
            <datoKey>
              <colonnaKey>ti_campo</colonnaKey>
              <labelKey>Tipo campo</labelKey>
              <valoreKey>SUB_STRUT</valoreKey>
            </datoKey>
            <datoKey>
              <colonnaKey>nm_campo</colonnaKey>
              <labelKey>Nome campo</labelKey>
              <valoreKey>SUB_STRUTTURA</valoreKey>
            </datoKey>
          </keyRecord>
          <datoRecord>
            <colonnaDato>nm_sub_strut</colonnaDato>
            <labelDato>Sottostruttura</labelDato>
            <valoreDato>DEFAULT</valoreDato>
          </datoRecord>
          <datoRecord>
            <colonnaDato>nm_attrib_dati_spec</colonnaDato>
            <labelDato>Dato specifico</labelDato>
            <valoreDato>null</valoreDato>
          </datoRecord>
        </child>
      </recordChild>
    </child>
    <child>
      <idRecord>1849</idRecord>
      <keyRecord>
        <datoKey>
          <colonnaKey>nm_tipo_doc</colonnaKey>
          <labelKey>Tipo documento principale</labelKey>
          <valoreKey>DOCUMENTO PROTOCOLLATO</valoreKey>
        </datoKey>
        <datoKey>
          <colonnaKey>dt_istituz</colonnaKey>
          <labelKey>Data istituzione</labelKey>
          <valoreKey>12/02/2015</valoreKey>
        </datoKey>
      </keyRecord>
      <datoRecord>
        <colonnaDato>dt_soppres</colonnaDato>
        <labelDato>Data soppressione</labelDato>
        <valoreDato>31/12/2444</valoreDato>
      </datoRecord>
      <recordChild>
        <tipoRecord>Campo per partizionamento</tipoRecord>
        <child>
          <idRecord>1160</idRecord>
          <keyRecord>
            <datoKey>
              <colonnaKey>ti_campo</colonnaKey>
              <labelKey>Tipo campo</labelKey>
              <valoreKey>SUB_STRUT</valoreKey>
            </datoKey>
            <datoKey>
              <colonnaKey>nm_campo</colonnaKey>
              <labelKey>Nome campo</labelKey>
              <valoreKey>SUB_STRUTTURA</valoreKey>
            </datoKey>
          </keyRecord>
          <datoRecord>
            <colonnaDato>nm_sub_strut</colonnaDato>
            <labelDato>Sottostruttura</labelDato>
            <valoreDato>DEFAULT</valoreDato>
          </datoRecord>
          <datoRecord>
            <colonnaDato>nm_attrib_dati_spec</colonnaDato>
            <labelDato>Dato specifico</labelDato>
            <valoreDato>null</valoreDato>
          </datoRecord>
        </child>
      </recordChild>
    </child>
    <child>
      <idRecord>1848</idRecord>
      <keyRecord>
        <datoKey>
          <colonnaKey>nm_tipo_doc</colonnaKey>
          <labelKey>Tipo documento principale</labelKey>
          <valoreKey>DOCUMENTO PROTOCOLLATO</valoreKey>
        </datoKey>
        <datoKey>
          <colonnaKey>dt_istituz</colonnaKey>
          <labelKey>Data istituzione</labelKey>
          <valoreKey>12/02/2015</valoreKey>
        </datoKey>
      </keyRecord>
      <datoRecord>
        <colonnaDato>dt_soppres</colonnaDato>
        <labelDato>Data soppressione</labelDato>
        <valoreDato>31/12/2444</valoreDato>
      </datoRecord>
      <recordChild>
        <tipoRecord>Campo per partizionamento</tipoRecord>
        <child>
          <idRecord>1159</idRecord>
          <keyRecord>
            <datoKey>
              <colonnaKey>ti_campo</colonnaKey>
              <labelKey>Tipo campo</labelKey>
              <valoreKey>SUB_STRUT</valoreKey>
            </datoKey>
            <datoKey>
              <colonnaKey>nm_campo</colonnaKey>
              <labelKey>Nome campo</labelKey>
              <valoreKey>SUB_STRUTTURA</valoreKey>
            </datoKey>
          </keyRecord>
          <datoRecord>
            <colonnaDato>nm_sub_strut</colonnaDato>
            <labelDato>Sottostruttura</labelDato>
            <valoreDato>DEFAULT</valoreDato>
          </datoRecord>
          <datoRecord>
            <colonnaDato>nm_attrib_dati_spec</colonnaDato>
            <labelDato>Dato specifico</labelDato>
            <valoreDato>null</valoreDato>
          </datoRecord>
        </child>
      </recordChild>
    </child>
    <child>
      <idRecord>1847</idRecord>
      <keyRecord>
        <datoKey>
          <colonnaKey>nm_tipo_doc</colonnaKey>
          <labelKey>Tipo documento principale</labelKey>
          <valoreKey>DOCUMENTO PROTOCOLLATO</valoreKey>
        </datoKey>
        <datoKey>
          <colonnaKey>dt_istituz</colonnaKey>
          <labelKey>Data istituzione</labelKey>
          <valoreKey>12/02/2015</valoreKey>
        </datoKey>
      </keyRecord>
      <datoRecord>
        <colonnaDato>dt_soppres</colonnaDato>
        <labelDato>Data soppressione</labelDato>
        <valoreDato>31/12/2444</valoreDato>
      </datoRecord>
      <recordChild>
        <tipoRecord>Campo per partizionamento</tipoRecord>
        <child>
          <idRecord>1158</idRecord>
          <keyRecord>
            <datoKey>
              <colonnaKey>ti_campo</colonnaKey>
              <labelKey>Tipo campo</labelKey>
              <valoreKey>SUB_STRUT</valoreKey>
            </datoKey>
            <datoKey>
              <colonnaKey>nm_campo</colonnaKey>
              <labelKey>Nome campo</labelKey>
              <valoreKey>SUB_STRUTTURA</valoreKey>
            </datoKey>
          </keyRecord>
          <datoRecord>
            <colonnaDato>nm_sub_strut</colonnaDato>
            <labelDato>Sottostruttura</labelDato>
            <valoreDato>DEFAULT</valoreDato>
          </datoRecord>
          <datoRecord>
            <colonnaDato>nm_attrib_dati_spec</colonnaDato>
            <labelDato>Dato specifico</labelDato>
            <valoreDato>null</valoreDato>
          </datoRecord>
        </child>
      </recordChild>
    </child>
    <child>
      <idRecord>1846</idRecord>
      <keyRecord>
        <datoKey>
          <colonnaKey>nm_tipo_doc</colonnaKey>
          <labelKey>Tipo documento principale</labelKey>
          <valoreKey>DOCUMENTO PROTOCOLLATO</valoreKey>
        </datoKey>
        <datoKey>
          <colonnaKey>dt_istituz</colonnaKey>
          <labelKey>Data istituzione</labelKey>
          <valoreKey>12/02/2015</valoreKey>
        </datoKey>
      </keyRecord>
      <datoRecord>
        <colonnaDato>dt_soppres</colonnaDato>
        <labelDato>Data soppressione</labelDato>
        <valoreDato>31/12/2444</valoreDato>
      </datoRecord>
      <recordChild>
        <tipoRecord>Campo per partizionamento</tipoRecord>
        <child>
          <idRecord>1157</idRecord>
          <keyRecord>
            <datoKey>
              <colonnaKey>ti_campo</colonnaKey>
              <labelKey>Tipo campo</labelKey>
              <valoreKey>SUB_STRUT</valoreKey>
            </datoKey>
            <datoKey>
              <colonnaKey>nm_campo</colonnaKey>
              <labelKey>Nome campo</labelKey>
              <valoreKey>SUB_STRUTTURA</valoreKey>
            </datoKey>
          </keyRecord>
          <datoRecord>
            <colonnaDato>nm_sub_strut</colonnaDato>
            <labelDato>Sottostruttura</labelDato>
            <valoreDato>DEFAULT</valoreDato>
          </datoRecord>
          <datoRecord>
            <colonnaDato>nm_attrib_dati_spec</colonnaDato>
            <labelDato>Dato specifico</labelDato>
            <valoreDato>null</valoreDato>
          </datoRecord>
        </child>
      </recordChild>
    </child>
    <child>
      <idRecord>1845</idRecord>
      <keyRecord>
        <datoKey>
          <colonnaKey>nm_tipo_doc</colonnaKey>
          <labelKey>Tipo documento principale</labelKey>
          <valoreKey>DOCUMENTO PROTOCOLLATO</valoreKey>
        </datoKey>
        <datoKey>
          <colonnaKey>dt_istituz</colonnaKey>
          <labelKey>Data istituzione</labelKey>
          <valoreKey>12/02/2015</valoreKey>
        </datoKey>
      </keyRecord>
      <datoRecord>
        <colonnaDato>dt_soppres</colonnaDato>
        <labelDato>Data soppressione</labelDato>
        <valoreDato>31/12/2444</valoreDato>
      </datoRecord>
      <recordChild>
        <tipoRecord>Campo per partizionamento</tipoRecord>
        <child>
          <idRecord>1156</idRecord>
          <keyRecord>
            <datoKey>
              <colonnaKey>ti_campo</colonnaKey>
              <labelKey>Tipo campo</labelKey>
              <valoreKey>SUB_STRUT</valoreKey>
            </datoKey>
            <datoKey>
              <colonnaKey>nm_campo</colonnaKey>
              <labelKey>Nome campo</labelKey>
              <valoreKey>SUB_STRUTTURA</valoreKey>
            </datoKey>
          </keyRecord>
          <datoRecord>
            <colonnaDato>nm_sub_strut</colonnaDato>
            <labelDato>Sottostruttura</labelDato>
            <valoreDato>DEFAULT</valoreDato>
          </datoRecord>
          <datoRecord>
            <colonnaDato>nm_attrib_dati_spec</colonnaDato>
            <labelDato>Dato specifico</labelDato>
            <valoreDato>null</valoreDato>
          </datoRecord>
        </child>
      </recordChild>
    </child>
    <child>
      <idRecord>1844</idRecord>
      <keyRecord>
        <datoKey>
          <colonnaKey>nm_tipo_doc</colonnaKey>
          <labelKey>Tipo documento principale</labelKey>
          <valoreKey>DOCUMENTO PROTOCOLLATO</valoreKey>
        </datoKey>
        <datoKey>
          <colonnaKey>dt_istituz</colonnaKey>
          <labelKey>Data istituzione</labelKey>
          <valoreKey>12/02/2015</valoreKey>
        </datoKey>
      </keyRecord>
      <datoRecord>
        <colonnaDato>dt_soppres</colonnaDato>
        <labelDato>Data soppressione</labelDato>
        <valoreDato>31/12/2444</valoreDato>
      </datoRecord>
      <recordChild>
        <tipoRecord>Campo per partizionamento</tipoRecord>
        <child>
          <idRecord>1155</idRecord>
          <keyRecord>
            <datoKey>
              <colonnaKey>ti_campo</colonnaKey>
              <labelKey>Tipo campo</labelKey>
              <valoreKey>SUB_STRUT</valoreKey>
            </datoKey>
            <datoKey>
              <colonnaKey>nm_campo</colonnaKey>
              <labelKey>Nome campo</labelKey>
              <valoreKey>SUB_STRUTTURA</valoreKey>
            </datoKey>
          </keyRecord>
          <datoRecord>
            <colonnaDato>nm_sub_strut</colonnaDato>
            <labelDato>Sottostruttura</labelDato>
            <valoreDato>DEFAULT</valoreDato>
          </datoRecord>
          <datoRecord>
            <colonnaDato>nm_attrib_dati_spec</colonnaDato>
            <labelDato>Dato specifico</labelDato>
            <valoreDato>null</valoreDato>
          </datoRecord>
        </child>
      </recordChild>
    </child>
    <child>
      <idRecord>1843</idRecord>
      <keyRecord>
        <datoKey>
          <colonnaKey>nm_tipo_doc</colonnaKey>
          <labelKey>Tipo documento principale</labelKey>
          <valoreKey>DOCUMENTO PROTOCOLLATO</valoreKey>
        </datoKey>
        <datoKey>
          <colonnaKey>dt_istituz</colonnaKey>
          <labelKey>Data istituzione</labelKey>
          <valoreKey>12/02/2015</valoreKey>
        </datoKey>
      </keyRecord>
      <datoRecord>
        <colonnaDato>dt_soppres</colonnaDato>
        <labelDato>Data soppressione</labelDato>
        <valoreDato>31/12/2444</valoreDato>
      </datoRecord>
      <recordChild>
        <tipoRecord>Campo per partizionamento</tipoRecord>
        <child>
          <idRecord>1154</idRecord>
          <keyRecord>
            <datoKey>
              <colonnaKey>ti_campo</colonnaKey>
              <labelKey>Tipo campo</labelKey>
              <valoreKey>SUB_STRUT</valoreKey>
            </datoKey>
            <datoKey>
              <colonnaKey>nm_campo</colonnaKey>
              <labelKey>Nome campo</labelKey>
              <valoreKey>SUB_STRUTTURA</valoreKey>
            </datoKey>
          </keyRecord>
          <datoRecord>
            <colonnaDato>nm_sub_strut</colonnaDato>
            <labelDato>Sottostruttura</labelDato>
            <valoreDato>DEFAULT</valoreDato>
          </datoRecord>
          <datoRecord>
            <colonnaDato>nm_attrib_dati_spec</colonnaDato>
            <labelDato>Dato specifico</labelDato>
            <valoreDato>null</valoreDato>
          </datoRecord>
        </child>
      </recordChild>
    </child>
    <child>
      <idRecord>841</idRecord>
      <keyRecord>
        <datoKey>
          <colonnaKey>nm_tipo_doc</colonnaKey>
          <labelKey>Tipo documento principale</labelKey>
          <valoreKey>DOCUMENTO PROTOCOLLATO</valoreKey>
        </datoKey>
        <datoKey>
          <colonnaKey>dt_istituz</colonnaKey>
          <labelKey>Data istituzione</labelKey>
          <valoreKey>01/12/2014</valoreKey>
        </datoKey>
      </keyRecord>
      <datoRecord>
        <colonnaDato>dt_soppres</colonnaDato>
        <labelDato>Data soppressione</labelDato>
        <valoreDato>31/12/2444</valoreDato>
      </datoRecord>
      <recordChild>
        <tipoRecord>Campo per partizionamento</tipoRecord>
        <child>
          <idRecord>521</idRecord>
          <keyRecord>
            <datoKey>
              <colonnaKey>ti_campo</colonnaKey>
              <labelKey>Tipo campo</labelKey>
              <valoreKey>SUB_STRUT</valoreKey>
            </datoKey>
            <datoKey>
              <colonnaKey>nm_campo</colonnaKey>
              <labelKey>Nome campo</labelKey>
              <valoreKey>SUB_STRUTTURA</valoreKey>
            </datoKey>
          </keyRecord>
          <datoRecord>
            <colonnaDato>nm_sub_strut</colonnaDato>
            <labelDato>Sottostruttura</labelDato>
            <valoreDato>DEFAULT</valoreDato>
          </datoRecord>
          <datoRecord>
            <colonnaDato>nm_attrib_dati_spec</colonnaDato>
            <labelDato>Dato specifico</labelDato>
            <valoreDato>null</valoreDato>
          </datoRecord>
        </child>
      </recordChild>
    </child>
    <child>
      <idRecord>2681</idRecord>
      <keyRecord>
        <datoKey>
          <colonnaKey>nm_tipo_doc</colonnaKey>
          <labelKey>Tipo documento principale</labelKey>
          <valoreKey>DOCUMENTO PROTOCOLLATO</valoreKey>
        </datoKey>
        <datoKey>
          <colonnaKey>dt_istituz</colonnaKey>
          <labelKey>Data istituzione</labelKey>
          <valoreKey>25/03/2015</valoreKey>
        </datoKey>
      </keyRecord>
      <datoRecord>
        <colonnaDato>dt_soppres</colonnaDato>
        <labelDato>Data soppressione</labelDato>
        <valoreDato>31/12/2444</valoreDato>
      </datoRecord>
      <recordChild>
        <tipoRecord>Campo per partizionamento</tipoRecord>
        <child>
          <idRecord>1761</idRecord>
          <keyRecord>
            <datoKey>
              <colonnaKey>ti_campo</colonnaKey>
              <labelKey>Tipo campo</labelKey>
              <valoreKey>SUB_STRUT</valoreKey>
            </datoKey>
            <datoKey>
              <colonnaKey>nm_campo</colonnaKey>
              <labelKey>Nome campo</labelKey>
              <valoreKey>SUB_STRUTTURA</valoreKey>
            </datoKey>
          </keyRecord>
          <datoRecord>
            <colonnaDato>nm_sub_strut</colonnaDato>
            <labelDato>Sottostruttura</labelDato>
            <valoreDato>DEFAULT</valoreDato>
          </datoRecord>
          <datoRecord>
            <colonnaDato>nm_attrib_dati_spec</colonnaDato>
            <labelDato>Dato specifico</labelDato>
            <valoreDato>null</valoreDato>
          </datoRecord>
        </child>
      </recordChild>
    </child>
    <child>
      <idRecord>2466</idRecord>
      <keyRecord>
        <datoKey>
          <colonnaKey>nm_tipo_doc</colonnaKey>
          <labelKey>Tipo documento principale</labelKey>
          <valoreKey>DOCUMENTO PROTOCOLLATO</valoreKey>
        </datoKey>
        <datoKey>
          <colonnaKey>dt_istituz</colonnaKey>
          <labelKey>Data istituzione</labelKey>
          <valoreKey>12/02/2015</valoreKey>
        </datoKey>
      </keyRecord>
      <datoRecord>
        <colonnaDato>dt_soppres</colonnaDato>
        <labelDato>Data soppressione</labelDato>
        <valoreDato>31/12/2444</valoreDato>
      </datoRecord>
      <recordChild>
        <tipoRecord>Campo per partizionamento</tipoRecord>
        <child>
          <idRecord>1109</idRecord>
          <keyRecord>
            <datoKey>
              <colonnaKey>ti_campo</colonnaKey>
              <labelKey>Tipo campo</labelKey>
              <valoreKey>SUB_STRUT</valoreKey>
            </datoKey>
            <datoKey>
              <colonnaKey>nm_campo</colonnaKey>
              <labelKey>Nome campo</labelKey>
              <valoreKey>SUB_STRUTTURA</valoreKey>
            </datoKey>
          </keyRecord>
          <datoRecord>
            <colonnaDato>nm_sub_strut</colonnaDato>
            <labelDato>Sottostruttura</labelDato>
            <valoreDato>DEFAULT</valoreDato>
          </datoRecord>
          <datoRecord>
            <colonnaDato>nm_attrib_dati_spec</colonnaDato>
            <labelDato>Dato specifico</labelDato>
            <valoreDato>null</valoreDato>
          </datoRecord>
        </child>
      </recordChild>
    </child>
    <child>
      <idRecord>2465</idRecord>
      <keyRecord>
        <datoKey>
          <colonnaKey>nm_tipo_doc</colonnaKey>
          <labelKey>Tipo documento principale</labelKey>
          <valoreKey>DOCUMENTO PROTOCOLLATO</valoreKey>
        </datoKey>
        <datoKey>
          <colonnaKey>dt_istituz</colonnaKey>
          <labelKey>Data istituzione</labelKey>
          <valoreKey>12/02/2015</valoreKey>
        </datoKey>
      </keyRecord>
      <datoRecord>
        <colonnaDato>dt_soppres</colonnaDato>
        <labelDato>Data soppressione</labelDato>
        <valoreDato>31/12/2444</valoreDato>
      </datoRecord>
      <recordChild>
        <tipoRecord>Campo per partizionamento</tipoRecord>
        <child>
          <idRecord>1108</idRecord>
          <keyRecord>
            <datoKey>
              <colonnaKey>ti_campo</colonnaKey>
              <labelKey>Tipo campo</labelKey>
              <valoreKey>SUB_STRUT</valoreKey>
            </datoKey>
            <datoKey>
              <colonnaKey>nm_campo</colonnaKey>
              <labelKey>Nome campo</labelKey>
              <valoreKey>SUB_STRUTTURA</valoreKey>
            </datoKey>
          </keyRecord>
          <datoRecord>
            <colonnaDato>nm_sub_strut</colonnaDato>
            <labelDato>Sottostruttura</labelDato>
            <valoreDato>DEFAULT</valoreDato>
          </datoRecord>
          <datoRecord>
            <colonnaDato>nm_attrib_dati_spec</colonnaDato>
            <labelDato>Dato specifico</labelDato>
            <valoreDato>null</valoreDato>
          </datoRecord>
        </child>
      </recordChild>
    </child>
    <child>
      <idRecord>2464</idRecord>
      <keyRecord>
        <datoKey>
          <colonnaKey>nm_tipo_doc</colonnaKey>
          <labelKey>Tipo documento principale</labelKey>
          <valoreKey>DOCUMENTO PROTOCOLLATO</valoreKey>
        </datoKey>
        <datoKey>
          <colonnaKey>dt_istituz</colonnaKey>
          <labelKey>Data istituzione</labelKey>
          <valoreKey>12/02/2015</valoreKey>
        </datoKey>
      </keyRecord>
      <datoRecord>
        <colonnaDato>dt_soppres</colonnaDato>
        <labelDato>Data soppressione</labelDato>
        <valoreDato>31/12/2444</valoreDato>
      </datoRecord>
      <recordChild>
        <tipoRecord>Campo per partizionamento</tipoRecord>
        <child>
          <idRecord>1107</idRecord>
          <keyRecord>
            <datoKey>
              <colonnaKey>ti_campo</colonnaKey>
              <labelKey>Tipo campo</labelKey>
              <valoreKey>SUB_STRUT</valoreKey>
            </datoKey>
            <datoKey>
              <colonnaKey>nm_campo</colonnaKey>
              <labelKey>Nome campo</labelKey>
              <valoreKey>SUB_STRUTTURA</valoreKey>
            </datoKey>
          </keyRecord>
          <datoRecord>
            <colonnaDato>nm_sub_strut</colonnaDato>
            <labelDato>Sottostruttura</labelDato>
            <valoreDato>DEFAULT</valoreDato>
          </datoRecord>
          <datoRecord>
            <colonnaDato>nm_attrib_dati_spec</colonnaDato>
            <labelDato>Dato specifico</labelDato>
            <valoreDato>null</valoreDato>
          </datoRecord>
        </child>
      </recordChild>
    </child>
    <child>
      <idRecord>2463</idRecord>
      <keyRecord>
        <datoKey>
          <colonnaKey>nm_tipo_doc</colonnaKey>
          <labelKey>Tipo documento principale</labelKey>
          <valoreKey>DOCUMENTO PROTOCOLLATO</valoreKey>
        </datoKey>
        <datoKey>
          <colonnaKey>dt_istituz</colonnaKey>
          <labelKey>Data istituzione</labelKey>
          <valoreKey>12/02/2015</valoreKey>
        </datoKey>
      </keyRecord>
      <datoRecord>
        <colonnaDato>dt_soppres</colonnaDato>
        <labelDato>Data soppressione</labelDato>
        <valoreDato>31/12/2444</valoreDato>
      </datoRecord>
      <recordChild>
        <tipoRecord>Campo per partizionamento</tipoRecord>
        <child>
          <idRecord>1106</idRecord>
          <keyRecord>
            <datoKey>
              <colonnaKey>ti_campo</colonnaKey>
              <labelKey>Tipo campo</labelKey>
              <valoreKey>SUB_STRUT</valoreKey>
            </datoKey>
            <datoKey>
              <colonnaKey>nm_campo</colonnaKey>
              <labelKey>Nome campo</labelKey>
              <valoreKey>SUB_STRUTTURA</valoreKey>
            </datoKey>
          </keyRecord>
          <datoRecord>
            <colonnaDato>nm_sub_strut</colonnaDato>
            <labelDato>Sottostruttura</labelDato>
            <valoreDato>DEFAULT</valoreDato>
          </datoRecord>
          <datoRecord>
            <colonnaDato>nm_attrib_dati_spec</colonnaDato>
            <labelDato>Dato specifico</labelDato>
            <valoreDato>null</valoreDato>
          </datoRecord>
        </child>
      </recordChild>
    </child>
    <child>
      <idRecord>2462</idRecord>
      <keyRecord>
        <datoKey>
          <colonnaKey>nm_tipo_doc</colonnaKey>
          <labelKey>Tipo documento principale</labelKey>
          <valoreKey>DOCUMENTO PROTOCOLLATO</valoreKey>
        </datoKey>
        <datoKey>
          <colonnaKey>dt_istituz</colonnaKey>
          <labelKey>Data istituzione</labelKey>
          <valoreKey>12/02/2015</valoreKey>
        </datoKey>
      </keyRecord>
      <datoRecord>
        <colonnaDato>dt_soppres</colonnaDato>
        <labelDato>Data soppressione</labelDato>
        <valoreDato>31/12/2444</valoreDato>
      </datoRecord>
      <recordChild>
        <tipoRecord>Campo per partizionamento</tipoRecord>
        <child>
          <idRecord>1105</idRecord>
          <keyRecord>
            <datoKey>
              <colonnaKey>ti_campo</colonnaKey>
              <labelKey>Tipo campo</labelKey>
              <valoreKey>SUB_STRUT</valoreKey>
            </datoKey>
            <datoKey>
              <colonnaKey>nm_campo</colonnaKey>
              <labelKey>Nome campo</labelKey>
              <valoreKey>SUB_STRUTTURA</valoreKey>
            </datoKey>
          </keyRecord>
          <datoRecord>
            <colonnaDato>nm_sub_strut</colonnaDato>
            <labelDato>Sottostruttura</labelDato>
            <valoreDato>DEFAULT</valoreDato>
          </datoRecord>
          <datoRecord>
            <colonnaDato>nm_attrib_dati_spec</colonnaDato>
            <labelDato>Dato specifico</labelDato>
            <valoreDato>null</valoreDato>
          </datoRecord>
        </child>
      </recordChild>
    </child>
    <child>
      <idRecord>2444</idRecord>
      <keyRecord>
        <datoKey>
          <colonnaKey>nm_tipo_doc</colonnaKey>
          <labelKey>Tipo documento principale</labelKey>
          <valoreKey>DOCUMENTO PROTOCOLLATO</valoreKey>
        </datoKey>
        <datoKey>
          <colonnaKey>dt_istituz</colonnaKey>
          <labelKey>Data istituzione</labelKey>
          <valoreKey>12/02/2015</valoreKey>
        </datoKey>
      </keyRecord>
      <datoRecord>
        <colonnaDato>dt_soppres</colonnaDato>
        <labelDato>Data soppressione</labelDato>
        <valoreDato>31/12/2444</valoreDato>
      </datoRecord>
      <recordChild>
        <tipoRecord>Campo per partizionamento</tipoRecord>
        <child>
          <idRecord>1087</idRecord>
          <keyRecord>
            <datoKey>
              <colonnaKey>ti_campo</colonnaKey>
              <labelKey>Tipo campo</labelKey>
              <valoreKey>SUB_STRUT</valoreKey>
            </datoKey>
            <datoKey>
              <colonnaKey>nm_campo</colonnaKey>
              <labelKey>Nome campo</labelKey>
              <valoreKey>SUB_STRUTTURA</valoreKey>
            </datoKey>
          </keyRecord>
          <datoRecord>
            <colonnaDato>nm_sub_strut</colonnaDato>
            <labelDato>Sottostruttura</labelDato>
            <valoreDato>DEFAULT</valoreDato>
          </datoRecord>
          <datoRecord>
            <colonnaDato>nm_attrib_dati_spec</colonnaDato>
            <labelDato>Dato specifico</labelDato>
            <valoreDato>null</valoreDato>
          </datoRecord>
        </child>
      </recordChild>
    </child>
    <child>
      <idRecord>2443</idRecord>
      <keyRecord>
        <datoKey>
          <colonnaKey>nm_tipo_doc</colonnaKey>
          <labelKey>Tipo documento principale</labelKey>
          <valoreKey>DOCUMENTO PROTOCOLLATO</valoreKey>
        </datoKey>
        <datoKey>
          <colonnaKey>dt_istituz</colonnaKey>
          <labelKey>Data istituzione</labelKey>
          <valoreKey>12/02/2015</valoreKey>
        </datoKey>
      </keyRecord>
      <datoRecord>
        <colonnaDato>dt_soppres</colonnaDato>
        <labelDato>Data soppressione</labelDato>
        <valoreDato>31/12/2444</valoreDato>
      </datoRecord>
      <recordChild>
        <tipoRecord>Campo per partizionamento</tipoRecord>
        <child>
          <idRecord>1086</idRecord>
          <keyRecord>
            <datoKey>
              <colonnaKey>ti_campo</colonnaKey>
              <labelKey>Tipo campo</labelKey>
              <valoreKey>SUB_STRUT</valoreKey>
            </datoKey>
            <datoKey>
              <colonnaKey>nm_campo</colonnaKey>
              <labelKey>Nome campo</labelKey>
              <valoreKey>SUB_STRUTTURA</valoreKey>
            </datoKey>
          </keyRecord>
          <datoRecord>
            <colonnaDato>nm_sub_strut</colonnaDato>
            <labelDato>Sottostruttura</labelDato>
            <valoreDato>DEFAULT</valoreDato>
          </datoRecord>
          <datoRecord>
            <colonnaDato>nm_attrib_dati_spec</colonnaDato>
            <labelDato>Dato specifico</labelDato>
            <valoreDato>null</valoreDato>
          </datoRecord>
        </child>
      </recordChild>
    </child>
    <child>
      <idRecord>2442</idRecord>
      <keyRecord>
        <datoKey>
          <colonnaKey>nm_tipo_doc</colonnaKey>
          <labelKey>Tipo documento principale</labelKey>
          <valoreKey>DOCUMENTO PROTOCOLLATO</valoreKey>
        </datoKey>
        <datoKey>
          <colonnaKey>dt_istituz</colonnaKey>
          <labelKey>Data istituzione</labelKey>
          <valoreKey>12/02/2015</valoreKey>
        </datoKey>
      </keyRecord>
      <datoRecord>
        <colonnaDato>dt_soppres</colonnaDato>
        <labelDato>Data soppressione</labelDato>
        <valoreDato>31/12/2444</valoreDato>
      </datoRecord>
      <recordChild>
        <tipoRecord>Campo per partizionamento</tipoRecord>
        <child>
          <idRecord>1085</idRecord>
          <keyRecord>
            <datoKey>
              <colonnaKey>ti_campo</colonnaKey>
              <labelKey>Tipo campo</labelKey>
              <valoreKey>SUB_STRUT</valoreKey>
            </datoKey>
            <datoKey>
              <colonnaKey>nm_campo</colonnaKey>
              <labelKey>Nome campo</labelKey>
              <valoreKey>SUB_STRUTTURA</valoreKey>
            </datoKey>
          </keyRecord>
          <datoRecord>
            <colonnaDato>nm_sub_strut</colonnaDato>
            <labelDato>Sottostruttura</labelDato>
            <valoreDato>DEFAULT</valoreDato>
          </datoRecord>
          <datoRecord>
            <colonnaDato>nm_attrib_dati_spec</colonnaDato>
            <labelDato>Dato specifico</labelDato>
            <valoreDato>null</valoreDato>
          </datoRecord>
        </child>
      </recordChild>
    </child>
    <child>
      <idRecord>533</idRecord>
      <keyRecord>
        <datoKey>
          <colonnaKey>nm_tipo_doc</colonnaKey>
          <labelKey>Tipo documento principale</labelKey>
          <valoreKey>DOCUMENTO PROTOCOLLATO</valoreKey>
        </datoKey>
        <datoKey>
          <colonnaKey>dt_istituz</colonnaKey>
          <labelKey>Data istituzione</labelKey>
          <valoreKey>10/11/2014</valoreKey>
        </datoKey>
      </keyRecord>
      <datoRecord>
        <colonnaDato>dt_soppres</colonnaDato>
        <labelDato>Data soppressione</labelDato>
        <valoreDato>31/12/2444</valoreDato>
      </datoRecord>
      <recordChild>
        <tipoRecord>Campo per partizionamento</tipoRecord>
        <child>
          <idRecord>277</idRecord>
          <keyRecord>
            <datoKey>
              <colonnaKey>ti_campo</colonnaKey>
              <labelKey>Tipo campo</labelKey>
              <valoreKey>SUB_STRUT</valoreKey>
            </datoKey>
            <datoKey>
              <colonnaKey>nm_campo</colonnaKey>
              <labelKey>Nome campo</labelKey>
              <valoreKey>SUB_STRUTTURA</valoreKey>
            </datoKey>
          </keyRecord>
          <datoRecord>
            <colonnaDato>nm_sub_strut</colonnaDato>
            <labelDato>Sottostruttura</labelDato>
            <valoreDato>DEFAULT</valoreDato>
          </datoRecord>
          <datoRecord>
            <colonnaDato>nm_attrib_dati_spec</colonnaDato>
            <labelDato>Dato specifico</labelDato>
            <valoreDato>null</valoreDato>
          </datoRecord>
        </child>
      </recordChild>
    </child>
    <child>
      <idRecord>2323</idRecord>
      <keyRecord>
        <datoKey>
          <colonnaKey>nm_tipo_doc</colonnaKey>
          <labelKey>Tipo documento principale</labelKey>
          <valoreKey>DOCUMENTO PROTOCOLLATO</valoreKey>
        </datoKey>
        <datoKey>
          <colonnaKey>dt_istituz</colonnaKey>
          <labelKey>Data istituzione</labelKey>
          <valoreKey>12/02/2015</valoreKey>
        </datoKey>
      </keyRecord>
      <datoRecord>
        <colonnaDato>dt_soppres</colonnaDato>
        <labelDato>Data soppressione</labelDato>
        <valoreDato>31/12/2444</valoreDato>
      </datoRecord>
      <recordChild>
        <tipoRecord>Campo per partizionamento</tipoRecord>
        <child>
          <idRecord>966</idRecord>
          <keyRecord>
            <datoKey>
              <colonnaKey>ti_campo</colonnaKey>
              <labelKey>Tipo campo</labelKey>
              <valoreKey>SUB_STRUT</valoreKey>
            </datoKey>
            <datoKey>
              <colonnaKey>nm_campo</colonnaKey>
              <labelKey>Nome campo</labelKey>
              <valoreKey>SUB_STRUTTURA</valoreKey>
            </datoKey>
          </keyRecord>
          <datoRecord>
            <colonnaDato>nm_sub_strut</colonnaDato>
            <labelDato>Sottostruttura</labelDato>
            <valoreDato>DEFAULT</valoreDato>
          </datoRecord>
          <datoRecord>
            <colonnaDato>nm_attrib_dati_spec</colonnaDato>
            <labelDato>Dato specifico</labelDato>
            <valoreDato>null</valoreDato>
          </datoRecord>
        </child>
      </recordChild>
    </child>
    <child>
      <idRecord>9647</idRecord>
      <keyRecord>
        <datoKey>
          <colonnaKey>nm_tipo_doc</colonnaKey>
          <labelKey>Tipo documento principale</labelKey>
          <valoreKey>DOCUMENTO_ANNULLATIVO_DI_REFERTO_LABORATORIO</valoreKey>
        </datoKey>
        <datoKey>
          <colonnaKey>dt_istituz</colonnaKey>
          <labelKey>Data istituzione</labelKey>
          <valoreKey>15/06/2016</valoreKey>
        </datoKey>
      </keyRecord>
      <datoRecord>
        <colonnaDato>dt_soppres</colonnaDato>
        <labelDato>Data soppressione</labelDato>
        <valoreDato>31/12/2444</valoreDato>
      </datoRecord>
      <recordChild>
        <tipoRecord>Campo per partizionamento</tipoRecord>
        <child>
          <idRecord>7965</idRecord>
          <keyRecord>
            <datoKey>
              <colonnaKey>ti_campo</colonnaKey>
              <labelKey>Tipo campo</labelKey>
              <valoreKey>SUB_STRUT</valoreKey>
            </datoKey>
            <datoKey>
              <colonnaKey>nm_campo</colonnaKey>
              <labelKey>Nome campo</labelKey>
              <valoreKey>SUB_STRUTTURA</valoreKey>
            </datoKey>
          </keyRecord>
          <datoRecord>
            <colonnaDato>nm_sub_strut</colonnaDato>
            <labelDato>Sottostruttura</labelDato>
            <valoreDato>DEFAULT</valoreDato>
          </datoRecord>
          <datoRecord>
            <colonnaDato>nm_attrib_dati_spec</colonnaDato>
            <labelDato>Dato specifico</labelDato>
            <valoreDato>null</valoreDato>
          </datoRecord>
        </child>
      </recordChild>
    </child>
    <child>
      <idRecord>2033</idRecord>
      <keyRecord>
        <datoKey>
          <colonnaKey>nm_tipo_doc</colonnaKey>
          <labelKey>Tipo documento principale</labelKey>
          <valoreKey>Decreti Presidente del Consiglio</valoreKey>
        </datoKey>
        <datoKey>
          <colonnaKey>dt_istituz</colonnaKey>
          <labelKey>Data istituzione</labelKey>
          <valoreKey>12/02/2015</valoreKey>
        </datoKey>
      </keyRecord>
      <datoRecord>
        <colonnaDato>dt_soppres</colonnaDato>
        <labelDato>Data soppressione</labelDato>
        <valoreDato>31/12/2444</valoreDato>
      </datoRecord>
      <recordChild>
        <tipoRecord>Campo per partizionamento</tipoRecord>
        <child>
          <idRecord>676</idRecord>
          <keyRecord>
            <datoKey>
              <colonnaKey>ti_campo</colonnaKey>
              <labelKey>Tipo campo</labelKey>
              <valoreKey>SUB_STRUT</valoreKey>
            </datoKey>
            <datoKey>
              <colonnaKey>nm_campo</colonnaKey>
              <labelKey>Nome campo</labelKey>
              <valoreKey>SUB_STRUTTURA</valoreKey>
            </datoKey>
          </keyRecord>
          <datoRecord>
            <colonnaDato>nm_sub_strut</colonnaDato>
            <labelDato>Sottostruttura</labelDato>
            <valoreDato>DEFAULT</valoreDato>
          </datoRecord>
          <datoRecord>
            <colonnaDato>nm_attrib_dati_spec</colonnaDato>
            <labelDato>Dato specifico</labelDato>
            <valoreDato>null</valoreDato>
          </datoRecord>
        </child>
      </recordChild>
    </child>
    <child>
      <idRecord>469</idRecord>
      <keyRecord>
        <datoKey>
          <colonnaKey>nm_tipo_doc</colonnaKey>
          <labelKey>Tipo documento principale</labelKey>
          <valoreKey>Decreti Presidente del Consiglio</valoreKey>
        </datoKey>
        <datoKey>
          <colonnaKey>dt_istituz</colonnaKey>
          <labelKey>Data istituzione</labelKey>
          <valoreKey>10/11/2014</valoreKey>
        </datoKey>
      </keyRecord>
      <datoRecord>
        <colonnaDato>dt_soppres</colonnaDato>
        <labelDato>Data soppressione</labelDato>
        <valoreDato>31/12/2444</valoreDato>
      </datoRecord>
      <recordChild>
        <tipoRecord>Campo per partizionamento</tipoRecord>
        <child>
          <idRecord>213</idRecord>
          <keyRecord>
            <datoKey>
              <colonnaKey>ti_campo</colonnaKey>
              <labelKey>Tipo campo</labelKey>
              <valoreKey>SUB_STRUT</valoreKey>
            </datoKey>
            <datoKey>
              <colonnaKey>nm_campo</colonnaKey>
              <labelKey>Nome campo</labelKey>
              <valoreKey>SUB_STRUTTURA</valoreKey>
            </datoKey>
          </keyRecord>
          <datoRecord>
            <colonnaDato>nm_sub_strut</colonnaDato>
            <labelDato>Sottostruttura</labelDato>
            <valoreDato>DEFAULT</valoreDato>
          </datoRecord>
          <datoRecord>
            <colonnaDato>nm_attrib_dati_spec</colonnaDato>
            <labelDato>Dato specifico</labelDato>
            <valoreDato>null</valoreDato>
          </datoRecord>
        </child>
      </recordChild>
    </child>
    <child>
      <idRecord>2045</idRecord>
      <keyRecord>
        <datoKey>
          <colonnaKey>nm_tipo_doc</colonnaKey>
          <labelKey>Tipo documento principale</labelKey>
          <valoreKey>Decreti Presidente del Consiglio</valoreKey>
        </datoKey>
        <datoKey>
          <colonnaKey>dt_istituz</colonnaKey>
          <labelKey>Data istituzione</labelKey>
          <valoreKey>12/02/2015</valoreKey>
        </datoKey>
      </keyRecord>
      <datoRecord>
        <colonnaDato>dt_soppres</colonnaDato>
        <labelDato>Data soppressione</labelDato>
        <valoreDato>31/12/2444</valoreDato>
      </datoRecord>
      <recordChild>
        <tipoRecord>Campo per partizionamento</tipoRecord>
        <child>
          <idRecord>688</idRecord>
          <keyRecord>
            <datoKey>
              <colonnaKey>ti_campo</colonnaKey>
              <labelKey>Tipo campo</labelKey>
              <valoreKey>SUB_STRUT</valoreKey>
            </datoKey>
            <datoKey>
              <colonnaKey>nm_campo</colonnaKey>
              <labelKey>Nome campo</labelKey>
              <valoreKey>SUB_STRUTTURA</valoreKey>
            </datoKey>
          </keyRecord>
          <datoRecord>
            <colonnaDato>nm_sub_strut</colonnaDato>
            <labelDato>Sottostruttura</labelDato>
            <valoreDato>DEFAULT</valoreDato>
          </datoRecord>
          <datoRecord>
            <colonnaDato>nm_attrib_dati_spec</colonnaDato>
            <labelDato>Dato specifico</labelDato>
            <valoreDato>null</valoreDato>
          </datoRecord>
        </child>
      </recordChild>
    </child>
    <child>
      <idRecord>2044</idRecord>
      <keyRecord>
        <datoKey>
          <colonnaKey>nm_tipo_doc</colonnaKey>
          <labelKey>Tipo documento principale</labelKey>
          <valoreKey>Decreti Presidente del Consiglio</valoreKey>
        </datoKey>
        <datoKey>
          <colonnaKey>dt_istituz</colonnaKey>
          <labelKey>Data istituzione</labelKey>
          <valoreKey>12/02/2015</valoreKey>
        </datoKey>
      </keyRecord>
      <datoRecord>
        <colonnaDato>dt_soppres</colonnaDato>
        <labelDato>Data soppressione</labelDato>
        <valoreDato>31/12/2444</valoreDato>
      </datoRecord>
      <recordChild>
        <tipoRecord>Campo per partizionamento</tipoRecord>
        <child>
          <idRecord>687</idRecord>
          <keyRecord>
            <datoKey>
              <colonnaKey>ti_campo</colonnaKey>
              <labelKey>Tipo campo</labelKey>
              <valoreKey>SUB_STRUT</valoreKey>
            </datoKey>
            <datoKey>
              <colonnaKey>nm_campo</colonnaKey>
              <labelKey>Nome campo</labelKey>
              <valoreKey>SUB_STRUTTURA</valoreKey>
            </datoKey>
          </keyRecord>
          <datoRecord>
            <colonnaDato>nm_sub_strut</colonnaDato>
            <labelDato>Sottostruttura</labelDato>
            <valoreDato>DEFAULT</valoreDato>
          </datoRecord>
          <datoRecord>
            <colonnaDato>nm_attrib_dati_spec</colonnaDato>
            <labelDato>Dato specifico</labelDato>
            <valoreDato>null</valoreDato>
          </datoRecord>
        </child>
      </recordChild>
    </child>
    <child>
      <idRecord>2043</idRecord>
      <keyRecord>
        <datoKey>
          <colonnaKey>nm_tipo_doc</colonnaKey>
          <labelKey>Tipo documento principale</labelKey>
          <valoreKey>Decreti Presidente del Consiglio</valoreKey>
        </datoKey>
        <datoKey>
          <colonnaKey>dt_istituz</colonnaKey>
          <labelKey>Data istituzione</labelKey>
          <valoreKey>12/02/2015</valoreKey>
        </datoKey>
      </keyRecord>
      <datoRecord>
        <colonnaDato>dt_soppres</colonnaDato>
        <labelDato>Data soppressione</labelDato>
        <valoreDato>31/12/2444</valoreDato>
      </datoRecord>
      <recordChild>
        <tipoRecord>Campo per partizionamento</tipoRecord>
        <child>
          <idRecord>686</idRecord>
          <keyRecord>
            <datoKey>
              <colonnaKey>ti_campo</colonnaKey>
              <labelKey>Tipo campo</labelKey>
              <valoreKey>SUB_STRUT</valoreKey>
            </datoKey>
            <datoKey>
              <colonnaKey>nm_campo</colonnaKey>
              <labelKey>Nome campo</labelKey>
              <valoreKey>SUB_STRUTTURA</valoreKey>
            </datoKey>
          </keyRecord>
          <datoRecord>
            <colonnaDato>nm_sub_strut</colonnaDato>
            <labelDato>Sottostruttura</labelDato>
            <valoreDato>DEFAULT</valoreDato>
          </datoRecord>
          <datoRecord>
            <colonnaDato>nm_attrib_dati_spec</colonnaDato>
            <labelDato>Dato specifico</labelDato>
            <valoreDato>null</valoreDato>
          </datoRecord>
        </child>
      </recordChild>
    </child>
    <child>
      <idRecord>2042</idRecord>
      <keyRecord>
        <datoKey>
          <colonnaKey>nm_tipo_doc</colonnaKey>
          <labelKey>Tipo documento principale</labelKey>
          <valoreKey>Decreti Presidente del Consiglio</valoreKey>
        </datoKey>
        <datoKey>
          <colonnaKey>dt_istituz</colonnaKey>
          <labelKey>Data istituzione</labelKey>
          <valoreKey>12/02/2015</valoreKey>
        </datoKey>
      </keyRecord>
      <datoRecord>
        <colonnaDato>dt_soppres</colonnaDato>
        <labelDato>Data soppressione</labelDato>
        <valoreDato>31/12/2444</valoreDato>
      </datoRecord>
      <recordChild>
        <tipoRecord>Campo per partizionamento</tipoRecord>
        <child>
          <idRecord>685</idRecord>
          <keyRecord>
            <datoKey>
              <colonnaKey>ti_campo</colonnaKey>
              <labelKey>Tipo campo</labelKey>
              <valoreKey>SUB_STRUT</valoreKey>
            </datoKey>
            <datoKey>
              <colonnaKey>nm_campo</colonnaKey>
              <labelKey>Nome campo</labelKey>
              <valoreKey>SUB_STRUTTURA</valoreKey>
            </datoKey>
          </keyRecord>
          <datoRecord>
            <colonnaDato>nm_sub_strut</colonnaDato>
            <labelDato>Sottostruttura</labelDato>
            <valoreDato>DEFAULT</valoreDato>
          </datoRecord>
          <datoRecord>
            <colonnaDato>nm_attrib_dati_spec</colonnaDato>
            <labelDato>Dato specifico</labelDato>
            <valoreDato>null</valoreDato>
          </datoRecord>
        </child>
      </recordChild>
    </child>
    <child>
      <idRecord>2041</idRecord>
      <keyRecord>
        <datoKey>
          <colonnaKey>nm_tipo_doc</colonnaKey>
          <labelKey>Tipo documento principale</labelKey>
          <valoreKey>Decreti Presidente del Consiglio</valoreKey>
        </datoKey>
        <datoKey>
          <colonnaKey>dt_istituz</colonnaKey>
          <labelKey>Data istituzione</labelKey>
          <valoreKey>12/02/2015</valoreKey>
        </datoKey>
      </keyRecord>
      <datoRecord>
        <colonnaDato>dt_soppres</colonnaDato>
        <labelDato>Data soppressione</labelDato>
        <valoreDato>31/12/2444</valoreDato>
      </datoRecord>
      <recordChild>
        <tipoRecord>Campo per partizionamento</tipoRecord>
        <child>
          <idRecord>684</idRecord>
          <keyRecord>
            <datoKey>
              <colonnaKey>ti_campo</colonnaKey>
              <labelKey>Tipo campo</labelKey>
              <valoreKey>SUB_STRUT</valoreKey>
            </datoKey>
            <datoKey>
              <colonnaKey>nm_campo</colonnaKey>
              <labelKey>Nome campo</labelKey>
              <valoreKey>SUB_STRUTTURA</valoreKey>
            </datoKey>
          </keyRecord>
          <datoRecord>
            <colonnaDato>nm_sub_strut</colonnaDato>
            <labelDato>Sottostruttura</labelDato>
            <valoreDato>DEFAULT</valoreDato>
          </datoRecord>
          <datoRecord>
            <colonnaDato>nm_attrib_dati_spec</colonnaDato>
            <labelDato>Dato specifico</labelDato>
            <valoreDato>null</valoreDato>
          </datoRecord>
        </child>
      </recordChild>
    </child>
    <child>
      <idRecord>2040</idRecord>
      <keyRecord>
        <datoKey>
          <colonnaKey>nm_tipo_doc</colonnaKey>
          <labelKey>Tipo documento principale</labelKey>
          <valoreKey>Decreti Presidente del Consiglio</valoreKey>
        </datoKey>
        <datoKey>
          <colonnaKey>dt_istituz</colonnaKey>
          <labelKey>Data istituzione</labelKey>
          <valoreKey>12/02/2015</valoreKey>
        </datoKey>
      </keyRecord>
      <datoRecord>
        <colonnaDato>dt_soppres</colonnaDato>
        <labelDato>Data soppressione</labelDato>
        <valoreDato>31/12/2444</valoreDato>
      </datoRecord>
      <recordChild>
        <tipoRecord>Campo per partizionamento</tipoRecord>
        <child>
          <idRecord>683</idRecord>
          <keyRecord>
            <datoKey>
              <colonnaKey>ti_campo</colonnaKey>
              <labelKey>Tipo campo</labelKey>
              <valoreKey>SUB_STRUT</valoreKey>
            </datoKey>
            <datoKey>
              <colonnaKey>nm_campo</colonnaKey>
              <labelKey>Nome campo</labelKey>
              <valoreKey>SUB_STRUTTURA</valoreKey>
            </datoKey>
          </keyRecord>
          <datoRecord>
            <colonnaDato>nm_sub_strut</colonnaDato>
            <labelDato>Sottostruttura</labelDato>
            <valoreDato>DEFAULT</valoreDato>
          </datoRecord>
          <datoRecord>
            <colonnaDato>nm_attrib_dati_spec</colonnaDato>
            <labelDato>Dato specifico</labelDato>
            <valoreDato>null</valoreDato>
          </datoRecord>
        </child>
      </recordChild>
    </child>
    <child>
      <idRecord>2039</idRecord>
      <keyRecord>
        <datoKey>
          <colonnaKey>nm_tipo_doc</colonnaKey>
          <labelKey>Tipo documento principale</labelKey>
          <valoreKey>Decreti Presidente del Consiglio</valoreKey>
        </datoKey>
        <datoKey>
          <colonnaKey>dt_istituz</colonnaKey>
          <labelKey>Data istituzione</labelKey>
          <valoreKey>12/02/2015</valoreKey>
        </datoKey>
      </keyRecord>
      <datoRecord>
        <colonnaDato>dt_soppres</colonnaDato>
        <labelDato>Data soppressione</labelDato>
        <valoreDato>31/12/2444</valoreDato>
      </datoRecord>
      <recordChild>
        <tipoRecord>Campo per partizionamento</tipoRecord>
        <child>
          <idRecord>682</idRecord>
          <keyRecord>
            <datoKey>
              <colonnaKey>ti_campo</colonnaKey>
              <labelKey>Tipo campo</labelKey>
              <valoreKey>SUB_STRUT</valoreKey>
            </datoKey>
            <datoKey>
              <colonnaKey>nm_campo</colonnaKey>
              <labelKey>Nome campo</labelKey>
              <valoreKey>SUB_STRUTTURA</valoreKey>
            </datoKey>
          </keyRecord>
          <datoRecord>
            <colonnaDato>nm_sub_strut</colonnaDato>
            <labelDato>Sottostruttura</labelDato>
            <valoreDato>DEFAULT</valoreDato>
          </datoRecord>
          <datoRecord>
            <colonnaDato>nm_attrib_dati_spec</colonnaDato>
            <labelDato>Dato specifico</labelDato>
            <valoreDato>null</valoreDato>
          </datoRecord>
        </child>
      </recordChild>
    </child>
    <child>
      <idRecord>2038</idRecord>
      <keyRecord>
        <datoKey>
          <colonnaKey>nm_tipo_doc</colonnaKey>
          <labelKey>Tipo documento principale</labelKey>
          <valoreKey>Decreti Presidente del Consiglio</valoreKey>
        </datoKey>
        <datoKey>
          <colonnaKey>dt_istituz</colonnaKey>
          <labelKey>Data istituzione</labelKey>
          <valoreKey>12/02/2015</valoreKey>
        </datoKey>
      </keyRecord>
      <datoRecord>
        <colonnaDato>dt_soppres</colonnaDato>
        <labelDato>Data soppressione</labelDato>
        <valoreDato>31/12/2444</valoreDato>
      </datoRecord>
      <recordChild>
        <tipoRecord>Campo per partizionamento</tipoRecord>
        <child>
          <idRecord>681</idRecord>
          <keyRecord>
            <datoKey>
              <colonnaKey>ti_campo</colonnaKey>
              <labelKey>Tipo campo</labelKey>
              <valoreKey>SUB_STRUT</valoreKey>
            </datoKey>
            <datoKey>
              <colonnaKey>nm_campo</colonnaKey>
              <labelKey>Nome campo</labelKey>
              <valoreKey>SUB_STRUTTURA</valoreKey>
            </datoKey>
          </keyRecord>
          <datoRecord>
            <colonnaDato>nm_sub_strut</colonnaDato>
            <labelDato>Sottostruttura</labelDato>
            <valoreDato>DEFAULT</valoreDato>
          </datoRecord>
          <datoRecord>
            <colonnaDato>nm_attrib_dati_spec</colonnaDato>
            <labelDato>Dato specifico</labelDato>
            <valoreDato>null</valoreDato>
          </datoRecord>
        </child>
      </recordChild>
    </child>
    <child>
      <idRecord>2037</idRecord>
      <keyRecord>
        <datoKey>
          <colonnaKey>nm_tipo_doc</colonnaKey>
          <labelKey>Tipo documento principale</labelKey>
          <valoreKey>Decreti Presidente del Consiglio</valoreKey>
        </datoKey>
        <datoKey>
          <colonnaKey>dt_istituz</colonnaKey>
          <labelKey>Data istituzione</labelKey>
          <valoreKey>12/02/2015</valoreKey>
        </datoKey>
      </keyRecord>
      <datoRecord>
        <colonnaDato>dt_soppres</colonnaDato>
        <labelDato>Data soppressione</labelDato>
        <valoreDato>31/12/2444</valoreDato>
      </datoRecord>
      <recordChild>
        <tipoRecord>Campo per partizionamento</tipoRecord>
        <child>
          <idRecord>680</idRecord>
          <keyRecord>
            <datoKey>
              <colonnaKey>ti_campo</colonnaKey>
              <labelKey>Tipo campo</labelKey>
              <valoreKey>SUB_STRUT</valoreKey>
            </datoKey>
            <datoKey>
              <colonnaKey>nm_campo</colonnaKey>
              <labelKey>Nome campo</labelKey>
              <valoreKey>SUB_STRUTTURA</valoreKey>
            </datoKey>
          </keyRecord>
          <datoRecord>
            <colonnaDato>nm_sub_strut</colonnaDato>
            <labelDato>Sottostruttura</labelDato>
            <valoreDato>DEFAULT</valoreDato>
          </datoRecord>
          <datoRecord>
            <colonnaDato>nm_attrib_dati_spec</colonnaDato>
            <labelDato>Dato specifico</labelDato>
            <valoreDato>null</valoreDato>
          </datoRecord>
        </child>
      </recordChild>
    </child>
    <child>
      <idRecord>2036</idRecord>
      <keyRecord>
        <datoKey>
          <colonnaKey>nm_tipo_doc</colonnaKey>
          <labelKey>Tipo documento principale</labelKey>
          <valoreKey>Decreti Presidente del Consiglio</valoreKey>
        </datoKey>
        <datoKey>
          <colonnaKey>dt_istituz</colonnaKey>
          <labelKey>Data istituzione</labelKey>
          <valoreKey>12/02/2015</valoreKey>
        </datoKey>
      </keyRecord>
      <datoRecord>
        <colonnaDato>dt_soppres</colonnaDato>
        <labelDato>Data soppressione</labelDato>
        <valoreDato>31/12/2444</valoreDato>
      </datoRecord>
      <recordChild>
        <tipoRecord>Campo per partizionamento</tipoRecord>
        <child>
          <idRecord>679</idRecord>
          <keyRecord>
            <datoKey>
              <colonnaKey>ti_campo</colonnaKey>
              <labelKey>Tipo campo</labelKey>
              <valoreKey>SUB_STRUT</valoreKey>
            </datoKey>
            <datoKey>
              <colonnaKey>nm_campo</colonnaKey>
              <labelKey>Nome campo</labelKey>
              <valoreKey>SUB_STRUTTURA</valoreKey>
            </datoKey>
          </keyRecord>
          <datoRecord>
            <colonnaDato>nm_sub_strut</colonnaDato>
            <labelDato>Sottostruttura</labelDato>
            <valoreDato>DEFAULT</valoreDato>
          </datoRecord>
          <datoRecord>
            <colonnaDato>nm_attrib_dati_spec</colonnaDato>
            <labelDato>Dato specifico</labelDato>
            <valoreDato>null</valoreDato>
          </datoRecord>
        </child>
      </recordChild>
    </child>
    <child>
      <idRecord>2035</idRecord>
      <keyRecord>
        <datoKey>
          <colonnaKey>nm_tipo_doc</colonnaKey>
          <labelKey>Tipo documento principale</labelKey>
          <valoreKey>Decreti Presidente del Consiglio</valoreKey>
        </datoKey>
        <datoKey>
          <colonnaKey>dt_istituz</colonnaKey>
          <labelKey>Data istituzione</labelKey>
          <valoreKey>12/02/2015</valoreKey>
        </datoKey>
      </keyRecord>
      <datoRecord>
        <colonnaDato>dt_soppres</colonnaDato>
        <labelDato>Data soppressione</labelDato>
        <valoreDato>31/12/2444</valoreDato>
      </datoRecord>
      <recordChild>
        <tipoRecord>Campo per partizionamento</tipoRecord>
        <child>
          <idRecord>678</idRecord>
          <keyRecord>
            <datoKey>
              <colonnaKey>ti_campo</colonnaKey>
              <labelKey>Tipo campo</labelKey>
              <valoreKey>SUB_STRUT</valoreKey>
            </datoKey>
            <datoKey>
              <colonnaKey>nm_campo</colonnaKey>
              <labelKey>Nome campo</labelKey>
              <valoreKey>SUB_STRUTTURA</valoreKey>
            </datoKey>
          </keyRecord>
          <datoRecord>
            <colonnaDato>nm_sub_strut</colonnaDato>
            <labelDato>Sottostruttura</labelDato>
            <valoreDato>DEFAULT</valoreDato>
          </datoRecord>
          <datoRecord>
            <colonnaDato>nm_attrib_dati_spec</colonnaDato>
            <labelDato>Dato specifico</labelDato>
            <valoreDato>null</valoreDato>
          </datoRecord>
        </child>
      </recordChild>
    </child>
    <child>
      <idRecord>2034</idRecord>
      <keyRecord>
        <datoKey>
          <colonnaKey>nm_tipo_doc</colonnaKey>
          <labelKey>Tipo documento principale</labelKey>
          <valoreKey>Decreti Presidente del Consiglio</valoreKey>
        </datoKey>
        <datoKey>
          <colonnaKey>dt_istituz</colonnaKey>
          <labelKey>Data istituzione</labelKey>
          <valoreKey>12/02/2015</valoreKey>
        </datoKey>
      </keyRecord>
      <datoRecord>
        <colonnaDato>dt_soppres</colonnaDato>
        <labelDato>Data soppressione</labelDato>
        <valoreDato>31/12/2444</valoreDato>
      </datoRecord>
      <recordChild>
        <tipoRecord>Campo per partizionamento</tipoRecord>
        <child>
          <idRecord>677</idRecord>
          <keyRecord>
            <datoKey>
              <colonnaKey>ti_campo</colonnaKey>
              <labelKey>Tipo campo</labelKey>
              <valoreKey>SUB_STRUT</valoreKey>
            </datoKey>
            <datoKey>
              <colonnaKey>nm_campo</colonnaKey>
              <labelKey>Nome campo</labelKey>
              <valoreKey>SUB_STRUTTURA</valoreKey>
            </datoKey>
          </keyRecord>
          <datoRecord>
            <colonnaDato>nm_sub_strut</colonnaDato>
            <labelDato>Sottostruttura</labelDato>
            <valoreDato>DEFAULT</valoreDato>
          </datoRecord>
          <datoRecord>
            <colonnaDato>nm_attrib_dati_spec</colonnaDato>
            <labelDato>Dato specifico</labelDato>
            <valoreDato>null</valoreDato>
          </datoRecord>
        </child>
      </recordChild>
    </child>
    <child>
      <idRecord>2018</idRecord>
      <keyRecord>
        <datoKey>
          <colonnaKey>nm_tipo_doc</colonnaKey>
          <labelKey>Tipo documento principale</labelKey>
          <valoreKey>Decreti presidenziali</valoreKey>
        </datoKey>
        <datoKey>
          <colonnaKey>dt_istituz</colonnaKey>
          <labelKey>Data istituzione</labelKey>
          <valoreKey>12/02/2015</valoreKey>
        </datoKey>
      </keyRecord>
      <datoRecord>
        <colonnaDato>dt_soppres</colonnaDato>
        <labelDato>Data soppressione</labelDato>
        <valoreDato>31/12/2444</valoreDato>
      </datoRecord>
      <recordChild>
        <tipoRecord>Campo per partizionamento</tipoRecord>
        <child>
          <idRecord>661</idRecord>
          <keyRecord>
            <datoKey>
              <colonnaKey>ti_campo</colonnaKey>
              <labelKey>Tipo campo</labelKey>
              <valoreKey>SUB_STRUT</valoreKey>
            </datoKey>
            <datoKey>
              <colonnaKey>nm_campo</colonnaKey>
              <labelKey>Nome campo</labelKey>
              <valoreKey>SUB_STRUTTURA</valoreKey>
            </datoKey>
          </keyRecord>
          <datoRecord>
            <colonnaDato>nm_sub_strut</colonnaDato>
            <labelDato>Sottostruttura</labelDato>
            <valoreDato>DEFAULT</valoreDato>
          </datoRecord>
          <datoRecord>
            <colonnaDato>nm_attrib_dati_spec</colonnaDato>
            <labelDato>Dato specifico</labelDato>
            <valoreDato>null</valoreDato>
          </datoRecord>
        </child>
      </recordChild>
    </child>
    <child>
      <idRecord>2017</idRecord>
      <keyRecord>
        <datoKey>
          <colonnaKey>nm_tipo_doc</colonnaKey>
          <labelKey>Tipo documento principale</labelKey>
          <valoreKey>Decreti presidenziali</valoreKey>
        </datoKey>
        <datoKey>
          <colonnaKey>dt_istituz</colonnaKey>
          <labelKey>Data istituzione</labelKey>
          <valoreKey>12/02/2015</valoreKey>
        </datoKey>
      </keyRecord>
      <datoRecord>
        <colonnaDato>dt_soppres</colonnaDato>
        <labelDato>Data soppressione</labelDato>
        <valoreDato>31/12/2444</valoreDato>
      </datoRecord>
      <recordChild>
        <tipoRecord>Campo per partizionamento</tipoRecord>
        <child>
          <idRecord>1328</idRecord>
          <keyRecord>
            <datoKey>
              <colonnaKey>ti_campo</colonnaKey>
              <labelKey>Tipo campo</labelKey>
              <valoreKey>SUB_STRUT</valoreKey>
            </datoKey>
            <datoKey>
              <colonnaKey>nm_campo</colonnaKey>
              <labelKey>Nome campo</labelKey>
              <valoreKey>SUB_STRUTTURA</valoreKey>
            </datoKey>
          </keyRecord>
          <datoRecord>
            <colonnaDato>nm_sub_strut</colonnaDato>
            <labelDato>Sottostruttura</labelDato>
            <valoreDato>DEFAULT</valoreDato>
          </datoRecord>
          <datoRecord>
            <colonnaDato>nm_attrib_dati_spec</colonnaDato>
            <labelDato>Dato specifico</labelDato>
            <valoreDato>null</valoreDato>
          </datoRecord>
        </child>
      </recordChild>
    </child>
    <child>
      <idRecord>2016</idRecord>
      <keyRecord>
        <datoKey>
          <colonnaKey>nm_tipo_doc</colonnaKey>
          <labelKey>Tipo documento principale</labelKey>
          <valoreKey>Decreti presidenziali</valoreKey>
        </datoKey>
        <datoKey>
          <colonnaKey>dt_istituz</colonnaKey>
          <labelKey>Data istituzione</labelKey>
          <valoreKey>12/02/2015</valoreKey>
        </datoKey>
      </keyRecord>
      <datoRecord>
        <colonnaDato>dt_soppres</colonnaDato>
        <labelDato>Data soppressione</labelDato>
        <valoreDato>31/12/2444</valoreDato>
      </datoRecord>
      <recordChild>
        <tipoRecord>Campo per partizionamento</tipoRecord>
        <child>
          <idRecord>1327</idRecord>
          <keyRecord>
            <datoKey>
              <colonnaKey>ti_campo</colonnaKey>
              <labelKey>Tipo campo</labelKey>
              <valoreKey>SUB_STRUT</valoreKey>
            </datoKey>
            <datoKey>
              <colonnaKey>nm_campo</colonnaKey>
              <labelKey>Nome campo</labelKey>
              <valoreKey>SUB_STRUTTURA</valoreKey>
            </datoKey>
          </keyRecord>
          <datoRecord>
            <colonnaDato>nm_sub_strut</colonnaDato>
            <labelDato>Sottostruttura</labelDato>
            <valoreDato>DEFAULT</valoreDato>
          </datoRecord>
          <datoRecord>
            <colonnaDato>nm_attrib_dati_spec</colonnaDato>
            <labelDato>Dato specifico</labelDato>
            <valoreDato>null</valoreDato>
          </datoRecord>
        </child>
      </recordChild>
    </child>
    <child>
      <idRecord>2015</idRecord>
      <keyRecord>
        <datoKey>
          <colonnaKey>nm_tipo_doc</colonnaKey>
          <labelKey>Tipo documento principale</labelKey>
          <valoreKey>Decreti presidenziali</valoreKey>
        </datoKey>
        <datoKey>
          <colonnaKey>dt_istituz</colonnaKey>
          <labelKey>Data istituzione</labelKey>
          <valoreKey>12/02/2015</valoreKey>
        </datoKey>
      </keyRecord>
      <datoRecord>
        <colonnaDato>dt_soppres</colonnaDato>
        <labelDato>Data soppressione</labelDato>
        <valoreDato>31/12/2444</valoreDato>
      </datoRecord>
      <recordChild>
        <tipoRecord>Campo per partizionamento</tipoRecord>
        <child>
          <idRecord>1326</idRecord>
          <keyRecord>
            <datoKey>
              <colonnaKey>ti_campo</colonnaKey>
              <labelKey>Tipo campo</labelKey>
              <valoreKey>SUB_STRUT</valoreKey>
            </datoKey>
            <datoKey>
              <colonnaKey>nm_campo</colonnaKey>
              <labelKey>Nome campo</labelKey>
              <valoreKey>SUB_STRUTTURA</valoreKey>
            </datoKey>
          </keyRecord>
          <datoRecord>
            <colonnaDato>nm_sub_strut</colonnaDato>
            <labelDato>Sottostruttura</labelDato>
            <valoreDato>DEFAULT</valoreDato>
          </datoRecord>
          <datoRecord>
            <colonnaDato>nm_attrib_dati_spec</colonnaDato>
            <labelDato>Dato specifico</labelDato>
            <valoreDato>null</valoreDato>
          </datoRecord>
        </child>
      </recordChild>
    </child>
    <child>
      <idRecord>2014</idRecord>
      <keyRecord>
        <datoKey>
          <colonnaKey>nm_tipo_doc</colonnaKey>
          <labelKey>Tipo documento principale</labelKey>
          <valoreKey>Decreti presidenziali</valoreKey>
        </datoKey>
        <datoKey>
          <colonnaKey>dt_istituz</colonnaKey>
          <labelKey>Data istituzione</labelKey>
          <valoreKey>12/02/2015</valoreKey>
        </datoKey>
      </keyRecord>
      <datoRecord>
        <colonnaDato>dt_soppres</colonnaDato>
        <labelDato>Data soppressione</labelDato>
        <valoreDato>31/12/2444</valoreDato>
      </datoRecord>
      <recordChild>
        <tipoRecord>Campo per partizionamento</tipoRecord>
        <child>
          <idRecord>1325</idRecord>
          <keyRecord>
            <datoKey>
              <colonnaKey>ti_campo</colonnaKey>
              <labelKey>Tipo campo</labelKey>
              <valoreKey>SUB_STRUT</valoreKey>
            </datoKey>
            <datoKey>
              <colonnaKey>nm_campo</colonnaKey>
              <labelKey>Nome campo</labelKey>
              <valoreKey>SUB_STRUTTURA</valoreKey>
            </datoKey>
          </keyRecord>
          <datoRecord>
            <colonnaDato>nm_sub_strut</colonnaDato>
            <labelDato>Sottostruttura</labelDato>
            <valoreDato>DEFAULT</valoreDato>
          </datoRecord>
          <datoRecord>
            <colonnaDato>nm_attrib_dati_spec</colonnaDato>
            <labelDato>Dato specifico</labelDato>
            <valoreDato>null</valoreDato>
          </datoRecord>
        </child>
      </recordChild>
    </child>
    <child>
      <idRecord>2013</idRecord>
      <keyRecord>
        <datoKey>
          <colonnaKey>nm_tipo_doc</colonnaKey>
          <labelKey>Tipo documento principale</labelKey>
          <valoreKey>Decreti presidenziali</valoreKey>
        </datoKey>
        <datoKey>
          <colonnaKey>dt_istituz</colonnaKey>
          <labelKey>Data istituzione</labelKey>
          <valoreKey>12/02/2015</valoreKey>
        </datoKey>
      </keyRecord>
      <datoRecord>
        <colonnaDato>dt_soppres</colonnaDato>
        <labelDato>Data soppressione</labelDato>
        <valoreDato>31/12/2444</valoreDato>
      </datoRecord>
      <recordChild>
        <tipoRecord>Campo per partizionamento</tipoRecord>
        <child>
          <idRecord>1324</idRecord>
          <keyRecord>
            <datoKey>
              <colonnaKey>ti_campo</colonnaKey>
              <labelKey>Tipo campo</labelKey>
              <valoreKey>SUB_STRUT</valoreKey>
            </datoKey>
            <datoKey>
              <colonnaKey>nm_campo</colonnaKey>
              <labelKey>Nome campo</labelKey>
              <valoreKey>SUB_STRUTTURA</valoreKey>
            </datoKey>
          </keyRecord>
          <datoRecord>
            <colonnaDato>nm_sub_strut</colonnaDato>
            <labelDato>Sottostruttura</labelDato>
            <valoreDato>DEFAULT</valoreDato>
          </datoRecord>
          <datoRecord>
            <colonnaDato>nm_attrib_dati_spec</colonnaDato>
            <labelDato>Dato specifico</labelDato>
            <valoreDato>null</valoreDato>
          </datoRecord>
        </child>
      </recordChild>
    </child>
    <child>
      <idRecord>2012</idRecord>
      <keyRecord>
        <datoKey>
          <colonnaKey>nm_tipo_doc</colonnaKey>
          <labelKey>Tipo documento principale</labelKey>
          <valoreKey>Decreti presidenziali</valoreKey>
        </datoKey>
        <datoKey>
          <colonnaKey>dt_istituz</colonnaKey>
          <labelKey>Data istituzione</labelKey>
          <valoreKey>12/02/2015</valoreKey>
        </datoKey>
      </keyRecord>
      <datoRecord>
        <colonnaDato>dt_soppres</colonnaDato>
        <labelDato>Data soppressione</labelDato>
        <valoreDato>31/12/2444</valoreDato>
      </datoRecord>
      <recordChild>
        <tipoRecord>Campo per partizionamento</tipoRecord>
        <child>
          <idRecord>1323</idRecord>
          <keyRecord>
            <datoKey>
              <colonnaKey>ti_campo</colonnaKey>
              <labelKey>Tipo campo</labelKey>
              <valoreKey>SUB_STRUT</valoreKey>
            </datoKey>
            <datoKey>
              <colonnaKey>nm_campo</colonnaKey>
              <labelKey>Nome campo</labelKey>
              <valoreKey>SUB_STRUTTURA</valoreKey>
            </datoKey>
          </keyRecord>
          <datoRecord>
            <colonnaDato>nm_sub_strut</colonnaDato>
            <labelDato>Sottostruttura</labelDato>
            <valoreDato>DEFAULT</valoreDato>
          </datoRecord>
          <datoRecord>
            <colonnaDato>nm_attrib_dati_spec</colonnaDato>
            <labelDato>Dato specifico</labelDato>
            <valoreDato>null</valoreDato>
          </datoRecord>
        </child>
      </recordChild>
    </child>
    <child>
      <idRecord>2011</idRecord>
      <keyRecord>
        <datoKey>
          <colonnaKey>nm_tipo_doc</colonnaKey>
          <labelKey>Tipo documento principale</labelKey>
          <valoreKey>Decreti presidenziali</valoreKey>
        </datoKey>
        <datoKey>
          <colonnaKey>dt_istituz</colonnaKey>
          <labelKey>Data istituzione</labelKey>
          <valoreKey>12/02/2015</valoreKey>
        </datoKey>
      </keyRecord>
      <datoRecord>
        <colonnaDato>dt_soppres</colonnaDato>
        <labelDato>Data soppressione</labelDato>
        <valoreDato>31/12/2444</valoreDato>
      </datoRecord>
      <recordChild>
        <tipoRecord>Campo per partizionamento</tipoRecord>
        <child>
          <idRecord>1322</idRecord>
          <keyRecord>
            <datoKey>
              <colonnaKey>ti_campo</colonnaKey>
              <labelKey>Tipo campo</labelKey>
              <valoreKey>SUB_STRUT</valoreKey>
            </datoKey>
            <datoKey>
              <colonnaKey>nm_campo</colonnaKey>
              <labelKey>Nome campo</labelKey>
              <valoreKey>SUB_STRUTTURA</valoreKey>
            </datoKey>
          </keyRecord>
          <datoRecord>
            <colonnaDato>nm_sub_strut</colonnaDato>
            <labelDato>Sottostruttura</labelDato>
            <valoreDato>DEFAULT</valoreDato>
          </datoRecord>
          <datoRecord>
            <colonnaDato>nm_attrib_dati_spec</colonnaDato>
            <labelDato>Dato specifico</labelDato>
            <valoreDato>null</valoreDato>
          </datoRecord>
        </child>
      </recordChild>
    </child>
    <child>
      <idRecord>2010</idRecord>
      <keyRecord>
        <datoKey>
          <colonnaKey>nm_tipo_doc</colonnaKey>
          <labelKey>Tipo documento principale</labelKey>
          <valoreKey>Decreti presidenziali</valoreKey>
        </datoKey>
        <datoKey>
          <colonnaKey>dt_istituz</colonnaKey>
          <labelKey>Data istituzione</labelKey>
          <valoreKey>12/02/2015</valoreKey>
        </datoKey>
      </keyRecord>
      <datoRecord>
        <colonnaDato>dt_soppres</colonnaDato>
        <labelDato>Data soppressione</labelDato>
        <valoreDato>31/12/2444</valoreDato>
      </datoRecord>
      <recordChild>
        <tipoRecord>Campo per partizionamento</tipoRecord>
        <child>
          <idRecord>1321</idRecord>
          <keyRecord>
            <datoKey>
              <colonnaKey>ti_campo</colonnaKey>
              <labelKey>Tipo campo</labelKey>
              <valoreKey>SUB_STRUT</valoreKey>
            </datoKey>
            <datoKey>
              <colonnaKey>nm_campo</colonnaKey>
              <labelKey>Nome campo</labelKey>
              <valoreKey>SUB_STRUTTURA</valoreKey>
            </datoKey>
          </keyRecord>
          <datoRecord>
            <colonnaDato>nm_sub_strut</colonnaDato>
            <labelDato>Sottostruttura</labelDato>
            <valoreDato>DEFAULT</valoreDato>
          </datoRecord>
          <datoRecord>
            <colonnaDato>nm_attrib_dati_spec</colonnaDato>
            <labelDato>Dato specifico</labelDato>
            <valoreDato>null</valoreDato>
          </datoRecord>
        </child>
      </recordChild>
    </child>
    <child>
      <idRecord>2009</idRecord>
      <keyRecord>
        <datoKey>
          <colonnaKey>nm_tipo_doc</colonnaKey>
          <labelKey>Tipo documento principale</labelKey>
          <valoreKey>Decreti presidenziali</valoreKey>
        </datoKey>
        <datoKey>
          <colonnaKey>dt_istituz</colonnaKey>
          <labelKey>Data istituzione</labelKey>
          <valoreKey>12/02/2015</valoreKey>
        </datoKey>
      </keyRecord>
      <datoRecord>
        <colonnaDato>dt_soppres</colonnaDato>
        <labelDato>Data soppressione</labelDato>
        <valoreDato>31/12/2444</valoreDato>
      </datoRecord>
      <recordChild>
        <tipoRecord>Campo per partizionamento</tipoRecord>
        <child>
          <idRecord>1320</idRecord>
          <keyRecord>
            <datoKey>
              <colonnaKey>ti_campo</colonnaKey>
              <labelKey>Tipo campo</labelKey>
              <valoreKey>SUB_STRUT</valoreKey>
            </datoKey>
            <datoKey>
              <colonnaKey>nm_campo</colonnaKey>
              <labelKey>Nome campo</labelKey>
              <valoreKey>SUB_STRUTTURA</valoreKey>
            </datoKey>
          </keyRecord>
          <datoRecord>
            <colonnaDato>nm_sub_strut</colonnaDato>
            <labelDato>Sottostruttura</labelDato>
            <valoreDato>DEFAULT</valoreDato>
          </datoRecord>
          <datoRecord>
            <colonnaDato>nm_attrib_dati_spec</colonnaDato>
            <labelDato>Dato specifico</labelDato>
            <valoreDato>null</valoreDato>
          </datoRecord>
        </child>
      </recordChild>
    </child>
    <child>
      <idRecord>2008</idRecord>
      <keyRecord>
        <datoKey>
          <colonnaKey>nm_tipo_doc</colonnaKey>
          <labelKey>Tipo documento principale</labelKey>
          <valoreKey>Decreti presidenziali</valoreKey>
        </datoKey>
        <datoKey>
          <colonnaKey>dt_istituz</colonnaKey>
          <labelKey>Data istituzione</labelKey>
          <valoreKey>12/02/2015</valoreKey>
        </datoKey>
      </keyRecord>
      <datoRecord>
        <colonnaDato>dt_soppres</colonnaDato>
        <labelDato>Data soppressione</labelDato>
        <valoreDato>31/12/2444</valoreDato>
      </datoRecord>
      <recordChild>
        <tipoRecord>Campo per partizionamento</tipoRecord>
        <child>
          <idRecord>1319</idRecord>
          <keyRecord>
            <datoKey>
              <colonnaKey>ti_campo</colonnaKey>
              <labelKey>Tipo campo</labelKey>
              <valoreKey>SUB_STRUT</valoreKey>
            </datoKey>
            <datoKey>
              <colonnaKey>nm_campo</colonnaKey>
              <labelKey>Nome campo</labelKey>
              <valoreKey>SUB_STRUTTURA</valoreKey>
            </datoKey>
          </keyRecord>
          <datoRecord>
            <colonnaDato>nm_sub_strut</colonnaDato>
            <labelDato>Sottostruttura</labelDato>
            <valoreDato>DEFAULT</valoreDato>
          </datoRecord>
          <datoRecord>
            <colonnaDato>nm_attrib_dati_spec</colonnaDato>
            <labelDato>Dato specifico</labelDato>
            <valoreDato>null</valoreDato>
          </datoRecord>
        </child>
      </recordChild>
    </child>
    <child>
      <idRecord>2007</idRecord>
      <keyRecord>
        <datoKey>
          <colonnaKey>nm_tipo_doc</colonnaKey>
          <labelKey>Tipo documento principale</labelKey>
          <valoreKey>Decreti presidenziali</valoreKey>
        </datoKey>
        <datoKey>
          <colonnaKey>dt_istituz</colonnaKey>
          <labelKey>Data istituzione</labelKey>
          <valoreKey>12/02/2015</valoreKey>
        </datoKey>
      </keyRecord>
      <datoRecord>
        <colonnaDato>dt_soppres</colonnaDato>
        <labelDato>Data soppressione</labelDato>
        <valoreDato>31/12/2444</valoreDato>
      </datoRecord>
      <recordChild>
        <tipoRecord>Campo per partizionamento</tipoRecord>
        <child>
          <idRecord>1318</idRecord>
          <keyRecord>
            <datoKey>
              <colonnaKey>ti_campo</colonnaKey>
              <labelKey>Tipo campo</labelKey>
              <valoreKey>SUB_STRUT</valoreKey>
            </datoKey>
            <datoKey>
              <colonnaKey>nm_campo</colonnaKey>
              <labelKey>Nome campo</labelKey>
              <valoreKey>SUB_STRUTTURA</valoreKey>
            </datoKey>
          </keyRecord>
          <datoRecord>
            <colonnaDato>nm_sub_strut</colonnaDato>
            <labelDato>Sottostruttura</labelDato>
            <valoreDato>DEFAULT</valoreDato>
          </datoRecord>
          <datoRecord>
            <colonnaDato>nm_attrib_dati_spec</colonnaDato>
            <labelDato>Dato specifico</labelDato>
            <valoreDato>null</valoreDato>
          </datoRecord>
        </child>
      </recordChild>
    </child>
    <child>
      <idRecord>468</idRecord>
      <keyRecord>
        <datoKey>
          <colonnaKey>nm_tipo_doc</colonnaKey>
          <labelKey>Tipo documento principale</labelKey>
          <valoreKey>Decreti presidenziali</valoreKey>
        </datoKey>
        <datoKey>
          <colonnaKey>dt_istituz</colonnaKey>
          <labelKey>Data istituzione</labelKey>
          <valoreKey>10/11/2014</valoreKey>
        </datoKey>
      </keyRecord>
      <datoRecord>
        <colonnaDato>dt_soppres</colonnaDato>
        <labelDato>Data soppressione</labelDato>
        <valoreDato>31/12/2444</valoreDato>
      </datoRecord>
      <recordChild>
        <tipoRecord>Campo per partizionamento</tipoRecord>
        <child>
          <idRecord>212</idRecord>
          <keyRecord>
            <datoKey>
              <colonnaKey>ti_campo</colonnaKey>
              <labelKey>Tipo campo</labelKey>
              <valoreKey>SUB_STRUT</valoreKey>
            </datoKey>
            <datoKey>
              <colonnaKey>nm_campo</colonnaKey>
              <labelKey>Nome campo</labelKey>
              <valoreKey>SUB_STRUTTURA</valoreKey>
            </datoKey>
          </keyRecord>
          <datoRecord>
            <colonnaDato>nm_sub_strut</colonnaDato>
            <labelDato>Sottostruttura</labelDato>
            <valoreDato>DEFAULT</valoreDato>
          </datoRecord>
          <datoRecord>
            <colonnaDato>nm_attrib_dati_spec</colonnaDato>
            <labelDato>Dato specifico</labelDato>
            <valoreDato>null</valoreDato>
          </datoRecord>
        </child>
      </recordChild>
    </child>
    <child>
      <idRecord>2019</idRecord>
      <keyRecord>
        <datoKey>
          <colonnaKey>nm_tipo_doc</colonnaKey>
          <labelKey>Tipo documento principale</labelKey>
          <valoreKey>Decreti presidenziali</valoreKey>
        </datoKey>
        <datoKey>
          <colonnaKey>dt_istituz</colonnaKey>
          <labelKey>Data istituzione</labelKey>
          <valoreKey>12/02/2015</valoreKey>
        </datoKey>
      </keyRecord>
      <datoRecord>
        <colonnaDato>dt_soppres</colonnaDato>
        <labelDato>Data soppressione</labelDato>
        <valoreDato>31/12/2444</valoreDato>
      </datoRecord>
      <recordChild>
        <tipoRecord>Campo per partizionamento</tipoRecord>
        <child>
          <idRecord>662</idRecord>
          <keyRecord>
            <datoKey>
              <colonnaKey>ti_campo</colonnaKey>
              <labelKey>Tipo campo</labelKey>
              <valoreKey>SUB_STRUT</valoreKey>
            </datoKey>
            <datoKey>
              <colonnaKey>nm_campo</colonnaKey>
              <labelKey>Nome campo</labelKey>
              <valoreKey>SUB_STRUTTURA</valoreKey>
            </datoKey>
          </keyRecord>
          <datoRecord>
            <colonnaDato>nm_sub_strut</colonnaDato>
            <labelDato>Sottostruttura</labelDato>
            <valoreDato>DEFAULT</valoreDato>
          </datoRecord>
          <datoRecord>
            <colonnaDato>nm_attrib_dati_spec</colonnaDato>
            <labelDato>Dato specifico</labelDato>
            <valoreDato>null</valoreDato>
          </datoRecord>
        </child>
      </recordChild>
    </child>
    <child>
      <idRecord>531</idRecord>
      <keyRecord>
        <datoKey>
          <colonnaKey>nm_tipo_doc</colonnaKey>
          <labelKey>Tipo documento principale</labelKey>
          <valoreKey>Deliberazioni di Consiglio</valoreKey>
        </datoKey>
        <datoKey>
          <colonnaKey>dt_istituz</colonnaKey>
          <labelKey>Data istituzione</labelKey>
          <valoreKey>10/11/2014</valoreKey>
        </datoKey>
      </keyRecord>
      <datoRecord>
        <colonnaDato>dt_soppres</colonnaDato>
        <labelDato>Data soppressione</labelDato>
        <valoreDato>31/12/2444</valoreDato>
      </datoRecord>
      <recordChild>
        <tipoRecord>Campo per partizionamento</tipoRecord>
        <child>
          <idRecord>275</idRecord>
          <keyRecord>
            <datoKey>
              <colonnaKey>ti_campo</colonnaKey>
              <labelKey>Tipo campo</labelKey>
              <valoreKey>SUB_STRUT</valoreKey>
            </datoKey>
            <datoKey>
              <colonnaKey>nm_campo</colonnaKey>
              <labelKey>Nome campo</labelKey>
              <valoreKey>SUB_STRUTTURA</valoreKey>
            </datoKey>
          </keyRecord>
          <datoRecord>
            <colonnaDato>nm_sub_strut</colonnaDato>
            <labelDato>Sottostruttura</labelDato>
            <valoreDato>DEFAULT</valoreDato>
          </datoRecord>
          <datoRecord>
            <colonnaDato>nm_attrib_dati_spec</colonnaDato>
            <labelDato>Dato specifico</labelDato>
            <valoreDato>null</valoreDato>
          </datoRecord>
        </child>
      </recordChild>
    </child>
    <child>
      <idRecord>1993</idRecord>
      <keyRecord>
        <datoKey>
          <colonnaKey>nm_tipo_doc</colonnaKey>
          <labelKey>Tipo documento principale</labelKey>
          <valoreKey>Deliberazioni di Consiglio</valoreKey>
        </datoKey>
        <datoKey>
          <colonnaKey>dt_istituz</colonnaKey>
          <labelKey>Data istituzione</labelKey>
          <valoreKey>12/02/2015</valoreKey>
        </datoKey>
      </keyRecord>
      <datoRecord>
        <colonnaDato>dt_soppres</colonnaDato>
        <labelDato>Data soppressione</labelDato>
        <valoreDato>31/12/2444</valoreDato>
      </datoRecord>
      <recordChild>
        <tipoRecord>Campo per partizionamento</tipoRecord>
        <child>
          <idRecord>1304</idRecord>
          <keyRecord>
            <datoKey>
              <colonnaKey>ti_campo</colonnaKey>
              <labelKey>Tipo campo</labelKey>
              <valoreKey>SUB_STRUT</valoreKey>
            </datoKey>
            <datoKey>
              <colonnaKey>nm_campo</colonnaKey>
              <labelKey>Nome campo</labelKey>
              <valoreKey>SUB_STRUTTURA</valoreKey>
            </datoKey>
          </keyRecord>
          <datoRecord>
            <colonnaDato>nm_sub_strut</colonnaDato>
            <labelDato>Sottostruttura</labelDato>
            <valoreDato>DEFAULT</valoreDato>
          </datoRecord>
          <datoRecord>
            <colonnaDato>nm_attrib_dati_spec</colonnaDato>
            <labelDato>Dato specifico</labelDato>
            <valoreDato>null</valoreDato>
          </datoRecord>
        </child>
      </recordChild>
    </child>
    <child>
      <idRecord>1992</idRecord>
      <keyRecord>
        <datoKey>
          <colonnaKey>nm_tipo_doc</colonnaKey>
          <labelKey>Tipo documento principale</labelKey>
          <valoreKey>Deliberazioni di Consiglio</valoreKey>
        </datoKey>
        <datoKey>
          <colonnaKey>dt_istituz</colonnaKey>
          <labelKey>Data istituzione</labelKey>
          <valoreKey>12/02/2015</valoreKey>
        </datoKey>
      </keyRecord>
      <datoRecord>
        <colonnaDato>dt_soppres</colonnaDato>
        <labelDato>Data soppressione</labelDato>
        <valoreDato>31/12/2444</valoreDato>
      </datoRecord>
      <recordChild>
        <tipoRecord>Campo per partizionamento</tipoRecord>
        <child>
          <idRecord>1303</idRecord>
          <keyRecord>
            <datoKey>
              <colonnaKey>ti_campo</colonnaKey>
              <labelKey>Tipo campo</labelKey>
              <valoreKey>SUB_STRUT</valoreKey>
            </datoKey>
            <datoKey>
              <colonnaKey>nm_campo</colonnaKey>
              <labelKey>Nome campo</labelKey>
              <valoreKey>SUB_STRUTTURA</valoreKey>
            </datoKey>
          </keyRecord>
          <datoRecord>
            <colonnaDato>nm_sub_strut</colonnaDato>
            <labelDato>Sottostruttura</labelDato>
            <valoreDato>DEFAULT</valoreDato>
          </datoRecord>
          <datoRecord>
            <colonnaDato>nm_attrib_dati_spec</colonnaDato>
            <labelDato>Dato specifico</labelDato>
            <valoreDato>null</valoreDato>
          </datoRecord>
        </child>
      </recordChild>
    </child>
    <child>
      <idRecord>1991</idRecord>
      <keyRecord>
        <datoKey>
          <colonnaKey>nm_tipo_doc</colonnaKey>
          <labelKey>Tipo documento principale</labelKey>
          <valoreKey>Deliberazioni di Consiglio</valoreKey>
        </datoKey>
        <datoKey>
          <colonnaKey>dt_istituz</colonnaKey>
          <labelKey>Data istituzione</labelKey>
          <valoreKey>12/02/2015</valoreKey>
        </datoKey>
      </keyRecord>
      <datoRecord>
        <colonnaDato>dt_soppres</colonnaDato>
        <labelDato>Data soppressione</labelDato>
        <valoreDato>31/12/2444</valoreDato>
      </datoRecord>
      <recordChild>
        <tipoRecord>Campo per partizionamento</tipoRecord>
        <child>
          <idRecord>1302</idRecord>
          <keyRecord>
            <datoKey>
              <colonnaKey>ti_campo</colonnaKey>
              <labelKey>Tipo campo</labelKey>
              <valoreKey>SUB_STRUT</valoreKey>
            </datoKey>
            <datoKey>
              <colonnaKey>nm_campo</colonnaKey>
              <labelKey>Nome campo</labelKey>
              <valoreKey>SUB_STRUTTURA</valoreKey>
            </datoKey>
          </keyRecord>
          <datoRecord>
            <colonnaDato>nm_sub_strut</colonnaDato>
            <labelDato>Sottostruttura</labelDato>
            <valoreDato>DEFAULT</valoreDato>
          </datoRecord>
          <datoRecord>
            <colonnaDato>nm_attrib_dati_spec</colonnaDato>
            <labelDato>Dato specifico</labelDato>
            <valoreDato>null</valoreDato>
          </datoRecord>
        </child>
      </recordChild>
    </child>
    <child>
      <idRecord>1990</idRecord>
      <keyRecord>
        <datoKey>
          <colonnaKey>nm_tipo_doc</colonnaKey>
          <labelKey>Tipo documento principale</labelKey>
          <valoreKey>Deliberazioni di Consiglio</valoreKey>
        </datoKey>
        <datoKey>
          <colonnaKey>dt_istituz</colonnaKey>
          <labelKey>Data istituzione</labelKey>
          <valoreKey>12/02/2015</valoreKey>
        </datoKey>
      </keyRecord>
      <datoRecord>
        <colonnaDato>dt_soppres</colonnaDato>
        <labelDato>Data soppressione</labelDato>
        <valoreDato>31/12/2444</valoreDato>
      </datoRecord>
      <recordChild>
        <tipoRecord>Campo per partizionamento</tipoRecord>
        <child>
          <idRecord>1301</idRecord>
          <keyRecord>
            <datoKey>
              <colonnaKey>ti_campo</colonnaKey>
              <labelKey>Tipo campo</labelKey>
              <valoreKey>SUB_STRUT</valoreKey>
            </datoKey>
            <datoKey>
              <colonnaKey>nm_campo</colonnaKey>
              <labelKey>Nome campo</labelKey>
              <valoreKey>SUB_STRUTTURA</valoreKey>
            </datoKey>
          </keyRecord>
          <datoRecord>
            <colonnaDato>nm_sub_strut</colonnaDato>
            <labelDato>Sottostruttura</labelDato>
            <valoreDato>DEFAULT</valoreDato>
          </datoRecord>
          <datoRecord>
            <colonnaDato>nm_attrib_dati_spec</colonnaDato>
            <labelDato>Dato specifico</labelDato>
            <valoreDato>null</valoreDato>
          </datoRecord>
        </child>
      </recordChild>
    </child>
    <child>
      <idRecord>1989</idRecord>
      <keyRecord>
        <datoKey>
          <colonnaKey>nm_tipo_doc</colonnaKey>
          <labelKey>Tipo documento principale</labelKey>
          <valoreKey>Deliberazioni di Consiglio</valoreKey>
        </datoKey>
        <datoKey>
          <colonnaKey>dt_istituz</colonnaKey>
          <labelKey>Data istituzione</labelKey>
          <valoreKey>12/02/2015</valoreKey>
        </datoKey>
      </keyRecord>
      <datoRecord>
        <colonnaDato>dt_soppres</colonnaDato>
        <labelDato>Data soppressione</labelDato>
        <valoreDato>31/12/2444</valoreDato>
      </datoRecord>
      <recordChild>
        <tipoRecord>Campo per partizionamento</tipoRecord>
        <child>
          <idRecord>1300</idRecord>
          <keyRecord>
            <datoKey>
              <colonnaKey>ti_campo</colonnaKey>
              <labelKey>Tipo campo</labelKey>
              <valoreKey>SUB_STRUT</valoreKey>
            </datoKey>
            <datoKey>
              <colonnaKey>nm_campo</colonnaKey>
              <labelKey>Nome campo</labelKey>
              <valoreKey>SUB_STRUTTURA</valoreKey>
            </datoKey>
          </keyRecord>
          <datoRecord>
            <colonnaDato>nm_sub_strut</colonnaDato>
            <labelDato>Sottostruttura</labelDato>
            <valoreDato>DEFAULT</valoreDato>
          </datoRecord>
          <datoRecord>
            <colonnaDato>nm_attrib_dati_spec</colonnaDato>
            <labelDato>Dato specifico</labelDato>
            <valoreDato>null</valoreDato>
          </datoRecord>
        </child>
      </recordChild>
    </child>
    <child>
      <idRecord>1988</idRecord>
      <keyRecord>
        <datoKey>
          <colonnaKey>nm_tipo_doc</colonnaKey>
          <labelKey>Tipo documento principale</labelKey>
          <valoreKey>Deliberazioni di Consiglio</valoreKey>
        </datoKey>
        <datoKey>
          <colonnaKey>dt_istituz</colonnaKey>
          <labelKey>Data istituzione</labelKey>
          <valoreKey>12/02/2015</valoreKey>
        </datoKey>
      </keyRecord>
      <datoRecord>
        <colonnaDato>dt_soppres</colonnaDato>
        <labelDato>Data soppressione</labelDato>
        <valoreDato>31/12/2444</valoreDato>
      </datoRecord>
      <recordChild>
        <tipoRecord>Campo per partizionamento</tipoRecord>
        <child>
          <idRecord>1299</idRecord>
          <keyRecord>
            <datoKey>
              <colonnaKey>ti_campo</colonnaKey>
              <labelKey>Tipo campo</labelKey>
              <valoreKey>SUB_STRUT</valoreKey>
            </datoKey>
            <datoKey>
              <colonnaKey>nm_campo</colonnaKey>
              <labelKey>Nome campo</labelKey>
              <valoreKey>SUB_STRUTTURA</valoreKey>
            </datoKey>
          </keyRecord>
          <datoRecord>
            <colonnaDato>nm_sub_strut</colonnaDato>
            <labelDato>Sottostruttura</labelDato>
            <valoreDato>DEFAULT</valoreDato>
          </datoRecord>
          <datoRecord>
            <colonnaDato>nm_attrib_dati_spec</colonnaDato>
            <labelDato>Dato specifico</labelDato>
            <valoreDato>null</valoreDato>
          </datoRecord>
        </child>
      </recordChild>
    </child>
    <child>
      <idRecord>1987</idRecord>
      <keyRecord>
        <datoKey>
          <colonnaKey>nm_tipo_doc</colonnaKey>
          <labelKey>Tipo documento principale</labelKey>
          <valoreKey>Deliberazioni di Consiglio</valoreKey>
        </datoKey>
        <datoKey>
          <colonnaKey>dt_istituz</colonnaKey>
          <labelKey>Data istituzione</labelKey>
          <valoreKey>12/02/2015</valoreKey>
        </datoKey>
      </keyRecord>
      <datoRecord>
        <colonnaDato>dt_soppres</colonnaDato>
        <labelDato>Data soppressione</labelDato>
        <valoreDato>31/12/2444</valoreDato>
      </datoRecord>
      <recordChild>
        <tipoRecord>Campo per partizionamento</tipoRecord>
        <child>
          <idRecord>1298</idRecord>
          <keyRecord>
            <datoKey>
              <colonnaKey>ti_campo</colonnaKey>
              <labelKey>Tipo campo</labelKey>
              <valoreKey>SUB_STRUT</valoreKey>
            </datoKey>
            <datoKey>
              <colonnaKey>nm_campo</colonnaKey>
              <labelKey>Nome campo</labelKey>
              <valoreKey>SUB_STRUTTURA</valoreKey>
            </datoKey>
          </keyRecord>
          <datoRecord>
            <colonnaDato>nm_sub_strut</colonnaDato>
            <labelDato>Sottostruttura</labelDato>
            <valoreDato>DEFAULT</valoreDato>
          </datoRecord>
          <datoRecord>
            <colonnaDato>nm_attrib_dati_spec</colonnaDato>
            <labelDato>Dato specifico</labelDato>
            <valoreDato>null</valoreDato>
          </datoRecord>
        </child>
      </recordChild>
    </child>
    <child>
      <idRecord>1986</idRecord>
      <keyRecord>
        <datoKey>
          <colonnaKey>nm_tipo_doc</colonnaKey>
          <labelKey>Tipo documento principale</labelKey>
          <valoreKey>Deliberazioni di Consiglio</valoreKey>
        </datoKey>
        <datoKey>
          <colonnaKey>dt_istituz</colonnaKey>
          <labelKey>Data istituzione</labelKey>
          <valoreKey>12/02/2015</valoreKey>
        </datoKey>
      </keyRecord>
      <datoRecord>
        <colonnaDato>dt_soppres</colonnaDato>
        <labelDato>Data soppressione</labelDato>
        <valoreDato>31/12/2444</valoreDato>
      </datoRecord>
      <recordChild>
        <tipoRecord>Campo per partizionamento</tipoRecord>
        <child>
          <idRecord>1297</idRecord>
          <keyRecord>
            <datoKey>
              <colonnaKey>ti_campo</colonnaKey>
              <labelKey>Tipo campo</labelKey>
              <valoreKey>SUB_STRUT</valoreKey>
            </datoKey>
            <datoKey>
              <colonnaKey>nm_campo</colonnaKey>
              <labelKey>Nome campo</labelKey>
              <valoreKey>SUB_STRUTTURA</valoreKey>
            </datoKey>
          </keyRecord>
          <datoRecord>
            <colonnaDato>nm_sub_strut</colonnaDato>
            <labelDato>Sottostruttura</labelDato>
            <valoreDato>DEFAULT</valoreDato>
          </datoRecord>
          <datoRecord>
            <colonnaDato>nm_attrib_dati_spec</colonnaDato>
            <labelDato>Dato specifico</labelDato>
            <valoreDato>null</valoreDato>
          </datoRecord>
        </child>
      </recordChild>
    </child>
    <child>
      <idRecord>1985</idRecord>
      <keyRecord>
        <datoKey>
          <colonnaKey>nm_tipo_doc</colonnaKey>
          <labelKey>Tipo documento principale</labelKey>
          <valoreKey>Deliberazioni di Consiglio</valoreKey>
        </datoKey>
        <datoKey>
          <colonnaKey>dt_istituz</colonnaKey>
          <labelKey>Data istituzione</labelKey>
          <valoreKey>12/02/2015</valoreKey>
        </datoKey>
      </keyRecord>
      <datoRecord>
        <colonnaDato>dt_soppres</colonnaDato>
        <labelDato>Data soppressione</labelDato>
        <valoreDato>31/12/2444</valoreDato>
      </datoRecord>
      <recordChild>
        <tipoRecord>Campo per partizionamento</tipoRecord>
        <child>
          <idRecord>1296</idRecord>
          <keyRecord>
            <datoKey>
              <colonnaKey>ti_campo</colonnaKey>
              <labelKey>Tipo campo</labelKey>
              <valoreKey>SUB_STRUT</valoreKey>
            </datoKey>
            <datoKey>
              <colonnaKey>nm_campo</colonnaKey>
              <labelKey>Nome campo</labelKey>
              <valoreKey>SUB_STRUTTURA</valoreKey>
            </datoKey>
          </keyRecord>
          <datoRecord>
            <colonnaDato>nm_sub_strut</colonnaDato>
            <labelDato>Sottostruttura</labelDato>
            <valoreDato>DEFAULT</valoreDato>
          </datoRecord>
          <datoRecord>
            <colonnaDato>nm_attrib_dati_spec</colonnaDato>
            <labelDato>Dato specifico</labelDato>
            <valoreDato>null</valoreDato>
          </datoRecord>
        </child>
      </recordChild>
    </child>
    <child>
      <idRecord>1984</idRecord>
      <keyRecord>
        <datoKey>
          <colonnaKey>nm_tipo_doc</colonnaKey>
          <labelKey>Tipo documento principale</labelKey>
          <valoreKey>Deliberazioni di Consiglio</valoreKey>
        </datoKey>
        <datoKey>
          <colonnaKey>dt_istituz</colonnaKey>
          <labelKey>Data istituzione</labelKey>
          <valoreKey>12/02/2015</valoreKey>
        </datoKey>
      </keyRecord>
      <datoRecord>
        <colonnaDato>dt_soppres</colonnaDato>
        <labelDato>Data soppressione</labelDato>
        <valoreDato>31/12/2444</valoreDato>
      </datoRecord>
      <recordChild>
        <tipoRecord>Campo per partizionamento</tipoRecord>
        <child>
          <idRecord>1295</idRecord>
          <keyRecord>
            <datoKey>
              <colonnaKey>ti_campo</colonnaKey>
              <labelKey>Tipo campo</labelKey>
              <valoreKey>SUB_STRUT</valoreKey>
            </datoKey>
            <datoKey>
              <colonnaKey>nm_campo</colonnaKey>
              <labelKey>Nome campo</labelKey>
              <valoreKey>SUB_STRUTTURA</valoreKey>
            </datoKey>
          </keyRecord>
          <datoRecord>
            <colonnaDato>nm_sub_strut</colonnaDato>
            <labelDato>Sottostruttura</labelDato>
            <valoreDato>DEFAULT</valoreDato>
          </datoRecord>
          <datoRecord>
            <colonnaDato>nm_attrib_dati_spec</colonnaDato>
            <labelDato>Dato specifico</labelDato>
            <valoreDato>null</valoreDato>
          </datoRecord>
        </child>
      </recordChild>
    </child>
    <child>
      <idRecord>1983</idRecord>
      <keyRecord>
        <datoKey>
          <colonnaKey>nm_tipo_doc</colonnaKey>
          <labelKey>Tipo documento principale</labelKey>
          <valoreKey>Deliberazioni di Consiglio</valoreKey>
        </datoKey>
        <datoKey>
          <colonnaKey>dt_istituz</colonnaKey>
          <labelKey>Data istituzione</labelKey>
          <valoreKey>12/02/2015</valoreKey>
        </datoKey>
      </keyRecord>
      <datoRecord>
        <colonnaDato>dt_soppres</colonnaDato>
        <labelDato>Data soppressione</labelDato>
        <valoreDato>31/12/2444</valoreDato>
      </datoRecord>
      <recordChild>
        <tipoRecord>Campo per partizionamento</tipoRecord>
        <child>
          <idRecord>1294</idRecord>
          <keyRecord>
            <datoKey>
              <colonnaKey>ti_campo</colonnaKey>
              <labelKey>Tipo campo</labelKey>
              <valoreKey>SUB_STRUT</valoreKey>
            </datoKey>
            <datoKey>
              <colonnaKey>nm_campo</colonnaKey>
              <labelKey>Nome campo</labelKey>
              <valoreKey>SUB_STRUTTURA</valoreKey>
            </datoKey>
          </keyRecord>
          <datoRecord>
            <colonnaDato>nm_sub_strut</colonnaDato>
            <labelDato>Sottostruttura</labelDato>
            <valoreDato>DEFAULT</valoreDato>
          </datoRecord>
          <datoRecord>
            <colonnaDato>nm_attrib_dati_spec</colonnaDato>
            <labelDato>Dato specifico</labelDato>
            <valoreDato>null</valoreDato>
          </datoRecord>
        </child>
      </recordChild>
    </child>
    <child>
      <idRecord>1982</idRecord>
      <keyRecord>
        <datoKey>
          <colonnaKey>nm_tipo_doc</colonnaKey>
          <labelKey>Tipo documento principale</labelKey>
          <valoreKey>Deliberazioni di Consiglio</valoreKey>
        </datoKey>
        <datoKey>
          <colonnaKey>dt_istituz</colonnaKey>
          <labelKey>Data istituzione</labelKey>
          <valoreKey>12/02/2015</valoreKey>
        </datoKey>
      </keyRecord>
      <datoRecord>
        <colonnaDato>dt_soppres</colonnaDato>
        <labelDato>Data soppressione</labelDato>
        <valoreDato>31/12/2444</valoreDato>
      </datoRecord>
      <recordChild>
        <tipoRecord>Campo per partizionamento</tipoRecord>
        <child>
          <idRecord>1293</idRecord>
          <keyRecord>
            <datoKey>
              <colonnaKey>ti_campo</colonnaKey>
              <labelKey>Tipo campo</labelKey>
              <valoreKey>SUB_STRUT</valoreKey>
            </datoKey>
            <datoKey>
              <colonnaKey>nm_campo</colonnaKey>
              <labelKey>Nome campo</labelKey>
              <valoreKey>SUB_STRUTTURA</valoreKey>
            </datoKey>
          </keyRecord>
          <datoRecord>
            <colonnaDato>nm_sub_strut</colonnaDato>
            <labelDato>Sottostruttura</labelDato>
            <valoreDato>DEFAULT</valoreDato>
          </datoRecord>
          <datoRecord>
            <colonnaDato>nm_attrib_dati_spec</colonnaDato>
            <labelDato>Dato specifico</labelDato>
            <valoreDato>null</valoreDato>
          </datoRecord>
        </child>
      </recordChild>
    </child>
    <child>
      <idRecord>1981</idRecord>
      <keyRecord>
        <datoKey>
          <colonnaKey>nm_tipo_doc</colonnaKey>
          <labelKey>Tipo documento principale</labelKey>
          <valoreKey>Deliberazioni di Consiglio</valoreKey>
        </datoKey>
        <datoKey>
          <colonnaKey>dt_istituz</colonnaKey>
          <labelKey>Data istituzione</labelKey>
          <valoreKey>12/02/2015</valoreKey>
        </datoKey>
      </keyRecord>
      <datoRecord>
        <colonnaDato>dt_soppres</colonnaDato>
        <labelDato>Data soppressione</labelDato>
        <valoreDato>31/12/2444</valoreDato>
      </datoRecord>
      <recordChild>
        <tipoRecord>Campo per partizionamento</tipoRecord>
        <child>
          <idRecord>1292</idRecord>
          <keyRecord>
            <datoKey>
              <colonnaKey>ti_campo</colonnaKey>
              <labelKey>Tipo campo</labelKey>
              <valoreKey>SUB_STRUT</valoreKey>
            </datoKey>
            <datoKey>
              <colonnaKey>nm_campo</colonnaKey>
              <labelKey>Nome campo</labelKey>
              <valoreKey>SUB_STRUTTURA</valoreKey>
            </datoKey>
          </keyRecord>
          <datoRecord>
            <colonnaDato>nm_sub_strut</colonnaDato>
            <labelDato>Sottostruttura</labelDato>
            <valoreDato>DEFAULT</valoreDato>
          </datoRecord>
          <datoRecord>
            <colonnaDato>nm_attrib_dati_spec</colonnaDato>
            <labelDato>Dato specifico</labelDato>
            <valoreDato>null</valoreDato>
          </datoRecord>
        </child>
      </recordChild>
    </child>
    <child>
      <idRecord>928</idRecord>
      <keyRecord>
        <datoKey>
          <colonnaKey>nm_tipo_doc</colonnaKey>
          <labelKey>Tipo documento principale</labelKey>
          <valoreKey>EMISSIONE_MANDATO</valoreKey>
        </datoKey>
        <datoKey>
          <colonnaKey>dt_istituz</colonnaKey>
          <labelKey>Data istituzione</labelKey>
          <valoreKey>19/01/2015</valoreKey>
        </datoKey>
      </keyRecord>
      <datoRecord>
        <colonnaDato>dt_soppres</colonnaDato>
        <labelDato>Data soppressione</labelDato>
        <valoreDato>31/12/2444</valoreDato>
      </datoRecord>
      <recordChild>
        <tipoRecord>Campo per partizionamento</tipoRecord>
        <child>
          <idRecord>608</idRecord>
          <keyRecord>
            <datoKey>
              <colonnaKey>ti_campo</colonnaKey>
              <labelKey>Tipo campo</labelKey>
              <valoreKey>SUB_STRUT</valoreKey>
            </datoKey>
            <datoKey>
              <colonnaKey>nm_campo</colonnaKey>
              <labelKey>Nome campo</labelKey>
              <valoreKey>SUB_STRUTTURA</valoreKey>
            </datoKey>
          </keyRecord>
          <datoRecord>
            <colonnaDato>nm_sub_strut</colonnaDato>
            <labelDato>Sottostruttura</labelDato>
            <valoreDato>DEFAULT</valoreDato>
          </datoRecord>
          <datoRecord>
            <colonnaDato>nm_attrib_dati_spec</colonnaDato>
            <labelDato>Dato specifico</labelDato>
            <valoreDato>null</valoreDato>
          </datoRecord>
        </child>
      </recordChild>
    </child>
    <child>
      <idRecord>1930</idRecord>
      <keyRecord>
        <datoKey>
          <colonnaKey>nm_tipo_doc</colonnaKey>
          <labelKey>Tipo documento principale</labelKey>
          <valoreKey>EMISSIONE_MANDATO</valoreKey>
        </datoKey>
        <datoKey>
          <colonnaKey>dt_istituz</colonnaKey>
          <labelKey>Data istituzione</labelKey>
          <valoreKey>12/02/2015</valoreKey>
        </datoKey>
      </keyRecord>
      <datoRecord>
        <colonnaDato>dt_soppres</colonnaDato>
        <labelDato>Data soppressione</labelDato>
        <valoreDato>31/12/2444</valoreDato>
      </datoRecord>
      <recordChild>
        <tipoRecord>Campo per partizionamento</tipoRecord>
        <child>
          <idRecord>1241</idRecord>
          <keyRecord>
            <datoKey>
              <colonnaKey>ti_campo</colonnaKey>
              <labelKey>Tipo campo</labelKey>
              <valoreKey>SUB_STRUT</valoreKey>
            </datoKey>
            <datoKey>
              <colonnaKey>nm_campo</colonnaKey>
              <labelKey>Nome campo</labelKey>
              <valoreKey>SUB_STRUTTURA</valoreKey>
            </datoKey>
          </keyRecord>
          <datoRecord>
            <colonnaDato>nm_sub_strut</colonnaDato>
            <labelDato>Sottostruttura</labelDato>
            <valoreDato>DEFAULT</valoreDato>
          </datoRecord>
          <datoRecord>
            <colonnaDato>nm_attrib_dati_spec</colonnaDato>
            <labelDato>Dato specifico</labelDato>
            <valoreDato>null</valoreDato>
          </datoRecord>
        </child>
      </recordChild>
    </child>
    <child>
      <idRecord>1929</idRecord>
      <keyRecord>
        <datoKey>
          <colonnaKey>nm_tipo_doc</colonnaKey>
          <labelKey>Tipo documento principale</labelKey>
          <valoreKey>EMISSIONE_MANDATO</valoreKey>
        </datoKey>
        <datoKey>
          <colonnaKey>dt_istituz</colonnaKey>
          <labelKey>Data istituzione</labelKey>
          <valoreKey>12/02/2015</valoreKey>
        </datoKey>
      </keyRecord>
      <datoRecord>
        <colonnaDato>dt_soppres</colonnaDato>
        <labelDato>Data soppressione</labelDato>
        <valoreDato>31/12/2444</valoreDato>
      </datoRecord>
      <recordChild>
        <tipoRecord>Campo per partizionamento</tipoRecord>
        <child>
          <idRecord>1240</idRecord>
          <keyRecord>
            <datoKey>
              <colonnaKey>ti_campo</colonnaKey>
              <labelKey>Tipo campo</labelKey>
              <valoreKey>SUB_STRUT</valoreKey>
            </datoKey>
            <datoKey>
              <colonnaKey>nm_campo</colonnaKey>
              <labelKey>Nome campo</labelKey>
              <valoreKey>SUB_STRUTTURA</valoreKey>
            </datoKey>
          </keyRecord>
          <datoRecord>
            <colonnaDato>nm_sub_strut</colonnaDato>
            <labelDato>Sottostruttura</labelDato>
            <valoreDato>DEFAULT</valoreDato>
          </datoRecord>
          <datoRecord>
            <colonnaDato>nm_attrib_dati_spec</colonnaDato>
            <labelDato>Dato specifico</labelDato>
            <valoreDato>null</valoreDato>
          </datoRecord>
        </child>
      </recordChild>
    </child>
    <child>
      <idRecord>1928</idRecord>
      <keyRecord>
        <datoKey>
          <colonnaKey>nm_tipo_doc</colonnaKey>
          <labelKey>Tipo documento principale</labelKey>
          <valoreKey>EMISSIONE_MANDATO</valoreKey>
        </datoKey>
        <datoKey>
          <colonnaKey>dt_istituz</colonnaKey>
          <labelKey>Data istituzione</labelKey>
          <valoreKey>12/02/2015</valoreKey>
        </datoKey>
      </keyRecord>
      <datoRecord>
        <colonnaDato>dt_soppres</colonnaDato>
        <labelDato>Data soppressione</labelDato>
        <valoreDato>31/12/2444</valoreDato>
      </datoRecord>
      <recordChild>
        <tipoRecord>Campo per partizionamento</tipoRecord>
        <child>
          <idRecord>1239</idRecord>
          <keyRecord>
            <datoKey>
              <colonnaKey>ti_campo</colonnaKey>
              <labelKey>Tipo campo</labelKey>
              <valoreKey>SUB_STRUT</valoreKey>
            </datoKey>
            <datoKey>
              <colonnaKey>nm_campo</colonnaKey>
              <labelKey>Nome campo</labelKey>
              <valoreKey>SUB_STRUTTURA</valoreKey>
            </datoKey>
          </keyRecord>
          <datoRecord>
            <colonnaDato>nm_sub_strut</colonnaDato>
            <labelDato>Sottostruttura</labelDato>
            <valoreDato>DEFAULT</valoreDato>
          </datoRecord>
          <datoRecord>
            <colonnaDato>nm_attrib_dati_spec</colonnaDato>
            <labelDato>Dato specifico</labelDato>
            <valoreDato>null</valoreDato>
          </datoRecord>
        </child>
      </recordChild>
    </child>
    <child>
      <idRecord>507</idRecord>
      <keyRecord>
        <datoKey>
          <colonnaKey>nm_tipo_doc</colonnaKey>
          <labelKey>Tipo documento principale</labelKey>
          <valoreKey>EMISSIONE_MANDATO</valoreKey>
        </datoKey>
        <datoKey>
          <colonnaKey>dt_istituz</colonnaKey>
          <labelKey>Data istituzione</labelKey>
          <valoreKey>10/11/2014</valoreKey>
        </datoKey>
      </keyRecord>
      <datoRecord>
        <colonnaDato>dt_soppres</colonnaDato>
        <labelDato>Data soppressione</labelDato>
        <valoreDato>31/12/2444</valoreDato>
      </datoRecord>
      <recordChild>
        <tipoRecord>Campo per partizionamento</tipoRecord>
        <child>
          <idRecord>251</idRecord>
          <keyRecord>
            <datoKey>
              <colonnaKey>ti_campo</colonnaKey>
              <labelKey>Tipo campo</labelKey>
              <valoreKey>SUB_STRUT</valoreKey>
            </datoKey>
            <datoKey>
              <colonnaKey>nm_campo</colonnaKey>
              <labelKey>Nome campo</labelKey>
              <valoreKey>SUB_STRUTTURA</valoreKey>
            </datoKey>
          </keyRecord>
          <datoRecord>
            <colonnaDato>nm_sub_strut</colonnaDato>
            <labelDato>Sottostruttura</labelDato>
            <valoreDato>DEFAULT</valoreDato>
          </datoRecord>
          <datoRecord>
            <colonnaDato>nm_attrib_dati_spec</colonnaDato>
            <labelDato>Dato specifico</labelDato>
            <valoreDato>null</valoreDato>
          </datoRecord>
        </child>
      </recordChild>
    </child>
    <child>
      <idRecord>2368</idRecord>
      <keyRecord>
        <datoKey>
          <colonnaKey>nm_tipo_doc</colonnaKey>
          <labelKey>Tipo documento principale</labelKey>
          <valoreKey>EMISSIONE_MANDATO</valoreKey>
        </datoKey>
        <datoKey>
          <colonnaKey>dt_istituz</colonnaKey>
          <labelKey>Data istituzione</labelKey>
          <valoreKey>12/02/2015</valoreKey>
        </datoKey>
      </keyRecord>
      <datoRecord>
        <colonnaDato>dt_soppres</colonnaDato>
        <labelDato>Data soppressione</labelDato>
        <valoreDato>31/12/2444</valoreDato>
      </datoRecord>
      <recordChild>
        <tipoRecord>Campo per partizionamento</tipoRecord>
        <child>
          <idRecord>1011</idRecord>
          <keyRecord>
            <datoKey>
              <colonnaKey>ti_campo</colonnaKey>
              <labelKey>Tipo campo</labelKey>
              <valoreKey>SUB_STRUT</valoreKey>
            </datoKey>
            <datoKey>
              <colonnaKey>nm_campo</colonnaKey>
              <labelKey>Nome campo</labelKey>
              <valoreKey>SUB_STRUTTURA</valoreKey>
            </datoKey>
          </keyRecord>
          <datoRecord>
            <colonnaDato>nm_sub_strut</colonnaDato>
            <labelDato>Sottostruttura</labelDato>
            <valoreDato>DEFAULT</valoreDato>
          </datoRecord>
          <datoRecord>
            <colonnaDato>nm_attrib_dati_spec</colonnaDato>
            <labelDato>Dato specifico</labelDato>
            <valoreDato>null</valoreDato>
          </datoRecord>
        </child>
      </recordChild>
    </child>
    <child>
      <idRecord>2367</idRecord>
      <keyRecord>
        <datoKey>
          <colonnaKey>nm_tipo_doc</colonnaKey>
          <labelKey>Tipo documento principale</labelKey>
          <valoreKey>EMISSIONE_MANDATO</valoreKey>
        </datoKey>
        <datoKey>
          <colonnaKey>dt_istituz</colonnaKey>
          <labelKey>Data istituzione</labelKey>
          <valoreKey>12/02/2015</valoreKey>
        </datoKey>
      </keyRecord>
      <datoRecord>
        <colonnaDato>dt_soppres</colonnaDato>
        <labelDato>Data soppressione</labelDato>
        <valoreDato>31/12/2444</valoreDato>
      </datoRecord>
      <recordChild>
        <tipoRecord>Campo per partizionamento</tipoRecord>
        <child>
          <idRecord>1010</idRecord>
          <keyRecord>
            <datoKey>
              <colonnaKey>ti_campo</colonnaKey>
              <labelKey>Tipo campo</labelKey>
              <valoreKey>SUB_STRUT</valoreKey>
            </datoKey>
            <datoKey>
              <colonnaKey>nm_campo</colonnaKey>
              <labelKey>Nome campo</labelKey>
              <valoreKey>SUB_STRUTTURA</valoreKey>
            </datoKey>
          </keyRecord>
          <datoRecord>
            <colonnaDato>nm_sub_strut</colonnaDato>
            <labelDato>Sottostruttura</labelDato>
            <valoreDato>DEFAULT</valoreDato>
          </datoRecord>
          <datoRecord>
            <colonnaDato>nm_attrib_dati_spec</colonnaDato>
            <labelDato>Dato specifico</labelDato>
            <valoreDato>null</valoreDato>
          </datoRecord>
        </child>
      </recordChild>
    </child>
    <child>
      <idRecord>2366</idRecord>
      <keyRecord>
        <datoKey>
          <colonnaKey>nm_tipo_doc</colonnaKey>
          <labelKey>Tipo documento principale</labelKey>
          <valoreKey>EMISSIONE_MANDATO</valoreKey>
        </datoKey>
        <datoKey>
          <colonnaKey>dt_istituz</colonnaKey>
          <labelKey>Data istituzione</labelKey>
          <valoreKey>12/02/2015</valoreKey>
        </datoKey>
      </keyRecord>
      <datoRecord>
        <colonnaDato>dt_soppres</colonnaDato>
        <labelDato>Data soppressione</labelDato>
        <valoreDato>31/12/2444</valoreDato>
      </datoRecord>
      <recordChild>
        <tipoRecord>Campo per partizionamento</tipoRecord>
        <child>
          <idRecord>1009</idRecord>
          <keyRecord>
            <datoKey>
              <colonnaKey>ti_campo</colonnaKey>
              <labelKey>Tipo campo</labelKey>
              <valoreKey>SUB_STRUT</valoreKey>
            </datoKey>
            <datoKey>
              <colonnaKey>nm_campo</colonnaKey>
              <labelKey>Nome campo</labelKey>
              <valoreKey>SUB_STRUTTURA</valoreKey>
            </datoKey>
          </keyRecord>
          <datoRecord>
            <colonnaDato>nm_sub_strut</colonnaDato>
            <labelDato>Sottostruttura</labelDato>
            <valoreDato>DEFAULT</valoreDato>
          </datoRecord>
          <datoRecord>
            <colonnaDato>nm_attrib_dati_spec</colonnaDato>
            <labelDato>Dato specifico</labelDato>
            <valoreDato>null</valoreDato>
          </datoRecord>
        </child>
      </recordChild>
    </child>
    <child>
      <idRecord>2365</idRecord>
      <keyRecord>
        <datoKey>
          <colonnaKey>nm_tipo_doc</colonnaKey>
          <labelKey>Tipo documento principale</labelKey>
          <valoreKey>EMISSIONE_MANDATO</valoreKey>
        </datoKey>
        <datoKey>
          <colonnaKey>dt_istituz</colonnaKey>
          <labelKey>Data istituzione</labelKey>
          <valoreKey>12/02/2015</valoreKey>
        </datoKey>
      </keyRecord>
      <datoRecord>
        <colonnaDato>dt_soppres</colonnaDato>
        <labelDato>Data soppressione</labelDato>
        <valoreDato>31/12/2444</valoreDato>
      </datoRecord>
      <recordChild>
        <tipoRecord>Campo per partizionamento</tipoRecord>
        <child>
          <idRecord>1008</idRecord>
          <keyRecord>
            <datoKey>
              <colonnaKey>ti_campo</colonnaKey>
              <labelKey>Tipo campo</labelKey>
              <valoreKey>SUB_STRUT</valoreKey>
            </datoKey>
            <datoKey>
              <colonnaKey>nm_campo</colonnaKey>
              <labelKey>Nome campo</labelKey>
              <valoreKey>SUB_STRUTTURA</valoreKey>
            </datoKey>
          </keyRecord>
          <datoRecord>
            <colonnaDato>nm_sub_strut</colonnaDato>
            <labelDato>Sottostruttura</labelDato>
            <valoreDato>DEFAULT</valoreDato>
          </datoRecord>
          <datoRecord>
            <colonnaDato>nm_attrib_dati_spec</colonnaDato>
            <labelDato>Dato specifico</labelDato>
            <valoreDato>null</valoreDato>
          </datoRecord>
        </child>
      </recordChild>
    </child>
    <child>
      <idRecord>2059</idRecord>
      <keyRecord>
        <datoKey>
          <colonnaKey>nm_tipo_doc</colonnaKey>
          <labelKey>Tipo documento principale</labelKey>
          <valoreKey>EMISSIONE_MANDATO</valoreKey>
        </datoKey>
        <datoKey>
          <colonnaKey>dt_istituz</colonnaKey>
          <labelKey>Data istituzione</labelKey>
          <valoreKey>12/02/2015</valoreKey>
        </datoKey>
      </keyRecord>
      <datoRecord>
        <colonnaDato>dt_soppres</colonnaDato>
        <labelDato>Data soppressione</labelDato>
        <valoreDato>31/12/2444</valoreDato>
      </datoRecord>
      <recordChild>
        <tipoRecord>Campo per partizionamento</tipoRecord>
        <child>
          <idRecord>702</idRecord>
          <keyRecord>
            <datoKey>
              <colonnaKey>ti_campo</colonnaKey>
              <labelKey>Tipo campo</labelKey>
              <valoreKey>SUB_STRUT</valoreKey>
            </datoKey>
            <datoKey>
              <colonnaKey>nm_campo</colonnaKey>
              <labelKey>Nome campo</labelKey>
              <valoreKey>SUB_STRUTTURA</valoreKey>
            </datoKey>
          </keyRecord>
          <datoRecord>
            <colonnaDato>nm_sub_strut</colonnaDato>
            <labelDato>Sottostruttura</labelDato>
            <valoreDato>DEFAULT</valoreDato>
          </datoRecord>
          <datoRecord>
            <colonnaDato>nm_attrib_dati_spec</colonnaDato>
            <labelDato>Dato specifico</labelDato>
            <valoreDato>null</valoreDato>
          </datoRecord>
        </child>
      </recordChild>
    </child>
    <child>
      <idRecord>2058</idRecord>
      <keyRecord>
        <datoKey>
          <colonnaKey>nm_tipo_doc</colonnaKey>
          <labelKey>Tipo documento principale</labelKey>
          <valoreKey>EMISSIONE_MANDATO</valoreKey>
        </datoKey>
        <datoKey>
          <colonnaKey>dt_istituz</colonnaKey>
          <labelKey>Data istituzione</labelKey>
          <valoreKey>12/02/2015</valoreKey>
        </datoKey>
      </keyRecord>
      <datoRecord>
        <colonnaDato>dt_soppres</colonnaDato>
        <labelDato>Data soppressione</labelDato>
        <valoreDato>31/12/2444</valoreDato>
      </datoRecord>
      <recordChild>
        <tipoRecord>Campo per partizionamento</tipoRecord>
        <child>
          <idRecord>701</idRecord>
          <keyRecord>
            <datoKey>
              <colonnaKey>ti_campo</colonnaKey>
              <labelKey>Tipo campo</labelKey>
              <valoreKey>SUB_STRUT</valoreKey>
            </datoKey>
            <datoKey>
              <colonnaKey>nm_campo</colonnaKey>
              <labelKey>Nome campo</labelKey>
              <valoreKey>SUB_STRUTTURA</valoreKey>
            </datoKey>
          </keyRecord>
          <datoRecord>
            <colonnaDato>nm_sub_strut</colonnaDato>
            <labelDato>Sottostruttura</labelDato>
            <valoreDato>DEFAULT</valoreDato>
          </datoRecord>
          <datoRecord>
            <colonnaDato>nm_attrib_dati_spec</colonnaDato>
            <labelDato>Dato specifico</labelDato>
            <valoreDato>null</valoreDato>
          </datoRecord>
        </child>
      </recordChild>
    </child>
    <child>
      <idRecord>2057</idRecord>
      <keyRecord>
        <datoKey>
          <colonnaKey>nm_tipo_doc</colonnaKey>
          <labelKey>Tipo documento principale</labelKey>
          <valoreKey>EMISSIONE_MANDATO</valoreKey>
        </datoKey>
        <datoKey>
          <colonnaKey>dt_istituz</colonnaKey>
          <labelKey>Data istituzione</labelKey>
          <valoreKey>12/02/2015</valoreKey>
        </datoKey>
      </keyRecord>
      <datoRecord>
        <colonnaDato>dt_soppres</colonnaDato>
        <labelDato>Data soppressione</labelDato>
        <valoreDato>31/12/2444</valoreDato>
      </datoRecord>
      <recordChild>
        <tipoRecord>Campo per partizionamento</tipoRecord>
        <child>
          <idRecord>700</idRecord>
          <keyRecord>
            <datoKey>
              <colonnaKey>ti_campo</colonnaKey>
              <labelKey>Tipo campo</labelKey>
              <valoreKey>SUB_STRUT</valoreKey>
            </datoKey>
            <datoKey>
              <colonnaKey>nm_campo</colonnaKey>
              <labelKey>Nome campo</labelKey>
              <valoreKey>SUB_STRUTTURA</valoreKey>
            </datoKey>
          </keyRecord>
          <datoRecord>
            <colonnaDato>nm_sub_strut</colonnaDato>
            <labelDato>Sottostruttura</labelDato>
            <valoreDato>DEFAULT</valoreDato>
          </datoRecord>
          <datoRecord>
            <colonnaDato>nm_attrib_dati_spec</colonnaDato>
            <labelDato>Dato specifico</labelDato>
            <valoreDato>null</valoreDato>
          </datoRecord>
        </child>
      </recordChild>
    </child>
    <child>
      <idRecord>2056</idRecord>
      <keyRecord>
        <datoKey>
          <colonnaKey>nm_tipo_doc</colonnaKey>
          <labelKey>Tipo documento principale</labelKey>
          <valoreKey>EMISSIONE_MANDATO</valoreKey>
        </datoKey>
        <datoKey>
          <colonnaKey>dt_istituz</colonnaKey>
          <labelKey>Data istituzione</labelKey>
          <valoreKey>12/02/2015</valoreKey>
        </datoKey>
      </keyRecord>
      <datoRecord>
        <colonnaDato>dt_soppres</colonnaDato>
        <labelDato>Data soppressione</labelDato>
        <valoreDato>31/12/2444</valoreDato>
      </datoRecord>
      <recordChild>
        <tipoRecord>Campo per partizionamento</tipoRecord>
        <child>
          <idRecord>699</idRecord>
          <keyRecord>
            <datoKey>
              <colonnaKey>ti_campo</colonnaKey>
              <labelKey>Tipo campo</labelKey>
              <valoreKey>SUB_STRUT</valoreKey>
            </datoKey>
            <datoKey>
              <colonnaKey>nm_campo</colonnaKey>
              <labelKey>Nome campo</labelKey>
              <valoreKey>SUB_STRUTTURA</valoreKey>
            </datoKey>
          </keyRecord>
          <datoRecord>
            <colonnaDato>nm_sub_strut</colonnaDato>
            <labelDato>Sottostruttura</labelDato>
            <valoreDato>DEFAULT</valoreDato>
          </datoRecord>
          <datoRecord>
            <colonnaDato>nm_attrib_dati_spec</colonnaDato>
            <labelDato>Dato specifico</labelDato>
            <valoreDato>null</valoreDato>
          </datoRecord>
        </child>
      </recordChild>
    </child>
    <child>
      <idRecord>2055</idRecord>
      <keyRecord>
        <datoKey>
          <colonnaKey>nm_tipo_doc</colonnaKey>
          <labelKey>Tipo documento principale</labelKey>
          <valoreKey>EMISSIONE_MANDATO</valoreKey>
        </datoKey>
        <datoKey>
          <colonnaKey>dt_istituz</colonnaKey>
          <labelKey>Data istituzione</labelKey>
          <valoreKey>12/02/2015</valoreKey>
        </datoKey>
      </keyRecord>
      <datoRecord>
        <colonnaDato>dt_soppres</colonnaDato>
        <labelDato>Data soppressione</labelDato>
        <valoreDato>31/12/2444</valoreDato>
      </datoRecord>
      <recordChild>
        <tipoRecord>Campo per partizionamento</tipoRecord>
        <child>
          <idRecord>698</idRecord>
          <keyRecord>
            <datoKey>
              <colonnaKey>ti_campo</colonnaKey>
              <labelKey>Tipo campo</labelKey>
              <valoreKey>SUB_STRUT</valoreKey>
            </datoKey>
            <datoKey>
              <colonnaKey>nm_campo</colonnaKey>
              <labelKey>Nome campo</labelKey>
              <valoreKey>SUB_STRUTTURA</valoreKey>
            </datoKey>
          </keyRecord>
          <datoRecord>
            <colonnaDato>nm_sub_strut</colonnaDato>
            <labelDato>Sottostruttura</labelDato>
            <valoreDato>DEFAULT</valoreDato>
          </datoRecord>
          <datoRecord>
            <colonnaDato>nm_attrib_dati_spec</colonnaDato>
            <labelDato>Dato specifico</labelDato>
            <valoreDato>null</valoreDato>
          </datoRecord>
        </child>
      </recordChild>
    </child>
    <child>
      <idRecord>2054</idRecord>
      <keyRecord>
        <datoKey>
          <colonnaKey>nm_tipo_doc</colonnaKey>
          <labelKey>Tipo documento principale</labelKey>
          <valoreKey>EMISSIONE_MANDATO</valoreKey>
        </datoKey>
        <datoKey>
          <colonnaKey>dt_istituz</colonnaKey>
          <labelKey>Data istituzione</labelKey>
          <valoreKey>12/02/2015</valoreKey>
        </datoKey>
      </keyRecord>
      <datoRecord>
        <colonnaDato>dt_soppres</colonnaDato>
        <labelDato>Data soppressione</labelDato>
        <valoreDato>31/12/2444</valoreDato>
      </datoRecord>
      <recordChild>
        <tipoRecord>Campo per partizionamento</tipoRecord>
        <child>
          <idRecord>697</idRecord>
          <keyRecord>
            <datoKey>
              <colonnaKey>ti_campo</colonnaKey>
              <labelKey>Tipo campo</labelKey>
              <valoreKey>SUB_STRUT</valoreKey>
            </datoKey>
            <datoKey>
              <colonnaKey>nm_campo</colonnaKey>
              <labelKey>Nome campo</labelKey>
              <valoreKey>SUB_STRUTTURA</valoreKey>
            </datoKey>
          </keyRecord>
          <datoRecord>
            <colonnaDato>nm_sub_strut</colonnaDato>
            <labelDato>Sottostruttura</labelDato>
            <valoreDato>DEFAULT</valoreDato>
          </datoRecord>
          <datoRecord>
            <colonnaDato>nm_attrib_dati_spec</colonnaDato>
            <labelDato>Dato specifico</labelDato>
            <valoreDato>null</valoreDato>
          </datoRecord>
        </child>
      </recordChild>
    </child>
    <child>
      <idRecord>2053</idRecord>
      <keyRecord>
        <datoKey>
          <colonnaKey>nm_tipo_doc</colonnaKey>
          <labelKey>Tipo documento principale</labelKey>
          <valoreKey>EMISSIONE_MANDATO</valoreKey>
        </datoKey>
        <datoKey>
          <colonnaKey>dt_istituz</colonnaKey>
          <labelKey>Data istituzione</labelKey>
          <valoreKey>12/02/2015</valoreKey>
        </datoKey>
      </keyRecord>
      <datoRecord>
        <colonnaDato>dt_soppres</colonnaDato>
        <labelDato>Data soppressione</labelDato>
        <valoreDato>31/12/2444</valoreDato>
      </datoRecord>
      <recordChild>
        <tipoRecord>Campo per partizionamento</tipoRecord>
        <child>
          <idRecord>696</idRecord>
          <keyRecord>
            <datoKey>
              <colonnaKey>ti_campo</colonnaKey>
              <labelKey>Tipo campo</labelKey>
              <valoreKey>SUB_STRUT</valoreKey>
            </datoKey>
            <datoKey>
              <colonnaKey>nm_campo</colonnaKey>
              <labelKey>Nome campo</labelKey>
              <valoreKey>SUB_STRUTTURA</valoreKey>
            </datoKey>
          </keyRecord>
          <datoRecord>
            <colonnaDato>nm_sub_strut</colonnaDato>
            <labelDato>Sottostruttura</labelDato>
            <valoreDato>DEFAULT</valoreDato>
          </datoRecord>
          <datoRecord>
            <colonnaDato>nm_attrib_dati_spec</colonnaDato>
            <labelDato>Dato specifico</labelDato>
            <valoreDato>null</valoreDato>
          </datoRecord>
        </child>
      </recordChild>
    </child>
    <child>
      <idRecord>2052</idRecord>
      <keyRecord>
        <datoKey>
          <colonnaKey>nm_tipo_doc</colonnaKey>
          <labelKey>Tipo documento principale</labelKey>
          <valoreKey>EMISSIONE_MANDATO</valoreKey>
        </datoKey>
        <datoKey>
          <colonnaKey>dt_istituz</colonnaKey>
          <labelKey>Data istituzione</labelKey>
          <valoreKey>12/02/2015</valoreKey>
        </datoKey>
      </keyRecord>
      <datoRecord>
        <colonnaDato>dt_soppres</colonnaDato>
        <labelDato>Data soppressione</labelDato>
        <valoreDato>31/12/2444</valoreDato>
      </datoRecord>
      <recordChild>
        <tipoRecord>Campo per partizionamento</tipoRecord>
        <child>
          <idRecord>695</idRecord>
          <keyRecord>
            <datoKey>
              <colonnaKey>ti_campo</colonnaKey>
              <labelKey>Tipo campo</labelKey>
              <valoreKey>SUB_STRUT</valoreKey>
            </datoKey>
            <datoKey>
              <colonnaKey>nm_campo</colonnaKey>
              <labelKey>Nome campo</labelKey>
              <valoreKey>SUB_STRUTTURA</valoreKey>
            </datoKey>
          </keyRecord>
          <datoRecord>
            <colonnaDato>nm_sub_strut</colonnaDato>
            <labelDato>Sottostruttura</labelDato>
            <valoreDato>DEFAULT</valoreDato>
          </datoRecord>
          <datoRecord>
            <colonnaDato>nm_attrib_dati_spec</colonnaDato>
            <labelDato>Dato specifico</labelDato>
            <valoreDato>null</valoreDato>
          </datoRecord>
        </child>
      </recordChild>
    </child>
    <child>
      <idRecord>2051</idRecord>
      <keyRecord>
        <datoKey>
          <colonnaKey>nm_tipo_doc</colonnaKey>
          <labelKey>Tipo documento principale</labelKey>
          <valoreKey>EMISSIONE_MANDATO</valoreKey>
        </datoKey>
        <datoKey>
          <colonnaKey>dt_istituz</colonnaKey>
          <labelKey>Data istituzione</labelKey>
          <valoreKey>12/02/2015</valoreKey>
        </datoKey>
      </keyRecord>
      <datoRecord>
        <colonnaDato>dt_soppres</colonnaDato>
        <labelDato>Data soppressione</labelDato>
        <valoreDato>31/12/2444</valoreDato>
      </datoRecord>
      <recordChild>
        <tipoRecord>Campo per partizionamento</tipoRecord>
        <child>
          <idRecord>694</idRecord>
          <keyRecord>
            <datoKey>
              <colonnaKey>ti_campo</colonnaKey>
              <labelKey>Tipo campo</labelKey>
              <valoreKey>SUB_STRUT</valoreKey>
            </datoKey>
            <datoKey>
              <colonnaKey>nm_campo</colonnaKey>
              <labelKey>Nome campo</labelKey>
              <valoreKey>SUB_STRUTTURA</valoreKey>
            </datoKey>
          </keyRecord>
          <datoRecord>
            <colonnaDato>nm_sub_strut</colonnaDato>
            <labelDato>Sottostruttura</labelDato>
            <valoreDato>DEFAULT</valoreDato>
          </datoRecord>
          <datoRecord>
            <colonnaDato>nm_attrib_dati_spec</colonnaDato>
            <labelDato>Dato specifico</labelDato>
            <valoreDato>null</valoreDato>
          </datoRecord>
        </child>
      </recordChild>
    </child>
    <child>
      <idRecord>2050</idRecord>
      <keyRecord>
        <datoKey>
          <colonnaKey>nm_tipo_doc</colonnaKey>
          <labelKey>Tipo documento principale</labelKey>
          <valoreKey>EMISSIONE_MANDATO</valoreKey>
        </datoKey>
        <datoKey>
          <colonnaKey>dt_istituz</colonnaKey>
          <labelKey>Data istituzione</labelKey>
          <valoreKey>12/02/2015</valoreKey>
        </datoKey>
      </keyRecord>
      <datoRecord>
        <colonnaDato>dt_soppres</colonnaDato>
        <labelDato>Data soppressione</labelDato>
        <valoreDato>31/12/2444</valoreDato>
      </datoRecord>
      <recordChild>
        <tipoRecord>Campo per partizionamento</tipoRecord>
        <child>
          <idRecord>693</idRecord>
          <keyRecord>
            <datoKey>
              <colonnaKey>ti_campo</colonnaKey>
              <labelKey>Tipo campo</labelKey>
              <valoreKey>SUB_STRUT</valoreKey>
            </datoKey>
            <datoKey>
              <colonnaKey>nm_campo</colonnaKey>
              <labelKey>Nome campo</labelKey>
              <valoreKey>SUB_STRUTTURA</valoreKey>
            </datoKey>
          </keyRecord>
          <datoRecord>
            <colonnaDato>nm_sub_strut</colonnaDato>
            <labelDato>Sottostruttura</labelDato>
            <valoreDato>DEFAULT</valoreDato>
          </datoRecord>
          <datoRecord>
            <colonnaDato>nm_attrib_dati_spec</colonnaDato>
            <labelDato>Dato specifico</labelDato>
            <valoreDato>null</valoreDato>
          </datoRecord>
        </child>
      </recordChild>
    </child>
    <child>
      <idRecord>2049</idRecord>
      <keyRecord>
        <datoKey>
          <colonnaKey>nm_tipo_doc</colonnaKey>
          <labelKey>Tipo documento principale</labelKey>
          <valoreKey>EMISSIONE_MANDATO</valoreKey>
        </datoKey>
        <datoKey>
          <colonnaKey>dt_istituz</colonnaKey>
          <labelKey>Data istituzione</labelKey>
          <valoreKey>12/02/2015</valoreKey>
        </datoKey>
      </keyRecord>
      <datoRecord>
        <colonnaDato>dt_soppres</colonnaDato>
        <labelDato>Data soppressione</labelDato>
        <valoreDato>31/12/2444</valoreDato>
      </datoRecord>
      <recordChild>
        <tipoRecord>Campo per partizionamento</tipoRecord>
        <child>
          <idRecord>692</idRecord>
          <keyRecord>
            <datoKey>
              <colonnaKey>ti_campo</colonnaKey>
              <labelKey>Tipo campo</labelKey>
              <valoreKey>SUB_STRUT</valoreKey>
            </datoKey>
            <datoKey>
              <colonnaKey>nm_campo</colonnaKey>
              <labelKey>Nome campo</labelKey>
              <valoreKey>SUB_STRUTTURA</valoreKey>
            </datoKey>
          </keyRecord>
          <datoRecord>
            <colonnaDato>nm_sub_strut</colonnaDato>
            <labelDato>Sottostruttura</labelDato>
            <valoreDato>DEFAULT</valoreDato>
          </datoRecord>
          <datoRecord>
            <colonnaDato>nm_attrib_dati_spec</colonnaDato>
            <labelDato>Dato specifico</labelDato>
            <valoreDato>null</valoreDato>
          </datoRecord>
        </child>
      </recordChild>
    </child>
    <child>
      <idRecord>2048</idRecord>
      <keyRecord>
        <datoKey>
          <colonnaKey>nm_tipo_doc</colonnaKey>
          <labelKey>Tipo documento principale</labelKey>
          <valoreKey>EMISSIONE_MANDATO</valoreKey>
        </datoKey>
        <datoKey>
          <colonnaKey>dt_istituz</colonnaKey>
          <labelKey>Data istituzione</labelKey>
          <valoreKey>12/02/2015</valoreKey>
        </datoKey>
      </keyRecord>
      <datoRecord>
        <colonnaDato>dt_soppres</colonnaDato>
        <labelDato>Data soppressione</labelDato>
        <valoreDato>31/12/2444</valoreDato>
      </datoRecord>
      <recordChild>
        <tipoRecord>Campo per partizionamento</tipoRecord>
        <child>
          <idRecord>691</idRecord>
          <keyRecord>
            <datoKey>
              <colonnaKey>ti_campo</colonnaKey>
              <labelKey>Tipo campo</labelKey>
              <valoreKey>SUB_STRUT</valoreKey>
            </datoKey>
            <datoKey>
              <colonnaKey>nm_campo</colonnaKey>
              <labelKey>Nome campo</labelKey>
              <valoreKey>SUB_STRUTTURA</valoreKey>
            </datoKey>
          </keyRecord>
          <datoRecord>
            <colonnaDato>nm_sub_strut</colonnaDato>
            <labelDato>Sottostruttura</labelDato>
            <valoreDato>DEFAULT</valoreDato>
          </datoRecord>
          <datoRecord>
            <colonnaDato>nm_attrib_dati_spec</colonnaDato>
            <labelDato>Dato specifico</labelDato>
            <valoreDato>null</valoreDato>
          </datoRecord>
        </child>
      </recordChild>
    </child>
    <child>
      <idRecord>2047</idRecord>
      <keyRecord>
        <datoKey>
          <colonnaKey>nm_tipo_doc</colonnaKey>
          <labelKey>Tipo documento principale</labelKey>
          <valoreKey>EMISSIONE_MANDATO</valoreKey>
        </datoKey>
        <datoKey>
          <colonnaKey>dt_istituz</colonnaKey>
          <labelKey>Data istituzione</labelKey>
          <valoreKey>12/02/2015</valoreKey>
        </datoKey>
      </keyRecord>
      <datoRecord>
        <colonnaDato>dt_soppres</colonnaDato>
        <labelDato>Data soppressione</labelDato>
        <valoreDato>31/12/2444</valoreDato>
      </datoRecord>
      <recordChild>
        <tipoRecord>Campo per partizionamento</tipoRecord>
        <child>
          <idRecord>690</idRecord>
          <keyRecord>
            <datoKey>
              <colonnaKey>ti_campo</colonnaKey>
              <labelKey>Tipo campo</labelKey>
              <valoreKey>SUB_STRUT</valoreKey>
            </datoKey>
            <datoKey>
              <colonnaKey>nm_campo</colonnaKey>
              <labelKey>Nome campo</labelKey>
              <valoreKey>SUB_STRUTTURA</valoreKey>
            </datoKey>
          </keyRecord>
          <datoRecord>
            <colonnaDato>nm_sub_strut</colonnaDato>
            <labelDato>Sottostruttura</labelDato>
            <valoreDato>DEFAULT</valoreDato>
          </datoRecord>
          <datoRecord>
            <colonnaDato>nm_attrib_dati_spec</colonnaDato>
            <labelDato>Dato specifico</labelDato>
            <valoreDato>null</valoreDato>
          </datoRecord>
        </child>
      </recordChild>
    </child>
    <child>
      <idRecord>2046</idRecord>
      <keyRecord>
        <datoKey>
          <colonnaKey>nm_tipo_doc</colonnaKey>
          <labelKey>Tipo documento principale</labelKey>
          <valoreKey>EMISSIONE_MANDATO</valoreKey>
        </datoKey>
        <datoKey>
          <colonnaKey>dt_istituz</colonnaKey>
          <labelKey>Data istituzione</labelKey>
          <valoreKey>12/02/2015</valoreKey>
        </datoKey>
      </keyRecord>
      <datoRecord>
        <colonnaDato>dt_soppres</colonnaDato>
        <labelDato>Data soppressione</labelDato>
        <valoreDato>31/12/2444</valoreDato>
      </datoRecord>
      <recordChild>
        <tipoRecord>Campo per partizionamento</tipoRecord>
        <child>
          <idRecord>689</idRecord>
          <keyRecord>
            <datoKey>
              <colonnaKey>ti_campo</colonnaKey>
              <labelKey>Tipo campo</labelKey>
              <valoreKey>SUB_STRUT</valoreKey>
            </datoKey>
            <datoKey>
              <colonnaKey>nm_campo</colonnaKey>
              <labelKey>Nome campo</labelKey>
              <valoreKey>SUB_STRUTTURA</valoreKey>
            </datoKey>
          </keyRecord>
          <datoRecord>
            <colonnaDato>nm_sub_strut</colonnaDato>
            <labelDato>Sottostruttura</labelDato>
            <valoreDato>DEFAULT</valoreDato>
          </datoRecord>
          <datoRecord>
            <colonnaDato>nm_attrib_dati_spec</colonnaDato>
            <labelDato>Dato specifico</labelDato>
            <valoreDato>null</valoreDato>
          </datoRecord>
        </child>
      </recordChild>
    </child>
    <child>
      <idRecord>929</idRecord>
      <keyRecord>
        <datoKey>
          <colonnaKey>nm_tipo_doc</colonnaKey>
          <labelKey>Tipo documento principale</labelKey>
          <valoreKey>EMISSIONE_REVERSALE</valoreKey>
        </datoKey>
        <datoKey>
          <colonnaKey>dt_istituz</colonnaKey>
          <labelKey>Data istituzione</labelKey>
          <valoreKey>19/01/2015</valoreKey>
        </datoKey>
      </keyRecord>
      <datoRecord>
        <colonnaDato>dt_soppres</colonnaDato>
        <labelDato>Data soppressione</labelDato>
        <valoreDato>31/12/2444</valoreDato>
      </datoRecord>
      <recordChild>
        <tipoRecord>Campo per partizionamento</tipoRecord>
        <child>
          <idRecord>609</idRecord>
          <keyRecord>
            <datoKey>
              <colonnaKey>ti_campo</colonnaKey>
              <labelKey>Tipo campo</labelKey>
              <valoreKey>SUB_STRUT</valoreKey>
            </datoKey>
            <datoKey>
              <colonnaKey>nm_campo</colonnaKey>
              <labelKey>Nome campo</labelKey>
              <valoreKey>SUB_STRUTTURA</valoreKey>
            </datoKey>
          </keyRecord>
          <datoRecord>
            <colonnaDato>nm_sub_strut</colonnaDato>
            <labelDato>Sottostruttura</labelDato>
            <valoreDato>DEFAULT</valoreDato>
          </datoRecord>
          <datoRecord>
            <colonnaDato>nm_attrib_dati_spec</colonnaDato>
            <labelDato>Dato specifico</labelDato>
            <valoreDato>null</valoreDato>
          </datoRecord>
        </child>
      </recordChild>
    </child>
    <child>
      <idRecord>9981</idRecord>
      <keyRecord>
        <datoKey>
          <colonnaKey>nm_tipo_doc</colonnaKey>
          <labelKey>Tipo documento principale</labelKey>
          <valoreKey>EMISSIONE_REVERSALE</valoreKey>
        </datoKey>
        <datoKey>
          <colonnaKey>dt_istituz</colonnaKey>
          <labelKey>Data istituzione</labelKey>
          <valoreKey>04/07/2016</valoreKey>
        </datoKey>
      </keyRecord>
      <datoRecord>
        <colonnaDato>dt_soppres</colonnaDato>
        <labelDato>Data soppressione</labelDato>
        <valoreDato>31/12/2444</valoreDato>
      </datoRecord>
      <recordChild>
        <tipoRecord>Campo per partizionamento</tipoRecord>
        <child>
          <idRecord>8301</idRecord>
          <keyRecord>
            <datoKey>
              <colonnaKey>ti_campo</colonnaKey>
              <labelKey>Tipo campo</labelKey>
              <valoreKey>SUB_STRUT</valoreKey>
            </datoKey>
            <datoKey>
              <colonnaKey>nm_campo</colonnaKey>
              <labelKey>Nome campo</labelKey>
              <valoreKey>SUB_STRUTTURA</valoreKey>
            </datoKey>
          </keyRecord>
          <datoRecord>
            <colonnaDato>nm_sub_strut</colonnaDato>
            <labelDato>Sottostruttura</labelDato>
            <valoreDato>DEFAULT</valoreDato>
          </datoRecord>
          <datoRecord>
            <colonnaDato>nm_attrib_dati_spec</colonnaDato>
            <labelDato>Dato specifico</labelDato>
            <valoreDato>null</valoreDato>
          </datoRecord>
        </child>
      </recordChild>
    </child>
    <child>
      <idRecord>1933</idRecord>
      <keyRecord>
        <datoKey>
          <colonnaKey>nm_tipo_doc</colonnaKey>
          <labelKey>Tipo documento principale</labelKey>
          <valoreKey>EMISSIONE_REVERSALE</valoreKey>
        </datoKey>
        <datoKey>
          <colonnaKey>dt_istituz</colonnaKey>
          <labelKey>Data istituzione</labelKey>
          <valoreKey>12/02/2015</valoreKey>
        </datoKey>
      </keyRecord>
      <datoRecord>
        <colonnaDato>dt_soppres</colonnaDato>
        <labelDato>Data soppressione</labelDato>
        <valoreDato>31/12/2444</valoreDato>
      </datoRecord>
      <recordChild>
        <tipoRecord>Campo per partizionamento</tipoRecord>
        <child>
          <idRecord>1244</idRecord>
          <keyRecord>
            <datoKey>
              <colonnaKey>ti_campo</colonnaKey>
              <labelKey>Tipo campo</labelKey>
              <valoreKey>SUB_STRUT</valoreKey>
            </datoKey>
            <datoKey>
              <colonnaKey>nm_campo</colonnaKey>
              <labelKey>Nome campo</labelKey>
              <valoreKey>SUB_STRUTTURA</valoreKey>
            </datoKey>
          </keyRecord>
          <datoRecord>
            <colonnaDato>nm_sub_strut</colonnaDato>
            <labelDato>Sottostruttura</labelDato>
            <valoreDato>DEFAULT</valoreDato>
          </datoRecord>
          <datoRecord>
            <colonnaDato>nm_attrib_dati_spec</colonnaDato>
            <labelDato>Dato specifico</labelDato>
            <valoreDato>null</valoreDato>
          </datoRecord>
        </child>
      </recordChild>
    </child>
    <child>
      <idRecord>1932</idRecord>
      <keyRecord>
        <datoKey>
          <colonnaKey>nm_tipo_doc</colonnaKey>
          <labelKey>Tipo documento principale</labelKey>
          <valoreKey>EMISSIONE_REVERSALE</valoreKey>
        </datoKey>
        <datoKey>
          <colonnaKey>dt_istituz</colonnaKey>
          <labelKey>Data istituzione</labelKey>
          <valoreKey>12/02/2015</valoreKey>
        </datoKey>
      </keyRecord>
      <datoRecord>
        <colonnaDato>dt_soppres</colonnaDato>
        <labelDato>Data soppressione</labelDato>
        <valoreDato>31/12/2444</valoreDato>
      </datoRecord>
      <recordChild>
        <tipoRecord>Campo per partizionamento</tipoRecord>
        <child>
          <idRecord>1243</idRecord>
          <keyRecord>
            <datoKey>
              <colonnaKey>ti_campo</colonnaKey>
              <labelKey>Tipo campo</labelKey>
              <valoreKey>SUB_STRUT</valoreKey>
            </datoKey>
            <datoKey>
              <colonnaKey>nm_campo</colonnaKey>
              <labelKey>Nome campo</labelKey>
              <valoreKey>SUB_STRUTTURA</valoreKey>
            </datoKey>
          </keyRecord>
          <datoRecord>
            <colonnaDato>nm_sub_strut</colonnaDato>
            <labelDato>Sottostruttura</labelDato>
            <valoreDato>DEFAULT</valoreDato>
          </datoRecord>
          <datoRecord>
            <colonnaDato>nm_attrib_dati_spec</colonnaDato>
            <labelDato>Dato specifico</labelDato>
            <valoreDato>null</valoreDato>
          </datoRecord>
        </child>
      </recordChild>
    </child>
    <child>
      <idRecord>1931</idRecord>
      <keyRecord>
        <datoKey>
          <colonnaKey>nm_tipo_doc</colonnaKey>
          <labelKey>Tipo documento principale</labelKey>
          <valoreKey>EMISSIONE_REVERSALE</valoreKey>
        </datoKey>
        <datoKey>
          <colonnaKey>dt_istituz</colonnaKey>
          <labelKey>Data istituzione</labelKey>
          <valoreKey>12/02/2015</valoreKey>
        </datoKey>
      </keyRecord>
      <datoRecord>
        <colonnaDato>dt_soppres</colonnaDato>
        <labelDato>Data soppressione</labelDato>
        <valoreDato>31/12/2444</valoreDato>
      </datoRecord>
      <recordChild>
        <tipoRecord>Campo per partizionamento</tipoRecord>
        <child>
          <idRecord>1242</idRecord>
          <keyRecord>
            <datoKey>
              <colonnaKey>ti_campo</colonnaKey>
              <labelKey>Tipo campo</labelKey>
              <valoreKey>SUB_STRUT</valoreKey>
            </datoKey>
            <datoKey>
              <colonnaKey>nm_campo</colonnaKey>
              <labelKey>Nome campo</labelKey>
              <valoreKey>SUB_STRUTTURA</valoreKey>
            </datoKey>
          </keyRecord>
          <datoRecord>
            <colonnaDato>nm_sub_strut</colonnaDato>
            <labelDato>Sottostruttura</labelDato>
            <valoreDato>DEFAULT</valoreDato>
          </datoRecord>
          <datoRecord>
            <colonnaDato>nm_attrib_dati_spec</colonnaDato>
            <labelDato>Dato specifico</labelDato>
            <valoreDato>null</valoreDato>
          </datoRecord>
        </child>
      </recordChild>
    </child>
    <child>
      <idRecord>495</idRecord>
      <keyRecord>
        <datoKey>
          <colonnaKey>nm_tipo_doc</colonnaKey>
          <labelKey>Tipo documento principale</labelKey>
          <valoreKey>EMISSIONE_REVERSALE</valoreKey>
        </datoKey>
        <datoKey>
          <colonnaKey>dt_istituz</colonnaKey>
          <labelKey>Data istituzione</labelKey>
          <valoreKey>10/11/2014</valoreKey>
        </datoKey>
      </keyRecord>
      <datoRecord>
        <colonnaDato>dt_soppres</colonnaDato>
        <labelDato>Data soppressione</labelDato>
        <valoreDato>31/12/2444</valoreDato>
      </datoRecord>
      <recordChild>
        <tipoRecord>Campo per partizionamento</tipoRecord>
        <child>
          <idRecord>239</idRecord>
          <keyRecord>
            <datoKey>
              <colonnaKey>ti_campo</colonnaKey>
              <labelKey>Tipo campo</labelKey>
              <valoreKey>SUB_STRUT</valoreKey>
            </datoKey>
            <datoKey>
              <colonnaKey>nm_campo</colonnaKey>
              <labelKey>Nome campo</labelKey>
              <valoreKey>SUB_STRUTTURA</valoreKey>
            </datoKey>
          </keyRecord>
          <datoRecord>
            <colonnaDato>nm_sub_strut</colonnaDato>
            <labelDato>Sottostruttura</labelDato>
            <valoreDato>DEFAULT</valoreDato>
          </datoRecord>
          <datoRecord>
            <colonnaDato>nm_attrib_dati_spec</colonnaDato>
            <labelDato>Dato specifico</labelDato>
            <valoreDato>null</valoreDato>
          </datoRecord>
        </child>
      </recordChild>
    </child>
    <child>
      <idRecord>486</idRecord>
      <keyRecord>
        <datoKey>
          <colonnaKey>nm_tipo_doc</colonnaKey>
          <labelKey>Tipo documento principale</labelKey>
          <valoreKey>EMISSIONE_REVERSALE</valoreKey>
        </datoKey>
        <datoKey>
          <colonnaKey>dt_istituz</colonnaKey>
          <labelKey>Data istituzione</labelKey>
          <valoreKey>10/11/2014</valoreKey>
        </datoKey>
      </keyRecord>
      <datoRecord>
        <colonnaDato>dt_soppres</colonnaDato>
        <labelDato>Data soppressione</labelDato>
        <valoreDato>31/12/2444</valoreDato>
      </datoRecord>
      <recordChild>
        <tipoRecord>Campo per partizionamento</tipoRecord>
        <child>
          <idRecord>230</idRecord>
          <keyRecord>
            <datoKey>
              <colonnaKey>ti_campo</colonnaKey>
              <labelKey>Tipo campo</labelKey>
              <valoreKey>SUB_STRUT</valoreKey>
            </datoKey>
            <datoKey>
              <colonnaKey>nm_campo</colonnaKey>
              <labelKey>Nome campo</labelKey>
              <valoreKey>SUB_STRUTTURA</valoreKey>
            </datoKey>
          </keyRecord>
          <datoRecord>
            <colonnaDato>nm_sub_strut</colonnaDato>
            <labelDato>Sottostruttura</labelDato>
            <valoreDato>DEFAULT</valoreDato>
          </datoRecord>
          <datoRecord>
            <colonnaDato>nm_attrib_dati_spec</colonnaDato>
            <labelDato>Dato specifico</labelDato>
            <valoreDato>null</valoreDato>
          </datoRecord>
        </child>
      </recordChild>
    </child>
    <child>
      <idRecord>2376</idRecord>
      <keyRecord>
        <datoKey>
          <colonnaKey>nm_tipo_doc</colonnaKey>
          <labelKey>Tipo documento principale</labelKey>
          <valoreKey>EMISSIONE_REVERSALE</valoreKey>
        </datoKey>
        <datoKey>
          <colonnaKey>dt_istituz</colonnaKey>
          <labelKey>Data istituzione</labelKey>
          <valoreKey>12/02/2015</valoreKey>
        </datoKey>
      </keyRecord>
      <datoRecord>
        <colonnaDato>dt_soppres</colonnaDato>
        <labelDato>Data soppressione</labelDato>
        <valoreDato>31/12/2444</valoreDato>
      </datoRecord>
      <recordChild>
        <tipoRecord>Campo per partizionamento</tipoRecord>
        <child>
          <idRecord>1019</idRecord>
          <keyRecord>
            <datoKey>
              <colonnaKey>ti_campo</colonnaKey>
              <labelKey>Tipo campo</labelKey>
              <valoreKey>SUB_STRUT</valoreKey>
            </datoKey>
            <datoKey>
              <colonnaKey>nm_campo</colonnaKey>
              <labelKey>Nome campo</labelKey>
              <valoreKey>SUB_STRUTTURA</valoreKey>
            </datoKey>
          </keyRecord>
          <datoRecord>
            <colonnaDato>nm_sub_strut</colonnaDato>
            <labelDato>Sottostruttura</labelDato>
            <valoreDato>DEFAULT</valoreDato>
          </datoRecord>
          <datoRecord>
            <colonnaDato>nm_attrib_dati_spec</colonnaDato>
            <labelDato>Dato specifico</labelDato>
            <valoreDato>null</valoreDato>
          </datoRecord>
        </child>
      </recordChild>
    </child>
    <child>
      <idRecord>2375</idRecord>
      <keyRecord>
        <datoKey>
          <colonnaKey>nm_tipo_doc</colonnaKey>
          <labelKey>Tipo documento principale</labelKey>
          <valoreKey>EMISSIONE_REVERSALE</valoreKey>
        </datoKey>
        <datoKey>
          <colonnaKey>dt_istituz</colonnaKey>
          <labelKey>Data istituzione</labelKey>
          <valoreKey>12/02/2015</valoreKey>
        </datoKey>
      </keyRecord>
      <datoRecord>
        <colonnaDato>dt_soppres</colonnaDato>
        <labelDato>Data soppressione</labelDato>
        <valoreDato>31/12/2444</valoreDato>
      </datoRecord>
      <recordChild>
        <tipoRecord>Campo per partizionamento</tipoRecord>
        <child>
          <idRecord>1018</idRecord>
          <keyRecord>
            <datoKey>
              <colonnaKey>ti_campo</colonnaKey>
              <labelKey>Tipo campo</labelKey>
              <valoreKey>SUB_STRUT</valoreKey>
            </datoKey>
            <datoKey>
              <colonnaKey>nm_campo</colonnaKey>
              <labelKey>Nome campo</labelKey>
              <valoreKey>SUB_STRUTTURA</valoreKey>
            </datoKey>
          </keyRecord>
          <datoRecord>
            <colonnaDato>nm_sub_strut</colonnaDato>
            <labelDato>Sottostruttura</labelDato>
            <valoreDato>DEFAULT</valoreDato>
          </datoRecord>
          <datoRecord>
            <colonnaDato>nm_attrib_dati_spec</colonnaDato>
            <labelDato>Dato specifico</labelDato>
            <valoreDato>null</valoreDato>
          </datoRecord>
        </child>
      </recordChild>
    </child>
    <child>
      <idRecord>2374</idRecord>
      <keyRecord>
        <datoKey>
          <colonnaKey>nm_tipo_doc</colonnaKey>
          <labelKey>Tipo documento principale</labelKey>
          <valoreKey>EMISSIONE_REVERSALE</valoreKey>
        </datoKey>
        <datoKey>
          <colonnaKey>dt_istituz</colonnaKey>
          <labelKey>Data istituzione</labelKey>
          <valoreKey>12/02/2015</valoreKey>
        </datoKey>
      </keyRecord>
      <datoRecord>
        <colonnaDato>dt_soppres</colonnaDato>
        <labelDato>Data soppressione</labelDato>
        <valoreDato>31/12/2444</valoreDato>
      </datoRecord>
      <recordChild>
        <tipoRecord>Campo per partizionamento</tipoRecord>
        <child>
          <idRecord>1017</idRecord>
          <keyRecord>
            <datoKey>
              <colonnaKey>ti_campo</colonnaKey>
              <labelKey>Tipo campo</labelKey>
              <valoreKey>SUB_STRUT</valoreKey>
            </datoKey>
            <datoKey>
              <colonnaKey>nm_campo</colonnaKey>
              <labelKey>Nome campo</labelKey>
              <valoreKey>SUB_STRUTTURA</valoreKey>
            </datoKey>
          </keyRecord>
          <datoRecord>
            <colonnaDato>nm_sub_strut</colonnaDato>
            <labelDato>Sottostruttura</labelDato>
            <valoreDato>DEFAULT</valoreDato>
          </datoRecord>
          <datoRecord>
            <colonnaDato>nm_attrib_dati_spec</colonnaDato>
            <labelDato>Dato specifico</labelDato>
            <valoreDato>null</valoreDato>
          </datoRecord>
        </child>
      </recordChild>
    </child>
    <child>
      <idRecord>2373</idRecord>
      <keyRecord>
        <datoKey>
          <colonnaKey>nm_tipo_doc</colonnaKey>
          <labelKey>Tipo documento principale</labelKey>
          <valoreKey>EMISSIONE_REVERSALE</valoreKey>
        </datoKey>
        <datoKey>
          <colonnaKey>dt_istituz</colonnaKey>
          <labelKey>Data istituzione</labelKey>
          <valoreKey>12/02/2015</valoreKey>
        </datoKey>
      </keyRecord>
      <datoRecord>
        <colonnaDato>dt_soppres</colonnaDato>
        <labelDato>Data soppressione</labelDato>
        <valoreDato>31/12/2444</valoreDato>
      </datoRecord>
      <recordChild>
        <tipoRecord>Campo per partizionamento</tipoRecord>
        <child>
          <idRecord>1016</idRecord>
          <keyRecord>
            <datoKey>
              <colonnaKey>ti_campo</colonnaKey>
              <labelKey>Tipo campo</labelKey>
              <valoreKey>SUB_STRUT</valoreKey>
            </datoKey>
            <datoKey>
              <colonnaKey>nm_campo</colonnaKey>
              <labelKey>Nome campo</labelKey>
              <valoreKey>SUB_STRUTTURA</valoreKey>
            </datoKey>
          </keyRecord>
          <datoRecord>
            <colonnaDato>nm_sub_strut</colonnaDato>
            <labelDato>Sottostruttura</labelDato>
            <valoreDato>DEFAULT</valoreDato>
          </datoRecord>
          <datoRecord>
            <colonnaDato>nm_attrib_dati_spec</colonnaDato>
            <labelDato>Dato specifico</labelDato>
            <valoreDato>null</valoreDato>
          </datoRecord>
        </child>
      </recordChild>
    </child>
    <child>
      <idRecord>2073</idRecord>
      <keyRecord>
        <datoKey>
          <colonnaKey>nm_tipo_doc</colonnaKey>
          <labelKey>Tipo documento principale</labelKey>
          <valoreKey>EMISSIONE_REVERSALE</valoreKey>
        </datoKey>
        <datoKey>
          <colonnaKey>dt_istituz</colonnaKey>
          <labelKey>Data istituzione</labelKey>
          <valoreKey>12/02/2015</valoreKey>
        </datoKey>
      </keyRecord>
      <datoRecord>
        <colonnaDato>dt_soppres</colonnaDato>
        <labelDato>Data soppressione</labelDato>
        <valoreDato>31/12/2444</valoreDato>
      </datoRecord>
      <recordChild>
        <tipoRecord>Campo per partizionamento</tipoRecord>
        <child>
          <idRecord>716</idRecord>
          <keyRecord>
            <datoKey>
              <colonnaKey>ti_campo</colonnaKey>
              <labelKey>Tipo campo</labelKey>
              <valoreKey>SUB_STRUT</valoreKey>
            </datoKey>
            <datoKey>
              <colonnaKey>nm_campo</colonnaKey>
              <labelKey>Nome campo</labelKey>
              <valoreKey>SUB_STRUTTURA</valoreKey>
            </datoKey>
          </keyRecord>
          <datoRecord>
            <colonnaDato>nm_sub_strut</colonnaDato>
            <labelDato>Sottostruttura</labelDato>
            <valoreDato>DEFAULT</valoreDato>
          </datoRecord>
          <datoRecord>
            <colonnaDato>nm_attrib_dati_spec</colonnaDato>
            <labelDato>Dato specifico</labelDato>
            <valoreDato>null</valoreDato>
          </datoRecord>
        </child>
      </recordChild>
    </child>
    <child>
      <idRecord>2072</idRecord>
      <keyRecord>
        <datoKey>
          <colonnaKey>nm_tipo_doc</colonnaKey>
          <labelKey>Tipo documento principale</labelKey>
          <valoreKey>EMISSIONE_REVERSALE</valoreKey>
        </datoKey>
        <datoKey>
          <colonnaKey>dt_istituz</colonnaKey>
          <labelKey>Data istituzione</labelKey>
          <valoreKey>12/02/2015</valoreKey>
        </datoKey>
      </keyRecord>
      <datoRecord>
        <colonnaDato>dt_soppres</colonnaDato>
        <labelDato>Data soppressione</labelDato>
        <valoreDato>31/12/2444</valoreDato>
      </datoRecord>
      <recordChild>
        <tipoRecord>Campo per partizionamento</tipoRecord>
        <child>
          <idRecord>715</idRecord>
          <keyRecord>
            <datoKey>
              <colonnaKey>ti_campo</colonnaKey>
              <labelKey>Tipo campo</labelKey>
              <valoreKey>SUB_STRUT</valoreKey>
            </datoKey>
            <datoKey>
              <colonnaKey>nm_campo</colonnaKey>
              <labelKey>Nome campo</labelKey>
              <valoreKey>SUB_STRUTTURA</valoreKey>
            </datoKey>
          </keyRecord>
          <datoRecord>
            <colonnaDato>nm_sub_strut</colonnaDato>
            <labelDato>Sottostruttura</labelDato>
            <valoreDato>DEFAULT</valoreDato>
          </datoRecord>
          <datoRecord>
            <colonnaDato>nm_attrib_dati_spec</colonnaDato>
            <labelDato>Dato specifico</labelDato>
            <valoreDato>null</valoreDato>
          </datoRecord>
        </child>
      </recordChild>
    </child>
    <child>
      <idRecord>2071</idRecord>
      <keyRecord>
        <datoKey>
          <colonnaKey>nm_tipo_doc</colonnaKey>
          <labelKey>Tipo documento principale</labelKey>
          <valoreKey>EMISSIONE_REVERSALE</valoreKey>
        </datoKey>
        <datoKey>
          <colonnaKey>dt_istituz</colonnaKey>
          <labelKey>Data istituzione</labelKey>
          <valoreKey>12/02/2015</valoreKey>
        </datoKey>
      </keyRecord>
      <datoRecord>
        <colonnaDato>dt_soppres</colonnaDato>
        <labelDato>Data soppressione</labelDato>
        <valoreDato>31/12/2444</valoreDato>
      </datoRecord>
      <recordChild>
        <tipoRecord>Campo per partizionamento</tipoRecord>
        <child>
          <idRecord>714</idRecord>
          <keyRecord>
            <datoKey>
              <colonnaKey>ti_campo</colonnaKey>
              <labelKey>Tipo campo</labelKey>
              <valoreKey>SUB_STRUT</valoreKey>
            </datoKey>
            <datoKey>
              <colonnaKey>nm_campo</colonnaKey>
              <labelKey>Nome campo</labelKey>
              <valoreKey>SUB_STRUTTURA</valoreKey>
            </datoKey>
          </keyRecord>
          <datoRecord>
            <colonnaDato>nm_sub_strut</colonnaDato>
            <labelDato>Sottostruttura</labelDato>
            <valoreDato>DEFAULT</valoreDato>
          </datoRecord>
          <datoRecord>
            <colonnaDato>nm_attrib_dati_spec</colonnaDato>
            <labelDato>Dato specifico</labelDato>
            <valoreDato>null</valoreDato>
          </datoRecord>
        </child>
      </recordChild>
    </child>
    <child>
      <idRecord>2070</idRecord>
      <keyRecord>
        <datoKey>
          <colonnaKey>nm_tipo_doc</colonnaKey>
          <labelKey>Tipo documento principale</labelKey>
          <valoreKey>EMISSIONE_REVERSALE</valoreKey>
        </datoKey>
        <datoKey>
          <colonnaKey>dt_istituz</colonnaKey>
          <labelKey>Data istituzione</labelKey>
          <valoreKey>12/02/2015</valoreKey>
        </datoKey>
      </keyRecord>
      <datoRecord>
        <colonnaDato>dt_soppres</colonnaDato>
        <labelDato>Data soppressione</labelDato>
        <valoreDato>31/12/2444</valoreDato>
      </datoRecord>
      <recordChild>
        <tipoRecord>Campo per partizionamento</tipoRecord>
        <child>
          <idRecord>713</idRecord>
          <keyRecord>
            <datoKey>
              <colonnaKey>ti_campo</colonnaKey>
              <labelKey>Tipo campo</labelKey>
              <valoreKey>SUB_STRUT</valoreKey>
            </datoKey>
            <datoKey>
              <colonnaKey>nm_campo</colonnaKey>
              <labelKey>Nome campo</labelKey>
              <valoreKey>SUB_STRUTTURA</valoreKey>
            </datoKey>
          </keyRecord>
          <datoRecord>
            <colonnaDato>nm_sub_strut</colonnaDato>
            <labelDato>Sottostruttura</labelDato>
            <valoreDato>DEFAULT</valoreDato>
          </datoRecord>
          <datoRecord>
            <colonnaDato>nm_attrib_dati_spec</colonnaDato>
            <labelDato>Dato specifico</labelDato>
            <valoreDato>null</valoreDato>
          </datoRecord>
        </child>
      </recordChild>
    </child>
    <child>
      <idRecord>2069</idRecord>
      <keyRecord>
        <datoKey>
          <colonnaKey>nm_tipo_doc</colonnaKey>
          <labelKey>Tipo documento principale</labelKey>
          <valoreKey>EMISSIONE_REVERSALE</valoreKey>
        </datoKey>
        <datoKey>
          <colonnaKey>dt_istituz</colonnaKey>
          <labelKey>Data istituzione</labelKey>
          <valoreKey>12/02/2015</valoreKey>
        </datoKey>
      </keyRecord>
      <datoRecord>
        <colonnaDato>dt_soppres</colonnaDato>
        <labelDato>Data soppressione</labelDato>
        <valoreDato>31/12/2444</valoreDato>
      </datoRecord>
      <recordChild>
        <tipoRecord>Campo per partizionamento</tipoRecord>
        <child>
          <idRecord>712</idRecord>
          <keyRecord>
            <datoKey>
              <colonnaKey>ti_campo</colonnaKey>
              <labelKey>Tipo campo</labelKey>
              <valoreKey>SUB_STRUT</valoreKey>
            </datoKey>
            <datoKey>
              <colonnaKey>nm_campo</colonnaKey>
              <labelKey>Nome campo</labelKey>
              <valoreKey>SUB_STRUTTURA</valoreKey>
            </datoKey>
          </keyRecord>
          <datoRecord>
            <colonnaDato>nm_sub_strut</colonnaDato>
            <labelDato>Sottostruttura</labelDato>
            <valoreDato>DEFAULT</valoreDato>
          </datoRecord>
          <datoRecord>
            <colonnaDato>nm_attrib_dati_spec</colonnaDato>
            <labelDato>Dato specifico</labelDato>
            <valoreDato>null</valoreDato>
          </datoRecord>
        </child>
      </recordChild>
    </child>
    <child>
      <idRecord>2068</idRecord>
      <keyRecord>
        <datoKey>
          <colonnaKey>nm_tipo_doc</colonnaKey>
          <labelKey>Tipo documento principale</labelKey>
          <valoreKey>EMISSIONE_REVERSALE</valoreKey>
        </datoKey>
        <datoKey>
          <colonnaKey>dt_istituz</colonnaKey>
          <labelKey>Data istituzione</labelKey>
          <valoreKey>12/02/2015</valoreKey>
        </datoKey>
      </keyRecord>
      <datoRecord>
        <colonnaDato>dt_soppres</colonnaDato>
        <labelDato>Data soppressione</labelDato>
        <valoreDato>31/12/2444</valoreDato>
      </datoRecord>
      <recordChild>
        <tipoRecord>Campo per partizionamento</tipoRecord>
        <child>
          <idRecord>711</idRecord>
          <keyRecord>
            <datoKey>
              <colonnaKey>ti_campo</colonnaKey>
              <labelKey>Tipo campo</labelKey>
              <valoreKey>SUB_STRUT</valoreKey>
            </datoKey>
            <datoKey>
              <colonnaKey>nm_campo</colonnaKey>
              <labelKey>Nome campo</labelKey>
              <valoreKey>SUB_STRUTTURA</valoreKey>
            </datoKey>
          </keyRecord>
          <datoRecord>
            <colonnaDato>nm_sub_strut</colonnaDato>
            <labelDato>Sottostruttura</labelDato>
            <valoreDato>DEFAULT</valoreDato>
          </datoRecord>
          <datoRecord>
            <colonnaDato>nm_attrib_dati_spec</colonnaDato>
            <labelDato>Dato specifico</labelDato>
            <valoreDato>null</valoreDato>
          </datoRecord>
        </child>
      </recordChild>
    </child>
    <child>
      <idRecord>2067</idRecord>
      <keyRecord>
        <datoKey>
          <colonnaKey>nm_tipo_doc</colonnaKey>
          <labelKey>Tipo documento principale</labelKey>
          <valoreKey>EMISSIONE_REVERSALE</valoreKey>
        </datoKey>
        <datoKey>
          <colonnaKey>dt_istituz</colonnaKey>
          <labelKey>Data istituzione</labelKey>
          <valoreKey>12/02/2015</valoreKey>
        </datoKey>
      </keyRecord>
      <datoRecord>
        <colonnaDato>dt_soppres</colonnaDato>
        <labelDato>Data soppressione</labelDato>
        <valoreDato>31/12/2444</valoreDato>
      </datoRecord>
      <recordChild>
        <tipoRecord>Campo per partizionamento</tipoRecord>
        <child>
          <idRecord>710</idRecord>
          <keyRecord>
            <datoKey>
              <colonnaKey>ti_campo</colonnaKey>
              <labelKey>Tipo campo</labelKey>
              <valoreKey>SUB_STRUT</valoreKey>
            </datoKey>
            <datoKey>
              <colonnaKey>nm_campo</colonnaKey>
              <labelKey>Nome campo</labelKey>
              <valoreKey>SUB_STRUTTURA</valoreKey>
            </datoKey>
          </keyRecord>
          <datoRecord>
            <colonnaDato>nm_sub_strut</colonnaDato>
            <labelDato>Sottostruttura</labelDato>
            <valoreDato>DEFAULT</valoreDato>
          </datoRecord>
          <datoRecord>
            <colonnaDato>nm_attrib_dati_spec</colonnaDato>
            <labelDato>Dato specifico</labelDato>
            <valoreDato>null</valoreDato>
          </datoRecord>
        </child>
      </recordChild>
    </child>
    <child>
      <idRecord>2066</idRecord>
      <keyRecord>
        <datoKey>
          <colonnaKey>nm_tipo_doc</colonnaKey>
          <labelKey>Tipo documento principale</labelKey>
          <valoreKey>EMISSIONE_REVERSALE</valoreKey>
        </datoKey>
        <datoKey>
          <colonnaKey>dt_istituz</colonnaKey>
          <labelKey>Data istituzione</labelKey>
          <valoreKey>12/02/2015</valoreKey>
        </datoKey>
      </keyRecord>
      <datoRecord>
        <colonnaDato>dt_soppres</colonnaDato>
        <labelDato>Data soppressione</labelDato>
        <valoreDato>31/12/2444</valoreDato>
      </datoRecord>
      <recordChild>
        <tipoRecord>Campo per partizionamento</tipoRecord>
        <child>
          <idRecord>709</idRecord>
          <keyRecord>
            <datoKey>
              <colonnaKey>ti_campo</colonnaKey>
              <labelKey>Tipo campo</labelKey>
              <valoreKey>SUB_STRUT</valoreKey>
            </datoKey>
            <datoKey>
              <colonnaKey>nm_campo</colonnaKey>
              <labelKey>Nome campo</labelKey>
              <valoreKey>SUB_STRUTTURA</valoreKey>
            </datoKey>
          </keyRecord>
          <datoRecord>
            <colonnaDato>nm_sub_strut</colonnaDato>
            <labelDato>Sottostruttura</labelDato>
            <valoreDato>DEFAULT</valoreDato>
          </datoRecord>
          <datoRecord>
            <colonnaDato>nm_attrib_dati_spec</colonnaDato>
            <labelDato>Dato specifico</labelDato>
            <valoreDato>null</valoreDato>
          </datoRecord>
        </child>
      </recordChild>
    </child>
    <child>
      <idRecord>2065</idRecord>
      <keyRecord>
        <datoKey>
          <colonnaKey>nm_tipo_doc</colonnaKey>
          <labelKey>Tipo documento principale</labelKey>
          <valoreKey>EMISSIONE_REVERSALE</valoreKey>
        </datoKey>
        <datoKey>
          <colonnaKey>dt_istituz</colonnaKey>
          <labelKey>Data istituzione</labelKey>
          <valoreKey>12/02/2015</valoreKey>
        </datoKey>
      </keyRecord>
      <datoRecord>
        <colonnaDato>dt_soppres</colonnaDato>
        <labelDato>Data soppressione</labelDato>
        <valoreDato>31/12/2444</valoreDato>
      </datoRecord>
      <recordChild>
        <tipoRecord>Campo per partizionamento</tipoRecord>
        <child>
          <idRecord>708</idRecord>
          <keyRecord>
            <datoKey>
              <colonnaKey>ti_campo</colonnaKey>
              <labelKey>Tipo campo</labelKey>
              <valoreKey>SUB_STRUT</valoreKey>
            </datoKey>
            <datoKey>
              <colonnaKey>nm_campo</colonnaKey>
              <labelKey>Nome campo</labelKey>
              <valoreKey>SUB_STRUTTURA</valoreKey>
            </datoKey>
          </keyRecord>
          <datoRecord>
            <colonnaDato>nm_sub_strut</colonnaDato>
            <labelDato>Sottostruttura</labelDato>
            <valoreDato>DEFAULT</valoreDato>
          </datoRecord>
          <datoRecord>
            <colonnaDato>nm_attrib_dati_spec</colonnaDato>
            <labelDato>Dato specifico</labelDato>
            <valoreDato>null</valoreDato>
          </datoRecord>
        </child>
      </recordChild>
    </child>
    <child>
      <idRecord>2064</idRecord>
      <keyRecord>
        <datoKey>
          <colonnaKey>nm_tipo_doc</colonnaKey>
          <labelKey>Tipo documento principale</labelKey>
          <valoreKey>EMISSIONE_REVERSALE</valoreKey>
        </datoKey>
        <datoKey>
          <colonnaKey>dt_istituz</colonnaKey>
          <labelKey>Data istituzione</labelKey>
          <valoreKey>12/02/2015</valoreKey>
        </datoKey>
      </keyRecord>
      <datoRecord>
        <colonnaDato>dt_soppres</colonnaDato>
        <labelDato>Data soppressione</labelDato>
        <valoreDato>31/12/2444</valoreDato>
      </datoRecord>
      <recordChild>
        <tipoRecord>Campo per partizionamento</tipoRecord>
        <child>
          <idRecord>707</idRecord>
          <keyRecord>
            <datoKey>
              <colonnaKey>ti_campo</colonnaKey>
              <labelKey>Tipo campo</labelKey>
              <valoreKey>SUB_STRUT</valoreKey>
            </datoKey>
            <datoKey>
              <colonnaKey>nm_campo</colonnaKey>
              <labelKey>Nome campo</labelKey>
              <valoreKey>SUB_STRUTTURA</valoreKey>
            </datoKey>
          </keyRecord>
          <datoRecord>
            <colonnaDato>nm_sub_strut</colonnaDato>
            <labelDato>Sottostruttura</labelDato>
            <valoreDato>DEFAULT</valoreDato>
          </datoRecord>
          <datoRecord>
            <colonnaDato>nm_attrib_dati_spec</colonnaDato>
            <labelDato>Dato specifico</labelDato>
            <valoreDato>null</valoreDato>
          </datoRecord>
        </child>
      </recordChild>
    </child>
    <child>
      <idRecord>2063</idRecord>
      <keyRecord>
        <datoKey>
          <colonnaKey>nm_tipo_doc</colonnaKey>
          <labelKey>Tipo documento principale</labelKey>
          <valoreKey>EMISSIONE_REVERSALE</valoreKey>
        </datoKey>
        <datoKey>
          <colonnaKey>dt_istituz</colonnaKey>
          <labelKey>Data istituzione</labelKey>
          <valoreKey>12/02/2015</valoreKey>
        </datoKey>
      </keyRecord>
      <datoRecord>
        <colonnaDato>dt_soppres</colonnaDato>
        <labelDato>Data soppressione</labelDato>
        <valoreDato>31/12/2444</valoreDato>
      </datoRecord>
      <recordChild>
        <tipoRecord>Campo per partizionamento</tipoRecord>
        <child>
          <idRecord>706</idRecord>
          <keyRecord>
            <datoKey>
              <colonnaKey>ti_campo</colonnaKey>
              <labelKey>Tipo campo</labelKey>
              <valoreKey>SUB_STRUT</valoreKey>
            </datoKey>
            <datoKey>
              <colonnaKey>nm_campo</colonnaKey>
              <labelKey>Nome campo</labelKey>
              <valoreKey>SUB_STRUTTURA</valoreKey>
            </datoKey>
          </keyRecord>
          <datoRecord>
            <colonnaDato>nm_sub_strut</colonnaDato>
            <labelDato>Sottostruttura</labelDato>
            <valoreDato>DEFAULT</valoreDato>
          </datoRecord>
          <datoRecord>
            <colonnaDato>nm_attrib_dati_spec</colonnaDato>
            <labelDato>Dato specifico</labelDato>
            <valoreDato>null</valoreDato>
          </datoRecord>
        </child>
      </recordChild>
    </child>
    <child>
      <idRecord>2062</idRecord>
      <keyRecord>
        <datoKey>
          <colonnaKey>nm_tipo_doc</colonnaKey>
          <labelKey>Tipo documento principale</labelKey>
          <valoreKey>EMISSIONE_REVERSALE</valoreKey>
        </datoKey>
        <datoKey>
          <colonnaKey>dt_istituz</colonnaKey>
          <labelKey>Data istituzione</labelKey>
          <valoreKey>12/02/2015</valoreKey>
        </datoKey>
      </keyRecord>
      <datoRecord>
        <colonnaDato>dt_soppres</colonnaDato>
        <labelDato>Data soppressione</labelDato>
        <valoreDato>31/12/2444</valoreDato>
      </datoRecord>
      <recordChild>
        <tipoRecord>Campo per partizionamento</tipoRecord>
        <child>
          <idRecord>705</idRecord>
          <keyRecord>
            <datoKey>
              <colonnaKey>ti_campo</colonnaKey>
              <labelKey>Tipo campo</labelKey>
              <valoreKey>SUB_STRUT</valoreKey>
            </datoKey>
            <datoKey>
              <colonnaKey>nm_campo</colonnaKey>
              <labelKey>Nome campo</labelKey>
              <valoreKey>SUB_STRUTTURA</valoreKey>
            </datoKey>
          </keyRecord>
          <datoRecord>
            <colonnaDato>nm_sub_strut</colonnaDato>
            <labelDato>Sottostruttura</labelDato>
            <valoreDato>DEFAULT</valoreDato>
          </datoRecord>
          <datoRecord>
            <colonnaDato>nm_attrib_dati_spec</colonnaDato>
            <labelDato>Dato specifico</labelDato>
            <valoreDato>null</valoreDato>
          </datoRecord>
        </child>
      </recordChild>
    </child>
    <child>
      <idRecord>2061</idRecord>
      <keyRecord>
        <datoKey>
          <colonnaKey>nm_tipo_doc</colonnaKey>
          <labelKey>Tipo documento principale</labelKey>
          <valoreKey>EMISSIONE_REVERSALE</valoreKey>
        </datoKey>
        <datoKey>
          <colonnaKey>dt_istituz</colonnaKey>
          <labelKey>Data istituzione</labelKey>
          <valoreKey>12/02/2015</valoreKey>
        </datoKey>
      </keyRecord>
      <datoRecord>
        <colonnaDato>dt_soppres</colonnaDato>
        <labelDato>Data soppressione</labelDato>
        <valoreDato>31/12/2444</valoreDato>
      </datoRecord>
      <recordChild>
        <tipoRecord>Campo per partizionamento</tipoRecord>
        <child>
          <idRecord>704</idRecord>
          <keyRecord>
            <datoKey>
              <colonnaKey>ti_campo</colonnaKey>
              <labelKey>Tipo campo</labelKey>
              <valoreKey>SUB_STRUT</valoreKey>
            </datoKey>
            <datoKey>
              <colonnaKey>nm_campo</colonnaKey>
              <labelKey>Nome campo</labelKey>
              <valoreKey>SUB_STRUTTURA</valoreKey>
            </datoKey>
          </keyRecord>
          <datoRecord>
            <colonnaDato>nm_sub_strut</colonnaDato>
            <labelDato>Sottostruttura</labelDato>
            <valoreDato>DEFAULT</valoreDato>
          </datoRecord>
          <datoRecord>
            <colonnaDato>nm_attrib_dati_spec</colonnaDato>
            <labelDato>Dato specifico</labelDato>
            <valoreDato>null</valoreDato>
          </datoRecord>
        </child>
      </recordChild>
    </child>
    <child>
      <idRecord>2060</idRecord>
      <keyRecord>
        <datoKey>
          <colonnaKey>nm_tipo_doc</colonnaKey>
          <labelKey>Tipo documento principale</labelKey>
          <valoreKey>EMISSIONE_REVERSALE</valoreKey>
        </datoKey>
        <datoKey>
          <colonnaKey>dt_istituz</colonnaKey>
          <labelKey>Data istituzione</labelKey>
          <valoreKey>12/02/2015</valoreKey>
        </datoKey>
      </keyRecord>
      <datoRecord>
        <colonnaDato>dt_soppres</colonnaDato>
        <labelDato>Data soppressione</labelDato>
        <valoreDato>31/12/2444</valoreDato>
      </datoRecord>
      <recordChild>
        <tipoRecord>Campo per partizionamento</tipoRecord>
        <child>
          <idRecord>703</idRecord>
          <keyRecord>
            <datoKey>
              <colonnaKey>ti_campo</colonnaKey>
              <labelKey>Tipo campo</labelKey>
              <valoreKey>SUB_STRUT</valoreKey>
            </datoKey>
            <datoKey>
              <colonnaKey>nm_campo</colonnaKey>
              <labelKey>Nome campo</labelKey>
              <valoreKey>SUB_STRUTTURA</valoreKey>
            </datoKey>
          </keyRecord>
          <datoRecord>
            <colonnaDato>nm_sub_strut</colonnaDato>
            <labelDato>Sottostruttura</labelDato>
            <valoreDato>DEFAULT</valoreDato>
          </datoRecord>
          <datoRecord>
            <colonnaDato>nm_attrib_dati_spec</colonnaDato>
            <labelDato>Dato specifico</labelDato>
            <valoreDato>null</valoreDato>
          </datoRecord>
        </child>
      </recordChild>
    </child>
    <child>
      <idRecord>2332</idRecord>
      <keyRecord>
        <datoKey>
          <colonnaKey>nm_tipo_doc</colonnaKey>
          <labelKey>Tipo documento principale</labelKey>
          <valoreKey>FATTURA</valoreKey>
        </datoKey>
        <datoKey>
          <colonnaKey>dt_istituz</colonnaKey>
          <labelKey>Data istituzione</labelKey>
          <valoreKey>12/02/2015</valoreKey>
        </datoKey>
      </keyRecord>
      <datoRecord>
        <colonnaDato>dt_soppres</colonnaDato>
        <labelDato>Data soppressione</labelDato>
        <valoreDato>31/12/2444</valoreDato>
      </datoRecord>
      <recordChild>
        <tipoRecord>Campo per partizionamento</tipoRecord>
        <child>
          <idRecord>975</idRecord>
          <keyRecord>
            <datoKey>
              <colonnaKey>ti_campo</colonnaKey>
              <labelKey>Tipo campo</labelKey>
              <valoreKey>SUB_STRUT</valoreKey>
            </datoKey>
            <datoKey>
              <colonnaKey>nm_campo</colonnaKey>
              <labelKey>Nome campo</labelKey>
              <valoreKey>SUB_STRUTTURA</valoreKey>
            </datoKey>
          </keyRecord>
          <datoRecord>
            <colonnaDato>nm_sub_strut</colonnaDato>
            <labelDato>Sottostruttura</labelDato>
            <valoreDato>DEFAULT</valoreDato>
          </datoRecord>
          <datoRecord>
            <colonnaDato>nm_attrib_dati_spec</colonnaDato>
            <labelDato>Dato specifico</labelDato>
            <valoreDato>null</valoreDato>
          </datoRecord>
        </child>
      </recordChild>
    </child>
    <child>
      <idRecord>9630</idRecord>
      <keyRecord>
        <datoKey>
          <colonnaKey>nm_tipo_doc</colonnaKey>
          <labelKey>Tipo documento principale</labelKey>
          <valoreKey>FATTURA</valoreKey>
        </datoKey>
        <datoKey>
          <colonnaKey>dt_istituz</colonnaKey>
          <labelKey>Data istituzione</labelKey>
          <valoreKey>15/06/2016</valoreKey>
        </datoKey>
      </keyRecord>
      <datoRecord>
        <colonnaDato>dt_soppres</colonnaDato>
        <labelDato>Data soppressione</labelDato>
        <valoreDato>31/12/2444</valoreDato>
      </datoRecord>
      <recordChild>
        <tipoRecord>Campo per partizionamento</tipoRecord>
        <child>
          <idRecord>7948</idRecord>
          <keyRecord>
            <datoKey>
              <colonnaKey>ti_campo</colonnaKey>
              <labelKey>Tipo campo</labelKey>
              <valoreKey>SUB_STRUT</valoreKey>
            </datoKey>
            <datoKey>
              <colonnaKey>nm_campo</colonnaKey>
              <labelKey>Nome campo</labelKey>
              <valoreKey>SUB_STRUTTURA</valoreKey>
            </datoKey>
          </keyRecord>
          <datoRecord>
            <colonnaDato>nm_sub_strut</colonnaDato>
            <labelDato>Sottostruttura</labelDato>
            <valoreDato>DEFAULT</valoreDato>
          </datoRecord>
          <datoRecord>
            <colonnaDato>nm_attrib_dati_spec</colonnaDato>
            <labelDato>Dato specifico</labelDato>
            <valoreDato>null</valoreDato>
          </datoRecord>
        </child>
      </recordChild>
    </child>
    <child>
      <idRecord>11475</idRecord>
      <keyRecord>
        <datoKey>
          <colonnaKey>nm_tipo_doc</colonnaKey>
          <labelKey>Tipo documento principale</labelKey>
          <valoreKey>FATTURA</valoreKey>
        </datoKey>
        <datoKey>
          <colonnaKey>dt_istituz</colonnaKey>
          <labelKey>Data istituzione</labelKey>
          <valoreKey>17/08/2015</valoreKey>
        </datoKey>
      </keyRecord>
      <datoRecord>
        <colonnaDato>dt_soppres</colonnaDato>
        <labelDato>Data soppressione</labelDato>
        <valoreDato>31/12/2444</valoreDato>
      </datoRecord>
      <recordChild>
        <tipoRecord>Campo per partizionamento</tipoRecord>
        <child>
          <idRecord>9599</idRecord>
          <keyRecord>
            <datoKey>
              <colonnaKey>ti_campo</colonnaKey>
              <labelKey>Tipo campo</labelKey>
              <valoreKey>SUB_STRUT</valoreKey>
            </datoKey>
            <datoKey>
              <colonnaKey>nm_campo</colonnaKey>
              <labelKey>Nome campo</labelKey>
              <valoreKey>SUB_STRUTTURA</valoreKey>
            </datoKey>
          </keyRecord>
          <datoRecord>
            <colonnaDato>nm_sub_strut</colonnaDato>
            <labelDato>Sottostruttura</labelDato>
            <valoreDato>DEFAULT</valoreDato>
          </datoRecord>
          <datoRecord>
            <colonnaDato>nm_attrib_dati_spec</colonnaDato>
            <labelDato>Dato specifico</labelDato>
            <valoreDato>null</valoreDato>
          </datoRecord>
        </child>
      </recordChild>
    </child>
    <child>
      <idRecord>11476</idRecord>
      <keyRecord>
        <datoKey>
          <colonnaKey>nm_tipo_doc</colonnaKey>
          <labelKey>Tipo documento principale</labelKey>
          <valoreKey>FATTURA</valoreKey>
        </datoKey>
        <datoKey>
          <colonnaKey>dt_istituz</colonnaKey>
          <labelKey>Data istituzione</labelKey>
          <valoreKey>16/02/2015</valoreKey>
        </datoKey>
      </keyRecord>
      <datoRecord>
        <colonnaDato>dt_soppres</colonnaDato>
        <labelDato>Data soppressione</labelDato>
        <valoreDato>31/12/2444</valoreDato>
      </datoRecord>
      <recordChild>
        <tipoRecord>Campo per partizionamento</tipoRecord>
        <child>
          <idRecord>9606</idRecord>
          <keyRecord>
            <datoKey>
              <colonnaKey>ti_campo</colonnaKey>
              <labelKey>Tipo campo</labelKey>
              <valoreKey>SUB_STRUT</valoreKey>
            </datoKey>
            <datoKey>
              <colonnaKey>nm_campo</colonnaKey>
              <labelKey>Nome campo</labelKey>
              <valoreKey>SUB_STRUTTURA</valoreKey>
            </datoKey>
          </keyRecord>
          <datoRecord>
            <colonnaDato>nm_sub_strut</colonnaDato>
            <labelDato>Sottostruttura</labelDato>
            <valoreDato>DEFAULT</valoreDato>
          </datoRecord>
          <datoRecord>
            <colonnaDato>nm_attrib_dati_spec</colonnaDato>
            <labelDato>Dato specifico</labelDato>
            <valoreDato>null</valoreDato>
          </datoRecord>
        </child>
      </recordChild>
    </child>
    <child>
      <idRecord>7404</idRecord>
      <keyRecord>
        <datoKey>
          <colonnaKey>nm_tipo_doc</colonnaKey>
          <labelKey>Tipo documento principale</labelKey>
          <valoreKey>FATTURA</valoreKey>
        </datoKey>
        <datoKey>
          <colonnaKey>dt_istituz</colonnaKey>
          <labelKey>Data istituzione</labelKey>
          <valoreKey>18/11/2015</valoreKey>
        </datoKey>
      </keyRecord>
      <datoRecord>
        <colonnaDato>dt_soppres</colonnaDato>
        <labelDato>Data soppressione</labelDato>
        <valoreDato>31/12/2444</valoreDato>
      </datoRecord>
      <recordChild>
        <tipoRecord>Campo per partizionamento</tipoRecord>
        <child>
          <idRecord>5864</idRecord>
          <keyRecord>
            <datoKey>
              <colonnaKey>ti_campo</colonnaKey>
              <labelKey>Tipo campo</labelKey>
              <valoreKey>SUB_STRUT</valoreKey>
            </datoKey>
            <datoKey>
              <colonnaKey>nm_campo</colonnaKey>
              <labelKey>Nome campo</labelKey>
              <valoreKey>SUB_STRUTTURA</valoreKey>
            </datoKey>
          </keyRecord>
          <datoRecord>
            <colonnaDato>nm_sub_strut</colonnaDato>
            <labelDato>Sottostruttura</labelDato>
            <valoreDato>DEFAULT</valoreDato>
          </datoRecord>
          <datoRecord>
            <colonnaDato>nm_attrib_dati_spec</colonnaDato>
            <labelDato>Dato specifico</labelDato>
            <valoreDato>null</valoreDato>
          </datoRecord>
        </child>
      </recordChild>
    </child>
    <child>
      <idRecord>6269</idRecord>
      <keyRecord>
        <datoKey>
          <colonnaKey>nm_tipo_doc</colonnaKey>
          <labelKey>Tipo documento principale</labelKey>
          <valoreKey>FATTURA</valoreKey>
        </datoKey>
        <datoKey>
          <colonnaKey>dt_istituz</colonnaKey>
          <labelKey>Data istituzione</labelKey>
          <valoreKey>01/10/2015</valoreKey>
        </datoKey>
      </keyRecord>
      <datoRecord>
        <colonnaDato>dt_soppres</colonnaDato>
        <labelDato>Data soppressione</labelDato>
        <valoreDato>31/12/2444</valoreDato>
      </datoRecord>
      <recordChild>
        <tipoRecord>Campo per partizionamento</tipoRecord>
        <child>
          <idRecord>4908</idRecord>
          <keyRecord>
            <datoKey>
              <colonnaKey>ti_campo</colonnaKey>
              <labelKey>Tipo campo</labelKey>
              <valoreKey>SUB_STRUT</valoreKey>
            </datoKey>
            <datoKey>
              <colonnaKey>nm_campo</colonnaKey>
              <labelKey>Nome campo</labelKey>
              <valoreKey>SUB_STRUTTURA</valoreKey>
            </datoKey>
          </keyRecord>
          <datoRecord>
            <colonnaDato>nm_sub_strut</colonnaDato>
            <labelDato>Sottostruttura</labelDato>
            <valoreDato>DEFAULT</valoreDato>
          </datoRecord>
          <datoRecord>
            <colonnaDato>nm_attrib_dati_spec</colonnaDato>
            <labelDato>Dato specifico</labelDato>
            <valoreDato>null</valoreDato>
          </datoRecord>
        </child>
      </recordChild>
    </child>
    <child>
      <idRecord>11643</idRecord>
      <keyRecord>
        <datoKey>
          <colonnaKey>nm_tipo_doc</colonnaKey>
          <labelKey>Tipo documento principale</labelKey>
          <valoreKey>FATTURA</valoreKey>
        </datoKey>
        <datoKey>
          <colonnaKey>dt_istituz</colonnaKey>
          <labelKey>Data istituzione</labelKey>
          <valoreKey>02/11/2016</valoreKey>
        </datoKey>
      </keyRecord>
      <datoRecord>
        <colonnaDato>dt_soppres</colonnaDato>
        <labelDato>Data soppressione</labelDato>
        <valoreDato>31/12/2444</valoreDato>
      </datoRecord>
      <recordChild>
        <tipoRecord>Campo per partizionamento</tipoRecord>
      </recordChild>
    </child>
    <child>
      <idRecord>6084</idRecord>
      <keyRecord>
        <datoKey>
          <colonnaKey>nm_tipo_doc</colonnaKey>
          <labelKey>Tipo documento principale</labelKey>
          <valoreKey>FATTURA</valoreKey>
        </datoKey>
        <datoKey>
          <colonnaKey>dt_istituz</colonnaKey>
          <labelKey>Data istituzione</labelKey>
          <valoreKey>22/09/2015</valoreKey>
        </datoKey>
      </keyRecord>
      <datoRecord>
        <colonnaDato>dt_soppres</colonnaDato>
        <labelDato>Data soppressione</labelDato>
        <valoreDato>31/12/2444</valoreDato>
      </datoRecord>
      <recordChild>
        <tipoRecord>Campo per partizionamento</tipoRecord>
        <child>
          <idRecord>4724</idRecord>
          <keyRecord>
            <datoKey>
              <colonnaKey>ti_campo</colonnaKey>
              <labelKey>Tipo campo</labelKey>
              <valoreKey>SUB_STRUT</valoreKey>
            </datoKey>
            <datoKey>
              <colonnaKey>nm_campo</colonnaKey>
              <labelKey>Nome campo</labelKey>
              <valoreKey>SUB_STRUTTURA</valoreKey>
            </datoKey>
          </keyRecord>
          <datoRecord>
            <colonnaDato>nm_sub_strut</colonnaDato>
            <labelDato>Sottostruttura</labelDato>
            <valoreDato>DEFAULT</valoreDato>
          </datoRecord>
          <datoRecord>
            <colonnaDato>nm_attrib_dati_spec</colonnaDato>
            <labelDato>Dato specifico</labelDato>
            <valoreDato>null</valoreDato>
          </datoRecord>
        </child>
      </recordChild>
    </child>
    <child>
      <idRecord>11642</idRecord>
      <keyRecord>
        <datoKey>
          <colonnaKey>nm_tipo_doc</colonnaKey>
          <labelKey>Tipo documento principale</labelKey>
          <valoreKey>FATTURA</valoreKey>
        </datoKey>
        <datoKey>
          <colonnaKey>dt_istituz</colonnaKey>
          <labelKey>Data istituzione</labelKey>
          <valoreKey>01/11/2016</valoreKey>
        </datoKey>
      </keyRecord>
      <datoRecord>
        <colonnaDato>dt_soppres</colonnaDato>
        <labelDato>Data soppressione</labelDato>
        <valoreDato>31/12/2444</valoreDato>
      </datoRecord>
      <recordChild>
        <tipoRecord>Campo per partizionamento</tipoRecord>
      </recordChild>
    </child>
    <child>
      <idRecord>8625</idRecord>
      <keyRecord>
        <datoKey>
          <colonnaKey>nm_tipo_doc</colonnaKey>
          <labelKey>Tipo documento principale</labelKey>
          <valoreKey>FATTURA</valoreKey>
        </datoKey>
        <datoKey>
          <colonnaKey>dt_istituz</colonnaKey>
          <labelKey>Data istituzione</labelKey>
          <valoreKey>25/11/2015</valoreKey>
        </datoKey>
      </keyRecord>
      <datoRecord>
        <colonnaDato>dt_soppres</colonnaDato>
        <labelDato>Data soppressione</labelDato>
        <valoreDato>31/12/2444</valoreDato>
      </datoRecord>
      <recordChild>
        <tipoRecord>Campo per partizionamento</tipoRecord>
        <child>
          <idRecord>7065</idRecord>
          <keyRecord>
            <datoKey>
              <colonnaKey>ti_campo</colonnaKey>
              <labelKey>Tipo campo</labelKey>
              <valoreKey>SUB_STRUT</valoreKey>
            </datoKey>
            <datoKey>
              <colonnaKey>nm_campo</colonnaKey>
              <labelKey>Nome campo</labelKey>
              <valoreKey>SUB_STRUTTURA</valoreKey>
            </datoKey>
          </keyRecord>
          <datoRecord>
            <colonnaDato>nm_sub_strut</colonnaDato>
            <labelDato>Sottostruttura</labelDato>
            <valoreDato>DEFAULT</valoreDato>
          </datoRecord>
          <datoRecord>
            <colonnaDato>nm_attrib_dati_spec</colonnaDato>
            <labelDato>Dato specifico</labelDato>
            <valoreDato>null</valoreDato>
          </datoRecord>
        </child>
      </recordChild>
    </child>
    <child>
      <idRecord>11621</idRecord>
      <keyRecord>
        <datoKey>
          <colonnaKey>nm_tipo_doc</colonnaKey>
          <labelKey>Tipo documento principale</labelKey>
          <valoreKey>FATTURA</valoreKey>
        </datoKey>
        <datoKey>
          <colonnaKey>dt_istituz</colonnaKey>
          <labelKey>Data istituzione</labelKey>
          <valoreKey>27/10/2016</valoreKey>
        </datoKey>
      </keyRecord>
      <datoRecord>
        <colonnaDato>dt_soppres</colonnaDato>
        <labelDato>Data soppressione</labelDato>
        <valoreDato>31/12/2444</valoreDato>
      </datoRecord>
      <recordChild>
        <tipoRecord>Campo per partizionamento</tipoRecord>
        <child>
          <idRecord>9721</idRecord>
          <keyRecord>
            <datoKey>
              <colonnaKey>ti_campo</colonnaKey>
              <labelKey>Tipo campo</labelKey>
              <valoreKey>SUB_STRUT</valoreKey>
            </datoKey>
            <datoKey>
              <colonnaKey>nm_campo</colonnaKey>
              <labelKey>Nome campo</labelKey>
              <valoreKey>SUB_STRUTTURA</valoreKey>
            </datoKey>
          </keyRecord>
          <datoRecord>
            <colonnaDato>nm_sub_strut</colonnaDato>
            <labelDato>Sottostruttura</labelDato>
            <valoreDato>DEFAULT</valoreDato>
          </datoRecord>
          <datoRecord>
            <colonnaDato>nm_attrib_dati_spec</colonnaDato>
            <labelDato>Dato specifico</labelDato>
            <valoreDato>null</valoreDato>
          </datoRecord>
        </child>
      </recordChild>
    </child>
    <child>
      <idRecord>11622</idRecord>
      <keyRecord>
        <datoKey>
          <colonnaKey>nm_tipo_doc</colonnaKey>
          <labelKey>Tipo documento principale</labelKey>
          <valoreKey>FATTURA</valoreKey>
        </datoKey>
        <datoKey>
          <colonnaKey>dt_istituz</colonnaKey>
          <labelKey>Data istituzione</labelKey>
          <valoreKey>27/10/2016</valoreKey>
        </datoKey>
      </keyRecord>
      <datoRecord>
        <colonnaDato>dt_soppres</colonnaDato>
        <labelDato>Data soppressione</labelDato>
        <valoreDato>31/12/2444</valoreDato>
      </datoRecord>
      <recordChild>
        <tipoRecord>Campo per partizionamento</tipoRecord>
        <child>
          <idRecord>9722</idRecord>
          <keyRecord>
            <datoKey>
              <colonnaKey>ti_campo</colonnaKey>
              <labelKey>Tipo campo</labelKey>
              <valoreKey>SUB_STRUT</valoreKey>
            </datoKey>
            <datoKey>
              <colonnaKey>nm_campo</colonnaKey>
              <labelKey>Nome campo</labelKey>
              <valoreKey>SUB_STRUTTURA</valoreKey>
            </datoKey>
          </keyRecord>
          <datoRecord>
            <colonnaDato>nm_sub_strut</colonnaDato>
            <labelDato>Sottostruttura</labelDato>
            <valoreDato>DEFAULT</valoreDato>
          </datoRecord>
          <datoRecord>
            <colonnaDato>nm_attrib_dati_spec</colonnaDato>
            <labelDato>Dato specifico</labelDato>
            <valoreDato>null</valoreDato>
          </datoRecord>
        </child>
      </recordChild>
    </child>
    <child>
      <idRecord>10561</idRecord>
      <keyRecord>
        <datoKey>
          <colonnaKey>nm_tipo_doc</colonnaKey>
          <labelKey>Tipo documento principale</labelKey>
          <valoreKey>FATTURA</valoreKey>
        </datoKey>
        <datoKey>
          <colonnaKey>dt_istituz</colonnaKey>
          <labelKey>Data istituzione</labelKey>
          <valoreKey>19/08/2016</valoreKey>
        </datoKey>
      </keyRecord>
      <datoRecord>
        <colonnaDato>dt_soppres</colonnaDato>
        <labelDato>Data soppressione</labelDato>
        <valoreDato>31/12/2444</valoreDato>
      </datoRecord>
      <recordChild>
        <tipoRecord>Campo per partizionamento</tipoRecord>
        <child>
          <idRecord>8701</idRecord>
          <keyRecord>
            <datoKey>
              <colonnaKey>ti_campo</colonnaKey>
              <labelKey>Tipo campo</labelKey>
              <valoreKey>SUB_STRUT</valoreKey>
            </datoKey>
            <datoKey>
              <colonnaKey>nm_campo</colonnaKey>
              <labelKey>Nome campo</labelKey>
              <valoreKey>SUB_STRUTTURA</valoreKey>
            </datoKey>
          </keyRecord>
          <datoRecord>
            <colonnaDato>nm_sub_strut</colonnaDato>
            <labelDato>Sottostruttura</labelDato>
            <valoreDato>DEFAULT</valoreDato>
          </datoRecord>
          <datoRecord>
            <colonnaDato>nm_attrib_dati_spec</colonnaDato>
            <labelDato>Dato specifico</labelDato>
            <valoreDato>null</valoreDato>
          </datoRecord>
        </child>
      </recordChild>
    </child>
    <child>
      <idRecord>6241</idRecord>
      <keyRecord>
        <datoKey>
          <colonnaKey>nm_tipo_doc</colonnaKey>
          <labelKey>Tipo documento principale</labelKey>
          <valoreKey>FATTURA</valoreKey>
        </datoKey>
        <datoKey>
          <colonnaKey>dt_istituz</colonnaKey>
          <labelKey>Data istituzione</labelKey>
          <valoreKey>24/09/2015</valoreKey>
        </datoKey>
      </keyRecord>
      <datoRecord>
        <colonnaDato>dt_soppres</colonnaDato>
        <labelDato>Data soppressione</labelDato>
        <valoreDato>31/12/2444</valoreDato>
      </datoRecord>
      <recordChild>
        <tipoRecord>Campo per partizionamento</tipoRecord>
        <child>
          <idRecord>4880</idRecord>
          <keyRecord>
            <datoKey>
              <colonnaKey>ti_campo</colonnaKey>
              <labelKey>Tipo campo</labelKey>
              <valoreKey>SUB_STRUT</valoreKey>
            </datoKey>
            <datoKey>
              <colonnaKey>nm_campo</colonnaKey>
              <labelKey>Nome campo</labelKey>
              <valoreKey>SUB_STRUTTURA</valoreKey>
            </datoKey>
          </keyRecord>
          <datoRecord>
            <colonnaDato>nm_sub_strut</colonnaDato>
            <labelDato>Sottostruttura</labelDato>
            <valoreDato>DEFAULT</valoreDato>
          </datoRecord>
          <datoRecord>
            <colonnaDato>nm_attrib_dati_spec</colonnaDato>
            <labelDato>Dato specifico</labelDato>
            <valoreDato>null</valoreDato>
          </datoRecord>
        </child>
      </recordChild>
    </child>
    <child>
      <idRecord>9526</idRecord>
      <keyRecord>
        <datoKey>
          <colonnaKey>nm_tipo_doc</colonnaKey>
          <labelKey>Tipo documento principale</labelKey>
          <valoreKey>FATTURA</valoreKey>
        </datoKey>
        <datoKey>
          <colonnaKey>dt_istituz</colonnaKey>
          <labelKey>Data istituzione</labelKey>
          <valoreKey>13/06/2016</valoreKey>
        </datoKey>
      </keyRecord>
      <datoRecord>
        <colonnaDato>dt_soppres</colonnaDato>
        <labelDato>Data soppressione</labelDato>
        <valoreDato>31/12/2444</valoreDato>
      </datoRecord>
      <recordChild>
        <tipoRecord>Campo per partizionamento</tipoRecord>
        <child>
          <idRecord>7846</idRecord>
          <keyRecord>
            <datoKey>
              <colonnaKey>ti_campo</colonnaKey>
              <labelKey>Tipo campo</labelKey>
              <valoreKey>SUB_STRUT</valoreKey>
            </datoKey>
            <datoKey>
              <colonnaKey>nm_campo</colonnaKey>
              <labelKey>Nome campo</labelKey>
              <valoreKey>SUB_STRUTTURA</valoreKey>
            </datoKey>
          </keyRecord>
          <datoRecord>
            <colonnaDato>nm_sub_strut</colonnaDato>
            <labelDato>Sottostruttura</labelDato>
            <valoreDato>DEFAULT</valoreDato>
          </datoRecord>
          <datoRecord>
            <colonnaDato>nm_attrib_dati_spec</colonnaDato>
            <labelDato>Dato specifico</labelDato>
            <valoreDato>null</valoreDato>
          </datoRecord>
        </child>
      </recordChild>
    </child>
    <child>
      <idRecord>9524</idRecord>
      <keyRecord>
        <datoKey>
          <colonnaKey>nm_tipo_doc</colonnaKey>
          <labelKey>Tipo documento principale</labelKey>
          <valoreKey>FATTURA</valoreKey>
        </datoKey>
        <datoKey>
          <colonnaKey>dt_istituz</colonnaKey>
          <labelKey>Data istituzione</labelKey>
          <valoreKey>13/06/2016</valoreKey>
        </datoKey>
      </keyRecord>
      <datoRecord>
        <colonnaDato>dt_soppres</colonnaDato>
        <labelDato>Data soppressione</labelDato>
        <valoreDato>31/12/2444</valoreDato>
      </datoRecord>
      <recordChild>
        <tipoRecord>Campo per partizionamento</tipoRecord>
        <child>
          <idRecord>7844</idRecord>
          <keyRecord>
            <datoKey>
              <colonnaKey>ti_campo</colonnaKey>
              <labelKey>Tipo campo</labelKey>
              <valoreKey>SUB_STRUT</valoreKey>
            </datoKey>
            <datoKey>
              <colonnaKey>nm_campo</colonnaKey>
              <labelKey>Nome campo</labelKey>
              <valoreKey>SUB_STRUTTURA</valoreKey>
            </datoKey>
          </keyRecord>
          <datoRecord>
            <colonnaDato>nm_sub_strut</colonnaDato>
            <labelDato>Sottostruttura</labelDato>
            <valoreDato>DEFAULT</valoreDato>
          </datoRecord>
          <datoRecord>
            <colonnaDato>nm_attrib_dati_spec</colonnaDato>
            <labelDato>Dato specifico</labelDato>
            <valoreDato>null</valoreDato>
          </datoRecord>
        </child>
      </recordChild>
    </child>
    <child>
      <idRecord>6026</idRecord>
      <keyRecord>
        <datoKey>
          <colonnaKey>nm_tipo_doc</colonnaKey>
          <labelKey>Tipo documento principale</labelKey>
          <valoreKey>FATTURA</valoreKey>
        </datoKey>
        <datoKey>
          <colonnaKey>dt_istituz</colonnaKey>
          <labelKey>Data istituzione</labelKey>
          <valoreKey>22/09/2015</valoreKey>
        </datoKey>
      </keyRecord>
      <datoRecord>
        <colonnaDato>dt_soppres</colonnaDato>
        <labelDato>Data soppressione</labelDato>
        <valoreDato>31/12/2444</valoreDato>
      </datoRecord>
      <recordChild>
        <tipoRecord>Campo per partizionamento</tipoRecord>
        <child>
          <idRecord>4666</idRecord>
          <keyRecord>
            <datoKey>
              <colonnaKey>ti_campo</colonnaKey>
              <labelKey>Tipo campo</labelKey>
              <valoreKey>SUB_STRUT</valoreKey>
            </datoKey>
            <datoKey>
              <colonnaKey>nm_campo</colonnaKey>
              <labelKey>Nome campo</labelKey>
              <valoreKey>SUB_STRUTTURA</valoreKey>
            </datoKey>
          </keyRecord>
          <datoRecord>
            <colonnaDato>nm_sub_strut</colonnaDato>
            <labelDato>Sottostruttura</labelDato>
            <valoreDato>DEFAULT</valoreDato>
          </datoRecord>
          <datoRecord>
            <colonnaDato>nm_attrib_dati_spec</colonnaDato>
            <labelDato>Dato specifico</labelDato>
            <valoreDato>null</valoreDato>
          </datoRecord>
        </child>
      </recordChild>
    </child>
    <child>
      <idRecord>9521</idRecord>
      <keyRecord>
        <datoKey>
          <colonnaKey>nm_tipo_doc</colonnaKey>
          <labelKey>Tipo documento principale</labelKey>
          <valoreKey>FATTURA</valoreKey>
        </datoKey>
        <datoKey>
          <colonnaKey>dt_istituz</colonnaKey>
          <labelKey>Data istituzione</labelKey>
          <valoreKey>13/06/2016</valoreKey>
        </datoKey>
      </keyRecord>
      <datoRecord>
        <colonnaDato>dt_soppres</colonnaDato>
        <labelDato>Data soppressione</labelDato>
        <valoreDato>31/12/2444</valoreDato>
      </datoRecord>
      <recordChild>
        <tipoRecord>Campo per partizionamento</tipoRecord>
        <child>
          <idRecord>7841</idRecord>
          <keyRecord>
            <datoKey>
              <colonnaKey>ti_campo</colonnaKey>
              <labelKey>Tipo campo</labelKey>
              <valoreKey>SUB_STRUT</valoreKey>
            </datoKey>
            <datoKey>
              <colonnaKey>nm_campo</colonnaKey>
              <labelKey>Nome campo</labelKey>
              <valoreKey>SUB_STRUTTURA</valoreKey>
            </datoKey>
          </keyRecord>
          <datoRecord>
            <colonnaDato>nm_sub_strut</colonnaDato>
            <labelDato>Sottostruttura</labelDato>
            <valoreDato>DEFAULT</valoreDato>
          </datoRecord>
          <datoRecord>
            <colonnaDato>nm_attrib_dati_spec</colonnaDato>
            <labelDato>Dato specifico</labelDato>
            <valoreDato>null</valoreDato>
          </datoRecord>
        </child>
      </recordChild>
    </child>
    <child>
      <idRecord>6721</idRecord>
      <keyRecord>
        <datoKey>
          <colonnaKey>nm_tipo_doc</colonnaKey>
          <labelKey>Tipo documento principale</labelKey>
          <valoreKey>FATTURA</valoreKey>
        </datoKey>
        <datoKey>
          <colonnaKey>dt_istituz</colonnaKey>
          <labelKey>Data istituzione</labelKey>
          <valoreKey>18/11/2015</valoreKey>
        </datoKey>
      </keyRecord>
      <datoRecord>
        <colonnaDato>dt_soppres</colonnaDato>
        <labelDato>Data soppressione</labelDato>
        <valoreDato>31/12/2444</valoreDato>
      </datoRecord>
      <recordChild>
        <tipoRecord>Campo per partizionamento</tipoRecord>
        <child>
          <idRecord>5341</idRecord>
          <keyRecord>
            <datoKey>
              <colonnaKey>ti_campo</colonnaKey>
              <labelKey>Tipo campo</labelKey>
              <valoreKey>SUB_STRUT</valoreKey>
            </datoKey>
            <datoKey>
              <colonnaKey>nm_campo</colonnaKey>
              <labelKey>Nome campo</labelKey>
              <valoreKey>SUB_STRUTTURA</valoreKey>
            </datoKey>
          </keyRecord>
          <datoRecord>
            <colonnaDato>nm_sub_strut</colonnaDato>
            <labelDato>Sottostruttura</labelDato>
            <valoreDato>DEFAULT</valoreDato>
          </datoRecord>
          <datoRecord>
            <colonnaDato>nm_attrib_dati_spec</colonnaDato>
            <labelDato>Dato specifico</labelDato>
            <valoreDato>null</valoreDato>
          </datoRecord>
        </child>
      </recordChild>
    </child>
    <child>
      <idRecord>10003</idRecord>
      <keyRecord>
        <datoKey>
          <colonnaKey>nm_tipo_doc</colonnaKey>
          <labelKey>Tipo documento principale</labelKey>
          <valoreKey>FATTURA</valoreKey>
        </datoKey>
        <datoKey>
          <colonnaKey>dt_istituz</colonnaKey>
          <labelKey>Data istituzione</labelKey>
          <valoreKey>08/07/2016</valoreKey>
        </datoKey>
      </keyRecord>
      <datoRecord>
        <colonnaDato>dt_soppres</colonnaDato>
        <labelDato>Data soppressione</labelDato>
        <valoreDato>31/12/2444</valoreDato>
      </datoRecord>
      <recordChild>
        <tipoRecord>Campo per partizionamento</tipoRecord>
        <child>
          <idRecord>8321</idRecord>
          <keyRecord>
            <datoKey>
              <colonnaKey>ti_campo</colonnaKey>
              <labelKey>Tipo campo</labelKey>
              <valoreKey>DATO_SPEC_UNI_DOC</valoreKey>
            </datoKey>
            <datoKey>
              <colonnaKey>nm_campo</colonnaKey>
              <labelKey>Nome campo</labelKey>
              <valoreKey>Stringa</valoreKey>
            </datoKey>
          </keyRecord>
          <datoRecord>
            <colonnaDato>nm_sub_strut</colonnaDato>
            <labelDato>Sottostruttura</labelDato>
            <valoreDato>null</valoreDato>
          </datoRecord>
          <datoRecord>
            <colonnaDato>nm_attrib_dati_spec</colonnaDato>
            <labelDato>Dato specifico</labelDato>
            <valoreDato>Stringa</valoreDato>
          </datoRecord>
        </child>
      </recordChild>
    </child>
    <child>
      <idRecord>10562</idRecord>
      <keyRecord>
        <datoKey>
          <colonnaKey>nm_tipo_doc</colonnaKey>
          <labelKey>Tipo documento principale</labelKey>
          <valoreKey>FATTURA</valoreKey>
        </datoKey>
        <datoKey>
          <colonnaKey>dt_istituz</colonnaKey>
          <labelKey>Data istituzione</labelKey>
          <valoreKey>19/08/2016</valoreKey>
        </datoKey>
      </keyRecord>
      <datoRecord>
        <colonnaDato>dt_soppres</colonnaDato>
        <labelDato>Data soppressione</labelDato>
        <valoreDato>31/12/2444</valoreDato>
      </datoRecord>
      <recordChild>
        <tipoRecord>Campo per partizionamento</tipoRecord>
        <child>
          <idRecord>8702</idRecord>
          <keyRecord>
            <datoKey>
              <colonnaKey>ti_campo</colonnaKey>
              <labelKey>Tipo campo</labelKey>
              <valoreKey>SUB_STRUT</valoreKey>
            </datoKey>
            <datoKey>
              <colonnaKey>nm_campo</colonnaKey>
              <labelKey>Nome campo</labelKey>
              <valoreKey>SUB_STRUTTURA</valoreKey>
            </datoKey>
          </keyRecord>
          <datoRecord>
            <colonnaDato>nm_sub_strut</colonnaDato>
            <labelDato>Sottostruttura</labelDato>
            <valoreDato>DEFAULT</valoreDato>
          </datoRecord>
          <datoRecord>
            <colonnaDato>nm_attrib_dati_spec</colonnaDato>
            <labelDato>Dato specifico</labelDato>
            <valoreDato>null</valoreDato>
          </datoRecord>
        </child>
      </recordChild>
    </child>
    <child>
      <idRecord>10541</idRecord>
      <keyRecord>
        <datoKey>
          <colonnaKey>nm_tipo_doc</colonnaKey>
          <labelKey>Tipo documento principale</labelKey>
          <valoreKey>FATTURA</valoreKey>
        </datoKey>
        <datoKey>
          <colonnaKey>dt_istituz</colonnaKey>
          <labelKey>Data istituzione</labelKey>
          <valoreKey>18/08/2016</valoreKey>
        </datoKey>
      </keyRecord>
      <datoRecord>
        <colonnaDato>dt_soppres</colonnaDato>
        <labelDato>Data soppressione</labelDato>
        <valoreDato>31/12/2444</valoreDato>
      </datoRecord>
      <recordChild>
        <tipoRecord>Campo per partizionamento</tipoRecord>
        <child>
          <idRecord>8681</idRecord>
          <keyRecord>
            <datoKey>
              <colonnaKey>ti_campo</colonnaKey>
              <labelKey>Tipo campo</labelKey>
              <valoreKey>SUB_STRUT</valoreKey>
            </datoKey>
            <datoKey>
              <colonnaKey>nm_campo</colonnaKey>
              <labelKey>Nome campo</labelKey>
              <valoreKey>SUB_STRUTTURA</valoreKey>
            </datoKey>
          </keyRecord>
          <datoRecord>
            <colonnaDato>nm_sub_strut</colonnaDato>
            <labelDato>Sottostruttura</labelDato>
            <valoreDato>DEFAULT</valoreDato>
          </datoRecord>
          <datoRecord>
            <colonnaDato>nm_attrib_dati_spec</colonnaDato>
            <labelDato>Dato specifico</labelDato>
            <valoreDato>null</valoreDato>
          </datoRecord>
        </child>
      </recordChild>
    </child>
    <child>
      <idRecord>9642</idRecord>
      <keyRecord>
        <datoKey>
          <colonnaKey>nm_tipo_doc</colonnaKey>
          <labelKey>Tipo documento principale</labelKey>
          <valoreKey>FATTURA</valoreKey>
        </datoKey>
        <datoKey>
          <colonnaKey>dt_istituz</colonnaKey>
          <labelKey>Data istituzione</labelKey>
          <valoreKey>15/06/2016</valoreKey>
        </datoKey>
      </keyRecord>
      <datoRecord>
        <colonnaDato>dt_soppres</colonnaDato>
        <labelDato>Data soppressione</labelDato>
        <valoreDato>31/12/2444</valoreDato>
      </datoRecord>
      <recordChild>
        <tipoRecord>Campo per partizionamento</tipoRecord>
        <child>
          <idRecord>7960</idRecord>
          <keyRecord>
            <datoKey>
              <colonnaKey>ti_campo</colonnaKey>
              <labelKey>Tipo campo</labelKey>
              <valoreKey>SUB_STRUT</valoreKey>
            </datoKey>
            <datoKey>
              <colonnaKey>nm_campo</colonnaKey>
              <labelKey>Nome campo</labelKey>
              <valoreKey>SUB_STRUTTURA</valoreKey>
            </datoKey>
          </keyRecord>
          <datoRecord>
            <colonnaDato>nm_sub_strut</colonnaDato>
            <labelDato>Sottostruttura</labelDato>
            <valoreDato>DEFAULT</valoreDato>
          </datoRecord>
          <datoRecord>
            <colonnaDato>nm_attrib_dati_spec</colonnaDato>
            <labelDato>Dato specifico</labelDato>
            <valoreDato>null</valoreDato>
          </datoRecord>
        </child>
      </recordChild>
    </child>
    <child>
      <idRecord>463</idRecord>
      <keyRecord>
        <datoKey>
          <colonnaKey>nm_tipo_doc</colonnaKey>
          <labelKey>Tipo documento principale</labelKey>
          <valoreKey>FATTURA</valoreKey>
        </datoKey>
        <datoKey>
          <colonnaKey>dt_istituz</colonnaKey>
          <labelKey>Data istituzione</labelKey>
          <valoreKey>10/11/2014</valoreKey>
        </datoKey>
      </keyRecord>
      <datoRecord>
        <colonnaDato>dt_soppres</colonnaDato>
        <labelDato>Data soppressione</labelDato>
        <valoreDato>31/12/2444</valoreDato>
      </datoRecord>
      <recordChild>
        <tipoRecord>Campo per partizionamento</tipoRecord>
        <child>
          <idRecord>207</idRecord>
          <keyRecord>
            <datoKey>
              <colonnaKey>ti_campo</colonnaKey>
              <labelKey>Tipo campo</labelKey>
              <valoreKey>SUB_STRUT</valoreKey>
            </datoKey>
            <datoKey>
              <colonnaKey>nm_campo</colonnaKey>
              <labelKey>Nome campo</labelKey>
              <valoreKey>SUB_STRUTTURA</valoreKey>
            </datoKey>
          </keyRecord>
          <datoRecord>
            <colonnaDato>nm_sub_strut</colonnaDato>
            <labelDato>Sottostruttura</labelDato>
            <valoreDato>DEFAULT</valoreDato>
          </datoRecord>
          <datoRecord>
            <colonnaDato>nm_attrib_dati_spec</colonnaDato>
            <labelDato>Dato specifico</labelDato>
            <valoreDato>null</valoreDato>
          </datoRecord>
        </child>
      </recordChild>
    </child>
    <child>
      <idRecord>460</idRecord>
      <keyRecord>
        <datoKey>
          <colonnaKey>nm_tipo_doc</colonnaKey>
          <labelKey>Tipo documento principale</labelKey>
          <valoreKey>FATTURA</valoreKey>
        </datoKey>
        <datoKey>
          <colonnaKey>dt_istituz</colonnaKey>
          <labelKey>Data istituzione</labelKey>
          <valoreKey>10/11/2014</valoreKey>
        </datoKey>
      </keyRecord>
      <datoRecord>
        <colonnaDato>dt_soppres</colonnaDato>
        <labelDato>Data soppressione</labelDato>
        <valoreDato>31/12/2444</valoreDato>
      </datoRecord>
      <recordChild>
        <tipoRecord>Campo per partizionamento</tipoRecord>
        <child>
          <idRecord>204</idRecord>
          <keyRecord>
            <datoKey>
              <colonnaKey>ti_campo</colonnaKey>
              <labelKey>Tipo campo</labelKey>
              <valoreKey>SUB_STRUT</valoreKey>
            </datoKey>
            <datoKey>
              <colonnaKey>nm_campo</colonnaKey>
              <labelKey>Nome campo</labelKey>
              <valoreKey>SUB_STRUTTURA</valoreKey>
            </datoKey>
          </keyRecord>
          <datoRecord>
            <colonnaDato>nm_sub_strut</colonnaDato>
            <labelDato>Sottostruttura</labelDato>
            <valoreDato>DEFAULT</valoreDato>
          </datoRecord>
          <datoRecord>
            <colonnaDato>nm_attrib_dati_spec</colonnaDato>
            <labelDato>Dato specifico</labelDato>
            <valoreDato>null</valoreDato>
          </datoRecord>
        </child>
      </recordChild>
    </child>
    <child>
      <idRecord>2335</idRecord>
      <keyRecord>
        <datoKey>
          <colonnaKey>nm_tipo_doc</colonnaKey>
          <labelKey>Tipo documento principale</labelKey>
          <valoreKey>FATTURA</valoreKey>
        </datoKey>
        <datoKey>
          <colonnaKey>dt_istituz</colonnaKey>
          <labelKey>Data istituzione</labelKey>
          <valoreKey>12/02/2015</valoreKey>
        </datoKey>
      </keyRecord>
      <datoRecord>
        <colonnaDato>dt_soppres</colonnaDato>
        <labelDato>Data soppressione</labelDato>
        <valoreDato>31/12/2444</valoreDato>
      </datoRecord>
      <recordChild>
        <tipoRecord>Campo per partizionamento</tipoRecord>
        <child>
          <idRecord>978</idRecord>
          <keyRecord>
            <datoKey>
              <colonnaKey>ti_campo</colonnaKey>
              <labelKey>Tipo campo</labelKey>
              <valoreKey>SUB_STRUT</valoreKey>
            </datoKey>
            <datoKey>
              <colonnaKey>nm_campo</colonnaKey>
              <labelKey>Nome campo</labelKey>
              <valoreKey>SUB_STRUTTURA</valoreKey>
            </datoKey>
          </keyRecord>
          <datoRecord>
            <colonnaDato>nm_sub_strut</colonnaDato>
            <labelDato>Sottostruttura</labelDato>
            <valoreDato>DEFAULT</valoreDato>
          </datoRecord>
          <datoRecord>
            <colonnaDato>nm_attrib_dati_spec</colonnaDato>
            <labelDato>Dato specifico</labelDato>
            <valoreDato>null</valoreDato>
          </datoRecord>
        </child>
      </recordChild>
    </child>
    <child>
      <idRecord>2333</idRecord>
      <keyRecord>
        <datoKey>
          <colonnaKey>nm_tipo_doc</colonnaKey>
          <labelKey>Tipo documento principale</labelKey>
          <valoreKey>FATTURA</valoreKey>
        </datoKey>
        <datoKey>
          <colonnaKey>dt_istituz</colonnaKey>
          <labelKey>Data istituzione</labelKey>
          <valoreKey>12/02/2015</valoreKey>
        </datoKey>
      </keyRecord>
      <datoRecord>
        <colonnaDato>dt_soppres</colonnaDato>
        <labelDato>Data soppressione</labelDato>
        <valoreDato>31/12/2444</valoreDato>
      </datoRecord>
      <recordChild>
        <tipoRecord>Campo per partizionamento</tipoRecord>
        <child>
          <idRecord>976</idRecord>
          <keyRecord>
            <datoKey>
              <colonnaKey>ti_campo</colonnaKey>
              <labelKey>Tipo campo</labelKey>
              <valoreKey>SUB_STRUT</valoreKey>
            </datoKey>
            <datoKey>
              <colonnaKey>nm_campo</colonnaKey>
              <labelKey>Nome campo</labelKey>
              <valoreKey>SUB_STRUTTURA</valoreKey>
            </datoKey>
          </keyRecord>
          <datoRecord>
            <colonnaDato>nm_sub_strut</colonnaDato>
            <labelDato>Sottostruttura</labelDato>
            <valoreDato>DEFAULT</valoreDato>
          </datoRecord>
          <datoRecord>
            <colonnaDato>nm_attrib_dati_spec</colonnaDato>
            <labelDato>Dato specifico</labelDato>
            <valoreDato>null</valoreDato>
          </datoRecord>
        </child>
      </recordChild>
    </child>
    <child>
      <idRecord>6723</idRecord>
      <keyRecord>
        <datoKey>
          <colonnaKey>nm_tipo_doc</colonnaKey>
          <labelKey>Tipo documento principale</labelKey>
          <valoreKey>FOGLIO DI TRASFORMAZIONE</valoreKey>
        </datoKey>
        <datoKey>
          <colonnaKey>dt_istituz</colonnaKey>
          <labelKey>Data istituzione</labelKey>
          <valoreKey>18/11/2015</valoreKey>
        </datoKey>
      </keyRecord>
      <datoRecord>
        <colonnaDato>dt_soppres</colonnaDato>
        <labelDato>Data soppressione</labelDato>
        <valoreDato>31/12/2444</valoreDato>
      </datoRecord>
      <recordChild>
        <tipoRecord>Campo per partizionamento</tipoRecord>
        <child>
          <idRecord>5343</idRecord>
          <keyRecord>
            <datoKey>
              <colonnaKey>ti_campo</colonnaKey>
              <labelKey>Tipo campo</labelKey>
              <valoreKey>SUB_STRUT</valoreKey>
            </datoKey>
            <datoKey>
              <colonnaKey>nm_campo</colonnaKey>
              <labelKey>Nome campo</labelKey>
              <valoreKey>SUB_STRUTTURA</valoreKey>
            </datoKey>
          </keyRecord>
          <datoRecord>
            <colonnaDato>nm_sub_strut</colonnaDato>
            <labelDato>Sottostruttura</labelDato>
            <valoreDato>DEFAULT</valoreDato>
          </datoRecord>
          <datoRecord>
            <colonnaDato>nm_attrib_dati_spec</colonnaDato>
            <labelDato>Dato specifico</labelDato>
            <valoreDato>null</valoreDato>
          </datoRecord>
        </child>
      </recordChild>
    </child>
    <child>
      <idRecord>11473</idRecord>
      <keyRecord>
        <datoKey>
          <colonnaKey>nm_tipo_doc</colonnaKey>
          <labelKey>Tipo documento principale</labelKey>
          <valoreKey>FOGLIO DI TRASFORMAZIONE</valoreKey>
        </datoKey>
        <datoKey>
          <colonnaKey>dt_istituz</colonnaKey>
          <labelKey>Data istituzione</labelKey>
          <valoreKey>22/01/2015</valoreKey>
        </datoKey>
      </keyRecord>
      <datoRecord>
        <colonnaDato>dt_soppres</colonnaDato>
        <labelDato>Data soppressione</labelDato>
        <valoreDato>31/12/2444</valoreDato>
      </datoRecord>
      <recordChild>
        <tipoRecord>Campo per partizionamento</tipoRecord>
        <child>
          <idRecord>9593</idRecord>
          <keyRecord>
            <datoKey>
              <colonnaKey>ti_campo</colonnaKey>
              <labelKey>Tipo campo</labelKey>
              <valoreKey>SUB_STRUT</valoreKey>
            </datoKey>
            <datoKey>
              <colonnaKey>nm_campo</colonnaKey>
              <labelKey>Nome campo</labelKey>
              <valoreKey>SUB_STRUTTURA</valoreKey>
            </datoKey>
          </keyRecord>
          <datoRecord>
            <colonnaDato>nm_sub_strut</colonnaDato>
            <labelDato>Sottostruttura</labelDato>
            <valoreDato>DEFAULT</valoreDato>
          </datoRecord>
          <datoRecord>
            <colonnaDato>nm_attrib_dati_spec</colonnaDato>
            <labelDato>Dato specifico</labelDato>
            <valoreDato>null</valoreDato>
          </datoRecord>
        </child>
      </recordChild>
    </child>
    <child>
      <idRecord>7401</idRecord>
      <keyRecord>
        <datoKey>
          <colonnaKey>nm_tipo_doc</colonnaKey>
          <labelKey>Tipo documento principale</labelKey>
          <valoreKey>FOGLIO DI TRASFORMAZIONE</valoreKey>
        </datoKey>
        <datoKey>
          <colonnaKey>dt_istituz</colonnaKey>
          <labelKey>Data istituzione</labelKey>
          <valoreKey>18/11/2015</valoreKey>
        </datoKey>
      </keyRecord>
      <datoRecord>
        <colonnaDato>dt_soppres</colonnaDato>
        <labelDato>Data soppressione</labelDato>
        <valoreDato>31/12/2444</valoreDato>
      </datoRecord>
      <recordChild>
        <tipoRecord>Campo per partizionamento</tipoRecord>
        <child>
          <idRecord>5861</idRecord>
          <keyRecord>
            <datoKey>
              <colonnaKey>ti_campo</colonnaKey>
              <labelKey>Tipo campo</labelKey>
              <valoreKey>SUB_STRUT</valoreKey>
            </datoKey>
            <datoKey>
              <colonnaKey>nm_campo</colonnaKey>
              <labelKey>Nome campo</labelKey>
              <valoreKey>SUB_STRUTTURA</valoreKey>
            </datoKey>
          </keyRecord>
          <datoRecord>
            <colonnaDato>nm_sub_strut</colonnaDato>
            <labelDato>Sottostruttura</labelDato>
            <valoreDato>DEFAULT</valoreDato>
          </datoRecord>
          <datoRecord>
            <colonnaDato>nm_attrib_dati_spec</colonnaDato>
            <labelDato>Dato specifico</labelDato>
            <valoreDato>null</valoreDato>
          </datoRecord>
        </child>
      </recordChild>
    </child>
    <child>
      <idRecord>2362</idRecord>
      <keyRecord>
        <datoKey>
          <colonnaKey>nm_tipo_doc</colonnaKey>
          <labelKey>Tipo documento principale</labelKey>
          <valoreKey>File Piano Urbanistico</valoreKey>
        </datoKey>
        <datoKey>
          <colonnaKey>dt_istituz</colonnaKey>
          <labelKey>Data istituzione</labelKey>
          <valoreKey>12/02/2015</valoreKey>
        </datoKey>
      </keyRecord>
      <datoRecord>
        <colonnaDato>dt_soppres</colonnaDato>
        <labelDato>Data soppressione</labelDato>
        <valoreDato>31/12/2444</valoreDato>
      </datoRecord>
      <recordChild>
        <tipoRecord>Campo per partizionamento</tipoRecord>
        <child>
          <idRecord>1005</idRecord>
          <keyRecord>
            <datoKey>
              <colonnaKey>ti_campo</colonnaKey>
              <labelKey>Tipo campo</labelKey>
              <valoreKey>SUB_STRUT</valoreKey>
            </datoKey>
            <datoKey>
              <colonnaKey>nm_campo</colonnaKey>
              <labelKey>Nome campo</labelKey>
              <valoreKey>SUB_STRUTTURA</valoreKey>
            </datoKey>
          </keyRecord>
          <datoRecord>
            <colonnaDato>nm_sub_strut</colonnaDato>
            <labelDato>Sottostruttura</labelDato>
            <valoreDato>DEFAULT</valoreDato>
          </datoRecord>
          <datoRecord>
            <colonnaDato>nm_attrib_dati_spec</colonnaDato>
            <labelDato>Dato specifico</labelDato>
            <valoreDato>null</valoreDato>
          </datoRecord>
        </child>
      </recordChild>
    </child>
    <child>
      <idRecord>458</idRecord>
      <keyRecord>
        <datoKey>
          <colonnaKey>nm_tipo_doc</colonnaKey>
          <labelKey>Tipo documento principale</labelKey>
          <valoreKey>File Piano Urbanistico</valoreKey>
        </datoKey>
        <datoKey>
          <colonnaKey>dt_istituz</colonnaKey>
          <labelKey>Data istituzione</labelKey>
          <valoreKey>10/11/2014</valoreKey>
        </datoKey>
      </keyRecord>
      <datoRecord>
        <colonnaDato>dt_soppres</colonnaDato>
        <labelDato>Data soppressione</labelDato>
        <valoreDato>31/12/2444</valoreDato>
      </datoRecord>
      <recordChild>
        <tipoRecord>Campo per partizionamento</tipoRecord>
        <child>
          <idRecord>202</idRecord>
          <keyRecord>
            <datoKey>
              <colonnaKey>ti_campo</colonnaKey>
              <labelKey>Tipo campo</labelKey>
              <valoreKey>SUB_STRUT</valoreKey>
            </datoKey>
            <datoKey>
              <colonnaKey>nm_campo</colonnaKey>
              <labelKey>Nome campo</labelKey>
              <valoreKey>SUB_STRUTTURA</valoreKey>
            </datoKey>
          </keyRecord>
          <datoRecord>
            <colonnaDato>nm_sub_strut</colonnaDato>
            <labelDato>Sottostruttura</labelDato>
            <valoreDato>DEFAULT</valoreDato>
          </datoRecord>
          <datoRecord>
            <colonnaDato>nm_attrib_dati_spec</colonnaDato>
            <labelDato>Dato specifico</labelDato>
            <valoreDato>null</valoreDato>
          </datoRecord>
        </child>
      </recordChild>
    </child>
    <child>
      <idRecord>2364</idRecord>
      <keyRecord>
        <datoKey>
          <colonnaKey>nm_tipo_doc</colonnaKey>
          <labelKey>Tipo documento principale</labelKey>
          <valoreKey>File Piano Urbanistico</valoreKey>
        </datoKey>
        <datoKey>
          <colonnaKey>dt_istituz</colonnaKey>
          <labelKey>Data istituzione</labelKey>
          <valoreKey>12/02/2015</valoreKey>
        </datoKey>
      </keyRecord>
      <datoRecord>
        <colonnaDato>dt_soppres</colonnaDato>
        <labelDato>Data soppressione</labelDato>
        <valoreDato>31/12/2444</valoreDato>
      </datoRecord>
      <recordChild>
        <tipoRecord>Campo per partizionamento</tipoRecord>
        <child>
          <idRecord>1007</idRecord>
          <keyRecord>
            <datoKey>
              <colonnaKey>ti_campo</colonnaKey>
              <labelKey>Tipo campo</labelKey>
              <valoreKey>SUB_STRUT</valoreKey>
            </datoKey>
            <datoKey>
              <colonnaKey>nm_campo</colonnaKey>
              <labelKey>Nome campo</labelKey>
              <valoreKey>SUB_STRUTTURA</valoreKey>
            </datoKey>
          </keyRecord>
          <datoRecord>
            <colonnaDato>nm_sub_strut</colonnaDato>
            <labelDato>Sottostruttura</labelDato>
            <valoreDato>DEFAULT</valoreDato>
          </datoRecord>
          <datoRecord>
            <colonnaDato>nm_attrib_dati_spec</colonnaDato>
            <labelDato>Dato specifico</labelDato>
            <valoreDato>null</valoreDato>
          </datoRecord>
        </child>
      </recordChild>
    </child>
    <child>
      <idRecord>2363</idRecord>
      <keyRecord>
        <datoKey>
          <colonnaKey>nm_tipo_doc</colonnaKey>
          <labelKey>Tipo documento principale</labelKey>
          <valoreKey>File Piano Urbanistico</valoreKey>
        </datoKey>
        <datoKey>
          <colonnaKey>dt_istituz</colonnaKey>
          <labelKey>Data istituzione</labelKey>
          <valoreKey>12/02/2015</valoreKey>
        </datoKey>
      </keyRecord>
      <datoRecord>
        <colonnaDato>dt_soppres</colonnaDato>
        <labelDato>Data soppressione</labelDato>
        <valoreDato>31/12/2444</valoreDato>
      </datoRecord>
      <recordChild>
        <tipoRecord>Campo per partizionamento</tipoRecord>
        <child>
          <idRecord>1006</idRecord>
          <keyRecord>
            <datoKey>
              <colonnaKey>ti_campo</colonnaKey>
              <labelKey>Tipo campo</labelKey>
              <valoreKey>SUB_STRUT</valoreKey>
            </datoKey>
            <datoKey>
              <colonnaKey>nm_campo</colonnaKey>
              <labelKey>Nome campo</labelKey>
              <valoreKey>SUB_STRUTTURA</valoreKey>
            </datoKey>
          </keyRecord>
          <datoRecord>
            <colonnaDato>nm_sub_strut</colonnaDato>
            <labelDato>Sottostruttura</labelDato>
            <valoreDato>DEFAULT</valoreDato>
          </datoRecord>
          <datoRecord>
            <colonnaDato>nm_attrib_dati_spec</colonnaDato>
            <labelDato>Dato specifico</labelDato>
            <valoreDato>null</valoreDato>
          </datoRecord>
        </child>
      </recordChild>
    </child>
    <child>
      <idRecord>2387</idRecord>
      <keyRecord>
        <datoKey>
          <colonnaKey>nm_tipo_doc</colonnaKey>
          <labelKey>Tipo documento principale</labelKey>
          <valoreKey>Foglio di trasformazione</valoreKey>
        </datoKey>
        <datoKey>
          <colonnaKey>dt_istituz</colonnaKey>
          <labelKey>Data istituzione</labelKey>
          <valoreKey>12/02/2015</valoreKey>
        </datoKey>
      </keyRecord>
      <datoRecord>
        <colonnaDato>dt_soppres</colonnaDato>
        <labelDato>Data soppressione</labelDato>
        <valoreDato>31/12/2444</valoreDato>
      </datoRecord>
      <recordChild>
        <tipoRecord>Campo per partizionamento</tipoRecord>
        <child>
          <idRecord>1030</idRecord>
          <keyRecord>
            <datoKey>
              <colonnaKey>ti_campo</colonnaKey>
              <labelKey>Tipo campo</labelKey>
              <valoreKey>SUB_STRUT</valoreKey>
            </datoKey>
            <datoKey>
              <colonnaKey>nm_campo</colonnaKey>
              <labelKey>Nome campo</labelKey>
              <valoreKey>SUB_STRUTTURA</valoreKey>
            </datoKey>
          </keyRecord>
          <datoRecord>
            <colonnaDato>nm_sub_strut</colonnaDato>
            <labelDato>Sottostruttura</labelDato>
            <valoreDato>DEFAULT</valoreDato>
          </datoRecord>
          <datoRecord>
            <colonnaDato>nm_attrib_dati_spec</colonnaDato>
            <labelDato>Dato specifico</labelDato>
            <valoreDato>null</valoreDato>
          </datoRecord>
        </child>
      </recordChild>
    </child>
    <child>
      <idRecord>9523</idRecord>
      <keyRecord>
        <datoKey>
          <colonnaKey>nm_tipo_doc</colonnaKey>
          <labelKey>Tipo documento principale</labelKey>
          <valoreKey>Foglio di trasformazione</valoreKey>
        </datoKey>
        <datoKey>
          <colonnaKey>dt_istituz</colonnaKey>
          <labelKey>Data istituzione</labelKey>
          <valoreKey>13/06/2016</valoreKey>
        </datoKey>
      </keyRecord>
      <datoRecord>
        <colonnaDato>dt_soppres</colonnaDato>
        <labelDato>Data soppressione</labelDato>
        <valoreDato>31/12/2444</valoreDato>
      </datoRecord>
      <recordChild>
        <tipoRecord>Campo per partizionamento</tipoRecord>
        <child>
          <idRecord>7843</idRecord>
          <keyRecord>
            <datoKey>
              <colonnaKey>ti_campo</colonnaKey>
              <labelKey>Tipo campo</labelKey>
              <valoreKey>SUB_STRUT</valoreKey>
            </datoKey>
            <datoKey>
              <colonnaKey>nm_campo</colonnaKey>
              <labelKey>Nome campo</labelKey>
              <valoreKey>SUB_STRUTTURA</valoreKey>
            </datoKey>
          </keyRecord>
          <datoRecord>
            <colonnaDato>nm_sub_strut</colonnaDato>
            <labelDato>Sottostruttura</labelDato>
            <valoreDato>DEFAULT</valoreDato>
          </datoRecord>
          <datoRecord>
            <colonnaDato>nm_attrib_dati_spec</colonnaDato>
            <labelDato>Dato specifico</labelDato>
            <valoreDato>null</valoreDato>
          </datoRecord>
        </child>
      </recordChild>
    </child>
    <child>
      <idRecord>3300</idRecord>
      <keyRecord>
        <datoKey>
          <colonnaKey>nm_tipo_doc</colonnaKey>
          <labelKey>Tipo documento principale</labelKey>
          <valoreKey>Foglio di trasformazione</valoreKey>
        </datoKey>
        <datoKey>
          <colonnaKey>dt_istituz</colonnaKey>
          <labelKey>Data istituzione</labelKey>
          <valoreKey>25/06/2015</valoreKey>
        </datoKey>
      </keyRecord>
      <datoRecord>
        <colonnaDato>dt_soppres</colonnaDato>
        <labelDato>Data soppressione</labelDato>
        <valoreDato>31/12/2444</valoreDato>
      </datoRecord>
      <recordChild>
        <tipoRecord>Campo per partizionamento</tipoRecord>
        <child>
          <idRecord>2068</idRecord>
          <keyRecord>
            <datoKey>
              <colonnaKey>ti_campo</colonnaKey>
              <labelKey>Tipo campo</labelKey>
              <valoreKey>SUB_STRUT</valoreKey>
            </datoKey>
            <datoKey>
              <colonnaKey>nm_campo</colonnaKey>
              <labelKey>Nome campo</labelKey>
              <valoreKey>SUB_STRUTTURA</valoreKey>
            </datoKey>
          </keyRecord>
          <datoRecord>
            <colonnaDato>nm_sub_strut</colonnaDato>
            <labelDato>Sottostruttura</labelDato>
            <valoreDato>DEFAULT</valoreDato>
          </datoRecord>
          <datoRecord>
            <colonnaDato>nm_attrib_dati_spec</colonnaDato>
            <labelDato>Dato specifico</labelDato>
            <valoreDato>null</valoreDato>
          </datoRecord>
        </child>
      </recordChild>
    </child>
    <child>
      <idRecord>536</idRecord>
      <keyRecord>
        <datoKey>
          <colonnaKey>nm_tipo_doc</colonnaKey>
          <labelKey>Tipo documento principale</labelKey>
          <valoreKey>Foglio di trasformazione</valoreKey>
        </datoKey>
        <datoKey>
          <colonnaKey>dt_istituz</colonnaKey>
          <labelKey>Data istituzione</labelKey>
          <valoreKey>10/11/2014</valoreKey>
        </datoKey>
      </keyRecord>
      <datoRecord>
        <colonnaDato>dt_soppres</colonnaDato>
        <labelDato>Data soppressione</labelDato>
        <valoreDato>31/12/2444</valoreDato>
      </datoRecord>
      <recordChild>
        <tipoRecord>Campo per partizionamento</tipoRecord>
        <child>
          <idRecord>280</idRecord>
          <keyRecord>
            <datoKey>
              <colonnaKey>ti_campo</colonnaKey>
              <labelKey>Tipo campo</labelKey>
              <valoreKey>SUB_STRUT</valoreKey>
            </datoKey>
            <datoKey>
              <colonnaKey>nm_campo</colonnaKey>
              <labelKey>Nome campo</labelKey>
              <valoreKey>SUB_STRUTTURA</valoreKey>
            </datoKey>
          </keyRecord>
          <datoRecord>
            <colonnaDato>nm_sub_strut</colonnaDato>
            <labelDato>Sottostruttura</labelDato>
            <valoreDato>DEFAULT</valoreDato>
          </datoRecord>
          <datoRecord>
            <colonnaDato>nm_attrib_dati_spec</colonnaDato>
            <labelDato>Dato specifico</labelDato>
            <valoreDato>null</valoreDato>
          </datoRecord>
        </child>
      </recordChild>
    </child>
    <child>
      <idRecord>2400</idRecord>
      <keyRecord>
        <datoKey>
          <colonnaKey>nm_tipo_doc</colonnaKey>
          <labelKey>Tipo documento principale</labelKey>
          <valoreKey>Foglio di trasformazione</valoreKey>
        </datoKey>
        <datoKey>
          <colonnaKey>dt_istituz</colonnaKey>
          <labelKey>Data istituzione</labelKey>
          <valoreKey>12/02/2015</valoreKey>
        </datoKey>
      </keyRecord>
      <datoRecord>
        <colonnaDato>dt_soppres</colonnaDato>
        <labelDato>Data soppressione</labelDato>
        <valoreDato>31/12/2444</valoreDato>
      </datoRecord>
      <recordChild>
        <tipoRecord>Campo per partizionamento</tipoRecord>
        <child>
          <idRecord>1043</idRecord>
          <keyRecord>
            <datoKey>
              <colonnaKey>ti_campo</colonnaKey>
              <labelKey>Tipo campo</labelKey>
              <valoreKey>SUB_STRUT</valoreKey>
            </datoKey>
            <datoKey>
              <colonnaKey>nm_campo</colonnaKey>
              <labelKey>Nome campo</labelKey>
              <valoreKey>SUB_STRUTTURA</valoreKey>
            </datoKey>
          </keyRecord>
          <datoRecord>
            <colonnaDato>nm_sub_strut</colonnaDato>
            <labelDato>Sottostruttura</labelDato>
            <valoreDato>DEFAULT</valoreDato>
          </datoRecord>
          <datoRecord>
            <colonnaDato>nm_attrib_dati_spec</colonnaDato>
            <labelDato>Dato specifico</labelDato>
            <valoreDato>null</valoreDato>
          </datoRecord>
        </child>
      </recordChild>
    </child>
    <child>
      <idRecord>2393</idRecord>
      <keyRecord>
        <datoKey>
          <colonnaKey>nm_tipo_doc</colonnaKey>
          <labelKey>Tipo documento principale</labelKey>
          <valoreKey>Foglio di trasformazione</valoreKey>
        </datoKey>
        <datoKey>
          <colonnaKey>dt_istituz</colonnaKey>
          <labelKey>Data istituzione</labelKey>
          <valoreKey>12/02/2015</valoreKey>
        </datoKey>
      </keyRecord>
      <datoRecord>
        <colonnaDato>dt_soppres</colonnaDato>
        <labelDato>Data soppressione</labelDato>
        <valoreDato>31/12/2444</valoreDato>
      </datoRecord>
      <recordChild>
        <tipoRecord>Campo per partizionamento</tipoRecord>
        <child>
          <idRecord>1036</idRecord>
          <keyRecord>
            <datoKey>
              <colonnaKey>ti_campo</colonnaKey>
              <labelKey>Tipo campo</labelKey>
              <valoreKey>SUB_STRUT</valoreKey>
            </datoKey>
            <datoKey>
              <colonnaKey>nm_campo</colonnaKey>
              <labelKey>Nome campo</labelKey>
              <valoreKey>SUB_STRUTTURA</valoreKey>
            </datoKey>
          </keyRecord>
          <datoRecord>
            <colonnaDato>nm_sub_strut</colonnaDato>
            <labelDato>Sottostruttura</labelDato>
            <valoreDato>DEFAULT</valoreDato>
          </datoRecord>
          <datoRecord>
            <colonnaDato>nm_attrib_dati_spec</colonnaDato>
            <labelDato>Dato specifico</labelDato>
            <valoreDato>null</valoreDato>
          </datoRecord>
        </child>
      </recordChild>
    </child>
    <child>
      <idRecord>2392</idRecord>
      <keyRecord>
        <datoKey>
          <colonnaKey>nm_tipo_doc</colonnaKey>
          <labelKey>Tipo documento principale</labelKey>
          <valoreKey>Foglio di trasformazione</valoreKey>
        </datoKey>
        <datoKey>
          <colonnaKey>dt_istituz</colonnaKey>
          <labelKey>Data istituzione</labelKey>
          <valoreKey>12/02/2015</valoreKey>
        </datoKey>
      </keyRecord>
      <datoRecord>
        <colonnaDato>dt_soppres</colonnaDato>
        <labelDato>Data soppressione</labelDato>
        <valoreDato>31/12/2444</valoreDato>
      </datoRecord>
      <recordChild>
        <tipoRecord>Campo per partizionamento</tipoRecord>
        <child>
          <idRecord>1035</idRecord>
          <keyRecord>
            <datoKey>
              <colonnaKey>ti_campo</colonnaKey>
              <labelKey>Tipo campo</labelKey>
              <valoreKey>SUB_STRUT</valoreKey>
            </datoKey>
            <datoKey>
              <colonnaKey>nm_campo</colonnaKey>
              <labelKey>Nome campo</labelKey>
              <valoreKey>SUB_STRUTTURA</valoreKey>
            </datoKey>
          </keyRecord>
          <datoRecord>
            <colonnaDato>nm_sub_strut</colonnaDato>
            <labelDato>Sottostruttura</labelDato>
            <valoreDato>DEFAULT</valoreDato>
          </datoRecord>
          <datoRecord>
            <colonnaDato>nm_attrib_dati_spec</colonnaDato>
            <labelDato>Dato specifico</labelDato>
            <valoreDato>null</valoreDato>
          </datoRecord>
        </child>
      </recordChild>
    </child>
    <child>
      <idRecord>2390</idRecord>
      <keyRecord>
        <datoKey>
          <colonnaKey>nm_tipo_doc</colonnaKey>
          <labelKey>Tipo documento principale</labelKey>
          <valoreKey>Foglio di trasformazione</valoreKey>
        </datoKey>
        <datoKey>
          <colonnaKey>dt_istituz</colonnaKey>
          <labelKey>Data istituzione</labelKey>
          <valoreKey>12/02/2015</valoreKey>
        </datoKey>
      </keyRecord>
      <datoRecord>
        <colonnaDato>dt_soppres</colonnaDato>
        <labelDato>Data soppressione</labelDato>
        <valoreDato>31/12/2444</valoreDato>
      </datoRecord>
      <recordChild>
        <tipoRecord>Campo per partizionamento</tipoRecord>
        <child>
          <idRecord>1033</idRecord>
          <keyRecord>
            <datoKey>
              <colonnaKey>ti_campo</colonnaKey>
              <labelKey>Tipo campo</labelKey>
              <valoreKey>SUB_STRUT</valoreKey>
            </datoKey>
            <datoKey>
              <colonnaKey>nm_campo</colonnaKey>
              <labelKey>Nome campo</labelKey>
              <valoreKey>SUB_STRUTTURA</valoreKey>
            </datoKey>
          </keyRecord>
          <datoRecord>
            <colonnaDato>nm_sub_strut</colonnaDato>
            <labelDato>Sottostruttura</labelDato>
            <valoreDato>DEFAULT</valoreDato>
          </datoRecord>
          <datoRecord>
            <colonnaDato>nm_attrib_dati_spec</colonnaDato>
            <labelDato>Dato specifico</labelDato>
            <valoreDato>null</valoreDato>
          </datoRecord>
        </child>
      </recordChild>
    </child>
    <child>
      <idRecord>2388</idRecord>
      <keyRecord>
        <datoKey>
          <colonnaKey>nm_tipo_doc</colonnaKey>
          <labelKey>Tipo documento principale</labelKey>
          <valoreKey>Foglio di trasformazione</valoreKey>
        </datoKey>
        <datoKey>
          <colonnaKey>dt_istituz</colonnaKey>
          <labelKey>Data istituzione</labelKey>
          <valoreKey>12/02/2015</valoreKey>
        </datoKey>
      </keyRecord>
      <datoRecord>
        <colonnaDato>dt_soppres</colonnaDato>
        <labelDato>Data soppressione</labelDato>
        <valoreDato>31/12/2444</valoreDato>
      </datoRecord>
      <recordChild>
        <tipoRecord>Campo per partizionamento</tipoRecord>
        <child>
          <idRecord>1031</idRecord>
          <keyRecord>
            <datoKey>
              <colonnaKey>ti_campo</colonnaKey>
              <labelKey>Tipo campo</labelKey>
              <valoreKey>SUB_STRUT</valoreKey>
            </datoKey>
            <datoKey>
              <colonnaKey>nm_campo</colonnaKey>
              <labelKey>Nome campo</labelKey>
              <valoreKey>SUB_STRUTTURA</valoreKey>
            </datoKey>
          </keyRecord>
          <datoRecord>
            <colonnaDato>nm_sub_strut</colonnaDato>
            <labelDato>Sottostruttura</labelDato>
            <valoreDato>DEFAULT</valoreDato>
          </datoRecord>
          <datoRecord>
            <colonnaDato>nm_attrib_dati_spec</colonnaDato>
            <labelDato>Dato specifico</labelDato>
            <valoreDato>null</valoreDato>
          </datoRecord>
        </child>
      </recordChild>
    </child>
    <child>
      <idRecord>459</idRecord>
      <keyRecord>
        <datoKey>
          <colonnaKey>nm_tipo_doc</colonnaKey>
          <labelKey>Tipo documento principale</labelKey>
          <valoreKey>GENERICO</valoreKey>
        </datoKey>
        <datoKey>
          <colonnaKey>dt_istituz</colonnaKey>
          <labelKey>Data istituzione</labelKey>
          <valoreKey>10/11/2014</valoreKey>
        </datoKey>
      </keyRecord>
      <datoRecord>
        <colonnaDato>dt_soppres</colonnaDato>
        <labelDato>Data soppressione</labelDato>
        <valoreDato>31/12/2444</valoreDato>
      </datoRecord>
      <recordChild>
        <tipoRecord>Campo per partizionamento</tipoRecord>
        <child>
          <idRecord>203</idRecord>
          <keyRecord>
            <datoKey>
              <colonnaKey>ti_campo</colonnaKey>
              <labelKey>Tipo campo</labelKey>
              <valoreKey>SUB_STRUT</valoreKey>
            </datoKey>
            <datoKey>
              <colonnaKey>nm_campo</colonnaKey>
              <labelKey>Nome campo</labelKey>
              <valoreKey>SUB_STRUTTURA</valoreKey>
            </datoKey>
          </keyRecord>
          <datoRecord>
            <colonnaDato>nm_sub_strut</colonnaDato>
            <labelDato>Sottostruttura</labelDato>
            <valoreDato>DEFAULT</valoreDato>
          </datoRecord>
          <datoRecord>
            <colonnaDato>nm_attrib_dati_spec</colonnaDato>
            <labelDato>Dato specifico</labelDato>
            <valoreDato>null</valoreDato>
          </datoRecord>
        </child>
      </recordChild>
    </child>
    <child>
      <idRecord>10042</idRecord>
      <keyRecord>
        <datoKey>
          <colonnaKey>nm_tipo_doc</colonnaKey>
          <labelKey>Tipo documento principale</labelKey>
          <valoreKey>GENERICO</valoreKey>
        </datoKey>
        <datoKey>
          <colonnaKey>dt_istituz</colonnaKey>
          <labelKey>Data istituzione</labelKey>
          <valoreKey>27/07/2016</valoreKey>
        </datoKey>
      </keyRecord>
      <datoRecord>
        <colonnaDato>dt_soppres</colonnaDato>
        <labelDato>Data soppressione</labelDato>
        <valoreDato>31/12/2444</valoreDato>
      </datoRecord>
      <recordChild>
        <tipoRecord>Campo per partizionamento</tipoRecord>
        <child>
          <idRecord>8362</idRecord>
          <keyRecord>
            <datoKey>
              <colonnaKey>ti_campo</colonnaKey>
              <labelKey>Tipo campo</labelKey>
              <valoreKey>SUB_STRUT</valoreKey>
            </datoKey>
            <datoKey>
              <colonnaKey>nm_campo</colonnaKey>
              <labelKey>Nome campo</labelKey>
              <valoreKey>SUB_STRUTTURA</valoreKey>
            </datoKey>
          </keyRecord>
          <datoRecord>
            <colonnaDato>nm_sub_strut</colonnaDato>
            <labelDato>Sottostruttura</labelDato>
            <valoreDato>DEFAULT</valoreDato>
          </datoRecord>
          <datoRecord>
            <colonnaDato>nm_attrib_dati_spec</colonnaDato>
            <labelDato>Dato specifico</labelDato>
            <valoreDato>null</valoreDato>
          </datoRecord>
        </child>
      </recordChild>
    </child>
    <child>
      <idRecord>10043</idRecord>
      <keyRecord>
        <datoKey>
          <colonnaKey>nm_tipo_doc</colonnaKey>
          <labelKey>Tipo documento principale</labelKey>
          <valoreKey>GENERICO</valoreKey>
        </datoKey>
        <datoKey>
          <colonnaKey>dt_istituz</colonnaKey>
          <labelKey>Data istituzione</labelKey>
          <valoreKey>27/07/2016</valoreKey>
        </datoKey>
      </keyRecord>
      <datoRecord>
        <colonnaDato>dt_soppres</colonnaDato>
        <labelDato>Data soppressione</labelDato>
        <valoreDato>31/12/2444</valoreDato>
      </datoRecord>
      <recordChild>
        <tipoRecord>Campo per partizionamento</tipoRecord>
        <child>
          <idRecord>8363</idRecord>
          <keyRecord>
            <datoKey>
              <colonnaKey>ti_campo</colonnaKey>
              <labelKey>Tipo campo</labelKey>
              <valoreKey>SUB_STRUT</valoreKey>
            </datoKey>
            <datoKey>
              <colonnaKey>nm_campo</colonnaKey>
              <labelKey>Nome campo</labelKey>
              <valoreKey>SUB_STRUTTURA</valoreKey>
            </datoKey>
          </keyRecord>
          <datoRecord>
            <colonnaDato>nm_sub_strut</colonnaDato>
            <labelDato>Sottostruttura</labelDato>
            <valoreDato>DEFAULT</valoreDato>
          </datoRecord>
          <datoRecord>
            <colonnaDato>nm_attrib_dati_spec</colonnaDato>
            <labelDato>Dato specifico</labelDato>
            <valoreDato>null</valoreDato>
          </datoRecord>
        </child>
      </recordChild>
    </child>
    <child>
      <idRecord>10041</idRecord>
      <keyRecord>
        <datoKey>
          <colonnaKey>nm_tipo_doc</colonnaKey>
          <labelKey>Tipo documento principale</labelKey>
          <valoreKey>GENERICO</valoreKey>
        </datoKey>
        <datoKey>
          <colonnaKey>dt_istituz</colonnaKey>
          <labelKey>Data istituzione</labelKey>
          <valoreKey>06/06/2016</valoreKey>
        </datoKey>
      </keyRecord>
      <datoRecord>
        <colonnaDato>dt_soppres</colonnaDato>
        <labelDato>Data soppressione</labelDato>
        <valoreDato>31/12/2444</valoreDato>
      </datoRecord>
      <recordChild>
        <tipoRecord>Campo per partizionamento</tipoRecord>
        <child>
          <idRecord>8361</idRecord>
          <keyRecord>
            <datoKey>
              <colonnaKey>ti_campo</colonnaKey>
              <labelKey>Tipo campo</labelKey>
              <valoreKey>SUB_STRUT</valoreKey>
            </datoKey>
            <datoKey>
              <colonnaKey>nm_campo</colonnaKey>
              <labelKey>Nome campo</labelKey>
              <valoreKey>SUB_STRUTTURA</valoreKey>
            </datoKey>
          </keyRecord>
          <datoRecord>
            <colonnaDato>nm_sub_strut</colonnaDato>
            <labelDato>Sottostruttura</labelDato>
            <valoreDato>DEFAULT</valoreDato>
          </datoRecord>
          <datoRecord>
            <colonnaDato>nm_attrib_dati_spec</colonnaDato>
            <labelDato>Dato specifico</labelDato>
            <valoreDato>null</valoreDato>
          </datoRecord>
        </child>
      </recordChild>
    </child>
    <child>
      <idRecord>461</idRecord>
      <keyRecord>
        <datoKey>
          <colonnaKey>nm_tipo_doc</colonnaKey>
          <labelKey>Tipo documento principale</labelKey>
          <valoreKey>GENERICO</valoreKey>
        </datoKey>
        <datoKey>
          <colonnaKey>dt_istituz</colonnaKey>
          <labelKey>Data istituzione</labelKey>
          <valoreKey>10/11/2014</valoreKey>
        </datoKey>
      </keyRecord>
      <datoRecord>
        <colonnaDato>dt_soppres</colonnaDato>
        <labelDato>Data soppressione</labelDato>
        <valoreDato>31/12/2444</valoreDato>
      </datoRecord>
      <recordChild>
        <tipoRecord>Campo per partizionamento</tipoRecord>
        <child>
          <idRecord>205</idRecord>
          <keyRecord>
            <datoKey>
              <colonnaKey>ti_campo</colonnaKey>
              <labelKey>Tipo campo</labelKey>
              <valoreKey>SUB_STRUT</valoreKey>
            </datoKey>
            <datoKey>
              <colonnaKey>nm_campo</colonnaKey>
              <labelKey>Nome campo</labelKey>
              <valoreKey>SUB_STRUTTURA</valoreKey>
            </datoKey>
          </keyRecord>
          <datoRecord>
            <colonnaDato>nm_sub_strut</colonnaDato>
            <labelDato>Sottostruttura</labelDato>
            <valoreDato>DEFAULT</valoreDato>
          </datoRecord>
          <datoRecord>
            <colonnaDato>nm_attrib_dati_spec</colonnaDato>
            <labelDato>Dato specifico</labelDato>
            <valoreDato>null</valoreDato>
          </datoRecord>
        </child>
      </recordChild>
    </child>
    <child>
      <idRecord>480</idRecord>
      <keyRecord>
        <datoKey>
          <colonnaKey>nm_tipo_doc</colonnaKey>
          <labelKey>Tipo documento principale</labelKey>
          <valoreKey>IMMAGINE</valoreKey>
        </datoKey>
        <datoKey>
          <colonnaKey>dt_istituz</colonnaKey>
          <labelKey>Data istituzione</labelKey>
          <valoreKey>10/11/2014</valoreKey>
        </datoKey>
      </keyRecord>
      <datoRecord>
        <colonnaDato>dt_soppres</colonnaDato>
        <labelDato>Data soppressione</labelDato>
        <valoreDato>31/12/2444</valoreDato>
      </datoRecord>
      <recordChild>
        <tipoRecord>Campo per partizionamento</tipoRecord>
        <child>
          <idRecord>224</idRecord>
          <keyRecord>
            <datoKey>
              <colonnaKey>ti_campo</colonnaKey>
              <labelKey>Tipo campo</labelKey>
              <valoreKey>SUB_STRUT</valoreKey>
            </datoKey>
            <datoKey>
              <colonnaKey>nm_campo</colonnaKey>
              <labelKey>Nome campo</labelKey>
              <valoreKey>SUB_STRUTTURA</valoreKey>
            </datoKey>
          </keyRecord>
          <datoRecord>
            <colonnaDato>nm_sub_strut</colonnaDato>
            <labelDato>Sottostruttura</labelDato>
            <valoreDato>DEFAULT</valoreDato>
          </datoRecord>
          <datoRecord>
            <colonnaDato>nm_attrib_dati_spec</colonnaDato>
            <labelDato>Dato specifico</labelDato>
            <valoreDato>null</valoreDato>
          </datoRecord>
        </child>
      </recordChild>
    </child>
    <child>
      <idRecord>2449</idRecord>
      <keyRecord>
        <datoKey>
          <colonnaKey>nm_tipo_doc</colonnaKey>
          <labelKey>Tipo documento principale</labelKey>
          <valoreKey>IMMAGINE</valoreKey>
        </datoKey>
        <datoKey>
          <colonnaKey>dt_istituz</colonnaKey>
          <labelKey>Data istituzione</labelKey>
          <valoreKey>12/02/2015</valoreKey>
        </datoKey>
      </keyRecord>
      <datoRecord>
        <colonnaDato>dt_soppres</colonnaDato>
        <labelDato>Data soppressione</labelDato>
        <valoreDato>31/12/2444</valoreDato>
      </datoRecord>
      <recordChild>
        <tipoRecord>Campo per partizionamento</tipoRecord>
        <child>
          <idRecord>1092</idRecord>
          <keyRecord>
            <datoKey>
              <colonnaKey>ti_campo</colonnaKey>
              <labelKey>Tipo campo</labelKey>
              <valoreKey>SUB_STRUT</valoreKey>
            </datoKey>
            <datoKey>
              <colonnaKey>nm_campo</colonnaKey>
              <labelKey>Nome campo</labelKey>
              <valoreKey>SUB_STRUTTURA</valoreKey>
            </datoKey>
          </keyRecord>
          <datoRecord>
            <colonnaDato>nm_sub_strut</colonnaDato>
            <labelDato>Sottostruttura</labelDato>
            <valoreDato>DEFAULT</valoreDato>
          </datoRecord>
          <datoRecord>
            <colonnaDato>nm_attrib_dati_spec</colonnaDato>
            <labelDato>Dato specifico</labelDato>
            <valoreDato>null</valoreDato>
          </datoRecord>
        </child>
      </recordChild>
    </child>
    <child>
      <idRecord>2448</idRecord>
      <keyRecord>
        <datoKey>
          <colonnaKey>nm_tipo_doc</colonnaKey>
          <labelKey>Tipo documento principale</labelKey>
          <valoreKey>IMMAGINE</valoreKey>
        </datoKey>
        <datoKey>
          <colonnaKey>dt_istituz</colonnaKey>
          <labelKey>Data istituzione</labelKey>
          <valoreKey>12/02/2015</valoreKey>
        </datoKey>
      </keyRecord>
      <datoRecord>
        <colonnaDato>dt_soppres</colonnaDato>
        <labelDato>Data soppressione</labelDato>
        <valoreDato>31/12/2444</valoreDato>
      </datoRecord>
      <recordChild>
        <tipoRecord>Campo per partizionamento</tipoRecord>
        <child>
          <idRecord>1091</idRecord>
          <keyRecord>
            <datoKey>
              <colonnaKey>ti_campo</colonnaKey>
              <labelKey>Tipo campo</labelKey>
              <valoreKey>SUB_STRUT</valoreKey>
            </datoKey>
            <datoKey>
              <colonnaKey>nm_campo</colonnaKey>
              <labelKey>Nome campo</labelKey>
              <valoreKey>SUB_STRUTTURA</valoreKey>
            </datoKey>
          </keyRecord>
          <datoRecord>
            <colonnaDato>nm_sub_strut</colonnaDato>
            <labelDato>Sottostruttura</labelDato>
            <valoreDato>DEFAULT</valoreDato>
          </datoRecord>
          <datoRecord>
            <colonnaDato>nm_attrib_dati_spec</colonnaDato>
            <labelDato>Dato specifico</labelDato>
            <valoreDato>null</valoreDato>
          </datoRecord>
        </child>
      </recordChild>
    </child>
    <child>
      <idRecord>2781</idRecord>
      <keyRecord>
        <datoKey>
          <colonnaKey>nm_tipo_doc</colonnaKey>
          <labelKey>Tipo documento principale</labelKey>
          <valoreKey>LETTERA DIMISSIONE</valoreKey>
        </datoKey>
        <datoKey>
          <colonnaKey>dt_istituz</colonnaKey>
          <labelKey>Data istituzione</labelKey>
          <valoreKey>01/04/2015</valoreKey>
        </datoKey>
      </keyRecord>
      <datoRecord>
        <colonnaDato>dt_soppres</colonnaDato>
        <labelDato>Data soppressione</labelDato>
        <valoreDato>31/12/2444</valoreDato>
      </datoRecord>
      <recordChild>
        <tipoRecord>Campo per partizionamento</tipoRecord>
        <child>
          <idRecord>1621</idRecord>
          <keyRecord>
            <datoKey>
              <colonnaKey>ti_campo</colonnaKey>
              <labelKey>Tipo campo</labelKey>
              <valoreKey>SUB_STRUT</valoreKey>
            </datoKey>
            <datoKey>
              <colonnaKey>nm_campo</colonnaKey>
              <labelKey>Nome campo</labelKey>
              <valoreKey>SUB_STRUTTURA</valoreKey>
            </datoKey>
          </keyRecord>
          <datoRecord>
            <colonnaDato>nm_sub_strut</colonnaDato>
            <labelDato>Sottostruttura</labelDato>
            <valoreDato>DEFAULT</valoreDato>
          </datoRecord>
          <datoRecord>
            <colonnaDato>nm_attrib_dati_spec</colonnaDato>
            <labelDato>Dato specifico</labelDato>
            <valoreDato>null</valoreDato>
          </datoRecord>
        </child>
      </recordChild>
    </child>
    <child>
      <idRecord>7408</idRecord>
      <keyRecord>
        <datoKey>
          <colonnaKey>nm_tipo_doc</colonnaKey>
          <labelKey>Tipo documento principale</labelKey>
          <valoreKey>LETTERA DIMISSIONE</valoreKey>
        </datoKey>
        <datoKey>
          <colonnaKey>dt_istituz</colonnaKey>
          <labelKey>Data istituzione</labelKey>
          <valoreKey>01/04/2015</valoreKey>
        </datoKey>
      </keyRecord>
      <datoRecord>
        <colonnaDato>dt_soppres</colonnaDato>
        <labelDato>Data soppressione</labelDato>
        <valoreDato>31/12/2444</valoreDato>
      </datoRecord>
      <recordChild>
        <tipoRecord>Campo per partizionamento</tipoRecord>
        <child>
          <idRecord>5867</idRecord>
          <keyRecord>
            <datoKey>
              <colonnaKey>ti_campo</colonnaKey>
              <labelKey>Tipo campo</labelKey>
              <valoreKey>SUB_STRUT</valoreKey>
            </datoKey>
            <datoKey>
              <colonnaKey>nm_campo</colonnaKey>
              <labelKey>Nome campo</labelKey>
              <valoreKey>SUB_STRUTTURA</valoreKey>
            </datoKey>
          </keyRecord>
          <datoRecord>
            <colonnaDato>nm_sub_strut</colonnaDato>
            <labelDato>Sottostruttura</labelDato>
            <valoreDato>DEFAULT</valoreDato>
          </datoRecord>
          <datoRecord>
            <colonnaDato>nm_attrib_dati_spec</colonnaDato>
            <labelDato>Dato specifico</labelDato>
            <valoreDato>null</valoreDato>
          </datoRecord>
        </child>
      </recordChild>
    </child>
    <child>
      <idRecord>2415</idRecord>
      <keyRecord>
        <datoKey>
          <colonnaKey>nm_tipo_doc</colonnaKey>
          <labelKey>Tipo documento principale</labelKey>
          <valoreKey>LOG</valoreKey>
        </datoKey>
        <datoKey>
          <colonnaKey>dt_istituz</colonnaKey>
          <labelKey>Data istituzione</labelKey>
          <valoreKey>12/02/2015</valoreKey>
        </datoKey>
      </keyRecord>
      <datoRecord>
        <colonnaDato>dt_soppres</colonnaDato>
        <labelDato>Data soppressione</labelDato>
        <valoreDato>31/12/2444</valoreDato>
      </datoRecord>
      <recordChild>
        <tipoRecord>Campo per partizionamento</tipoRecord>
        <child>
          <idRecord>1058</idRecord>
          <keyRecord>
            <datoKey>
              <colonnaKey>ti_campo</colonnaKey>
              <labelKey>Tipo campo</labelKey>
              <valoreKey>SUB_STRUT</valoreKey>
            </datoKey>
            <datoKey>
              <colonnaKey>nm_campo</colonnaKey>
              <labelKey>Nome campo</labelKey>
              <valoreKey>SUB_STRUTTURA</valoreKey>
            </datoKey>
          </keyRecord>
          <datoRecord>
            <colonnaDato>nm_sub_strut</colonnaDato>
            <labelDato>Sottostruttura</labelDato>
            <valoreDato>DEFAULT</valoreDato>
          </datoRecord>
          <datoRecord>
            <colonnaDato>nm_attrib_dati_spec</colonnaDato>
            <labelDato>Dato specifico</labelDato>
            <valoreDato>null</valoreDato>
          </datoRecord>
        </child>
      </recordChild>
    </child>
    <child>
      <idRecord>490</idRecord>
      <keyRecord>
        <datoKey>
          <colonnaKey>nm_tipo_doc</colonnaKey>
          <labelKey>Tipo documento principale</labelKey>
          <valoreKey>LOG</valoreKey>
        </datoKey>
        <datoKey>
          <colonnaKey>dt_istituz</colonnaKey>
          <labelKey>Data istituzione</labelKey>
          <valoreKey>10/11/2014</valoreKey>
        </datoKey>
      </keyRecord>
      <datoRecord>
        <colonnaDato>dt_soppres</colonnaDato>
        <labelDato>Data soppressione</labelDato>
        <valoreDato>31/12/2444</valoreDato>
      </datoRecord>
      <recordChild>
        <tipoRecord>Campo per partizionamento</tipoRecord>
        <child>
          <idRecord>234</idRecord>
          <keyRecord>
            <datoKey>
              <colonnaKey>ti_campo</colonnaKey>
              <labelKey>Tipo campo</labelKey>
              <valoreKey>SUB_STRUT</valoreKey>
            </datoKey>
            <datoKey>
              <colonnaKey>nm_campo</colonnaKey>
              <labelKey>Nome campo</labelKey>
              <valoreKey>SUB_STRUTTURA</valoreKey>
            </datoKey>
          </keyRecord>
          <datoRecord>
            <colonnaDato>nm_sub_strut</colonnaDato>
            <labelDato>Sottostruttura</labelDato>
            <valoreDato>DEFAULT</valoreDato>
          </datoRecord>
          <datoRecord>
            <colonnaDato>nm_attrib_dati_spec</colonnaDato>
            <labelDato>Dato specifico</labelDato>
            <valoreDato>null</valoreDato>
          </datoRecord>
        </child>
      </recordChild>
    </child>
    <child>
      <idRecord>2416</idRecord>
      <keyRecord>
        <datoKey>
          <colonnaKey>nm_tipo_doc</colonnaKey>
          <labelKey>Tipo documento principale</labelKey>
          <valoreKey>LOG</valoreKey>
        </datoKey>
        <datoKey>
          <colonnaKey>dt_istituz</colonnaKey>
          <labelKey>Data istituzione</labelKey>
          <valoreKey>12/02/2015</valoreKey>
        </datoKey>
      </keyRecord>
      <datoRecord>
        <colonnaDato>dt_soppres</colonnaDato>
        <labelDato>Data soppressione</labelDato>
        <valoreDato>31/12/2444</valoreDato>
      </datoRecord>
      <recordChild>
        <tipoRecord>Campo per partizionamento</tipoRecord>
        <child>
          <idRecord>1059</idRecord>
          <keyRecord>
            <datoKey>
              <colonnaKey>ti_campo</colonnaKey>
              <labelKey>Tipo campo</labelKey>
              <valoreKey>SUB_STRUT</valoreKey>
            </datoKey>
            <datoKey>
              <colonnaKey>nm_campo</colonnaKey>
              <labelKey>Nome campo</labelKey>
              <valoreKey>SUB_STRUTTURA</valoreKey>
            </datoKey>
          </keyRecord>
          <datoRecord>
            <colonnaDato>nm_sub_strut</colonnaDato>
            <labelDato>Sottostruttura</labelDato>
            <valoreDato>DEFAULT</valoreDato>
          </datoRecord>
          <datoRecord>
            <colonnaDato>nm_attrib_dati_spec</colonnaDato>
            <labelDato>Dato specifico</labelDato>
            <valoreDato>null</valoreDato>
          </datoRecord>
        </child>
      </recordChild>
    </child>
    <child>
      <idRecord>2280</idRecord>
      <keyRecord>
        <datoKey>
          <colonnaKey>nm_tipo_doc</colonnaKey>
          <labelKey>Tipo documento principale</labelKey>
          <valoreKey>LOG_ASC</valoreKey>
        </datoKey>
        <datoKey>
          <colonnaKey>dt_istituz</colonnaKey>
          <labelKey>Data istituzione</labelKey>
          <valoreKey>12/02/2015</valoreKey>
        </datoKey>
      </keyRecord>
      <datoRecord>
        <colonnaDato>dt_soppres</colonnaDato>
        <labelDato>Data soppressione</labelDato>
        <valoreDato>31/12/2444</valoreDato>
      </datoRecord>
      <recordChild>
        <tipoRecord>Campo per partizionamento</tipoRecord>
        <child>
          <idRecord>923</idRecord>
          <keyRecord>
            <datoKey>
              <colonnaKey>ti_campo</colonnaKey>
              <labelKey>Tipo campo</labelKey>
              <valoreKey>SUB_STRUT</valoreKey>
            </datoKey>
            <datoKey>
              <colonnaKey>nm_campo</colonnaKey>
              <labelKey>Nome campo</labelKey>
              <valoreKey>SUB_STRUTTURA</valoreKey>
            </datoKey>
          </keyRecord>
          <datoRecord>
            <colonnaDato>nm_sub_strut</colonnaDato>
            <labelDato>Sottostruttura</labelDato>
            <valoreDato>DEFAULT</valoreDato>
          </datoRecord>
          <datoRecord>
            <colonnaDato>nm_attrib_dati_spec</colonnaDato>
            <labelDato>Dato specifico</labelDato>
            <valoreDato>null</valoreDato>
          </datoRecord>
        </child>
      </recordChild>
    </child>
    <child>
      <idRecord>493</idRecord>
      <keyRecord>
        <datoKey>
          <colonnaKey>nm_tipo_doc</colonnaKey>
          <labelKey>Tipo documento principale</labelKey>
          <valoreKey>LOG_ASC</valoreKey>
        </datoKey>
        <datoKey>
          <colonnaKey>dt_istituz</colonnaKey>
          <labelKey>Data istituzione</labelKey>
          <valoreKey>10/11/2014</valoreKey>
        </datoKey>
      </keyRecord>
      <datoRecord>
        <colonnaDato>dt_soppres</colonnaDato>
        <labelDato>Data soppressione</labelDato>
        <valoreDato>31/12/2444</valoreDato>
      </datoRecord>
      <recordChild>
        <tipoRecord>Campo per partizionamento</tipoRecord>
        <child>
          <idRecord>237</idRecord>
          <keyRecord>
            <datoKey>
              <colonnaKey>ti_campo</colonnaKey>
              <labelKey>Tipo campo</labelKey>
              <valoreKey>SUB_STRUT</valoreKey>
            </datoKey>
            <datoKey>
              <colonnaKey>nm_campo</colonnaKey>
              <labelKey>Nome campo</labelKey>
              <valoreKey>SUB_STRUTTURA</valoreKey>
            </datoKey>
          </keyRecord>
          <datoRecord>
            <colonnaDato>nm_sub_strut</colonnaDato>
            <labelDato>Sottostruttura</labelDato>
            <valoreDato>DEFAULT</valoreDato>
          </datoRecord>
          <datoRecord>
            <colonnaDato>nm_attrib_dati_spec</colonnaDato>
            <labelDato>Dato specifico</labelDato>
            <valoreDato>null</valoreDato>
          </datoRecord>
        </child>
      </recordChild>
    </child>
    <child>
      <idRecord>2384</idRecord>
      <keyRecord>
        <datoKey>
          <colonnaKey>nm_tipo_doc</colonnaKey>
          <labelKey>Tipo documento principale</labelKey>
          <valoreKey>LOG_ASC</valoreKey>
        </datoKey>
        <datoKey>
          <colonnaKey>dt_istituz</colonnaKey>
          <labelKey>Data istituzione</labelKey>
          <valoreKey>12/02/2015</valoreKey>
        </datoKey>
      </keyRecord>
      <datoRecord>
        <colonnaDato>dt_soppres</colonnaDato>
        <labelDato>Data soppressione</labelDato>
        <valoreDato>31/12/2444</valoreDato>
      </datoRecord>
      <recordChild>
        <tipoRecord>Campo per partizionamento</tipoRecord>
        <child>
          <idRecord>1027</idRecord>
          <keyRecord>
            <datoKey>
              <colonnaKey>ti_campo</colonnaKey>
              <labelKey>Tipo campo</labelKey>
              <valoreKey>SUB_STRUT</valoreKey>
            </datoKey>
            <datoKey>
              <colonnaKey>nm_campo</colonnaKey>
              <labelKey>Nome campo</labelKey>
              <valoreKey>SUB_STRUTTURA</valoreKey>
            </datoKey>
          </keyRecord>
          <datoRecord>
            <colonnaDato>nm_sub_strut</colonnaDato>
            <labelDato>Sottostruttura</labelDato>
            <valoreDato>DEFAULT</valoreDato>
          </datoRecord>
          <datoRecord>
            <colonnaDato>nm_attrib_dati_spec</colonnaDato>
            <labelDato>Dato specifico</labelDato>
            <valoreDato>null</valoreDato>
          </datoRecord>
        </child>
      </recordChild>
    </child>
    <child>
      <idRecord>2383</idRecord>
      <keyRecord>
        <datoKey>
          <colonnaKey>nm_tipo_doc</colonnaKey>
          <labelKey>Tipo documento principale</labelKey>
          <valoreKey>LOG_ASC</valoreKey>
        </datoKey>
        <datoKey>
          <colonnaKey>dt_istituz</colonnaKey>
          <labelKey>Data istituzione</labelKey>
          <valoreKey>12/02/2015</valoreKey>
        </datoKey>
      </keyRecord>
      <datoRecord>
        <colonnaDato>dt_soppres</colonnaDato>
        <labelDato>Data soppressione</labelDato>
        <valoreDato>31/12/2444</valoreDato>
      </datoRecord>
      <recordChild>
        <tipoRecord>Campo per partizionamento</tipoRecord>
        <child>
          <idRecord>1026</idRecord>
          <keyRecord>
            <datoKey>
              <colonnaKey>ti_campo</colonnaKey>
              <labelKey>Tipo campo</labelKey>
              <valoreKey>SUB_STRUT</valoreKey>
            </datoKey>
            <datoKey>
              <colonnaKey>nm_campo</colonnaKey>
              <labelKey>Nome campo</labelKey>
              <valoreKey>SUB_STRUTTURA</valoreKey>
            </datoKey>
          </keyRecord>
          <datoRecord>
            <colonnaDato>nm_sub_strut</colonnaDato>
            <labelDato>Sottostruttura</labelDato>
            <valoreDato>DEFAULT</valoreDato>
          </datoRecord>
          <datoRecord>
            <colonnaDato>nm_attrib_dati_spec</colonnaDato>
            <labelDato>Dato specifico</labelDato>
            <valoreDato>null</valoreDato>
          </datoRecord>
        </child>
      </recordChild>
    </child>
    <child>
      <idRecord>2382</idRecord>
      <keyRecord>
        <datoKey>
          <colonnaKey>nm_tipo_doc</colonnaKey>
          <labelKey>Tipo documento principale</labelKey>
          <valoreKey>LOG_ASC</valoreKey>
        </datoKey>
        <datoKey>
          <colonnaKey>dt_istituz</colonnaKey>
          <labelKey>Data istituzione</labelKey>
          <valoreKey>12/02/2015</valoreKey>
        </datoKey>
      </keyRecord>
      <datoRecord>
        <colonnaDato>dt_soppres</colonnaDato>
        <labelDato>Data soppressione</labelDato>
        <valoreDato>31/12/2444</valoreDato>
      </datoRecord>
      <recordChild>
        <tipoRecord>Campo per partizionamento</tipoRecord>
        <child>
          <idRecord>1025</idRecord>
          <keyRecord>
            <datoKey>
              <colonnaKey>ti_campo</colonnaKey>
              <labelKey>Tipo campo</labelKey>
              <valoreKey>SUB_STRUT</valoreKey>
            </datoKey>
            <datoKey>
              <colonnaKey>nm_campo</colonnaKey>
              <labelKey>Nome campo</labelKey>
              <valoreKey>SUB_STRUTTURA</valoreKey>
            </datoKey>
          </keyRecord>
          <datoRecord>
            <colonnaDato>nm_sub_strut</colonnaDato>
            <labelDato>Sottostruttura</labelDato>
            <valoreDato>DEFAULT</valoreDato>
          </datoRecord>
          <datoRecord>
            <colonnaDato>nm_attrib_dati_spec</colonnaDato>
            <labelDato>Dato specifico</labelDato>
            <valoreDato>null</valoreDato>
          </datoRecord>
        </child>
      </recordChild>
    </child>
    <child>
      <idRecord>2381</idRecord>
      <keyRecord>
        <datoKey>
          <colonnaKey>nm_tipo_doc</colonnaKey>
          <labelKey>Tipo documento principale</labelKey>
          <valoreKey>LOG_ASC</valoreKey>
        </datoKey>
        <datoKey>
          <colonnaKey>dt_istituz</colonnaKey>
          <labelKey>Data istituzione</labelKey>
          <valoreKey>12/02/2015</valoreKey>
        </datoKey>
      </keyRecord>
      <datoRecord>
        <colonnaDato>dt_soppres</colonnaDato>
        <labelDato>Data soppressione</labelDato>
        <valoreDato>31/12/2444</valoreDato>
      </datoRecord>
      <recordChild>
        <tipoRecord>Campo per partizionamento</tipoRecord>
        <child>
          <idRecord>1024</idRecord>
          <keyRecord>
            <datoKey>
              <colonnaKey>ti_campo</colonnaKey>
              <labelKey>Tipo campo</labelKey>
              <valoreKey>SUB_STRUT</valoreKey>
            </datoKey>
            <datoKey>
              <colonnaKey>nm_campo</colonnaKey>
              <labelKey>Nome campo</labelKey>
              <valoreKey>SUB_STRUTTURA</valoreKey>
            </datoKey>
          </keyRecord>
          <datoRecord>
            <colonnaDato>nm_sub_strut</colonnaDato>
            <labelDato>Sottostruttura</labelDato>
            <valoreDato>DEFAULT</valoreDato>
          </datoRecord>
          <datoRecord>
            <colonnaDato>nm_attrib_dati_spec</colonnaDato>
            <labelDato>Dato specifico</labelDato>
            <valoreDato>null</valoreDato>
          </datoRecord>
        </child>
      </recordChild>
    </child>
    <child>
      <idRecord>2380</idRecord>
      <keyRecord>
        <datoKey>
          <colonnaKey>nm_tipo_doc</colonnaKey>
          <labelKey>Tipo documento principale</labelKey>
          <valoreKey>LOG_ASC</valoreKey>
        </datoKey>
        <datoKey>
          <colonnaKey>dt_istituz</colonnaKey>
          <labelKey>Data istituzione</labelKey>
          <valoreKey>12/02/2015</valoreKey>
        </datoKey>
      </keyRecord>
      <datoRecord>
        <colonnaDato>dt_soppres</colonnaDato>
        <labelDato>Data soppressione</labelDato>
        <valoreDato>31/12/2444</valoreDato>
      </datoRecord>
      <recordChild>
        <tipoRecord>Campo per partizionamento</tipoRecord>
        <child>
          <idRecord>1023</idRecord>
          <keyRecord>
            <datoKey>
              <colonnaKey>ti_campo</colonnaKey>
              <labelKey>Tipo campo</labelKey>
              <valoreKey>SUB_STRUT</valoreKey>
            </datoKey>
            <datoKey>
              <colonnaKey>nm_campo</colonnaKey>
              <labelKey>Nome campo</labelKey>
              <valoreKey>SUB_STRUTTURA</valoreKey>
            </datoKey>
          </keyRecord>
          <datoRecord>
            <colonnaDato>nm_sub_strut</colonnaDato>
            <labelDato>Sottostruttura</labelDato>
            <valoreDato>DEFAULT</valoreDato>
          </datoRecord>
          <datoRecord>
            <colonnaDato>nm_attrib_dati_spec</colonnaDato>
            <labelDato>Dato specifico</labelDato>
            <valoreDato>null</valoreDato>
          </datoRecord>
        </child>
      </recordChild>
    </child>
    <child>
      <idRecord>2379</idRecord>
      <keyRecord>
        <datoKey>
          <colonnaKey>nm_tipo_doc</colonnaKey>
          <labelKey>Tipo documento principale</labelKey>
          <valoreKey>LOG_ASC</valoreKey>
        </datoKey>
        <datoKey>
          <colonnaKey>dt_istituz</colonnaKey>
          <labelKey>Data istituzione</labelKey>
          <valoreKey>12/02/2015</valoreKey>
        </datoKey>
      </keyRecord>
      <datoRecord>
        <colonnaDato>dt_soppres</colonnaDato>
        <labelDato>Data soppressione</labelDato>
        <valoreDato>31/12/2444</valoreDato>
      </datoRecord>
      <recordChild>
        <tipoRecord>Campo per partizionamento</tipoRecord>
        <child>
          <idRecord>1022</idRecord>
          <keyRecord>
            <datoKey>
              <colonnaKey>ti_campo</colonnaKey>
              <labelKey>Tipo campo</labelKey>
              <valoreKey>SUB_STRUT</valoreKey>
            </datoKey>
            <datoKey>
              <colonnaKey>nm_campo</colonnaKey>
              <labelKey>Nome campo</labelKey>
              <valoreKey>SUB_STRUTTURA</valoreKey>
            </datoKey>
          </keyRecord>
          <datoRecord>
            <colonnaDato>nm_sub_strut</colonnaDato>
            <labelDato>Sottostruttura</labelDato>
            <valoreDato>DEFAULT</valoreDato>
          </datoRecord>
          <datoRecord>
            <colonnaDato>nm_attrib_dati_spec</colonnaDato>
            <labelDato>Dato specifico</labelDato>
            <valoreDato>null</valoreDato>
          </datoRecord>
        </child>
      </recordChild>
    </child>
    <child>
      <idRecord>2378</idRecord>
      <keyRecord>
        <datoKey>
          <colonnaKey>nm_tipo_doc</colonnaKey>
          <labelKey>Tipo documento principale</labelKey>
          <valoreKey>LOG_ASC</valoreKey>
        </datoKey>
        <datoKey>
          <colonnaKey>dt_istituz</colonnaKey>
          <labelKey>Data istituzione</labelKey>
          <valoreKey>12/02/2015</valoreKey>
        </datoKey>
      </keyRecord>
      <datoRecord>
        <colonnaDato>dt_soppres</colonnaDato>
        <labelDato>Data soppressione</labelDato>
        <valoreDato>31/12/2444</valoreDato>
      </datoRecord>
      <recordChild>
        <tipoRecord>Campo per partizionamento</tipoRecord>
        <child>
          <idRecord>1021</idRecord>
          <keyRecord>
            <datoKey>
              <colonnaKey>ti_campo</colonnaKey>
              <labelKey>Tipo campo</labelKey>
              <valoreKey>SUB_STRUT</valoreKey>
            </datoKey>
            <datoKey>
              <colonnaKey>nm_campo</colonnaKey>
              <labelKey>Nome campo</labelKey>
              <valoreKey>SUB_STRUTTURA</valoreKey>
            </datoKey>
          </keyRecord>
          <datoRecord>
            <colonnaDato>nm_sub_strut</colonnaDato>
            <labelDato>Sottostruttura</labelDato>
            <valoreDato>DEFAULT</valoreDato>
          </datoRecord>
          <datoRecord>
            <colonnaDato>nm_attrib_dati_spec</colonnaDato>
            <labelDato>Dato specifico</labelDato>
            <valoreDato>null</valoreDato>
          </datoRecord>
        </child>
      </recordChild>
    </child>
    <child>
      <idRecord>2377</idRecord>
      <keyRecord>
        <datoKey>
          <colonnaKey>nm_tipo_doc</colonnaKey>
          <labelKey>Tipo documento principale</labelKey>
          <valoreKey>LOG_ASC</valoreKey>
        </datoKey>
        <datoKey>
          <colonnaKey>dt_istituz</colonnaKey>
          <labelKey>Data istituzione</labelKey>
          <valoreKey>12/02/2015</valoreKey>
        </datoKey>
      </keyRecord>
      <datoRecord>
        <colonnaDato>dt_soppres</colonnaDato>
        <labelDato>Data soppressione</labelDato>
        <valoreDato>31/12/2444</valoreDato>
      </datoRecord>
      <recordChild>
        <tipoRecord>Campo per partizionamento</tipoRecord>
        <child>
          <idRecord>1020</idRecord>
          <keyRecord>
            <datoKey>
              <colonnaKey>ti_campo</colonnaKey>
              <labelKey>Tipo campo</labelKey>
              <valoreKey>SUB_STRUT</valoreKey>
            </datoKey>
            <datoKey>
              <colonnaKey>nm_campo</colonnaKey>
              <labelKey>Nome campo</labelKey>
              <valoreKey>SUB_STRUTTURA</valoreKey>
            </datoKey>
          </keyRecord>
          <datoRecord>
            <colonnaDato>nm_sub_strut</colonnaDato>
            <labelDato>Sottostruttura</labelDato>
            <valoreDato>DEFAULT</valoreDato>
          </datoRecord>
          <datoRecord>
            <colonnaDato>nm_attrib_dati_spec</colonnaDato>
            <labelDato>Dato specifico</labelDato>
            <valoreDato>null</valoreDato>
          </datoRecord>
        </child>
      </recordChild>
    </child>
    <child>
      <idRecord>2292</idRecord>
      <keyRecord>
        <datoKey>
          <colonnaKey>nm_tipo_doc</colonnaKey>
          <labelKey>Tipo documento principale</labelKey>
          <valoreKey>LOG_ASC</valoreKey>
        </datoKey>
        <datoKey>
          <colonnaKey>dt_istituz</colonnaKey>
          <labelKey>Data istituzione</labelKey>
          <valoreKey>12/02/2015</valoreKey>
        </datoKey>
      </keyRecord>
      <datoRecord>
        <colonnaDato>dt_soppres</colonnaDato>
        <labelDato>Data soppressione</labelDato>
        <valoreDato>31/12/2444</valoreDato>
      </datoRecord>
      <recordChild>
        <tipoRecord>Campo per partizionamento</tipoRecord>
        <child>
          <idRecord>935</idRecord>
          <keyRecord>
            <datoKey>
              <colonnaKey>ti_campo</colonnaKey>
              <labelKey>Tipo campo</labelKey>
              <valoreKey>SUB_STRUT</valoreKey>
            </datoKey>
            <datoKey>
              <colonnaKey>nm_campo</colonnaKey>
              <labelKey>Nome campo</labelKey>
              <valoreKey>SUB_STRUTTURA</valoreKey>
            </datoKey>
          </keyRecord>
          <datoRecord>
            <colonnaDato>nm_sub_strut</colonnaDato>
            <labelDato>Sottostruttura</labelDato>
            <valoreDato>DEFAULT</valoreDato>
          </datoRecord>
          <datoRecord>
            <colonnaDato>nm_attrib_dati_spec</colonnaDato>
            <labelDato>Dato specifico</labelDato>
            <valoreDato>null</valoreDato>
          </datoRecord>
        </child>
      </recordChild>
    </child>
    <child>
      <idRecord>2291</idRecord>
      <keyRecord>
        <datoKey>
          <colonnaKey>nm_tipo_doc</colonnaKey>
          <labelKey>Tipo documento principale</labelKey>
          <valoreKey>LOG_ASC</valoreKey>
        </datoKey>
        <datoKey>
          <colonnaKey>dt_istituz</colonnaKey>
          <labelKey>Data istituzione</labelKey>
          <valoreKey>12/02/2015</valoreKey>
        </datoKey>
      </keyRecord>
      <datoRecord>
        <colonnaDato>dt_soppres</colonnaDato>
        <labelDato>Data soppressione</labelDato>
        <valoreDato>31/12/2444</valoreDato>
      </datoRecord>
      <recordChild>
        <tipoRecord>Campo per partizionamento</tipoRecord>
        <child>
          <idRecord>934</idRecord>
          <keyRecord>
            <datoKey>
              <colonnaKey>ti_campo</colonnaKey>
              <labelKey>Tipo campo</labelKey>
              <valoreKey>SUB_STRUT</valoreKey>
            </datoKey>
            <datoKey>
              <colonnaKey>nm_campo</colonnaKey>
              <labelKey>Nome campo</labelKey>
              <valoreKey>SUB_STRUTTURA</valoreKey>
            </datoKey>
          </keyRecord>
          <datoRecord>
            <colonnaDato>nm_sub_strut</colonnaDato>
            <labelDato>Sottostruttura</labelDato>
            <valoreDato>DEFAULT</valoreDato>
          </datoRecord>
          <datoRecord>
            <colonnaDato>nm_attrib_dati_spec</colonnaDato>
            <labelDato>Dato specifico</labelDato>
            <valoreDato>null</valoreDato>
          </datoRecord>
        </child>
      </recordChild>
    </child>
    <child>
      <idRecord>2290</idRecord>
      <keyRecord>
        <datoKey>
          <colonnaKey>nm_tipo_doc</colonnaKey>
          <labelKey>Tipo documento principale</labelKey>
          <valoreKey>LOG_ASC</valoreKey>
        </datoKey>
        <datoKey>
          <colonnaKey>dt_istituz</colonnaKey>
          <labelKey>Data istituzione</labelKey>
          <valoreKey>12/02/2015</valoreKey>
        </datoKey>
      </keyRecord>
      <datoRecord>
        <colonnaDato>dt_soppres</colonnaDato>
        <labelDato>Data soppressione</labelDato>
        <valoreDato>31/12/2444</valoreDato>
      </datoRecord>
      <recordChild>
        <tipoRecord>Campo per partizionamento</tipoRecord>
        <child>
          <idRecord>933</idRecord>
          <keyRecord>
            <datoKey>
              <colonnaKey>ti_campo</colonnaKey>
              <labelKey>Tipo campo</labelKey>
              <valoreKey>SUB_STRUT</valoreKey>
            </datoKey>
            <datoKey>
              <colonnaKey>nm_campo</colonnaKey>
              <labelKey>Nome campo</labelKey>
              <valoreKey>SUB_STRUTTURA</valoreKey>
            </datoKey>
          </keyRecord>
          <datoRecord>
            <colonnaDato>nm_sub_strut</colonnaDato>
            <labelDato>Sottostruttura</labelDato>
            <valoreDato>DEFAULT</valoreDato>
          </datoRecord>
          <datoRecord>
            <colonnaDato>nm_attrib_dati_spec</colonnaDato>
            <labelDato>Dato specifico</labelDato>
            <valoreDato>null</valoreDato>
          </datoRecord>
        </child>
      </recordChild>
    </child>
    <child>
      <idRecord>2289</idRecord>
      <keyRecord>
        <datoKey>
          <colonnaKey>nm_tipo_doc</colonnaKey>
          <labelKey>Tipo documento principale</labelKey>
          <valoreKey>LOG_ASC</valoreKey>
        </datoKey>
        <datoKey>
          <colonnaKey>dt_istituz</colonnaKey>
          <labelKey>Data istituzione</labelKey>
          <valoreKey>12/02/2015</valoreKey>
        </datoKey>
      </keyRecord>
      <datoRecord>
        <colonnaDato>dt_soppres</colonnaDato>
        <labelDato>Data soppressione</labelDato>
        <valoreDato>31/12/2444</valoreDato>
      </datoRecord>
      <recordChild>
        <tipoRecord>Campo per partizionamento</tipoRecord>
        <child>
          <idRecord>932</idRecord>
          <keyRecord>
            <datoKey>
              <colonnaKey>ti_campo</colonnaKey>
              <labelKey>Tipo campo</labelKey>
              <valoreKey>SUB_STRUT</valoreKey>
            </datoKey>
            <datoKey>
              <colonnaKey>nm_campo</colonnaKey>
              <labelKey>Nome campo</labelKey>
              <valoreKey>SUB_STRUTTURA</valoreKey>
            </datoKey>
          </keyRecord>
          <datoRecord>
            <colonnaDato>nm_sub_strut</colonnaDato>
            <labelDato>Sottostruttura</labelDato>
            <valoreDato>DEFAULT</valoreDato>
          </datoRecord>
          <datoRecord>
            <colonnaDato>nm_attrib_dati_spec</colonnaDato>
            <labelDato>Dato specifico</labelDato>
            <valoreDato>null</valoreDato>
          </datoRecord>
        </child>
      </recordChild>
    </child>
    <child>
      <idRecord>2288</idRecord>
      <keyRecord>
        <datoKey>
          <colonnaKey>nm_tipo_doc</colonnaKey>
          <labelKey>Tipo documento principale</labelKey>
          <valoreKey>LOG_ASC</valoreKey>
        </datoKey>
        <datoKey>
          <colonnaKey>dt_istituz</colonnaKey>
          <labelKey>Data istituzione</labelKey>
          <valoreKey>12/02/2015</valoreKey>
        </datoKey>
      </keyRecord>
      <datoRecord>
        <colonnaDato>dt_soppres</colonnaDato>
        <labelDato>Data soppressione</labelDato>
        <valoreDato>31/12/2444</valoreDato>
      </datoRecord>
      <recordChild>
        <tipoRecord>Campo per partizionamento</tipoRecord>
        <child>
          <idRecord>931</idRecord>
          <keyRecord>
            <datoKey>
              <colonnaKey>ti_campo</colonnaKey>
              <labelKey>Tipo campo</labelKey>
              <valoreKey>SUB_STRUT</valoreKey>
            </datoKey>
            <datoKey>
              <colonnaKey>nm_campo</colonnaKey>
              <labelKey>Nome campo</labelKey>
              <valoreKey>SUB_STRUTTURA</valoreKey>
            </datoKey>
          </keyRecord>
          <datoRecord>
            <colonnaDato>nm_sub_strut</colonnaDato>
            <labelDato>Sottostruttura</labelDato>
            <valoreDato>DEFAULT</valoreDato>
          </datoRecord>
          <datoRecord>
            <colonnaDato>nm_attrib_dati_spec</colonnaDato>
            <labelDato>Dato specifico</labelDato>
            <valoreDato>null</valoreDato>
          </datoRecord>
        </child>
      </recordChild>
    </child>
    <child>
      <idRecord>2287</idRecord>
      <keyRecord>
        <datoKey>
          <colonnaKey>nm_tipo_doc</colonnaKey>
          <labelKey>Tipo documento principale</labelKey>
          <valoreKey>LOG_ASC</valoreKey>
        </datoKey>
        <datoKey>
          <colonnaKey>dt_istituz</colonnaKey>
          <labelKey>Data istituzione</labelKey>
          <valoreKey>12/02/2015</valoreKey>
        </datoKey>
      </keyRecord>
      <datoRecord>
        <colonnaDato>dt_soppres</colonnaDato>
        <labelDato>Data soppressione</labelDato>
        <valoreDato>31/12/2444</valoreDato>
      </datoRecord>
      <recordChild>
        <tipoRecord>Campo per partizionamento</tipoRecord>
        <child>
          <idRecord>930</idRecord>
          <keyRecord>
            <datoKey>
              <colonnaKey>ti_campo</colonnaKey>
              <labelKey>Tipo campo</labelKey>
              <valoreKey>SUB_STRUT</valoreKey>
            </datoKey>
            <datoKey>
              <colonnaKey>nm_campo</colonnaKey>
              <labelKey>Nome campo</labelKey>
              <valoreKey>SUB_STRUTTURA</valoreKey>
            </datoKey>
          </keyRecord>
          <datoRecord>
            <colonnaDato>nm_sub_strut</colonnaDato>
            <labelDato>Sottostruttura</labelDato>
            <valoreDato>DEFAULT</valoreDato>
          </datoRecord>
          <datoRecord>
            <colonnaDato>nm_attrib_dati_spec</colonnaDato>
            <labelDato>Dato specifico</labelDato>
            <valoreDato>null</valoreDato>
          </datoRecord>
        </child>
      </recordChild>
    </child>
    <child>
      <idRecord>2286</idRecord>
      <keyRecord>
        <datoKey>
          <colonnaKey>nm_tipo_doc</colonnaKey>
          <labelKey>Tipo documento principale</labelKey>
          <valoreKey>LOG_ASC</valoreKey>
        </datoKey>
        <datoKey>
          <colonnaKey>dt_istituz</colonnaKey>
          <labelKey>Data istituzione</labelKey>
          <valoreKey>12/02/2015</valoreKey>
        </datoKey>
      </keyRecord>
      <datoRecord>
        <colonnaDato>dt_soppres</colonnaDato>
        <labelDato>Data soppressione</labelDato>
        <valoreDato>31/12/2444</valoreDato>
      </datoRecord>
      <recordChild>
        <tipoRecord>Campo per partizionamento</tipoRecord>
        <child>
          <idRecord>929</idRecord>
          <keyRecord>
            <datoKey>
              <colonnaKey>ti_campo</colonnaKey>
              <labelKey>Tipo campo</labelKey>
              <valoreKey>SUB_STRUT</valoreKey>
            </datoKey>
            <datoKey>
              <colonnaKey>nm_campo</colonnaKey>
              <labelKey>Nome campo</labelKey>
              <valoreKey>SUB_STRUTTURA</valoreKey>
            </datoKey>
          </keyRecord>
          <datoRecord>
            <colonnaDato>nm_sub_strut</colonnaDato>
            <labelDato>Sottostruttura</labelDato>
            <valoreDato>DEFAULT</valoreDato>
          </datoRecord>
          <datoRecord>
            <colonnaDato>nm_attrib_dati_spec</colonnaDato>
            <labelDato>Dato specifico</labelDato>
            <valoreDato>null</valoreDato>
          </datoRecord>
        </child>
      </recordChild>
    </child>
    <child>
      <idRecord>2285</idRecord>
      <keyRecord>
        <datoKey>
          <colonnaKey>nm_tipo_doc</colonnaKey>
          <labelKey>Tipo documento principale</labelKey>
          <valoreKey>LOG_ASC</valoreKey>
        </datoKey>
        <datoKey>
          <colonnaKey>dt_istituz</colonnaKey>
          <labelKey>Data istituzione</labelKey>
          <valoreKey>12/02/2015</valoreKey>
        </datoKey>
      </keyRecord>
      <datoRecord>
        <colonnaDato>dt_soppres</colonnaDato>
        <labelDato>Data soppressione</labelDato>
        <valoreDato>31/12/2444</valoreDato>
      </datoRecord>
      <recordChild>
        <tipoRecord>Campo per partizionamento</tipoRecord>
        <child>
          <idRecord>928</idRecord>
          <keyRecord>
            <datoKey>
              <colonnaKey>ti_campo</colonnaKey>
              <labelKey>Tipo campo</labelKey>
              <valoreKey>SUB_STRUT</valoreKey>
            </datoKey>
            <datoKey>
              <colonnaKey>nm_campo</colonnaKey>
              <labelKey>Nome campo</labelKey>
              <valoreKey>SUB_STRUTTURA</valoreKey>
            </datoKey>
          </keyRecord>
          <datoRecord>
            <colonnaDato>nm_sub_strut</colonnaDato>
            <labelDato>Sottostruttura</labelDato>
            <valoreDato>DEFAULT</valoreDato>
          </datoRecord>
          <datoRecord>
            <colonnaDato>nm_attrib_dati_spec</colonnaDato>
            <labelDato>Dato specifico</labelDato>
            <valoreDato>null</valoreDato>
          </datoRecord>
        </child>
      </recordChild>
    </child>
    <child>
      <idRecord>2284</idRecord>
      <keyRecord>
        <datoKey>
          <colonnaKey>nm_tipo_doc</colonnaKey>
          <labelKey>Tipo documento principale</labelKey>
          <valoreKey>LOG_ASC</valoreKey>
        </datoKey>
        <datoKey>
          <colonnaKey>dt_istituz</colonnaKey>
          <labelKey>Data istituzione</labelKey>
          <valoreKey>12/02/2015</valoreKey>
        </datoKey>
      </keyRecord>
      <datoRecord>
        <colonnaDato>dt_soppres</colonnaDato>
        <labelDato>Data soppressione</labelDato>
        <valoreDato>31/12/2444</valoreDato>
      </datoRecord>
      <recordChild>
        <tipoRecord>Campo per partizionamento</tipoRecord>
        <child>
          <idRecord>927</idRecord>
          <keyRecord>
            <datoKey>
              <colonnaKey>ti_campo</colonnaKey>
              <labelKey>Tipo campo</labelKey>
              <valoreKey>SUB_STRUT</valoreKey>
            </datoKey>
            <datoKey>
              <colonnaKey>nm_campo</colonnaKey>
              <labelKey>Nome campo</labelKey>
              <valoreKey>SUB_STRUTTURA</valoreKey>
            </datoKey>
          </keyRecord>
          <datoRecord>
            <colonnaDato>nm_sub_strut</colonnaDato>
            <labelDato>Sottostruttura</labelDato>
            <valoreDato>DEFAULT</valoreDato>
          </datoRecord>
          <datoRecord>
            <colonnaDato>nm_attrib_dati_spec</colonnaDato>
            <labelDato>Dato specifico</labelDato>
            <valoreDato>null</valoreDato>
          </datoRecord>
        </child>
      </recordChild>
    </child>
    <child>
      <idRecord>2283</idRecord>
      <keyRecord>
        <datoKey>
          <colonnaKey>nm_tipo_doc</colonnaKey>
          <labelKey>Tipo documento principale</labelKey>
          <valoreKey>LOG_ASC</valoreKey>
        </datoKey>
        <datoKey>
          <colonnaKey>dt_istituz</colonnaKey>
          <labelKey>Data istituzione</labelKey>
          <valoreKey>12/02/2015</valoreKey>
        </datoKey>
      </keyRecord>
      <datoRecord>
        <colonnaDato>dt_soppres</colonnaDato>
        <labelDato>Data soppressione</labelDato>
        <valoreDato>31/12/2444</valoreDato>
      </datoRecord>
      <recordChild>
        <tipoRecord>Campo per partizionamento</tipoRecord>
        <child>
          <idRecord>926</idRecord>
          <keyRecord>
            <datoKey>
              <colonnaKey>ti_campo</colonnaKey>
              <labelKey>Tipo campo</labelKey>
              <valoreKey>SUB_STRUT</valoreKey>
            </datoKey>
            <datoKey>
              <colonnaKey>nm_campo</colonnaKey>
              <labelKey>Nome campo</labelKey>
              <valoreKey>SUB_STRUTTURA</valoreKey>
            </datoKey>
          </keyRecord>
          <datoRecord>
            <colonnaDato>nm_sub_strut</colonnaDato>
            <labelDato>Sottostruttura</labelDato>
            <valoreDato>DEFAULT</valoreDato>
          </datoRecord>
          <datoRecord>
            <colonnaDato>nm_attrib_dati_spec</colonnaDato>
            <labelDato>Dato specifico</labelDato>
            <valoreDato>null</valoreDato>
          </datoRecord>
        </child>
      </recordChild>
    </child>
    <child>
      <idRecord>2282</idRecord>
      <keyRecord>
        <datoKey>
          <colonnaKey>nm_tipo_doc</colonnaKey>
          <labelKey>Tipo documento principale</labelKey>
          <valoreKey>LOG_ASC</valoreKey>
        </datoKey>
        <datoKey>
          <colonnaKey>dt_istituz</colonnaKey>
          <labelKey>Data istituzione</labelKey>
          <valoreKey>12/02/2015</valoreKey>
        </datoKey>
      </keyRecord>
      <datoRecord>
        <colonnaDato>dt_soppres</colonnaDato>
        <labelDato>Data soppressione</labelDato>
        <valoreDato>31/12/2444</valoreDato>
      </datoRecord>
      <recordChild>
        <tipoRecord>Campo per partizionamento</tipoRecord>
        <child>
          <idRecord>925</idRecord>
          <keyRecord>
            <datoKey>
              <colonnaKey>ti_campo</colonnaKey>
              <labelKey>Tipo campo</labelKey>
              <valoreKey>SUB_STRUT</valoreKey>
            </datoKey>
            <datoKey>
              <colonnaKey>nm_campo</colonnaKey>
              <labelKey>Nome campo</labelKey>
              <valoreKey>SUB_STRUTTURA</valoreKey>
            </datoKey>
          </keyRecord>
          <datoRecord>
            <colonnaDato>nm_sub_strut</colonnaDato>
            <labelDato>Sottostruttura</labelDato>
            <valoreDato>DEFAULT</valoreDato>
          </datoRecord>
          <datoRecord>
            <colonnaDato>nm_attrib_dati_spec</colonnaDato>
            <labelDato>Dato specifico</labelDato>
            <valoreDato>null</valoreDato>
          </datoRecord>
        </child>
      </recordChild>
    </child>
    <child>
      <idRecord>2281</idRecord>
      <keyRecord>
        <datoKey>
          <colonnaKey>nm_tipo_doc</colonnaKey>
          <labelKey>Tipo documento principale</labelKey>
          <valoreKey>LOG_ASC</valoreKey>
        </datoKey>
        <datoKey>
          <colonnaKey>dt_istituz</colonnaKey>
          <labelKey>Data istituzione</labelKey>
          <valoreKey>12/02/2015</valoreKey>
        </datoKey>
      </keyRecord>
      <datoRecord>
        <colonnaDato>dt_soppres</colonnaDato>
        <labelDato>Data soppressione</labelDato>
        <valoreDato>31/12/2444</valoreDato>
      </datoRecord>
      <recordChild>
        <tipoRecord>Campo per partizionamento</tipoRecord>
        <child>
          <idRecord>924</idRecord>
          <keyRecord>
            <datoKey>
              <colonnaKey>ti_campo</colonnaKey>
              <labelKey>Tipo campo</labelKey>
              <valoreKey>SUB_STRUT</valoreKey>
            </datoKey>
            <datoKey>
              <colonnaKey>nm_campo</colonnaKey>
              <labelKey>Nome campo</labelKey>
              <valoreKey>SUB_STRUTTURA</valoreKey>
            </datoKey>
          </keyRecord>
          <datoRecord>
            <colonnaDato>nm_sub_strut</colonnaDato>
            <labelDato>Sottostruttura</labelDato>
            <valoreDato>DEFAULT</valoreDato>
          </datoRecord>
          <datoRecord>
            <colonnaDato>nm_attrib_dati_spec</colonnaDato>
            <labelDato>Dato specifico</labelDato>
            <valoreDato>null</valoreDato>
          </datoRecord>
        </child>
      </recordChild>
    </child>
    <child>
      <idRecord>2401</idRecord>
      <keyRecord>
        <datoKey>
          <colonnaKey>nm_tipo_doc</colonnaKey>
          <labelKey>Tipo documento principale</labelKey>
          <valoreKey>LOG_PACS</valoreKey>
        </datoKey>
        <datoKey>
          <colonnaKey>dt_istituz</colonnaKey>
          <labelKey>Data istituzione</labelKey>
          <valoreKey>12/02/2015</valoreKey>
        </datoKey>
      </keyRecord>
      <datoRecord>
        <colonnaDato>dt_soppres</colonnaDato>
        <labelDato>Data soppressione</labelDato>
        <valoreDato>31/12/2444</valoreDato>
      </datoRecord>
      <recordChild>
        <tipoRecord>Campo per partizionamento</tipoRecord>
        <child>
          <idRecord>1044</idRecord>
          <keyRecord>
            <datoKey>
              <colonnaKey>ti_campo</colonnaKey>
              <labelKey>Tipo campo</labelKey>
              <valoreKey>SUB_STRUT</valoreKey>
            </datoKey>
            <datoKey>
              <colonnaKey>nm_campo</colonnaKey>
              <labelKey>Nome campo</labelKey>
              <valoreKey>SUB_STRUTTURA</valoreKey>
            </datoKey>
          </keyRecord>
          <datoRecord>
            <colonnaDato>nm_sub_strut</colonnaDato>
            <labelDato>Sottostruttura</labelDato>
            <valoreDato>DEFAULT</valoreDato>
          </datoRecord>
          <datoRecord>
            <colonnaDato>nm_attrib_dati_spec</colonnaDato>
            <labelDato>Dato specifico</labelDato>
            <valoreDato>null</valoreDato>
          </datoRecord>
        </child>
      </recordChild>
    </child>
    <child>
      <idRecord>511</idRecord>
      <keyRecord>
        <datoKey>
          <colonnaKey>nm_tipo_doc</colonnaKey>
          <labelKey>Tipo documento principale</labelKey>
          <valoreKey>LOG_PACS</valoreKey>
        </datoKey>
        <datoKey>
          <colonnaKey>dt_istituz</colonnaKey>
          <labelKey>Data istituzione</labelKey>
          <valoreKey>10/11/2014</valoreKey>
        </datoKey>
      </keyRecord>
      <datoRecord>
        <colonnaDato>dt_soppres</colonnaDato>
        <labelDato>Data soppressione</labelDato>
        <valoreDato>31/12/2444</valoreDato>
      </datoRecord>
      <recordChild>
        <tipoRecord>Campo per partizionamento</tipoRecord>
        <child>
          <idRecord>255</idRecord>
          <keyRecord>
            <datoKey>
              <colonnaKey>ti_campo</colonnaKey>
              <labelKey>Tipo campo</labelKey>
              <valoreKey>SUB_STRUT</valoreKey>
            </datoKey>
            <datoKey>
              <colonnaKey>nm_campo</colonnaKey>
              <labelKey>Nome campo</labelKey>
              <valoreKey>SUB_STRUTTURA</valoreKey>
            </datoKey>
          </keyRecord>
          <datoRecord>
            <colonnaDato>nm_sub_strut</colonnaDato>
            <labelDato>Sottostruttura</labelDato>
            <valoreDato>DEFAULT</valoreDato>
          </datoRecord>
          <datoRecord>
            <colonnaDato>nm_attrib_dati_spec</colonnaDato>
            <labelDato>Dato specifico</labelDato>
            <valoreDato>null</valoreDato>
          </datoRecord>
        </child>
      </recordChild>
    </child>
    <child>
      <idRecord>503</idRecord>
      <keyRecord>
        <datoKey>
          <colonnaKey>nm_tipo_doc</colonnaKey>
          <labelKey>Tipo documento principale</labelKey>
          <valoreKey>LOG_PACS</valoreKey>
        </datoKey>
        <datoKey>
          <colonnaKey>dt_istituz</colonnaKey>
          <labelKey>Data istituzione</labelKey>
          <valoreKey>10/11/2014</valoreKey>
        </datoKey>
      </keyRecord>
      <datoRecord>
        <colonnaDato>dt_soppres</colonnaDato>
        <labelDato>Data soppressione</labelDato>
        <valoreDato>31/12/2444</valoreDato>
      </datoRecord>
      <recordChild>
        <tipoRecord>Campo per partizionamento</tipoRecord>
        <child>
          <idRecord>247</idRecord>
          <keyRecord>
            <datoKey>
              <colonnaKey>ti_campo</colonnaKey>
              <labelKey>Tipo campo</labelKey>
              <valoreKey>SUB_STRUT</valoreKey>
            </datoKey>
            <datoKey>
              <colonnaKey>nm_campo</colonnaKey>
              <labelKey>Nome campo</labelKey>
              <valoreKey>SUB_STRUTTURA</valoreKey>
            </datoKey>
          </keyRecord>
          <datoRecord>
            <colonnaDato>nm_sub_strut</colonnaDato>
            <labelDato>Sottostruttura</labelDato>
            <valoreDato>DEFAULT</valoreDato>
          </datoRecord>
          <datoRecord>
            <colonnaDato>nm_attrib_dati_spec</colonnaDato>
            <labelDato>Dato specifico</labelDato>
            <valoreDato>null</valoreDato>
          </datoRecord>
        </child>
      </recordChild>
    </child>
    <child>
      <idRecord>2412</idRecord>
      <keyRecord>
        <datoKey>
          <colonnaKey>nm_tipo_doc</colonnaKey>
          <labelKey>Tipo documento principale</labelKey>
          <valoreKey>LOG_PACS</valoreKey>
        </datoKey>
        <datoKey>
          <colonnaKey>dt_istituz</colonnaKey>
          <labelKey>Data istituzione</labelKey>
          <valoreKey>12/02/2015</valoreKey>
        </datoKey>
      </keyRecord>
      <datoRecord>
        <colonnaDato>dt_soppres</colonnaDato>
        <labelDato>Data soppressione</labelDato>
        <valoreDato>31/12/2444</valoreDato>
      </datoRecord>
      <recordChild>
        <tipoRecord>Campo per partizionamento</tipoRecord>
        <child>
          <idRecord>1055</idRecord>
          <keyRecord>
            <datoKey>
              <colonnaKey>ti_campo</colonnaKey>
              <labelKey>Tipo campo</labelKey>
              <valoreKey>SUB_STRUT</valoreKey>
            </datoKey>
            <datoKey>
              <colonnaKey>nm_campo</colonnaKey>
              <labelKey>Nome campo</labelKey>
              <valoreKey>SUB_STRUTTURA</valoreKey>
            </datoKey>
          </keyRecord>
          <datoRecord>
            <colonnaDato>nm_sub_strut</colonnaDato>
            <labelDato>Sottostruttura</labelDato>
            <valoreDato>DEFAULT</valoreDato>
          </datoRecord>
          <datoRecord>
            <colonnaDato>nm_attrib_dati_spec</colonnaDato>
            <labelDato>Dato specifico</labelDato>
            <valoreDato>null</valoreDato>
          </datoRecord>
        </child>
      </recordChild>
    </child>
    <child>
      <idRecord>2403</idRecord>
      <keyRecord>
        <datoKey>
          <colonnaKey>nm_tipo_doc</colonnaKey>
          <labelKey>Tipo documento principale</labelKey>
          <valoreKey>LOG_PACS</valoreKey>
        </datoKey>
        <datoKey>
          <colonnaKey>dt_istituz</colonnaKey>
          <labelKey>Data istituzione</labelKey>
          <valoreKey>12/02/2015</valoreKey>
        </datoKey>
      </keyRecord>
      <datoRecord>
        <colonnaDato>dt_soppres</colonnaDato>
        <labelDato>Data soppressione</labelDato>
        <valoreDato>31/12/2444</valoreDato>
      </datoRecord>
      <recordChild>
        <tipoRecord>Campo per partizionamento</tipoRecord>
        <child>
          <idRecord>1046</idRecord>
          <keyRecord>
            <datoKey>
              <colonnaKey>ti_campo</colonnaKey>
              <labelKey>Tipo campo</labelKey>
              <valoreKey>SUB_STRUT</valoreKey>
            </datoKey>
            <datoKey>
              <colonnaKey>nm_campo</colonnaKey>
              <labelKey>Nome campo</labelKey>
              <valoreKey>SUB_STRUTTURA</valoreKey>
            </datoKey>
          </keyRecord>
          <datoRecord>
            <colonnaDato>nm_sub_strut</colonnaDato>
            <labelDato>Sottostruttura</labelDato>
            <valoreDato>DEFAULT</valoreDato>
          </datoRecord>
          <datoRecord>
            <colonnaDato>nm_attrib_dati_spec</colonnaDato>
            <labelDato>Dato specifico</labelDato>
            <valoreDato>null</valoreDato>
          </datoRecord>
        </child>
      </recordChild>
    </child>
    <child>
      <idRecord>2402</idRecord>
      <keyRecord>
        <datoKey>
          <colonnaKey>nm_tipo_doc</colonnaKey>
          <labelKey>Tipo documento principale</labelKey>
          <valoreKey>LOG_PACS</valoreKey>
        </datoKey>
        <datoKey>
          <colonnaKey>dt_istituz</colonnaKey>
          <labelKey>Data istituzione</labelKey>
          <valoreKey>12/02/2015</valoreKey>
        </datoKey>
      </keyRecord>
      <datoRecord>
        <colonnaDato>dt_soppres</colonnaDato>
        <labelDato>Data soppressione</labelDato>
        <valoreDato>31/12/2444</valoreDato>
      </datoRecord>
      <recordChild>
        <tipoRecord>Campo per partizionamento</tipoRecord>
        <child>
          <idRecord>1045</idRecord>
          <keyRecord>
            <datoKey>
              <colonnaKey>ti_campo</colonnaKey>
              <labelKey>Tipo campo</labelKey>
              <valoreKey>SUB_STRUT</valoreKey>
            </datoKey>
            <datoKey>
              <colonnaKey>nm_campo</colonnaKey>
              <labelKey>Nome campo</labelKey>
              <valoreKey>SUB_STRUTTURA</valoreKey>
            </datoKey>
          </keyRecord>
          <datoRecord>
            <colonnaDato>nm_sub_strut</colonnaDato>
            <labelDato>Sottostruttura</labelDato>
            <valoreDato>DEFAULT</valoreDato>
          </datoRecord>
          <datoRecord>
            <colonnaDato>nm_attrib_dati_spec</colonnaDato>
            <labelDato>Dato specifico</labelDato>
            <valoreDato>null</valoreDato>
          </datoRecord>
        </child>
      </recordChild>
    </child>
    <child>
      <idRecord>2397</idRecord>
      <keyRecord>
        <datoKey>
          <colonnaKey>nm_tipo_doc</colonnaKey>
          <labelKey>Tipo documento principale</labelKey>
          <valoreKey>LOG_RIS</valoreKey>
        </datoKey>
        <datoKey>
          <colonnaKey>dt_istituz</colonnaKey>
          <labelKey>Data istituzione</labelKey>
          <valoreKey>12/02/2015</valoreKey>
        </datoKey>
      </keyRecord>
      <datoRecord>
        <colonnaDato>dt_soppres</colonnaDato>
        <labelDato>Data soppressione</labelDato>
        <valoreDato>31/12/2444</valoreDato>
      </datoRecord>
      <recordChild>
        <tipoRecord>Campo per partizionamento</tipoRecord>
        <child>
          <idRecord>1040</idRecord>
          <keyRecord>
            <datoKey>
              <colonnaKey>ti_campo</colonnaKey>
              <labelKey>Tipo campo</labelKey>
              <valoreKey>SUB_STRUT</valoreKey>
            </datoKey>
            <datoKey>
              <colonnaKey>nm_campo</colonnaKey>
              <labelKey>Nome campo</labelKey>
              <valoreKey>SUB_STRUTTURA</valoreKey>
            </datoKey>
          </keyRecord>
          <datoRecord>
            <colonnaDato>nm_sub_strut</colonnaDato>
            <labelDato>Sottostruttura</labelDato>
            <valoreDato>DEFAULT</valoreDato>
          </datoRecord>
          <datoRecord>
            <colonnaDato>nm_attrib_dati_spec</colonnaDato>
            <labelDato>Dato specifico</labelDato>
            <valoreDato>null</valoreDato>
          </datoRecord>
        </child>
      </recordChild>
    </child>
    <child>
      <idRecord>519</idRecord>
      <keyRecord>
        <datoKey>
          <colonnaKey>nm_tipo_doc</colonnaKey>
          <labelKey>Tipo documento principale</labelKey>
          <valoreKey>LOG_RIS</valoreKey>
        </datoKey>
        <datoKey>
          <colonnaKey>dt_istituz</colonnaKey>
          <labelKey>Data istituzione</labelKey>
          <valoreKey>10/11/2014</valoreKey>
        </datoKey>
      </keyRecord>
      <datoRecord>
        <colonnaDato>dt_soppres</colonnaDato>
        <labelDato>Data soppressione</labelDato>
        <valoreDato>31/12/2444</valoreDato>
      </datoRecord>
      <recordChild>
        <tipoRecord>Campo per partizionamento</tipoRecord>
        <child>
          <idRecord>263</idRecord>
          <keyRecord>
            <datoKey>
              <colonnaKey>ti_campo</colonnaKey>
              <labelKey>Tipo campo</labelKey>
              <valoreKey>SUB_STRUT</valoreKey>
            </datoKey>
            <datoKey>
              <colonnaKey>nm_campo</colonnaKey>
              <labelKey>Nome campo</labelKey>
              <valoreKey>SUB_STRUTTURA</valoreKey>
            </datoKey>
          </keyRecord>
          <datoRecord>
            <colonnaDato>nm_sub_strut</colonnaDato>
            <labelDato>Sottostruttura</labelDato>
            <valoreDato>DEFAULT</valoreDato>
          </datoRecord>
          <datoRecord>
            <colonnaDato>nm_attrib_dati_spec</colonnaDato>
            <labelDato>Dato specifico</labelDato>
            <valoreDato>null</valoreDato>
          </datoRecord>
        </child>
      </recordChild>
    </child>
    <child>
      <idRecord>2399</idRecord>
      <keyRecord>
        <datoKey>
          <colonnaKey>nm_tipo_doc</colonnaKey>
          <labelKey>Tipo documento principale</labelKey>
          <valoreKey>LOG_RIS</valoreKey>
        </datoKey>
        <datoKey>
          <colonnaKey>dt_istituz</colonnaKey>
          <labelKey>Data istituzione</labelKey>
          <valoreKey>12/02/2015</valoreKey>
        </datoKey>
      </keyRecord>
      <datoRecord>
        <colonnaDato>dt_soppres</colonnaDato>
        <labelDato>Data soppressione</labelDato>
        <valoreDato>31/12/2444</valoreDato>
      </datoRecord>
      <recordChild>
        <tipoRecord>Campo per partizionamento</tipoRecord>
        <child>
          <idRecord>1042</idRecord>
          <keyRecord>
            <datoKey>
              <colonnaKey>ti_campo</colonnaKey>
              <labelKey>Tipo campo</labelKey>
              <valoreKey>SUB_STRUT</valoreKey>
            </datoKey>
            <datoKey>
              <colonnaKey>nm_campo</colonnaKey>
              <labelKey>Nome campo</labelKey>
              <valoreKey>SUB_STRUTTURA</valoreKey>
            </datoKey>
          </keyRecord>
          <datoRecord>
            <colonnaDato>nm_sub_strut</colonnaDato>
            <labelDato>Sottostruttura</labelDato>
            <valoreDato>DEFAULT</valoreDato>
          </datoRecord>
          <datoRecord>
            <colonnaDato>nm_attrib_dati_spec</colonnaDato>
            <labelDato>Dato specifico</labelDato>
            <valoreDato>null</valoreDato>
          </datoRecord>
        </child>
      </recordChild>
    </child>
    <child>
      <idRecord>2398</idRecord>
      <keyRecord>
        <datoKey>
          <colonnaKey>nm_tipo_doc</colonnaKey>
          <labelKey>Tipo documento principale</labelKey>
          <valoreKey>LOG_RIS</valoreKey>
        </datoKey>
        <datoKey>
          <colonnaKey>dt_istituz</colonnaKey>
          <labelKey>Data istituzione</labelKey>
          <valoreKey>12/02/2015</valoreKey>
        </datoKey>
      </keyRecord>
      <datoRecord>
        <colonnaDato>dt_soppres</colonnaDato>
        <labelDato>Data soppressione</labelDato>
        <valoreDato>31/12/2444</valoreDato>
      </datoRecord>
      <recordChild>
        <tipoRecord>Campo per partizionamento</tipoRecord>
        <child>
          <idRecord>1041</idRecord>
          <keyRecord>
            <datoKey>
              <colonnaKey>ti_campo</colonnaKey>
              <labelKey>Tipo campo</labelKey>
              <valoreKey>SUB_STRUT</valoreKey>
            </datoKey>
            <datoKey>
              <colonnaKey>nm_campo</colonnaKey>
              <labelKey>Nome campo</labelKey>
              <valoreKey>SUB_STRUTTURA</valoreKey>
            </datoKey>
          </keyRecord>
          <datoRecord>
            <colonnaDato>nm_sub_strut</colonnaDato>
            <labelDato>Sottostruttura</labelDato>
            <valoreDato>DEFAULT</valoreDato>
          </datoRecord>
          <datoRecord>
            <colonnaDato>nm_attrib_dati_spec</colonnaDato>
            <labelDato>Dato specifico</labelDato>
            <valoreDato>null</valoreDato>
          </datoRecord>
        </child>
      </recordChild>
    </child>
    <child>
      <idRecord>2339</idRecord>
      <keyRecord>
        <datoKey>
          <colonnaKey>nm_tipo_doc</colonnaKey>
          <labelKey>Tipo documento principale</labelKey>
          <valoreKey>MANDATO</valoreKey>
        </datoKey>
        <datoKey>
          <colonnaKey>dt_istituz</colonnaKey>
          <labelKey>Data istituzione</labelKey>
          <valoreKey>12/02/2015</valoreKey>
        </datoKey>
      </keyRecord>
      <datoRecord>
        <colonnaDato>dt_soppres</colonnaDato>
        <labelDato>Data soppressione</labelDato>
        <valoreDato>31/12/2444</valoreDato>
      </datoRecord>
      <recordChild>
        <tipoRecord>Campo per partizionamento</tipoRecord>
        <child>
          <idRecord>982</idRecord>
          <keyRecord>
            <datoKey>
              <colonnaKey>ti_campo</colonnaKey>
              <labelKey>Tipo campo</labelKey>
              <valoreKey>SUB_STRUT</valoreKey>
            </datoKey>
            <datoKey>
              <colonnaKey>nm_campo</colonnaKey>
              <labelKey>Nome campo</labelKey>
              <valoreKey>SUB_STRUTTURA</valoreKey>
            </datoKey>
          </keyRecord>
          <datoRecord>
            <colonnaDato>nm_sub_strut</colonnaDato>
            <labelDato>Sottostruttura</labelDato>
            <valoreDato>DEFAULT</valoreDato>
          </datoRecord>
          <datoRecord>
            <colonnaDato>nm_attrib_dati_spec</colonnaDato>
            <labelDato>Dato specifico</labelDato>
            <valoreDato>null</valoreDato>
          </datoRecord>
        </child>
      </recordChild>
    </child>
    <child>
      <idRecord>2346</idRecord>
      <keyRecord>
        <datoKey>
          <colonnaKey>nm_tipo_doc</colonnaKey>
          <labelKey>Tipo documento principale</labelKey>
          <valoreKey>MANDATO</valoreKey>
        </datoKey>
        <datoKey>
          <colonnaKey>dt_istituz</colonnaKey>
          <labelKey>Data istituzione</labelKey>
          <valoreKey>12/02/2015</valoreKey>
        </datoKey>
      </keyRecord>
      <datoRecord>
        <colonnaDato>dt_soppres</colonnaDato>
        <labelDato>Data soppressione</labelDato>
        <valoreDato>31/12/2444</valoreDato>
      </datoRecord>
      <recordChild>
        <tipoRecord>Campo per partizionamento</tipoRecord>
        <child>
          <idRecord>989</idRecord>
          <keyRecord>
            <datoKey>
              <colonnaKey>ti_campo</colonnaKey>
              <labelKey>Tipo campo</labelKey>
              <valoreKey>SUB_STRUT</valoreKey>
            </datoKey>
            <datoKey>
              <colonnaKey>nm_campo</colonnaKey>
              <labelKey>Nome campo</labelKey>
              <valoreKey>SUB_STRUTTURA</valoreKey>
            </datoKey>
          </keyRecord>
          <datoRecord>
            <colonnaDato>nm_sub_strut</colonnaDato>
            <labelDato>Sottostruttura</labelDato>
            <valoreDato>DEFAULT</valoreDato>
          </datoRecord>
          <datoRecord>
            <colonnaDato>nm_attrib_dati_spec</colonnaDato>
            <labelDato>Dato specifico</labelDato>
            <valoreDato>null</valoreDato>
          </datoRecord>
        </child>
      </recordChild>
    </child>
    <child>
      <idRecord>2345</idRecord>
      <keyRecord>
        <datoKey>
          <colonnaKey>nm_tipo_doc</colonnaKey>
          <labelKey>Tipo documento principale</labelKey>
          <valoreKey>MANDATO</valoreKey>
        </datoKey>
        <datoKey>
          <colonnaKey>dt_istituz</colonnaKey>
          <labelKey>Data istituzione</labelKey>
          <valoreKey>12/02/2015</valoreKey>
        </datoKey>
      </keyRecord>
      <datoRecord>
        <colonnaDato>dt_soppres</colonnaDato>
        <labelDato>Data soppressione</labelDato>
        <valoreDato>31/12/2444</valoreDato>
      </datoRecord>
      <recordChild>
        <tipoRecord>Campo per partizionamento</tipoRecord>
        <child>
          <idRecord>988</idRecord>
          <keyRecord>
            <datoKey>
              <colonnaKey>ti_campo</colonnaKey>
              <labelKey>Tipo campo</labelKey>
              <valoreKey>SUB_STRUT</valoreKey>
            </datoKey>
            <datoKey>
              <colonnaKey>nm_campo</colonnaKey>
              <labelKey>Nome campo</labelKey>
              <valoreKey>SUB_STRUTTURA</valoreKey>
            </datoKey>
          </keyRecord>
          <datoRecord>
            <colonnaDato>nm_sub_strut</colonnaDato>
            <labelDato>Sottostruttura</labelDato>
            <valoreDato>DEFAULT</valoreDato>
          </datoRecord>
          <datoRecord>
            <colonnaDato>nm_attrib_dati_spec</colonnaDato>
            <labelDato>Dato specifico</labelDato>
            <valoreDato>null</valoreDato>
          </datoRecord>
        </child>
      </recordChild>
    </child>
    <child>
      <idRecord>2344</idRecord>
      <keyRecord>
        <datoKey>
          <colonnaKey>nm_tipo_doc</colonnaKey>
          <labelKey>Tipo documento principale</labelKey>
          <valoreKey>MANDATO</valoreKey>
        </datoKey>
        <datoKey>
          <colonnaKey>dt_istituz</colonnaKey>
          <labelKey>Data istituzione</labelKey>
          <valoreKey>12/02/2015</valoreKey>
        </datoKey>
      </keyRecord>
      <datoRecord>
        <colonnaDato>dt_soppres</colonnaDato>
        <labelDato>Data soppressione</labelDato>
        <valoreDato>31/12/2444</valoreDato>
      </datoRecord>
      <recordChild>
        <tipoRecord>Campo per partizionamento</tipoRecord>
        <child>
          <idRecord>987</idRecord>
          <keyRecord>
            <datoKey>
              <colonnaKey>ti_campo</colonnaKey>
              <labelKey>Tipo campo</labelKey>
              <valoreKey>SUB_STRUT</valoreKey>
            </datoKey>
            <datoKey>
              <colonnaKey>nm_campo</colonnaKey>
              <labelKey>Nome campo</labelKey>
              <valoreKey>SUB_STRUTTURA</valoreKey>
            </datoKey>
          </keyRecord>
          <datoRecord>
            <colonnaDato>nm_sub_strut</colonnaDato>
            <labelDato>Sottostruttura</labelDato>
            <valoreDato>DEFAULT</valoreDato>
          </datoRecord>
          <datoRecord>
            <colonnaDato>nm_attrib_dati_spec</colonnaDato>
            <labelDato>Dato specifico</labelDato>
            <valoreDato>null</valoreDato>
          </datoRecord>
        </child>
      </recordChild>
    </child>
    <child>
      <idRecord>2343</idRecord>
      <keyRecord>
        <datoKey>
          <colonnaKey>nm_tipo_doc</colonnaKey>
          <labelKey>Tipo documento principale</labelKey>
          <valoreKey>MANDATO</valoreKey>
        </datoKey>
        <datoKey>
          <colonnaKey>dt_istituz</colonnaKey>
          <labelKey>Data istituzione</labelKey>
          <valoreKey>12/02/2015</valoreKey>
        </datoKey>
      </keyRecord>
      <datoRecord>
        <colonnaDato>dt_soppres</colonnaDato>
        <labelDato>Data soppressione</labelDato>
        <valoreDato>31/12/2444</valoreDato>
      </datoRecord>
      <recordChild>
        <tipoRecord>Campo per partizionamento</tipoRecord>
        <child>
          <idRecord>986</idRecord>
          <keyRecord>
            <datoKey>
              <colonnaKey>ti_campo</colonnaKey>
              <labelKey>Tipo campo</labelKey>
              <valoreKey>SUB_STRUT</valoreKey>
            </datoKey>
            <datoKey>
              <colonnaKey>nm_campo</colonnaKey>
              <labelKey>Nome campo</labelKey>
              <valoreKey>SUB_STRUTTURA</valoreKey>
            </datoKey>
          </keyRecord>
          <datoRecord>
            <colonnaDato>nm_sub_strut</colonnaDato>
            <labelDato>Sottostruttura</labelDato>
            <valoreDato>DEFAULT</valoreDato>
          </datoRecord>
          <datoRecord>
            <colonnaDato>nm_attrib_dati_spec</colonnaDato>
            <labelDato>Dato specifico</labelDato>
            <valoreDato>null</valoreDato>
          </datoRecord>
        </child>
      </recordChild>
    </child>
    <child>
      <idRecord>2342</idRecord>
      <keyRecord>
        <datoKey>
          <colonnaKey>nm_tipo_doc</colonnaKey>
          <labelKey>Tipo documento principale</labelKey>
          <valoreKey>MANDATO</valoreKey>
        </datoKey>
        <datoKey>
          <colonnaKey>dt_istituz</colonnaKey>
          <labelKey>Data istituzione</labelKey>
          <valoreKey>12/02/2015</valoreKey>
        </datoKey>
      </keyRecord>
      <datoRecord>
        <colonnaDato>dt_soppres</colonnaDato>
        <labelDato>Data soppressione</labelDato>
        <valoreDato>31/12/2444</valoreDato>
      </datoRecord>
      <recordChild>
        <tipoRecord>Campo per partizionamento</tipoRecord>
        <child>
          <idRecord>985</idRecord>
          <keyRecord>
            <datoKey>
              <colonnaKey>ti_campo</colonnaKey>
              <labelKey>Tipo campo</labelKey>
              <valoreKey>SUB_STRUT</valoreKey>
            </datoKey>
            <datoKey>
              <colonnaKey>nm_campo</colonnaKey>
              <labelKey>Nome campo</labelKey>
              <valoreKey>SUB_STRUTTURA</valoreKey>
            </datoKey>
          </keyRecord>
          <datoRecord>
            <colonnaDato>nm_sub_strut</colonnaDato>
            <labelDato>Sottostruttura</labelDato>
            <valoreDato>DEFAULT</valoreDato>
          </datoRecord>
          <datoRecord>
            <colonnaDato>nm_attrib_dati_spec</colonnaDato>
            <labelDato>Dato specifico</labelDato>
            <valoreDato>null</valoreDato>
          </datoRecord>
        </child>
      </recordChild>
    </child>
    <child>
      <idRecord>2341</idRecord>
      <keyRecord>
        <datoKey>
          <colonnaKey>nm_tipo_doc</colonnaKey>
          <labelKey>Tipo documento principale</labelKey>
          <valoreKey>MANDATO</valoreKey>
        </datoKey>
        <datoKey>
          <colonnaKey>dt_istituz</colonnaKey>
          <labelKey>Data istituzione</labelKey>
          <valoreKey>12/02/2015</valoreKey>
        </datoKey>
      </keyRecord>
      <datoRecord>
        <colonnaDato>dt_soppres</colonnaDato>
        <labelDato>Data soppressione</labelDato>
        <valoreDato>31/12/2444</valoreDato>
      </datoRecord>
      <recordChild>
        <tipoRecord>Campo per partizionamento</tipoRecord>
        <child>
          <idRecord>984</idRecord>
          <keyRecord>
            <datoKey>
              <colonnaKey>ti_campo</colonnaKey>
              <labelKey>Tipo campo</labelKey>
              <valoreKey>SUB_STRUT</valoreKey>
            </datoKey>
            <datoKey>
              <colonnaKey>nm_campo</colonnaKey>
              <labelKey>Nome campo</labelKey>
              <valoreKey>SUB_STRUTTURA</valoreKey>
            </datoKey>
          </keyRecord>
          <datoRecord>
            <colonnaDato>nm_sub_strut</colonnaDato>
            <labelDato>Sottostruttura</labelDato>
            <valoreDato>DEFAULT</valoreDato>
          </datoRecord>
          <datoRecord>
            <colonnaDato>nm_attrib_dati_spec</colonnaDato>
            <labelDato>Dato specifico</labelDato>
            <valoreDato>null</valoreDato>
          </datoRecord>
        </child>
      </recordChild>
    </child>
    <child>
      <idRecord>2340</idRecord>
      <keyRecord>
        <datoKey>
          <colonnaKey>nm_tipo_doc</colonnaKey>
          <labelKey>Tipo documento principale</labelKey>
          <valoreKey>MANDATO</valoreKey>
        </datoKey>
        <datoKey>
          <colonnaKey>dt_istituz</colonnaKey>
          <labelKey>Data istituzione</labelKey>
          <valoreKey>12/02/2015</valoreKey>
        </datoKey>
      </keyRecord>
      <datoRecord>
        <colonnaDato>dt_soppres</colonnaDato>
        <labelDato>Data soppressione</labelDato>
        <valoreDato>31/12/2444</valoreDato>
      </datoRecord>
      <recordChild>
        <tipoRecord>Campo per partizionamento</tipoRecord>
        <child>
          <idRecord>983</idRecord>
          <keyRecord>
            <datoKey>
              <colonnaKey>ti_campo</colonnaKey>
              <labelKey>Tipo campo</labelKey>
              <valoreKey>SUB_STRUT</valoreKey>
            </datoKey>
            <datoKey>
              <colonnaKey>nm_campo</colonnaKey>
              <labelKey>Nome campo</labelKey>
              <valoreKey>SUB_STRUTTURA</valoreKey>
            </datoKey>
          </keyRecord>
          <datoRecord>
            <colonnaDato>nm_sub_strut</colonnaDato>
            <labelDato>Sottostruttura</labelDato>
            <valoreDato>DEFAULT</valoreDato>
          </datoRecord>
          <datoRecord>
            <colonnaDato>nm_attrib_dati_spec</colonnaDato>
            <labelDato>Dato specifico</labelDato>
            <valoreDato>null</valoreDato>
          </datoRecord>
        </child>
      </recordChild>
    </child>
    <child>
      <idRecord>2267</idRecord>
      <keyRecord>
        <datoKey>
          <colonnaKey>nm_tipo_doc</colonnaKey>
          <labelKey>Tipo documento principale</labelKey>
          <valoreKey>MANIFESTO_ASC</valoreKey>
        </datoKey>
        <datoKey>
          <colonnaKey>dt_istituz</colonnaKey>
          <labelKey>Data istituzione</labelKey>
          <valoreKey>12/02/2015</valoreKey>
        </datoKey>
      </keyRecord>
      <datoRecord>
        <colonnaDato>dt_soppres</colonnaDato>
        <labelDato>Data soppressione</labelDato>
        <valoreDato>31/12/2444</valoreDato>
      </datoRecord>
      <recordChild>
        <tipoRecord>Campo per partizionamento</tipoRecord>
        <child>
          <idRecord>910</idRecord>
          <keyRecord>
            <datoKey>
              <colonnaKey>ti_campo</colonnaKey>
              <labelKey>Tipo campo</labelKey>
              <valoreKey>SUB_STRUT</valoreKey>
            </datoKey>
            <datoKey>
              <colonnaKey>nm_campo</colonnaKey>
              <labelKey>Nome campo</labelKey>
              <valoreKey>SUB_STRUTTURA</valoreKey>
            </datoKey>
          </keyRecord>
          <datoRecord>
            <colonnaDato>nm_sub_strut</colonnaDato>
            <labelDato>Sottostruttura</labelDato>
            <valoreDato>DEFAULT</valoreDato>
          </datoRecord>
          <datoRecord>
            <colonnaDato>nm_attrib_dati_spec</colonnaDato>
            <labelDato>Dato specifico</labelDato>
            <valoreDato>null</valoreDato>
          </datoRecord>
        </child>
      </recordChild>
    </child>
    <child>
      <idRecord>1926</idRecord>
      <keyRecord>
        <datoKey>
          <colonnaKey>nm_tipo_doc</colonnaKey>
          <labelKey>Tipo documento principale</labelKey>
          <valoreKey>MANIFESTO_ASC</valoreKey>
        </datoKey>
        <datoKey>
          <colonnaKey>dt_istituz</colonnaKey>
          <labelKey>Data istituzione</labelKey>
          <valoreKey>12/02/2015</valoreKey>
        </datoKey>
      </keyRecord>
      <datoRecord>
        <colonnaDato>dt_soppres</colonnaDato>
        <labelDato>Data soppressione</labelDato>
        <valoreDato>31/12/2444</valoreDato>
      </datoRecord>
      <recordChild>
        <tipoRecord>Campo per partizionamento</tipoRecord>
        <child>
          <idRecord>1237</idRecord>
          <keyRecord>
            <datoKey>
              <colonnaKey>ti_campo</colonnaKey>
              <labelKey>Tipo campo</labelKey>
              <valoreKey>SUB_STRUT</valoreKey>
            </datoKey>
            <datoKey>
              <colonnaKey>nm_campo</colonnaKey>
              <labelKey>Nome campo</labelKey>
              <valoreKey>SUB_STRUTTURA</valoreKey>
            </datoKey>
          </keyRecord>
          <datoRecord>
            <colonnaDato>nm_sub_strut</colonnaDato>
            <labelDato>Sottostruttura</labelDato>
            <valoreDato>DEFAULT</valoreDato>
          </datoRecord>
          <datoRecord>
            <colonnaDato>nm_attrib_dati_spec</colonnaDato>
            <labelDato>Dato specifico</labelDato>
            <valoreDato>null</valoreDato>
          </datoRecord>
        </child>
      </recordChild>
    </child>
    <child>
      <idRecord>1925</idRecord>
      <keyRecord>
        <datoKey>
          <colonnaKey>nm_tipo_doc</colonnaKey>
          <labelKey>Tipo documento principale</labelKey>
          <valoreKey>MANIFESTO_ASC</valoreKey>
        </datoKey>
        <datoKey>
          <colonnaKey>dt_istituz</colonnaKey>
          <labelKey>Data istituzione</labelKey>
          <valoreKey>12/02/2015</valoreKey>
        </datoKey>
      </keyRecord>
      <datoRecord>
        <colonnaDato>dt_soppres</colonnaDato>
        <labelDato>Data soppressione</labelDato>
        <valoreDato>31/12/2444</valoreDato>
      </datoRecord>
      <recordChild>
        <tipoRecord>Campo per partizionamento</tipoRecord>
        <child>
          <idRecord>1236</idRecord>
          <keyRecord>
            <datoKey>
              <colonnaKey>ti_campo</colonnaKey>
              <labelKey>Tipo campo</labelKey>
              <valoreKey>SUB_STRUT</valoreKey>
            </datoKey>
            <datoKey>
              <colonnaKey>nm_campo</colonnaKey>
              <labelKey>Nome campo</labelKey>
              <valoreKey>SUB_STRUTTURA</valoreKey>
            </datoKey>
          </keyRecord>
          <datoRecord>
            <colonnaDato>nm_sub_strut</colonnaDato>
            <labelDato>Sottostruttura</labelDato>
            <valoreDato>DEFAULT</valoreDato>
          </datoRecord>
          <datoRecord>
            <colonnaDato>nm_attrib_dati_spec</colonnaDato>
            <labelDato>Dato specifico</labelDato>
            <valoreDato>null</valoreDato>
          </datoRecord>
        </child>
      </recordChild>
    </child>
    <child>
      <idRecord>1924</idRecord>
      <keyRecord>
        <datoKey>
          <colonnaKey>nm_tipo_doc</colonnaKey>
          <labelKey>Tipo documento principale</labelKey>
          <valoreKey>MANIFESTO_ASC</valoreKey>
        </datoKey>
        <datoKey>
          <colonnaKey>dt_istituz</colonnaKey>
          <labelKey>Data istituzione</labelKey>
          <valoreKey>12/02/2015</valoreKey>
        </datoKey>
      </keyRecord>
      <datoRecord>
        <colonnaDato>dt_soppres</colonnaDato>
        <labelDato>Data soppressione</labelDato>
        <valoreDato>31/12/2444</valoreDato>
      </datoRecord>
      <recordChild>
        <tipoRecord>Campo per partizionamento</tipoRecord>
        <child>
          <idRecord>1235</idRecord>
          <keyRecord>
            <datoKey>
              <colonnaKey>ti_campo</colonnaKey>
              <labelKey>Tipo campo</labelKey>
              <valoreKey>SUB_STRUT</valoreKey>
            </datoKey>
            <datoKey>
              <colonnaKey>nm_campo</colonnaKey>
              <labelKey>Nome campo</labelKey>
              <valoreKey>SUB_STRUTTURA</valoreKey>
            </datoKey>
          </keyRecord>
          <datoRecord>
            <colonnaDato>nm_sub_strut</colonnaDato>
            <labelDato>Sottostruttura</labelDato>
            <valoreDato>DEFAULT</valoreDato>
          </datoRecord>
          <datoRecord>
            <colonnaDato>nm_attrib_dati_spec</colonnaDato>
            <labelDato>Dato specifico</labelDato>
            <valoreDato>null</valoreDato>
          </datoRecord>
        </child>
      </recordChild>
    </child>
    <child>
      <idRecord>1923</idRecord>
      <keyRecord>
        <datoKey>
          <colonnaKey>nm_tipo_doc</colonnaKey>
          <labelKey>Tipo documento principale</labelKey>
          <valoreKey>MANIFESTO_ASC</valoreKey>
        </datoKey>
        <datoKey>
          <colonnaKey>dt_istituz</colonnaKey>
          <labelKey>Data istituzione</labelKey>
          <valoreKey>12/02/2015</valoreKey>
        </datoKey>
      </keyRecord>
      <datoRecord>
        <colonnaDato>dt_soppres</colonnaDato>
        <labelDato>Data soppressione</labelDato>
        <valoreDato>31/12/2444</valoreDato>
      </datoRecord>
      <recordChild>
        <tipoRecord>Campo per partizionamento</tipoRecord>
        <child>
          <idRecord>1234</idRecord>
          <keyRecord>
            <datoKey>
              <colonnaKey>ti_campo</colonnaKey>
              <labelKey>Tipo campo</labelKey>
              <valoreKey>SUB_STRUT</valoreKey>
            </datoKey>
            <datoKey>
              <colonnaKey>nm_campo</colonnaKey>
              <labelKey>Nome campo</labelKey>
              <valoreKey>SUB_STRUTTURA</valoreKey>
            </datoKey>
          </keyRecord>
          <datoRecord>
            <colonnaDato>nm_sub_strut</colonnaDato>
            <labelDato>Sottostruttura</labelDato>
            <valoreDato>DEFAULT</valoreDato>
          </datoRecord>
          <datoRecord>
            <colonnaDato>nm_attrib_dati_spec</colonnaDato>
            <labelDato>Dato specifico</labelDato>
            <valoreDato>null</valoreDato>
          </datoRecord>
        </child>
      </recordChild>
    </child>
    <child>
      <idRecord>1922</idRecord>
      <keyRecord>
        <datoKey>
          <colonnaKey>nm_tipo_doc</colonnaKey>
          <labelKey>Tipo documento principale</labelKey>
          <valoreKey>MANIFESTO_ASC</valoreKey>
        </datoKey>
        <datoKey>
          <colonnaKey>dt_istituz</colonnaKey>
          <labelKey>Data istituzione</labelKey>
          <valoreKey>12/02/2015</valoreKey>
        </datoKey>
      </keyRecord>
      <datoRecord>
        <colonnaDato>dt_soppres</colonnaDato>
        <labelDato>Data soppressione</labelDato>
        <valoreDato>31/12/2444</valoreDato>
      </datoRecord>
      <recordChild>
        <tipoRecord>Campo per partizionamento</tipoRecord>
        <child>
          <idRecord>1233</idRecord>
          <keyRecord>
            <datoKey>
              <colonnaKey>ti_campo</colonnaKey>
              <labelKey>Tipo campo</labelKey>
              <valoreKey>SUB_STRUT</valoreKey>
            </datoKey>
            <datoKey>
              <colonnaKey>nm_campo</colonnaKey>
              <labelKey>Nome campo</labelKey>
              <valoreKey>SUB_STRUTTURA</valoreKey>
            </datoKey>
          </keyRecord>
          <datoRecord>
            <colonnaDato>nm_sub_strut</colonnaDato>
            <labelDato>Sottostruttura</labelDato>
            <valoreDato>DEFAULT</valoreDato>
          </datoRecord>
          <datoRecord>
            <colonnaDato>nm_attrib_dati_spec</colonnaDato>
            <labelDato>Dato specifico</labelDato>
            <valoreDato>null</valoreDato>
          </datoRecord>
        </child>
      </recordChild>
    </child>
    <child>
      <idRecord>1921</idRecord>
      <keyRecord>
        <datoKey>
          <colonnaKey>nm_tipo_doc</colonnaKey>
          <labelKey>Tipo documento principale</labelKey>
          <valoreKey>MANIFESTO_ASC</valoreKey>
        </datoKey>
        <datoKey>
          <colonnaKey>dt_istituz</colonnaKey>
          <labelKey>Data istituzione</labelKey>
          <valoreKey>12/02/2015</valoreKey>
        </datoKey>
      </keyRecord>
      <datoRecord>
        <colonnaDato>dt_soppres</colonnaDato>
        <labelDato>Data soppressione</labelDato>
        <valoreDato>31/12/2444</valoreDato>
      </datoRecord>
      <recordChild>
        <tipoRecord>Campo per partizionamento</tipoRecord>
        <child>
          <idRecord>1232</idRecord>
          <keyRecord>
            <datoKey>
              <colonnaKey>ti_campo</colonnaKey>
              <labelKey>Tipo campo</labelKey>
              <valoreKey>SUB_STRUT</valoreKey>
            </datoKey>
            <datoKey>
              <colonnaKey>nm_campo</colonnaKey>
              <labelKey>Nome campo</labelKey>
              <valoreKey>SUB_STRUTTURA</valoreKey>
            </datoKey>
          </keyRecord>
          <datoRecord>
            <colonnaDato>nm_sub_strut</colonnaDato>
            <labelDato>Sottostruttura</labelDato>
            <valoreDato>DEFAULT</valoreDato>
          </datoRecord>
          <datoRecord>
            <colonnaDato>nm_attrib_dati_spec</colonnaDato>
            <labelDato>Dato specifico</labelDato>
            <valoreDato>null</valoreDato>
          </datoRecord>
        </child>
      </recordChild>
    </child>
    <child>
      <idRecord>1920</idRecord>
      <keyRecord>
        <datoKey>
          <colonnaKey>nm_tipo_doc</colonnaKey>
          <labelKey>Tipo documento principale</labelKey>
          <valoreKey>MANIFESTO_ASC</valoreKey>
        </datoKey>
        <datoKey>
          <colonnaKey>dt_istituz</colonnaKey>
          <labelKey>Data istituzione</labelKey>
          <valoreKey>12/02/2015</valoreKey>
        </datoKey>
      </keyRecord>
      <datoRecord>
        <colonnaDato>dt_soppres</colonnaDato>
        <labelDato>Data soppressione</labelDato>
        <valoreDato>31/12/2444</valoreDato>
      </datoRecord>
      <recordChild>
        <tipoRecord>Campo per partizionamento</tipoRecord>
        <child>
          <idRecord>1231</idRecord>
          <keyRecord>
            <datoKey>
              <colonnaKey>ti_campo</colonnaKey>
              <labelKey>Tipo campo</labelKey>
              <valoreKey>SUB_STRUT</valoreKey>
            </datoKey>
            <datoKey>
              <colonnaKey>nm_campo</colonnaKey>
              <labelKey>Nome campo</labelKey>
              <valoreKey>SUB_STRUTTURA</valoreKey>
            </datoKey>
          </keyRecord>
          <datoRecord>
            <colonnaDato>nm_sub_strut</colonnaDato>
            <labelDato>Sottostruttura</labelDato>
            <valoreDato>DEFAULT</valoreDato>
          </datoRecord>
          <datoRecord>
            <colonnaDato>nm_attrib_dati_spec</colonnaDato>
            <labelDato>Dato specifico</labelDato>
            <valoreDato>null</valoreDato>
          </datoRecord>
        </child>
      </recordChild>
    </child>
    <child>
      <idRecord>1919</idRecord>
      <keyRecord>
        <datoKey>
          <colonnaKey>nm_tipo_doc</colonnaKey>
          <labelKey>Tipo documento principale</labelKey>
          <valoreKey>MANIFESTO_ASC</valoreKey>
        </datoKey>
        <datoKey>
          <colonnaKey>dt_istituz</colonnaKey>
          <labelKey>Data istituzione</labelKey>
          <valoreKey>12/02/2015</valoreKey>
        </datoKey>
      </keyRecord>
      <datoRecord>
        <colonnaDato>dt_soppres</colonnaDato>
        <labelDato>Data soppressione</labelDato>
        <valoreDato>31/12/2444</valoreDato>
      </datoRecord>
      <recordChild>
        <tipoRecord>Campo per partizionamento</tipoRecord>
        <child>
          <idRecord>1230</idRecord>
          <keyRecord>
            <datoKey>
              <colonnaKey>ti_campo</colonnaKey>
              <labelKey>Tipo campo</labelKey>
              <valoreKey>SUB_STRUT</valoreKey>
            </datoKey>
            <datoKey>
              <colonnaKey>nm_campo</colonnaKey>
              <labelKey>Nome campo</labelKey>
              <valoreKey>SUB_STRUTTURA</valoreKey>
            </datoKey>
          </keyRecord>
          <datoRecord>
            <colonnaDato>nm_sub_strut</colonnaDato>
            <labelDato>Sottostruttura</labelDato>
            <valoreDato>DEFAULT</valoreDato>
          </datoRecord>
          <datoRecord>
            <colonnaDato>nm_attrib_dati_spec</colonnaDato>
            <labelDato>Dato specifico</labelDato>
            <valoreDato>null</valoreDato>
          </datoRecord>
        </child>
      </recordChild>
    </child>
    <child>
      <idRecord>506</idRecord>
      <keyRecord>
        <datoKey>
          <colonnaKey>nm_tipo_doc</colonnaKey>
          <labelKey>Tipo documento principale</labelKey>
          <valoreKey>MANIFESTO_ASC</valoreKey>
        </datoKey>
        <datoKey>
          <colonnaKey>dt_istituz</colonnaKey>
          <labelKey>Data istituzione</labelKey>
          <valoreKey>10/11/2014</valoreKey>
        </datoKey>
      </keyRecord>
      <datoRecord>
        <colonnaDato>dt_soppres</colonnaDato>
        <labelDato>Data soppressione</labelDato>
        <valoreDato>31/12/2444</valoreDato>
      </datoRecord>
      <recordChild>
        <tipoRecord>Campo per partizionamento</tipoRecord>
        <child>
          <idRecord>250</idRecord>
          <keyRecord>
            <datoKey>
              <colonnaKey>ti_campo</colonnaKey>
              <labelKey>Tipo campo</labelKey>
              <valoreKey>SUB_STRUT</valoreKey>
            </datoKey>
            <datoKey>
              <colonnaKey>nm_campo</colonnaKey>
              <labelKey>Nome campo</labelKey>
              <valoreKey>SUB_STRUTTURA</valoreKey>
            </datoKey>
          </keyRecord>
          <datoRecord>
            <colonnaDato>nm_sub_strut</colonnaDato>
            <labelDato>Sottostruttura</labelDato>
            <valoreDato>DEFAULT</valoreDato>
          </datoRecord>
          <datoRecord>
            <colonnaDato>nm_attrib_dati_spec</colonnaDato>
            <labelDato>Dato specifico</labelDato>
            <valoreDato>null</valoreDato>
          </datoRecord>
        </child>
      </recordChild>
    </child>
    <child>
      <idRecord>2279</idRecord>
      <keyRecord>
        <datoKey>
          <colonnaKey>nm_tipo_doc</colonnaKey>
          <labelKey>Tipo documento principale</labelKey>
          <valoreKey>MANIFESTO_ASC</valoreKey>
        </datoKey>
        <datoKey>
          <colonnaKey>dt_istituz</colonnaKey>
          <labelKey>Data istituzione</labelKey>
          <valoreKey>12/02/2015</valoreKey>
        </datoKey>
      </keyRecord>
      <datoRecord>
        <colonnaDato>dt_soppres</colonnaDato>
        <labelDato>Data soppressione</labelDato>
        <valoreDato>31/12/2444</valoreDato>
      </datoRecord>
      <recordChild>
        <tipoRecord>Campo per partizionamento</tipoRecord>
        <child>
          <idRecord>922</idRecord>
          <keyRecord>
            <datoKey>
              <colonnaKey>ti_campo</colonnaKey>
              <labelKey>Tipo campo</labelKey>
              <valoreKey>SUB_STRUT</valoreKey>
            </datoKey>
            <datoKey>
              <colonnaKey>nm_campo</colonnaKey>
              <labelKey>Nome campo</labelKey>
              <valoreKey>SUB_STRUTTURA</valoreKey>
            </datoKey>
          </keyRecord>
          <datoRecord>
            <colonnaDato>nm_sub_strut</colonnaDato>
            <labelDato>Sottostruttura</labelDato>
            <valoreDato>DEFAULT</valoreDato>
          </datoRecord>
          <datoRecord>
            <colonnaDato>nm_attrib_dati_spec</colonnaDato>
            <labelDato>Dato specifico</labelDato>
            <valoreDato>null</valoreDato>
          </datoRecord>
        </child>
      </recordChild>
    </child>
    <child>
      <idRecord>2278</idRecord>
      <keyRecord>
        <datoKey>
          <colonnaKey>nm_tipo_doc</colonnaKey>
          <labelKey>Tipo documento principale</labelKey>
          <valoreKey>MANIFESTO_ASC</valoreKey>
        </datoKey>
        <datoKey>
          <colonnaKey>dt_istituz</colonnaKey>
          <labelKey>Data istituzione</labelKey>
          <valoreKey>12/02/2015</valoreKey>
        </datoKey>
      </keyRecord>
      <datoRecord>
        <colonnaDato>dt_soppres</colonnaDato>
        <labelDato>Data soppressione</labelDato>
        <valoreDato>31/12/2444</valoreDato>
      </datoRecord>
      <recordChild>
        <tipoRecord>Campo per partizionamento</tipoRecord>
        <child>
          <idRecord>921</idRecord>
          <keyRecord>
            <datoKey>
              <colonnaKey>ti_campo</colonnaKey>
              <labelKey>Tipo campo</labelKey>
              <valoreKey>SUB_STRUT</valoreKey>
            </datoKey>
            <datoKey>
              <colonnaKey>nm_campo</colonnaKey>
              <labelKey>Nome campo</labelKey>
              <valoreKey>SUB_STRUTTURA</valoreKey>
            </datoKey>
          </keyRecord>
          <datoRecord>
            <colonnaDato>nm_sub_strut</colonnaDato>
            <labelDato>Sottostruttura</labelDato>
            <valoreDato>DEFAULT</valoreDato>
          </datoRecord>
          <datoRecord>
            <colonnaDato>nm_attrib_dati_spec</colonnaDato>
            <labelDato>Dato specifico</labelDato>
            <valoreDato>null</valoreDato>
          </datoRecord>
        </child>
      </recordChild>
    </child>
    <child>
      <idRecord>2277</idRecord>
      <keyRecord>
        <datoKey>
          <colonnaKey>nm_tipo_doc</colonnaKey>
          <labelKey>Tipo documento principale</labelKey>
          <valoreKey>MANIFESTO_ASC</valoreKey>
        </datoKey>
        <datoKey>
          <colonnaKey>dt_istituz</colonnaKey>
          <labelKey>Data istituzione</labelKey>
          <valoreKey>12/02/2015</valoreKey>
        </datoKey>
      </keyRecord>
      <datoRecord>
        <colonnaDato>dt_soppres</colonnaDato>
        <labelDato>Data soppressione</labelDato>
        <valoreDato>31/12/2444</valoreDato>
      </datoRecord>
      <recordChild>
        <tipoRecord>Campo per partizionamento</tipoRecord>
        <child>
          <idRecord>920</idRecord>
          <keyRecord>
            <datoKey>
              <colonnaKey>ti_campo</colonnaKey>
              <labelKey>Tipo campo</labelKey>
              <valoreKey>SUB_STRUT</valoreKey>
            </datoKey>
            <datoKey>
              <colonnaKey>nm_campo</colonnaKey>
              <labelKey>Nome campo</labelKey>
              <valoreKey>SUB_STRUTTURA</valoreKey>
            </datoKey>
          </keyRecord>
          <datoRecord>
            <colonnaDato>nm_sub_strut</colonnaDato>
            <labelDato>Sottostruttura</labelDato>
            <valoreDato>DEFAULT</valoreDato>
          </datoRecord>
          <datoRecord>
            <colonnaDato>nm_attrib_dati_spec</colonnaDato>
            <labelDato>Dato specifico</labelDato>
            <valoreDato>null</valoreDato>
          </datoRecord>
        </child>
      </recordChild>
    </child>
    <child>
      <idRecord>2276</idRecord>
      <keyRecord>
        <datoKey>
          <colonnaKey>nm_tipo_doc</colonnaKey>
          <labelKey>Tipo documento principale</labelKey>
          <valoreKey>MANIFESTO_ASC</valoreKey>
        </datoKey>
        <datoKey>
          <colonnaKey>dt_istituz</colonnaKey>
          <labelKey>Data istituzione</labelKey>
          <valoreKey>12/02/2015</valoreKey>
        </datoKey>
      </keyRecord>
      <datoRecord>
        <colonnaDato>dt_soppres</colonnaDato>
        <labelDato>Data soppressione</labelDato>
        <valoreDato>31/12/2444</valoreDato>
      </datoRecord>
      <recordChild>
        <tipoRecord>Campo per partizionamento</tipoRecord>
        <child>
          <idRecord>919</idRecord>
          <keyRecord>
            <datoKey>
              <colonnaKey>ti_campo</colonnaKey>
              <labelKey>Tipo campo</labelKey>
              <valoreKey>SUB_STRUT</valoreKey>
            </datoKey>
            <datoKey>
              <colonnaKey>nm_campo</colonnaKey>
              <labelKey>Nome campo</labelKey>
              <valoreKey>SUB_STRUTTURA</valoreKey>
            </datoKey>
          </keyRecord>
          <datoRecord>
            <colonnaDato>nm_sub_strut</colonnaDato>
            <labelDato>Sottostruttura</labelDato>
            <valoreDato>DEFAULT</valoreDato>
          </datoRecord>
          <datoRecord>
            <colonnaDato>nm_attrib_dati_spec</colonnaDato>
            <labelDato>Dato specifico</labelDato>
            <valoreDato>null</valoreDato>
          </datoRecord>
        </child>
      </recordChild>
    </child>
    <child>
      <idRecord>2275</idRecord>
      <keyRecord>
        <datoKey>
          <colonnaKey>nm_tipo_doc</colonnaKey>
          <labelKey>Tipo documento principale</labelKey>
          <valoreKey>MANIFESTO_ASC</valoreKey>
        </datoKey>
        <datoKey>
          <colonnaKey>dt_istituz</colonnaKey>
          <labelKey>Data istituzione</labelKey>
          <valoreKey>12/02/2015</valoreKey>
        </datoKey>
      </keyRecord>
      <datoRecord>
        <colonnaDato>dt_soppres</colonnaDato>
        <labelDato>Data soppressione</labelDato>
        <valoreDato>31/12/2444</valoreDato>
      </datoRecord>
      <recordChild>
        <tipoRecord>Campo per partizionamento</tipoRecord>
        <child>
          <idRecord>918</idRecord>
          <keyRecord>
            <datoKey>
              <colonnaKey>ti_campo</colonnaKey>
              <labelKey>Tipo campo</labelKey>
              <valoreKey>SUB_STRUT</valoreKey>
            </datoKey>
            <datoKey>
              <colonnaKey>nm_campo</colonnaKey>
              <labelKey>Nome campo</labelKey>
              <valoreKey>SUB_STRUTTURA</valoreKey>
            </datoKey>
          </keyRecord>
          <datoRecord>
            <colonnaDato>nm_sub_strut</colonnaDato>
            <labelDato>Sottostruttura</labelDato>
            <valoreDato>DEFAULT</valoreDato>
          </datoRecord>
          <datoRecord>
            <colonnaDato>nm_attrib_dati_spec</colonnaDato>
            <labelDato>Dato specifico</labelDato>
            <valoreDato>null</valoreDato>
          </datoRecord>
        </child>
      </recordChild>
    </child>
    <child>
      <idRecord>2274</idRecord>
      <keyRecord>
        <datoKey>
          <colonnaKey>nm_tipo_doc</colonnaKey>
          <labelKey>Tipo documento principale</labelKey>
          <valoreKey>MANIFESTO_ASC</valoreKey>
        </datoKey>
        <datoKey>
          <colonnaKey>dt_istituz</colonnaKey>
          <labelKey>Data istituzione</labelKey>
          <valoreKey>12/02/2015</valoreKey>
        </datoKey>
      </keyRecord>
      <datoRecord>
        <colonnaDato>dt_soppres</colonnaDato>
        <labelDato>Data soppressione</labelDato>
        <valoreDato>31/12/2444</valoreDato>
      </datoRecord>
      <recordChild>
        <tipoRecord>Campo per partizionamento</tipoRecord>
        <child>
          <idRecord>917</idRecord>
          <keyRecord>
            <datoKey>
              <colonnaKey>ti_campo</colonnaKey>
              <labelKey>Tipo campo</labelKey>
              <valoreKey>SUB_STRUT</valoreKey>
            </datoKey>
            <datoKey>
              <colonnaKey>nm_campo</colonnaKey>
              <labelKey>Nome campo</labelKey>
              <valoreKey>SUB_STRUTTURA</valoreKey>
            </datoKey>
          </keyRecord>
          <datoRecord>
            <colonnaDato>nm_sub_strut</colonnaDato>
            <labelDato>Sottostruttura</labelDato>
            <valoreDato>DEFAULT</valoreDato>
          </datoRecord>
          <datoRecord>
            <colonnaDato>nm_attrib_dati_spec</colonnaDato>
            <labelDato>Dato specifico</labelDato>
            <valoreDato>null</valoreDato>
          </datoRecord>
        </child>
      </recordChild>
    </child>
    <child>
      <idRecord>2273</idRecord>
      <keyRecord>
        <datoKey>
          <colonnaKey>nm_tipo_doc</colonnaKey>
          <labelKey>Tipo documento principale</labelKey>
          <valoreKey>MANIFESTO_ASC</valoreKey>
        </datoKey>
        <datoKey>
          <colonnaKey>dt_istituz</colonnaKey>
          <labelKey>Data istituzione</labelKey>
          <valoreKey>12/02/2015</valoreKey>
        </datoKey>
      </keyRecord>
      <datoRecord>
        <colonnaDato>dt_soppres</colonnaDato>
        <labelDato>Data soppressione</labelDato>
        <valoreDato>31/12/2444</valoreDato>
      </datoRecord>
      <recordChild>
        <tipoRecord>Campo per partizionamento</tipoRecord>
        <child>
          <idRecord>916</idRecord>
          <keyRecord>
            <datoKey>
              <colonnaKey>ti_campo</colonnaKey>
              <labelKey>Tipo campo</labelKey>
              <valoreKey>SUB_STRUT</valoreKey>
            </datoKey>
            <datoKey>
              <colonnaKey>nm_campo</colonnaKey>
              <labelKey>Nome campo</labelKey>
              <valoreKey>SUB_STRUTTURA</valoreKey>
            </datoKey>
          </keyRecord>
          <datoRecord>
            <colonnaDato>nm_sub_strut</colonnaDato>
            <labelDato>Sottostruttura</labelDato>
            <valoreDato>DEFAULT</valoreDato>
          </datoRecord>
          <datoRecord>
            <colonnaDato>nm_attrib_dati_spec</colonnaDato>
            <labelDato>Dato specifico</labelDato>
            <valoreDato>null</valoreDato>
          </datoRecord>
        </child>
      </recordChild>
    </child>
    <child>
      <idRecord>2272</idRecord>
      <keyRecord>
        <datoKey>
          <colonnaKey>nm_tipo_doc</colonnaKey>
          <labelKey>Tipo documento principale</labelKey>
          <valoreKey>MANIFESTO_ASC</valoreKey>
        </datoKey>
        <datoKey>
          <colonnaKey>dt_istituz</colonnaKey>
          <labelKey>Data istituzione</labelKey>
          <valoreKey>12/02/2015</valoreKey>
        </datoKey>
      </keyRecord>
      <datoRecord>
        <colonnaDato>dt_soppres</colonnaDato>
        <labelDato>Data soppressione</labelDato>
        <valoreDato>31/12/2444</valoreDato>
      </datoRecord>
      <recordChild>
        <tipoRecord>Campo per partizionamento</tipoRecord>
        <child>
          <idRecord>915</idRecord>
          <keyRecord>
            <datoKey>
              <colonnaKey>ti_campo</colonnaKey>
              <labelKey>Tipo campo</labelKey>
              <valoreKey>SUB_STRUT</valoreKey>
            </datoKey>
            <datoKey>
              <colonnaKey>nm_campo</colonnaKey>
              <labelKey>Nome campo</labelKey>
              <valoreKey>SUB_STRUTTURA</valoreKey>
            </datoKey>
          </keyRecord>
          <datoRecord>
            <colonnaDato>nm_sub_strut</colonnaDato>
            <labelDato>Sottostruttura</labelDato>
            <valoreDato>DEFAULT</valoreDato>
          </datoRecord>
          <datoRecord>
            <colonnaDato>nm_attrib_dati_spec</colonnaDato>
            <labelDato>Dato specifico</labelDato>
            <valoreDato>null</valoreDato>
          </datoRecord>
        </child>
      </recordChild>
    </child>
    <child>
      <idRecord>2271</idRecord>
      <keyRecord>
        <datoKey>
          <colonnaKey>nm_tipo_doc</colonnaKey>
          <labelKey>Tipo documento principale</labelKey>
          <valoreKey>MANIFESTO_ASC</valoreKey>
        </datoKey>
        <datoKey>
          <colonnaKey>dt_istituz</colonnaKey>
          <labelKey>Data istituzione</labelKey>
          <valoreKey>12/02/2015</valoreKey>
        </datoKey>
      </keyRecord>
      <datoRecord>
        <colonnaDato>dt_soppres</colonnaDato>
        <labelDato>Data soppressione</labelDato>
        <valoreDato>31/12/2444</valoreDato>
      </datoRecord>
      <recordChild>
        <tipoRecord>Campo per partizionamento</tipoRecord>
        <child>
          <idRecord>914</idRecord>
          <keyRecord>
            <datoKey>
              <colonnaKey>ti_campo</colonnaKey>
              <labelKey>Tipo campo</labelKey>
              <valoreKey>SUB_STRUT</valoreKey>
            </datoKey>
            <datoKey>
              <colonnaKey>nm_campo</colonnaKey>
              <labelKey>Nome campo</labelKey>
              <valoreKey>SUB_STRUTTURA</valoreKey>
            </datoKey>
          </keyRecord>
          <datoRecord>
            <colonnaDato>nm_sub_strut</colonnaDato>
            <labelDato>Sottostruttura</labelDato>
            <valoreDato>DEFAULT</valoreDato>
          </datoRecord>
          <datoRecord>
            <colonnaDato>nm_attrib_dati_spec</colonnaDato>
            <labelDato>Dato specifico</labelDato>
            <valoreDato>null</valoreDato>
          </datoRecord>
        </child>
      </recordChild>
    </child>
    <child>
      <idRecord>2270</idRecord>
      <keyRecord>
        <datoKey>
          <colonnaKey>nm_tipo_doc</colonnaKey>
          <labelKey>Tipo documento principale</labelKey>
          <valoreKey>MANIFESTO_ASC</valoreKey>
        </datoKey>
        <datoKey>
          <colonnaKey>dt_istituz</colonnaKey>
          <labelKey>Data istituzione</labelKey>
          <valoreKey>12/02/2015</valoreKey>
        </datoKey>
      </keyRecord>
      <datoRecord>
        <colonnaDato>dt_soppres</colonnaDato>
        <labelDato>Data soppressione</labelDato>
        <valoreDato>31/12/2444</valoreDato>
      </datoRecord>
      <recordChild>
        <tipoRecord>Campo per partizionamento</tipoRecord>
        <child>
          <idRecord>913</idRecord>
          <keyRecord>
            <datoKey>
              <colonnaKey>ti_campo</colonnaKey>
              <labelKey>Tipo campo</labelKey>
              <valoreKey>SUB_STRUT</valoreKey>
            </datoKey>
            <datoKey>
              <colonnaKey>nm_campo</colonnaKey>
              <labelKey>Nome campo</labelKey>
              <valoreKey>SUB_STRUTTURA</valoreKey>
            </datoKey>
          </keyRecord>
          <datoRecord>
            <colonnaDato>nm_sub_strut</colonnaDato>
            <labelDato>Sottostruttura</labelDato>
            <valoreDato>DEFAULT</valoreDato>
          </datoRecord>
          <datoRecord>
            <colonnaDato>nm_attrib_dati_spec</colonnaDato>
            <labelDato>Dato specifico</labelDato>
            <valoreDato>null</valoreDato>
          </datoRecord>
        </child>
      </recordChild>
    </child>
    <child>
      <idRecord>2269</idRecord>
      <keyRecord>
        <datoKey>
          <colonnaKey>nm_tipo_doc</colonnaKey>
          <labelKey>Tipo documento principale</labelKey>
          <valoreKey>MANIFESTO_ASC</valoreKey>
        </datoKey>
        <datoKey>
          <colonnaKey>dt_istituz</colonnaKey>
          <labelKey>Data istituzione</labelKey>
          <valoreKey>12/02/2015</valoreKey>
        </datoKey>
      </keyRecord>
      <datoRecord>
        <colonnaDato>dt_soppres</colonnaDato>
        <labelDato>Data soppressione</labelDato>
        <valoreDato>31/12/2444</valoreDato>
      </datoRecord>
      <recordChild>
        <tipoRecord>Campo per partizionamento</tipoRecord>
        <child>
          <idRecord>912</idRecord>
          <keyRecord>
            <datoKey>
              <colonnaKey>ti_campo</colonnaKey>
              <labelKey>Tipo campo</labelKey>
              <valoreKey>SUB_STRUT</valoreKey>
            </datoKey>
            <datoKey>
              <colonnaKey>nm_campo</colonnaKey>
              <labelKey>Nome campo</labelKey>
              <valoreKey>SUB_STRUTTURA</valoreKey>
            </datoKey>
          </keyRecord>
          <datoRecord>
            <colonnaDato>nm_sub_strut</colonnaDato>
            <labelDato>Sottostruttura</labelDato>
            <valoreDato>DEFAULT</valoreDato>
          </datoRecord>
          <datoRecord>
            <colonnaDato>nm_attrib_dati_spec</colonnaDato>
            <labelDato>Dato specifico</labelDato>
            <valoreDato>null</valoreDato>
          </datoRecord>
        </child>
      </recordChild>
    </child>
    <child>
      <idRecord>2268</idRecord>
      <keyRecord>
        <datoKey>
          <colonnaKey>nm_tipo_doc</colonnaKey>
          <labelKey>Tipo documento principale</labelKey>
          <valoreKey>MANIFESTO_ASC</valoreKey>
        </datoKey>
        <datoKey>
          <colonnaKey>dt_istituz</colonnaKey>
          <labelKey>Data istituzione</labelKey>
          <valoreKey>12/02/2015</valoreKey>
        </datoKey>
      </keyRecord>
      <datoRecord>
        <colonnaDato>dt_soppres</colonnaDato>
        <labelDato>Data soppressione</labelDato>
        <valoreDato>31/12/2444</valoreDato>
      </datoRecord>
      <recordChild>
        <tipoRecord>Campo per partizionamento</tipoRecord>
        <child>
          <idRecord>911</idRecord>
          <keyRecord>
            <datoKey>
              <colonnaKey>ti_campo</colonnaKey>
              <labelKey>Tipo campo</labelKey>
              <valoreKey>SUB_STRUT</valoreKey>
            </datoKey>
            <datoKey>
              <colonnaKey>nm_campo</colonnaKey>
              <labelKey>Nome campo</labelKey>
              <valoreKey>SUB_STRUTTURA</valoreKey>
            </datoKey>
          </keyRecord>
          <datoRecord>
            <colonnaDato>nm_sub_strut</colonnaDato>
            <labelDato>Sottostruttura</labelDato>
            <valoreDato>DEFAULT</valoreDato>
          </datoRecord>
          <datoRecord>
            <colonnaDato>nm_attrib_dati_spec</colonnaDato>
            <labelDato>Dato specifico</labelDato>
            <valoreDato>null</valoreDato>
          </datoRecord>
        </child>
      </recordChild>
    </child>
    <child>
      <idRecord>2682</idRecord>
      <keyRecord>
        <datoKey>
          <colonnaKey>nm_tipo_doc</colonnaKey>
          <labelKey>Tipo documento principale</labelKey>
          <valoreKey>MODELLO 69</valoreKey>
        </datoKey>
        <datoKey>
          <colonnaKey>dt_istituz</colonnaKey>
          <labelKey>Data istituzione</labelKey>
          <valoreKey>25/03/2015</valoreKey>
        </datoKey>
      </keyRecord>
      <datoRecord>
        <colonnaDato>dt_soppres</colonnaDato>
        <labelDato>Data soppressione</labelDato>
        <valoreDato>31/12/2444</valoreDato>
      </datoRecord>
      <recordChild>
        <tipoRecord>Campo per partizionamento</tipoRecord>
      </recordChild>
    </child>
    <child>
      <idRecord>9643</idRecord>
      <keyRecord>
        <datoKey>
          <colonnaKey>nm_tipo_doc</colonnaKey>
          <labelKey>Tipo documento principale</labelKey>
          <valoreKey>NOTA DI CREDITO</valoreKey>
        </datoKey>
        <datoKey>
          <colonnaKey>dt_istituz</colonnaKey>
          <labelKey>Data istituzione</labelKey>
          <valoreKey>15/06/2016</valoreKey>
        </datoKey>
      </keyRecord>
      <datoRecord>
        <colonnaDato>dt_soppres</colonnaDato>
        <labelDato>Data soppressione</labelDato>
        <valoreDato>31/12/2444</valoreDato>
      </datoRecord>
      <recordChild>
        <tipoRecord>Campo per partizionamento</tipoRecord>
        <child>
          <idRecord>7961</idRecord>
          <keyRecord>
            <datoKey>
              <colonnaKey>ti_campo</colonnaKey>
              <labelKey>Tipo campo</labelKey>
              <valoreKey>SUB_STRUT</valoreKey>
            </datoKey>
            <datoKey>
              <colonnaKey>nm_campo</colonnaKey>
              <labelKey>Nome campo</labelKey>
              <valoreKey>SUB_STRUTTURA</valoreKey>
            </datoKey>
          </keyRecord>
          <datoRecord>
            <colonnaDato>nm_sub_strut</colonnaDato>
            <labelDato>Sottostruttura</labelDato>
            <valoreDato>DEFAULT</valoreDato>
          </datoRecord>
          <datoRecord>
            <colonnaDato>nm_attrib_dati_spec</colonnaDato>
            <labelDato>Dato specifico</labelDato>
            <valoreDato>null</valoreDato>
          </datoRecord>
        </child>
      </recordChild>
    </child>
    <child>
      <idRecord>9631</idRecord>
      <keyRecord>
        <datoKey>
          <colonnaKey>nm_tipo_doc</colonnaKey>
          <labelKey>Tipo documento principale</labelKey>
          <valoreKey>NOTA DI CREDITO</valoreKey>
        </datoKey>
        <datoKey>
          <colonnaKey>dt_istituz</colonnaKey>
          <labelKey>Data istituzione</labelKey>
          <valoreKey>15/06/2016</valoreKey>
        </datoKey>
      </keyRecord>
      <datoRecord>
        <colonnaDato>dt_soppres</colonnaDato>
        <labelDato>Data soppressione</labelDato>
        <valoreDato>31/12/2444</valoreDato>
      </datoRecord>
      <recordChild>
        <tipoRecord>Campo per partizionamento</tipoRecord>
        <child>
          <idRecord>7949</idRecord>
          <keyRecord>
            <datoKey>
              <colonnaKey>ti_campo</colonnaKey>
              <labelKey>Tipo campo</labelKey>
              <valoreKey>SUB_STRUT</valoreKey>
            </datoKey>
            <datoKey>
              <colonnaKey>nm_campo</colonnaKey>
              <labelKey>Nome campo</labelKey>
              <valoreKey>SUB_STRUTTURA</valoreKey>
            </datoKey>
          </keyRecord>
          <datoRecord>
            <colonnaDato>nm_sub_strut</colonnaDato>
            <labelDato>Sottostruttura</labelDato>
            <valoreDato>DEFAULT</valoreDato>
          </datoRecord>
          <datoRecord>
            <colonnaDato>nm_attrib_dati_spec</colonnaDato>
            <labelDato>Dato specifico</labelDato>
            <valoreDato>null</valoreDato>
          </datoRecord>
        </child>
      </recordChild>
    </child>
    <child>
      <idRecord>11478</idRecord>
      <keyRecord>
        <datoKey>
          <colonnaKey>nm_tipo_doc</colonnaKey>
          <labelKey>Tipo documento principale</labelKey>
          <valoreKey>NOTA DI CREDITO</valoreKey>
        </datoKey>
        <datoKey>
          <colonnaKey>dt_istituz</colonnaKey>
          <labelKey>Data istituzione</labelKey>
          <valoreKey>16/02/2015</valoreKey>
        </datoKey>
      </keyRecord>
      <datoRecord>
        <colonnaDato>dt_soppres</colonnaDato>
        <labelDato>Data soppressione</labelDato>
        <valoreDato>31/12/2444</valoreDato>
      </datoRecord>
      <recordChild>
        <tipoRecord>Campo per partizionamento</tipoRecord>
        <child>
          <idRecord>9607</idRecord>
          <keyRecord>
            <datoKey>
              <colonnaKey>ti_campo</colonnaKey>
              <labelKey>Tipo campo</labelKey>
              <valoreKey>SUB_STRUT</valoreKey>
            </datoKey>
            <datoKey>
              <colonnaKey>nm_campo</colonnaKey>
              <labelKey>Nome campo</labelKey>
              <valoreKey>SUB_STRUTTURA</valoreKey>
            </datoKey>
          </keyRecord>
          <datoRecord>
            <colonnaDato>nm_sub_strut</colonnaDato>
            <labelDato>Sottostruttura</labelDato>
            <valoreDato>DEFAULT</valoreDato>
          </datoRecord>
          <datoRecord>
            <colonnaDato>nm_attrib_dati_spec</colonnaDato>
            <labelDato>Dato specifico</labelDato>
            <valoreDato>null</valoreDato>
          </datoRecord>
        </child>
      </recordChild>
    </child>
    <child>
      <idRecord>11477</idRecord>
      <keyRecord>
        <datoKey>
          <colonnaKey>nm_tipo_doc</colonnaKey>
          <labelKey>Tipo documento principale</labelKey>
          <valoreKey>NOTA DI CREDITO</valoreKey>
        </datoKey>
        <datoKey>
          <colonnaKey>dt_istituz</colonnaKey>
          <labelKey>Data istituzione</labelKey>
          <valoreKey>17/08/2015</valoreKey>
        </datoKey>
      </keyRecord>
      <datoRecord>
        <colonnaDato>dt_soppres</colonnaDato>
        <labelDato>Data soppressione</labelDato>
        <valoreDato>31/12/2444</valoreDato>
      </datoRecord>
      <recordChild>
        <tipoRecord>Campo per partizionamento</tipoRecord>
        <child>
          <idRecord>9600</idRecord>
          <keyRecord>
            <datoKey>
              <colonnaKey>ti_campo</colonnaKey>
              <labelKey>Tipo campo</labelKey>
              <valoreKey>SUB_STRUT</valoreKey>
            </datoKey>
            <datoKey>
              <colonnaKey>nm_campo</colonnaKey>
              <labelKey>Nome campo</labelKey>
              <valoreKey>SUB_STRUTTURA</valoreKey>
            </datoKey>
          </keyRecord>
          <datoRecord>
            <colonnaDato>nm_sub_strut</colonnaDato>
            <labelDato>Sottostruttura</labelDato>
            <valoreDato>DEFAULT</valoreDato>
          </datoRecord>
          <datoRecord>
            <colonnaDato>nm_attrib_dati_spec</colonnaDato>
            <labelDato>Dato specifico</labelDato>
            <valoreDato>null</valoreDato>
          </datoRecord>
        </child>
      </recordChild>
    </child>
    <child>
      <idRecord>7405</idRecord>
      <keyRecord>
        <datoKey>
          <colonnaKey>nm_tipo_doc</colonnaKey>
          <labelKey>Tipo documento principale</labelKey>
          <valoreKey>NOTA DI CREDITO</valoreKey>
        </datoKey>
        <datoKey>
          <colonnaKey>dt_istituz</colonnaKey>
          <labelKey>Data istituzione</labelKey>
          <valoreKey>18/11/2015</valoreKey>
        </datoKey>
      </keyRecord>
      <datoRecord>
        <colonnaDato>dt_soppres</colonnaDato>
        <labelDato>Data soppressione</labelDato>
        <valoreDato>31/12/2444</valoreDato>
      </datoRecord>
      <recordChild>
        <tipoRecord>Campo per partizionamento</tipoRecord>
        <child>
          <idRecord>5865</idRecord>
          <keyRecord>
            <datoKey>
              <colonnaKey>ti_campo</colonnaKey>
              <labelKey>Tipo campo</labelKey>
              <valoreKey>SUB_STRUT</valoreKey>
            </datoKey>
            <datoKey>
              <colonnaKey>nm_campo</colonnaKey>
              <labelKey>Nome campo</labelKey>
              <valoreKey>SUB_STRUTTURA</valoreKey>
            </datoKey>
          </keyRecord>
          <datoRecord>
            <colonnaDato>nm_sub_strut</colonnaDato>
            <labelDato>Sottostruttura</labelDato>
            <valoreDato>DEFAULT</valoreDato>
          </datoRecord>
          <datoRecord>
            <colonnaDato>nm_attrib_dati_spec</colonnaDato>
            <labelDato>Dato specifico</labelDato>
            <valoreDato>null</valoreDato>
          </datoRecord>
        </child>
      </recordChild>
    </child>
    <child>
      <idRecord>6085</idRecord>
      <keyRecord>
        <datoKey>
          <colonnaKey>nm_tipo_doc</colonnaKey>
          <labelKey>Tipo documento principale</labelKey>
          <valoreKey>NOTA DI CREDITO</valoreKey>
        </datoKey>
        <datoKey>
          <colonnaKey>dt_istituz</colonnaKey>
          <labelKey>Data istituzione</labelKey>
          <valoreKey>22/09/2015</valoreKey>
        </datoKey>
      </keyRecord>
      <datoRecord>
        <colonnaDato>dt_soppres</colonnaDato>
        <labelDato>Data soppressione</labelDato>
        <valoreDato>31/12/2444</valoreDato>
      </datoRecord>
      <recordChild>
        <tipoRecord>Campo per partizionamento</tipoRecord>
        <child>
          <idRecord>4725</idRecord>
          <keyRecord>
            <datoKey>
              <colonnaKey>ti_campo</colonnaKey>
              <labelKey>Tipo campo</labelKey>
              <valoreKey>SUB_STRUT</valoreKey>
            </datoKey>
            <datoKey>
              <colonnaKey>nm_campo</colonnaKey>
              <labelKey>Nome campo</labelKey>
              <valoreKey>SUB_STRUTTURA</valoreKey>
            </datoKey>
          </keyRecord>
          <datoRecord>
            <colonnaDato>nm_sub_strut</colonnaDato>
            <labelDato>Sottostruttura</labelDato>
            <valoreDato>DEFAULT</valoreDato>
          </datoRecord>
          <datoRecord>
            <colonnaDato>nm_attrib_dati_spec</colonnaDato>
            <labelDato>Dato specifico</labelDato>
            <valoreDato>null</valoreDato>
          </datoRecord>
        </child>
      </recordChild>
    </child>
    <child>
      <idRecord>8626</idRecord>
      <keyRecord>
        <datoKey>
          <colonnaKey>nm_tipo_doc</colonnaKey>
          <labelKey>Tipo documento principale</labelKey>
          <valoreKey>NOTA DI CREDITO</valoreKey>
        </datoKey>
        <datoKey>
          <colonnaKey>dt_istituz</colonnaKey>
          <labelKey>Data istituzione</labelKey>
          <valoreKey>25/11/2015</valoreKey>
        </datoKey>
      </keyRecord>
      <datoRecord>
        <colonnaDato>dt_soppres</colonnaDato>
        <labelDato>Data soppressione</labelDato>
        <valoreDato>31/12/2444</valoreDato>
      </datoRecord>
      <recordChild>
        <tipoRecord>Campo per partizionamento</tipoRecord>
        <child>
          <idRecord>7066</idRecord>
          <keyRecord>
            <datoKey>
              <colonnaKey>ti_campo</colonnaKey>
              <labelKey>Tipo campo</labelKey>
              <valoreKey>SUB_STRUT</valoreKey>
            </datoKey>
            <datoKey>
              <colonnaKey>nm_campo</colonnaKey>
              <labelKey>Nome campo</labelKey>
              <valoreKey>SUB_STRUTTURA</valoreKey>
            </datoKey>
          </keyRecord>
          <datoRecord>
            <colonnaDato>nm_sub_strut</colonnaDato>
            <labelDato>Sottostruttura</labelDato>
            <valoreDato>DEFAULT</valoreDato>
          </datoRecord>
          <datoRecord>
            <colonnaDato>nm_attrib_dati_spec</colonnaDato>
            <labelDato>Dato specifico</labelDato>
            <valoreDato>null</valoreDato>
          </datoRecord>
        </child>
      </recordChild>
    </child>
    <child>
      <idRecord>6242</idRecord>
      <keyRecord>
        <datoKey>
          <colonnaKey>nm_tipo_doc</colonnaKey>
          <labelKey>Tipo documento principale</labelKey>
          <valoreKey>NOTA DI CREDITO</valoreKey>
        </datoKey>
        <datoKey>
          <colonnaKey>dt_istituz</colonnaKey>
          <labelKey>Data istituzione</labelKey>
          <valoreKey>24/09/2015</valoreKey>
        </datoKey>
      </keyRecord>
      <datoRecord>
        <colonnaDato>dt_soppres</colonnaDato>
        <labelDato>Data soppressione</labelDato>
        <valoreDato>31/12/2444</valoreDato>
      </datoRecord>
      <recordChild>
        <tipoRecord>Campo per partizionamento</tipoRecord>
        <child>
          <idRecord>4881</idRecord>
          <keyRecord>
            <datoKey>
              <colonnaKey>ti_campo</colonnaKey>
              <labelKey>Tipo campo</labelKey>
              <valoreKey>SUB_STRUT</valoreKey>
            </datoKey>
            <datoKey>
              <colonnaKey>nm_campo</colonnaKey>
              <labelKey>Nome campo</labelKey>
              <valoreKey>SUB_STRUTTURA</valoreKey>
            </datoKey>
          </keyRecord>
          <datoRecord>
            <colonnaDato>nm_sub_strut</colonnaDato>
            <labelDato>Sottostruttura</labelDato>
            <valoreDato>DEFAULT</valoreDato>
          </datoRecord>
          <datoRecord>
            <colonnaDato>nm_attrib_dati_spec</colonnaDato>
            <labelDato>Dato specifico</labelDato>
            <valoreDato>null</valoreDato>
          </datoRecord>
        </child>
      </recordChild>
    </child>
    <child>
      <idRecord>9527</idRecord>
      <keyRecord>
        <datoKey>
          <colonnaKey>nm_tipo_doc</colonnaKey>
          <labelKey>Tipo documento principale</labelKey>
          <valoreKey>NOTA DI CREDITO</valoreKey>
        </datoKey>
        <datoKey>
          <colonnaKey>dt_istituz</colonnaKey>
          <labelKey>Data istituzione</labelKey>
          <valoreKey>13/06/2016</valoreKey>
        </datoKey>
      </keyRecord>
      <datoRecord>
        <colonnaDato>dt_soppres</colonnaDato>
        <labelDato>Data soppressione</labelDato>
        <valoreDato>31/12/2444</valoreDato>
      </datoRecord>
      <recordChild>
        <tipoRecord>Campo per partizionamento</tipoRecord>
        <child>
          <idRecord>7847</idRecord>
          <keyRecord>
            <datoKey>
              <colonnaKey>ti_campo</colonnaKey>
              <labelKey>Tipo campo</labelKey>
              <valoreKey>SUB_STRUT</valoreKey>
            </datoKey>
            <datoKey>
              <colonnaKey>nm_campo</colonnaKey>
              <labelKey>Nome campo</labelKey>
              <valoreKey>SUB_STRUTTURA</valoreKey>
            </datoKey>
          </keyRecord>
          <datoRecord>
            <colonnaDato>nm_sub_strut</colonnaDato>
            <labelDato>Sottostruttura</labelDato>
            <valoreDato>DEFAULT</valoreDato>
          </datoRecord>
          <datoRecord>
            <colonnaDato>nm_attrib_dati_spec</colonnaDato>
            <labelDato>Dato specifico</labelDato>
            <valoreDato>null</valoreDato>
          </datoRecord>
        </child>
      </recordChild>
    </child>
    <child>
      <idRecord>9525</idRecord>
      <keyRecord>
        <datoKey>
          <colonnaKey>nm_tipo_doc</colonnaKey>
          <labelKey>Tipo documento principale</labelKey>
          <valoreKey>NOTA DI CREDITO</valoreKey>
        </datoKey>
        <datoKey>
          <colonnaKey>dt_istituz</colonnaKey>
          <labelKey>Data istituzione</labelKey>
          <valoreKey>13/06/2016</valoreKey>
        </datoKey>
      </keyRecord>
      <datoRecord>
        <colonnaDato>dt_soppres</colonnaDato>
        <labelDato>Data soppressione</labelDato>
        <valoreDato>31/12/2444</valoreDato>
      </datoRecord>
      <recordChild>
        <tipoRecord>Campo per partizionamento</tipoRecord>
        <child>
          <idRecord>7845</idRecord>
          <keyRecord>
            <datoKey>
              <colonnaKey>ti_campo</colonnaKey>
              <labelKey>Tipo campo</labelKey>
              <valoreKey>SUB_STRUT</valoreKey>
            </datoKey>
            <datoKey>
              <colonnaKey>nm_campo</colonnaKey>
              <labelKey>Nome campo</labelKey>
              <valoreKey>SUB_STRUTTURA</valoreKey>
            </datoKey>
          </keyRecord>
          <datoRecord>
            <colonnaDato>nm_sub_strut</colonnaDato>
            <labelDato>Sottostruttura</labelDato>
            <valoreDato>DEFAULT</valoreDato>
          </datoRecord>
          <datoRecord>
            <colonnaDato>nm_attrib_dati_spec</colonnaDato>
            <labelDato>Dato specifico</labelDato>
            <valoreDato>null</valoreDato>
          </datoRecord>
        </child>
      </recordChild>
    </child>
    <child>
      <idRecord>6027</idRecord>
      <keyRecord>
        <datoKey>
          <colonnaKey>nm_tipo_doc</colonnaKey>
          <labelKey>Tipo documento principale</labelKey>
          <valoreKey>NOTA DI CREDITO</valoreKey>
        </datoKey>
        <datoKey>
          <colonnaKey>dt_istituz</colonnaKey>
          <labelKey>Data istituzione</labelKey>
          <valoreKey>22/09/2015</valoreKey>
        </datoKey>
      </keyRecord>
      <datoRecord>
        <colonnaDato>dt_soppres</colonnaDato>
        <labelDato>Data soppressione</labelDato>
        <valoreDato>31/12/2444</valoreDato>
      </datoRecord>
      <recordChild>
        <tipoRecord>Campo per partizionamento</tipoRecord>
        <child>
          <idRecord>4667</idRecord>
          <keyRecord>
            <datoKey>
              <colonnaKey>ti_campo</colonnaKey>
              <labelKey>Tipo campo</labelKey>
              <valoreKey>SUB_STRUT</valoreKey>
            </datoKey>
            <datoKey>
              <colonnaKey>nm_campo</colonnaKey>
              <labelKey>Nome campo</labelKey>
              <valoreKey>SUB_STRUTTURA</valoreKey>
            </datoKey>
          </keyRecord>
          <datoRecord>
            <colonnaDato>nm_sub_strut</colonnaDato>
            <labelDato>Sottostruttura</labelDato>
            <valoreDato>DEFAULT</valoreDato>
          </datoRecord>
          <datoRecord>
            <colonnaDato>nm_attrib_dati_spec</colonnaDato>
            <labelDato>Dato specifico</labelDato>
            <valoreDato>null</valoreDato>
          </datoRecord>
        </child>
      </recordChild>
    </child>
    <child>
      <idRecord>9522</idRecord>
      <keyRecord>
        <datoKey>
          <colonnaKey>nm_tipo_doc</colonnaKey>
          <labelKey>Tipo documento principale</labelKey>
          <valoreKey>NOTA DI CREDITO</valoreKey>
        </datoKey>
        <datoKey>
          <colonnaKey>dt_istituz</colonnaKey>
          <labelKey>Data istituzione</labelKey>
          <valoreKey>13/06/2016</valoreKey>
        </datoKey>
      </keyRecord>
      <datoRecord>
        <colonnaDato>dt_soppres</colonnaDato>
        <labelDato>Data soppressione</labelDato>
        <valoreDato>31/12/2444</valoreDato>
      </datoRecord>
      <recordChild>
        <tipoRecord>Campo per partizionamento</tipoRecord>
        <child>
          <idRecord>7842</idRecord>
          <keyRecord>
            <datoKey>
              <colonnaKey>ti_campo</colonnaKey>
              <labelKey>Tipo campo</labelKey>
              <valoreKey>SUB_STRUT</valoreKey>
            </datoKey>
            <datoKey>
              <colonnaKey>nm_campo</colonnaKey>
              <labelKey>Nome campo</labelKey>
              <valoreKey>SUB_STRUTTURA</valoreKey>
            </datoKey>
          </keyRecord>
          <datoRecord>
            <colonnaDato>nm_sub_strut</colonnaDato>
            <labelDato>Sottostruttura</labelDato>
            <valoreDato>DEFAULT</valoreDato>
          </datoRecord>
          <datoRecord>
            <colonnaDato>nm_attrib_dati_spec</colonnaDato>
            <labelDato>Dato specifico</labelDato>
            <valoreDato>null</valoreDato>
          </datoRecord>
        </child>
      </recordChild>
    </child>
    <child>
      <idRecord>6722</idRecord>
      <keyRecord>
        <datoKey>
          <colonnaKey>nm_tipo_doc</colonnaKey>
          <labelKey>Tipo documento principale</labelKey>
          <valoreKey>NOTA DI CREDITO</valoreKey>
        </datoKey>
        <datoKey>
          <colonnaKey>dt_istituz</colonnaKey>
          <labelKey>Data istituzione</labelKey>
          <valoreKey>18/11/2015</valoreKey>
        </datoKey>
      </keyRecord>
      <datoRecord>
        <colonnaDato>dt_soppres</colonnaDato>
        <labelDato>Data soppressione</labelDato>
        <valoreDato>31/12/2444</valoreDato>
      </datoRecord>
      <recordChild>
        <tipoRecord>Campo per partizionamento</tipoRecord>
        <child>
          <idRecord>5342</idRecord>
          <keyRecord>
            <datoKey>
              <colonnaKey>ti_campo</colonnaKey>
              <labelKey>Tipo campo</labelKey>
              <valoreKey>SUB_STRUT</valoreKey>
            </datoKey>
            <datoKey>
              <colonnaKey>nm_campo</colonnaKey>
              <labelKey>Nome campo</labelKey>
              <valoreKey>SUB_STRUTTURA</valoreKey>
            </datoKey>
          </keyRecord>
          <datoRecord>
            <colonnaDato>nm_sub_strut</colonnaDato>
            <labelDato>Sottostruttura</labelDato>
            <valoreDato>DEFAULT</valoreDato>
          </datoRecord>
          <datoRecord>
            <colonnaDato>nm_attrib_dati_spec</colonnaDato>
            <labelDato>Dato specifico</labelDato>
            <valoreDato>null</valoreDato>
          </datoRecord>
        </child>
      </recordChild>
    </child>
    <child>
      <idRecord>9644</idRecord>
      <keyRecord>
        <datoKey>
          <colonnaKey>nm_tipo_doc</colonnaKey>
          <labelKey>Tipo documento principale</labelKey>
          <valoreKey>NOTA DI DEBITO</valoreKey>
        </datoKey>
        <datoKey>
          <colonnaKey>dt_istituz</colonnaKey>
          <labelKey>Data istituzione</labelKey>
          <valoreKey>15/06/2016</valoreKey>
        </datoKey>
      </keyRecord>
      <datoRecord>
        <colonnaDato>dt_soppres</colonnaDato>
        <labelDato>Data soppressione</labelDato>
        <valoreDato>31/12/2444</valoreDato>
      </datoRecord>
      <recordChild>
        <tipoRecord>Campo per partizionamento</tipoRecord>
        <child>
          <idRecord>7962</idRecord>
          <keyRecord>
            <datoKey>
              <colonnaKey>ti_campo</colonnaKey>
              <labelKey>Tipo campo</labelKey>
              <valoreKey>SUB_STRUT</valoreKey>
            </datoKey>
            <datoKey>
              <colonnaKey>nm_campo</colonnaKey>
              <labelKey>Nome campo</labelKey>
              <valoreKey>SUB_STRUTTURA</valoreKey>
            </datoKey>
          </keyRecord>
          <datoRecord>
            <colonnaDato>nm_sub_strut</colonnaDato>
            <labelDato>Sottostruttura</labelDato>
            <valoreDato>DEFAULT</valoreDato>
          </datoRecord>
          <datoRecord>
            <colonnaDato>nm_attrib_dati_spec</colonnaDato>
            <labelDato>Dato specifico</labelDato>
            <valoreDato>null</valoreDato>
          </datoRecord>
        </child>
      </recordChild>
    </child>
    <child>
      <idRecord>9632</idRecord>
      <keyRecord>
        <datoKey>
          <colonnaKey>nm_tipo_doc</colonnaKey>
          <labelKey>Tipo documento principale</labelKey>
          <valoreKey>NOTA DI DEBITO</valoreKey>
        </datoKey>
        <datoKey>
          <colonnaKey>dt_istituz</colonnaKey>
          <labelKey>Data istituzione</labelKey>
          <valoreKey>15/06/2016</valoreKey>
        </datoKey>
      </keyRecord>
      <datoRecord>
        <colonnaDato>dt_soppres</colonnaDato>
        <labelDato>Data soppressione</labelDato>
        <valoreDato>31/12/2444</valoreDato>
      </datoRecord>
      <recordChild>
        <tipoRecord>Campo per partizionamento</tipoRecord>
        <child>
          <idRecord>7950</idRecord>
          <keyRecord>
            <datoKey>
              <colonnaKey>ti_campo</colonnaKey>
              <labelKey>Tipo campo</labelKey>
              <valoreKey>SUB_STRUT</valoreKey>
            </datoKey>
            <datoKey>
              <colonnaKey>nm_campo</colonnaKey>
              <labelKey>Nome campo</labelKey>
              <valoreKey>SUB_STRUTTURA</valoreKey>
            </datoKey>
          </keyRecord>
          <datoRecord>
            <colonnaDato>nm_sub_strut</colonnaDato>
            <labelDato>Sottostruttura</labelDato>
            <valoreDato>DEFAULT</valoreDato>
          </datoRecord>
          <datoRecord>
            <colonnaDato>nm_attrib_dati_spec</colonnaDato>
            <labelDato>Dato specifico</labelDato>
            <valoreDato>null</valoreDato>
          </datoRecord>
        </child>
      </recordChild>
    </child>
    <child>
      <idRecord>11481</idRecord>
      <keyRecord>
        <datoKey>
          <colonnaKey>nm_tipo_doc</colonnaKey>
          <labelKey>Tipo documento principale</labelKey>
          <valoreKey>NOTA DI DEBITO</valoreKey>
        </datoKey>
        <datoKey>
          <colonnaKey>dt_istituz</colonnaKey>
          <labelKey>Data istituzione</labelKey>
          <valoreKey>16/02/2015</valoreKey>
        </datoKey>
      </keyRecord>
      <datoRecord>
        <colonnaDato>dt_soppres</colonnaDato>
        <labelDato>Data soppressione</labelDato>
        <valoreDato>31/12/2444</valoreDato>
      </datoRecord>
      <recordChild>
        <tipoRecord>Campo per partizionamento</tipoRecord>
        <child>
          <idRecord>9608</idRecord>
          <keyRecord>
            <datoKey>
              <colonnaKey>ti_campo</colonnaKey>
              <labelKey>Tipo campo</labelKey>
              <valoreKey>SUB_STRUT</valoreKey>
            </datoKey>
            <datoKey>
              <colonnaKey>nm_campo</colonnaKey>
              <labelKey>Nome campo</labelKey>
              <valoreKey>SUB_STRUTTURA</valoreKey>
            </datoKey>
          </keyRecord>
          <datoRecord>
            <colonnaDato>nm_sub_strut</colonnaDato>
            <labelDato>Sottostruttura</labelDato>
            <valoreDato>DEFAULT</valoreDato>
          </datoRecord>
          <datoRecord>
            <colonnaDato>nm_attrib_dati_spec</colonnaDato>
            <labelDato>Dato specifico</labelDato>
            <valoreDato>null</valoreDato>
          </datoRecord>
        </child>
      </recordChild>
    </child>
    <child>
      <idRecord>11482</idRecord>
      <keyRecord>
        <datoKey>
          <colonnaKey>nm_tipo_doc</colonnaKey>
          <labelKey>Tipo documento principale</labelKey>
          <valoreKey>NOTA DI DEBITO</valoreKey>
        </datoKey>
        <datoKey>
          <colonnaKey>dt_istituz</colonnaKey>
          <labelKey>Data istituzione</labelKey>
          <valoreKey>17/08/2015</valoreKey>
        </datoKey>
      </keyRecord>
      <datoRecord>
        <colonnaDato>dt_soppres</colonnaDato>
        <labelDato>Data soppressione</labelDato>
        <valoreDato>31/12/2444</valoreDato>
      </datoRecord>
      <recordChild>
        <tipoRecord>Campo per partizionamento</tipoRecord>
        <child>
          <idRecord>9601</idRecord>
          <keyRecord>
            <datoKey>
              <colonnaKey>ti_campo</colonnaKey>
              <labelKey>Tipo campo</labelKey>
              <valoreKey>SUB_STRUT</valoreKey>
            </datoKey>
            <datoKey>
              <colonnaKey>nm_campo</colonnaKey>
              <labelKey>Nome campo</labelKey>
              <valoreKey>SUB_STRUTTURA</valoreKey>
            </datoKey>
          </keyRecord>
          <datoRecord>
            <colonnaDato>nm_sub_strut</colonnaDato>
            <labelDato>Sottostruttura</labelDato>
            <valoreDato>DEFAULT</valoreDato>
          </datoRecord>
          <datoRecord>
            <colonnaDato>nm_attrib_dati_spec</colonnaDato>
            <labelDato>Dato specifico</labelDato>
            <valoreDato>null</valoreDato>
          </datoRecord>
        </child>
      </recordChild>
    </child>
    <child>
      <idRecord>6086</idRecord>
      <keyRecord>
        <datoKey>
          <colonnaKey>nm_tipo_doc</colonnaKey>
          <labelKey>Tipo documento principale</labelKey>
          <valoreKey>NOTA DI DEBITO</valoreKey>
        </datoKey>
        <datoKey>
          <colonnaKey>dt_istituz</colonnaKey>
          <labelKey>Data istituzione</labelKey>
          <valoreKey>22/09/2015</valoreKey>
        </datoKey>
      </keyRecord>
      <datoRecord>
        <colonnaDato>dt_soppres</colonnaDato>
        <labelDato>Data soppressione</labelDato>
        <valoreDato>31/12/2444</valoreDato>
      </datoRecord>
      <recordChild>
        <tipoRecord>Campo per partizionamento</tipoRecord>
        <child>
          <idRecord>4726</idRecord>
          <keyRecord>
            <datoKey>
              <colonnaKey>ti_campo</colonnaKey>
              <labelKey>Tipo campo</labelKey>
              <valoreKey>SUB_STRUT</valoreKey>
            </datoKey>
            <datoKey>
              <colonnaKey>nm_campo</colonnaKey>
              <labelKey>Nome campo</labelKey>
              <valoreKey>SUB_STRUTTURA</valoreKey>
            </datoKey>
          </keyRecord>
          <datoRecord>
            <colonnaDato>nm_sub_strut</colonnaDato>
            <labelDato>Sottostruttura</labelDato>
            <valoreDato>DEFAULT</valoreDato>
          </datoRecord>
          <datoRecord>
            <colonnaDato>nm_attrib_dati_spec</colonnaDato>
            <labelDato>Dato specifico</labelDato>
            <valoreDato>null</valoreDato>
          </datoRecord>
        </child>
      </recordChild>
    </child>
    <child>
      <idRecord>8627</idRecord>
      <keyRecord>
        <datoKey>
          <colonnaKey>nm_tipo_doc</colonnaKey>
          <labelKey>Tipo documento principale</labelKey>
          <valoreKey>NOTA DI DEBITO</valoreKey>
        </datoKey>
        <datoKey>
          <colonnaKey>dt_istituz</colonnaKey>
          <labelKey>Data istituzione</labelKey>
          <valoreKey>25/11/2015</valoreKey>
        </datoKey>
      </keyRecord>
      <datoRecord>
        <colonnaDato>dt_soppres</colonnaDato>
        <labelDato>Data soppressione</labelDato>
        <valoreDato>31/12/2444</valoreDato>
      </datoRecord>
      <recordChild>
        <tipoRecord>Campo per partizionamento</tipoRecord>
        <child>
          <idRecord>7067</idRecord>
          <keyRecord>
            <datoKey>
              <colonnaKey>ti_campo</colonnaKey>
              <labelKey>Tipo campo</labelKey>
              <valoreKey>SUB_STRUT</valoreKey>
            </datoKey>
            <datoKey>
              <colonnaKey>nm_campo</colonnaKey>
              <labelKey>Nome campo</labelKey>
              <valoreKey>SUB_STRUTTURA</valoreKey>
            </datoKey>
          </keyRecord>
          <datoRecord>
            <colonnaDato>nm_sub_strut</colonnaDato>
            <labelDato>Sottostruttura</labelDato>
            <valoreDato>DEFAULT</valoreDato>
          </datoRecord>
          <datoRecord>
            <colonnaDato>nm_attrib_dati_spec</colonnaDato>
            <labelDato>Dato specifico</labelDato>
            <valoreDato>null</valoreDato>
          </datoRecord>
        </child>
      </recordChild>
    </child>
    <child>
      <idRecord>6028</idRecord>
      <keyRecord>
        <datoKey>
          <colonnaKey>nm_tipo_doc</colonnaKey>
          <labelKey>Tipo documento principale</labelKey>
          <valoreKey>NOTA DI DEBITO</valoreKey>
        </datoKey>
        <datoKey>
          <colonnaKey>dt_istituz</colonnaKey>
          <labelKey>Data istituzione</labelKey>
          <valoreKey>22/09/2015</valoreKey>
        </datoKey>
      </keyRecord>
      <datoRecord>
        <colonnaDato>dt_soppres</colonnaDato>
        <labelDato>Data soppressione</labelDato>
        <valoreDato>31/12/2444</valoreDato>
      </datoRecord>
      <recordChild>
        <tipoRecord>Campo per partizionamento</tipoRecord>
        <child>
          <idRecord>4668</idRecord>
          <keyRecord>
            <datoKey>
              <colonnaKey>ti_campo</colonnaKey>
              <labelKey>Tipo campo</labelKey>
              <valoreKey>SUB_STRUT</valoreKey>
            </datoKey>
            <datoKey>
              <colonnaKey>nm_campo</colonnaKey>
              <labelKey>Nome campo</labelKey>
              <valoreKey>SUB_STRUTTURA</valoreKey>
            </datoKey>
          </keyRecord>
          <datoRecord>
            <colonnaDato>nm_sub_strut</colonnaDato>
            <labelDato>Sottostruttura</labelDato>
            <valoreDato>DEFAULT</valoreDato>
          </datoRecord>
          <datoRecord>
            <colonnaDato>nm_attrib_dati_spec</colonnaDato>
            <labelDato>Dato specifico</labelDato>
            <valoreDato>null</valoreDato>
          </datoRecord>
        </child>
      </recordChild>
    </child>
    <child>
      <idRecord>1822</idRecord>
      <keyRecord>
        <datoKey>
          <colonnaKey>nm_tipo_doc</colonnaKey>
          <labelKey>Tipo documento principale</labelKey>
          <valoreKey>Nome Tipo Documento Prova</valoreKey>
        </datoKey>
        <datoKey>
          <colonnaKey>dt_istituz</colonnaKey>
          <labelKey>Data istituzione</labelKey>
          <valoreKey>12/02/2015</valoreKey>
        </datoKey>
      </keyRecord>
      <datoRecord>
        <colonnaDato>dt_soppres</colonnaDato>
        <labelDato>Data soppressione</labelDato>
        <valoreDato>31/12/2444</valoreDato>
      </datoRecord>
      <recordChild>
        <tipoRecord>Campo per partizionamento</tipoRecord>
        <child>
          <idRecord>1133</idRecord>
          <keyRecord>
            <datoKey>
              <colonnaKey>ti_campo</colonnaKey>
              <labelKey>Tipo campo</labelKey>
              <valoreKey>SUB_STRUT</valoreKey>
            </datoKey>
            <datoKey>
              <colonnaKey>nm_campo</colonnaKey>
              <labelKey>Nome campo</labelKey>
              <valoreKey>SUB_STRUTTURA</valoreKey>
            </datoKey>
          </keyRecord>
          <datoRecord>
            <colonnaDato>nm_sub_strut</colonnaDato>
            <labelDato>Sottostruttura</labelDato>
            <valoreDato>DEFAULT</valoreDato>
          </datoRecord>
          <datoRecord>
            <colonnaDato>nm_attrib_dati_spec</colonnaDato>
            <labelDato>Dato specifico</labelDato>
            <valoreDato>null</valoreDato>
          </datoRecord>
        </child>
      </recordChild>
    </child>
    <child>
      <idRecord>1829</idRecord>
      <keyRecord>
        <datoKey>
          <colonnaKey>nm_tipo_doc</colonnaKey>
          <labelKey>Tipo documento principale</labelKey>
          <valoreKey>Nome Tipo Documento Prova</valoreKey>
        </datoKey>
        <datoKey>
          <colonnaKey>dt_istituz</colonnaKey>
          <labelKey>Data istituzione</labelKey>
          <valoreKey>12/02/2015</valoreKey>
        </datoKey>
      </keyRecord>
      <datoRecord>
        <colonnaDato>dt_soppres</colonnaDato>
        <labelDato>Data soppressione</labelDato>
        <valoreDato>31/12/2444</valoreDato>
      </datoRecord>
      <recordChild>
        <tipoRecord>Campo per partizionamento</tipoRecord>
        <child>
          <idRecord>1140</idRecord>
          <keyRecord>
            <datoKey>
              <colonnaKey>ti_campo</colonnaKey>
              <labelKey>Tipo campo</labelKey>
              <valoreKey>SUB_STRUT</valoreKey>
            </datoKey>
            <datoKey>
              <colonnaKey>nm_campo</colonnaKey>
              <labelKey>Nome campo</labelKey>
              <valoreKey>SUB_STRUTTURA</valoreKey>
            </datoKey>
          </keyRecord>
          <datoRecord>
            <colonnaDato>nm_sub_strut</colonnaDato>
            <labelDato>Sottostruttura</labelDato>
            <valoreDato>DEFAULT</valoreDato>
          </datoRecord>
          <datoRecord>
            <colonnaDato>nm_attrib_dati_spec</colonnaDato>
            <labelDato>Dato specifico</labelDato>
            <valoreDato>null</valoreDato>
          </datoRecord>
        </child>
      </recordChild>
    </child>
    <child>
      <idRecord>1828</idRecord>
      <keyRecord>
        <datoKey>
          <colonnaKey>nm_tipo_doc</colonnaKey>
          <labelKey>Tipo documento principale</labelKey>
          <valoreKey>Nome Tipo Documento Prova</valoreKey>
        </datoKey>
        <datoKey>
          <colonnaKey>dt_istituz</colonnaKey>
          <labelKey>Data istituzione</labelKey>
          <valoreKey>12/02/2015</valoreKey>
        </datoKey>
      </keyRecord>
      <datoRecord>
        <colonnaDato>dt_soppres</colonnaDato>
        <labelDato>Data soppressione</labelDato>
        <valoreDato>31/12/2444</valoreDato>
      </datoRecord>
      <recordChild>
        <tipoRecord>Campo per partizionamento</tipoRecord>
        <child>
          <idRecord>1139</idRecord>
          <keyRecord>
            <datoKey>
              <colonnaKey>ti_campo</colonnaKey>
              <labelKey>Tipo campo</labelKey>
              <valoreKey>SUB_STRUT</valoreKey>
            </datoKey>
            <datoKey>
              <colonnaKey>nm_campo</colonnaKey>
              <labelKey>Nome campo</labelKey>
              <valoreKey>SUB_STRUTTURA</valoreKey>
            </datoKey>
          </keyRecord>
          <datoRecord>
            <colonnaDato>nm_sub_strut</colonnaDato>
            <labelDato>Sottostruttura</labelDato>
            <valoreDato>DEFAULT</valoreDato>
          </datoRecord>
          <datoRecord>
            <colonnaDato>nm_attrib_dati_spec</colonnaDato>
            <labelDato>Dato specifico</labelDato>
            <valoreDato>null</valoreDato>
          </datoRecord>
        </child>
      </recordChild>
    </child>
    <child>
      <idRecord>1827</idRecord>
      <keyRecord>
        <datoKey>
          <colonnaKey>nm_tipo_doc</colonnaKey>
          <labelKey>Tipo documento principale</labelKey>
          <valoreKey>Nome Tipo Documento Prova</valoreKey>
        </datoKey>
        <datoKey>
          <colonnaKey>dt_istituz</colonnaKey>
          <labelKey>Data istituzione</labelKey>
          <valoreKey>12/02/2015</valoreKey>
        </datoKey>
      </keyRecord>
      <datoRecord>
        <colonnaDato>dt_soppres</colonnaDato>
        <labelDato>Data soppressione</labelDato>
        <valoreDato>31/12/2444</valoreDato>
      </datoRecord>
      <recordChild>
        <tipoRecord>Campo per partizionamento</tipoRecord>
        <child>
          <idRecord>1138</idRecord>
          <keyRecord>
            <datoKey>
              <colonnaKey>ti_campo</colonnaKey>
              <labelKey>Tipo campo</labelKey>
              <valoreKey>SUB_STRUT</valoreKey>
            </datoKey>
            <datoKey>
              <colonnaKey>nm_campo</colonnaKey>
              <labelKey>Nome campo</labelKey>
              <valoreKey>SUB_STRUTTURA</valoreKey>
            </datoKey>
          </keyRecord>
          <datoRecord>
            <colonnaDato>nm_sub_strut</colonnaDato>
            <labelDato>Sottostruttura</labelDato>
            <valoreDato>DEFAULT</valoreDato>
          </datoRecord>
          <datoRecord>
            <colonnaDato>nm_attrib_dati_spec</colonnaDato>
            <labelDato>Dato specifico</labelDato>
            <valoreDato>null</valoreDato>
          </datoRecord>
        </child>
      </recordChild>
    </child>
    <child>
      <idRecord>1826</idRecord>
      <keyRecord>
        <datoKey>
          <colonnaKey>nm_tipo_doc</colonnaKey>
          <labelKey>Tipo documento principale</labelKey>
          <valoreKey>Nome Tipo Documento Prova</valoreKey>
        </datoKey>
        <datoKey>
          <colonnaKey>dt_istituz</colonnaKey>
          <labelKey>Data istituzione</labelKey>
          <valoreKey>12/02/2015</valoreKey>
        </datoKey>
      </keyRecord>
      <datoRecord>
        <colonnaDato>dt_soppres</colonnaDato>
        <labelDato>Data soppressione</labelDato>
        <valoreDato>31/12/2444</valoreDato>
      </datoRecord>
      <recordChild>
        <tipoRecord>Campo per partizionamento</tipoRecord>
        <child>
          <idRecord>1137</idRecord>
          <keyRecord>
            <datoKey>
              <colonnaKey>ti_campo</colonnaKey>
              <labelKey>Tipo campo</labelKey>
              <valoreKey>SUB_STRUT</valoreKey>
            </datoKey>
            <datoKey>
              <colonnaKey>nm_campo</colonnaKey>
              <labelKey>Nome campo</labelKey>
              <valoreKey>SUB_STRUTTURA</valoreKey>
            </datoKey>
          </keyRecord>
          <datoRecord>
            <colonnaDato>nm_sub_strut</colonnaDato>
            <labelDato>Sottostruttura</labelDato>
            <valoreDato>DEFAULT</valoreDato>
          </datoRecord>
          <datoRecord>
            <colonnaDato>nm_attrib_dati_spec</colonnaDato>
            <labelDato>Dato specifico</labelDato>
            <valoreDato>null</valoreDato>
          </datoRecord>
        </child>
      </recordChild>
    </child>
    <child>
      <idRecord>1825</idRecord>
      <keyRecord>
        <datoKey>
          <colonnaKey>nm_tipo_doc</colonnaKey>
          <labelKey>Tipo documento principale</labelKey>
          <valoreKey>Nome Tipo Documento Prova</valoreKey>
        </datoKey>
        <datoKey>
          <colonnaKey>dt_istituz</colonnaKey>
          <labelKey>Data istituzione</labelKey>
          <valoreKey>12/02/2015</valoreKey>
        </datoKey>
      </keyRecord>
      <datoRecord>
        <colonnaDato>dt_soppres</colonnaDato>
        <labelDato>Data soppressione</labelDato>
        <valoreDato>31/12/2444</valoreDato>
      </datoRecord>
      <recordChild>
        <tipoRecord>Campo per partizionamento</tipoRecord>
        <child>
          <idRecord>1136</idRecord>
          <keyRecord>
            <datoKey>
              <colonnaKey>ti_campo</colonnaKey>
              <labelKey>Tipo campo</labelKey>
              <valoreKey>SUB_STRUT</valoreKey>
            </datoKey>
            <datoKey>
              <colonnaKey>nm_campo</colonnaKey>
              <labelKey>Nome campo</labelKey>
              <valoreKey>SUB_STRUTTURA</valoreKey>
            </datoKey>
          </keyRecord>
          <datoRecord>
            <colonnaDato>nm_sub_strut</colonnaDato>
            <labelDato>Sottostruttura</labelDato>
            <valoreDato>DEFAULT</valoreDato>
          </datoRecord>
          <datoRecord>
            <colonnaDato>nm_attrib_dati_spec</colonnaDato>
            <labelDato>Dato specifico</labelDato>
            <valoreDato>null</valoreDato>
          </datoRecord>
        </child>
      </recordChild>
    </child>
    <child>
      <idRecord>1824</idRecord>
      <keyRecord>
        <datoKey>
          <colonnaKey>nm_tipo_doc</colonnaKey>
          <labelKey>Tipo documento principale</labelKey>
          <valoreKey>Nome Tipo Documento Prova</valoreKey>
        </datoKey>
        <datoKey>
          <colonnaKey>dt_istituz</colonnaKey>
          <labelKey>Data istituzione</labelKey>
          <valoreKey>12/02/2015</valoreKey>
        </datoKey>
      </keyRecord>
      <datoRecord>
        <colonnaDato>dt_soppres</colonnaDato>
        <labelDato>Data soppressione</labelDato>
        <valoreDato>31/12/2444</valoreDato>
      </datoRecord>
      <recordChild>
        <tipoRecord>Campo per partizionamento</tipoRecord>
        <child>
          <idRecord>1135</idRecord>
          <keyRecord>
            <datoKey>
              <colonnaKey>ti_campo</colonnaKey>
              <labelKey>Tipo campo</labelKey>
              <valoreKey>SUB_STRUT</valoreKey>
            </datoKey>
            <datoKey>
              <colonnaKey>nm_campo</colonnaKey>
              <labelKey>Nome campo</labelKey>
              <valoreKey>SUB_STRUTTURA</valoreKey>
            </datoKey>
          </keyRecord>
          <datoRecord>
            <colonnaDato>nm_sub_strut</colonnaDato>
            <labelDato>Sottostruttura</labelDato>
            <valoreDato>DEFAULT</valoreDato>
          </datoRecord>
          <datoRecord>
            <colonnaDato>nm_attrib_dati_spec</colonnaDato>
            <labelDato>Dato specifico</labelDato>
            <valoreDato>null</valoreDato>
          </datoRecord>
        </child>
      </recordChild>
    </child>
    <child>
      <idRecord>1823</idRecord>
      <keyRecord>
        <datoKey>
          <colonnaKey>nm_tipo_doc</colonnaKey>
          <labelKey>Tipo documento principale</labelKey>
          <valoreKey>Nome Tipo Documento Prova</valoreKey>
        </datoKey>
        <datoKey>
          <colonnaKey>dt_istituz</colonnaKey>
          <labelKey>Data istituzione</labelKey>
          <valoreKey>12/02/2015</valoreKey>
        </datoKey>
      </keyRecord>
      <datoRecord>
        <colonnaDato>dt_soppres</colonnaDato>
        <labelDato>Data soppressione</labelDato>
        <valoreDato>31/12/2444</valoreDato>
      </datoRecord>
      <recordChild>
        <tipoRecord>Campo per partizionamento</tipoRecord>
        <child>
          <idRecord>1134</idRecord>
          <keyRecord>
            <datoKey>
              <colonnaKey>ti_campo</colonnaKey>
              <labelKey>Tipo campo</labelKey>
              <valoreKey>SUB_STRUT</valoreKey>
            </datoKey>
            <datoKey>
              <colonnaKey>nm_campo</colonnaKey>
              <labelKey>Nome campo</labelKey>
              <valoreKey>SUB_STRUTTURA</valoreKey>
            </datoKey>
          </keyRecord>
          <datoRecord>
            <colonnaDato>nm_sub_strut</colonnaDato>
            <labelDato>Sottostruttura</labelDato>
            <valoreDato>DEFAULT</valoreDato>
          </datoRecord>
          <datoRecord>
            <colonnaDato>nm_attrib_dati_spec</colonnaDato>
            <labelDato>Dato specifico</labelDato>
            <valoreDato>null</valoreDato>
          </datoRecord>
        </child>
      </recordChild>
    </child>
    <child>
      <idRecord>492</idRecord>
      <keyRecord>
        <datoKey>
          <colonnaKey>nm_tipo_doc</colonnaKey>
          <labelKey>Tipo documento principale</labelKey>
          <valoreKey>Ordinanze presidenziali</valoreKey>
        </datoKey>
        <datoKey>
          <colonnaKey>dt_istituz</colonnaKey>
          <labelKey>Data istituzione</labelKey>
          <valoreKey>10/11/2014</valoreKey>
        </datoKey>
      </keyRecord>
      <datoRecord>
        <colonnaDato>dt_soppres</colonnaDato>
        <labelDato>Data soppressione</labelDato>
        <valoreDato>31/12/2444</valoreDato>
      </datoRecord>
      <recordChild>
        <tipoRecord>Campo per partizionamento</tipoRecord>
        <child>
          <idRecord>236</idRecord>
          <keyRecord>
            <datoKey>
              <colonnaKey>ti_campo</colonnaKey>
              <labelKey>Tipo campo</labelKey>
              <valoreKey>SUB_STRUT</valoreKey>
            </datoKey>
            <datoKey>
              <colonnaKey>nm_campo</colonnaKey>
              <labelKey>Nome campo</labelKey>
              <valoreKey>SUB_STRUTTURA</valoreKey>
            </datoKey>
          </keyRecord>
          <datoRecord>
            <colonnaDato>nm_sub_strut</colonnaDato>
            <labelDato>Sottostruttura</labelDato>
            <valoreDato>DEFAULT</valoreDato>
          </datoRecord>
          <datoRecord>
            <colonnaDato>nm_attrib_dati_spec</colonnaDato>
            <labelDato>Dato specifico</labelDato>
            <valoreDato>null</valoreDato>
          </datoRecord>
        </child>
      </recordChild>
    </child>
    <child>
      <idRecord>2006</idRecord>
      <keyRecord>
        <datoKey>
          <colonnaKey>nm_tipo_doc</colonnaKey>
          <labelKey>Tipo documento principale</labelKey>
          <valoreKey>Ordinanze presidenziali</valoreKey>
        </datoKey>
        <datoKey>
          <colonnaKey>dt_istituz</colonnaKey>
          <labelKey>Data istituzione</labelKey>
          <valoreKey>12/02/2015</valoreKey>
        </datoKey>
      </keyRecord>
      <datoRecord>
        <colonnaDato>dt_soppres</colonnaDato>
        <labelDato>Data soppressione</labelDato>
        <valoreDato>31/12/2444</valoreDato>
      </datoRecord>
      <recordChild>
        <tipoRecord>Campo per partizionamento</tipoRecord>
        <child>
          <idRecord>1317</idRecord>
          <keyRecord>
            <datoKey>
              <colonnaKey>ti_campo</colonnaKey>
              <labelKey>Tipo campo</labelKey>
              <valoreKey>SUB_STRUT</valoreKey>
            </datoKey>
            <datoKey>
              <colonnaKey>nm_campo</colonnaKey>
              <labelKey>Nome campo</labelKey>
              <valoreKey>SUB_STRUTTURA</valoreKey>
            </datoKey>
          </keyRecord>
          <datoRecord>
            <colonnaDato>nm_sub_strut</colonnaDato>
            <labelDato>Sottostruttura</labelDato>
            <valoreDato>DEFAULT</valoreDato>
          </datoRecord>
          <datoRecord>
            <colonnaDato>nm_attrib_dati_spec</colonnaDato>
            <labelDato>Dato specifico</labelDato>
            <valoreDato>null</valoreDato>
          </datoRecord>
        </child>
      </recordChild>
    </child>
    <child>
      <idRecord>2005</idRecord>
      <keyRecord>
        <datoKey>
          <colonnaKey>nm_tipo_doc</colonnaKey>
          <labelKey>Tipo documento principale</labelKey>
          <valoreKey>Ordinanze presidenziali</valoreKey>
        </datoKey>
        <datoKey>
          <colonnaKey>dt_istituz</colonnaKey>
          <labelKey>Data istituzione</labelKey>
          <valoreKey>12/02/2015</valoreKey>
        </datoKey>
      </keyRecord>
      <datoRecord>
        <colonnaDato>dt_soppres</colonnaDato>
        <labelDato>Data soppressione</labelDato>
        <valoreDato>31/12/2444</valoreDato>
      </datoRecord>
      <recordChild>
        <tipoRecord>Campo per partizionamento</tipoRecord>
        <child>
          <idRecord>1316</idRecord>
          <keyRecord>
            <datoKey>
              <colonnaKey>ti_campo</colonnaKey>
              <labelKey>Tipo campo</labelKey>
              <valoreKey>SUB_STRUT</valoreKey>
            </datoKey>
            <datoKey>
              <colonnaKey>nm_campo</colonnaKey>
              <labelKey>Nome campo</labelKey>
              <valoreKey>SUB_STRUTTURA</valoreKey>
            </datoKey>
          </keyRecord>
          <datoRecord>
            <colonnaDato>nm_sub_strut</colonnaDato>
            <labelDato>Sottostruttura</labelDato>
            <valoreDato>DEFAULT</valoreDato>
          </datoRecord>
          <datoRecord>
            <colonnaDato>nm_attrib_dati_spec</colonnaDato>
            <labelDato>Dato specifico</labelDato>
            <valoreDato>null</valoreDato>
          </datoRecord>
        </child>
      </recordChild>
    </child>
    <child>
      <idRecord>2004</idRecord>
      <keyRecord>
        <datoKey>
          <colonnaKey>nm_tipo_doc</colonnaKey>
          <labelKey>Tipo documento principale</labelKey>
          <valoreKey>Ordinanze presidenziali</valoreKey>
        </datoKey>
        <datoKey>
          <colonnaKey>dt_istituz</colonnaKey>
          <labelKey>Data istituzione</labelKey>
          <valoreKey>12/02/2015</valoreKey>
        </datoKey>
      </keyRecord>
      <datoRecord>
        <colonnaDato>dt_soppres</colonnaDato>
        <labelDato>Data soppressione</labelDato>
        <valoreDato>31/12/2444</valoreDato>
      </datoRecord>
      <recordChild>
        <tipoRecord>Campo per partizionamento</tipoRecord>
        <child>
          <idRecord>1315</idRecord>
          <keyRecord>
            <datoKey>
              <colonnaKey>ti_campo</colonnaKey>
              <labelKey>Tipo campo</labelKey>
              <valoreKey>SUB_STRUT</valoreKey>
            </datoKey>
            <datoKey>
              <colonnaKey>nm_campo</colonnaKey>
              <labelKey>Nome campo</labelKey>
              <valoreKey>SUB_STRUTTURA</valoreKey>
            </datoKey>
          </keyRecord>
          <datoRecord>
            <colonnaDato>nm_sub_strut</colonnaDato>
            <labelDato>Sottostruttura</labelDato>
            <valoreDato>DEFAULT</valoreDato>
          </datoRecord>
          <datoRecord>
            <colonnaDato>nm_attrib_dati_spec</colonnaDato>
            <labelDato>Dato specifico</labelDato>
            <valoreDato>null</valoreDato>
          </datoRecord>
        </child>
      </recordChild>
    </child>
    <child>
      <idRecord>2003</idRecord>
      <keyRecord>
        <datoKey>
          <colonnaKey>nm_tipo_doc</colonnaKey>
          <labelKey>Tipo documento principale</labelKey>
          <valoreKey>Ordinanze presidenziali</valoreKey>
        </datoKey>
        <datoKey>
          <colonnaKey>dt_istituz</colonnaKey>
          <labelKey>Data istituzione</labelKey>
          <valoreKey>12/02/2015</valoreKey>
        </datoKey>
      </keyRecord>
      <datoRecord>
        <colonnaDato>dt_soppres</colonnaDato>
        <labelDato>Data soppressione</labelDato>
        <valoreDato>31/12/2444</valoreDato>
      </datoRecord>
      <recordChild>
        <tipoRecord>Campo per partizionamento</tipoRecord>
        <child>
          <idRecord>1314</idRecord>
          <keyRecord>
            <datoKey>
              <colonnaKey>ti_campo</colonnaKey>
              <labelKey>Tipo campo</labelKey>
              <valoreKey>SUB_STRUT</valoreKey>
            </datoKey>
            <datoKey>
              <colonnaKey>nm_campo</colonnaKey>
              <labelKey>Nome campo</labelKey>
              <valoreKey>SUB_STRUTTURA</valoreKey>
            </datoKey>
          </keyRecord>
          <datoRecord>
            <colonnaDato>nm_sub_strut</colonnaDato>
            <labelDato>Sottostruttura</labelDato>
            <valoreDato>DEFAULT</valoreDato>
          </datoRecord>
          <datoRecord>
            <colonnaDato>nm_attrib_dati_spec</colonnaDato>
            <labelDato>Dato specifico</labelDato>
            <valoreDato>null</valoreDato>
          </datoRecord>
        </child>
      </recordChild>
    </child>
    <child>
      <idRecord>2002</idRecord>
      <keyRecord>
        <datoKey>
          <colonnaKey>nm_tipo_doc</colonnaKey>
          <labelKey>Tipo documento principale</labelKey>
          <valoreKey>Ordinanze presidenziali</valoreKey>
        </datoKey>
        <datoKey>
          <colonnaKey>dt_istituz</colonnaKey>
          <labelKey>Data istituzione</labelKey>
          <valoreKey>12/02/2015</valoreKey>
        </datoKey>
      </keyRecord>
      <datoRecord>
        <colonnaDato>dt_soppres</colonnaDato>
        <labelDato>Data soppressione</labelDato>
        <valoreDato>31/12/2444</valoreDato>
      </datoRecord>
      <recordChild>
        <tipoRecord>Campo per partizionamento</tipoRecord>
        <child>
          <idRecord>1313</idRecord>
          <keyRecord>
            <datoKey>
              <colonnaKey>ti_campo</colonnaKey>
              <labelKey>Tipo campo</labelKey>
              <valoreKey>SUB_STRUT</valoreKey>
            </datoKey>
            <datoKey>
              <colonnaKey>nm_campo</colonnaKey>
              <labelKey>Nome campo</labelKey>
              <valoreKey>SUB_STRUTTURA</valoreKey>
            </datoKey>
          </keyRecord>
          <datoRecord>
            <colonnaDato>nm_sub_strut</colonnaDato>
            <labelDato>Sottostruttura</labelDato>
            <valoreDato>DEFAULT</valoreDato>
          </datoRecord>
          <datoRecord>
            <colonnaDato>nm_attrib_dati_spec</colonnaDato>
            <labelDato>Dato specifico</labelDato>
            <valoreDato>null</valoreDato>
          </datoRecord>
        </child>
      </recordChild>
    </child>
    <child>
      <idRecord>2001</idRecord>
      <keyRecord>
        <datoKey>
          <colonnaKey>nm_tipo_doc</colonnaKey>
          <labelKey>Tipo documento principale</labelKey>
          <valoreKey>Ordinanze presidenziali</valoreKey>
        </datoKey>
        <datoKey>
          <colonnaKey>dt_istituz</colonnaKey>
          <labelKey>Data istituzione</labelKey>
          <valoreKey>12/02/2015</valoreKey>
        </datoKey>
      </keyRecord>
      <datoRecord>
        <colonnaDato>dt_soppres</colonnaDato>
        <labelDato>Data soppressione</labelDato>
        <valoreDato>31/12/2444</valoreDato>
      </datoRecord>
      <recordChild>
        <tipoRecord>Campo per partizionamento</tipoRecord>
        <child>
          <idRecord>1312</idRecord>
          <keyRecord>
            <datoKey>
              <colonnaKey>ti_campo</colonnaKey>
              <labelKey>Tipo campo</labelKey>
              <valoreKey>SUB_STRUT</valoreKey>
            </datoKey>
            <datoKey>
              <colonnaKey>nm_campo</colonnaKey>
              <labelKey>Nome campo</labelKey>
              <valoreKey>SUB_STRUTTURA</valoreKey>
            </datoKey>
          </keyRecord>
          <datoRecord>
            <colonnaDato>nm_sub_strut</colonnaDato>
            <labelDato>Sottostruttura</labelDato>
            <valoreDato>DEFAULT</valoreDato>
          </datoRecord>
          <datoRecord>
            <colonnaDato>nm_attrib_dati_spec</colonnaDato>
            <labelDato>Dato specifico</labelDato>
            <valoreDato>null</valoreDato>
          </datoRecord>
        </child>
      </recordChild>
    </child>
    <child>
      <idRecord>2000</idRecord>
      <keyRecord>
        <datoKey>
          <colonnaKey>nm_tipo_doc</colonnaKey>
          <labelKey>Tipo documento principale</labelKey>
          <valoreKey>Ordinanze presidenziali</valoreKey>
        </datoKey>
        <datoKey>
          <colonnaKey>dt_istituz</colonnaKey>
          <labelKey>Data istituzione</labelKey>
          <valoreKey>12/02/2015</valoreKey>
        </datoKey>
      </keyRecord>
      <datoRecord>
        <colonnaDato>dt_soppres</colonnaDato>
        <labelDato>Data soppressione</labelDato>
        <valoreDato>31/12/2444</valoreDato>
      </datoRecord>
      <recordChild>
        <tipoRecord>Campo per partizionamento</tipoRecord>
        <child>
          <idRecord>1311</idRecord>
          <keyRecord>
            <datoKey>
              <colonnaKey>ti_campo</colonnaKey>
              <labelKey>Tipo campo</labelKey>
              <valoreKey>SUB_STRUT</valoreKey>
            </datoKey>
            <datoKey>
              <colonnaKey>nm_campo</colonnaKey>
              <labelKey>Nome campo</labelKey>
              <valoreKey>SUB_STRUTTURA</valoreKey>
            </datoKey>
          </keyRecord>
          <datoRecord>
            <colonnaDato>nm_sub_strut</colonnaDato>
            <labelDato>Sottostruttura</labelDato>
            <valoreDato>DEFAULT</valoreDato>
          </datoRecord>
          <datoRecord>
            <colonnaDato>nm_attrib_dati_spec</colonnaDato>
            <labelDato>Dato specifico</labelDato>
            <valoreDato>null</valoreDato>
          </datoRecord>
        </child>
      </recordChild>
    </child>
    <child>
      <idRecord>1999</idRecord>
      <keyRecord>
        <datoKey>
          <colonnaKey>nm_tipo_doc</colonnaKey>
          <labelKey>Tipo documento principale</labelKey>
          <valoreKey>Ordinanze presidenziali</valoreKey>
        </datoKey>
        <datoKey>
          <colonnaKey>dt_istituz</colonnaKey>
          <labelKey>Data istituzione</labelKey>
          <valoreKey>12/02/2015</valoreKey>
        </datoKey>
      </keyRecord>
      <datoRecord>
        <colonnaDato>dt_soppres</colonnaDato>
        <labelDato>Data soppressione</labelDato>
        <valoreDato>31/12/2444</valoreDato>
      </datoRecord>
      <recordChild>
        <tipoRecord>Campo per partizionamento</tipoRecord>
        <child>
          <idRecord>1310</idRecord>
          <keyRecord>
            <datoKey>
              <colonnaKey>ti_campo</colonnaKey>
              <labelKey>Tipo campo</labelKey>
              <valoreKey>SUB_STRUT</valoreKey>
            </datoKey>
            <datoKey>
              <colonnaKey>nm_campo</colonnaKey>
              <labelKey>Nome campo</labelKey>
              <valoreKey>SUB_STRUTTURA</valoreKey>
            </datoKey>
          </keyRecord>
          <datoRecord>
            <colonnaDato>nm_sub_strut</colonnaDato>
            <labelDato>Sottostruttura</labelDato>
            <valoreDato>DEFAULT</valoreDato>
          </datoRecord>
          <datoRecord>
            <colonnaDato>nm_attrib_dati_spec</colonnaDato>
            <labelDato>Dato specifico</labelDato>
            <valoreDato>null</valoreDato>
          </datoRecord>
        </child>
      </recordChild>
    </child>
    <child>
      <idRecord>1998</idRecord>
      <keyRecord>
        <datoKey>
          <colonnaKey>nm_tipo_doc</colonnaKey>
          <labelKey>Tipo documento principale</labelKey>
          <valoreKey>Ordinanze presidenziali</valoreKey>
        </datoKey>
        <datoKey>
          <colonnaKey>dt_istituz</colonnaKey>
          <labelKey>Data istituzione</labelKey>
          <valoreKey>12/02/2015</valoreKey>
        </datoKey>
      </keyRecord>
      <datoRecord>
        <colonnaDato>dt_soppres</colonnaDato>
        <labelDato>Data soppressione</labelDato>
        <valoreDato>31/12/2444</valoreDato>
      </datoRecord>
      <recordChild>
        <tipoRecord>Campo per partizionamento</tipoRecord>
        <child>
          <idRecord>1309</idRecord>
          <keyRecord>
            <datoKey>
              <colonnaKey>ti_campo</colonnaKey>
              <labelKey>Tipo campo</labelKey>
              <valoreKey>SUB_STRUT</valoreKey>
            </datoKey>
            <datoKey>
              <colonnaKey>nm_campo</colonnaKey>
              <labelKey>Nome campo</labelKey>
              <valoreKey>SUB_STRUTTURA</valoreKey>
            </datoKey>
          </keyRecord>
          <datoRecord>
            <colonnaDato>nm_sub_strut</colonnaDato>
            <labelDato>Sottostruttura</labelDato>
            <valoreDato>DEFAULT</valoreDato>
          </datoRecord>
          <datoRecord>
            <colonnaDato>nm_attrib_dati_spec</colonnaDato>
            <labelDato>Dato specifico</labelDato>
            <valoreDato>null</valoreDato>
          </datoRecord>
        </child>
      </recordChild>
    </child>
    <child>
      <idRecord>1997</idRecord>
      <keyRecord>
        <datoKey>
          <colonnaKey>nm_tipo_doc</colonnaKey>
          <labelKey>Tipo documento principale</labelKey>
          <valoreKey>Ordinanze presidenziali</valoreKey>
        </datoKey>
        <datoKey>
          <colonnaKey>dt_istituz</colonnaKey>
          <labelKey>Data istituzione</labelKey>
          <valoreKey>12/02/2015</valoreKey>
        </datoKey>
      </keyRecord>
      <datoRecord>
        <colonnaDato>dt_soppres</colonnaDato>
        <labelDato>Data soppressione</labelDato>
        <valoreDato>31/12/2444</valoreDato>
      </datoRecord>
      <recordChild>
        <tipoRecord>Campo per partizionamento</tipoRecord>
        <child>
          <idRecord>1308</idRecord>
          <keyRecord>
            <datoKey>
              <colonnaKey>ti_campo</colonnaKey>
              <labelKey>Tipo campo</labelKey>
              <valoreKey>SUB_STRUT</valoreKey>
            </datoKey>
            <datoKey>
              <colonnaKey>nm_campo</colonnaKey>
              <labelKey>Nome campo</labelKey>
              <valoreKey>SUB_STRUTTURA</valoreKey>
            </datoKey>
          </keyRecord>
          <datoRecord>
            <colonnaDato>nm_sub_strut</colonnaDato>
            <labelDato>Sottostruttura</labelDato>
            <valoreDato>DEFAULT</valoreDato>
          </datoRecord>
          <datoRecord>
            <colonnaDato>nm_attrib_dati_spec</colonnaDato>
            <labelDato>Dato specifico</labelDato>
            <valoreDato>null</valoreDato>
          </datoRecord>
        </child>
      </recordChild>
    </child>
    <child>
      <idRecord>1996</idRecord>
      <keyRecord>
        <datoKey>
          <colonnaKey>nm_tipo_doc</colonnaKey>
          <labelKey>Tipo documento principale</labelKey>
          <valoreKey>Ordinanze presidenziali</valoreKey>
        </datoKey>
        <datoKey>
          <colonnaKey>dt_istituz</colonnaKey>
          <labelKey>Data istituzione</labelKey>
          <valoreKey>12/02/2015</valoreKey>
        </datoKey>
      </keyRecord>
      <datoRecord>
        <colonnaDato>dt_soppres</colonnaDato>
        <labelDato>Data soppressione</labelDato>
        <valoreDato>31/12/2444</valoreDato>
      </datoRecord>
      <recordChild>
        <tipoRecord>Campo per partizionamento</tipoRecord>
        <child>
          <idRecord>1307</idRecord>
          <keyRecord>
            <datoKey>
              <colonnaKey>ti_campo</colonnaKey>
              <labelKey>Tipo campo</labelKey>
              <valoreKey>SUB_STRUT</valoreKey>
            </datoKey>
            <datoKey>
              <colonnaKey>nm_campo</colonnaKey>
              <labelKey>Nome campo</labelKey>
              <valoreKey>SUB_STRUTTURA</valoreKey>
            </datoKey>
          </keyRecord>
          <datoRecord>
            <colonnaDato>nm_sub_strut</colonnaDato>
            <labelDato>Sottostruttura</labelDato>
            <valoreDato>DEFAULT</valoreDato>
          </datoRecord>
          <datoRecord>
            <colonnaDato>nm_attrib_dati_spec</colonnaDato>
            <labelDato>Dato specifico</labelDato>
            <valoreDato>null</valoreDato>
          </datoRecord>
        </child>
      </recordChild>
    </child>
    <child>
      <idRecord>1995</idRecord>
      <keyRecord>
        <datoKey>
          <colonnaKey>nm_tipo_doc</colonnaKey>
          <labelKey>Tipo documento principale</labelKey>
          <valoreKey>Ordinanze presidenziali</valoreKey>
        </datoKey>
        <datoKey>
          <colonnaKey>dt_istituz</colonnaKey>
          <labelKey>Data istituzione</labelKey>
          <valoreKey>12/02/2015</valoreKey>
        </datoKey>
      </keyRecord>
      <datoRecord>
        <colonnaDato>dt_soppres</colonnaDato>
        <labelDato>Data soppressione</labelDato>
        <valoreDato>31/12/2444</valoreDato>
      </datoRecord>
      <recordChild>
        <tipoRecord>Campo per partizionamento</tipoRecord>
        <child>
          <idRecord>1306</idRecord>
          <keyRecord>
            <datoKey>
              <colonnaKey>ti_campo</colonnaKey>
              <labelKey>Tipo campo</labelKey>
              <valoreKey>SUB_STRUT</valoreKey>
            </datoKey>
            <datoKey>
              <colonnaKey>nm_campo</colonnaKey>
              <labelKey>Nome campo</labelKey>
              <valoreKey>SUB_STRUTTURA</valoreKey>
            </datoKey>
          </keyRecord>
          <datoRecord>
            <colonnaDato>nm_sub_strut</colonnaDato>
            <labelDato>Sottostruttura</labelDato>
            <valoreDato>DEFAULT</valoreDato>
          </datoRecord>
          <datoRecord>
            <colonnaDato>nm_attrib_dati_spec</colonnaDato>
            <labelDato>Dato specifico</labelDato>
            <valoreDato>null</valoreDato>
          </datoRecord>
        </child>
      </recordChild>
    </child>
    <child>
      <idRecord>1994</idRecord>
      <keyRecord>
        <datoKey>
          <colonnaKey>nm_tipo_doc</colonnaKey>
          <labelKey>Tipo documento principale</labelKey>
          <valoreKey>Ordinanze presidenziali</valoreKey>
        </datoKey>
        <datoKey>
          <colonnaKey>dt_istituz</colonnaKey>
          <labelKey>Data istituzione</labelKey>
          <valoreKey>12/02/2015</valoreKey>
        </datoKey>
      </keyRecord>
      <datoRecord>
        <colonnaDato>dt_soppres</colonnaDato>
        <labelDato>Data soppressione</labelDato>
        <valoreDato>31/12/2444</valoreDato>
      </datoRecord>
      <recordChild>
        <tipoRecord>Campo per partizionamento</tipoRecord>
        <child>
          <idRecord>1305</idRecord>
          <keyRecord>
            <datoKey>
              <colonnaKey>ti_campo</colonnaKey>
              <labelKey>Tipo campo</labelKey>
              <valoreKey>SUB_STRUT</valoreKey>
            </datoKey>
            <datoKey>
              <colonnaKey>nm_campo</colonnaKey>
              <labelKey>Nome campo</labelKey>
              <valoreKey>SUB_STRUTTURA</valoreKey>
            </datoKey>
          </keyRecord>
          <datoRecord>
            <colonnaDato>nm_sub_strut</colonnaDato>
            <labelDato>Sottostruttura</labelDato>
            <valoreDato>DEFAULT</valoreDato>
          </datoRecord>
          <datoRecord>
            <colonnaDato>nm_attrib_dati_spec</colonnaDato>
            <labelDato>Dato specifico</labelDato>
            <valoreDato>null</valoreDato>
          </datoRecord>
        </child>
      </recordChild>
    </child>
    <child>
      <idRecord>9645</idRecord>
      <keyRecord>
        <datoKey>
          <colonnaKey>nm_tipo_doc</colonnaKey>
          <labelKey>Tipo documento principale</labelKey>
          <valoreKey>PARCELLA</valoreKey>
        </datoKey>
        <datoKey>
          <colonnaKey>dt_istituz</colonnaKey>
          <labelKey>Data istituzione</labelKey>
          <valoreKey>15/06/2016</valoreKey>
        </datoKey>
      </keyRecord>
      <datoRecord>
        <colonnaDato>dt_soppres</colonnaDato>
        <labelDato>Data soppressione</labelDato>
        <valoreDato>31/12/2444</valoreDato>
      </datoRecord>
      <recordChild>
        <tipoRecord>Campo per partizionamento</tipoRecord>
        <child>
          <idRecord>7963</idRecord>
          <keyRecord>
            <datoKey>
              <colonnaKey>ti_campo</colonnaKey>
              <labelKey>Tipo campo</labelKey>
              <valoreKey>SUB_STRUT</valoreKey>
            </datoKey>
            <datoKey>
              <colonnaKey>nm_campo</colonnaKey>
              <labelKey>Nome campo</labelKey>
              <valoreKey>SUB_STRUTTURA</valoreKey>
            </datoKey>
          </keyRecord>
          <datoRecord>
            <colonnaDato>nm_sub_strut</colonnaDato>
            <labelDato>Sottostruttura</labelDato>
            <valoreDato>DEFAULT</valoreDato>
          </datoRecord>
          <datoRecord>
            <colonnaDato>nm_attrib_dati_spec</colonnaDato>
            <labelDato>Dato specifico</labelDato>
            <valoreDato>null</valoreDato>
          </datoRecord>
        </child>
      </recordChild>
    </child>
    <child>
      <idRecord>9633</idRecord>
      <keyRecord>
        <datoKey>
          <colonnaKey>nm_tipo_doc</colonnaKey>
          <labelKey>Tipo documento principale</labelKey>
          <valoreKey>PARCELLA</valoreKey>
        </datoKey>
        <datoKey>
          <colonnaKey>dt_istituz</colonnaKey>
          <labelKey>Data istituzione</labelKey>
          <valoreKey>15/06/2016</valoreKey>
        </datoKey>
      </keyRecord>
      <datoRecord>
        <colonnaDato>dt_soppres</colonnaDato>
        <labelDato>Data soppressione</labelDato>
        <valoreDato>31/12/2444</valoreDato>
      </datoRecord>
      <recordChild>
        <tipoRecord>Campo per partizionamento</tipoRecord>
        <child>
          <idRecord>7951</idRecord>
          <keyRecord>
            <datoKey>
              <colonnaKey>ti_campo</colonnaKey>
              <labelKey>Tipo campo</labelKey>
              <valoreKey>SUB_STRUT</valoreKey>
            </datoKey>
            <datoKey>
              <colonnaKey>nm_campo</colonnaKey>
              <labelKey>Nome campo</labelKey>
              <valoreKey>SUB_STRUTTURA</valoreKey>
            </datoKey>
          </keyRecord>
          <datoRecord>
            <colonnaDato>nm_sub_strut</colonnaDato>
            <labelDato>Sottostruttura</labelDato>
            <valoreDato>DEFAULT</valoreDato>
          </datoRecord>
          <datoRecord>
            <colonnaDato>nm_attrib_dati_spec</colonnaDato>
            <labelDato>Dato specifico</labelDato>
            <valoreDato>null</valoreDato>
          </datoRecord>
        </child>
      </recordChild>
    </child>
    <child>
      <idRecord>11484</idRecord>
      <keyRecord>
        <datoKey>
          <colonnaKey>nm_tipo_doc</colonnaKey>
          <labelKey>Tipo documento principale</labelKey>
          <valoreKey>PARCELLA</valoreKey>
        </datoKey>
        <datoKey>
          <colonnaKey>dt_istituz</colonnaKey>
          <labelKey>Data istituzione</labelKey>
          <valoreKey>17/08/2015</valoreKey>
        </datoKey>
      </keyRecord>
      <datoRecord>
        <colonnaDato>dt_soppres</colonnaDato>
        <labelDato>Data soppressione</labelDato>
        <valoreDato>31/12/2444</valoreDato>
      </datoRecord>
      <recordChild>
        <tipoRecord>Campo per partizionamento</tipoRecord>
        <child>
          <idRecord>9602</idRecord>
          <keyRecord>
            <datoKey>
              <colonnaKey>ti_campo</colonnaKey>
              <labelKey>Tipo campo</labelKey>
              <valoreKey>SUB_STRUT</valoreKey>
            </datoKey>
            <datoKey>
              <colonnaKey>nm_campo</colonnaKey>
              <labelKey>Nome campo</labelKey>
              <valoreKey>SUB_STRUTTURA</valoreKey>
            </datoKey>
          </keyRecord>
          <datoRecord>
            <colonnaDato>nm_sub_strut</colonnaDato>
            <labelDato>Sottostruttura</labelDato>
            <valoreDato>DEFAULT</valoreDato>
          </datoRecord>
          <datoRecord>
            <colonnaDato>nm_attrib_dati_spec</colonnaDato>
            <labelDato>Dato specifico</labelDato>
            <valoreDato>null</valoreDato>
          </datoRecord>
        </child>
      </recordChild>
    </child>
    <child>
      <idRecord>11483</idRecord>
      <keyRecord>
        <datoKey>
          <colonnaKey>nm_tipo_doc</colonnaKey>
          <labelKey>Tipo documento principale</labelKey>
          <valoreKey>PARCELLA</valoreKey>
        </datoKey>
        <datoKey>
          <colonnaKey>dt_istituz</colonnaKey>
          <labelKey>Data istituzione</labelKey>
          <valoreKey>16/02/2015</valoreKey>
        </datoKey>
      </keyRecord>
      <datoRecord>
        <colonnaDato>dt_soppres</colonnaDato>
        <labelDato>Data soppressione</labelDato>
        <valoreDato>31/12/2444</valoreDato>
      </datoRecord>
      <recordChild>
        <tipoRecord>Campo per partizionamento</tipoRecord>
        <child>
          <idRecord>9609</idRecord>
          <keyRecord>
            <datoKey>
              <colonnaKey>ti_campo</colonnaKey>
              <labelKey>Tipo campo</labelKey>
              <valoreKey>SUB_STRUT</valoreKey>
            </datoKey>
            <datoKey>
              <colonnaKey>nm_campo</colonnaKey>
              <labelKey>Nome campo</labelKey>
              <valoreKey>SUB_STRUTTURA</valoreKey>
            </datoKey>
          </keyRecord>
          <datoRecord>
            <colonnaDato>nm_sub_strut</colonnaDato>
            <labelDato>Sottostruttura</labelDato>
            <valoreDato>DEFAULT</valoreDato>
          </datoRecord>
          <datoRecord>
            <colonnaDato>nm_attrib_dati_spec</colonnaDato>
            <labelDato>Dato specifico</labelDato>
            <valoreDato>null</valoreDato>
          </datoRecord>
        </child>
      </recordChild>
    </child>
    <child>
      <idRecord>6087</idRecord>
      <keyRecord>
        <datoKey>
          <colonnaKey>nm_tipo_doc</colonnaKey>
          <labelKey>Tipo documento principale</labelKey>
          <valoreKey>PARCELLA</valoreKey>
        </datoKey>
        <datoKey>
          <colonnaKey>dt_istituz</colonnaKey>
          <labelKey>Data istituzione</labelKey>
          <valoreKey>22/09/2015</valoreKey>
        </datoKey>
      </keyRecord>
      <datoRecord>
        <colonnaDato>dt_soppres</colonnaDato>
        <labelDato>Data soppressione</labelDato>
        <valoreDato>31/12/2444</valoreDato>
      </datoRecord>
      <recordChild>
        <tipoRecord>Campo per partizionamento</tipoRecord>
        <child>
          <idRecord>4727</idRecord>
          <keyRecord>
            <datoKey>
              <colonnaKey>ti_campo</colonnaKey>
              <labelKey>Tipo campo</labelKey>
              <valoreKey>SUB_STRUT</valoreKey>
            </datoKey>
            <datoKey>
              <colonnaKey>nm_campo</colonnaKey>
              <labelKey>Nome campo</labelKey>
              <valoreKey>SUB_STRUTTURA</valoreKey>
            </datoKey>
          </keyRecord>
          <datoRecord>
            <colonnaDato>nm_sub_strut</colonnaDato>
            <labelDato>Sottostruttura</labelDato>
            <valoreDato>DEFAULT</valoreDato>
          </datoRecord>
          <datoRecord>
            <colonnaDato>nm_attrib_dati_spec</colonnaDato>
            <labelDato>Dato specifico</labelDato>
            <valoreDato>null</valoreDato>
          </datoRecord>
        </child>
      </recordChild>
    </child>
    <child>
      <idRecord>8628</idRecord>
      <keyRecord>
        <datoKey>
          <colonnaKey>nm_tipo_doc</colonnaKey>
          <labelKey>Tipo documento principale</labelKey>
          <valoreKey>PARCELLA</valoreKey>
        </datoKey>
        <datoKey>
          <colonnaKey>dt_istituz</colonnaKey>
          <labelKey>Data istituzione</labelKey>
          <valoreKey>25/11/2015</valoreKey>
        </datoKey>
      </keyRecord>
      <datoRecord>
        <colonnaDato>dt_soppres</colonnaDato>
        <labelDato>Data soppressione</labelDato>
        <valoreDato>31/12/2444</valoreDato>
      </datoRecord>
      <recordChild>
        <tipoRecord>Campo per partizionamento</tipoRecord>
        <child>
          <idRecord>7068</idRecord>
          <keyRecord>
            <datoKey>
              <colonnaKey>ti_campo</colonnaKey>
              <labelKey>Tipo campo</labelKey>
              <valoreKey>SUB_STRUT</valoreKey>
            </datoKey>
            <datoKey>
              <colonnaKey>nm_campo</colonnaKey>
              <labelKey>Nome campo</labelKey>
              <valoreKey>SUB_STRUTTURA</valoreKey>
            </datoKey>
          </keyRecord>
          <datoRecord>
            <colonnaDato>nm_sub_strut</colonnaDato>
            <labelDato>Sottostruttura</labelDato>
            <valoreDato>DEFAULT</valoreDato>
          </datoRecord>
          <datoRecord>
            <colonnaDato>nm_attrib_dati_spec</colonnaDato>
            <labelDato>Dato specifico</labelDato>
            <valoreDato>null</valoreDato>
          </datoRecord>
        </child>
      </recordChild>
    </child>
    <child>
      <idRecord>6029</idRecord>
      <keyRecord>
        <datoKey>
          <colonnaKey>nm_tipo_doc</colonnaKey>
          <labelKey>Tipo documento principale</labelKey>
          <valoreKey>PARCELLA</valoreKey>
        </datoKey>
        <datoKey>
          <colonnaKey>dt_istituz</colonnaKey>
          <labelKey>Data istituzione</labelKey>
          <valoreKey>22/09/2015</valoreKey>
        </datoKey>
      </keyRecord>
      <datoRecord>
        <colonnaDato>dt_soppres</colonnaDato>
        <labelDato>Data soppressione</labelDato>
        <valoreDato>31/12/2444</valoreDato>
      </datoRecord>
      <recordChild>
        <tipoRecord>Campo per partizionamento</tipoRecord>
        <child>
          <idRecord>4669</idRecord>
          <keyRecord>
            <datoKey>
              <colonnaKey>ti_campo</colonnaKey>
              <labelKey>Tipo campo</labelKey>
              <valoreKey>SUB_STRUT</valoreKey>
            </datoKey>
            <datoKey>
              <colonnaKey>nm_campo</colonnaKey>
              <labelKey>Nome campo</labelKey>
              <valoreKey>SUB_STRUTTURA</valoreKey>
            </datoKey>
          </keyRecord>
          <datoRecord>
            <colonnaDato>nm_sub_strut</colonnaDato>
            <labelDato>Sottostruttura</labelDato>
            <valoreDato>DEFAULT</valoreDato>
          </datoRecord>
          <datoRecord>
            <colonnaDato>nm_attrib_dati_spec</colonnaDato>
            <labelDato>Dato specifico</labelDato>
            <valoreDato>null</valoreDato>
          </datoRecord>
        </child>
      </recordChild>
    </child>
    <child>
      <idRecord>2301</idRecord>
      <keyRecord>
        <datoKey>
          <colonnaKey>nm_tipo_doc</colonnaKey>
          <labelKey>Tipo documento principale</labelKey>
          <valoreKey>PARERE TECNICO</valoreKey>
        </datoKey>
        <datoKey>
          <colonnaKey>dt_istituz</colonnaKey>
          <labelKey>Data istituzione</labelKey>
          <valoreKey>12/02/2015</valoreKey>
        </datoKey>
      </keyRecord>
      <datoRecord>
        <colonnaDato>dt_soppres</colonnaDato>
        <labelDato>Data soppressione</labelDato>
        <valoreDato>31/12/2444</valoreDato>
      </datoRecord>
      <recordChild>
        <tipoRecord>Campo per partizionamento</tipoRecord>
        <child>
          <idRecord>944</idRecord>
          <keyRecord>
            <datoKey>
              <colonnaKey>ti_campo</colonnaKey>
              <labelKey>Tipo campo</labelKey>
              <valoreKey>SUB_STRUT</valoreKey>
            </datoKey>
            <datoKey>
              <colonnaKey>nm_campo</colonnaKey>
              <labelKey>Nome campo</labelKey>
              <valoreKey>SUB_STRUTTURA</valoreKey>
            </datoKey>
          </keyRecord>
          <datoRecord>
            <colonnaDato>nm_sub_strut</colonnaDato>
            <labelDato>Sottostruttura</labelDato>
            <valoreDato>DEFAULT</valoreDato>
          </datoRecord>
          <datoRecord>
            <colonnaDato>nm_attrib_dati_spec</colonnaDato>
            <labelDato>Dato specifico</labelDato>
            <valoreDato>null</valoreDato>
          </datoRecord>
        </child>
      </recordChild>
    </child>
    <child>
      <idRecord>2304</idRecord>
      <keyRecord>
        <datoKey>
          <colonnaKey>nm_tipo_doc</colonnaKey>
          <labelKey>Tipo documento principale</labelKey>
          <valoreKey>PARERE TECNICO</valoreKey>
        </datoKey>
        <datoKey>
          <colonnaKey>dt_istituz</colonnaKey>
          <labelKey>Data istituzione</labelKey>
          <valoreKey>12/02/2015</valoreKey>
        </datoKey>
      </keyRecord>
      <datoRecord>
        <colonnaDato>dt_soppres</colonnaDato>
        <labelDato>Data soppressione</labelDato>
        <valoreDato>31/12/2444</valoreDato>
      </datoRecord>
      <recordChild>
        <tipoRecord>Campo per partizionamento</tipoRecord>
        <child>
          <idRecord>947</idRecord>
          <keyRecord>
            <datoKey>
              <colonnaKey>ti_campo</colonnaKey>
              <labelKey>Tipo campo</labelKey>
              <valoreKey>SUB_STRUT</valoreKey>
            </datoKey>
            <datoKey>
              <colonnaKey>nm_campo</colonnaKey>
              <labelKey>Nome campo</labelKey>
              <valoreKey>SUB_STRUTTURA</valoreKey>
            </datoKey>
          </keyRecord>
          <datoRecord>
            <colonnaDato>nm_sub_strut</colonnaDato>
            <labelDato>Sottostruttura</labelDato>
            <valoreDato>DEFAULT</valoreDato>
          </datoRecord>
          <datoRecord>
            <colonnaDato>nm_attrib_dati_spec</colonnaDato>
            <labelDato>Dato specifico</labelDato>
            <valoreDato>null</valoreDato>
          </datoRecord>
        </child>
      </recordChild>
    </child>
    <child>
      <idRecord>2302</idRecord>
      <keyRecord>
        <datoKey>
          <colonnaKey>nm_tipo_doc</colonnaKey>
          <labelKey>Tipo documento principale</labelKey>
          <valoreKey>PARERE TECNICO</valoreKey>
        </datoKey>
        <datoKey>
          <colonnaKey>dt_istituz</colonnaKey>
          <labelKey>Data istituzione</labelKey>
          <valoreKey>12/02/2015</valoreKey>
        </datoKey>
      </keyRecord>
      <datoRecord>
        <colonnaDato>dt_soppres</colonnaDato>
        <labelDato>Data soppressione</labelDato>
        <valoreDato>31/12/2444</valoreDato>
      </datoRecord>
      <recordChild>
        <tipoRecord>Campo per partizionamento</tipoRecord>
        <child>
          <idRecord>945</idRecord>
          <keyRecord>
            <datoKey>
              <colonnaKey>ti_campo</colonnaKey>
              <labelKey>Tipo campo</labelKey>
              <valoreKey>SUB_STRUT</valoreKey>
            </datoKey>
            <datoKey>
              <colonnaKey>nm_campo</colonnaKey>
              <labelKey>Nome campo</labelKey>
              <valoreKey>SUB_STRUTTURA</valoreKey>
            </datoKey>
          </keyRecord>
          <datoRecord>
            <colonnaDato>nm_sub_strut</colonnaDato>
            <labelDato>Sottostruttura</labelDato>
            <valoreDato>DEFAULT</valoreDato>
          </datoRecord>
          <datoRecord>
            <colonnaDato>nm_attrib_dati_spec</colonnaDato>
            <labelDato>Dato specifico</labelDato>
            <valoreDato>null</valoreDato>
          </datoRecord>
        </child>
      </recordChild>
    </child>
    <child>
      <idRecord>2766</idRecord>
      <keyRecord>
        <datoKey>
          <colonnaKey>nm_tipo_doc</colonnaKey>
          <labelKey>Tipo documento principale</labelKey>
          <valoreKey>PROTOCOLLO</valoreKey>
        </datoKey>
        <datoKey>
          <colonnaKey>dt_istituz</colonnaKey>
          <labelKey>Data istituzione</labelKey>
          <valoreKey>01/04/2015</valoreKey>
        </datoKey>
      </keyRecord>
      <datoRecord>
        <colonnaDato>dt_soppres</colonnaDato>
        <labelDato>Data soppressione</labelDato>
        <valoreDato>31/12/2444</valoreDato>
      </datoRecord>
      <recordChild>
        <tipoRecord>Campo per partizionamento</tipoRecord>
        <child>
          <idRecord>1615</idRecord>
          <keyRecord>
            <datoKey>
              <colonnaKey>ti_campo</colonnaKey>
              <labelKey>Tipo campo</labelKey>
              <valoreKey>SUB_STRUT</valoreKey>
            </datoKey>
            <datoKey>
              <colonnaKey>nm_campo</colonnaKey>
              <labelKey>Nome campo</labelKey>
              <valoreKey>SUB_STRUTTURA</valoreKey>
            </datoKey>
          </keyRecord>
          <datoRecord>
            <colonnaDato>nm_sub_strut</colonnaDato>
            <labelDato>Sottostruttura</labelDato>
            <valoreDato>DEFAULT</valoreDato>
          </datoRecord>
          <datoRecord>
            <colonnaDato>nm_attrib_dati_spec</colonnaDato>
            <labelDato>Dato specifico</labelDato>
            <valoreDato>null</valoreDato>
          </datoRecord>
        </child>
      </recordChild>
    </child>
    <child>
      <idRecord>7403</idRecord>
      <keyRecord>
        <datoKey>
          <colonnaKey>nm_tipo_doc</colonnaKey>
          <labelKey>Tipo documento principale</labelKey>
          <valoreKey>PROTOCOLLO</valoreKey>
        </datoKey>
        <datoKey>
          <colonnaKey>dt_istituz</colonnaKey>
          <labelKey>Data istituzione</labelKey>
          <valoreKey>01/04/2015</valoreKey>
        </datoKey>
      </keyRecord>
      <datoRecord>
        <colonnaDato>dt_soppres</colonnaDato>
        <labelDato>Data soppressione</labelDato>
        <valoreDato>31/12/2444</valoreDato>
      </datoRecord>
      <recordChild>
        <tipoRecord>Campo per partizionamento</tipoRecord>
        <child>
          <idRecord>5862</idRecord>
          <keyRecord>
            <datoKey>
              <colonnaKey>ti_campo</colonnaKey>
              <labelKey>Tipo campo</labelKey>
              <valoreKey>SUB_STRUT</valoreKey>
            </datoKey>
            <datoKey>
              <colonnaKey>nm_campo</colonnaKey>
              <labelKey>Nome campo</labelKey>
              <valoreKey>SUB_STRUTTURA</valoreKey>
            </datoKey>
          </keyRecord>
          <datoRecord>
            <colonnaDato>nm_sub_strut</colonnaDato>
            <labelDato>Sottostruttura</labelDato>
            <valoreDato>DEFAULT</valoreDato>
          </datoRecord>
          <datoRecord>
            <colonnaDato>nm_attrib_dati_spec</colonnaDato>
            <labelDato>Dato specifico</labelDato>
            <valoreDato>null</valoreDato>
          </datoRecord>
        </child>
      </recordChild>
    </child>
    <child>
      <idRecord>9919</idRecord>
      <keyRecord>
        <datoKey>
          <colonnaKey>nm_tipo_doc</colonnaKey>
          <labelKey>Tipo documento principale</labelKey>
          <valoreKey>PROTOCOLLO</valoreKey>
        </datoKey>
        <datoKey>
          <colonnaKey>dt_istituz</colonnaKey>
          <labelKey>Data istituzione</labelKey>
          <valoreKey>29/06/2016</valoreKey>
        </datoKey>
      </keyRecord>
      <datoRecord>
        <colonnaDato>dt_soppres</colonnaDato>
        <labelDato>Data soppressione</labelDato>
        <valoreDato>31/12/2444</valoreDato>
      </datoRecord>
      <recordChild>
        <tipoRecord>Campo per partizionamento</tipoRecord>
        <child>
          <idRecord>8235</idRecord>
          <keyRecord>
            <datoKey>
              <colonnaKey>ti_campo</colonnaKey>
              <labelKey>Tipo campo</labelKey>
              <valoreKey>SUB_STRUT</valoreKey>
            </datoKey>
            <datoKey>
              <colonnaKey>nm_campo</colonnaKey>
              <labelKey>Nome campo</labelKey>
              <valoreKey>SUB_STRUTTURA</valoreKey>
            </datoKey>
          </keyRecord>
          <datoRecord>
            <colonnaDato>nm_sub_strut</colonnaDato>
            <labelDato>Sottostruttura</labelDato>
            <valoreDato>DEFAULT</valoreDato>
          </datoRecord>
          <datoRecord>
            <colonnaDato>nm_attrib_dati_spec</colonnaDato>
            <labelDato>Dato specifico</labelDato>
            <valoreDato>null</valoreDato>
          </datoRecord>
        </child>
      </recordChild>
    </child>
    <child>
      <idRecord>497</idRecord>
      <keyRecord>
        <datoKey>
          <colonnaKey>nm_tipo_doc</colonnaKey>
          <labelKey>Tipo documento principale</labelKey>
          <valoreKey>PROVVEDIMENTO DEL PRESIDENTE DEL CONSIGLIO</valoreKey>
        </datoKey>
        <datoKey>
          <colonnaKey>dt_istituz</colonnaKey>
          <labelKey>Data istituzione</labelKey>
          <valoreKey>10/11/2014</valoreKey>
        </datoKey>
      </keyRecord>
      <datoRecord>
        <colonnaDato>dt_soppres</colonnaDato>
        <labelDato>Data soppressione</labelDato>
        <valoreDato>31/12/2444</valoreDato>
      </datoRecord>
      <recordChild>
        <tipoRecord>Campo per partizionamento</tipoRecord>
        <child>
          <idRecord>241</idRecord>
          <keyRecord>
            <datoKey>
              <colonnaKey>ti_campo</colonnaKey>
              <labelKey>Tipo campo</labelKey>
              <valoreKey>SUB_STRUT</valoreKey>
            </datoKey>
            <datoKey>
              <colonnaKey>nm_campo</colonnaKey>
              <labelKey>Nome campo</labelKey>
              <valoreKey>SUB_STRUTTURA</valoreKey>
            </datoKey>
          </keyRecord>
          <datoRecord>
            <colonnaDato>nm_sub_strut</colonnaDato>
            <labelDato>Sottostruttura</labelDato>
            <valoreDato>DEFAULT</valoreDato>
          </datoRecord>
          <datoRecord>
            <colonnaDato>nm_attrib_dati_spec</colonnaDato>
            <labelDato>Dato specifico</labelDato>
            <valoreDato>null</valoreDato>
          </datoRecord>
        </child>
      </recordChild>
    </child>
    <child>
      <idRecord>1821</idRecord>
      <keyRecord>
        <datoKey>
          <colonnaKey>nm_tipo_doc</colonnaKey>
          <labelKey>Tipo documento principale</labelKey>
          <valoreKey>PROVVEDIMENTO DEL PRESIDENTE DEL CONSIGLIO</valoreKey>
        </datoKey>
        <datoKey>
          <colonnaKey>dt_istituz</colonnaKey>
          <labelKey>Data istituzione</labelKey>
          <valoreKey>12/02/2015</valoreKey>
        </datoKey>
      </keyRecord>
      <datoRecord>
        <colonnaDato>dt_soppres</colonnaDato>
        <labelDato>Data soppressione</labelDato>
        <valoreDato>31/12/2444</valoreDato>
      </datoRecord>
      <recordChild>
        <tipoRecord>Campo per partizionamento</tipoRecord>
        <child>
          <idRecord>1132</idRecord>
          <keyRecord>
            <datoKey>
              <colonnaKey>ti_campo</colonnaKey>
              <labelKey>Tipo campo</labelKey>
              <valoreKey>SUB_STRUT</valoreKey>
            </datoKey>
            <datoKey>
              <colonnaKey>nm_campo</colonnaKey>
              <labelKey>Nome campo</labelKey>
              <valoreKey>SUB_STRUTTURA</valoreKey>
            </datoKey>
          </keyRecord>
          <datoRecord>
            <colonnaDato>nm_sub_strut</colonnaDato>
            <labelDato>Sottostruttura</labelDato>
            <valoreDato>DEFAULT</valoreDato>
          </datoRecord>
          <datoRecord>
            <colonnaDato>nm_attrib_dati_spec</colonnaDato>
            <labelDato>Dato specifico</labelDato>
            <valoreDato>null</valoreDato>
          </datoRecord>
        </child>
      </recordChild>
    </child>
    <child>
      <idRecord>1820</idRecord>
      <keyRecord>
        <datoKey>
          <colonnaKey>nm_tipo_doc</colonnaKey>
          <labelKey>Tipo documento principale</labelKey>
          <valoreKey>PROVVEDIMENTO DEL PRESIDENTE DEL CONSIGLIO</valoreKey>
        </datoKey>
        <datoKey>
          <colonnaKey>dt_istituz</colonnaKey>
          <labelKey>Data istituzione</labelKey>
          <valoreKey>12/02/2015</valoreKey>
        </datoKey>
      </keyRecord>
      <datoRecord>
        <colonnaDato>dt_soppres</colonnaDato>
        <labelDato>Data soppressione</labelDato>
        <valoreDato>31/12/2444</valoreDato>
      </datoRecord>
      <recordChild>
        <tipoRecord>Campo per partizionamento</tipoRecord>
        <child>
          <idRecord>1131</idRecord>
          <keyRecord>
            <datoKey>
              <colonnaKey>ti_campo</colonnaKey>
              <labelKey>Tipo campo</labelKey>
              <valoreKey>SUB_STRUT</valoreKey>
            </datoKey>
            <datoKey>
              <colonnaKey>nm_campo</colonnaKey>
              <labelKey>Nome campo</labelKey>
              <valoreKey>SUB_STRUTTURA</valoreKey>
            </datoKey>
          </keyRecord>
          <datoRecord>
            <colonnaDato>nm_sub_strut</colonnaDato>
            <labelDato>Sottostruttura</labelDato>
            <valoreDato>DEFAULT</valoreDato>
          </datoRecord>
          <datoRecord>
            <colonnaDato>nm_attrib_dati_spec</colonnaDato>
            <labelDato>Dato specifico</labelDato>
            <valoreDato>null</valoreDato>
          </datoRecord>
        </child>
      </recordChild>
    </child>
    <child>
      <idRecord>1819</idRecord>
      <keyRecord>
        <datoKey>
          <colonnaKey>nm_tipo_doc</colonnaKey>
          <labelKey>Tipo documento principale</labelKey>
          <valoreKey>PROVVEDIMENTO DEL PRESIDENTE DEL CONSIGLIO</valoreKey>
        </datoKey>
        <datoKey>
          <colonnaKey>dt_istituz</colonnaKey>
          <labelKey>Data istituzione</labelKey>
          <valoreKey>12/02/2015</valoreKey>
        </datoKey>
      </keyRecord>
      <datoRecord>
        <colonnaDato>dt_soppres</colonnaDato>
        <labelDato>Data soppressione</labelDato>
        <valoreDato>31/12/2444</valoreDato>
      </datoRecord>
      <recordChild>
        <tipoRecord>Campo per partizionamento</tipoRecord>
        <child>
          <idRecord>1130</idRecord>
          <keyRecord>
            <datoKey>
              <colonnaKey>ti_campo</colonnaKey>
              <labelKey>Tipo campo</labelKey>
              <valoreKey>SUB_STRUT</valoreKey>
            </datoKey>
            <datoKey>
              <colonnaKey>nm_campo</colonnaKey>
              <labelKey>Nome campo</labelKey>
              <valoreKey>SUB_STRUTTURA</valoreKey>
            </datoKey>
          </keyRecord>
          <datoRecord>
            <colonnaDato>nm_sub_strut</colonnaDato>
            <labelDato>Sottostruttura</labelDato>
            <valoreDato>DEFAULT</valoreDato>
          </datoRecord>
          <datoRecord>
            <colonnaDato>nm_attrib_dati_spec</colonnaDato>
            <labelDato>Dato specifico</labelDato>
            <valoreDato>null</valoreDato>
          </datoRecord>
        </child>
      </recordChild>
    </child>
    <child>
      <idRecord>1818</idRecord>
      <keyRecord>
        <datoKey>
          <colonnaKey>nm_tipo_doc</colonnaKey>
          <labelKey>Tipo documento principale</labelKey>
          <valoreKey>PROVVEDIMENTO DEL PRESIDENTE DEL CONSIGLIO</valoreKey>
        </datoKey>
        <datoKey>
          <colonnaKey>dt_istituz</colonnaKey>
          <labelKey>Data istituzione</labelKey>
          <valoreKey>12/02/2015</valoreKey>
        </datoKey>
      </keyRecord>
      <datoRecord>
        <colonnaDato>dt_soppres</colonnaDato>
        <labelDato>Data soppressione</labelDato>
        <valoreDato>31/12/2444</valoreDato>
      </datoRecord>
      <recordChild>
        <tipoRecord>Campo per partizionamento</tipoRecord>
        <child>
          <idRecord>1129</idRecord>
          <keyRecord>
            <datoKey>
              <colonnaKey>ti_campo</colonnaKey>
              <labelKey>Tipo campo</labelKey>
              <valoreKey>SUB_STRUT</valoreKey>
            </datoKey>
            <datoKey>
              <colonnaKey>nm_campo</colonnaKey>
              <labelKey>Nome campo</labelKey>
              <valoreKey>SUB_STRUTTURA</valoreKey>
            </datoKey>
          </keyRecord>
          <datoRecord>
            <colonnaDato>nm_sub_strut</colonnaDato>
            <labelDato>Sottostruttura</labelDato>
            <valoreDato>DEFAULT</valoreDato>
          </datoRecord>
          <datoRecord>
            <colonnaDato>nm_attrib_dati_spec</colonnaDato>
            <labelDato>Dato specifico</labelDato>
            <valoreDato>null</valoreDato>
          </datoRecord>
        </child>
      </recordChild>
    </child>
    <child>
      <idRecord>1817</idRecord>
      <keyRecord>
        <datoKey>
          <colonnaKey>nm_tipo_doc</colonnaKey>
          <labelKey>Tipo documento principale</labelKey>
          <valoreKey>PROVVEDIMENTO DEL PRESIDENTE DEL CONSIGLIO</valoreKey>
        </datoKey>
        <datoKey>
          <colonnaKey>dt_istituz</colonnaKey>
          <labelKey>Data istituzione</labelKey>
          <valoreKey>12/02/2015</valoreKey>
        </datoKey>
      </keyRecord>
      <datoRecord>
        <colonnaDato>dt_soppres</colonnaDato>
        <labelDato>Data soppressione</labelDato>
        <valoreDato>31/12/2444</valoreDato>
      </datoRecord>
      <recordChild>
        <tipoRecord>Campo per partizionamento</tipoRecord>
        <child>
          <idRecord>1128</idRecord>
          <keyRecord>
            <datoKey>
              <colonnaKey>ti_campo</colonnaKey>
              <labelKey>Tipo campo</labelKey>
              <valoreKey>SUB_STRUT</valoreKey>
            </datoKey>
            <datoKey>
              <colonnaKey>nm_campo</colonnaKey>
              <labelKey>Nome campo</labelKey>
              <valoreKey>SUB_STRUTTURA</valoreKey>
            </datoKey>
          </keyRecord>
          <datoRecord>
            <colonnaDato>nm_sub_strut</colonnaDato>
            <labelDato>Sottostruttura</labelDato>
            <valoreDato>DEFAULT</valoreDato>
          </datoRecord>
          <datoRecord>
            <colonnaDato>nm_attrib_dati_spec</colonnaDato>
            <labelDato>Dato specifico</labelDato>
            <valoreDato>null</valoreDato>
          </datoRecord>
        </child>
      </recordChild>
    </child>
    <child>
      <idRecord>1816</idRecord>
      <keyRecord>
        <datoKey>
          <colonnaKey>nm_tipo_doc</colonnaKey>
          <labelKey>Tipo documento principale</labelKey>
          <valoreKey>PROVVEDIMENTO DEL PRESIDENTE DEL CONSIGLIO</valoreKey>
        </datoKey>
        <datoKey>
          <colonnaKey>dt_istituz</colonnaKey>
          <labelKey>Data istituzione</labelKey>
          <valoreKey>12/02/2015</valoreKey>
        </datoKey>
      </keyRecord>
      <datoRecord>
        <colonnaDato>dt_soppres</colonnaDato>
        <labelDato>Data soppressione</labelDato>
        <valoreDato>31/12/2444</valoreDato>
      </datoRecord>
      <recordChild>
        <tipoRecord>Campo per partizionamento</tipoRecord>
        <child>
          <idRecord>1127</idRecord>
          <keyRecord>
            <datoKey>
              <colonnaKey>ti_campo</colonnaKey>
              <labelKey>Tipo campo</labelKey>
              <valoreKey>SUB_STRUT</valoreKey>
            </datoKey>
            <datoKey>
              <colonnaKey>nm_campo</colonnaKey>
              <labelKey>Nome campo</labelKey>
              <valoreKey>SUB_STRUTTURA</valoreKey>
            </datoKey>
          </keyRecord>
          <datoRecord>
            <colonnaDato>nm_sub_strut</colonnaDato>
            <labelDato>Sottostruttura</labelDato>
            <valoreDato>DEFAULT</valoreDato>
          </datoRecord>
          <datoRecord>
            <colonnaDato>nm_attrib_dati_spec</colonnaDato>
            <labelDato>Dato specifico</labelDato>
            <valoreDato>null</valoreDato>
          </datoRecord>
        </child>
      </recordChild>
    </child>
    <child>
      <idRecord>1815</idRecord>
      <keyRecord>
        <datoKey>
          <colonnaKey>nm_tipo_doc</colonnaKey>
          <labelKey>Tipo documento principale</labelKey>
          <valoreKey>PROVVEDIMENTO DEL PRESIDENTE DEL CONSIGLIO</valoreKey>
        </datoKey>
        <datoKey>
          <colonnaKey>dt_istituz</colonnaKey>
          <labelKey>Data istituzione</labelKey>
          <valoreKey>12/02/2015</valoreKey>
        </datoKey>
      </keyRecord>
      <datoRecord>
        <colonnaDato>dt_soppres</colonnaDato>
        <labelDato>Data soppressione</labelDato>
        <valoreDato>31/12/2444</valoreDato>
      </datoRecord>
      <recordChild>
        <tipoRecord>Campo per partizionamento</tipoRecord>
        <child>
          <idRecord>1126</idRecord>
          <keyRecord>
            <datoKey>
              <colonnaKey>ti_campo</colonnaKey>
              <labelKey>Tipo campo</labelKey>
              <valoreKey>SUB_STRUT</valoreKey>
            </datoKey>
            <datoKey>
              <colonnaKey>nm_campo</colonnaKey>
              <labelKey>Nome campo</labelKey>
              <valoreKey>SUB_STRUTTURA</valoreKey>
            </datoKey>
          </keyRecord>
          <datoRecord>
            <colonnaDato>nm_sub_strut</colonnaDato>
            <labelDato>Sottostruttura</labelDato>
            <valoreDato>DEFAULT</valoreDato>
          </datoRecord>
          <datoRecord>
            <colonnaDato>nm_attrib_dati_spec</colonnaDato>
            <labelDato>Dato specifico</labelDato>
            <valoreDato>null</valoreDato>
          </datoRecord>
        </child>
      </recordChild>
    </child>
    <child>
      <idRecord>1850</idRecord>
      <keyRecord>
        <datoKey>
          <colonnaKey>nm_tipo_doc</colonnaKey>
          <labelKey>Tipo documento principale</labelKey>
          <valoreKey>PROVVEDIMENTO DEL PRESIDENTE DELLA PROVINCIA</valoreKey>
        </datoKey>
        <datoKey>
          <colonnaKey>dt_istituz</colonnaKey>
          <labelKey>Data istituzione</labelKey>
          <valoreKey>12/02/2015</valoreKey>
        </datoKey>
      </keyRecord>
      <datoRecord>
        <colonnaDato>dt_soppres</colonnaDato>
        <labelDato>Data soppressione</labelDato>
        <valoreDato>31/12/2444</valoreDato>
      </datoRecord>
      <recordChild>
        <tipoRecord>Campo per partizionamento</tipoRecord>
        <child>
          <idRecord>1161</idRecord>
          <keyRecord>
            <datoKey>
              <colonnaKey>ti_campo</colonnaKey>
              <labelKey>Tipo campo</labelKey>
              <valoreKey>SUB_STRUT</valoreKey>
            </datoKey>
            <datoKey>
              <colonnaKey>nm_campo</colonnaKey>
              <labelKey>Nome campo</labelKey>
              <valoreKey>SUB_STRUTTURA</valoreKey>
            </datoKey>
          </keyRecord>
          <datoRecord>
            <colonnaDato>nm_sub_strut</colonnaDato>
            <labelDato>Sottostruttura</labelDato>
            <valoreDato>DEFAULT</valoreDato>
          </datoRecord>
          <datoRecord>
            <colonnaDato>nm_attrib_dati_spec</colonnaDato>
            <labelDato>Dato specifico</labelDato>
            <valoreDato>null</valoreDato>
          </datoRecord>
        </child>
      </recordChild>
    </child>
    <child>
      <idRecord>1857</idRecord>
      <keyRecord>
        <datoKey>
          <colonnaKey>nm_tipo_doc</colonnaKey>
          <labelKey>Tipo documento principale</labelKey>
          <valoreKey>PROVVEDIMENTO DEL PRESIDENTE DELLA PROVINCIA</valoreKey>
        </datoKey>
        <datoKey>
          <colonnaKey>dt_istituz</colonnaKey>
          <labelKey>Data istituzione</labelKey>
          <valoreKey>12/02/2015</valoreKey>
        </datoKey>
      </keyRecord>
      <datoRecord>
        <colonnaDato>dt_soppres</colonnaDato>
        <labelDato>Data soppressione</labelDato>
        <valoreDato>31/12/2444</valoreDato>
      </datoRecord>
      <recordChild>
        <tipoRecord>Campo per partizionamento</tipoRecord>
        <child>
          <idRecord>1168</idRecord>
          <keyRecord>
            <datoKey>
              <colonnaKey>ti_campo</colonnaKey>
              <labelKey>Tipo campo</labelKey>
              <valoreKey>SUB_STRUT</valoreKey>
            </datoKey>
            <datoKey>
              <colonnaKey>nm_campo</colonnaKey>
              <labelKey>Nome campo</labelKey>
              <valoreKey>SUB_STRUTTURA</valoreKey>
            </datoKey>
          </keyRecord>
          <datoRecord>
            <colonnaDato>nm_sub_strut</colonnaDato>
            <labelDato>Sottostruttura</labelDato>
            <valoreDato>DEFAULT</valoreDato>
          </datoRecord>
          <datoRecord>
            <colonnaDato>nm_attrib_dati_spec</colonnaDato>
            <labelDato>Dato specifico</labelDato>
            <valoreDato>null</valoreDato>
          </datoRecord>
        </child>
      </recordChild>
    </child>
    <child>
      <idRecord>1856</idRecord>
      <keyRecord>
        <datoKey>
          <colonnaKey>nm_tipo_doc</colonnaKey>
          <labelKey>Tipo documento principale</labelKey>
          <valoreKey>PROVVEDIMENTO DEL PRESIDENTE DELLA PROVINCIA</valoreKey>
        </datoKey>
        <datoKey>
          <colonnaKey>dt_istituz</colonnaKey>
          <labelKey>Data istituzione</labelKey>
          <valoreKey>12/02/2015</valoreKey>
        </datoKey>
      </keyRecord>
      <datoRecord>
        <colonnaDato>dt_soppres</colonnaDato>
        <labelDato>Data soppressione</labelDato>
        <valoreDato>31/12/2444</valoreDato>
      </datoRecord>
      <recordChild>
        <tipoRecord>Campo per partizionamento</tipoRecord>
        <child>
          <idRecord>1167</idRecord>
          <keyRecord>
            <datoKey>
              <colonnaKey>ti_campo</colonnaKey>
              <labelKey>Tipo campo</labelKey>
              <valoreKey>SUB_STRUT</valoreKey>
            </datoKey>
            <datoKey>
              <colonnaKey>nm_campo</colonnaKey>
              <labelKey>Nome campo</labelKey>
              <valoreKey>SUB_STRUTTURA</valoreKey>
            </datoKey>
          </keyRecord>
          <datoRecord>
            <colonnaDato>nm_sub_strut</colonnaDato>
            <labelDato>Sottostruttura</labelDato>
            <valoreDato>DEFAULT</valoreDato>
          </datoRecord>
          <datoRecord>
            <colonnaDato>nm_attrib_dati_spec</colonnaDato>
            <labelDato>Dato specifico</labelDato>
            <valoreDato>null</valoreDato>
          </datoRecord>
        </child>
      </recordChild>
    </child>
    <child>
      <idRecord>1855</idRecord>
      <keyRecord>
        <datoKey>
          <colonnaKey>nm_tipo_doc</colonnaKey>
          <labelKey>Tipo documento principale</labelKey>
          <valoreKey>PROVVEDIMENTO DEL PRESIDENTE DELLA PROVINCIA</valoreKey>
        </datoKey>
        <datoKey>
          <colonnaKey>dt_istituz</colonnaKey>
          <labelKey>Data istituzione</labelKey>
          <valoreKey>12/02/2015</valoreKey>
        </datoKey>
      </keyRecord>
      <datoRecord>
        <colonnaDato>dt_soppres</colonnaDato>
        <labelDato>Data soppressione</labelDato>
        <valoreDato>31/12/2444</valoreDato>
      </datoRecord>
      <recordChild>
        <tipoRecord>Campo per partizionamento</tipoRecord>
        <child>
          <idRecord>1166</idRecord>
          <keyRecord>
            <datoKey>
              <colonnaKey>ti_campo</colonnaKey>
              <labelKey>Tipo campo</labelKey>
              <valoreKey>SUB_STRUT</valoreKey>
            </datoKey>
            <datoKey>
              <colonnaKey>nm_campo</colonnaKey>
              <labelKey>Nome campo</labelKey>
              <valoreKey>SUB_STRUTTURA</valoreKey>
            </datoKey>
          </keyRecord>
          <datoRecord>
            <colonnaDato>nm_sub_strut</colonnaDato>
            <labelDato>Sottostruttura</labelDato>
            <valoreDato>DEFAULT</valoreDato>
          </datoRecord>
          <datoRecord>
            <colonnaDato>nm_attrib_dati_spec</colonnaDato>
            <labelDato>Dato specifico</labelDato>
            <valoreDato>null</valoreDato>
          </datoRecord>
        </child>
      </recordChild>
    </child>
    <child>
      <idRecord>1854</idRecord>
      <keyRecord>
        <datoKey>
          <colonnaKey>nm_tipo_doc</colonnaKey>
          <labelKey>Tipo documento principale</labelKey>
          <valoreKey>PROVVEDIMENTO DEL PRESIDENTE DELLA PROVINCIA</valoreKey>
        </datoKey>
        <datoKey>
          <colonnaKey>dt_istituz</colonnaKey>
          <labelKey>Data istituzione</labelKey>
          <valoreKey>12/02/2015</valoreKey>
        </datoKey>
      </keyRecord>
      <datoRecord>
        <colonnaDato>dt_soppres</colonnaDato>
        <labelDato>Data soppressione</labelDato>
        <valoreDato>31/12/2444</valoreDato>
      </datoRecord>
      <recordChild>
        <tipoRecord>Campo per partizionamento</tipoRecord>
        <child>
          <idRecord>1165</idRecord>
          <keyRecord>
            <datoKey>
              <colonnaKey>ti_campo</colonnaKey>
              <labelKey>Tipo campo</labelKey>
              <valoreKey>SUB_STRUT</valoreKey>
            </datoKey>
            <datoKey>
              <colonnaKey>nm_campo</colonnaKey>
              <labelKey>Nome campo</labelKey>
              <valoreKey>SUB_STRUTTURA</valoreKey>
            </datoKey>
          </keyRecord>
          <datoRecord>
            <colonnaDato>nm_sub_strut</colonnaDato>
            <labelDato>Sottostruttura</labelDato>
            <valoreDato>DEFAULT</valoreDato>
          </datoRecord>
          <datoRecord>
            <colonnaDato>nm_attrib_dati_spec</colonnaDato>
            <labelDato>Dato specifico</labelDato>
            <valoreDato>null</valoreDato>
          </datoRecord>
        </child>
      </recordChild>
    </child>
    <child>
      <idRecord>1853</idRecord>
      <keyRecord>
        <datoKey>
          <colonnaKey>nm_tipo_doc</colonnaKey>
          <labelKey>Tipo documento principale</labelKey>
          <valoreKey>PROVVEDIMENTO DEL PRESIDENTE DELLA PROVINCIA</valoreKey>
        </datoKey>
        <datoKey>
          <colonnaKey>dt_istituz</colonnaKey>
          <labelKey>Data istituzione</labelKey>
          <valoreKey>12/02/2015</valoreKey>
        </datoKey>
      </keyRecord>
      <datoRecord>
        <colonnaDato>dt_soppres</colonnaDato>
        <labelDato>Data soppressione</labelDato>
        <valoreDato>31/12/2444</valoreDato>
      </datoRecord>
      <recordChild>
        <tipoRecord>Campo per partizionamento</tipoRecord>
        <child>
          <idRecord>1164</idRecord>
          <keyRecord>
            <datoKey>
              <colonnaKey>ti_campo</colonnaKey>
              <labelKey>Tipo campo</labelKey>
              <valoreKey>SUB_STRUT</valoreKey>
            </datoKey>
            <datoKey>
              <colonnaKey>nm_campo</colonnaKey>
              <labelKey>Nome campo</labelKey>
              <valoreKey>SUB_STRUTTURA</valoreKey>
            </datoKey>
          </keyRecord>
          <datoRecord>
            <colonnaDato>nm_sub_strut</colonnaDato>
            <labelDato>Sottostruttura</labelDato>
            <valoreDato>DEFAULT</valoreDato>
          </datoRecord>
          <datoRecord>
            <colonnaDato>nm_attrib_dati_spec</colonnaDato>
            <labelDato>Dato specifico</labelDato>
            <valoreDato>null</valoreDato>
          </datoRecord>
        </child>
      </recordChild>
    </child>
    <child>
      <idRecord>1852</idRecord>
      <keyRecord>
        <datoKey>
          <colonnaKey>nm_tipo_doc</colonnaKey>
          <labelKey>Tipo documento principale</labelKey>
          <valoreKey>PROVVEDIMENTO DEL PRESIDENTE DELLA PROVINCIA</valoreKey>
        </datoKey>
        <datoKey>
          <colonnaKey>dt_istituz</colonnaKey>
          <labelKey>Data istituzione</labelKey>
          <valoreKey>12/02/2015</valoreKey>
        </datoKey>
      </keyRecord>
      <datoRecord>
        <colonnaDato>dt_soppres</colonnaDato>
        <labelDato>Data soppressione</labelDato>
        <valoreDato>31/12/2444</valoreDato>
      </datoRecord>
      <recordChild>
        <tipoRecord>Campo per partizionamento</tipoRecord>
        <child>
          <idRecord>1163</idRecord>
          <keyRecord>
            <datoKey>
              <colonnaKey>ti_campo</colonnaKey>
              <labelKey>Tipo campo</labelKey>
              <valoreKey>SUB_STRUT</valoreKey>
            </datoKey>
            <datoKey>
              <colonnaKey>nm_campo</colonnaKey>
              <labelKey>Nome campo</labelKey>
              <valoreKey>SUB_STRUTTURA</valoreKey>
            </datoKey>
          </keyRecord>
          <datoRecord>
            <colonnaDato>nm_sub_strut</colonnaDato>
            <labelDato>Sottostruttura</labelDato>
            <valoreDato>DEFAULT</valoreDato>
          </datoRecord>
          <datoRecord>
            <colonnaDato>nm_attrib_dati_spec</colonnaDato>
            <labelDato>Dato specifico</labelDato>
            <valoreDato>null</valoreDato>
          </datoRecord>
        </child>
      </recordChild>
    </child>
    <child>
      <idRecord>1851</idRecord>
      <keyRecord>
        <datoKey>
          <colonnaKey>nm_tipo_doc</colonnaKey>
          <labelKey>Tipo documento principale</labelKey>
          <valoreKey>PROVVEDIMENTO DEL PRESIDENTE DELLA PROVINCIA</valoreKey>
        </datoKey>
        <datoKey>
          <colonnaKey>dt_istituz</colonnaKey>
          <labelKey>Data istituzione</labelKey>
          <valoreKey>12/02/2015</valoreKey>
        </datoKey>
      </keyRecord>
      <datoRecord>
        <colonnaDato>dt_soppres</colonnaDato>
        <labelDato>Data soppressione</labelDato>
        <valoreDato>31/12/2444</valoreDato>
      </datoRecord>
      <recordChild>
        <tipoRecord>Campo per partizionamento</tipoRecord>
        <child>
          <idRecord>1162</idRecord>
          <keyRecord>
            <datoKey>
              <colonnaKey>ti_campo</colonnaKey>
              <labelKey>Tipo campo</labelKey>
              <valoreKey>SUB_STRUT</valoreKey>
            </datoKey>
            <datoKey>
              <colonnaKey>nm_campo</colonnaKey>
              <labelKey>Nome campo</labelKey>
              <valoreKey>SUB_STRUTTURA</valoreKey>
            </datoKey>
          </keyRecord>
          <datoRecord>
            <colonnaDato>nm_sub_strut</colonnaDato>
            <labelDato>Sottostruttura</labelDato>
            <valoreDato>DEFAULT</valoreDato>
          </datoRecord>
          <datoRecord>
            <colonnaDato>nm_attrib_dati_spec</colonnaDato>
            <labelDato>Dato specifico</labelDato>
            <valoreDato>null</valoreDato>
          </datoRecord>
        </child>
      </recordChild>
    </child>
    <child>
      <idRecord>7053</idRecord>
      <keyRecord>
        <datoKey>
          <colonnaKey>nm_tipo_doc</colonnaKey>
          <labelKey>Tipo documento principale</labelKey>
          <valoreKey>Protocollo</valoreKey>
        </datoKey>
        <datoKey>
          <colonnaKey>dt_istituz</colonnaKey>
          <labelKey>Data istituzione</labelKey>
          <valoreKey>06/01/2016</valoreKey>
        </datoKey>
      </keyRecord>
      <datoRecord>
        <colonnaDato>dt_soppres</colonnaDato>
        <labelDato>Data soppressione</labelDato>
        <valoreDato>31/12/2444</valoreDato>
      </datoRecord>
      <recordChild>
        <tipoRecord>Campo per partizionamento</tipoRecord>
        <child>
          <idRecord>5599</idRecord>
          <keyRecord>
            <datoKey>
              <colonnaKey>ti_campo</colonnaKey>
              <labelKey>Tipo campo</labelKey>
              <valoreKey>DATO_SPEC_UNI_DOC</valoreKey>
            </datoKey>
            <datoKey>
              <colonnaKey>nm_campo</colonnaKey>
              <labelKey>Nome campo</labelKey>
              <valoreKey>Stringa</valoreKey>
            </datoKey>
          </keyRecord>
          <datoRecord>
            <colonnaDato>nm_sub_strut</colonnaDato>
            <labelDato>Sottostruttura</labelDato>
            <valoreDato>null</valoreDato>
          </datoRecord>
          <datoRecord>
            <colonnaDato>nm_attrib_dati_spec</colonnaDato>
            <labelDato>Dato specifico</labelDato>
            <valoreDato>Stringa</valoreDato>
          </datoRecord>
        </child>
      </recordChild>
    </child>
    <child>
      <idRecord>7261</idRecord>
      <keyRecord>
        <datoKey>
          <colonnaKey>nm_tipo_doc</colonnaKey>
          <labelKey>Tipo documento principale</labelKey>
          <valoreKey>ProvaStrut</valoreKey>
        </datoKey>
        <datoKey>
          <colonnaKey>dt_istituz</colonnaKey>
          <labelKey>Data istituzione</labelKey>
          <valoreKey>29/01/2016</valoreKey>
        </datoKey>
      </keyRecord>
      <datoRecord>
        <colonnaDato>dt_soppres</colonnaDato>
        <labelDato>Data soppressione</labelDato>
        <valoreDato>31/12/2444</valoreDato>
      </datoRecord>
      <recordChild>
        <tipoRecord>Campo per partizionamento</tipoRecord>
        <child>
          <idRecord>5736</idRecord>
          <keyRecord>
            <datoKey>
              <colonnaKey>ti_campo</colonnaKey>
              <labelKey>Tipo campo</labelKey>
              <valoreKey>SUB_STRUT</valoreKey>
            </datoKey>
            <datoKey>
              <colonnaKey>nm_campo</colonnaKey>
              <labelKey>Nome campo</labelKey>
              <valoreKey>SUB_STRUTTURA</valoreKey>
            </datoKey>
          </keyRecord>
          <datoRecord>
            <colonnaDato>nm_sub_strut</colonnaDato>
            <labelDato>Sottostruttura</labelDato>
            <valoreDato>DEFAULT</valoreDato>
          </datoRecord>
          <datoRecord>
            <colonnaDato>nm_attrib_dati_spec</colonnaDato>
            <labelDato>Dato specifico</labelDato>
            <valoreDato>null</valoreDato>
          </datoRecord>
        </child>
      </recordChild>
    </child>
    <child>
      <idRecord>2355</idRecord>
      <keyRecord>
        <datoKey>
          <colonnaKey>nm_tipo_doc</colonnaKey>
          <labelKey>Tipo documento principale</labelKey>
          <valoreKey>REFERTI</valoreKey>
        </datoKey>
        <datoKey>
          <colonnaKey>dt_istituz</colonnaKey>
          <labelKey>Data istituzione</labelKey>
          <valoreKey>12/02/2015</valoreKey>
        </datoKey>
      </keyRecord>
      <datoRecord>
        <colonnaDato>dt_soppres</colonnaDato>
        <labelDato>Data soppressione</labelDato>
        <valoreDato>31/12/2444</valoreDato>
      </datoRecord>
      <recordChild>
        <tipoRecord>Campo per partizionamento</tipoRecord>
        <child>
          <idRecord>998</idRecord>
          <keyRecord>
            <datoKey>
              <colonnaKey>ti_campo</colonnaKey>
              <labelKey>Tipo campo</labelKey>
              <valoreKey>SUB_STRUT</valoreKey>
            </datoKey>
            <datoKey>
              <colonnaKey>nm_campo</colonnaKey>
              <labelKey>Nome campo</labelKey>
              <valoreKey>SUB_STRUTTURA</valoreKey>
            </datoKey>
          </keyRecord>
          <datoRecord>
            <colonnaDato>nm_sub_strut</colonnaDato>
            <labelDato>Sottostruttura</labelDato>
            <valoreDato>DEFAULT</valoreDato>
          </datoRecord>
          <datoRecord>
            <colonnaDato>nm_attrib_dati_spec</colonnaDato>
            <labelDato>Dato specifico</labelDato>
            <valoreDato>null</valoreDato>
          </datoRecord>
        </child>
      </recordChild>
    </child>
    <child>
      <idRecord>526</idRecord>
      <keyRecord>
        <datoKey>
          <colonnaKey>nm_tipo_doc</colonnaKey>
          <labelKey>Tipo documento principale</labelKey>
          <valoreKey>REFERTI</valoreKey>
        </datoKey>
        <datoKey>
          <colonnaKey>dt_istituz</colonnaKey>
          <labelKey>Data istituzione</labelKey>
          <valoreKey>10/11/2014</valoreKey>
        </datoKey>
      </keyRecord>
      <datoRecord>
        <colonnaDato>dt_soppres</colonnaDato>
        <labelDato>Data soppressione</labelDato>
        <valoreDato>31/12/2444</valoreDato>
      </datoRecord>
      <recordChild>
        <tipoRecord>Campo per partizionamento</tipoRecord>
        <child>
          <idRecord>270</idRecord>
          <keyRecord>
            <datoKey>
              <colonnaKey>ti_campo</colonnaKey>
              <labelKey>Tipo campo</labelKey>
              <valoreKey>SUB_STRUT</valoreKey>
            </datoKey>
            <datoKey>
              <colonnaKey>nm_campo</colonnaKey>
              <labelKey>Nome campo</labelKey>
              <valoreKey>SUB_STRUTTURA</valoreKey>
            </datoKey>
          </keyRecord>
          <datoRecord>
            <colonnaDato>nm_sub_strut</colonnaDato>
            <labelDato>Sottostruttura</labelDato>
            <valoreDato>DEFAULT</valoreDato>
          </datoRecord>
          <datoRecord>
            <colonnaDato>nm_attrib_dati_spec</colonnaDato>
            <labelDato>Dato specifico</labelDato>
            <valoreDato>null</valoreDato>
          </datoRecord>
        </child>
      </recordChild>
    </child>
    <child>
      <idRecord>2361</idRecord>
      <keyRecord>
        <datoKey>
          <colonnaKey>nm_tipo_doc</colonnaKey>
          <labelKey>Tipo documento principale</labelKey>
          <valoreKey>REFERTI</valoreKey>
        </datoKey>
        <datoKey>
          <colonnaKey>dt_istituz</colonnaKey>
          <labelKey>Data istituzione</labelKey>
          <valoreKey>12/02/2015</valoreKey>
        </datoKey>
      </keyRecord>
      <datoRecord>
        <colonnaDato>dt_soppres</colonnaDato>
        <labelDato>Data soppressione</labelDato>
        <valoreDato>31/12/2444</valoreDato>
      </datoRecord>
      <recordChild>
        <tipoRecord>Campo per partizionamento</tipoRecord>
        <child>
          <idRecord>1004</idRecord>
          <keyRecord>
            <datoKey>
              <colonnaKey>ti_campo</colonnaKey>
              <labelKey>Tipo campo</labelKey>
              <valoreKey>SUB_STRUT</valoreKey>
            </datoKey>
            <datoKey>
              <colonnaKey>nm_campo</colonnaKey>
              <labelKey>Nome campo</labelKey>
              <valoreKey>SUB_STRUTTURA</valoreKey>
            </datoKey>
          </keyRecord>
          <datoRecord>
            <colonnaDato>nm_sub_strut</colonnaDato>
            <labelDato>Sottostruttura</labelDato>
            <valoreDato>DEFAULT</valoreDato>
          </datoRecord>
          <datoRecord>
            <colonnaDato>nm_attrib_dati_spec</colonnaDato>
            <labelDato>Dato specifico</labelDato>
            <valoreDato>null</valoreDato>
          </datoRecord>
        </child>
      </recordChild>
    </child>
    <child>
      <idRecord>2360</idRecord>
      <keyRecord>
        <datoKey>
          <colonnaKey>nm_tipo_doc</colonnaKey>
          <labelKey>Tipo documento principale</labelKey>
          <valoreKey>REFERTI</valoreKey>
        </datoKey>
        <datoKey>
          <colonnaKey>dt_istituz</colonnaKey>
          <labelKey>Data istituzione</labelKey>
          <valoreKey>12/02/2015</valoreKey>
        </datoKey>
      </keyRecord>
      <datoRecord>
        <colonnaDato>dt_soppres</colonnaDato>
        <labelDato>Data soppressione</labelDato>
        <valoreDato>31/12/2444</valoreDato>
      </datoRecord>
      <recordChild>
        <tipoRecord>Campo per partizionamento</tipoRecord>
        <child>
          <idRecord>1003</idRecord>
          <keyRecord>
            <datoKey>
              <colonnaKey>ti_campo</colonnaKey>
              <labelKey>Tipo campo</labelKey>
              <valoreKey>SUB_STRUT</valoreKey>
            </datoKey>
            <datoKey>
              <colonnaKey>nm_campo</colonnaKey>
              <labelKey>Nome campo</labelKey>
              <valoreKey>SUB_STRUTTURA</valoreKey>
            </datoKey>
          </keyRecord>
          <datoRecord>
            <colonnaDato>nm_sub_strut</colonnaDato>
            <labelDato>Sottostruttura</labelDato>
            <valoreDato>DEFAULT</valoreDato>
          </datoRecord>
          <datoRecord>
            <colonnaDato>nm_attrib_dati_spec</colonnaDato>
            <labelDato>Dato specifico</labelDato>
            <valoreDato>null</valoreDato>
          </datoRecord>
        </child>
      </recordChild>
    </child>
    <child>
      <idRecord>2359</idRecord>
      <keyRecord>
        <datoKey>
          <colonnaKey>nm_tipo_doc</colonnaKey>
          <labelKey>Tipo documento principale</labelKey>
          <valoreKey>REFERTI</valoreKey>
        </datoKey>
        <datoKey>
          <colonnaKey>dt_istituz</colonnaKey>
          <labelKey>Data istituzione</labelKey>
          <valoreKey>12/02/2015</valoreKey>
        </datoKey>
      </keyRecord>
      <datoRecord>
        <colonnaDato>dt_soppres</colonnaDato>
        <labelDato>Data soppressione</labelDato>
        <valoreDato>31/12/2444</valoreDato>
      </datoRecord>
      <recordChild>
        <tipoRecord>Campo per partizionamento</tipoRecord>
        <child>
          <idRecord>1002</idRecord>
          <keyRecord>
            <datoKey>
              <colonnaKey>ti_campo</colonnaKey>
              <labelKey>Tipo campo</labelKey>
              <valoreKey>SUB_STRUT</valoreKey>
            </datoKey>
            <datoKey>
              <colonnaKey>nm_campo</colonnaKey>
              <labelKey>Nome campo</labelKey>
              <valoreKey>SUB_STRUTTURA</valoreKey>
            </datoKey>
          </keyRecord>
          <datoRecord>
            <colonnaDato>nm_sub_strut</colonnaDato>
            <labelDato>Sottostruttura</labelDato>
            <valoreDato>DEFAULT</valoreDato>
          </datoRecord>
          <datoRecord>
            <colonnaDato>nm_attrib_dati_spec</colonnaDato>
            <labelDato>Dato specifico</labelDato>
            <valoreDato>null</valoreDato>
          </datoRecord>
        </child>
      </recordChild>
    </child>
    <child>
      <idRecord>2358</idRecord>
      <keyRecord>
        <datoKey>
          <colonnaKey>nm_tipo_doc</colonnaKey>
          <labelKey>Tipo documento principale</labelKey>
          <valoreKey>REFERTI</valoreKey>
        </datoKey>
        <datoKey>
          <colonnaKey>dt_istituz</colonnaKey>
          <labelKey>Data istituzione</labelKey>
          <valoreKey>12/02/2015</valoreKey>
        </datoKey>
      </keyRecord>
      <datoRecord>
        <colonnaDato>dt_soppres</colonnaDato>
        <labelDato>Data soppressione</labelDato>
        <valoreDato>31/12/2444</valoreDato>
      </datoRecord>
      <recordChild>
        <tipoRecord>Campo per partizionamento</tipoRecord>
        <child>
          <idRecord>1001</idRecord>
          <keyRecord>
            <datoKey>
              <colonnaKey>ti_campo</colonnaKey>
              <labelKey>Tipo campo</labelKey>
              <valoreKey>SUB_STRUT</valoreKey>
            </datoKey>
            <datoKey>
              <colonnaKey>nm_campo</colonnaKey>
              <labelKey>Nome campo</labelKey>
              <valoreKey>SUB_STRUTTURA</valoreKey>
            </datoKey>
          </keyRecord>
          <datoRecord>
            <colonnaDato>nm_sub_strut</colonnaDato>
            <labelDato>Sottostruttura</labelDato>
            <valoreDato>DEFAULT</valoreDato>
          </datoRecord>
          <datoRecord>
            <colonnaDato>nm_attrib_dati_spec</colonnaDato>
            <labelDato>Dato specifico</labelDato>
            <valoreDato>null</valoreDato>
          </datoRecord>
        </child>
      </recordChild>
    </child>
    <child>
      <idRecord>2357</idRecord>
      <keyRecord>
        <datoKey>
          <colonnaKey>nm_tipo_doc</colonnaKey>
          <labelKey>Tipo documento principale</labelKey>
          <valoreKey>REFERTI</valoreKey>
        </datoKey>
        <datoKey>
          <colonnaKey>dt_istituz</colonnaKey>
          <labelKey>Data istituzione</labelKey>
          <valoreKey>12/02/2015</valoreKey>
        </datoKey>
      </keyRecord>
      <datoRecord>
        <colonnaDato>dt_soppres</colonnaDato>
        <labelDato>Data soppressione</labelDato>
        <valoreDato>31/12/2444</valoreDato>
      </datoRecord>
      <recordChild>
        <tipoRecord>Campo per partizionamento</tipoRecord>
        <child>
          <idRecord>1000</idRecord>
          <keyRecord>
            <datoKey>
              <colonnaKey>ti_campo</colonnaKey>
              <labelKey>Tipo campo</labelKey>
              <valoreKey>SUB_STRUT</valoreKey>
            </datoKey>
            <datoKey>
              <colonnaKey>nm_campo</colonnaKey>
              <labelKey>Nome campo</labelKey>
              <valoreKey>SUB_STRUTTURA</valoreKey>
            </datoKey>
          </keyRecord>
          <datoRecord>
            <colonnaDato>nm_sub_strut</colonnaDato>
            <labelDato>Sottostruttura</labelDato>
            <valoreDato>DEFAULT</valoreDato>
          </datoRecord>
          <datoRecord>
            <colonnaDato>nm_attrib_dati_spec</colonnaDato>
            <labelDato>Dato specifico</labelDato>
            <valoreDato>null</valoreDato>
          </datoRecord>
        </child>
      </recordChild>
    </child>
    <child>
      <idRecord>2356</idRecord>
      <keyRecord>
        <datoKey>
          <colonnaKey>nm_tipo_doc</colonnaKey>
          <labelKey>Tipo documento principale</labelKey>
          <valoreKey>REFERTI</valoreKey>
        </datoKey>
        <datoKey>
          <colonnaKey>dt_istituz</colonnaKey>
          <labelKey>Data istituzione</labelKey>
          <valoreKey>12/02/2015</valoreKey>
        </datoKey>
      </keyRecord>
      <datoRecord>
        <colonnaDato>dt_soppres</colonnaDato>
        <labelDato>Data soppressione</labelDato>
        <valoreDato>31/12/2444</valoreDato>
      </datoRecord>
      <recordChild>
        <tipoRecord>Campo per partizionamento</tipoRecord>
        <child>
          <idRecord>999</idRecord>
          <keyRecord>
            <datoKey>
              <colonnaKey>ti_campo</colonnaKey>
              <labelKey>Tipo campo</labelKey>
              <valoreKey>SUB_STRUT</valoreKey>
            </datoKey>
            <datoKey>
              <colonnaKey>nm_campo</colonnaKey>
              <labelKey>Nome campo</labelKey>
              <valoreKey>SUB_STRUTTURA</valoreKey>
            </datoKey>
          </keyRecord>
          <datoRecord>
            <colonnaDato>nm_sub_strut</colonnaDato>
            <labelDato>Sottostruttura</labelDato>
            <valoreDato>DEFAULT</valoreDato>
          </datoRecord>
          <datoRecord>
            <colonnaDato>nm_attrib_dati_spec</colonnaDato>
            <labelDato>Dato specifico</labelDato>
            <valoreDato>null</valoreDato>
          </datoRecord>
        </child>
      </recordChild>
    </child>
    <child>
      <idRecord>2385</idRecord>
      <keyRecord>
        <datoKey>
          <colonnaKey>nm_tipo_doc</colonnaKey>
          <labelKey>Tipo documento principale</labelKey>
          <valoreKey>REFERTO</valoreKey>
        </datoKey>
        <datoKey>
          <colonnaKey>dt_istituz</colonnaKey>
          <labelKey>Data istituzione</labelKey>
          <valoreKey>12/02/2015</valoreKey>
        </datoKey>
      </keyRecord>
      <datoRecord>
        <colonnaDato>dt_soppres</colonnaDato>
        <labelDato>Data soppressione</labelDato>
        <valoreDato>31/12/2444</valoreDato>
      </datoRecord>
      <recordChild>
        <tipoRecord>Campo per partizionamento</tipoRecord>
        <child>
          <idRecord>1028</idRecord>
          <keyRecord>
            <datoKey>
              <colonnaKey>ti_campo</colonnaKey>
              <labelKey>Tipo campo</labelKey>
              <valoreKey>SUB_STRUT</valoreKey>
            </datoKey>
            <datoKey>
              <colonnaKey>nm_campo</colonnaKey>
              <labelKey>Nome campo</labelKey>
              <valoreKey>SUB_STRUTTURA</valoreKey>
            </datoKey>
          </keyRecord>
          <datoRecord>
            <colonnaDato>nm_sub_strut</colonnaDato>
            <labelDato>Sottostruttura</labelDato>
            <valoreDato>DEFAULT</valoreDato>
          </datoRecord>
          <datoRecord>
            <colonnaDato>nm_attrib_dati_spec</colonnaDato>
            <labelDato>Dato specifico</labelDato>
            <valoreDato>null</valoreDato>
          </datoRecord>
        </child>
      </recordChild>
    </child>
    <child>
      <idRecord>696</idRecord>
      <keyRecord>
        <datoKey>
          <colonnaKey>nm_tipo_doc</colonnaKey>
          <labelKey>Tipo documento principale</labelKey>
          <valoreKey>REFERTO</valoreKey>
        </datoKey>
        <datoKey>
          <colonnaKey>dt_istituz</colonnaKey>
          <labelKey>Data istituzione</labelKey>
          <valoreKey>18/11/2014</valoreKey>
        </datoKey>
      </keyRecord>
      <datoRecord>
        <colonnaDato>dt_soppres</colonnaDato>
        <labelDato>Data soppressione</labelDato>
        <valoreDato>19/11/2014</valoreDato>
      </datoRecord>
      <recordChild>
        <tipoRecord>Campo per partizionamento</tipoRecord>
        <child>
          <idRecord>389</idRecord>
          <keyRecord>
            <datoKey>
              <colonnaKey>ti_campo</colonnaKey>
              <labelKey>Tipo campo</labelKey>
              <valoreKey>SUB_STRUT</valoreKey>
            </datoKey>
            <datoKey>
              <colonnaKey>nm_campo</colonnaKey>
              <labelKey>Nome campo</labelKey>
              <valoreKey>SUB_STRUTTURA</valoreKey>
            </datoKey>
          </keyRecord>
          <datoRecord>
            <colonnaDato>nm_sub_strut</colonnaDato>
            <labelDato>Sottostruttura</labelDato>
            <valoreDato>DEFAULT</valoreDato>
          </datoRecord>
          <datoRecord>
            <colonnaDato>nm_attrib_dati_spec</colonnaDato>
            <labelDato>Dato specifico</labelDato>
            <valoreDato>null</valoreDato>
          </datoRecord>
        </child>
      </recordChild>
    </child>
    <child>
      <idRecord>11023</idRecord>
      <keyRecord>
        <datoKey>
          <colonnaKey>nm_tipo_doc</colonnaKey>
          <labelKey>Tipo documento principale</labelKey>
          <valoreKey>REFERTO DI ANATOMIA PATOLOGICA</valoreKey>
        </datoKey>
        <datoKey>
          <colonnaKey>dt_istituz</colonnaKey>
          <labelKey>Data istituzione</labelKey>
          <valoreKey>24/08/2016</valoreKey>
        </datoKey>
      </keyRecord>
      <datoRecord>
        <colonnaDato>dt_soppres</colonnaDato>
        <labelDato>Data soppressione</labelDato>
        <valoreDato>31/12/2444</valoreDato>
      </datoRecord>
      <recordChild>
        <tipoRecord>Campo per partizionamento</tipoRecord>
        <child>
          <idRecord>9163</idRecord>
          <keyRecord>
            <datoKey>
              <colonnaKey>ti_campo</colonnaKey>
              <labelKey>Tipo campo</labelKey>
              <valoreKey>SUB_STRUT</valoreKey>
            </datoKey>
            <datoKey>
              <colonnaKey>nm_campo</colonnaKey>
              <labelKey>Nome campo</labelKey>
              <valoreKey>SUB_STRUTTURA</valoreKey>
            </datoKey>
          </keyRecord>
          <datoRecord>
            <colonnaDato>nm_sub_strut</colonnaDato>
            <labelDato>Sottostruttura</labelDato>
            <valoreDato>DEFAULT</valoreDato>
          </datoRecord>
          <datoRecord>
            <colonnaDato>nm_attrib_dati_spec</colonnaDato>
            <labelDato>Dato specifico</labelDato>
            <valoreDato>null</valoreDato>
          </datoRecord>
        </child>
      </recordChild>
    </child>
    <child>
      <idRecord>11024</idRecord>
      <keyRecord>
        <datoKey>
          <colonnaKey>nm_tipo_doc</colonnaKey>
          <labelKey>Tipo documento principale</labelKey>
          <valoreKey>REFERTO DI LABORATORIO</valoreKey>
        </datoKey>
        <datoKey>
          <colonnaKey>dt_istituz</colonnaKey>
          <labelKey>Data istituzione</labelKey>
          <valoreKey>24/08/2016</valoreKey>
        </datoKey>
      </keyRecord>
      <datoRecord>
        <colonnaDato>dt_soppres</colonnaDato>
        <labelDato>Data soppressione</labelDato>
        <valoreDato>31/12/2444</valoreDato>
      </datoRecord>
      <recordChild>
        <tipoRecord>Campo per partizionamento</tipoRecord>
        <child>
          <idRecord>9164</idRecord>
          <keyRecord>
            <datoKey>
              <colonnaKey>ti_campo</colonnaKey>
              <labelKey>Tipo campo</labelKey>
              <valoreKey>SUB_STRUT</valoreKey>
            </datoKey>
            <datoKey>
              <colonnaKey>nm_campo</colonnaKey>
              <labelKey>Nome campo</labelKey>
              <valoreKey>SUB_STRUTTURA</valoreKey>
            </datoKey>
          </keyRecord>
          <datoRecord>
            <colonnaDato>nm_sub_strut</colonnaDato>
            <labelDato>Sottostruttura</labelDato>
            <valoreDato>DEFAULT</valoreDato>
          </datoRecord>
          <datoRecord>
            <colonnaDato>nm_attrib_dati_spec</colonnaDato>
            <labelDato>Dato specifico</labelDato>
            <valoreDato>null</valoreDato>
          </datoRecord>
        </child>
      </recordChild>
    </child>
    <child>
      <idRecord>2782</idRecord>
      <keyRecord>
        <datoKey>
          <colonnaKey>nm_tipo_doc</colonnaKey>
          <labelKey>Tipo documento principale</labelKey>
          <valoreKey>REFERTO RADIOLOGIA</valoreKey>
        </datoKey>
        <datoKey>
          <colonnaKey>dt_istituz</colonnaKey>
          <labelKey>Data istituzione</labelKey>
          <valoreKey>01/04/2015</valoreKey>
        </datoKey>
      </keyRecord>
      <datoRecord>
        <colonnaDato>dt_soppres</colonnaDato>
        <labelDato>Data soppressione</labelDato>
        <valoreDato>31/12/2444</valoreDato>
      </datoRecord>
      <recordChild>
        <tipoRecord>Campo per partizionamento</tipoRecord>
        <child>
          <idRecord>1622</idRecord>
          <keyRecord>
            <datoKey>
              <colonnaKey>ti_campo</colonnaKey>
              <labelKey>Tipo campo</labelKey>
              <valoreKey>SUB_STRUT</valoreKey>
            </datoKey>
            <datoKey>
              <colonnaKey>nm_campo</colonnaKey>
              <labelKey>Nome campo</labelKey>
              <valoreKey>SUB_STRUTTURA</valoreKey>
            </datoKey>
          </keyRecord>
          <datoRecord>
            <colonnaDato>nm_sub_strut</colonnaDato>
            <labelDato>Sottostruttura</labelDato>
            <valoreDato>DEFAULT</valoreDato>
          </datoRecord>
          <datoRecord>
            <colonnaDato>nm_attrib_dati_spec</colonnaDato>
            <labelDato>Dato specifico</labelDato>
            <valoreDato>null</valoreDato>
          </datoRecord>
        </child>
      </recordChild>
    </child>
    <child>
      <idRecord>7406</idRecord>
      <keyRecord>
        <datoKey>
          <colonnaKey>nm_tipo_doc</colonnaKey>
          <labelKey>Tipo documento principale</labelKey>
          <valoreKey>REFERTO RADIOLOGIA</valoreKey>
        </datoKey>
        <datoKey>
          <colonnaKey>dt_istituz</colonnaKey>
          <labelKey>Data istituzione</labelKey>
          <valoreKey>01/04/2015</valoreKey>
        </datoKey>
      </keyRecord>
      <datoRecord>
        <colonnaDato>dt_soppres</colonnaDato>
        <labelDato>Data soppressione</labelDato>
        <valoreDato>31/12/2444</valoreDato>
      </datoRecord>
      <recordChild>
        <tipoRecord>Campo per partizionamento</tipoRecord>
        <child>
          <idRecord>5868</idRecord>
          <keyRecord>
            <datoKey>
              <colonnaKey>ti_campo</colonnaKey>
              <labelKey>Tipo campo</labelKey>
              <valoreKey>SUB_STRUT</valoreKey>
            </datoKey>
            <datoKey>
              <colonnaKey>nm_campo</colonnaKey>
              <labelKey>Nome campo</labelKey>
              <valoreKey>SUB_STRUTTURA</valoreKey>
            </datoKey>
          </keyRecord>
          <datoRecord>
            <colonnaDato>nm_sub_strut</colonnaDato>
            <labelDato>Sottostruttura</labelDato>
            <valoreDato>DEFAULT</valoreDato>
          </datoRecord>
          <datoRecord>
            <colonnaDato>nm_attrib_dati_spec</colonnaDato>
            <labelDato>Dato specifico</labelDato>
            <valoreDato>null</valoreDato>
          </datoRecord>
        </child>
      </recordChild>
    </child>
    <child>
      <idRecord>2921</idRecord>
      <keyRecord>
        <datoKey>
          <colonnaKey>nm_tipo_doc</colonnaKey>
          <labelKey>Tipo documento principale</labelKey>
          <valoreKey>REFERTO SPECIALISTICO</valoreKey>
        </datoKey>
        <datoKey>
          <colonnaKey>dt_istituz</colonnaKey>
          <labelKey>Data istituzione</labelKey>
          <valoreKey>24/04/2015</valoreKey>
        </datoKey>
      </keyRecord>
      <datoRecord>
        <colonnaDato>dt_soppres</colonnaDato>
        <labelDato>Data soppressione</labelDato>
        <valoreDato>31/12/2444</valoreDato>
      </datoRecord>
      <recordChild>
        <tipoRecord>Campo per partizionamento</tipoRecord>
        <child>
          <idRecord>1762</idRecord>
          <keyRecord>
            <datoKey>
              <colonnaKey>ti_campo</colonnaKey>
              <labelKey>Tipo campo</labelKey>
              <valoreKey>SUB_STRUT</valoreKey>
            </datoKey>
            <datoKey>
              <colonnaKey>nm_campo</colonnaKey>
              <labelKey>Nome campo</labelKey>
              <valoreKey>SUB_STRUTTURA</valoreKey>
            </datoKey>
          </keyRecord>
          <datoRecord>
            <colonnaDato>nm_sub_strut</colonnaDato>
            <labelDato>Sottostruttura</labelDato>
            <valoreDato>DEFAULT</valoreDato>
          </datoRecord>
          <datoRecord>
            <colonnaDato>nm_attrib_dati_spec</colonnaDato>
            <labelDato>Dato specifico</labelDato>
            <valoreDato>null</valoreDato>
          </datoRecord>
        </child>
      </recordChild>
    </child>
    <child>
      <idRecord>7407</idRecord>
      <keyRecord>
        <datoKey>
          <colonnaKey>nm_tipo_doc</colonnaKey>
          <labelKey>Tipo documento principale</labelKey>
          <valoreKey>REFERTO SPECIALISTICO</valoreKey>
        </datoKey>
        <datoKey>
          <colonnaKey>dt_istituz</colonnaKey>
          <labelKey>Data istituzione</labelKey>
          <valoreKey>24/04/2015</valoreKey>
        </datoKey>
      </keyRecord>
      <datoRecord>
        <colonnaDato>dt_soppres</colonnaDato>
        <labelDato>Data soppressione</labelDato>
        <valoreDato>31/12/2444</valoreDato>
      </datoRecord>
      <recordChild>
        <tipoRecord>Campo per partizionamento</tipoRecord>
        <child>
          <idRecord>5869</idRecord>
          <keyRecord>
            <datoKey>
              <colonnaKey>ti_campo</colonnaKey>
              <labelKey>Tipo campo</labelKey>
              <valoreKey>SUB_STRUT</valoreKey>
            </datoKey>
            <datoKey>
              <colonnaKey>nm_campo</colonnaKey>
              <labelKey>Nome campo</labelKey>
              <valoreKey>SUB_STRUTTURA</valoreKey>
            </datoKey>
          </keyRecord>
          <datoRecord>
            <colonnaDato>nm_sub_strut</colonnaDato>
            <labelDato>Sottostruttura</labelDato>
            <valoreDato>DEFAULT</valoreDato>
          </datoRecord>
          <datoRecord>
            <colonnaDato>nm_attrib_dati_spec</colonnaDato>
            <labelDato>Dato specifico</labelDato>
            <valoreDato>null</valoreDato>
          </datoRecord>
        </child>
      </recordChild>
    </child>
    <child>
      <idRecord>479</idRecord>
      <keyRecord>
        <datoKey>
          <colonnaKey>nm_tipo_doc</colonnaKey>
          <labelKey>Tipo documento principale</labelKey>
          <valoreKey>REFERTO_DIAGNOSTICA_IMMAGINI</valoreKey>
        </datoKey>
        <datoKey>
          <colonnaKey>dt_istituz</colonnaKey>
          <labelKey>Data istituzione</labelKey>
          <valoreKey>10/11/2014</valoreKey>
        </datoKey>
      </keyRecord>
      <datoRecord>
        <colonnaDato>dt_soppres</colonnaDato>
        <labelDato>Data soppressione</labelDato>
        <valoreDato>31/12/2444</valoreDato>
      </datoRecord>
      <recordChild>
        <tipoRecord>Campo per partizionamento</tipoRecord>
        <child>
          <idRecord>223</idRecord>
          <keyRecord>
            <datoKey>
              <colonnaKey>ti_campo</colonnaKey>
              <labelKey>Tipo campo</labelKey>
              <valoreKey>SUB_STRUT</valoreKey>
            </datoKey>
            <datoKey>
              <colonnaKey>nm_campo</colonnaKey>
              <labelKey>Nome campo</labelKey>
              <valoreKey>SUB_STRUTTURA</valoreKey>
            </datoKey>
          </keyRecord>
          <datoRecord>
            <colonnaDato>nm_sub_strut</colonnaDato>
            <labelDato>Sottostruttura</labelDato>
            <valoreDato>DEFAULT</valoreDato>
          </datoRecord>
          <datoRecord>
            <colonnaDato>nm_attrib_dati_spec</colonnaDato>
            <labelDato>Dato specifico</labelDato>
            <valoreDato>null</valoreDato>
          </datoRecord>
        </child>
      </recordChild>
    </child>
    <child>
      <idRecord>3295</idRecord>
      <keyRecord>
        <datoKey>
          <colonnaKey>nm_tipo_doc</colonnaKey>
          <labelKey>Tipo documento principale</labelKey>
          <valoreKey>REFERTO_LABORATORIO</valoreKey>
        </datoKey>
        <datoKey>
          <colonnaKey>dt_istituz</colonnaKey>
          <labelKey>Data istituzione</labelKey>
          <valoreKey>25/06/2015</valoreKey>
        </datoKey>
      </keyRecord>
      <datoRecord>
        <colonnaDato>dt_soppres</colonnaDato>
        <labelDato>Data soppressione</labelDato>
        <valoreDato>31/12/2444</valoreDato>
      </datoRecord>
      <recordChild>
        <tipoRecord>Campo per partizionamento</tipoRecord>
        <child>
          <idRecord>2063</idRecord>
          <keyRecord>
            <datoKey>
              <colonnaKey>ti_campo</colonnaKey>
              <labelKey>Tipo campo</labelKey>
              <valoreKey>SUB_STRUT</valoreKey>
            </datoKey>
            <datoKey>
              <colonnaKey>nm_campo</colonnaKey>
              <labelKey>Nome campo</labelKey>
              <valoreKey>SUB_STRUTTURA</valoreKey>
            </datoKey>
          </keyRecord>
          <datoRecord>
            <colonnaDato>nm_sub_strut</colonnaDato>
            <labelDato>Sottostruttura</labelDato>
            <valoreDato>DEFAULT</valoreDato>
          </datoRecord>
          <datoRecord>
            <colonnaDato>nm_attrib_dati_spec</colonnaDato>
            <labelDato>Dato specifico</labelDato>
            <valoreDato>null</valoreDato>
          </datoRecord>
        </child>
      </recordChild>
    </child>
    <child>
      <idRecord>3299</idRecord>
      <keyRecord>
        <datoKey>
          <colonnaKey>nm_tipo_doc</colonnaKey>
          <labelKey>Tipo documento principale</labelKey>
          <valoreKey>REFERTO_LABORATORIO</valoreKey>
        </datoKey>
        <datoKey>
          <colonnaKey>dt_istituz</colonnaKey>
          <labelKey>Data istituzione</labelKey>
          <valoreKey>25/06/2015</valoreKey>
        </datoKey>
      </keyRecord>
      <datoRecord>
        <colonnaDato>dt_soppres</colonnaDato>
        <labelDato>Data soppressione</labelDato>
        <valoreDato>31/12/2444</valoreDato>
      </datoRecord>
      <recordChild>
        <tipoRecord>Campo per partizionamento</tipoRecord>
        <child>
          <idRecord>2067</idRecord>
          <keyRecord>
            <datoKey>
              <colonnaKey>ti_campo</colonnaKey>
              <labelKey>Tipo campo</labelKey>
              <valoreKey>SUB_STRUT</valoreKey>
            </datoKey>
            <datoKey>
              <colonnaKey>nm_campo</colonnaKey>
              <labelKey>Nome campo</labelKey>
              <valoreKey>SUB_STRUTTURA</valoreKey>
            </datoKey>
          </keyRecord>
          <datoRecord>
            <colonnaDato>nm_sub_strut</colonnaDato>
            <labelDato>Sottostruttura</labelDato>
            <valoreDato>DEFAULT</valoreDato>
          </datoRecord>
          <datoRecord>
            <colonnaDato>nm_attrib_dati_spec</colonnaDato>
            <labelDato>Dato specifico</labelDato>
            <valoreDato>null</valoreDato>
          </datoRecord>
        </child>
      </recordChild>
    </child>
    <child>
      <idRecord>11487</idRecord>
      <keyRecord>
        <datoKey>
          <colonnaKey>nm_tipo_doc</colonnaKey>
          <labelKey>Tipo documento principale</labelKey>
          <valoreKey>REGISTRO GIORNALIERO</valoreKey>
        </datoKey>
        <datoKey>
          <colonnaKey>dt_istituz</colonnaKey>
          <labelKey>Data istituzione</labelKey>
          <valoreKey>04/08/2015</valoreKey>
        </datoKey>
      </keyRecord>
      <datoRecord>
        <colonnaDato>dt_soppres</colonnaDato>
        <labelDato>Data soppressione</labelDato>
        <valoreDato>31/12/2444</valoreDato>
      </datoRecord>
      <recordChild>
        <tipoRecord>Campo per partizionamento</tipoRecord>
        <child>
          <idRecord>9594</idRecord>
          <keyRecord>
            <datoKey>
              <colonnaKey>ti_campo</colonnaKey>
              <labelKey>Tipo campo</labelKey>
              <valoreKey>SUB_STRUT</valoreKey>
            </datoKey>
            <datoKey>
              <colonnaKey>nm_campo</colonnaKey>
              <labelKey>Nome campo</labelKey>
              <valoreKey>SUB_STRUTTURA</valoreKey>
            </datoKey>
          </keyRecord>
          <datoRecord>
            <colonnaDato>nm_sub_strut</colonnaDato>
            <labelDato>Sottostruttura</labelDato>
            <valoreDato>DEFAULT</valoreDato>
          </datoRecord>
          <datoRecord>
            <colonnaDato>nm_attrib_dati_spec</colonnaDato>
            <labelDato>Dato specifico</labelDato>
            <valoreDato>null</valoreDato>
          </datoRecord>
        </child>
      </recordChild>
    </child>
    <child>
      <idRecord>930</idRecord>
      <keyRecord>
        <datoKey>
          <colonnaKey>nm_tipo_doc</colonnaKey>
          <labelKey>Tipo documento principale</labelKey>
          <valoreKey>Ricevuta di Carico KO</valoreKey>
        </datoKey>
        <datoKey>
          <colonnaKey>dt_istituz</colonnaKey>
          <labelKey>Data istituzione</labelKey>
          <valoreKey>19/01/2015</valoreKey>
        </datoKey>
      </keyRecord>
      <datoRecord>
        <colonnaDato>dt_soppres</colonnaDato>
        <labelDato>Data soppressione</labelDato>
        <valoreDato>31/12/2444</valoreDato>
      </datoRecord>
      <recordChild>
        <tipoRecord>Campo per partizionamento</tipoRecord>
        <child>
          <idRecord>610</idRecord>
          <keyRecord>
            <datoKey>
              <colonnaKey>ti_campo</colonnaKey>
              <labelKey>Tipo campo</labelKey>
              <valoreKey>SUB_STRUT</valoreKey>
            </datoKey>
            <datoKey>
              <colonnaKey>nm_campo</colonnaKey>
              <labelKey>Nome campo</labelKey>
              <valoreKey>SUB_STRUTTURA</valoreKey>
            </datoKey>
          </keyRecord>
          <datoRecord>
            <colonnaDato>nm_sub_strut</colonnaDato>
            <labelDato>Sottostruttura</labelDato>
            <valoreDato>DEFAULT</valoreDato>
          </datoRecord>
          <datoRecord>
            <colonnaDato>nm_attrib_dati_spec</colonnaDato>
            <labelDato>Dato specifico</labelDato>
            <valoreDato>null</valoreDato>
          </datoRecord>
        </child>
      </recordChild>
    </child>
    <child>
      <idRecord>1945</idRecord>
      <keyRecord>
        <datoKey>
          <colonnaKey>nm_tipo_doc</colonnaKey>
          <labelKey>Tipo documento principale</labelKey>
          <valoreKey>Ricevuta di Carico KO</valoreKey>
        </datoKey>
        <datoKey>
          <colonnaKey>dt_istituz</colonnaKey>
          <labelKey>Data istituzione</labelKey>
          <valoreKey>12/02/2015</valoreKey>
        </datoKey>
      </keyRecord>
      <datoRecord>
        <colonnaDato>dt_soppres</colonnaDato>
        <labelDato>Data soppressione</labelDato>
        <valoreDato>31/12/2444</valoreDato>
      </datoRecord>
      <recordChild>
        <tipoRecord>Campo per partizionamento</tipoRecord>
        <child>
          <idRecord>1256</idRecord>
          <keyRecord>
            <datoKey>
              <colonnaKey>ti_campo</colonnaKey>
              <labelKey>Tipo campo</labelKey>
              <valoreKey>SUB_STRUT</valoreKey>
            </datoKey>
            <datoKey>
              <colonnaKey>nm_campo</colonnaKey>
              <labelKey>Nome campo</labelKey>
              <valoreKey>SUB_STRUTTURA</valoreKey>
            </datoKey>
          </keyRecord>
          <datoRecord>
            <colonnaDato>nm_sub_strut</colonnaDato>
            <labelDato>Sottostruttura</labelDato>
            <valoreDato>DEFAULT</valoreDato>
          </datoRecord>
          <datoRecord>
            <colonnaDato>nm_attrib_dati_spec</colonnaDato>
            <labelDato>Dato specifico</labelDato>
            <valoreDato>null</valoreDato>
          </datoRecord>
        </child>
      </recordChild>
    </child>
    <child>
      <idRecord>1944</idRecord>
      <keyRecord>
        <datoKey>
          <colonnaKey>nm_tipo_doc</colonnaKey>
          <labelKey>Tipo documento principale</labelKey>
          <valoreKey>Ricevuta di Carico KO</valoreKey>
        </datoKey>
        <datoKey>
          <colonnaKey>dt_istituz</colonnaKey>
          <labelKey>Data istituzione</labelKey>
          <valoreKey>12/02/2015</valoreKey>
        </datoKey>
      </keyRecord>
      <datoRecord>
        <colonnaDato>dt_soppres</colonnaDato>
        <labelDato>Data soppressione</labelDato>
        <valoreDato>31/12/2444</valoreDato>
      </datoRecord>
      <recordChild>
        <tipoRecord>Campo per partizionamento</tipoRecord>
        <child>
          <idRecord>1255</idRecord>
          <keyRecord>
            <datoKey>
              <colonnaKey>ti_campo</colonnaKey>
              <labelKey>Tipo campo</labelKey>
              <valoreKey>SUB_STRUT</valoreKey>
            </datoKey>
            <datoKey>
              <colonnaKey>nm_campo</colonnaKey>
              <labelKey>Nome campo</labelKey>
              <valoreKey>SUB_STRUTTURA</valoreKey>
            </datoKey>
          </keyRecord>
          <datoRecord>
            <colonnaDato>nm_sub_strut</colonnaDato>
            <labelDato>Sottostruttura</labelDato>
            <valoreDato>DEFAULT</valoreDato>
          </datoRecord>
          <datoRecord>
            <colonnaDato>nm_attrib_dati_spec</colonnaDato>
            <labelDato>Dato specifico</labelDato>
            <valoreDato>null</valoreDato>
          </datoRecord>
        </child>
      </recordChild>
    </child>
    <child>
      <idRecord>1943</idRecord>
      <keyRecord>
        <datoKey>
          <colonnaKey>nm_tipo_doc</colonnaKey>
          <labelKey>Tipo documento principale</labelKey>
          <valoreKey>Ricevuta di Carico KO</valoreKey>
        </datoKey>
        <datoKey>
          <colonnaKey>dt_istituz</colonnaKey>
          <labelKey>Data istituzione</labelKey>
          <valoreKey>12/02/2015</valoreKey>
        </datoKey>
      </keyRecord>
      <datoRecord>
        <colonnaDato>dt_soppres</colonnaDato>
        <labelDato>Data soppressione</labelDato>
        <valoreDato>31/12/2444</valoreDato>
      </datoRecord>
      <recordChild>
        <tipoRecord>Campo per partizionamento</tipoRecord>
        <child>
          <idRecord>1254</idRecord>
          <keyRecord>
            <datoKey>
              <colonnaKey>ti_campo</colonnaKey>
              <labelKey>Tipo campo</labelKey>
              <valoreKey>SUB_STRUT</valoreKey>
            </datoKey>
            <datoKey>
              <colonnaKey>nm_campo</colonnaKey>
              <labelKey>Nome campo</labelKey>
              <valoreKey>SUB_STRUTTURA</valoreKey>
            </datoKey>
          </keyRecord>
          <datoRecord>
            <colonnaDato>nm_sub_strut</colonnaDato>
            <labelDato>Sottostruttura</labelDato>
            <valoreDato>DEFAULT</valoreDato>
          </datoRecord>
          <datoRecord>
            <colonnaDato>nm_attrib_dati_spec</colonnaDato>
            <labelDato>Dato specifico</labelDato>
            <valoreDato>null</valoreDato>
          </datoRecord>
        </child>
      </recordChild>
    </child>
    <child>
      <idRecord>1942</idRecord>
      <keyRecord>
        <datoKey>
          <colonnaKey>nm_tipo_doc</colonnaKey>
          <labelKey>Tipo documento principale</labelKey>
          <valoreKey>Ricevuta di Carico KO</valoreKey>
        </datoKey>
        <datoKey>
          <colonnaKey>dt_istituz</colonnaKey>
          <labelKey>Data istituzione</labelKey>
          <valoreKey>12/02/2015</valoreKey>
        </datoKey>
      </keyRecord>
      <datoRecord>
        <colonnaDato>dt_soppres</colonnaDato>
        <labelDato>Data soppressione</labelDato>
        <valoreDato>31/12/2444</valoreDato>
      </datoRecord>
      <recordChild>
        <tipoRecord>Campo per partizionamento</tipoRecord>
        <child>
          <idRecord>1253</idRecord>
          <keyRecord>
            <datoKey>
              <colonnaKey>ti_campo</colonnaKey>
              <labelKey>Tipo campo</labelKey>
              <valoreKey>SUB_STRUT</valoreKey>
            </datoKey>
            <datoKey>
              <colonnaKey>nm_campo</colonnaKey>
              <labelKey>Nome campo</labelKey>
              <valoreKey>SUB_STRUTTURA</valoreKey>
            </datoKey>
          </keyRecord>
          <datoRecord>
            <colonnaDato>nm_sub_strut</colonnaDato>
            <labelDato>Sottostruttura</labelDato>
            <valoreDato>DEFAULT</valoreDato>
          </datoRecord>
          <datoRecord>
            <colonnaDato>nm_attrib_dati_spec</colonnaDato>
            <labelDato>Dato specifico</labelDato>
            <valoreDato>null</valoreDato>
          </datoRecord>
        </child>
      </recordChild>
    </child>
    <child>
      <idRecord>2129</idRecord>
      <keyRecord>
        <datoKey>
          <colonnaKey>nm_tipo_doc</colonnaKey>
          <labelKey>Tipo documento principale</labelKey>
          <valoreKey>Ricevuta di Carico KO</valoreKey>
        </datoKey>
        <datoKey>
          <colonnaKey>dt_istituz</colonnaKey>
          <labelKey>Data istituzione</labelKey>
          <valoreKey>12/02/2015</valoreKey>
        </datoKey>
      </keyRecord>
      <datoRecord>
        <colonnaDato>dt_soppres</colonnaDato>
        <labelDato>Data soppressione</labelDato>
        <valoreDato>31/12/2444</valoreDato>
      </datoRecord>
      <recordChild>
        <tipoRecord>Campo per partizionamento</tipoRecord>
        <child>
          <idRecord>772</idRecord>
          <keyRecord>
            <datoKey>
              <colonnaKey>ti_campo</colonnaKey>
              <labelKey>Tipo campo</labelKey>
              <valoreKey>SUB_STRUT</valoreKey>
            </datoKey>
            <datoKey>
              <colonnaKey>nm_campo</colonnaKey>
              <labelKey>Nome campo</labelKey>
              <valoreKey>SUB_STRUTTURA</valoreKey>
            </datoKey>
          </keyRecord>
          <datoRecord>
            <colonnaDato>nm_sub_strut</colonnaDato>
            <labelDato>Sottostruttura</labelDato>
            <valoreDato>DEFAULT</valoreDato>
          </datoRecord>
          <datoRecord>
            <colonnaDato>nm_attrib_dati_spec</colonnaDato>
            <labelDato>Dato specifico</labelDato>
            <valoreDato>null</valoreDato>
          </datoRecord>
        </child>
      </recordChild>
    </child>
    <child>
      <idRecord>2128</idRecord>
      <keyRecord>
        <datoKey>
          <colonnaKey>nm_tipo_doc</colonnaKey>
          <labelKey>Tipo documento principale</labelKey>
          <valoreKey>Ricevuta di Carico KO</valoreKey>
        </datoKey>
        <datoKey>
          <colonnaKey>dt_istituz</colonnaKey>
          <labelKey>Data istituzione</labelKey>
          <valoreKey>12/02/2015</valoreKey>
        </datoKey>
      </keyRecord>
      <datoRecord>
        <colonnaDato>dt_soppres</colonnaDato>
        <labelDato>Data soppressione</labelDato>
        <valoreDato>31/12/2444</valoreDato>
      </datoRecord>
      <recordChild>
        <tipoRecord>Campo per partizionamento</tipoRecord>
        <child>
          <idRecord>771</idRecord>
          <keyRecord>
            <datoKey>
              <colonnaKey>ti_campo</colonnaKey>
              <labelKey>Tipo campo</labelKey>
              <valoreKey>SUB_STRUT</valoreKey>
            </datoKey>
            <datoKey>
              <colonnaKey>nm_campo</colonnaKey>
              <labelKey>Nome campo</labelKey>
              <valoreKey>SUB_STRUTTURA</valoreKey>
            </datoKey>
          </keyRecord>
          <datoRecord>
            <colonnaDato>nm_sub_strut</colonnaDato>
            <labelDato>Sottostruttura</labelDato>
            <valoreDato>DEFAULT</valoreDato>
          </datoRecord>
          <datoRecord>
            <colonnaDato>nm_attrib_dati_spec</colonnaDato>
            <labelDato>Dato specifico</labelDato>
            <valoreDato>null</valoreDato>
          </datoRecord>
        </child>
      </recordChild>
    </child>
    <child>
      <idRecord>2127</idRecord>
      <keyRecord>
        <datoKey>
          <colonnaKey>nm_tipo_doc</colonnaKey>
          <labelKey>Tipo documento principale</labelKey>
          <valoreKey>Ricevuta di Carico KO</valoreKey>
        </datoKey>
        <datoKey>
          <colonnaKey>dt_istituz</colonnaKey>
          <labelKey>Data istituzione</labelKey>
          <valoreKey>12/02/2015</valoreKey>
        </datoKey>
      </keyRecord>
      <datoRecord>
        <colonnaDato>dt_soppres</colonnaDato>
        <labelDato>Data soppressione</labelDato>
        <valoreDato>31/12/2444</valoreDato>
      </datoRecord>
      <recordChild>
        <tipoRecord>Campo per partizionamento</tipoRecord>
        <child>
          <idRecord>770</idRecord>
          <keyRecord>
            <datoKey>
              <colonnaKey>ti_campo</colonnaKey>
              <labelKey>Tipo campo</labelKey>
              <valoreKey>SUB_STRUT</valoreKey>
            </datoKey>
            <datoKey>
              <colonnaKey>nm_campo</colonnaKey>
              <labelKey>Nome campo</labelKey>
              <valoreKey>SUB_STRUTTURA</valoreKey>
            </datoKey>
          </keyRecord>
          <datoRecord>
            <colonnaDato>nm_sub_strut</colonnaDato>
            <labelDato>Sottostruttura</labelDato>
            <valoreDato>DEFAULT</valoreDato>
          </datoRecord>
          <datoRecord>
            <colonnaDato>nm_attrib_dati_spec</colonnaDato>
            <labelDato>Dato specifico</labelDato>
            <valoreDato>null</valoreDato>
          </datoRecord>
        </child>
      </recordChild>
    </child>
    <child>
      <idRecord>2126</idRecord>
      <keyRecord>
        <datoKey>
          <colonnaKey>nm_tipo_doc</colonnaKey>
          <labelKey>Tipo documento principale</labelKey>
          <valoreKey>Ricevuta di Carico KO</valoreKey>
        </datoKey>
        <datoKey>
          <colonnaKey>dt_istituz</colonnaKey>
          <labelKey>Data istituzione</labelKey>
          <valoreKey>12/02/2015</valoreKey>
        </datoKey>
      </keyRecord>
      <datoRecord>
        <colonnaDato>dt_soppres</colonnaDato>
        <labelDato>Data soppressione</labelDato>
        <valoreDato>31/12/2444</valoreDato>
      </datoRecord>
      <recordChild>
        <tipoRecord>Campo per partizionamento</tipoRecord>
        <child>
          <idRecord>769</idRecord>
          <keyRecord>
            <datoKey>
              <colonnaKey>ti_campo</colonnaKey>
              <labelKey>Tipo campo</labelKey>
              <valoreKey>SUB_STRUT</valoreKey>
            </datoKey>
            <datoKey>
              <colonnaKey>nm_campo</colonnaKey>
              <labelKey>Nome campo</labelKey>
              <valoreKey>SUB_STRUTTURA</valoreKey>
            </datoKey>
          </keyRecord>
          <datoRecord>
            <colonnaDato>nm_sub_strut</colonnaDato>
            <labelDato>Sottostruttura</labelDato>
            <valoreDato>DEFAULT</valoreDato>
          </datoRecord>
          <datoRecord>
            <colonnaDato>nm_attrib_dati_spec</colonnaDato>
            <labelDato>Dato specifico</labelDato>
            <valoreDato>null</valoreDato>
          </datoRecord>
        </child>
      </recordChild>
    </child>
    <child>
      <idRecord>2125</idRecord>
      <keyRecord>
        <datoKey>
          <colonnaKey>nm_tipo_doc</colonnaKey>
          <labelKey>Tipo documento principale</labelKey>
          <valoreKey>Ricevuta di Carico KO</valoreKey>
        </datoKey>
        <datoKey>
          <colonnaKey>dt_istituz</colonnaKey>
          <labelKey>Data istituzione</labelKey>
          <valoreKey>12/02/2015</valoreKey>
        </datoKey>
      </keyRecord>
      <datoRecord>
        <colonnaDato>dt_soppres</colonnaDato>
        <labelDato>Data soppressione</labelDato>
        <valoreDato>31/12/2444</valoreDato>
      </datoRecord>
      <recordChild>
        <tipoRecord>Campo per partizionamento</tipoRecord>
        <child>
          <idRecord>768</idRecord>
          <keyRecord>
            <datoKey>
              <colonnaKey>ti_campo</colonnaKey>
              <labelKey>Tipo campo</labelKey>
              <valoreKey>SUB_STRUT</valoreKey>
            </datoKey>
            <datoKey>
              <colonnaKey>nm_campo</colonnaKey>
              <labelKey>Nome campo</labelKey>
              <valoreKey>SUB_STRUTTURA</valoreKey>
            </datoKey>
          </keyRecord>
          <datoRecord>
            <colonnaDato>nm_sub_strut</colonnaDato>
            <labelDato>Sottostruttura</labelDato>
            <valoreDato>DEFAULT</valoreDato>
          </datoRecord>
          <datoRecord>
            <colonnaDato>nm_attrib_dati_spec</colonnaDato>
            <labelDato>Dato specifico</labelDato>
            <valoreDato>null</valoreDato>
          </datoRecord>
        </child>
      </recordChild>
    </child>
    <child>
      <idRecord>2124</idRecord>
      <keyRecord>
        <datoKey>
          <colonnaKey>nm_tipo_doc</colonnaKey>
          <labelKey>Tipo documento principale</labelKey>
          <valoreKey>Ricevuta di Carico KO</valoreKey>
        </datoKey>
        <datoKey>
          <colonnaKey>dt_istituz</colonnaKey>
          <labelKey>Data istituzione</labelKey>
          <valoreKey>12/02/2015</valoreKey>
        </datoKey>
      </keyRecord>
      <datoRecord>
        <colonnaDato>dt_soppres</colonnaDato>
        <labelDato>Data soppressione</labelDato>
        <valoreDato>31/12/2444</valoreDato>
      </datoRecord>
      <recordChild>
        <tipoRecord>Campo per partizionamento</tipoRecord>
        <child>
          <idRecord>767</idRecord>
          <keyRecord>
            <datoKey>
              <colonnaKey>ti_campo</colonnaKey>
              <labelKey>Tipo campo</labelKey>
              <valoreKey>SUB_STRUT</valoreKey>
            </datoKey>
            <datoKey>
              <colonnaKey>nm_campo</colonnaKey>
              <labelKey>Nome campo</labelKey>
              <valoreKey>SUB_STRUTTURA</valoreKey>
            </datoKey>
          </keyRecord>
          <datoRecord>
            <colonnaDato>nm_sub_strut</colonnaDato>
            <labelDato>Sottostruttura</labelDato>
            <valoreDato>DEFAULT</valoreDato>
          </datoRecord>
          <datoRecord>
            <colonnaDato>nm_attrib_dati_spec</colonnaDato>
            <labelDato>Dato specifico</labelDato>
            <valoreDato>null</valoreDato>
          </datoRecord>
        </child>
      </recordChild>
    </child>
    <child>
      <idRecord>2123</idRecord>
      <keyRecord>
        <datoKey>
          <colonnaKey>nm_tipo_doc</colonnaKey>
          <labelKey>Tipo documento principale</labelKey>
          <valoreKey>Ricevuta di Carico KO</valoreKey>
        </datoKey>
        <datoKey>
          <colonnaKey>dt_istituz</colonnaKey>
          <labelKey>Data istituzione</labelKey>
          <valoreKey>12/02/2015</valoreKey>
        </datoKey>
      </keyRecord>
      <datoRecord>
        <colonnaDato>dt_soppres</colonnaDato>
        <labelDato>Data soppressione</labelDato>
        <valoreDato>31/12/2444</valoreDato>
      </datoRecord>
      <recordChild>
        <tipoRecord>Campo per partizionamento</tipoRecord>
        <child>
          <idRecord>766</idRecord>
          <keyRecord>
            <datoKey>
              <colonnaKey>ti_campo</colonnaKey>
              <labelKey>Tipo campo</labelKey>
              <valoreKey>SUB_STRUT</valoreKey>
            </datoKey>
            <datoKey>
              <colonnaKey>nm_campo</colonnaKey>
              <labelKey>Nome campo</labelKey>
              <valoreKey>SUB_STRUTTURA</valoreKey>
            </datoKey>
          </keyRecord>
          <datoRecord>
            <colonnaDato>nm_sub_strut</colonnaDato>
            <labelDato>Sottostruttura</labelDato>
            <valoreDato>DEFAULT</valoreDato>
          </datoRecord>
          <datoRecord>
            <colonnaDato>nm_attrib_dati_spec</colonnaDato>
            <labelDato>Dato specifico</labelDato>
            <valoreDato>null</valoreDato>
          </datoRecord>
        </child>
      </recordChild>
    </child>
    <child>
      <idRecord>2122</idRecord>
      <keyRecord>
        <datoKey>
          <colonnaKey>nm_tipo_doc</colonnaKey>
          <labelKey>Tipo documento principale</labelKey>
          <valoreKey>Ricevuta di Carico KO</valoreKey>
        </datoKey>
        <datoKey>
          <colonnaKey>dt_istituz</colonnaKey>
          <labelKey>Data istituzione</labelKey>
          <valoreKey>12/02/2015</valoreKey>
        </datoKey>
      </keyRecord>
      <datoRecord>
        <colonnaDato>dt_soppres</colonnaDato>
        <labelDato>Data soppressione</labelDato>
        <valoreDato>31/12/2444</valoreDato>
      </datoRecord>
      <recordChild>
        <tipoRecord>Campo per partizionamento</tipoRecord>
        <child>
          <idRecord>765</idRecord>
          <keyRecord>
            <datoKey>
              <colonnaKey>ti_campo</colonnaKey>
              <labelKey>Tipo campo</labelKey>
              <valoreKey>SUB_STRUT</valoreKey>
            </datoKey>
            <datoKey>
              <colonnaKey>nm_campo</colonnaKey>
              <labelKey>Nome campo</labelKey>
              <valoreKey>SUB_STRUTTURA</valoreKey>
            </datoKey>
          </keyRecord>
          <datoRecord>
            <colonnaDato>nm_sub_strut</colonnaDato>
            <labelDato>Sottostruttura</labelDato>
            <valoreDato>DEFAULT</valoreDato>
          </datoRecord>
          <datoRecord>
            <colonnaDato>nm_attrib_dati_spec</colonnaDato>
            <labelDato>Dato specifico</labelDato>
            <valoreDato>null</valoreDato>
          </datoRecord>
        </child>
      </recordChild>
    </child>
    <child>
      <idRecord>2121</idRecord>
      <keyRecord>
        <datoKey>
          <colonnaKey>nm_tipo_doc</colonnaKey>
          <labelKey>Tipo documento principale</labelKey>
          <valoreKey>Ricevuta di Carico KO</valoreKey>
        </datoKey>
        <datoKey>
          <colonnaKey>dt_istituz</colonnaKey>
          <labelKey>Data istituzione</labelKey>
          <valoreKey>12/02/2015</valoreKey>
        </datoKey>
      </keyRecord>
      <datoRecord>
        <colonnaDato>dt_soppres</colonnaDato>
        <labelDato>Data soppressione</labelDato>
        <valoreDato>31/12/2444</valoreDato>
      </datoRecord>
      <recordChild>
        <tipoRecord>Campo per partizionamento</tipoRecord>
        <child>
          <idRecord>764</idRecord>
          <keyRecord>
            <datoKey>
              <colonnaKey>ti_campo</colonnaKey>
              <labelKey>Tipo campo</labelKey>
              <valoreKey>SUB_STRUT</valoreKey>
            </datoKey>
            <datoKey>
              <colonnaKey>nm_campo</colonnaKey>
              <labelKey>Nome campo</labelKey>
              <valoreKey>SUB_STRUTTURA</valoreKey>
            </datoKey>
          </keyRecord>
          <datoRecord>
            <colonnaDato>nm_sub_strut</colonnaDato>
            <labelDato>Sottostruttura</labelDato>
            <valoreDato>DEFAULT</valoreDato>
          </datoRecord>
          <datoRecord>
            <colonnaDato>nm_attrib_dati_spec</colonnaDato>
            <labelDato>Dato specifico</labelDato>
            <valoreDato>null</valoreDato>
          </datoRecord>
        </child>
      </recordChild>
    </child>
    <child>
      <idRecord>2120</idRecord>
      <keyRecord>
        <datoKey>
          <colonnaKey>nm_tipo_doc</colonnaKey>
          <labelKey>Tipo documento principale</labelKey>
          <valoreKey>Ricevuta di Carico KO</valoreKey>
        </datoKey>
        <datoKey>
          <colonnaKey>dt_istituz</colonnaKey>
          <labelKey>Data istituzione</labelKey>
          <valoreKey>12/02/2015</valoreKey>
        </datoKey>
      </keyRecord>
      <datoRecord>
        <colonnaDato>dt_soppres</colonnaDato>
        <labelDato>Data soppressione</labelDato>
        <valoreDato>31/12/2444</valoreDato>
      </datoRecord>
      <recordChild>
        <tipoRecord>Campo per partizionamento</tipoRecord>
        <child>
          <idRecord>763</idRecord>
          <keyRecord>
            <datoKey>
              <colonnaKey>ti_campo</colonnaKey>
              <labelKey>Tipo campo</labelKey>
              <valoreKey>SUB_STRUT</valoreKey>
            </datoKey>
            <datoKey>
              <colonnaKey>nm_campo</colonnaKey>
              <labelKey>Nome campo</labelKey>
              <valoreKey>SUB_STRUTTURA</valoreKey>
            </datoKey>
          </keyRecord>
          <datoRecord>
            <colonnaDato>nm_sub_strut</colonnaDato>
            <labelDato>Sottostruttura</labelDato>
            <valoreDato>DEFAULT</valoreDato>
          </datoRecord>
          <datoRecord>
            <colonnaDato>nm_attrib_dati_spec</colonnaDato>
            <labelDato>Dato specifico</labelDato>
            <valoreDato>null</valoreDato>
          </datoRecord>
        </child>
      </recordChild>
    </child>
    <child>
      <idRecord>2119</idRecord>
      <keyRecord>
        <datoKey>
          <colonnaKey>nm_tipo_doc</colonnaKey>
          <labelKey>Tipo documento principale</labelKey>
          <valoreKey>Ricevuta di Carico KO</valoreKey>
        </datoKey>
        <datoKey>
          <colonnaKey>dt_istituz</colonnaKey>
          <labelKey>Data istituzione</labelKey>
          <valoreKey>12/02/2015</valoreKey>
        </datoKey>
      </keyRecord>
      <datoRecord>
        <colonnaDato>dt_soppres</colonnaDato>
        <labelDato>Data soppressione</labelDato>
        <valoreDato>31/12/2444</valoreDato>
      </datoRecord>
      <recordChild>
        <tipoRecord>Campo per partizionamento</tipoRecord>
        <child>
          <idRecord>762</idRecord>
          <keyRecord>
            <datoKey>
              <colonnaKey>ti_campo</colonnaKey>
              <labelKey>Tipo campo</labelKey>
              <valoreKey>SUB_STRUT</valoreKey>
            </datoKey>
            <datoKey>
              <colonnaKey>nm_campo</colonnaKey>
              <labelKey>Nome campo</labelKey>
              <valoreKey>SUB_STRUTTURA</valoreKey>
            </datoKey>
          </keyRecord>
          <datoRecord>
            <colonnaDato>nm_sub_strut</colonnaDato>
            <labelDato>Sottostruttura</labelDato>
            <valoreDato>DEFAULT</valoreDato>
          </datoRecord>
          <datoRecord>
            <colonnaDato>nm_attrib_dati_spec</colonnaDato>
            <labelDato>Dato specifico</labelDato>
            <valoreDato>null</valoreDato>
          </datoRecord>
        </child>
      </recordChild>
    </child>
    <child>
      <idRecord>2118</idRecord>
      <keyRecord>
        <datoKey>
          <colonnaKey>nm_tipo_doc</colonnaKey>
          <labelKey>Tipo documento principale</labelKey>
          <valoreKey>Ricevuta di Carico KO</valoreKey>
        </datoKey>
        <datoKey>
          <colonnaKey>dt_istituz</colonnaKey>
          <labelKey>Data istituzione</labelKey>
          <valoreKey>12/02/2015</valoreKey>
        </datoKey>
      </keyRecord>
      <datoRecord>
        <colonnaDato>dt_soppres</colonnaDato>
        <labelDato>Data soppressione</labelDato>
        <valoreDato>31/12/2444</valoreDato>
      </datoRecord>
      <recordChild>
        <tipoRecord>Campo per partizionamento</tipoRecord>
        <child>
          <idRecord>761</idRecord>
          <keyRecord>
            <datoKey>
              <colonnaKey>ti_campo</colonnaKey>
              <labelKey>Tipo campo</labelKey>
              <valoreKey>SUB_STRUT</valoreKey>
            </datoKey>
            <datoKey>
              <colonnaKey>nm_campo</colonnaKey>
              <labelKey>Nome campo</labelKey>
              <valoreKey>SUB_STRUTTURA</valoreKey>
            </datoKey>
          </keyRecord>
          <datoRecord>
            <colonnaDato>nm_sub_strut</colonnaDato>
            <labelDato>Sottostruttura</labelDato>
            <valoreDato>DEFAULT</valoreDato>
          </datoRecord>
          <datoRecord>
            <colonnaDato>nm_attrib_dati_spec</colonnaDato>
            <labelDato>Dato specifico</labelDato>
            <valoreDato>null</valoreDato>
          </datoRecord>
        </child>
      </recordChild>
    </child>
    <child>
      <idRecord>2117</idRecord>
      <keyRecord>
        <datoKey>
          <colonnaKey>nm_tipo_doc</colonnaKey>
          <labelKey>Tipo documento principale</labelKey>
          <valoreKey>Ricevuta di Carico KO</valoreKey>
        </datoKey>
        <datoKey>
          <colonnaKey>dt_istituz</colonnaKey>
          <labelKey>Data istituzione</labelKey>
          <valoreKey>12/02/2015</valoreKey>
        </datoKey>
      </keyRecord>
      <datoRecord>
        <colonnaDato>dt_soppres</colonnaDato>
        <labelDato>Data soppressione</labelDato>
        <valoreDato>31/12/2444</valoreDato>
      </datoRecord>
      <recordChild>
        <tipoRecord>Campo per partizionamento</tipoRecord>
        <child>
          <idRecord>760</idRecord>
          <keyRecord>
            <datoKey>
              <colonnaKey>ti_campo</colonnaKey>
              <labelKey>Tipo campo</labelKey>
              <valoreKey>SUB_STRUT</valoreKey>
            </datoKey>
            <datoKey>
              <colonnaKey>nm_campo</colonnaKey>
              <labelKey>Nome campo</labelKey>
              <valoreKey>SUB_STRUTTURA</valoreKey>
            </datoKey>
          </keyRecord>
          <datoRecord>
            <colonnaDato>nm_sub_strut</colonnaDato>
            <labelDato>Sottostruttura</labelDato>
            <valoreDato>DEFAULT</valoreDato>
          </datoRecord>
          <datoRecord>
            <colonnaDato>nm_attrib_dati_spec</colonnaDato>
            <labelDato>Dato specifico</labelDato>
            <valoreDato>null</valoreDato>
          </datoRecord>
        </child>
      </recordChild>
    </child>
    <child>
      <idRecord>2116</idRecord>
      <keyRecord>
        <datoKey>
          <colonnaKey>nm_tipo_doc</colonnaKey>
          <labelKey>Tipo documento principale</labelKey>
          <valoreKey>Ricevuta di Carico KO</valoreKey>
        </datoKey>
        <datoKey>
          <colonnaKey>dt_istituz</colonnaKey>
          <labelKey>Data istituzione</labelKey>
          <valoreKey>12/02/2015</valoreKey>
        </datoKey>
      </keyRecord>
      <datoRecord>
        <colonnaDato>dt_soppres</colonnaDato>
        <labelDato>Data soppressione</labelDato>
        <valoreDato>31/12/2444</valoreDato>
      </datoRecord>
      <recordChild>
        <tipoRecord>Campo per partizionamento</tipoRecord>
        <child>
          <idRecord>759</idRecord>
          <keyRecord>
            <datoKey>
              <colonnaKey>ti_campo</colonnaKey>
              <labelKey>Tipo campo</labelKey>
              <valoreKey>SUB_STRUT</valoreKey>
            </datoKey>
            <datoKey>
              <colonnaKey>nm_campo</colonnaKey>
              <labelKey>Nome campo</labelKey>
              <valoreKey>SUB_STRUTTURA</valoreKey>
            </datoKey>
          </keyRecord>
          <datoRecord>
            <colonnaDato>nm_sub_strut</colonnaDato>
            <labelDato>Sottostruttura</labelDato>
            <valoreDato>DEFAULT</valoreDato>
          </datoRecord>
          <datoRecord>
            <colonnaDato>nm_attrib_dati_spec</colonnaDato>
            <labelDato>Dato specifico</labelDato>
            <valoreDato>null</valoreDato>
          </datoRecord>
        </child>
      </recordChild>
    </child>
    <child>
      <idRecord>931</idRecord>
      <keyRecord>
        <datoKey>
          <colonnaKey>nm_tipo_doc</colonnaKey>
          <labelKey>Tipo documento principale</labelKey>
          <valoreKey>Ricevuta di Carico OK</valoreKey>
        </datoKey>
        <datoKey>
          <colonnaKey>dt_istituz</colonnaKey>
          <labelKey>Data istituzione</labelKey>
          <valoreKey>19/01/2015</valoreKey>
        </datoKey>
      </keyRecord>
      <datoRecord>
        <colonnaDato>dt_soppres</colonnaDato>
        <labelDato>Data soppressione</labelDato>
        <valoreDato>31/12/2444</valoreDato>
      </datoRecord>
      <recordChild>
        <tipoRecord>Campo per partizionamento</tipoRecord>
        <child>
          <idRecord>611</idRecord>
          <keyRecord>
            <datoKey>
              <colonnaKey>ti_campo</colonnaKey>
              <labelKey>Tipo campo</labelKey>
              <valoreKey>SUB_STRUT</valoreKey>
            </datoKey>
            <datoKey>
              <colonnaKey>nm_campo</colonnaKey>
              <labelKey>Nome campo</labelKey>
              <valoreKey>SUB_STRUTTURA</valoreKey>
            </datoKey>
          </keyRecord>
          <datoRecord>
            <colonnaDato>nm_sub_strut</colonnaDato>
            <labelDato>Sottostruttura</labelDato>
            <valoreDato>DEFAULT</valoreDato>
          </datoRecord>
          <datoRecord>
            <colonnaDato>nm_attrib_dati_spec</colonnaDato>
            <labelDato>Dato specifico</labelDato>
            <valoreDato>null</valoreDato>
          </datoRecord>
        </child>
      </recordChild>
    </child>
    <child>
      <idRecord>1941</idRecord>
      <keyRecord>
        <datoKey>
          <colonnaKey>nm_tipo_doc</colonnaKey>
          <labelKey>Tipo documento principale</labelKey>
          <valoreKey>Ricevuta di Carico OK</valoreKey>
        </datoKey>
        <datoKey>
          <colonnaKey>dt_istituz</colonnaKey>
          <labelKey>Data istituzione</labelKey>
          <valoreKey>12/02/2015</valoreKey>
        </datoKey>
      </keyRecord>
      <datoRecord>
        <colonnaDato>dt_soppres</colonnaDato>
        <labelDato>Data soppressione</labelDato>
        <valoreDato>31/12/2444</valoreDato>
      </datoRecord>
      <recordChild>
        <tipoRecord>Campo per partizionamento</tipoRecord>
        <child>
          <idRecord>1252</idRecord>
          <keyRecord>
            <datoKey>
              <colonnaKey>ti_campo</colonnaKey>
              <labelKey>Tipo campo</labelKey>
              <valoreKey>SUB_STRUT</valoreKey>
            </datoKey>
            <datoKey>
              <colonnaKey>nm_campo</colonnaKey>
              <labelKey>Nome campo</labelKey>
              <valoreKey>SUB_STRUTTURA</valoreKey>
            </datoKey>
          </keyRecord>
          <datoRecord>
            <colonnaDato>nm_sub_strut</colonnaDato>
            <labelDato>Sottostruttura</labelDato>
            <valoreDato>DEFAULT</valoreDato>
          </datoRecord>
          <datoRecord>
            <colonnaDato>nm_attrib_dati_spec</colonnaDato>
            <labelDato>Dato specifico</labelDato>
            <valoreDato>null</valoreDato>
          </datoRecord>
        </child>
      </recordChild>
    </child>
    <child>
      <idRecord>1940</idRecord>
      <keyRecord>
        <datoKey>
          <colonnaKey>nm_tipo_doc</colonnaKey>
          <labelKey>Tipo documento principale</labelKey>
          <valoreKey>Ricevuta di Carico OK</valoreKey>
        </datoKey>
        <datoKey>
          <colonnaKey>dt_istituz</colonnaKey>
          <labelKey>Data istituzione</labelKey>
          <valoreKey>12/02/2015</valoreKey>
        </datoKey>
      </keyRecord>
      <datoRecord>
        <colonnaDato>dt_soppres</colonnaDato>
        <labelDato>Data soppressione</labelDato>
        <valoreDato>31/12/2444</valoreDato>
      </datoRecord>
      <recordChild>
        <tipoRecord>Campo per partizionamento</tipoRecord>
        <child>
          <idRecord>1251</idRecord>
          <keyRecord>
            <datoKey>
              <colonnaKey>ti_campo</colonnaKey>
              <labelKey>Tipo campo</labelKey>
              <valoreKey>SUB_STRUT</valoreKey>
            </datoKey>
            <datoKey>
              <colonnaKey>nm_campo</colonnaKey>
              <labelKey>Nome campo</labelKey>
              <valoreKey>SUB_STRUTTURA</valoreKey>
            </datoKey>
          </keyRecord>
          <datoRecord>
            <colonnaDato>nm_sub_strut</colonnaDato>
            <labelDato>Sottostruttura</labelDato>
            <valoreDato>DEFAULT</valoreDato>
          </datoRecord>
          <datoRecord>
            <colonnaDato>nm_attrib_dati_spec</colonnaDato>
            <labelDato>Dato specifico</labelDato>
            <valoreDato>null</valoreDato>
          </datoRecord>
        </child>
      </recordChild>
    </child>
    <child>
      <idRecord>487</idRecord>
      <keyRecord>
        <datoKey>
          <colonnaKey>nm_tipo_doc</colonnaKey>
          <labelKey>Tipo documento principale</labelKey>
          <valoreKey>Ricevuta di Carico OK</valoreKey>
        </datoKey>
        <datoKey>
          <colonnaKey>dt_istituz</colonnaKey>
          <labelKey>Data istituzione</labelKey>
          <valoreKey>10/11/2014</valoreKey>
        </datoKey>
      </keyRecord>
      <datoRecord>
        <colonnaDato>dt_soppres</colonnaDato>
        <labelDato>Data soppressione</labelDato>
        <valoreDato>31/12/2444</valoreDato>
      </datoRecord>
      <recordChild>
        <tipoRecord>Campo per partizionamento</tipoRecord>
        <child>
          <idRecord>231</idRecord>
          <keyRecord>
            <datoKey>
              <colonnaKey>ti_campo</colonnaKey>
              <labelKey>Tipo campo</labelKey>
              <valoreKey>SUB_STRUT</valoreKey>
            </datoKey>
            <datoKey>
              <colonnaKey>nm_campo</colonnaKey>
              <labelKey>Nome campo</labelKey>
              <valoreKey>SUB_STRUTTURA</valoreKey>
            </datoKey>
          </keyRecord>
          <datoRecord>
            <colonnaDato>nm_sub_strut</colonnaDato>
            <labelDato>Sottostruttura</labelDato>
            <valoreDato>DEFAULT</valoreDato>
          </datoRecord>
          <datoRecord>
            <colonnaDato>nm_attrib_dati_spec</colonnaDato>
            <labelDato>Dato specifico</labelDato>
            <valoreDato>null</valoreDato>
          </datoRecord>
        </child>
      </recordChild>
    </child>
    <child>
      <idRecord>475</idRecord>
      <keyRecord>
        <datoKey>
          <colonnaKey>nm_tipo_doc</colonnaKey>
          <labelKey>Tipo documento principale</labelKey>
          <valoreKey>Ricevuta di Carico OK</valoreKey>
        </datoKey>
        <datoKey>
          <colonnaKey>dt_istituz</colonnaKey>
          <labelKey>Data istituzione</labelKey>
          <valoreKey>10/11/2014</valoreKey>
        </datoKey>
      </keyRecord>
      <datoRecord>
        <colonnaDato>dt_soppres</colonnaDato>
        <labelDato>Data soppressione</labelDato>
        <valoreDato>31/12/2444</valoreDato>
      </datoRecord>
      <recordChild>
        <tipoRecord>Campo per partizionamento</tipoRecord>
        <child>
          <idRecord>219</idRecord>
          <keyRecord>
            <datoKey>
              <colonnaKey>ti_campo</colonnaKey>
              <labelKey>Tipo campo</labelKey>
              <valoreKey>SUB_STRUT</valoreKey>
            </datoKey>
            <datoKey>
              <colonnaKey>nm_campo</colonnaKey>
              <labelKey>Nome campo</labelKey>
              <valoreKey>SUB_STRUTTURA</valoreKey>
            </datoKey>
          </keyRecord>
          <datoRecord>
            <colonnaDato>nm_sub_strut</colonnaDato>
            <labelDato>Sottostruttura</labelDato>
            <valoreDato>DEFAULT</valoreDato>
          </datoRecord>
          <datoRecord>
            <colonnaDato>nm_attrib_dati_spec</colonnaDato>
            <labelDato>Dato specifico</labelDato>
            <valoreDato>null</valoreDato>
          </datoRecord>
        </child>
      </recordChild>
    </child>
    <child>
      <idRecord>2115</idRecord>
      <keyRecord>
        <datoKey>
          <colonnaKey>nm_tipo_doc</colonnaKey>
          <labelKey>Tipo documento principale</labelKey>
          <valoreKey>Ricevuta di Carico OK</valoreKey>
        </datoKey>
        <datoKey>
          <colonnaKey>dt_istituz</colonnaKey>
          <labelKey>Data istituzione</labelKey>
          <valoreKey>12/02/2015</valoreKey>
        </datoKey>
      </keyRecord>
      <datoRecord>
        <colonnaDato>dt_soppres</colonnaDato>
        <labelDato>Data soppressione</labelDato>
        <valoreDato>31/12/2444</valoreDato>
      </datoRecord>
      <recordChild>
        <tipoRecord>Campo per partizionamento</tipoRecord>
        <child>
          <idRecord>758</idRecord>
          <keyRecord>
            <datoKey>
              <colonnaKey>ti_campo</colonnaKey>
              <labelKey>Tipo campo</labelKey>
              <valoreKey>SUB_STRUT</valoreKey>
            </datoKey>
            <datoKey>
              <colonnaKey>nm_campo</colonnaKey>
              <labelKey>Nome campo</labelKey>
              <valoreKey>SUB_STRUTTURA</valoreKey>
            </datoKey>
          </keyRecord>
          <datoRecord>
            <colonnaDato>nm_sub_strut</colonnaDato>
            <labelDato>Sottostruttura</labelDato>
            <valoreDato>DEFAULT</valoreDato>
          </datoRecord>
          <datoRecord>
            <colonnaDato>nm_attrib_dati_spec</colonnaDato>
            <labelDato>Dato specifico</labelDato>
            <valoreDato>null</valoreDato>
          </datoRecord>
        </child>
      </recordChild>
    </child>
    <child>
      <idRecord>2114</idRecord>
      <keyRecord>
        <datoKey>
          <colonnaKey>nm_tipo_doc</colonnaKey>
          <labelKey>Tipo documento principale</labelKey>
          <valoreKey>Ricevuta di Carico OK</valoreKey>
        </datoKey>
        <datoKey>
          <colonnaKey>dt_istituz</colonnaKey>
          <labelKey>Data istituzione</labelKey>
          <valoreKey>12/02/2015</valoreKey>
        </datoKey>
      </keyRecord>
      <datoRecord>
        <colonnaDato>dt_soppres</colonnaDato>
        <labelDato>Data soppressione</labelDato>
        <valoreDato>31/12/2444</valoreDato>
      </datoRecord>
      <recordChild>
        <tipoRecord>Campo per partizionamento</tipoRecord>
        <child>
          <idRecord>757</idRecord>
          <keyRecord>
            <datoKey>
              <colonnaKey>ti_campo</colonnaKey>
              <labelKey>Tipo campo</labelKey>
              <valoreKey>SUB_STRUT</valoreKey>
            </datoKey>
            <datoKey>
              <colonnaKey>nm_campo</colonnaKey>
              <labelKey>Nome campo</labelKey>
              <valoreKey>SUB_STRUTTURA</valoreKey>
            </datoKey>
          </keyRecord>
          <datoRecord>
            <colonnaDato>nm_sub_strut</colonnaDato>
            <labelDato>Sottostruttura</labelDato>
            <valoreDato>DEFAULT</valoreDato>
          </datoRecord>
          <datoRecord>
            <colonnaDato>nm_attrib_dati_spec</colonnaDato>
            <labelDato>Dato specifico</labelDato>
            <valoreDato>null</valoreDato>
          </datoRecord>
        </child>
      </recordChild>
    </child>
    <child>
      <idRecord>2113</idRecord>
      <keyRecord>
        <datoKey>
          <colonnaKey>nm_tipo_doc</colonnaKey>
          <labelKey>Tipo documento principale</labelKey>
          <valoreKey>Ricevuta di Carico OK</valoreKey>
        </datoKey>
        <datoKey>
          <colonnaKey>dt_istituz</colonnaKey>
          <labelKey>Data istituzione</labelKey>
          <valoreKey>12/02/2015</valoreKey>
        </datoKey>
      </keyRecord>
      <datoRecord>
        <colonnaDato>dt_soppres</colonnaDato>
        <labelDato>Data soppressione</labelDato>
        <valoreDato>31/12/2444</valoreDato>
      </datoRecord>
      <recordChild>
        <tipoRecord>Campo per partizionamento</tipoRecord>
        <child>
          <idRecord>756</idRecord>
          <keyRecord>
            <datoKey>
              <colonnaKey>ti_campo</colonnaKey>
              <labelKey>Tipo campo</labelKey>
              <valoreKey>SUB_STRUT</valoreKey>
            </datoKey>
            <datoKey>
              <colonnaKey>nm_campo</colonnaKey>
              <labelKey>Nome campo</labelKey>
              <valoreKey>SUB_STRUTTURA</valoreKey>
            </datoKey>
          </keyRecord>
          <datoRecord>
            <colonnaDato>nm_sub_strut</colonnaDato>
            <labelDato>Sottostruttura</labelDato>
            <valoreDato>DEFAULT</valoreDato>
          </datoRecord>
          <datoRecord>
            <colonnaDato>nm_attrib_dati_spec</colonnaDato>
            <labelDato>Dato specifico</labelDato>
            <valoreDato>null</valoreDato>
          </datoRecord>
        </child>
      </recordChild>
    </child>
    <child>
      <idRecord>2112</idRecord>
      <keyRecord>
        <datoKey>
          <colonnaKey>nm_tipo_doc</colonnaKey>
          <labelKey>Tipo documento principale</labelKey>
          <valoreKey>Ricevuta di Carico OK</valoreKey>
        </datoKey>
        <datoKey>
          <colonnaKey>dt_istituz</colonnaKey>
          <labelKey>Data istituzione</labelKey>
          <valoreKey>12/02/2015</valoreKey>
        </datoKey>
      </keyRecord>
      <datoRecord>
        <colonnaDato>dt_soppres</colonnaDato>
        <labelDato>Data soppressione</labelDato>
        <valoreDato>31/12/2444</valoreDato>
      </datoRecord>
      <recordChild>
        <tipoRecord>Campo per partizionamento</tipoRecord>
        <child>
          <idRecord>755</idRecord>
          <keyRecord>
            <datoKey>
              <colonnaKey>ti_campo</colonnaKey>
              <labelKey>Tipo campo</labelKey>
              <valoreKey>SUB_STRUT</valoreKey>
            </datoKey>
            <datoKey>
              <colonnaKey>nm_campo</colonnaKey>
              <labelKey>Nome campo</labelKey>
              <valoreKey>SUB_STRUTTURA</valoreKey>
            </datoKey>
          </keyRecord>
          <datoRecord>
            <colonnaDato>nm_sub_strut</colonnaDato>
            <labelDato>Sottostruttura</labelDato>
            <valoreDato>DEFAULT</valoreDato>
          </datoRecord>
          <datoRecord>
            <colonnaDato>nm_attrib_dati_spec</colonnaDato>
            <labelDato>Dato specifico</labelDato>
            <valoreDato>null</valoreDato>
          </datoRecord>
        </child>
      </recordChild>
    </child>
    <child>
      <idRecord>2111</idRecord>
      <keyRecord>
        <datoKey>
          <colonnaKey>nm_tipo_doc</colonnaKey>
          <labelKey>Tipo documento principale</labelKey>
          <valoreKey>Ricevuta di Carico OK</valoreKey>
        </datoKey>
        <datoKey>
          <colonnaKey>dt_istituz</colonnaKey>
          <labelKey>Data istituzione</labelKey>
          <valoreKey>12/02/2015</valoreKey>
        </datoKey>
      </keyRecord>
      <datoRecord>
        <colonnaDato>dt_soppres</colonnaDato>
        <labelDato>Data soppressione</labelDato>
        <valoreDato>31/12/2444</valoreDato>
      </datoRecord>
      <recordChild>
        <tipoRecord>Campo per partizionamento</tipoRecord>
        <child>
          <idRecord>754</idRecord>
          <keyRecord>
            <datoKey>
              <colonnaKey>ti_campo</colonnaKey>
              <labelKey>Tipo campo</labelKey>
              <valoreKey>SUB_STRUT</valoreKey>
            </datoKey>
            <datoKey>
              <colonnaKey>nm_campo</colonnaKey>
              <labelKey>Nome campo</labelKey>
              <valoreKey>SUB_STRUTTURA</valoreKey>
            </datoKey>
          </keyRecord>
          <datoRecord>
            <colonnaDato>nm_sub_strut</colonnaDato>
            <labelDato>Sottostruttura</labelDato>
            <valoreDato>DEFAULT</valoreDato>
          </datoRecord>
          <datoRecord>
            <colonnaDato>nm_attrib_dati_spec</colonnaDato>
            <labelDato>Dato specifico</labelDato>
            <valoreDato>null</valoreDato>
          </datoRecord>
        </child>
      </recordChild>
    </child>
    <child>
      <idRecord>2110</idRecord>
      <keyRecord>
        <datoKey>
          <colonnaKey>nm_tipo_doc</colonnaKey>
          <labelKey>Tipo documento principale</labelKey>
          <valoreKey>Ricevuta di Carico OK</valoreKey>
        </datoKey>
        <datoKey>
          <colonnaKey>dt_istituz</colonnaKey>
          <labelKey>Data istituzione</labelKey>
          <valoreKey>12/02/2015</valoreKey>
        </datoKey>
      </keyRecord>
      <datoRecord>
        <colonnaDato>dt_soppres</colonnaDato>
        <labelDato>Data soppressione</labelDato>
        <valoreDato>31/12/2444</valoreDato>
      </datoRecord>
      <recordChild>
        <tipoRecord>Campo per partizionamento</tipoRecord>
        <child>
          <idRecord>753</idRecord>
          <keyRecord>
            <datoKey>
              <colonnaKey>ti_campo</colonnaKey>
              <labelKey>Tipo campo</labelKey>
              <valoreKey>SUB_STRUT</valoreKey>
            </datoKey>
            <datoKey>
              <colonnaKey>nm_campo</colonnaKey>
              <labelKey>Nome campo</labelKey>
              <valoreKey>SUB_STRUTTURA</valoreKey>
            </datoKey>
          </keyRecord>
          <datoRecord>
            <colonnaDato>nm_sub_strut</colonnaDato>
            <labelDato>Sottostruttura</labelDato>
            <valoreDato>DEFAULT</valoreDato>
          </datoRecord>
          <datoRecord>
            <colonnaDato>nm_attrib_dati_spec</colonnaDato>
            <labelDato>Dato specifico</labelDato>
            <valoreDato>null</valoreDato>
          </datoRecord>
        </child>
      </recordChild>
    </child>
    <child>
      <idRecord>2109</idRecord>
      <keyRecord>
        <datoKey>
          <colonnaKey>nm_tipo_doc</colonnaKey>
          <labelKey>Tipo documento principale</labelKey>
          <valoreKey>Ricevuta di Carico OK</valoreKey>
        </datoKey>
        <datoKey>
          <colonnaKey>dt_istituz</colonnaKey>
          <labelKey>Data istituzione</labelKey>
          <valoreKey>12/02/2015</valoreKey>
        </datoKey>
      </keyRecord>
      <datoRecord>
        <colonnaDato>dt_soppres</colonnaDato>
        <labelDato>Data soppressione</labelDato>
        <valoreDato>31/12/2444</valoreDato>
      </datoRecord>
      <recordChild>
        <tipoRecord>Campo per partizionamento</tipoRecord>
        <child>
          <idRecord>752</idRecord>
          <keyRecord>
            <datoKey>
              <colonnaKey>ti_campo</colonnaKey>
              <labelKey>Tipo campo</labelKey>
              <valoreKey>SUB_STRUT</valoreKey>
            </datoKey>
            <datoKey>
              <colonnaKey>nm_campo</colonnaKey>
              <labelKey>Nome campo</labelKey>
              <valoreKey>SUB_STRUTTURA</valoreKey>
            </datoKey>
          </keyRecord>
          <datoRecord>
            <colonnaDato>nm_sub_strut</colonnaDato>
            <labelDato>Sottostruttura</labelDato>
            <valoreDato>DEFAULT</valoreDato>
          </datoRecord>
          <datoRecord>
            <colonnaDato>nm_attrib_dati_spec</colonnaDato>
            <labelDato>Dato specifico</labelDato>
            <valoreDato>null</valoreDato>
          </datoRecord>
        </child>
      </recordChild>
    </child>
    <child>
      <idRecord>2108</idRecord>
      <keyRecord>
        <datoKey>
          <colonnaKey>nm_tipo_doc</colonnaKey>
          <labelKey>Tipo documento principale</labelKey>
          <valoreKey>Ricevuta di Carico OK</valoreKey>
        </datoKey>
        <datoKey>
          <colonnaKey>dt_istituz</colonnaKey>
          <labelKey>Data istituzione</labelKey>
          <valoreKey>12/02/2015</valoreKey>
        </datoKey>
      </keyRecord>
      <datoRecord>
        <colonnaDato>dt_soppres</colonnaDato>
        <labelDato>Data soppressione</labelDato>
        <valoreDato>31/12/2444</valoreDato>
      </datoRecord>
      <recordChild>
        <tipoRecord>Campo per partizionamento</tipoRecord>
        <child>
          <idRecord>751</idRecord>
          <keyRecord>
            <datoKey>
              <colonnaKey>ti_campo</colonnaKey>
              <labelKey>Tipo campo</labelKey>
              <valoreKey>SUB_STRUT</valoreKey>
            </datoKey>
            <datoKey>
              <colonnaKey>nm_campo</colonnaKey>
              <labelKey>Nome campo</labelKey>
              <valoreKey>SUB_STRUTTURA</valoreKey>
            </datoKey>
          </keyRecord>
          <datoRecord>
            <colonnaDato>nm_sub_strut</colonnaDato>
            <labelDato>Sottostruttura</labelDato>
            <valoreDato>DEFAULT</valoreDato>
          </datoRecord>
          <datoRecord>
            <colonnaDato>nm_attrib_dati_spec</colonnaDato>
            <labelDato>Dato specifico</labelDato>
            <valoreDato>null</valoreDato>
          </datoRecord>
        </child>
      </recordChild>
    </child>
    <child>
      <idRecord>2107</idRecord>
      <keyRecord>
        <datoKey>
          <colonnaKey>nm_tipo_doc</colonnaKey>
          <labelKey>Tipo documento principale</labelKey>
          <valoreKey>Ricevuta di Carico OK</valoreKey>
        </datoKey>
        <datoKey>
          <colonnaKey>dt_istituz</colonnaKey>
          <labelKey>Data istituzione</labelKey>
          <valoreKey>12/02/2015</valoreKey>
        </datoKey>
      </keyRecord>
      <datoRecord>
        <colonnaDato>dt_soppres</colonnaDato>
        <labelDato>Data soppressione</labelDato>
        <valoreDato>31/12/2444</valoreDato>
      </datoRecord>
      <recordChild>
        <tipoRecord>Campo per partizionamento</tipoRecord>
        <child>
          <idRecord>750</idRecord>
          <keyRecord>
            <datoKey>
              <colonnaKey>ti_campo</colonnaKey>
              <labelKey>Tipo campo</labelKey>
              <valoreKey>SUB_STRUT</valoreKey>
            </datoKey>
            <datoKey>
              <colonnaKey>nm_campo</colonnaKey>
              <labelKey>Nome campo</labelKey>
              <valoreKey>SUB_STRUTTURA</valoreKey>
            </datoKey>
          </keyRecord>
          <datoRecord>
            <colonnaDato>nm_sub_strut</colonnaDato>
            <labelDato>Sottostruttura</labelDato>
            <valoreDato>DEFAULT</valoreDato>
          </datoRecord>
          <datoRecord>
            <colonnaDato>nm_attrib_dati_spec</colonnaDato>
            <labelDato>Dato specifico</labelDato>
            <valoreDato>null</valoreDato>
          </datoRecord>
        </child>
      </recordChild>
    </child>
    <child>
      <idRecord>2106</idRecord>
      <keyRecord>
        <datoKey>
          <colonnaKey>nm_tipo_doc</colonnaKey>
          <labelKey>Tipo documento principale</labelKey>
          <valoreKey>Ricevuta di Carico OK</valoreKey>
        </datoKey>
        <datoKey>
          <colonnaKey>dt_istituz</colonnaKey>
          <labelKey>Data istituzione</labelKey>
          <valoreKey>12/02/2015</valoreKey>
        </datoKey>
      </keyRecord>
      <datoRecord>
        <colonnaDato>dt_soppres</colonnaDato>
        <labelDato>Data soppressione</labelDato>
        <valoreDato>31/12/2444</valoreDato>
      </datoRecord>
      <recordChild>
        <tipoRecord>Campo per partizionamento</tipoRecord>
        <child>
          <idRecord>749</idRecord>
          <keyRecord>
            <datoKey>
              <colonnaKey>ti_campo</colonnaKey>
              <labelKey>Tipo campo</labelKey>
              <valoreKey>SUB_STRUT</valoreKey>
            </datoKey>
            <datoKey>
              <colonnaKey>nm_campo</colonnaKey>
              <labelKey>Nome campo</labelKey>
              <valoreKey>SUB_STRUTTURA</valoreKey>
            </datoKey>
          </keyRecord>
          <datoRecord>
            <colonnaDato>nm_sub_strut</colonnaDato>
            <labelDato>Sottostruttura</labelDato>
            <valoreDato>DEFAULT</valoreDato>
          </datoRecord>
          <datoRecord>
            <colonnaDato>nm_attrib_dati_spec</colonnaDato>
            <labelDato>Dato specifico</labelDato>
            <valoreDato>null</valoreDato>
          </datoRecord>
        </child>
      </recordChild>
    </child>
    <child>
      <idRecord>2105</idRecord>
      <keyRecord>
        <datoKey>
          <colonnaKey>nm_tipo_doc</colonnaKey>
          <labelKey>Tipo documento principale</labelKey>
          <valoreKey>Ricevuta di Carico OK</valoreKey>
        </datoKey>
        <datoKey>
          <colonnaKey>dt_istituz</colonnaKey>
          <labelKey>Data istituzione</labelKey>
          <valoreKey>12/02/2015</valoreKey>
        </datoKey>
      </keyRecord>
      <datoRecord>
        <colonnaDato>dt_soppres</colonnaDato>
        <labelDato>Data soppressione</labelDato>
        <valoreDato>31/12/2444</valoreDato>
      </datoRecord>
      <recordChild>
        <tipoRecord>Campo per partizionamento</tipoRecord>
        <child>
          <idRecord>748</idRecord>
          <keyRecord>
            <datoKey>
              <colonnaKey>ti_campo</colonnaKey>
              <labelKey>Tipo campo</labelKey>
              <valoreKey>SUB_STRUT</valoreKey>
            </datoKey>
            <datoKey>
              <colonnaKey>nm_campo</colonnaKey>
              <labelKey>Nome campo</labelKey>
              <valoreKey>SUB_STRUTTURA</valoreKey>
            </datoKey>
          </keyRecord>
          <datoRecord>
            <colonnaDato>nm_sub_strut</colonnaDato>
            <labelDato>Sottostruttura</labelDato>
            <valoreDato>DEFAULT</valoreDato>
          </datoRecord>
          <datoRecord>
            <colonnaDato>nm_attrib_dati_spec</colonnaDato>
            <labelDato>Dato specifico</labelDato>
            <valoreDato>null</valoreDato>
          </datoRecord>
        </child>
      </recordChild>
    </child>
    <child>
      <idRecord>2104</idRecord>
      <keyRecord>
        <datoKey>
          <colonnaKey>nm_tipo_doc</colonnaKey>
          <labelKey>Tipo documento principale</labelKey>
          <valoreKey>Ricevuta di Carico OK</valoreKey>
        </datoKey>
        <datoKey>
          <colonnaKey>dt_istituz</colonnaKey>
          <labelKey>Data istituzione</labelKey>
          <valoreKey>12/02/2015</valoreKey>
        </datoKey>
      </keyRecord>
      <datoRecord>
        <colonnaDato>dt_soppres</colonnaDato>
        <labelDato>Data soppressione</labelDato>
        <valoreDato>31/12/2444</valoreDato>
      </datoRecord>
      <recordChild>
        <tipoRecord>Campo per partizionamento</tipoRecord>
        <child>
          <idRecord>747</idRecord>
          <keyRecord>
            <datoKey>
              <colonnaKey>ti_campo</colonnaKey>
              <labelKey>Tipo campo</labelKey>
              <valoreKey>SUB_STRUT</valoreKey>
            </datoKey>
            <datoKey>
              <colonnaKey>nm_campo</colonnaKey>
              <labelKey>Nome campo</labelKey>
              <valoreKey>SUB_STRUTTURA</valoreKey>
            </datoKey>
          </keyRecord>
          <datoRecord>
            <colonnaDato>nm_sub_strut</colonnaDato>
            <labelDato>Sottostruttura</labelDato>
            <valoreDato>DEFAULT</valoreDato>
          </datoRecord>
          <datoRecord>
            <colonnaDato>nm_attrib_dati_spec</colonnaDato>
            <labelDato>Dato specifico</labelDato>
            <valoreDato>null</valoreDato>
          </datoRecord>
        </child>
      </recordChild>
    </child>
    <child>
      <idRecord>2103</idRecord>
      <keyRecord>
        <datoKey>
          <colonnaKey>nm_tipo_doc</colonnaKey>
          <labelKey>Tipo documento principale</labelKey>
          <valoreKey>Ricevuta di Carico OK</valoreKey>
        </datoKey>
        <datoKey>
          <colonnaKey>dt_istituz</colonnaKey>
          <labelKey>Data istituzione</labelKey>
          <valoreKey>12/02/2015</valoreKey>
        </datoKey>
      </keyRecord>
      <datoRecord>
        <colonnaDato>dt_soppres</colonnaDato>
        <labelDato>Data soppressione</labelDato>
        <valoreDato>31/12/2444</valoreDato>
      </datoRecord>
      <recordChild>
        <tipoRecord>Campo per partizionamento</tipoRecord>
        <child>
          <idRecord>746</idRecord>
          <keyRecord>
            <datoKey>
              <colonnaKey>ti_campo</colonnaKey>
              <labelKey>Tipo campo</labelKey>
              <valoreKey>SUB_STRUT</valoreKey>
            </datoKey>
            <datoKey>
              <colonnaKey>nm_campo</colonnaKey>
              <labelKey>Nome campo</labelKey>
              <valoreKey>SUB_STRUTTURA</valoreKey>
            </datoKey>
          </keyRecord>
          <datoRecord>
            <colonnaDato>nm_sub_strut</colonnaDato>
            <labelDato>Sottostruttura</labelDato>
            <valoreDato>DEFAULT</valoreDato>
          </datoRecord>
          <datoRecord>
            <colonnaDato>nm_attrib_dati_spec</colonnaDato>
            <labelDato>Dato specifico</labelDato>
            <valoreDato>null</valoreDato>
          </datoRecord>
        </child>
      </recordChild>
    </child>
    <child>
      <idRecord>2102</idRecord>
      <keyRecord>
        <datoKey>
          <colonnaKey>nm_tipo_doc</colonnaKey>
          <labelKey>Tipo documento principale</labelKey>
          <valoreKey>Ricevuta di Carico OK</valoreKey>
        </datoKey>
        <datoKey>
          <colonnaKey>dt_istituz</colonnaKey>
          <labelKey>Data istituzione</labelKey>
          <valoreKey>12/02/2015</valoreKey>
        </datoKey>
      </keyRecord>
      <datoRecord>
        <colonnaDato>dt_soppres</colonnaDato>
        <labelDato>Data soppressione</labelDato>
        <valoreDato>31/12/2444</valoreDato>
      </datoRecord>
      <recordChild>
        <tipoRecord>Campo per partizionamento</tipoRecord>
        <child>
          <idRecord>745</idRecord>
          <keyRecord>
            <datoKey>
              <colonnaKey>ti_campo</colonnaKey>
              <labelKey>Tipo campo</labelKey>
              <valoreKey>SUB_STRUT</valoreKey>
            </datoKey>
            <datoKey>
              <colonnaKey>nm_campo</colonnaKey>
              <labelKey>Nome campo</labelKey>
              <valoreKey>SUB_STRUTTURA</valoreKey>
            </datoKey>
          </keyRecord>
          <datoRecord>
            <colonnaDato>nm_sub_strut</colonnaDato>
            <labelDato>Sottostruttura</labelDato>
            <valoreDato>DEFAULT</valoreDato>
          </datoRecord>
          <datoRecord>
            <colonnaDato>nm_attrib_dati_spec</colonnaDato>
            <labelDato>Dato specifico</labelDato>
            <valoreDato>null</valoreDato>
          </datoRecord>
        </child>
      </recordChild>
    </child>
    <child>
      <idRecord>932</idRecord>
      <keyRecord>
        <datoKey>
          <colonnaKey>nm_tipo_doc</colonnaKey>
          <labelKey>Tipo documento principale</labelKey>
          <valoreKey>Ricevuta di Esecuzione KO</valoreKey>
        </datoKey>
        <datoKey>
          <colonnaKey>dt_istituz</colonnaKey>
          <labelKey>Data istituzione</labelKey>
          <valoreKey>19/01/2015</valoreKey>
        </datoKey>
      </keyRecord>
      <datoRecord>
        <colonnaDato>dt_soppres</colonnaDato>
        <labelDato>Data soppressione</labelDato>
        <valoreDato>31/12/2444</valoreDato>
      </datoRecord>
      <recordChild>
        <tipoRecord>Campo per partizionamento</tipoRecord>
        <child>
          <idRecord>612</idRecord>
          <keyRecord>
            <datoKey>
              <colonnaKey>ti_campo</colonnaKey>
              <labelKey>Tipo campo</labelKey>
              <valoreKey>SUB_STRUT</valoreKey>
            </datoKey>
            <datoKey>
              <colonnaKey>nm_campo</colonnaKey>
              <labelKey>Nome campo</labelKey>
              <valoreKey>SUB_STRUTTURA</valoreKey>
            </datoKey>
          </keyRecord>
          <datoRecord>
            <colonnaDato>nm_sub_strut</colonnaDato>
            <labelDato>Sottostruttura</labelDato>
            <valoreDato>DEFAULT</valoreDato>
          </datoRecord>
          <datoRecord>
            <colonnaDato>nm_attrib_dati_spec</colonnaDato>
            <labelDato>Dato specifico</labelDato>
            <valoreDato>null</valoreDato>
          </datoRecord>
        </child>
      </recordChild>
    </child>
    <child>
      <idRecord>9983</idRecord>
      <keyRecord>
        <datoKey>
          <colonnaKey>nm_tipo_doc</colonnaKey>
          <labelKey>Tipo documento principale</labelKey>
          <valoreKey>Ricevuta di Esecuzione KO</valoreKey>
        </datoKey>
        <datoKey>
          <colonnaKey>dt_istituz</colonnaKey>
          <labelKey>Data istituzione</labelKey>
          <valoreKey>04/07/2016</valoreKey>
        </datoKey>
      </keyRecord>
      <datoRecord>
        <colonnaDato>dt_soppres</colonnaDato>
        <labelDato>Data soppressione</labelDato>
        <valoreDato>31/12/2444</valoreDato>
      </datoRecord>
      <recordChild>
        <tipoRecord>Campo per partizionamento</tipoRecord>
        <child>
          <idRecord>8303</idRecord>
          <keyRecord>
            <datoKey>
              <colonnaKey>ti_campo</colonnaKey>
              <labelKey>Tipo campo</labelKey>
              <valoreKey>SUB_STRUT</valoreKey>
            </datoKey>
            <datoKey>
              <colonnaKey>nm_campo</colonnaKey>
              <labelKey>Nome campo</labelKey>
              <valoreKey>SUB_STRUTTURA</valoreKey>
            </datoKey>
          </keyRecord>
          <datoRecord>
            <colonnaDato>nm_sub_strut</colonnaDato>
            <labelDato>Sottostruttura</labelDato>
            <valoreDato>DEFAULT</valoreDato>
          </datoRecord>
          <datoRecord>
            <colonnaDato>nm_attrib_dati_spec</colonnaDato>
            <labelDato>Dato specifico</labelDato>
            <valoreDato>null</valoreDato>
          </datoRecord>
        </child>
      </recordChild>
    </child>
    <child>
      <idRecord>1951</idRecord>
      <keyRecord>
        <datoKey>
          <colonnaKey>nm_tipo_doc</colonnaKey>
          <labelKey>Tipo documento principale</labelKey>
          <valoreKey>Ricevuta di Esecuzione KO</valoreKey>
        </datoKey>
        <datoKey>
          <colonnaKey>dt_istituz</colonnaKey>
          <labelKey>Data istituzione</labelKey>
          <valoreKey>12/02/2015</valoreKey>
        </datoKey>
      </keyRecord>
      <datoRecord>
        <colonnaDato>dt_soppres</colonnaDato>
        <labelDato>Data soppressione</labelDato>
        <valoreDato>31/12/2444</valoreDato>
      </datoRecord>
      <recordChild>
        <tipoRecord>Campo per partizionamento</tipoRecord>
        <child>
          <idRecord>1262</idRecord>
          <keyRecord>
            <datoKey>
              <colonnaKey>ti_campo</colonnaKey>
              <labelKey>Tipo campo</labelKey>
              <valoreKey>SUB_STRUT</valoreKey>
            </datoKey>
            <datoKey>
              <colonnaKey>nm_campo</colonnaKey>
              <labelKey>Nome campo</labelKey>
              <valoreKey>SUB_STRUTTURA</valoreKey>
            </datoKey>
          </keyRecord>
          <datoRecord>
            <colonnaDato>nm_sub_strut</colonnaDato>
            <labelDato>Sottostruttura</labelDato>
            <valoreDato>DEFAULT</valoreDato>
          </datoRecord>
          <datoRecord>
            <colonnaDato>nm_attrib_dati_spec</colonnaDato>
            <labelDato>Dato specifico</labelDato>
            <valoreDato>null</valoreDato>
          </datoRecord>
        </child>
      </recordChild>
    </child>
    <child>
      <idRecord>1950</idRecord>
      <keyRecord>
        <datoKey>
          <colonnaKey>nm_tipo_doc</colonnaKey>
          <labelKey>Tipo documento principale</labelKey>
          <valoreKey>Ricevuta di Esecuzione KO</valoreKey>
        </datoKey>
        <datoKey>
          <colonnaKey>dt_istituz</colonnaKey>
          <labelKey>Data istituzione</labelKey>
          <valoreKey>12/02/2015</valoreKey>
        </datoKey>
      </keyRecord>
      <datoRecord>
        <colonnaDato>dt_soppres</colonnaDato>
        <labelDato>Data soppressione</labelDato>
        <valoreDato>31/12/2444</valoreDato>
      </datoRecord>
      <recordChild>
        <tipoRecord>Campo per partizionamento</tipoRecord>
        <child>
          <idRecord>1261</idRecord>
          <keyRecord>
            <datoKey>
              <colonnaKey>ti_campo</colonnaKey>
              <labelKey>Tipo campo</labelKey>
              <valoreKey>SUB_STRUT</valoreKey>
            </datoKey>
            <datoKey>
              <colonnaKey>nm_campo</colonnaKey>
              <labelKey>Nome campo</labelKey>
              <valoreKey>SUB_STRUTTURA</valoreKey>
            </datoKey>
          </keyRecord>
          <datoRecord>
            <colonnaDato>nm_sub_strut</colonnaDato>
            <labelDato>Sottostruttura</labelDato>
            <valoreDato>DEFAULT</valoreDato>
          </datoRecord>
          <datoRecord>
            <colonnaDato>nm_attrib_dati_spec</colonnaDato>
            <labelDato>Dato specifico</labelDato>
            <valoreDato>null</valoreDato>
          </datoRecord>
        </child>
      </recordChild>
    </child>
    <child>
      <idRecord>1949</idRecord>
      <keyRecord>
        <datoKey>
          <colonnaKey>nm_tipo_doc</colonnaKey>
          <labelKey>Tipo documento principale</labelKey>
          <valoreKey>Ricevuta di Esecuzione KO</valoreKey>
        </datoKey>
        <datoKey>
          <colonnaKey>dt_istituz</colonnaKey>
          <labelKey>Data istituzione</labelKey>
          <valoreKey>12/02/2015</valoreKey>
        </datoKey>
      </keyRecord>
      <datoRecord>
        <colonnaDato>dt_soppres</colonnaDato>
        <labelDato>Data soppressione</labelDato>
        <valoreDato>31/12/2444</valoreDato>
      </datoRecord>
      <recordChild>
        <tipoRecord>Campo per partizionamento</tipoRecord>
        <child>
          <idRecord>1260</idRecord>
          <keyRecord>
            <datoKey>
              <colonnaKey>ti_campo</colonnaKey>
              <labelKey>Tipo campo</labelKey>
              <valoreKey>SUB_STRUT</valoreKey>
            </datoKey>
            <datoKey>
              <colonnaKey>nm_campo</colonnaKey>
              <labelKey>Nome campo</labelKey>
              <valoreKey>SUB_STRUTTURA</valoreKey>
            </datoKey>
          </keyRecord>
          <datoRecord>
            <colonnaDato>nm_sub_strut</colonnaDato>
            <labelDato>Sottostruttura</labelDato>
            <valoreDato>DEFAULT</valoreDato>
          </datoRecord>
          <datoRecord>
            <colonnaDato>nm_attrib_dati_spec</colonnaDato>
            <labelDato>Dato specifico</labelDato>
            <valoreDato>null</valoreDato>
          </datoRecord>
        </child>
      </recordChild>
    </child>
    <child>
      <idRecord>1948</idRecord>
      <keyRecord>
        <datoKey>
          <colonnaKey>nm_tipo_doc</colonnaKey>
          <labelKey>Tipo documento principale</labelKey>
          <valoreKey>Ricevuta di Esecuzione KO</valoreKey>
        </datoKey>
        <datoKey>
          <colonnaKey>dt_istituz</colonnaKey>
          <labelKey>Data istituzione</labelKey>
          <valoreKey>12/02/2015</valoreKey>
        </datoKey>
      </keyRecord>
      <datoRecord>
        <colonnaDato>dt_soppres</colonnaDato>
        <labelDato>Data soppressione</labelDato>
        <valoreDato>31/12/2444</valoreDato>
      </datoRecord>
      <recordChild>
        <tipoRecord>Campo per partizionamento</tipoRecord>
        <child>
          <idRecord>1259</idRecord>
          <keyRecord>
            <datoKey>
              <colonnaKey>ti_campo</colonnaKey>
              <labelKey>Tipo campo</labelKey>
              <valoreKey>SUB_STRUT</valoreKey>
            </datoKey>
            <datoKey>
              <colonnaKey>nm_campo</colonnaKey>
              <labelKey>Nome campo</labelKey>
              <valoreKey>SUB_STRUTTURA</valoreKey>
            </datoKey>
          </keyRecord>
          <datoRecord>
            <colonnaDato>nm_sub_strut</colonnaDato>
            <labelDato>Sottostruttura</labelDato>
            <valoreDato>DEFAULT</valoreDato>
          </datoRecord>
          <datoRecord>
            <colonnaDato>nm_attrib_dati_spec</colonnaDato>
            <labelDato>Dato specifico</labelDato>
            <valoreDato>null</valoreDato>
          </datoRecord>
        </child>
      </recordChild>
    </child>
    <child>
      <idRecord>1869</idRecord>
      <keyRecord>
        <datoKey>
          <colonnaKey>nm_tipo_doc</colonnaKey>
          <labelKey>Tipo documento principale</labelKey>
          <valoreKey>Ricevuta di Esecuzione KO</valoreKey>
        </datoKey>
        <datoKey>
          <colonnaKey>dt_istituz</colonnaKey>
          <labelKey>Data istituzione</labelKey>
          <valoreKey>12/02/2015</valoreKey>
        </datoKey>
      </keyRecord>
      <datoRecord>
        <colonnaDato>dt_soppres</colonnaDato>
        <labelDato>Data soppressione</labelDato>
        <valoreDato>31/12/2444</valoreDato>
      </datoRecord>
      <recordChild>
        <tipoRecord>Campo per partizionamento</tipoRecord>
        <child>
          <idRecord>1180</idRecord>
          <keyRecord>
            <datoKey>
              <colonnaKey>ti_campo</colonnaKey>
              <labelKey>Tipo campo</labelKey>
              <valoreKey>SUB_STRUT</valoreKey>
            </datoKey>
            <datoKey>
              <colonnaKey>nm_campo</colonnaKey>
              <labelKey>Nome campo</labelKey>
              <valoreKey>SUB_STRUTTURA</valoreKey>
            </datoKey>
          </keyRecord>
          <datoRecord>
            <colonnaDato>nm_sub_strut</colonnaDato>
            <labelDato>Sottostruttura</labelDato>
            <valoreDato>DEFAULT</valoreDato>
          </datoRecord>
          <datoRecord>
            <colonnaDato>nm_attrib_dati_spec</colonnaDato>
            <labelDato>Dato specifico</labelDato>
            <valoreDato>null</valoreDato>
          </datoRecord>
        </child>
      </recordChild>
    </child>
    <child>
      <idRecord>2157</idRecord>
      <keyRecord>
        <datoKey>
          <colonnaKey>nm_tipo_doc</colonnaKey>
          <labelKey>Tipo documento principale</labelKey>
          <valoreKey>Ricevuta di Esecuzione KO</valoreKey>
        </datoKey>
        <datoKey>
          <colonnaKey>dt_istituz</colonnaKey>
          <labelKey>Data istituzione</labelKey>
          <valoreKey>12/02/2015</valoreKey>
        </datoKey>
      </keyRecord>
      <datoRecord>
        <colonnaDato>dt_soppres</colonnaDato>
        <labelDato>Data soppressione</labelDato>
        <valoreDato>31/12/2444</valoreDato>
      </datoRecord>
      <recordChild>
        <tipoRecord>Campo per partizionamento</tipoRecord>
        <child>
          <idRecord>800</idRecord>
          <keyRecord>
            <datoKey>
              <colonnaKey>ti_campo</colonnaKey>
              <labelKey>Tipo campo</labelKey>
              <valoreKey>SUB_STRUT</valoreKey>
            </datoKey>
            <datoKey>
              <colonnaKey>nm_campo</colonnaKey>
              <labelKey>Nome campo</labelKey>
              <valoreKey>SUB_STRUTTURA</valoreKey>
            </datoKey>
          </keyRecord>
          <datoRecord>
            <colonnaDato>nm_sub_strut</colonnaDato>
            <labelDato>Sottostruttura</labelDato>
            <valoreDato>DEFAULT</valoreDato>
          </datoRecord>
          <datoRecord>
            <colonnaDato>nm_attrib_dati_spec</colonnaDato>
            <labelDato>Dato specifico</labelDato>
            <valoreDato>null</valoreDato>
          </datoRecord>
        </child>
      </recordChild>
    </child>
    <child>
      <idRecord>2156</idRecord>
      <keyRecord>
        <datoKey>
          <colonnaKey>nm_tipo_doc</colonnaKey>
          <labelKey>Tipo documento principale</labelKey>
          <valoreKey>Ricevuta di Esecuzione KO</valoreKey>
        </datoKey>
        <datoKey>
          <colonnaKey>dt_istituz</colonnaKey>
          <labelKey>Data istituzione</labelKey>
          <valoreKey>12/02/2015</valoreKey>
        </datoKey>
      </keyRecord>
      <datoRecord>
        <colonnaDato>dt_soppres</colonnaDato>
        <labelDato>Data soppressione</labelDato>
        <valoreDato>31/12/2444</valoreDato>
      </datoRecord>
      <recordChild>
        <tipoRecord>Campo per partizionamento</tipoRecord>
        <child>
          <idRecord>799</idRecord>
          <keyRecord>
            <datoKey>
              <colonnaKey>ti_campo</colonnaKey>
              <labelKey>Tipo campo</labelKey>
              <valoreKey>SUB_STRUT</valoreKey>
            </datoKey>
            <datoKey>
              <colonnaKey>nm_campo</colonnaKey>
              <labelKey>Nome campo</labelKey>
              <valoreKey>SUB_STRUTTURA</valoreKey>
            </datoKey>
          </keyRecord>
          <datoRecord>
            <colonnaDato>nm_sub_strut</colonnaDato>
            <labelDato>Sottostruttura</labelDato>
            <valoreDato>DEFAULT</valoreDato>
          </datoRecord>
          <datoRecord>
            <colonnaDato>nm_attrib_dati_spec</colonnaDato>
            <labelDato>Dato specifico</labelDato>
            <valoreDato>null</valoreDato>
          </datoRecord>
        </child>
      </recordChild>
    </child>
    <child>
      <idRecord>2155</idRecord>
      <keyRecord>
        <datoKey>
          <colonnaKey>nm_tipo_doc</colonnaKey>
          <labelKey>Tipo documento principale</labelKey>
          <valoreKey>Ricevuta di Esecuzione KO</valoreKey>
        </datoKey>
        <datoKey>
          <colonnaKey>dt_istituz</colonnaKey>
          <labelKey>Data istituzione</labelKey>
          <valoreKey>12/02/2015</valoreKey>
        </datoKey>
      </keyRecord>
      <datoRecord>
        <colonnaDato>dt_soppres</colonnaDato>
        <labelDato>Data soppressione</labelDato>
        <valoreDato>31/12/2444</valoreDato>
      </datoRecord>
      <recordChild>
        <tipoRecord>Campo per partizionamento</tipoRecord>
        <child>
          <idRecord>798</idRecord>
          <keyRecord>
            <datoKey>
              <colonnaKey>ti_campo</colonnaKey>
              <labelKey>Tipo campo</labelKey>
              <valoreKey>SUB_STRUT</valoreKey>
            </datoKey>
            <datoKey>
              <colonnaKey>nm_campo</colonnaKey>
              <labelKey>Nome campo</labelKey>
              <valoreKey>SUB_STRUTTURA</valoreKey>
            </datoKey>
          </keyRecord>
          <datoRecord>
            <colonnaDato>nm_sub_strut</colonnaDato>
            <labelDato>Sottostruttura</labelDato>
            <valoreDato>DEFAULT</valoreDato>
          </datoRecord>
          <datoRecord>
            <colonnaDato>nm_attrib_dati_spec</colonnaDato>
            <labelDato>Dato specifico</labelDato>
            <valoreDato>null</valoreDato>
          </datoRecord>
        </child>
      </recordChild>
    </child>
    <child>
      <idRecord>2154</idRecord>
      <keyRecord>
        <datoKey>
          <colonnaKey>nm_tipo_doc</colonnaKey>
          <labelKey>Tipo documento principale</labelKey>
          <valoreKey>Ricevuta di Esecuzione KO</valoreKey>
        </datoKey>
        <datoKey>
          <colonnaKey>dt_istituz</colonnaKey>
          <labelKey>Data istituzione</labelKey>
          <valoreKey>12/02/2015</valoreKey>
        </datoKey>
      </keyRecord>
      <datoRecord>
        <colonnaDato>dt_soppres</colonnaDato>
        <labelDato>Data soppressione</labelDato>
        <valoreDato>31/12/2444</valoreDato>
      </datoRecord>
      <recordChild>
        <tipoRecord>Campo per partizionamento</tipoRecord>
        <child>
          <idRecord>797</idRecord>
          <keyRecord>
            <datoKey>
              <colonnaKey>ti_campo</colonnaKey>
              <labelKey>Tipo campo</labelKey>
              <valoreKey>SUB_STRUT</valoreKey>
            </datoKey>
            <datoKey>
              <colonnaKey>nm_campo</colonnaKey>
              <labelKey>Nome campo</labelKey>
              <valoreKey>SUB_STRUTTURA</valoreKey>
            </datoKey>
          </keyRecord>
          <datoRecord>
            <colonnaDato>nm_sub_strut</colonnaDato>
            <labelDato>Sottostruttura</labelDato>
            <valoreDato>DEFAULT</valoreDato>
          </datoRecord>
          <datoRecord>
            <colonnaDato>nm_attrib_dati_spec</colonnaDato>
            <labelDato>Dato specifico</labelDato>
            <valoreDato>null</valoreDato>
          </datoRecord>
        </child>
      </recordChild>
    </child>
    <child>
      <idRecord>2153</idRecord>
      <keyRecord>
        <datoKey>
          <colonnaKey>nm_tipo_doc</colonnaKey>
          <labelKey>Tipo documento principale</labelKey>
          <valoreKey>Ricevuta di Esecuzione KO</valoreKey>
        </datoKey>
        <datoKey>
          <colonnaKey>dt_istituz</colonnaKey>
          <labelKey>Data istituzione</labelKey>
          <valoreKey>12/02/2015</valoreKey>
        </datoKey>
      </keyRecord>
      <datoRecord>
        <colonnaDato>dt_soppres</colonnaDato>
        <labelDato>Data soppressione</labelDato>
        <valoreDato>31/12/2444</valoreDato>
      </datoRecord>
      <recordChild>
        <tipoRecord>Campo per partizionamento</tipoRecord>
        <child>
          <idRecord>796</idRecord>
          <keyRecord>
            <datoKey>
              <colonnaKey>ti_campo</colonnaKey>
              <labelKey>Tipo campo</labelKey>
              <valoreKey>SUB_STRUT</valoreKey>
            </datoKey>
            <datoKey>
              <colonnaKey>nm_campo</colonnaKey>
              <labelKey>Nome campo</labelKey>
              <valoreKey>SUB_STRUTTURA</valoreKey>
            </datoKey>
          </keyRecord>
          <datoRecord>
            <colonnaDato>nm_sub_strut</colonnaDato>
            <labelDato>Sottostruttura</labelDato>
            <valoreDato>DEFAULT</valoreDato>
          </datoRecord>
          <datoRecord>
            <colonnaDato>nm_attrib_dati_spec</colonnaDato>
            <labelDato>Dato specifico</labelDato>
            <valoreDato>null</valoreDato>
          </datoRecord>
        </child>
      </recordChild>
    </child>
    <child>
      <idRecord>2152</idRecord>
      <keyRecord>
        <datoKey>
          <colonnaKey>nm_tipo_doc</colonnaKey>
          <labelKey>Tipo documento principale</labelKey>
          <valoreKey>Ricevuta di Esecuzione KO</valoreKey>
        </datoKey>
        <datoKey>
          <colonnaKey>dt_istituz</colonnaKey>
          <labelKey>Data istituzione</labelKey>
          <valoreKey>12/02/2015</valoreKey>
        </datoKey>
      </keyRecord>
      <datoRecord>
        <colonnaDato>dt_soppres</colonnaDato>
        <labelDato>Data soppressione</labelDato>
        <valoreDato>31/12/2444</valoreDato>
      </datoRecord>
      <recordChild>
        <tipoRecord>Campo per partizionamento</tipoRecord>
        <child>
          <idRecord>795</idRecord>
          <keyRecord>
            <datoKey>
              <colonnaKey>ti_campo</colonnaKey>
              <labelKey>Tipo campo</labelKey>
              <valoreKey>SUB_STRUT</valoreKey>
            </datoKey>
            <datoKey>
              <colonnaKey>nm_campo</colonnaKey>
              <labelKey>Nome campo</labelKey>
              <valoreKey>SUB_STRUTTURA</valoreKey>
            </datoKey>
          </keyRecord>
          <datoRecord>
            <colonnaDato>nm_sub_strut</colonnaDato>
            <labelDato>Sottostruttura</labelDato>
            <valoreDato>DEFAULT</valoreDato>
          </datoRecord>
          <datoRecord>
            <colonnaDato>nm_attrib_dati_spec</colonnaDato>
            <labelDato>Dato specifico</labelDato>
            <valoreDato>null</valoreDato>
          </datoRecord>
        </child>
      </recordChild>
    </child>
    <child>
      <idRecord>2151</idRecord>
      <keyRecord>
        <datoKey>
          <colonnaKey>nm_tipo_doc</colonnaKey>
          <labelKey>Tipo documento principale</labelKey>
          <valoreKey>Ricevuta di Esecuzione KO</valoreKey>
        </datoKey>
        <datoKey>
          <colonnaKey>dt_istituz</colonnaKey>
          <labelKey>Data istituzione</labelKey>
          <valoreKey>12/02/2015</valoreKey>
        </datoKey>
      </keyRecord>
      <datoRecord>
        <colonnaDato>dt_soppres</colonnaDato>
        <labelDato>Data soppressione</labelDato>
        <valoreDato>31/12/2444</valoreDato>
      </datoRecord>
      <recordChild>
        <tipoRecord>Campo per partizionamento</tipoRecord>
        <child>
          <idRecord>794</idRecord>
          <keyRecord>
            <datoKey>
              <colonnaKey>ti_campo</colonnaKey>
              <labelKey>Tipo campo</labelKey>
              <valoreKey>SUB_STRUT</valoreKey>
            </datoKey>
            <datoKey>
              <colonnaKey>nm_campo</colonnaKey>
              <labelKey>Nome campo</labelKey>
              <valoreKey>SUB_STRUTTURA</valoreKey>
            </datoKey>
          </keyRecord>
          <datoRecord>
            <colonnaDato>nm_sub_strut</colonnaDato>
            <labelDato>Sottostruttura</labelDato>
            <valoreDato>DEFAULT</valoreDato>
          </datoRecord>
          <datoRecord>
            <colonnaDato>nm_attrib_dati_spec</colonnaDato>
            <labelDato>Dato specifico</labelDato>
            <valoreDato>null</valoreDato>
          </datoRecord>
        </child>
      </recordChild>
    </child>
    <child>
      <idRecord>2150</idRecord>
      <keyRecord>
        <datoKey>
          <colonnaKey>nm_tipo_doc</colonnaKey>
          <labelKey>Tipo documento principale</labelKey>
          <valoreKey>Ricevuta di Esecuzione KO</valoreKey>
        </datoKey>
        <datoKey>
          <colonnaKey>dt_istituz</colonnaKey>
          <labelKey>Data istituzione</labelKey>
          <valoreKey>12/02/2015</valoreKey>
        </datoKey>
      </keyRecord>
      <datoRecord>
        <colonnaDato>dt_soppres</colonnaDato>
        <labelDato>Data soppressione</labelDato>
        <valoreDato>31/12/2444</valoreDato>
      </datoRecord>
      <recordChild>
        <tipoRecord>Campo per partizionamento</tipoRecord>
        <child>
          <idRecord>793</idRecord>
          <keyRecord>
            <datoKey>
              <colonnaKey>ti_campo</colonnaKey>
              <labelKey>Tipo campo</labelKey>
              <valoreKey>SUB_STRUT</valoreKey>
            </datoKey>
            <datoKey>
              <colonnaKey>nm_campo</colonnaKey>
              <labelKey>Nome campo</labelKey>
              <valoreKey>SUB_STRUTTURA</valoreKey>
            </datoKey>
          </keyRecord>
          <datoRecord>
            <colonnaDato>nm_sub_strut</colonnaDato>
            <labelDato>Sottostruttura</labelDato>
            <valoreDato>DEFAULT</valoreDato>
          </datoRecord>
          <datoRecord>
            <colonnaDato>nm_attrib_dati_spec</colonnaDato>
            <labelDato>Dato specifico</labelDato>
            <valoreDato>null</valoreDato>
          </datoRecord>
        </child>
      </recordChild>
    </child>
    <child>
      <idRecord>2149</idRecord>
      <keyRecord>
        <datoKey>
          <colonnaKey>nm_tipo_doc</colonnaKey>
          <labelKey>Tipo documento principale</labelKey>
          <valoreKey>Ricevuta di Esecuzione KO</valoreKey>
        </datoKey>
        <datoKey>
          <colonnaKey>dt_istituz</colonnaKey>
          <labelKey>Data istituzione</labelKey>
          <valoreKey>12/02/2015</valoreKey>
        </datoKey>
      </keyRecord>
      <datoRecord>
        <colonnaDato>dt_soppres</colonnaDato>
        <labelDato>Data soppressione</labelDato>
        <valoreDato>31/12/2444</valoreDato>
      </datoRecord>
      <recordChild>
        <tipoRecord>Campo per partizionamento</tipoRecord>
        <child>
          <idRecord>792</idRecord>
          <keyRecord>
            <datoKey>
              <colonnaKey>ti_campo</colonnaKey>
              <labelKey>Tipo campo</labelKey>
              <valoreKey>SUB_STRUT</valoreKey>
            </datoKey>
            <datoKey>
              <colonnaKey>nm_campo</colonnaKey>
              <labelKey>Nome campo</labelKey>
              <valoreKey>SUB_STRUTTURA</valoreKey>
            </datoKey>
          </keyRecord>
          <datoRecord>
            <colonnaDato>nm_sub_strut</colonnaDato>
            <labelDato>Sottostruttura</labelDato>
            <valoreDato>DEFAULT</valoreDato>
          </datoRecord>
          <datoRecord>
            <colonnaDato>nm_attrib_dati_spec</colonnaDato>
            <labelDato>Dato specifico</labelDato>
            <valoreDato>null</valoreDato>
          </datoRecord>
        </child>
      </recordChild>
    </child>
    <child>
      <idRecord>2148</idRecord>
      <keyRecord>
        <datoKey>
          <colonnaKey>nm_tipo_doc</colonnaKey>
          <labelKey>Tipo documento principale</labelKey>
          <valoreKey>Ricevuta di Esecuzione KO</valoreKey>
        </datoKey>
        <datoKey>
          <colonnaKey>dt_istituz</colonnaKey>
          <labelKey>Data istituzione</labelKey>
          <valoreKey>12/02/2015</valoreKey>
        </datoKey>
      </keyRecord>
      <datoRecord>
        <colonnaDato>dt_soppres</colonnaDato>
        <labelDato>Data soppressione</labelDato>
        <valoreDato>31/12/2444</valoreDato>
      </datoRecord>
      <recordChild>
        <tipoRecord>Campo per partizionamento</tipoRecord>
        <child>
          <idRecord>791</idRecord>
          <keyRecord>
            <datoKey>
              <colonnaKey>ti_campo</colonnaKey>
              <labelKey>Tipo campo</labelKey>
              <valoreKey>SUB_STRUT</valoreKey>
            </datoKey>
            <datoKey>
              <colonnaKey>nm_campo</colonnaKey>
              <labelKey>Nome campo</labelKey>
              <valoreKey>SUB_STRUTTURA</valoreKey>
            </datoKey>
          </keyRecord>
          <datoRecord>
            <colonnaDato>nm_sub_strut</colonnaDato>
            <labelDato>Sottostruttura</labelDato>
            <valoreDato>DEFAULT</valoreDato>
          </datoRecord>
          <datoRecord>
            <colonnaDato>nm_attrib_dati_spec</colonnaDato>
            <labelDato>Dato specifico</labelDato>
            <valoreDato>null</valoreDato>
          </datoRecord>
        </child>
      </recordChild>
    </child>
    <child>
      <idRecord>2147</idRecord>
      <keyRecord>
        <datoKey>
          <colonnaKey>nm_tipo_doc</colonnaKey>
          <labelKey>Tipo documento principale</labelKey>
          <valoreKey>Ricevuta di Esecuzione KO</valoreKey>
        </datoKey>
        <datoKey>
          <colonnaKey>dt_istituz</colonnaKey>
          <labelKey>Data istituzione</labelKey>
          <valoreKey>12/02/2015</valoreKey>
        </datoKey>
      </keyRecord>
      <datoRecord>
        <colonnaDato>dt_soppres</colonnaDato>
        <labelDato>Data soppressione</labelDato>
        <valoreDato>31/12/2444</valoreDato>
      </datoRecord>
      <recordChild>
        <tipoRecord>Campo per partizionamento</tipoRecord>
        <child>
          <idRecord>790</idRecord>
          <keyRecord>
            <datoKey>
              <colonnaKey>ti_campo</colonnaKey>
              <labelKey>Tipo campo</labelKey>
              <valoreKey>SUB_STRUT</valoreKey>
            </datoKey>
            <datoKey>
              <colonnaKey>nm_campo</colonnaKey>
              <labelKey>Nome campo</labelKey>
              <valoreKey>SUB_STRUTTURA</valoreKey>
            </datoKey>
          </keyRecord>
          <datoRecord>
            <colonnaDato>nm_sub_strut</colonnaDato>
            <labelDato>Sottostruttura</labelDato>
            <valoreDato>DEFAULT</valoreDato>
          </datoRecord>
          <datoRecord>
            <colonnaDato>nm_attrib_dati_spec</colonnaDato>
            <labelDato>Dato specifico</labelDato>
            <valoreDato>null</valoreDato>
          </datoRecord>
        </child>
      </recordChild>
    </child>
    <child>
      <idRecord>2146</idRecord>
      <keyRecord>
        <datoKey>
          <colonnaKey>nm_tipo_doc</colonnaKey>
          <labelKey>Tipo documento principale</labelKey>
          <valoreKey>Ricevuta di Esecuzione KO</valoreKey>
        </datoKey>
        <datoKey>
          <colonnaKey>dt_istituz</colonnaKey>
          <labelKey>Data istituzione</labelKey>
          <valoreKey>12/02/2015</valoreKey>
        </datoKey>
      </keyRecord>
      <datoRecord>
        <colonnaDato>dt_soppres</colonnaDato>
        <labelDato>Data soppressione</labelDato>
        <valoreDato>31/12/2444</valoreDato>
      </datoRecord>
      <recordChild>
        <tipoRecord>Campo per partizionamento</tipoRecord>
        <child>
          <idRecord>789</idRecord>
          <keyRecord>
            <datoKey>
              <colonnaKey>ti_campo</colonnaKey>
              <labelKey>Tipo campo</labelKey>
              <valoreKey>SUB_STRUT</valoreKey>
            </datoKey>
            <datoKey>
              <colonnaKey>nm_campo</colonnaKey>
              <labelKey>Nome campo</labelKey>
              <valoreKey>SUB_STRUTTURA</valoreKey>
            </datoKey>
          </keyRecord>
          <datoRecord>
            <colonnaDato>nm_sub_strut</colonnaDato>
            <labelDato>Sottostruttura</labelDato>
            <valoreDato>DEFAULT</valoreDato>
          </datoRecord>
          <datoRecord>
            <colonnaDato>nm_attrib_dati_spec</colonnaDato>
            <labelDato>Dato specifico</labelDato>
            <valoreDato>null</valoreDato>
          </datoRecord>
        </child>
      </recordChild>
    </child>
    <child>
      <idRecord>2145</idRecord>
      <keyRecord>
        <datoKey>
          <colonnaKey>nm_tipo_doc</colonnaKey>
          <labelKey>Tipo documento principale</labelKey>
          <valoreKey>Ricevuta di Esecuzione KO</valoreKey>
        </datoKey>
        <datoKey>
          <colonnaKey>dt_istituz</colonnaKey>
          <labelKey>Data istituzione</labelKey>
          <valoreKey>12/02/2015</valoreKey>
        </datoKey>
      </keyRecord>
      <datoRecord>
        <colonnaDato>dt_soppres</colonnaDato>
        <labelDato>Data soppressione</labelDato>
        <valoreDato>31/12/2444</valoreDato>
      </datoRecord>
      <recordChild>
        <tipoRecord>Campo per partizionamento</tipoRecord>
        <child>
          <idRecord>788</idRecord>
          <keyRecord>
            <datoKey>
              <colonnaKey>ti_campo</colonnaKey>
              <labelKey>Tipo campo</labelKey>
              <valoreKey>SUB_STRUT</valoreKey>
            </datoKey>
            <datoKey>
              <colonnaKey>nm_campo</colonnaKey>
              <labelKey>Nome campo</labelKey>
              <valoreKey>SUB_STRUTTURA</valoreKey>
            </datoKey>
          </keyRecord>
          <datoRecord>
            <colonnaDato>nm_sub_strut</colonnaDato>
            <labelDato>Sottostruttura</labelDato>
            <valoreDato>DEFAULT</valoreDato>
          </datoRecord>
          <datoRecord>
            <colonnaDato>nm_attrib_dati_spec</colonnaDato>
            <labelDato>Dato specifico</labelDato>
            <valoreDato>null</valoreDato>
          </datoRecord>
        </child>
      </recordChild>
    </child>
    <child>
      <idRecord>2144</idRecord>
      <keyRecord>
        <datoKey>
          <colonnaKey>nm_tipo_doc</colonnaKey>
          <labelKey>Tipo documento principale</labelKey>
          <valoreKey>Ricevuta di Esecuzione KO</valoreKey>
        </datoKey>
        <datoKey>
          <colonnaKey>dt_istituz</colonnaKey>
          <labelKey>Data istituzione</labelKey>
          <valoreKey>12/02/2015</valoreKey>
        </datoKey>
      </keyRecord>
      <datoRecord>
        <colonnaDato>dt_soppres</colonnaDato>
        <labelDato>Data soppressione</labelDato>
        <valoreDato>31/12/2444</valoreDato>
      </datoRecord>
      <recordChild>
        <tipoRecord>Campo per partizionamento</tipoRecord>
        <child>
          <idRecord>787</idRecord>
          <keyRecord>
            <datoKey>
              <colonnaKey>ti_campo</colonnaKey>
              <labelKey>Tipo campo</labelKey>
              <valoreKey>SUB_STRUT</valoreKey>
            </datoKey>
            <datoKey>
              <colonnaKey>nm_campo</colonnaKey>
              <labelKey>Nome campo</labelKey>
              <valoreKey>SUB_STRUTTURA</valoreKey>
            </datoKey>
          </keyRecord>
          <datoRecord>
            <colonnaDato>nm_sub_strut</colonnaDato>
            <labelDato>Sottostruttura</labelDato>
            <valoreDato>DEFAULT</valoreDato>
          </datoRecord>
          <datoRecord>
            <colonnaDato>nm_attrib_dati_spec</colonnaDato>
            <labelDato>Dato specifico</labelDato>
            <valoreDato>null</valoreDato>
          </datoRecord>
        </child>
      </recordChild>
    </child>
    <child>
      <idRecord>933</idRecord>
      <keyRecord>
        <datoKey>
          <colonnaKey>nm_tipo_doc</colonnaKey>
          <labelKey>Tipo documento principale</labelKey>
          <valoreKey>Ricevuta di Esecuzione OK</valoreKey>
        </datoKey>
        <datoKey>
          <colonnaKey>dt_istituz</colonnaKey>
          <labelKey>Data istituzione</labelKey>
          <valoreKey>19/01/2015</valoreKey>
        </datoKey>
      </keyRecord>
      <datoRecord>
        <colonnaDato>dt_soppres</colonnaDato>
        <labelDato>Data soppressione</labelDato>
        <valoreDato>31/12/2444</valoreDato>
      </datoRecord>
      <recordChild>
        <tipoRecord>Campo per partizionamento</tipoRecord>
        <child>
          <idRecord>613</idRecord>
          <keyRecord>
            <datoKey>
              <colonnaKey>ti_campo</colonnaKey>
              <labelKey>Tipo campo</labelKey>
              <valoreKey>SUB_STRUT</valoreKey>
            </datoKey>
            <datoKey>
              <colonnaKey>nm_campo</colonnaKey>
              <labelKey>Nome campo</labelKey>
              <valoreKey>SUB_STRUTTURA</valoreKey>
            </datoKey>
          </keyRecord>
          <datoRecord>
            <colonnaDato>nm_sub_strut</colonnaDato>
            <labelDato>Sottostruttura</labelDato>
            <valoreDato>DEFAULT</valoreDato>
          </datoRecord>
          <datoRecord>
            <colonnaDato>nm_attrib_dati_spec</colonnaDato>
            <labelDato>Dato specifico</labelDato>
            <valoreDato>null</valoreDato>
          </datoRecord>
        </child>
      </recordChild>
    </child>
    <child>
      <idRecord>9982</idRecord>
      <keyRecord>
        <datoKey>
          <colonnaKey>nm_tipo_doc</colonnaKey>
          <labelKey>Tipo documento principale</labelKey>
          <valoreKey>Ricevuta di Esecuzione OK</valoreKey>
        </datoKey>
        <datoKey>
          <colonnaKey>dt_istituz</colonnaKey>
          <labelKey>Data istituzione</labelKey>
          <valoreKey>04/07/2016</valoreKey>
        </datoKey>
      </keyRecord>
      <datoRecord>
        <colonnaDato>dt_soppres</colonnaDato>
        <labelDato>Data soppressione</labelDato>
        <valoreDato>31/12/2444</valoreDato>
      </datoRecord>
      <recordChild>
        <tipoRecord>Campo per partizionamento</tipoRecord>
        <child>
          <idRecord>8302</idRecord>
          <keyRecord>
            <datoKey>
              <colonnaKey>ti_campo</colonnaKey>
              <labelKey>Tipo campo</labelKey>
              <valoreKey>SUB_STRUT</valoreKey>
            </datoKey>
            <datoKey>
              <colonnaKey>nm_campo</colonnaKey>
              <labelKey>Nome campo</labelKey>
              <valoreKey>SUB_STRUTTURA</valoreKey>
            </datoKey>
          </keyRecord>
          <datoRecord>
            <colonnaDato>nm_sub_strut</colonnaDato>
            <labelDato>Sottostruttura</labelDato>
            <valoreDato>DEFAULT</valoreDato>
          </datoRecord>
          <datoRecord>
            <colonnaDato>nm_attrib_dati_spec</colonnaDato>
            <labelDato>Dato specifico</labelDato>
            <valoreDato>null</valoreDato>
          </datoRecord>
        </child>
      </recordChild>
    </child>
    <child>
      <idRecord>1947</idRecord>
      <keyRecord>
        <datoKey>
          <colonnaKey>nm_tipo_doc</colonnaKey>
          <labelKey>Tipo documento principale</labelKey>
          <valoreKey>Ricevuta di Esecuzione OK</valoreKey>
        </datoKey>
        <datoKey>
          <colonnaKey>dt_istituz</colonnaKey>
          <labelKey>Data istituzione</labelKey>
          <valoreKey>12/02/2015</valoreKey>
        </datoKey>
      </keyRecord>
      <datoRecord>
        <colonnaDato>dt_soppres</colonnaDato>
        <labelDato>Data soppressione</labelDato>
        <valoreDato>31/12/2444</valoreDato>
      </datoRecord>
      <recordChild>
        <tipoRecord>Campo per partizionamento</tipoRecord>
        <child>
          <idRecord>1258</idRecord>
          <keyRecord>
            <datoKey>
              <colonnaKey>ti_campo</colonnaKey>
              <labelKey>Tipo campo</labelKey>
              <valoreKey>SUB_STRUT</valoreKey>
            </datoKey>
            <datoKey>
              <colonnaKey>nm_campo</colonnaKey>
              <labelKey>Nome campo</labelKey>
              <valoreKey>SUB_STRUTTURA</valoreKey>
            </datoKey>
          </keyRecord>
          <datoRecord>
            <colonnaDato>nm_sub_strut</colonnaDato>
            <labelDato>Sottostruttura</labelDato>
            <valoreDato>DEFAULT</valoreDato>
          </datoRecord>
          <datoRecord>
            <colonnaDato>nm_attrib_dati_spec</colonnaDato>
            <labelDato>Dato specifico</labelDato>
            <valoreDato>null</valoreDato>
          </datoRecord>
        </child>
      </recordChild>
    </child>
    <child>
      <idRecord>1946</idRecord>
      <keyRecord>
        <datoKey>
          <colonnaKey>nm_tipo_doc</colonnaKey>
          <labelKey>Tipo documento principale</labelKey>
          <valoreKey>Ricevuta di Esecuzione OK</valoreKey>
        </datoKey>
        <datoKey>
          <colonnaKey>dt_istituz</colonnaKey>
          <labelKey>Data istituzione</labelKey>
          <valoreKey>12/02/2015</valoreKey>
        </datoKey>
      </keyRecord>
      <datoRecord>
        <colonnaDato>dt_soppres</colonnaDato>
        <labelDato>Data soppressione</labelDato>
        <valoreDato>31/12/2444</valoreDato>
      </datoRecord>
      <recordChild>
        <tipoRecord>Campo per partizionamento</tipoRecord>
        <child>
          <idRecord>1257</idRecord>
          <keyRecord>
            <datoKey>
              <colonnaKey>ti_campo</colonnaKey>
              <labelKey>Tipo campo</labelKey>
              <valoreKey>SUB_STRUT</valoreKey>
            </datoKey>
            <datoKey>
              <colonnaKey>nm_campo</colonnaKey>
              <labelKey>Nome campo</labelKey>
              <valoreKey>SUB_STRUTTURA</valoreKey>
            </datoKey>
          </keyRecord>
          <datoRecord>
            <colonnaDato>nm_sub_strut</colonnaDato>
            <labelDato>Sottostruttura</labelDato>
            <valoreDato>DEFAULT</valoreDato>
          </datoRecord>
          <datoRecord>
            <colonnaDato>nm_attrib_dati_spec</colonnaDato>
            <labelDato>Dato specifico</labelDato>
            <valoreDato>null</valoreDato>
          </datoRecord>
        </child>
      </recordChild>
    </child>
    <child>
      <idRecord>516</idRecord>
      <keyRecord>
        <datoKey>
          <colonnaKey>nm_tipo_doc</colonnaKey>
          <labelKey>Tipo documento principale</labelKey>
          <valoreKey>Ricevuta di Esecuzione OK</valoreKey>
        </datoKey>
        <datoKey>
          <colonnaKey>dt_istituz</colonnaKey>
          <labelKey>Data istituzione</labelKey>
          <valoreKey>10/11/2014</valoreKey>
        </datoKey>
      </keyRecord>
      <datoRecord>
        <colonnaDato>dt_soppres</colonnaDato>
        <labelDato>Data soppressione</labelDato>
        <valoreDato>31/12/2444</valoreDato>
      </datoRecord>
      <recordChild>
        <tipoRecord>Campo per partizionamento</tipoRecord>
        <child>
          <idRecord>260</idRecord>
          <keyRecord>
            <datoKey>
              <colonnaKey>ti_campo</colonnaKey>
              <labelKey>Tipo campo</labelKey>
              <valoreKey>SUB_STRUT</valoreKey>
            </datoKey>
            <datoKey>
              <colonnaKey>nm_campo</colonnaKey>
              <labelKey>Nome campo</labelKey>
              <valoreKey>SUB_STRUTTURA</valoreKey>
            </datoKey>
          </keyRecord>
          <datoRecord>
            <colonnaDato>nm_sub_strut</colonnaDato>
            <labelDato>Sottostruttura</labelDato>
            <valoreDato>DEFAULT</valoreDato>
          </datoRecord>
          <datoRecord>
            <colonnaDato>nm_attrib_dati_spec</colonnaDato>
            <labelDato>Dato specifico</labelDato>
            <valoreDato>null</valoreDato>
          </datoRecord>
        </child>
      </recordChild>
    </child>
    <child>
      <idRecord>484</idRecord>
      <keyRecord>
        <datoKey>
          <colonnaKey>nm_tipo_doc</colonnaKey>
          <labelKey>Tipo documento principale</labelKey>
          <valoreKey>Ricevuta di Esecuzione OK</valoreKey>
        </datoKey>
        <datoKey>
          <colonnaKey>dt_istituz</colonnaKey>
          <labelKey>Data istituzione</labelKey>
          <valoreKey>10/11/2014</valoreKey>
        </datoKey>
      </keyRecord>
      <datoRecord>
        <colonnaDato>dt_soppres</colonnaDato>
        <labelDato>Data soppressione</labelDato>
        <valoreDato>31/12/2444</valoreDato>
      </datoRecord>
      <recordChild>
        <tipoRecord>Campo per partizionamento</tipoRecord>
        <child>
          <idRecord>228</idRecord>
          <keyRecord>
            <datoKey>
              <colonnaKey>ti_campo</colonnaKey>
              <labelKey>Tipo campo</labelKey>
              <valoreKey>SUB_STRUT</valoreKey>
            </datoKey>
            <datoKey>
              <colonnaKey>nm_campo</colonnaKey>
              <labelKey>Nome campo</labelKey>
              <valoreKey>SUB_STRUTTURA</valoreKey>
            </datoKey>
          </keyRecord>
          <datoRecord>
            <colonnaDato>nm_sub_strut</colonnaDato>
            <labelDato>Sottostruttura</labelDato>
            <valoreDato>DEFAULT</valoreDato>
          </datoRecord>
          <datoRecord>
            <colonnaDato>nm_attrib_dati_spec</colonnaDato>
            <labelDato>Dato specifico</labelDato>
            <valoreDato>null</valoreDato>
          </datoRecord>
        </child>
      </recordChild>
    </child>
    <child>
      <idRecord>471</idRecord>
      <keyRecord>
        <datoKey>
          <colonnaKey>nm_tipo_doc</colonnaKey>
          <labelKey>Tipo documento principale</labelKey>
          <valoreKey>Ricevuta di Esecuzione OK</valoreKey>
        </datoKey>
        <datoKey>
          <colonnaKey>dt_istituz</colonnaKey>
          <labelKey>Data istituzione</labelKey>
          <valoreKey>10/11/2014</valoreKey>
        </datoKey>
      </keyRecord>
      <datoRecord>
        <colonnaDato>dt_soppres</colonnaDato>
        <labelDato>Data soppressione</labelDato>
        <valoreDato>31/12/2444</valoreDato>
      </datoRecord>
      <recordChild>
        <tipoRecord>Campo per partizionamento</tipoRecord>
        <child>
          <idRecord>215</idRecord>
          <keyRecord>
            <datoKey>
              <colonnaKey>ti_campo</colonnaKey>
              <labelKey>Tipo campo</labelKey>
              <valoreKey>SUB_STRUT</valoreKey>
            </datoKey>
            <datoKey>
              <colonnaKey>nm_campo</colonnaKey>
              <labelKey>Nome campo</labelKey>
              <valoreKey>SUB_STRUTTURA</valoreKey>
            </datoKey>
          </keyRecord>
          <datoRecord>
            <colonnaDato>nm_sub_strut</colonnaDato>
            <labelDato>Sottostruttura</labelDato>
            <valoreDato>DEFAULT</valoreDato>
          </datoRecord>
          <datoRecord>
            <colonnaDato>nm_attrib_dati_spec</colonnaDato>
            <labelDato>Dato specifico</labelDato>
            <valoreDato>null</valoreDato>
          </datoRecord>
        </child>
      </recordChild>
    </child>
    <child>
      <idRecord>2143</idRecord>
      <keyRecord>
        <datoKey>
          <colonnaKey>nm_tipo_doc</colonnaKey>
          <labelKey>Tipo documento principale</labelKey>
          <valoreKey>Ricevuta di Esecuzione OK</valoreKey>
        </datoKey>
        <datoKey>
          <colonnaKey>dt_istituz</colonnaKey>
          <labelKey>Data istituzione</labelKey>
          <valoreKey>12/02/2015</valoreKey>
        </datoKey>
      </keyRecord>
      <datoRecord>
        <colonnaDato>dt_soppres</colonnaDato>
        <labelDato>Data soppressione</labelDato>
        <valoreDato>31/12/2444</valoreDato>
      </datoRecord>
      <recordChild>
        <tipoRecord>Campo per partizionamento</tipoRecord>
        <child>
          <idRecord>786</idRecord>
          <keyRecord>
            <datoKey>
              <colonnaKey>ti_campo</colonnaKey>
              <labelKey>Tipo campo</labelKey>
              <valoreKey>SUB_STRUT</valoreKey>
            </datoKey>
            <datoKey>
              <colonnaKey>nm_campo</colonnaKey>
              <labelKey>Nome campo</labelKey>
              <valoreKey>SUB_STRUTTURA</valoreKey>
            </datoKey>
          </keyRecord>
          <datoRecord>
            <colonnaDato>nm_sub_strut</colonnaDato>
            <labelDato>Sottostruttura</labelDato>
            <valoreDato>DEFAULT</valoreDato>
          </datoRecord>
          <datoRecord>
            <colonnaDato>nm_attrib_dati_spec</colonnaDato>
            <labelDato>Dato specifico</labelDato>
            <valoreDato>null</valoreDato>
          </datoRecord>
        </child>
      </recordChild>
    </child>
    <child>
      <idRecord>2142</idRecord>
      <keyRecord>
        <datoKey>
          <colonnaKey>nm_tipo_doc</colonnaKey>
          <labelKey>Tipo documento principale</labelKey>
          <valoreKey>Ricevuta di Esecuzione OK</valoreKey>
        </datoKey>
        <datoKey>
          <colonnaKey>dt_istituz</colonnaKey>
          <labelKey>Data istituzione</labelKey>
          <valoreKey>12/02/2015</valoreKey>
        </datoKey>
      </keyRecord>
      <datoRecord>
        <colonnaDato>dt_soppres</colonnaDato>
        <labelDato>Data soppressione</labelDato>
        <valoreDato>31/12/2444</valoreDato>
      </datoRecord>
      <recordChild>
        <tipoRecord>Campo per partizionamento</tipoRecord>
        <child>
          <idRecord>785</idRecord>
          <keyRecord>
            <datoKey>
              <colonnaKey>ti_campo</colonnaKey>
              <labelKey>Tipo campo</labelKey>
              <valoreKey>SUB_STRUT</valoreKey>
            </datoKey>
            <datoKey>
              <colonnaKey>nm_campo</colonnaKey>
              <labelKey>Nome campo</labelKey>
              <valoreKey>SUB_STRUTTURA</valoreKey>
            </datoKey>
          </keyRecord>
          <datoRecord>
            <colonnaDato>nm_sub_strut</colonnaDato>
            <labelDato>Sottostruttura</labelDato>
            <valoreDato>DEFAULT</valoreDato>
          </datoRecord>
          <datoRecord>
            <colonnaDato>nm_attrib_dati_spec</colonnaDato>
            <labelDato>Dato specifico</labelDato>
            <valoreDato>null</valoreDato>
          </datoRecord>
        </child>
      </recordChild>
    </child>
    <child>
      <idRecord>2141</idRecord>
      <keyRecord>
        <datoKey>
          <colonnaKey>nm_tipo_doc</colonnaKey>
          <labelKey>Tipo documento principale</labelKey>
          <valoreKey>Ricevuta di Esecuzione OK</valoreKey>
        </datoKey>
        <datoKey>
          <colonnaKey>dt_istituz</colonnaKey>
          <labelKey>Data istituzione</labelKey>
          <valoreKey>12/02/2015</valoreKey>
        </datoKey>
      </keyRecord>
      <datoRecord>
        <colonnaDato>dt_soppres</colonnaDato>
        <labelDato>Data soppressione</labelDato>
        <valoreDato>31/12/2444</valoreDato>
      </datoRecord>
      <recordChild>
        <tipoRecord>Campo per partizionamento</tipoRecord>
        <child>
          <idRecord>784</idRecord>
          <keyRecord>
            <datoKey>
              <colonnaKey>ti_campo</colonnaKey>
              <labelKey>Tipo campo</labelKey>
              <valoreKey>SUB_STRUT</valoreKey>
            </datoKey>
            <datoKey>
              <colonnaKey>nm_campo</colonnaKey>
              <labelKey>Nome campo</labelKey>
              <valoreKey>SUB_STRUTTURA</valoreKey>
            </datoKey>
          </keyRecord>
          <datoRecord>
            <colonnaDato>nm_sub_strut</colonnaDato>
            <labelDato>Sottostruttura</labelDato>
            <valoreDato>DEFAULT</valoreDato>
          </datoRecord>
          <datoRecord>
            <colonnaDato>nm_attrib_dati_spec</colonnaDato>
            <labelDato>Dato specifico</labelDato>
            <valoreDato>null</valoreDato>
          </datoRecord>
        </child>
      </recordChild>
    </child>
    <child>
      <idRecord>2140</idRecord>
      <keyRecord>
        <datoKey>
          <colonnaKey>nm_tipo_doc</colonnaKey>
          <labelKey>Tipo documento principale</labelKey>
          <valoreKey>Ricevuta di Esecuzione OK</valoreKey>
        </datoKey>
        <datoKey>
          <colonnaKey>dt_istituz</colonnaKey>
          <labelKey>Data istituzione</labelKey>
          <valoreKey>12/02/2015</valoreKey>
        </datoKey>
      </keyRecord>
      <datoRecord>
        <colonnaDato>dt_soppres</colonnaDato>
        <labelDato>Data soppressione</labelDato>
        <valoreDato>31/12/2444</valoreDato>
      </datoRecord>
      <recordChild>
        <tipoRecord>Campo per partizionamento</tipoRecord>
        <child>
          <idRecord>783</idRecord>
          <keyRecord>
            <datoKey>
              <colonnaKey>ti_campo</colonnaKey>
              <labelKey>Tipo campo</labelKey>
              <valoreKey>SUB_STRUT</valoreKey>
            </datoKey>
            <datoKey>
              <colonnaKey>nm_campo</colonnaKey>
              <labelKey>Nome campo</labelKey>
              <valoreKey>SUB_STRUTTURA</valoreKey>
            </datoKey>
          </keyRecord>
          <datoRecord>
            <colonnaDato>nm_sub_strut</colonnaDato>
            <labelDato>Sottostruttura</labelDato>
            <valoreDato>DEFAULT</valoreDato>
          </datoRecord>
          <datoRecord>
            <colonnaDato>nm_attrib_dati_spec</colonnaDato>
            <labelDato>Dato specifico</labelDato>
            <valoreDato>null</valoreDato>
          </datoRecord>
        </child>
      </recordChild>
    </child>
    <child>
      <idRecord>2139</idRecord>
      <keyRecord>
        <datoKey>
          <colonnaKey>nm_tipo_doc</colonnaKey>
          <labelKey>Tipo documento principale</labelKey>
          <valoreKey>Ricevuta di Esecuzione OK</valoreKey>
        </datoKey>
        <datoKey>
          <colonnaKey>dt_istituz</colonnaKey>
          <labelKey>Data istituzione</labelKey>
          <valoreKey>12/02/2015</valoreKey>
        </datoKey>
      </keyRecord>
      <datoRecord>
        <colonnaDato>dt_soppres</colonnaDato>
        <labelDato>Data soppressione</labelDato>
        <valoreDato>31/12/2444</valoreDato>
      </datoRecord>
      <recordChild>
        <tipoRecord>Campo per partizionamento</tipoRecord>
        <child>
          <idRecord>782</idRecord>
          <keyRecord>
            <datoKey>
              <colonnaKey>ti_campo</colonnaKey>
              <labelKey>Tipo campo</labelKey>
              <valoreKey>SUB_STRUT</valoreKey>
            </datoKey>
            <datoKey>
              <colonnaKey>nm_campo</colonnaKey>
              <labelKey>Nome campo</labelKey>
              <valoreKey>SUB_STRUTTURA</valoreKey>
            </datoKey>
          </keyRecord>
          <datoRecord>
            <colonnaDato>nm_sub_strut</colonnaDato>
            <labelDato>Sottostruttura</labelDato>
            <valoreDato>DEFAULT</valoreDato>
          </datoRecord>
          <datoRecord>
            <colonnaDato>nm_attrib_dati_spec</colonnaDato>
            <labelDato>Dato specifico</labelDato>
            <valoreDato>null</valoreDato>
          </datoRecord>
        </child>
      </recordChild>
    </child>
    <child>
      <idRecord>2138</idRecord>
      <keyRecord>
        <datoKey>
          <colonnaKey>nm_tipo_doc</colonnaKey>
          <labelKey>Tipo documento principale</labelKey>
          <valoreKey>Ricevuta di Esecuzione OK</valoreKey>
        </datoKey>
        <datoKey>
          <colonnaKey>dt_istituz</colonnaKey>
          <labelKey>Data istituzione</labelKey>
          <valoreKey>12/02/2015</valoreKey>
        </datoKey>
      </keyRecord>
      <datoRecord>
        <colonnaDato>dt_soppres</colonnaDato>
        <labelDato>Data soppressione</labelDato>
        <valoreDato>31/12/2444</valoreDato>
      </datoRecord>
      <recordChild>
        <tipoRecord>Campo per partizionamento</tipoRecord>
        <child>
          <idRecord>781</idRecord>
          <keyRecord>
            <datoKey>
              <colonnaKey>ti_campo</colonnaKey>
              <labelKey>Tipo campo</labelKey>
              <valoreKey>SUB_STRUT</valoreKey>
            </datoKey>
            <datoKey>
              <colonnaKey>nm_campo</colonnaKey>
              <labelKey>Nome campo</labelKey>
              <valoreKey>SUB_STRUTTURA</valoreKey>
            </datoKey>
          </keyRecord>
          <datoRecord>
            <colonnaDato>nm_sub_strut</colonnaDato>
            <labelDato>Sottostruttura</labelDato>
            <valoreDato>DEFAULT</valoreDato>
          </datoRecord>
          <datoRecord>
            <colonnaDato>nm_attrib_dati_spec</colonnaDato>
            <labelDato>Dato specifico</labelDato>
            <valoreDato>null</valoreDato>
          </datoRecord>
        </child>
      </recordChild>
    </child>
    <child>
      <idRecord>2137</idRecord>
      <keyRecord>
        <datoKey>
          <colonnaKey>nm_tipo_doc</colonnaKey>
          <labelKey>Tipo documento principale</labelKey>
          <valoreKey>Ricevuta di Esecuzione OK</valoreKey>
        </datoKey>
        <datoKey>
          <colonnaKey>dt_istituz</colonnaKey>
          <labelKey>Data istituzione</labelKey>
          <valoreKey>12/02/2015</valoreKey>
        </datoKey>
      </keyRecord>
      <datoRecord>
        <colonnaDato>dt_soppres</colonnaDato>
        <labelDato>Data soppressione</labelDato>
        <valoreDato>31/12/2444</valoreDato>
      </datoRecord>
      <recordChild>
        <tipoRecord>Campo per partizionamento</tipoRecord>
        <child>
          <idRecord>780</idRecord>
          <keyRecord>
            <datoKey>
              <colonnaKey>ti_campo</colonnaKey>
              <labelKey>Tipo campo</labelKey>
              <valoreKey>SUB_STRUT</valoreKey>
            </datoKey>
            <datoKey>
              <colonnaKey>nm_campo</colonnaKey>
              <labelKey>Nome campo</labelKey>
              <valoreKey>SUB_STRUTTURA</valoreKey>
            </datoKey>
          </keyRecord>
          <datoRecord>
            <colonnaDato>nm_sub_strut</colonnaDato>
            <labelDato>Sottostruttura</labelDato>
            <valoreDato>DEFAULT</valoreDato>
          </datoRecord>
          <datoRecord>
            <colonnaDato>nm_attrib_dati_spec</colonnaDato>
            <labelDato>Dato specifico</labelDato>
            <valoreDato>null</valoreDato>
          </datoRecord>
        </child>
      </recordChild>
    </child>
    <child>
      <idRecord>2136</idRecord>
      <keyRecord>
        <datoKey>
          <colonnaKey>nm_tipo_doc</colonnaKey>
          <labelKey>Tipo documento principale</labelKey>
          <valoreKey>Ricevuta di Esecuzione OK</valoreKey>
        </datoKey>
        <datoKey>
          <colonnaKey>dt_istituz</colonnaKey>
          <labelKey>Data istituzione</labelKey>
          <valoreKey>12/02/2015</valoreKey>
        </datoKey>
      </keyRecord>
      <datoRecord>
        <colonnaDato>dt_soppres</colonnaDato>
        <labelDato>Data soppressione</labelDato>
        <valoreDato>31/12/2444</valoreDato>
      </datoRecord>
      <recordChild>
        <tipoRecord>Campo per partizionamento</tipoRecord>
        <child>
          <idRecord>779</idRecord>
          <keyRecord>
            <datoKey>
              <colonnaKey>ti_campo</colonnaKey>
              <labelKey>Tipo campo</labelKey>
              <valoreKey>SUB_STRUT</valoreKey>
            </datoKey>
            <datoKey>
              <colonnaKey>nm_campo</colonnaKey>
              <labelKey>Nome campo</labelKey>
              <valoreKey>SUB_STRUTTURA</valoreKey>
            </datoKey>
          </keyRecord>
          <datoRecord>
            <colonnaDato>nm_sub_strut</colonnaDato>
            <labelDato>Sottostruttura</labelDato>
            <valoreDato>DEFAULT</valoreDato>
          </datoRecord>
          <datoRecord>
            <colonnaDato>nm_attrib_dati_spec</colonnaDato>
            <labelDato>Dato specifico</labelDato>
            <valoreDato>null</valoreDato>
          </datoRecord>
        </child>
      </recordChild>
    </child>
    <child>
      <idRecord>2135</idRecord>
      <keyRecord>
        <datoKey>
          <colonnaKey>nm_tipo_doc</colonnaKey>
          <labelKey>Tipo documento principale</labelKey>
          <valoreKey>Ricevuta di Esecuzione OK</valoreKey>
        </datoKey>
        <datoKey>
          <colonnaKey>dt_istituz</colonnaKey>
          <labelKey>Data istituzione</labelKey>
          <valoreKey>12/02/2015</valoreKey>
        </datoKey>
      </keyRecord>
      <datoRecord>
        <colonnaDato>dt_soppres</colonnaDato>
        <labelDato>Data soppressione</labelDato>
        <valoreDato>31/12/2444</valoreDato>
      </datoRecord>
      <recordChild>
        <tipoRecord>Campo per partizionamento</tipoRecord>
        <child>
          <idRecord>778</idRecord>
          <keyRecord>
            <datoKey>
              <colonnaKey>ti_campo</colonnaKey>
              <labelKey>Tipo campo</labelKey>
              <valoreKey>SUB_STRUT</valoreKey>
            </datoKey>
            <datoKey>
              <colonnaKey>nm_campo</colonnaKey>
              <labelKey>Nome campo</labelKey>
              <valoreKey>SUB_STRUTTURA</valoreKey>
            </datoKey>
          </keyRecord>
          <datoRecord>
            <colonnaDato>nm_sub_strut</colonnaDato>
            <labelDato>Sottostruttura</labelDato>
            <valoreDato>DEFAULT</valoreDato>
          </datoRecord>
          <datoRecord>
            <colonnaDato>nm_attrib_dati_spec</colonnaDato>
            <labelDato>Dato specifico</labelDato>
            <valoreDato>null</valoreDato>
          </datoRecord>
        </child>
      </recordChild>
    </child>
    <child>
      <idRecord>2134</idRecord>
      <keyRecord>
        <datoKey>
          <colonnaKey>nm_tipo_doc</colonnaKey>
          <labelKey>Tipo documento principale</labelKey>
          <valoreKey>Ricevuta di Esecuzione OK</valoreKey>
        </datoKey>
        <datoKey>
          <colonnaKey>dt_istituz</colonnaKey>
          <labelKey>Data istituzione</labelKey>
          <valoreKey>12/02/2015</valoreKey>
        </datoKey>
      </keyRecord>
      <datoRecord>
        <colonnaDato>dt_soppres</colonnaDato>
        <labelDato>Data soppressione</labelDato>
        <valoreDato>31/12/2444</valoreDato>
      </datoRecord>
      <recordChild>
        <tipoRecord>Campo per partizionamento</tipoRecord>
        <child>
          <idRecord>777</idRecord>
          <keyRecord>
            <datoKey>
              <colonnaKey>ti_campo</colonnaKey>
              <labelKey>Tipo campo</labelKey>
              <valoreKey>SUB_STRUT</valoreKey>
            </datoKey>
            <datoKey>
              <colonnaKey>nm_campo</colonnaKey>
              <labelKey>Nome campo</labelKey>
              <valoreKey>SUB_STRUTTURA</valoreKey>
            </datoKey>
          </keyRecord>
          <datoRecord>
            <colonnaDato>nm_sub_strut</colonnaDato>
            <labelDato>Sottostruttura</labelDato>
            <valoreDato>DEFAULT</valoreDato>
          </datoRecord>
          <datoRecord>
            <colonnaDato>nm_attrib_dati_spec</colonnaDato>
            <labelDato>Dato specifico</labelDato>
            <valoreDato>null</valoreDato>
          </datoRecord>
        </child>
      </recordChild>
    </child>
    <child>
      <idRecord>2133</idRecord>
      <keyRecord>
        <datoKey>
          <colonnaKey>nm_tipo_doc</colonnaKey>
          <labelKey>Tipo documento principale</labelKey>
          <valoreKey>Ricevuta di Esecuzione OK</valoreKey>
        </datoKey>
        <datoKey>
          <colonnaKey>dt_istituz</colonnaKey>
          <labelKey>Data istituzione</labelKey>
          <valoreKey>12/02/2015</valoreKey>
        </datoKey>
      </keyRecord>
      <datoRecord>
        <colonnaDato>dt_soppres</colonnaDato>
        <labelDato>Data soppressione</labelDato>
        <valoreDato>31/12/2444</valoreDato>
      </datoRecord>
      <recordChild>
        <tipoRecord>Campo per partizionamento</tipoRecord>
        <child>
          <idRecord>776</idRecord>
          <keyRecord>
            <datoKey>
              <colonnaKey>ti_campo</colonnaKey>
              <labelKey>Tipo campo</labelKey>
              <valoreKey>SUB_STRUT</valoreKey>
            </datoKey>
            <datoKey>
              <colonnaKey>nm_campo</colonnaKey>
              <labelKey>Nome campo</labelKey>
              <valoreKey>SUB_STRUTTURA</valoreKey>
            </datoKey>
          </keyRecord>
          <datoRecord>
            <colonnaDato>nm_sub_strut</colonnaDato>
            <labelDato>Sottostruttura</labelDato>
            <valoreDato>DEFAULT</valoreDato>
          </datoRecord>
          <datoRecord>
            <colonnaDato>nm_attrib_dati_spec</colonnaDato>
            <labelDato>Dato specifico</labelDato>
            <valoreDato>null</valoreDato>
          </datoRecord>
        </child>
      </recordChild>
    </child>
    <child>
      <idRecord>2132</idRecord>
      <keyRecord>
        <datoKey>
          <colonnaKey>nm_tipo_doc</colonnaKey>
          <labelKey>Tipo documento principale</labelKey>
          <valoreKey>Ricevuta di Esecuzione OK</valoreKey>
        </datoKey>
        <datoKey>
          <colonnaKey>dt_istituz</colonnaKey>
          <labelKey>Data istituzione</labelKey>
          <valoreKey>12/02/2015</valoreKey>
        </datoKey>
      </keyRecord>
      <datoRecord>
        <colonnaDato>dt_soppres</colonnaDato>
        <labelDato>Data soppressione</labelDato>
        <valoreDato>31/12/2444</valoreDato>
      </datoRecord>
      <recordChild>
        <tipoRecord>Campo per partizionamento</tipoRecord>
        <child>
          <idRecord>775</idRecord>
          <keyRecord>
            <datoKey>
              <colonnaKey>ti_campo</colonnaKey>
              <labelKey>Tipo campo</labelKey>
              <valoreKey>SUB_STRUT</valoreKey>
            </datoKey>
            <datoKey>
              <colonnaKey>nm_campo</colonnaKey>
              <labelKey>Nome campo</labelKey>
              <valoreKey>SUB_STRUTTURA</valoreKey>
            </datoKey>
          </keyRecord>
          <datoRecord>
            <colonnaDato>nm_sub_strut</colonnaDato>
            <labelDato>Sottostruttura</labelDato>
            <valoreDato>DEFAULT</valoreDato>
          </datoRecord>
          <datoRecord>
            <colonnaDato>nm_attrib_dati_spec</colonnaDato>
            <labelDato>Dato specifico</labelDato>
            <valoreDato>null</valoreDato>
          </datoRecord>
        </child>
      </recordChild>
    </child>
    <child>
      <idRecord>2131</idRecord>
      <keyRecord>
        <datoKey>
          <colonnaKey>nm_tipo_doc</colonnaKey>
          <labelKey>Tipo documento principale</labelKey>
          <valoreKey>Ricevuta di Esecuzione OK</valoreKey>
        </datoKey>
        <datoKey>
          <colonnaKey>dt_istituz</colonnaKey>
          <labelKey>Data istituzione</labelKey>
          <valoreKey>12/02/2015</valoreKey>
        </datoKey>
      </keyRecord>
      <datoRecord>
        <colonnaDato>dt_soppres</colonnaDato>
        <labelDato>Data soppressione</labelDato>
        <valoreDato>31/12/2444</valoreDato>
      </datoRecord>
      <recordChild>
        <tipoRecord>Campo per partizionamento</tipoRecord>
        <child>
          <idRecord>774</idRecord>
          <keyRecord>
            <datoKey>
              <colonnaKey>ti_campo</colonnaKey>
              <labelKey>Tipo campo</labelKey>
              <valoreKey>SUB_STRUT</valoreKey>
            </datoKey>
            <datoKey>
              <colonnaKey>nm_campo</colonnaKey>
              <labelKey>Nome campo</labelKey>
              <valoreKey>SUB_STRUTTURA</valoreKey>
            </datoKey>
          </keyRecord>
          <datoRecord>
            <colonnaDato>nm_sub_strut</colonnaDato>
            <labelDato>Sottostruttura</labelDato>
            <valoreDato>DEFAULT</valoreDato>
          </datoRecord>
          <datoRecord>
            <colonnaDato>nm_attrib_dati_spec</colonnaDato>
            <labelDato>Dato specifico</labelDato>
            <valoreDato>null</valoreDato>
          </datoRecord>
        </child>
      </recordChild>
    </child>
    <child>
      <idRecord>2130</idRecord>
      <keyRecord>
        <datoKey>
          <colonnaKey>nm_tipo_doc</colonnaKey>
          <labelKey>Tipo documento principale</labelKey>
          <valoreKey>Ricevuta di Esecuzione OK</valoreKey>
        </datoKey>
        <datoKey>
          <colonnaKey>dt_istituz</colonnaKey>
          <labelKey>Data istituzione</labelKey>
          <valoreKey>12/02/2015</valoreKey>
        </datoKey>
      </keyRecord>
      <datoRecord>
        <colonnaDato>dt_soppres</colonnaDato>
        <labelDato>Data soppressione</labelDato>
        <valoreDato>31/12/2444</valoreDato>
      </datoRecord>
      <recordChild>
        <tipoRecord>Campo per partizionamento</tipoRecord>
        <child>
          <idRecord>773</idRecord>
          <keyRecord>
            <datoKey>
              <colonnaKey>ti_campo</colonnaKey>
              <labelKey>Tipo campo</labelKey>
              <valoreKey>SUB_STRUT</valoreKey>
            </datoKey>
            <datoKey>
              <colonnaKey>nm_campo</colonnaKey>
              <labelKey>Nome campo</labelKey>
              <valoreKey>SUB_STRUTTURA</valoreKey>
            </datoKey>
          </keyRecord>
          <datoRecord>
            <colonnaDato>nm_sub_strut</colonnaDato>
            <labelDato>Sottostruttura</labelDato>
            <valoreDato>DEFAULT</valoreDato>
          </datoRecord>
          <datoRecord>
            <colonnaDato>nm_attrib_dati_spec</colonnaDato>
            <labelDato>Dato specifico</labelDato>
            <valoreDato>null</valoreDato>
          </datoRecord>
        </child>
      </recordChild>
    </child>
    <child>
      <idRecord>934</idRecord>
      <keyRecord>
        <datoKey>
          <colonnaKey>nm_tipo_doc</colonnaKey>
          <labelKey>Tipo documento principale</labelKey>
          <valoreKey>Ricevuta di Servizio KO</valoreKey>
        </datoKey>
        <datoKey>
          <colonnaKey>dt_istituz</colonnaKey>
          <labelKey>Data istituzione</labelKey>
          <valoreKey>19/01/2015</valoreKey>
        </datoKey>
      </keyRecord>
      <datoRecord>
        <colonnaDato>dt_soppres</colonnaDato>
        <labelDato>Data soppressione</labelDato>
        <valoreDato>31/12/2444</valoreDato>
      </datoRecord>
      <recordChild>
        <tipoRecord>Campo per partizionamento</tipoRecord>
        <child>
          <idRecord>614</idRecord>
          <keyRecord>
            <datoKey>
              <colonnaKey>ti_campo</colonnaKey>
              <labelKey>Tipo campo</labelKey>
              <valoreKey>SUB_STRUT</valoreKey>
            </datoKey>
            <datoKey>
              <colonnaKey>nm_campo</colonnaKey>
              <labelKey>Nome campo</labelKey>
              <valoreKey>SUB_STRUTTURA</valoreKey>
            </datoKey>
          </keyRecord>
          <datoRecord>
            <colonnaDato>nm_sub_strut</colonnaDato>
            <labelDato>Sottostruttura</labelDato>
            <valoreDato>DEFAULT</valoreDato>
          </datoRecord>
          <datoRecord>
            <colonnaDato>nm_attrib_dati_spec</colonnaDato>
            <labelDato>Dato specifico</labelDato>
            <valoreDato>null</valoreDato>
          </datoRecord>
        </child>
      </recordChild>
    </child>
    <child>
      <idRecord>1957</idRecord>
      <keyRecord>
        <datoKey>
          <colonnaKey>nm_tipo_doc</colonnaKey>
          <labelKey>Tipo documento principale</labelKey>
          <valoreKey>Ricevuta di Servizio KO</valoreKey>
        </datoKey>
        <datoKey>
          <colonnaKey>dt_istituz</colonnaKey>
          <labelKey>Data istituzione</labelKey>
          <valoreKey>12/02/2015</valoreKey>
        </datoKey>
      </keyRecord>
      <datoRecord>
        <colonnaDato>dt_soppres</colonnaDato>
        <labelDato>Data soppressione</labelDato>
        <valoreDato>31/12/2444</valoreDato>
      </datoRecord>
      <recordChild>
        <tipoRecord>Campo per partizionamento</tipoRecord>
        <child>
          <idRecord>1268</idRecord>
          <keyRecord>
            <datoKey>
              <colonnaKey>ti_campo</colonnaKey>
              <labelKey>Tipo campo</labelKey>
              <valoreKey>SUB_STRUT</valoreKey>
            </datoKey>
            <datoKey>
              <colonnaKey>nm_campo</colonnaKey>
              <labelKey>Nome campo</labelKey>
              <valoreKey>SUB_STRUTTURA</valoreKey>
            </datoKey>
          </keyRecord>
          <datoRecord>
            <colonnaDato>nm_sub_strut</colonnaDato>
            <labelDato>Sottostruttura</labelDato>
            <valoreDato>DEFAULT</valoreDato>
          </datoRecord>
          <datoRecord>
            <colonnaDato>nm_attrib_dati_spec</colonnaDato>
            <labelDato>Dato specifico</labelDato>
            <valoreDato>null</valoreDato>
          </datoRecord>
        </child>
      </recordChild>
    </child>
    <child>
      <idRecord>1956</idRecord>
      <keyRecord>
        <datoKey>
          <colonnaKey>nm_tipo_doc</colonnaKey>
          <labelKey>Tipo documento principale</labelKey>
          <valoreKey>Ricevuta di Servizio KO</valoreKey>
        </datoKey>
        <datoKey>
          <colonnaKey>dt_istituz</colonnaKey>
          <labelKey>Data istituzione</labelKey>
          <valoreKey>12/02/2015</valoreKey>
        </datoKey>
      </keyRecord>
      <datoRecord>
        <colonnaDato>dt_soppres</colonnaDato>
        <labelDato>Data soppressione</labelDato>
        <valoreDato>31/12/2444</valoreDato>
      </datoRecord>
      <recordChild>
        <tipoRecord>Campo per partizionamento</tipoRecord>
        <child>
          <idRecord>1267</idRecord>
          <keyRecord>
            <datoKey>
              <colonnaKey>ti_campo</colonnaKey>
              <labelKey>Tipo campo</labelKey>
              <valoreKey>SUB_STRUT</valoreKey>
            </datoKey>
            <datoKey>
              <colonnaKey>nm_campo</colonnaKey>
              <labelKey>Nome campo</labelKey>
              <valoreKey>SUB_STRUTTURA</valoreKey>
            </datoKey>
          </keyRecord>
          <datoRecord>
            <colonnaDato>nm_sub_strut</colonnaDato>
            <labelDato>Sottostruttura</labelDato>
            <valoreDato>DEFAULT</valoreDato>
          </datoRecord>
          <datoRecord>
            <colonnaDato>nm_attrib_dati_spec</colonnaDato>
            <labelDato>Dato specifico</labelDato>
            <valoreDato>null</valoreDato>
          </datoRecord>
        </child>
      </recordChild>
    </child>
    <child>
      <idRecord>1955</idRecord>
      <keyRecord>
        <datoKey>
          <colonnaKey>nm_tipo_doc</colonnaKey>
          <labelKey>Tipo documento principale</labelKey>
          <valoreKey>Ricevuta di Servizio KO</valoreKey>
        </datoKey>
        <datoKey>
          <colonnaKey>dt_istituz</colonnaKey>
          <labelKey>Data istituzione</labelKey>
          <valoreKey>12/02/2015</valoreKey>
        </datoKey>
      </keyRecord>
      <datoRecord>
        <colonnaDato>dt_soppres</colonnaDato>
        <labelDato>Data soppressione</labelDato>
        <valoreDato>31/12/2444</valoreDato>
      </datoRecord>
      <recordChild>
        <tipoRecord>Campo per partizionamento</tipoRecord>
        <child>
          <idRecord>1266</idRecord>
          <keyRecord>
            <datoKey>
              <colonnaKey>ti_campo</colonnaKey>
              <labelKey>Tipo campo</labelKey>
              <valoreKey>SUB_STRUT</valoreKey>
            </datoKey>
            <datoKey>
              <colonnaKey>nm_campo</colonnaKey>
              <labelKey>Nome campo</labelKey>
              <valoreKey>SUB_STRUTTURA</valoreKey>
            </datoKey>
          </keyRecord>
          <datoRecord>
            <colonnaDato>nm_sub_strut</colonnaDato>
            <labelDato>Sottostruttura</labelDato>
            <valoreDato>DEFAULT</valoreDato>
          </datoRecord>
          <datoRecord>
            <colonnaDato>nm_attrib_dati_spec</colonnaDato>
            <labelDato>Dato specifico</labelDato>
            <valoreDato>null</valoreDato>
          </datoRecord>
        </child>
      </recordChild>
    </child>
    <child>
      <idRecord>1954</idRecord>
      <keyRecord>
        <datoKey>
          <colonnaKey>nm_tipo_doc</colonnaKey>
          <labelKey>Tipo documento principale</labelKey>
          <valoreKey>Ricevuta di Servizio KO</valoreKey>
        </datoKey>
        <datoKey>
          <colonnaKey>dt_istituz</colonnaKey>
          <labelKey>Data istituzione</labelKey>
          <valoreKey>12/02/2015</valoreKey>
        </datoKey>
      </keyRecord>
      <datoRecord>
        <colonnaDato>dt_soppres</colonnaDato>
        <labelDato>Data soppressione</labelDato>
        <valoreDato>31/12/2444</valoreDato>
      </datoRecord>
      <recordChild>
        <tipoRecord>Campo per partizionamento</tipoRecord>
        <child>
          <idRecord>1265</idRecord>
          <keyRecord>
            <datoKey>
              <colonnaKey>ti_campo</colonnaKey>
              <labelKey>Tipo campo</labelKey>
              <valoreKey>SUB_STRUT</valoreKey>
            </datoKey>
            <datoKey>
              <colonnaKey>nm_campo</colonnaKey>
              <labelKey>Nome campo</labelKey>
              <valoreKey>SUB_STRUTTURA</valoreKey>
            </datoKey>
          </keyRecord>
          <datoRecord>
            <colonnaDato>nm_sub_strut</colonnaDato>
            <labelDato>Sottostruttura</labelDato>
            <valoreDato>DEFAULT</valoreDato>
          </datoRecord>
          <datoRecord>
            <colonnaDato>nm_attrib_dati_spec</colonnaDato>
            <labelDato>Dato specifico</labelDato>
            <valoreDato>null</valoreDato>
          </datoRecord>
        </child>
      </recordChild>
    </child>
    <child>
      <idRecord>1872</idRecord>
      <keyRecord>
        <datoKey>
          <colonnaKey>nm_tipo_doc</colonnaKey>
          <labelKey>Tipo documento principale</labelKey>
          <valoreKey>Ricevuta di Servizio KO</valoreKey>
        </datoKey>
        <datoKey>
          <colonnaKey>dt_istituz</colonnaKey>
          <labelKey>Data istituzione</labelKey>
          <valoreKey>12/02/2015</valoreKey>
        </datoKey>
      </keyRecord>
      <datoRecord>
        <colonnaDato>dt_soppres</colonnaDato>
        <labelDato>Data soppressione</labelDato>
        <valoreDato>31/12/2444</valoreDato>
      </datoRecord>
      <recordChild>
        <tipoRecord>Campo per partizionamento</tipoRecord>
        <child>
          <idRecord>1183</idRecord>
          <keyRecord>
            <datoKey>
              <colonnaKey>ti_campo</colonnaKey>
              <labelKey>Tipo campo</labelKey>
              <valoreKey>SUB_STRUT</valoreKey>
            </datoKey>
            <datoKey>
              <colonnaKey>nm_campo</colonnaKey>
              <labelKey>Nome campo</labelKey>
              <valoreKey>SUB_STRUTTURA</valoreKey>
            </datoKey>
          </keyRecord>
          <datoRecord>
            <colonnaDato>nm_sub_strut</colonnaDato>
            <labelDato>Sottostruttura</labelDato>
            <valoreDato>DEFAULT</valoreDato>
          </datoRecord>
          <datoRecord>
            <colonnaDato>nm_attrib_dati_spec</colonnaDato>
            <labelDato>Dato specifico</labelDato>
            <valoreDato>null</valoreDato>
          </datoRecord>
        </child>
      </recordChild>
    </child>
    <child>
      <idRecord>2185</idRecord>
      <keyRecord>
        <datoKey>
          <colonnaKey>nm_tipo_doc</colonnaKey>
          <labelKey>Tipo documento principale</labelKey>
          <valoreKey>Ricevuta di Servizio KO</valoreKey>
        </datoKey>
        <datoKey>
          <colonnaKey>dt_istituz</colonnaKey>
          <labelKey>Data istituzione</labelKey>
          <valoreKey>12/02/2015</valoreKey>
        </datoKey>
      </keyRecord>
      <datoRecord>
        <colonnaDato>dt_soppres</colonnaDato>
        <labelDato>Data soppressione</labelDato>
        <valoreDato>31/12/2444</valoreDato>
      </datoRecord>
      <recordChild>
        <tipoRecord>Campo per partizionamento</tipoRecord>
        <child>
          <idRecord>828</idRecord>
          <keyRecord>
            <datoKey>
              <colonnaKey>ti_campo</colonnaKey>
              <labelKey>Tipo campo</labelKey>
              <valoreKey>SUB_STRUT</valoreKey>
            </datoKey>
            <datoKey>
              <colonnaKey>nm_campo</colonnaKey>
              <labelKey>Nome campo</labelKey>
              <valoreKey>SUB_STRUTTURA</valoreKey>
            </datoKey>
          </keyRecord>
          <datoRecord>
            <colonnaDato>nm_sub_strut</colonnaDato>
            <labelDato>Sottostruttura</labelDato>
            <valoreDato>DEFAULT</valoreDato>
          </datoRecord>
          <datoRecord>
            <colonnaDato>nm_attrib_dati_spec</colonnaDato>
            <labelDato>Dato specifico</labelDato>
            <valoreDato>null</valoreDato>
          </datoRecord>
        </child>
      </recordChild>
    </child>
    <child>
      <idRecord>2184</idRecord>
      <keyRecord>
        <datoKey>
          <colonnaKey>nm_tipo_doc</colonnaKey>
          <labelKey>Tipo documento principale</labelKey>
          <valoreKey>Ricevuta di Servizio KO</valoreKey>
        </datoKey>
        <datoKey>
          <colonnaKey>dt_istituz</colonnaKey>
          <labelKey>Data istituzione</labelKey>
          <valoreKey>12/02/2015</valoreKey>
        </datoKey>
      </keyRecord>
      <datoRecord>
        <colonnaDato>dt_soppres</colonnaDato>
        <labelDato>Data soppressione</labelDato>
        <valoreDato>31/12/2444</valoreDato>
      </datoRecord>
      <recordChild>
        <tipoRecord>Campo per partizionamento</tipoRecord>
        <child>
          <idRecord>827</idRecord>
          <keyRecord>
            <datoKey>
              <colonnaKey>ti_campo</colonnaKey>
              <labelKey>Tipo campo</labelKey>
              <valoreKey>SUB_STRUT</valoreKey>
            </datoKey>
            <datoKey>
              <colonnaKey>nm_campo</colonnaKey>
              <labelKey>Nome campo</labelKey>
              <valoreKey>SUB_STRUTTURA</valoreKey>
            </datoKey>
          </keyRecord>
          <datoRecord>
            <colonnaDato>nm_sub_strut</colonnaDato>
            <labelDato>Sottostruttura</labelDato>
            <valoreDato>DEFAULT</valoreDato>
          </datoRecord>
          <datoRecord>
            <colonnaDato>nm_attrib_dati_spec</colonnaDato>
            <labelDato>Dato specifico</labelDato>
            <valoreDato>null</valoreDato>
          </datoRecord>
        </child>
      </recordChild>
    </child>
    <child>
      <idRecord>2183</idRecord>
      <keyRecord>
        <datoKey>
          <colonnaKey>nm_tipo_doc</colonnaKey>
          <labelKey>Tipo documento principale</labelKey>
          <valoreKey>Ricevuta di Servizio KO</valoreKey>
        </datoKey>
        <datoKey>
          <colonnaKey>dt_istituz</colonnaKey>
          <labelKey>Data istituzione</labelKey>
          <valoreKey>12/02/2015</valoreKey>
        </datoKey>
      </keyRecord>
      <datoRecord>
        <colonnaDato>dt_soppres</colonnaDato>
        <labelDato>Data soppressione</labelDato>
        <valoreDato>31/12/2444</valoreDato>
      </datoRecord>
      <recordChild>
        <tipoRecord>Campo per partizionamento</tipoRecord>
        <child>
          <idRecord>826</idRecord>
          <keyRecord>
            <datoKey>
              <colonnaKey>ti_campo</colonnaKey>
              <labelKey>Tipo campo</labelKey>
              <valoreKey>SUB_STRUT</valoreKey>
            </datoKey>
            <datoKey>
              <colonnaKey>nm_campo</colonnaKey>
              <labelKey>Nome campo</labelKey>
              <valoreKey>SUB_STRUTTURA</valoreKey>
            </datoKey>
          </keyRecord>
          <datoRecord>
            <colonnaDato>nm_sub_strut</colonnaDato>
            <labelDato>Sottostruttura</labelDato>
            <valoreDato>DEFAULT</valoreDato>
          </datoRecord>
          <datoRecord>
            <colonnaDato>nm_attrib_dati_spec</colonnaDato>
            <labelDato>Dato specifico</labelDato>
            <valoreDato>null</valoreDato>
          </datoRecord>
        </child>
      </recordChild>
    </child>
    <child>
      <idRecord>2182</idRecord>
      <keyRecord>
        <datoKey>
          <colonnaKey>nm_tipo_doc</colonnaKey>
          <labelKey>Tipo documento principale</labelKey>
          <valoreKey>Ricevuta di Servizio KO</valoreKey>
        </datoKey>
        <datoKey>
          <colonnaKey>dt_istituz</colonnaKey>
          <labelKey>Data istituzione</labelKey>
          <valoreKey>12/02/2015</valoreKey>
        </datoKey>
      </keyRecord>
      <datoRecord>
        <colonnaDato>dt_soppres</colonnaDato>
        <labelDato>Data soppressione</labelDato>
        <valoreDato>31/12/2444</valoreDato>
      </datoRecord>
      <recordChild>
        <tipoRecord>Campo per partizionamento</tipoRecord>
        <child>
          <idRecord>825</idRecord>
          <keyRecord>
            <datoKey>
              <colonnaKey>ti_campo</colonnaKey>
              <labelKey>Tipo campo</labelKey>
              <valoreKey>SUB_STRUT</valoreKey>
            </datoKey>
            <datoKey>
              <colonnaKey>nm_campo</colonnaKey>
              <labelKey>Nome campo</labelKey>
              <valoreKey>SUB_STRUTTURA</valoreKey>
            </datoKey>
          </keyRecord>
          <datoRecord>
            <colonnaDato>nm_sub_strut</colonnaDato>
            <labelDato>Sottostruttura</labelDato>
            <valoreDato>DEFAULT</valoreDato>
          </datoRecord>
          <datoRecord>
            <colonnaDato>nm_attrib_dati_spec</colonnaDato>
            <labelDato>Dato specifico</labelDato>
            <valoreDato>null</valoreDato>
          </datoRecord>
        </child>
      </recordChild>
    </child>
    <child>
      <idRecord>2181</idRecord>
      <keyRecord>
        <datoKey>
          <colonnaKey>nm_tipo_doc</colonnaKey>
          <labelKey>Tipo documento principale</labelKey>
          <valoreKey>Ricevuta di Servizio KO</valoreKey>
        </datoKey>
        <datoKey>
          <colonnaKey>dt_istituz</colonnaKey>
          <labelKey>Data istituzione</labelKey>
          <valoreKey>12/02/2015</valoreKey>
        </datoKey>
      </keyRecord>
      <datoRecord>
        <colonnaDato>dt_soppres</colonnaDato>
        <labelDato>Data soppressione</labelDato>
        <valoreDato>31/12/2444</valoreDato>
      </datoRecord>
      <recordChild>
        <tipoRecord>Campo per partizionamento</tipoRecord>
        <child>
          <idRecord>824</idRecord>
          <keyRecord>
            <datoKey>
              <colonnaKey>ti_campo</colonnaKey>
              <labelKey>Tipo campo</labelKey>
              <valoreKey>SUB_STRUT</valoreKey>
            </datoKey>
            <datoKey>
              <colonnaKey>nm_campo</colonnaKey>
              <labelKey>Nome campo</labelKey>
              <valoreKey>SUB_STRUTTURA</valoreKey>
            </datoKey>
          </keyRecord>
          <datoRecord>
            <colonnaDato>nm_sub_strut</colonnaDato>
            <labelDato>Sottostruttura</labelDato>
            <valoreDato>DEFAULT</valoreDato>
          </datoRecord>
          <datoRecord>
            <colonnaDato>nm_attrib_dati_spec</colonnaDato>
            <labelDato>Dato specifico</labelDato>
            <valoreDato>null</valoreDato>
          </datoRecord>
        </child>
      </recordChild>
    </child>
    <child>
      <idRecord>2180</idRecord>
      <keyRecord>
        <datoKey>
          <colonnaKey>nm_tipo_doc</colonnaKey>
          <labelKey>Tipo documento principale</labelKey>
          <valoreKey>Ricevuta di Servizio KO</valoreKey>
        </datoKey>
        <datoKey>
          <colonnaKey>dt_istituz</colonnaKey>
          <labelKey>Data istituzione</labelKey>
          <valoreKey>12/02/2015</valoreKey>
        </datoKey>
      </keyRecord>
      <datoRecord>
        <colonnaDato>dt_soppres</colonnaDato>
        <labelDato>Data soppressione</labelDato>
        <valoreDato>31/12/2444</valoreDato>
      </datoRecord>
      <recordChild>
        <tipoRecord>Campo per partizionamento</tipoRecord>
        <child>
          <idRecord>823</idRecord>
          <keyRecord>
            <datoKey>
              <colonnaKey>ti_campo</colonnaKey>
              <labelKey>Tipo campo</labelKey>
              <valoreKey>SUB_STRUT</valoreKey>
            </datoKey>
            <datoKey>
              <colonnaKey>nm_campo</colonnaKey>
              <labelKey>Nome campo</labelKey>
              <valoreKey>SUB_STRUTTURA</valoreKey>
            </datoKey>
          </keyRecord>
          <datoRecord>
            <colonnaDato>nm_sub_strut</colonnaDato>
            <labelDato>Sottostruttura</labelDato>
            <valoreDato>DEFAULT</valoreDato>
          </datoRecord>
          <datoRecord>
            <colonnaDato>nm_attrib_dati_spec</colonnaDato>
            <labelDato>Dato specifico</labelDato>
            <valoreDato>null</valoreDato>
          </datoRecord>
        </child>
      </recordChild>
    </child>
    <child>
      <idRecord>2179</idRecord>
      <keyRecord>
        <datoKey>
          <colonnaKey>nm_tipo_doc</colonnaKey>
          <labelKey>Tipo documento principale</labelKey>
          <valoreKey>Ricevuta di Servizio KO</valoreKey>
        </datoKey>
        <datoKey>
          <colonnaKey>dt_istituz</colonnaKey>
          <labelKey>Data istituzione</labelKey>
          <valoreKey>12/02/2015</valoreKey>
        </datoKey>
      </keyRecord>
      <datoRecord>
        <colonnaDato>dt_soppres</colonnaDato>
        <labelDato>Data soppressione</labelDato>
        <valoreDato>31/12/2444</valoreDato>
      </datoRecord>
      <recordChild>
        <tipoRecord>Campo per partizionamento</tipoRecord>
        <child>
          <idRecord>822</idRecord>
          <keyRecord>
            <datoKey>
              <colonnaKey>ti_campo</colonnaKey>
              <labelKey>Tipo campo</labelKey>
              <valoreKey>SUB_STRUT</valoreKey>
            </datoKey>
            <datoKey>
              <colonnaKey>nm_campo</colonnaKey>
              <labelKey>Nome campo</labelKey>
              <valoreKey>SUB_STRUTTURA</valoreKey>
            </datoKey>
          </keyRecord>
          <datoRecord>
            <colonnaDato>nm_sub_strut</colonnaDato>
            <labelDato>Sottostruttura</labelDato>
            <valoreDato>DEFAULT</valoreDato>
          </datoRecord>
          <datoRecord>
            <colonnaDato>nm_attrib_dati_spec</colonnaDato>
            <labelDato>Dato specifico</labelDato>
            <valoreDato>null</valoreDato>
          </datoRecord>
        </child>
      </recordChild>
    </child>
    <child>
      <idRecord>2178</idRecord>
      <keyRecord>
        <datoKey>
          <colonnaKey>nm_tipo_doc</colonnaKey>
          <labelKey>Tipo documento principale</labelKey>
          <valoreKey>Ricevuta di Servizio KO</valoreKey>
        </datoKey>
        <datoKey>
          <colonnaKey>dt_istituz</colonnaKey>
          <labelKey>Data istituzione</labelKey>
          <valoreKey>12/02/2015</valoreKey>
        </datoKey>
      </keyRecord>
      <datoRecord>
        <colonnaDato>dt_soppres</colonnaDato>
        <labelDato>Data soppressione</labelDato>
        <valoreDato>31/12/2444</valoreDato>
      </datoRecord>
      <recordChild>
        <tipoRecord>Campo per partizionamento</tipoRecord>
        <child>
          <idRecord>821</idRecord>
          <keyRecord>
            <datoKey>
              <colonnaKey>ti_campo</colonnaKey>
              <labelKey>Tipo campo</labelKey>
              <valoreKey>SUB_STRUT</valoreKey>
            </datoKey>
            <datoKey>
              <colonnaKey>nm_campo</colonnaKey>
              <labelKey>Nome campo</labelKey>
              <valoreKey>SUB_STRUTTURA</valoreKey>
            </datoKey>
          </keyRecord>
          <datoRecord>
            <colonnaDato>nm_sub_strut</colonnaDato>
            <labelDato>Sottostruttura</labelDato>
            <valoreDato>DEFAULT</valoreDato>
          </datoRecord>
          <datoRecord>
            <colonnaDato>nm_attrib_dati_spec</colonnaDato>
            <labelDato>Dato specifico</labelDato>
            <valoreDato>null</valoreDato>
          </datoRecord>
        </child>
      </recordChild>
    </child>
    <child>
      <idRecord>2177</idRecord>
      <keyRecord>
        <datoKey>
          <colonnaKey>nm_tipo_doc</colonnaKey>
          <labelKey>Tipo documento principale</labelKey>
          <valoreKey>Ricevuta di Servizio KO</valoreKey>
        </datoKey>
        <datoKey>
          <colonnaKey>dt_istituz</colonnaKey>
          <labelKey>Data istituzione</labelKey>
          <valoreKey>12/02/2015</valoreKey>
        </datoKey>
      </keyRecord>
      <datoRecord>
        <colonnaDato>dt_soppres</colonnaDato>
        <labelDato>Data soppressione</labelDato>
        <valoreDato>31/12/2444</valoreDato>
      </datoRecord>
      <recordChild>
        <tipoRecord>Campo per partizionamento</tipoRecord>
        <child>
          <idRecord>820</idRecord>
          <keyRecord>
            <datoKey>
              <colonnaKey>ti_campo</colonnaKey>
              <labelKey>Tipo campo</labelKey>
              <valoreKey>SUB_STRUT</valoreKey>
            </datoKey>
            <datoKey>
              <colonnaKey>nm_campo</colonnaKey>
              <labelKey>Nome campo</labelKey>
              <valoreKey>SUB_STRUTTURA</valoreKey>
            </datoKey>
          </keyRecord>
          <datoRecord>
            <colonnaDato>nm_sub_strut</colonnaDato>
            <labelDato>Sottostruttura</labelDato>
            <valoreDato>DEFAULT</valoreDato>
          </datoRecord>
          <datoRecord>
            <colonnaDato>nm_attrib_dati_spec</colonnaDato>
            <labelDato>Dato specifico</labelDato>
            <valoreDato>null</valoreDato>
          </datoRecord>
        </child>
      </recordChild>
    </child>
    <child>
      <idRecord>2176</idRecord>
      <keyRecord>
        <datoKey>
          <colonnaKey>nm_tipo_doc</colonnaKey>
          <labelKey>Tipo documento principale</labelKey>
          <valoreKey>Ricevuta di Servizio KO</valoreKey>
        </datoKey>
        <datoKey>
          <colonnaKey>dt_istituz</colonnaKey>
          <labelKey>Data istituzione</labelKey>
          <valoreKey>12/02/2015</valoreKey>
        </datoKey>
      </keyRecord>
      <datoRecord>
        <colonnaDato>dt_soppres</colonnaDato>
        <labelDato>Data soppressione</labelDato>
        <valoreDato>31/12/2444</valoreDato>
      </datoRecord>
      <recordChild>
        <tipoRecord>Campo per partizionamento</tipoRecord>
        <child>
          <idRecord>819</idRecord>
          <keyRecord>
            <datoKey>
              <colonnaKey>ti_campo</colonnaKey>
              <labelKey>Tipo campo</labelKey>
              <valoreKey>SUB_STRUT</valoreKey>
            </datoKey>
            <datoKey>
              <colonnaKey>nm_campo</colonnaKey>
              <labelKey>Nome campo</labelKey>
              <valoreKey>SUB_STRUTTURA</valoreKey>
            </datoKey>
          </keyRecord>
          <datoRecord>
            <colonnaDato>nm_sub_strut</colonnaDato>
            <labelDato>Sottostruttura</labelDato>
            <valoreDato>DEFAULT</valoreDato>
          </datoRecord>
          <datoRecord>
            <colonnaDato>nm_attrib_dati_spec</colonnaDato>
            <labelDato>Dato specifico</labelDato>
            <valoreDato>null</valoreDato>
          </datoRecord>
        </child>
      </recordChild>
    </child>
    <child>
      <idRecord>2175</idRecord>
      <keyRecord>
        <datoKey>
          <colonnaKey>nm_tipo_doc</colonnaKey>
          <labelKey>Tipo documento principale</labelKey>
          <valoreKey>Ricevuta di Servizio KO</valoreKey>
        </datoKey>
        <datoKey>
          <colonnaKey>dt_istituz</colonnaKey>
          <labelKey>Data istituzione</labelKey>
          <valoreKey>12/02/2015</valoreKey>
        </datoKey>
      </keyRecord>
      <datoRecord>
        <colonnaDato>dt_soppres</colonnaDato>
        <labelDato>Data soppressione</labelDato>
        <valoreDato>31/12/2444</valoreDato>
      </datoRecord>
      <recordChild>
        <tipoRecord>Campo per partizionamento</tipoRecord>
        <child>
          <idRecord>818</idRecord>
          <keyRecord>
            <datoKey>
              <colonnaKey>ti_campo</colonnaKey>
              <labelKey>Tipo campo</labelKey>
              <valoreKey>SUB_STRUT</valoreKey>
            </datoKey>
            <datoKey>
              <colonnaKey>nm_campo</colonnaKey>
              <labelKey>Nome campo</labelKey>
              <valoreKey>SUB_STRUTTURA</valoreKey>
            </datoKey>
          </keyRecord>
          <datoRecord>
            <colonnaDato>nm_sub_strut</colonnaDato>
            <labelDato>Sottostruttura</labelDato>
            <valoreDato>DEFAULT</valoreDato>
          </datoRecord>
          <datoRecord>
            <colonnaDato>nm_attrib_dati_spec</colonnaDato>
            <labelDato>Dato specifico</labelDato>
            <valoreDato>null</valoreDato>
          </datoRecord>
        </child>
      </recordChild>
    </child>
    <child>
      <idRecord>2174</idRecord>
      <keyRecord>
        <datoKey>
          <colonnaKey>nm_tipo_doc</colonnaKey>
          <labelKey>Tipo documento principale</labelKey>
          <valoreKey>Ricevuta di Servizio KO</valoreKey>
        </datoKey>
        <datoKey>
          <colonnaKey>dt_istituz</colonnaKey>
          <labelKey>Data istituzione</labelKey>
          <valoreKey>12/02/2015</valoreKey>
        </datoKey>
      </keyRecord>
      <datoRecord>
        <colonnaDato>dt_soppres</colonnaDato>
        <labelDato>Data soppressione</labelDato>
        <valoreDato>31/12/2444</valoreDato>
      </datoRecord>
      <recordChild>
        <tipoRecord>Campo per partizionamento</tipoRecord>
        <child>
          <idRecord>817</idRecord>
          <keyRecord>
            <datoKey>
              <colonnaKey>ti_campo</colonnaKey>
              <labelKey>Tipo campo</labelKey>
              <valoreKey>SUB_STRUT</valoreKey>
            </datoKey>
            <datoKey>
              <colonnaKey>nm_campo</colonnaKey>
              <labelKey>Nome campo</labelKey>
              <valoreKey>SUB_STRUTTURA</valoreKey>
            </datoKey>
          </keyRecord>
          <datoRecord>
            <colonnaDato>nm_sub_strut</colonnaDato>
            <labelDato>Sottostruttura</labelDato>
            <valoreDato>DEFAULT</valoreDato>
          </datoRecord>
          <datoRecord>
            <colonnaDato>nm_attrib_dati_spec</colonnaDato>
            <labelDato>Dato specifico</labelDato>
            <valoreDato>null</valoreDato>
          </datoRecord>
        </child>
      </recordChild>
    </child>
    <child>
      <idRecord>2173</idRecord>
      <keyRecord>
        <datoKey>
          <colonnaKey>nm_tipo_doc</colonnaKey>
          <labelKey>Tipo documento principale</labelKey>
          <valoreKey>Ricevuta di Servizio KO</valoreKey>
        </datoKey>
        <datoKey>
          <colonnaKey>dt_istituz</colonnaKey>
          <labelKey>Data istituzione</labelKey>
          <valoreKey>12/02/2015</valoreKey>
        </datoKey>
      </keyRecord>
      <datoRecord>
        <colonnaDato>dt_soppres</colonnaDato>
        <labelDato>Data soppressione</labelDato>
        <valoreDato>31/12/2444</valoreDato>
      </datoRecord>
      <recordChild>
        <tipoRecord>Campo per partizionamento</tipoRecord>
        <child>
          <idRecord>816</idRecord>
          <keyRecord>
            <datoKey>
              <colonnaKey>ti_campo</colonnaKey>
              <labelKey>Tipo campo</labelKey>
              <valoreKey>SUB_STRUT</valoreKey>
            </datoKey>
            <datoKey>
              <colonnaKey>nm_campo</colonnaKey>
              <labelKey>Nome campo</labelKey>
              <valoreKey>SUB_STRUTTURA</valoreKey>
            </datoKey>
          </keyRecord>
          <datoRecord>
            <colonnaDato>nm_sub_strut</colonnaDato>
            <labelDato>Sottostruttura</labelDato>
            <valoreDato>DEFAULT</valoreDato>
          </datoRecord>
          <datoRecord>
            <colonnaDato>nm_attrib_dati_spec</colonnaDato>
            <labelDato>Dato specifico</labelDato>
            <valoreDato>null</valoreDato>
          </datoRecord>
        </child>
      </recordChild>
    </child>
    <child>
      <idRecord>2172</idRecord>
      <keyRecord>
        <datoKey>
          <colonnaKey>nm_tipo_doc</colonnaKey>
          <labelKey>Tipo documento principale</labelKey>
          <valoreKey>Ricevuta di Servizio KO</valoreKey>
        </datoKey>
        <datoKey>
          <colonnaKey>dt_istituz</colonnaKey>
          <labelKey>Data istituzione</labelKey>
          <valoreKey>12/02/2015</valoreKey>
        </datoKey>
      </keyRecord>
      <datoRecord>
        <colonnaDato>dt_soppres</colonnaDato>
        <labelDato>Data soppressione</labelDato>
        <valoreDato>31/12/2444</valoreDato>
      </datoRecord>
      <recordChild>
        <tipoRecord>Campo per partizionamento</tipoRecord>
        <child>
          <idRecord>815</idRecord>
          <keyRecord>
            <datoKey>
              <colonnaKey>ti_campo</colonnaKey>
              <labelKey>Tipo campo</labelKey>
              <valoreKey>SUB_STRUT</valoreKey>
            </datoKey>
            <datoKey>
              <colonnaKey>nm_campo</colonnaKey>
              <labelKey>Nome campo</labelKey>
              <valoreKey>SUB_STRUTTURA</valoreKey>
            </datoKey>
          </keyRecord>
          <datoRecord>
            <colonnaDato>nm_sub_strut</colonnaDato>
            <labelDato>Sottostruttura</labelDato>
            <valoreDato>DEFAULT</valoreDato>
          </datoRecord>
          <datoRecord>
            <colonnaDato>nm_attrib_dati_spec</colonnaDato>
            <labelDato>Dato specifico</labelDato>
            <valoreDato>null</valoreDato>
          </datoRecord>
        </child>
      </recordChild>
    </child>
    <child>
      <idRecord>935</idRecord>
      <keyRecord>
        <datoKey>
          <colonnaKey>nm_tipo_doc</colonnaKey>
          <labelKey>Tipo documento principale</labelKey>
          <valoreKey>Ricevuta di Servizio OK</valoreKey>
        </datoKey>
        <datoKey>
          <colonnaKey>dt_istituz</colonnaKey>
          <labelKey>Data istituzione</labelKey>
          <valoreKey>19/01/2015</valoreKey>
        </datoKey>
      </keyRecord>
      <datoRecord>
        <colonnaDato>dt_soppres</colonnaDato>
        <labelDato>Data soppressione</labelDato>
        <valoreDato>31/12/2444</valoreDato>
      </datoRecord>
      <recordChild>
        <tipoRecord>Campo per partizionamento</tipoRecord>
        <child>
          <idRecord>615</idRecord>
          <keyRecord>
            <datoKey>
              <colonnaKey>ti_campo</colonnaKey>
              <labelKey>Tipo campo</labelKey>
              <valoreKey>SUB_STRUT</valoreKey>
            </datoKey>
            <datoKey>
              <colonnaKey>nm_campo</colonnaKey>
              <labelKey>Nome campo</labelKey>
              <valoreKey>SUB_STRUTTURA</valoreKey>
            </datoKey>
          </keyRecord>
          <datoRecord>
            <colonnaDato>nm_sub_strut</colonnaDato>
            <labelDato>Sottostruttura</labelDato>
            <valoreDato>DEFAULT</valoreDato>
          </datoRecord>
          <datoRecord>
            <colonnaDato>nm_attrib_dati_spec</colonnaDato>
            <labelDato>Dato specifico</labelDato>
            <valoreDato>null</valoreDato>
          </datoRecord>
        </child>
      </recordChild>
    </child>
    <child>
      <idRecord>9984</idRecord>
      <keyRecord>
        <datoKey>
          <colonnaKey>nm_tipo_doc</colonnaKey>
          <labelKey>Tipo documento principale</labelKey>
          <valoreKey>Ricevuta di Servizio OK</valoreKey>
        </datoKey>
        <datoKey>
          <colonnaKey>dt_istituz</colonnaKey>
          <labelKey>Data istituzione</labelKey>
          <valoreKey>04/07/2016</valoreKey>
        </datoKey>
      </keyRecord>
      <datoRecord>
        <colonnaDato>dt_soppres</colonnaDato>
        <labelDato>Data soppressione</labelDato>
        <valoreDato>31/12/2444</valoreDato>
      </datoRecord>
      <recordChild>
        <tipoRecord>Campo per partizionamento</tipoRecord>
        <child>
          <idRecord>8304</idRecord>
          <keyRecord>
            <datoKey>
              <colonnaKey>ti_campo</colonnaKey>
              <labelKey>Tipo campo</labelKey>
              <valoreKey>SUB_STRUT</valoreKey>
            </datoKey>
            <datoKey>
              <colonnaKey>nm_campo</colonnaKey>
              <labelKey>Nome campo</labelKey>
              <valoreKey>SUB_STRUTTURA</valoreKey>
            </datoKey>
          </keyRecord>
          <datoRecord>
            <colonnaDato>nm_sub_strut</colonnaDato>
            <labelDato>Sottostruttura</labelDato>
            <valoreDato>DEFAULT</valoreDato>
          </datoRecord>
          <datoRecord>
            <colonnaDato>nm_attrib_dati_spec</colonnaDato>
            <labelDato>Dato specifico</labelDato>
            <valoreDato>null</valoreDato>
          </datoRecord>
        </child>
      </recordChild>
    </child>
    <child>
      <idRecord>1953</idRecord>
      <keyRecord>
        <datoKey>
          <colonnaKey>nm_tipo_doc</colonnaKey>
          <labelKey>Tipo documento principale</labelKey>
          <valoreKey>Ricevuta di Servizio OK</valoreKey>
        </datoKey>
        <datoKey>
          <colonnaKey>dt_istituz</colonnaKey>
          <labelKey>Data istituzione</labelKey>
          <valoreKey>12/02/2015</valoreKey>
        </datoKey>
      </keyRecord>
      <datoRecord>
        <colonnaDato>dt_soppres</colonnaDato>
        <labelDato>Data soppressione</labelDato>
        <valoreDato>31/12/2444</valoreDato>
      </datoRecord>
      <recordChild>
        <tipoRecord>Campo per partizionamento</tipoRecord>
        <child>
          <idRecord>1264</idRecord>
          <keyRecord>
            <datoKey>
              <colonnaKey>ti_campo</colonnaKey>
              <labelKey>Tipo campo</labelKey>
              <valoreKey>SUB_STRUT</valoreKey>
            </datoKey>
            <datoKey>
              <colonnaKey>nm_campo</colonnaKey>
              <labelKey>Nome campo</labelKey>
              <valoreKey>SUB_STRUTTURA</valoreKey>
            </datoKey>
          </keyRecord>
          <datoRecord>
            <colonnaDato>nm_sub_strut</colonnaDato>
            <labelDato>Sottostruttura</labelDato>
            <valoreDato>DEFAULT</valoreDato>
          </datoRecord>
          <datoRecord>
            <colonnaDato>nm_attrib_dati_spec</colonnaDato>
            <labelDato>Dato specifico</labelDato>
            <valoreDato>null</valoreDato>
          </datoRecord>
        </child>
      </recordChild>
    </child>
    <child>
      <idRecord>1952</idRecord>
      <keyRecord>
        <datoKey>
          <colonnaKey>nm_tipo_doc</colonnaKey>
          <labelKey>Tipo documento principale</labelKey>
          <valoreKey>Ricevuta di Servizio OK</valoreKey>
        </datoKey>
        <datoKey>
          <colonnaKey>dt_istituz</colonnaKey>
          <labelKey>Data istituzione</labelKey>
          <valoreKey>12/02/2015</valoreKey>
        </datoKey>
      </keyRecord>
      <datoRecord>
        <colonnaDato>dt_soppres</colonnaDato>
        <labelDato>Data soppressione</labelDato>
        <valoreDato>31/12/2444</valoreDato>
      </datoRecord>
      <recordChild>
        <tipoRecord>Campo per partizionamento</tipoRecord>
        <child>
          <idRecord>1263</idRecord>
          <keyRecord>
            <datoKey>
              <colonnaKey>ti_campo</colonnaKey>
              <labelKey>Tipo campo</labelKey>
              <valoreKey>SUB_STRUT</valoreKey>
            </datoKey>
            <datoKey>
              <colonnaKey>nm_campo</colonnaKey>
              <labelKey>Nome campo</labelKey>
              <valoreKey>SUB_STRUTTURA</valoreKey>
            </datoKey>
          </keyRecord>
          <datoRecord>
            <colonnaDato>nm_sub_strut</colonnaDato>
            <labelDato>Sottostruttura</labelDato>
            <valoreDato>DEFAULT</valoreDato>
          </datoRecord>
          <datoRecord>
            <colonnaDato>nm_attrib_dati_spec</colonnaDato>
            <labelDato>Dato specifico</labelDato>
            <valoreDato>null</valoreDato>
          </datoRecord>
        </child>
      </recordChild>
    </child>
    <child>
      <idRecord>498</idRecord>
      <keyRecord>
        <datoKey>
          <colonnaKey>nm_tipo_doc</colonnaKey>
          <labelKey>Tipo documento principale</labelKey>
          <valoreKey>Ricevuta di Servizio OK</valoreKey>
        </datoKey>
        <datoKey>
          <colonnaKey>dt_istituz</colonnaKey>
          <labelKey>Data istituzione</labelKey>
          <valoreKey>10/11/2014</valoreKey>
        </datoKey>
      </keyRecord>
      <datoRecord>
        <colonnaDato>dt_soppres</colonnaDato>
        <labelDato>Data soppressione</labelDato>
        <valoreDato>31/12/2444</valoreDato>
      </datoRecord>
      <recordChild>
        <tipoRecord>Campo per partizionamento</tipoRecord>
        <child>
          <idRecord>242</idRecord>
          <keyRecord>
            <datoKey>
              <colonnaKey>ti_campo</colonnaKey>
              <labelKey>Tipo campo</labelKey>
              <valoreKey>SUB_STRUT</valoreKey>
            </datoKey>
            <datoKey>
              <colonnaKey>nm_campo</colonnaKey>
              <labelKey>Nome campo</labelKey>
              <valoreKey>SUB_STRUTTURA</valoreKey>
            </datoKey>
          </keyRecord>
          <datoRecord>
            <colonnaDato>nm_sub_strut</colonnaDato>
            <labelDato>Sottostruttura</labelDato>
            <valoreDato>DEFAULT</valoreDato>
          </datoRecord>
          <datoRecord>
            <colonnaDato>nm_attrib_dati_spec</colonnaDato>
            <labelDato>Dato specifico</labelDato>
            <valoreDato>null</valoreDato>
          </datoRecord>
        </child>
      </recordChild>
    </child>
    <child>
      <idRecord>474</idRecord>
      <keyRecord>
        <datoKey>
          <colonnaKey>nm_tipo_doc</colonnaKey>
          <labelKey>Tipo documento principale</labelKey>
          <valoreKey>Ricevuta di Servizio OK</valoreKey>
        </datoKey>
        <datoKey>
          <colonnaKey>dt_istituz</colonnaKey>
          <labelKey>Data istituzione</labelKey>
          <valoreKey>10/11/2014</valoreKey>
        </datoKey>
      </keyRecord>
      <datoRecord>
        <colonnaDato>dt_soppres</colonnaDato>
        <labelDato>Data soppressione</labelDato>
        <valoreDato>31/12/2444</valoreDato>
      </datoRecord>
      <recordChild>
        <tipoRecord>Campo per partizionamento</tipoRecord>
        <child>
          <idRecord>218</idRecord>
          <keyRecord>
            <datoKey>
              <colonnaKey>ti_campo</colonnaKey>
              <labelKey>Tipo campo</labelKey>
              <valoreKey>SUB_STRUT</valoreKey>
            </datoKey>
            <datoKey>
              <colonnaKey>nm_campo</colonnaKey>
              <labelKey>Nome campo</labelKey>
              <valoreKey>SUB_STRUTTURA</valoreKey>
            </datoKey>
          </keyRecord>
          <datoRecord>
            <colonnaDato>nm_sub_strut</colonnaDato>
            <labelDato>Sottostruttura</labelDato>
            <valoreDato>DEFAULT</valoreDato>
          </datoRecord>
          <datoRecord>
            <colonnaDato>nm_attrib_dati_spec</colonnaDato>
            <labelDato>Dato specifico</labelDato>
            <valoreDato>null</valoreDato>
          </datoRecord>
        </child>
      </recordChild>
    </child>
    <child>
      <idRecord>472</idRecord>
      <keyRecord>
        <datoKey>
          <colonnaKey>nm_tipo_doc</colonnaKey>
          <labelKey>Tipo documento principale</labelKey>
          <valoreKey>Ricevuta di Servizio OK</valoreKey>
        </datoKey>
        <datoKey>
          <colonnaKey>dt_istituz</colonnaKey>
          <labelKey>Data istituzione</labelKey>
          <valoreKey>10/11/2014</valoreKey>
        </datoKey>
      </keyRecord>
      <datoRecord>
        <colonnaDato>dt_soppres</colonnaDato>
        <labelDato>Data soppressione</labelDato>
        <valoreDato>31/12/2444</valoreDato>
      </datoRecord>
      <recordChild>
        <tipoRecord>Campo per partizionamento</tipoRecord>
        <child>
          <idRecord>216</idRecord>
          <keyRecord>
            <datoKey>
              <colonnaKey>ti_campo</colonnaKey>
              <labelKey>Tipo campo</labelKey>
              <valoreKey>SUB_STRUT</valoreKey>
            </datoKey>
            <datoKey>
              <colonnaKey>nm_campo</colonnaKey>
              <labelKey>Nome campo</labelKey>
              <valoreKey>SUB_STRUTTURA</valoreKey>
            </datoKey>
          </keyRecord>
          <datoRecord>
            <colonnaDato>nm_sub_strut</colonnaDato>
            <labelDato>Sottostruttura</labelDato>
            <valoreDato>DEFAULT</valoreDato>
          </datoRecord>
          <datoRecord>
            <colonnaDato>nm_attrib_dati_spec</colonnaDato>
            <labelDato>Dato specifico</labelDato>
            <valoreDato>null</valoreDato>
          </datoRecord>
        </child>
      </recordChild>
    </child>
    <child>
      <idRecord>2171</idRecord>
      <keyRecord>
        <datoKey>
          <colonnaKey>nm_tipo_doc</colonnaKey>
          <labelKey>Tipo documento principale</labelKey>
          <valoreKey>Ricevuta di Servizio OK</valoreKey>
        </datoKey>
        <datoKey>
          <colonnaKey>dt_istituz</colonnaKey>
          <labelKey>Data istituzione</labelKey>
          <valoreKey>12/02/2015</valoreKey>
        </datoKey>
      </keyRecord>
      <datoRecord>
        <colonnaDato>dt_soppres</colonnaDato>
        <labelDato>Data soppressione</labelDato>
        <valoreDato>31/12/2444</valoreDato>
      </datoRecord>
      <recordChild>
        <tipoRecord>Campo per partizionamento</tipoRecord>
        <child>
          <idRecord>814</idRecord>
          <keyRecord>
            <datoKey>
              <colonnaKey>ti_campo</colonnaKey>
              <labelKey>Tipo campo</labelKey>
              <valoreKey>SUB_STRUT</valoreKey>
            </datoKey>
            <datoKey>
              <colonnaKey>nm_campo</colonnaKey>
              <labelKey>Nome campo</labelKey>
              <valoreKey>SUB_STRUTTURA</valoreKey>
            </datoKey>
          </keyRecord>
          <datoRecord>
            <colonnaDato>nm_sub_strut</colonnaDato>
            <labelDato>Sottostruttura</labelDato>
            <valoreDato>DEFAULT</valoreDato>
          </datoRecord>
          <datoRecord>
            <colonnaDato>nm_attrib_dati_spec</colonnaDato>
            <labelDato>Dato specifico</labelDato>
            <valoreDato>null</valoreDato>
          </datoRecord>
        </child>
      </recordChild>
    </child>
    <child>
      <idRecord>2170</idRecord>
      <keyRecord>
        <datoKey>
          <colonnaKey>nm_tipo_doc</colonnaKey>
          <labelKey>Tipo documento principale</labelKey>
          <valoreKey>Ricevuta di Servizio OK</valoreKey>
        </datoKey>
        <datoKey>
          <colonnaKey>dt_istituz</colonnaKey>
          <labelKey>Data istituzione</labelKey>
          <valoreKey>12/02/2015</valoreKey>
        </datoKey>
      </keyRecord>
      <datoRecord>
        <colonnaDato>dt_soppres</colonnaDato>
        <labelDato>Data soppressione</labelDato>
        <valoreDato>31/12/2444</valoreDato>
      </datoRecord>
      <recordChild>
        <tipoRecord>Campo per partizionamento</tipoRecord>
        <child>
          <idRecord>813</idRecord>
          <keyRecord>
            <datoKey>
              <colonnaKey>ti_campo</colonnaKey>
              <labelKey>Tipo campo</labelKey>
              <valoreKey>SUB_STRUT</valoreKey>
            </datoKey>
            <datoKey>
              <colonnaKey>nm_campo</colonnaKey>
              <labelKey>Nome campo</labelKey>
              <valoreKey>SUB_STRUTTURA</valoreKey>
            </datoKey>
          </keyRecord>
          <datoRecord>
            <colonnaDato>nm_sub_strut</colonnaDato>
            <labelDato>Sottostruttura</labelDato>
            <valoreDato>DEFAULT</valoreDato>
          </datoRecord>
          <datoRecord>
            <colonnaDato>nm_attrib_dati_spec</colonnaDato>
            <labelDato>Dato specifico</labelDato>
            <valoreDato>null</valoreDato>
          </datoRecord>
        </child>
      </recordChild>
    </child>
    <child>
      <idRecord>2169</idRecord>
      <keyRecord>
        <datoKey>
          <colonnaKey>nm_tipo_doc</colonnaKey>
          <labelKey>Tipo documento principale</labelKey>
          <valoreKey>Ricevuta di Servizio OK</valoreKey>
        </datoKey>
        <datoKey>
          <colonnaKey>dt_istituz</colonnaKey>
          <labelKey>Data istituzione</labelKey>
          <valoreKey>12/02/2015</valoreKey>
        </datoKey>
      </keyRecord>
      <datoRecord>
        <colonnaDato>dt_soppres</colonnaDato>
        <labelDato>Data soppressione</labelDato>
        <valoreDato>31/12/2444</valoreDato>
      </datoRecord>
      <recordChild>
        <tipoRecord>Campo per partizionamento</tipoRecord>
        <child>
          <idRecord>812</idRecord>
          <keyRecord>
            <datoKey>
              <colonnaKey>ti_campo</colonnaKey>
              <labelKey>Tipo campo</labelKey>
              <valoreKey>SUB_STRUT</valoreKey>
            </datoKey>
            <datoKey>
              <colonnaKey>nm_campo</colonnaKey>
              <labelKey>Nome campo</labelKey>
              <valoreKey>SUB_STRUTTURA</valoreKey>
            </datoKey>
          </keyRecord>
          <datoRecord>
            <colonnaDato>nm_sub_strut</colonnaDato>
            <labelDato>Sottostruttura</labelDato>
            <valoreDato>DEFAULT</valoreDato>
          </datoRecord>
          <datoRecord>
            <colonnaDato>nm_attrib_dati_spec</colonnaDato>
            <labelDato>Dato specifico</labelDato>
            <valoreDato>null</valoreDato>
          </datoRecord>
        </child>
      </recordChild>
    </child>
    <child>
      <idRecord>2168</idRecord>
      <keyRecord>
        <datoKey>
          <colonnaKey>nm_tipo_doc</colonnaKey>
          <labelKey>Tipo documento principale</labelKey>
          <valoreKey>Ricevuta di Servizio OK</valoreKey>
        </datoKey>
        <datoKey>
          <colonnaKey>dt_istituz</colonnaKey>
          <labelKey>Data istituzione</labelKey>
          <valoreKey>12/02/2015</valoreKey>
        </datoKey>
      </keyRecord>
      <datoRecord>
        <colonnaDato>dt_soppres</colonnaDato>
        <labelDato>Data soppressione</labelDato>
        <valoreDato>31/12/2444</valoreDato>
      </datoRecord>
      <recordChild>
        <tipoRecord>Campo per partizionamento</tipoRecord>
        <child>
          <idRecord>811</idRecord>
          <keyRecord>
            <datoKey>
              <colonnaKey>ti_campo</colonnaKey>
              <labelKey>Tipo campo</labelKey>
              <valoreKey>SUB_STRUT</valoreKey>
            </datoKey>
            <datoKey>
              <colonnaKey>nm_campo</colonnaKey>
              <labelKey>Nome campo</labelKey>
              <valoreKey>SUB_STRUTTURA</valoreKey>
            </datoKey>
          </keyRecord>
          <datoRecord>
            <colonnaDato>nm_sub_strut</colonnaDato>
            <labelDato>Sottostruttura</labelDato>
            <valoreDato>DEFAULT</valoreDato>
          </datoRecord>
          <datoRecord>
            <colonnaDato>nm_attrib_dati_spec</colonnaDato>
            <labelDato>Dato specifico</labelDato>
            <valoreDato>null</valoreDato>
          </datoRecord>
        </child>
      </recordChild>
    </child>
    <child>
      <idRecord>2167</idRecord>
      <keyRecord>
        <datoKey>
          <colonnaKey>nm_tipo_doc</colonnaKey>
          <labelKey>Tipo documento principale</labelKey>
          <valoreKey>Ricevuta di Servizio OK</valoreKey>
        </datoKey>
        <datoKey>
          <colonnaKey>dt_istituz</colonnaKey>
          <labelKey>Data istituzione</labelKey>
          <valoreKey>12/02/2015</valoreKey>
        </datoKey>
      </keyRecord>
      <datoRecord>
        <colonnaDato>dt_soppres</colonnaDato>
        <labelDato>Data soppressione</labelDato>
        <valoreDato>31/12/2444</valoreDato>
      </datoRecord>
      <recordChild>
        <tipoRecord>Campo per partizionamento</tipoRecord>
        <child>
          <idRecord>810</idRecord>
          <keyRecord>
            <datoKey>
              <colonnaKey>ti_campo</colonnaKey>
              <labelKey>Tipo campo</labelKey>
              <valoreKey>SUB_STRUT</valoreKey>
            </datoKey>
            <datoKey>
              <colonnaKey>nm_campo</colonnaKey>
              <labelKey>Nome campo</labelKey>
              <valoreKey>SUB_STRUTTURA</valoreKey>
            </datoKey>
          </keyRecord>
          <datoRecord>
            <colonnaDato>nm_sub_strut</colonnaDato>
            <labelDato>Sottostruttura</labelDato>
            <valoreDato>DEFAULT</valoreDato>
          </datoRecord>
          <datoRecord>
            <colonnaDato>nm_attrib_dati_spec</colonnaDato>
            <labelDato>Dato specifico</labelDato>
            <valoreDato>null</valoreDato>
          </datoRecord>
        </child>
      </recordChild>
    </child>
    <child>
      <idRecord>2166</idRecord>
      <keyRecord>
        <datoKey>
          <colonnaKey>nm_tipo_doc</colonnaKey>
          <labelKey>Tipo documento principale</labelKey>
          <valoreKey>Ricevuta di Servizio OK</valoreKey>
        </datoKey>
        <datoKey>
          <colonnaKey>dt_istituz</colonnaKey>
          <labelKey>Data istituzione</labelKey>
          <valoreKey>12/02/2015</valoreKey>
        </datoKey>
      </keyRecord>
      <datoRecord>
        <colonnaDato>dt_soppres</colonnaDato>
        <labelDato>Data soppressione</labelDato>
        <valoreDato>31/12/2444</valoreDato>
      </datoRecord>
      <recordChild>
        <tipoRecord>Campo per partizionamento</tipoRecord>
        <child>
          <idRecord>809</idRecord>
          <keyRecord>
            <datoKey>
              <colonnaKey>ti_campo</colonnaKey>
              <labelKey>Tipo campo</labelKey>
              <valoreKey>SUB_STRUT</valoreKey>
            </datoKey>
            <datoKey>
              <colonnaKey>nm_campo</colonnaKey>
              <labelKey>Nome campo</labelKey>
              <valoreKey>SUB_STRUTTURA</valoreKey>
            </datoKey>
          </keyRecord>
          <datoRecord>
            <colonnaDato>nm_sub_strut</colonnaDato>
            <labelDato>Sottostruttura</labelDato>
            <valoreDato>DEFAULT</valoreDato>
          </datoRecord>
          <datoRecord>
            <colonnaDato>nm_attrib_dati_spec</colonnaDato>
            <labelDato>Dato specifico</labelDato>
            <valoreDato>null</valoreDato>
          </datoRecord>
        </child>
      </recordChild>
    </child>
    <child>
      <idRecord>2165</idRecord>
      <keyRecord>
        <datoKey>
          <colonnaKey>nm_tipo_doc</colonnaKey>
          <labelKey>Tipo documento principale</labelKey>
          <valoreKey>Ricevuta di Servizio OK</valoreKey>
        </datoKey>
        <datoKey>
          <colonnaKey>dt_istituz</colonnaKey>
          <labelKey>Data istituzione</labelKey>
          <valoreKey>12/02/2015</valoreKey>
        </datoKey>
      </keyRecord>
      <datoRecord>
        <colonnaDato>dt_soppres</colonnaDato>
        <labelDato>Data soppressione</labelDato>
        <valoreDato>31/12/2444</valoreDato>
      </datoRecord>
      <recordChild>
        <tipoRecord>Campo per partizionamento</tipoRecord>
        <child>
          <idRecord>808</idRecord>
          <keyRecord>
            <datoKey>
              <colonnaKey>ti_campo</colonnaKey>
              <labelKey>Tipo campo</labelKey>
              <valoreKey>SUB_STRUT</valoreKey>
            </datoKey>
            <datoKey>
              <colonnaKey>nm_campo</colonnaKey>
              <labelKey>Nome campo</labelKey>
              <valoreKey>SUB_STRUTTURA</valoreKey>
            </datoKey>
          </keyRecord>
          <datoRecord>
            <colonnaDato>nm_sub_strut</colonnaDato>
            <labelDato>Sottostruttura</labelDato>
            <valoreDato>DEFAULT</valoreDato>
          </datoRecord>
          <datoRecord>
            <colonnaDato>nm_attrib_dati_spec</colonnaDato>
            <labelDato>Dato specifico</labelDato>
            <valoreDato>null</valoreDato>
          </datoRecord>
        </child>
      </recordChild>
    </child>
    <child>
      <idRecord>2164</idRecord>
      <keyRecord>
        <datoKey>
          <colonnaKey>nm_tipo_doc</colonnaKey>
          <labelKey>Tipo documento principale</labelKey>
          <valoreKey>Ricevuta di Servizio OK</valoreKey>
        </datoKey>
        <datoKey>
          <colonnaKey>dt_istituz</colonnaKey>
          <labelKey>Data istituzione</labelKey>
          <valoreKey>12/02/2015</valoreKey>
        </datoKey>
      </keyRecord>
      <datoRecord>
        <colonnaDato>dt_soppres</colonnaDato>
        <labelDato>Data soppressione</labelDato>
        <valoreDato>31/12/2444</valoreDato>
      </datoRecord>
      <recordChild>
        <tipoRecord>Campo per partizionamento</tipoRecord>
        <child>
          <idRecord>807</idRecord>
          <keyRecord>
            <datoKey>
              <colonnaKey>ti_campo</colonnaKey>
              <labelKey>Tipo campo</labelKey>
              <valoreKey>SUB_STRUT</valoreKey>
            </datoKey>
            <datoKey>
              <colonnaKey>nm_campo</colonnaKey>
              <labelKey>Nome campo</labelKey>
              <valoreKey>SUB_STRUTTURA</valoreKey>
            </datoKey>
          </keyRecord>
          <datoRecord>
            <colonnaDato>nm_sub_strut</colonnaDato>
            <labelDato>Sottostruttura</labelDato>
            <valoreDato>DEFAULT</valoreDato>
          </datoRecord>
          <datoRecord>
            <colonnaDato>nm_attrib_dati_spec</colonnaDato>
            <labelDato>Dato specifico</labelDato>
            <valoreDato>null</valoreDato>
          </datoRecord>
        </child>
      </recordChild>
    </child>
    <child>
      <idRecord>2163</idRecord>
      <keyRecord>
        <datoKey>
          <colonnaKey>nm_tipo_doc</colonnaKey>
          <labelKey>Tipo documento principale</labelKey>
          <valoreKey>Ricevuta di Servizio OK</valoreKey>
        </datoKey>
        <datoKey>
          <colonnaKey>dt_istituz</colonnaKey>
          <labelKey>Data istituzione</labelKey>
          <valoreKey>12/02/2015</valoreKey>
        </datoKey>
      </keyRecord>
      <datoRecord>
        <colonnaDato>dt_soppres</colonnaDato>
        <labelDato>Data soppressione</labelDato>
        <valoreDato>31/12/2444</valoreDato>
      </datoRecord>
      <recordChild>
        <tipoRecord>Campo per partizionamento</tipoRecord>
        <child>
          <idRecord>806</idRecord>
          <keyRecord>
            <datoKey>
              <colonnaKey>ti_campo</colonnaKey>
              <labelKey>Tipo campo</labelKey>
              <valoreKey>SUB_STRUT</valoreKey>
            </datoKey>
            <datoKey>
              <colonnaKey>nm_campo</colonnaKey>
              <labelKey>Nome campo</labelKey>
              <valoreKey>SUB_STRUTTURA</valoreKey>
            </datoKey>
          </keyRecord>
          <datoRecord>
            <colonnaDato>nm_sub_strut</colonnaDato>
            <labelDato>Sottostruttura</labelDato>
            <valoreDato>DEFAULT</valoreDato>
          </datoRecord>
          <datoRecord>
            <colonnaDato>nm_attrib_dati_spec</colonnaDato>
            <labelDato>Dato specifico</labelDato>
            <valoreDato>null</valoreDato>
          </datoRecord>
        </child>
      </recordChild>
    </child>
    <child>
      <idRecord>2162</idRecord>
      <keyRecord>
        <datoKey>
          <colonnaKey>nm_tipo_doc</colonnaKey>
          <labelKey>Tipo documento principale</labelKey>
          <valoreKey>Ricevuta di Servizio OK</valoreKey>
        </datoKey>
        <datoKey>
          <colonnaKey>dt_istituz</colonnaKey>
          <labelKey>Data istituzione</labelKey>
          <valoreKey>12/02/2015</valoreKey>
        </datoKey>
      </keyRecord>
      <datoRecord>
        <colonnaDato>dt_soppres</colonnaDato>
        <labelDato>Data soppressione</labelDato>
        <valoreDato>31/12/2444</valoreDato>
      </datoRecord>
      <recordChild>
        <tipoRecord>Campo per partizionamento</tipoRecord>
        <child>
          <idRecord>805</idRecord>
          <keyRecord>
            <datoKey>
              <colonnaKey>ti_campo</colonnaKey>
              <labelKey>Tipo campo</labelKey>
              <valoreKey>SUB_STRUT</valoreKey>
            </datoKey>
            <datoKey>
              <colonnaKey>nm_campo</colonnaKey>
              <labelKey>Nome campo</labelKey>
              <valoreKey>SUB_STRUTTURA</valoreKey>
            </datoKey>
          </keyRecord>
          <datoRecord>
            <colonnaDato>nm_sub_strut</colonnaDato>
            <labelDato>Sottostruttura</labelDato>
            <valoreDato>DEFAULT</valoreDato>
          </datoRecord>
          <datoRecord>
            <colonnaDato>nm_attrib_dati_spec</colonnaDato>
            <labelDato>Dato specifico</labelDato>
            <valoreDato>null</valoreDato>
          </datoRecord>
        </child>
      </recordChild>
    </child>
    <child>
      <idRecord>2161</idRecord>
      <keyRecord>
        <datoKey>
          <colonnaKey>nm_tipo_doc</colonnaKey>
          <labelKey>Tipo documento principale</labelKey>
          <valoreKey>Ricevuta di Servizio OK</valoreKey>
        </datoKey>
        <datoKey>
          <colonnaKey>dt_istituz</colonnaKey>
          <labelKey>Data istituzione</labelKey>
          <valoreKey>12/02/2015</valoreKey>
        </datoKey>
      </keyRecord>
      <datoRecord>
        <colonnaDato>dt_soppres</colonnaDato>
        <labelDato>Data soppressione</labelDato>
        <valoreDato>31/12/2444</valoreDato>
      </datoRecord>
      <recordChild>
        <tipoRecord>Campo per partizionamento</tipoRecord>
        <child>
          <idRecord>804</idRecord>
          <keyRecord>
            <datoKey>
              <colonnaKey>ti_campo</colonnaKey>
              <labelKey>Tipo campo</labelKey>
              <valoreKey>SUB_STRUT</valoreKey>
            </datoKey>
            <datoKey>
              <colonnaKey>nm_campo</colonnaKey>
              <labelKey>Nome campo</labelKey>
              <valoreKey>SUB_STRUTTURA</valoreKey>
            </datoKey>
          </keyRecord>
          <datoRecord>
            <colonnaDato>nm_sub_strut</colonnaDato>
            <labelDato>Sottostruttura</labelDato>
            <valoreDato>DEFAULT</valoreDato>
          </datoRecord>
          <datoRecord>
            <colonnaDato>nm_attrib_dati_spec</colonnaDato>
            <labelDato>Dato specifico</labelDato>
            <valoreDato>null</valoreDato>
          </datoRecord>
        </child>
      </recordChild>
    </child>
    <child>
      <idRecord>2160</idRecord>
      <keyRecord>
        <datoKey>
          <colonnaKey>nm_tipo_doc</colonnaKey>
          <labelKey>Tipo documento principale</labelKey>
          <valoreKey>Ricevuta di Servizio OK</valoreKey>
        </datoKey>
        <datoKey>
          <colonnaKey>dt_istituz</colonnaKey>
          <labelKey>Data istituzione</labelKey>
          <valoreKey>12/02/2015</valoreKey>
        </datoKey>
      </keyRecord>
      <datoRecord>
        <colonnaDato>dt_soppres</colonnaDato>
        <labelDato>Data soppressione</labelDato>
        <valoreDato>31/12/2444</valoreDato>
      </datoRecord>
      <recordChild>
        <tipoRecord>Campo per partizionamento</tipoRecord>
        <child>
          <idRecord>803</idRecord>
          <keyRecord>
            <datoKey>
              <colonnaKey>ti_campo</colonnaKey>
              <labelKey>Tipo campo</labelKey>
              <valoreKey>SUB_STRUT</valoreKey>
            </datoKey>
            <datoKey>
              <colonnaKey>nm_campo</colonnaKey>
              <labelKey>Nome campo</labelKey>
              <valoreKey>SUB_STRUTTURA</valoreKey>
            </datoKey>
          </keyRecord>
          <datoRecord>
            <colonnaDato>nm_sub_strut</colonnaDato>
            <labelDato>Sottostruttura</labelDato>
            <valoreDato>DEFAULT</valoreDato>
          </datoRecord>
          <datoRecord>
            <colonnaDato>nm_attrib_dati_spec</colonnaDato>
            <labelDato>Dato specifico</labelDato>
            <valoreDato>null</valoreDato>
          </datoRecord>
        </child>
      </recordChild>
    </child>
    <child>
      <idRecord>2159</idRecord>
      <keyRecord>
        <datoKey>
          <colonnaKey>nm_tipo_doc</colonnaKey>
          <labelKey>Tipo documento principale</labelKey>
          <valoreKey>Ricevuta di Servizio OK</valoreKey>
        </datoKey>
        <datoKey>
          <colonnaKey>dt_istituz</colonnaKey>
          <labelKey>Data istituzione</labelKey>
          <valoreKey>12/02/2015</valoreKey>
        </datoKey>
      </keyRecord>
      <datoRecord>
        <colonnaDato>dt_soppres</colonnaDato>
        <labelDato>Data soppressione</labelDato>
        <valoreDato>31/12/2444</valoreDato>
      </datoRecord>
      <recordChild>
        <tipoRecord>Campo per partizionamento</tipoRecord>
        <child>
          <idRecord>802</idRecord>
          <keyRecord>
            <datoKey>
              <colonnaKey>ti_campo</colonnaKey>
              <labelKey>Tipo campo</labelKey>
              <valoreKey>SUB_STRUT</valoreKey>
            </datoKey>
            <datoKey>
              <colonnaKey>nm_campo</colonnaKey>
              <labelKey>Nome campo</labelKey>
              <valoreKey>SUB_STRUTTURA</valoreKey>
            </datoKey>
          </keyRecord>
          <datoRecord>
            <colonnaDato>nm_sub_strut</colonnaDato>
            <labelDato>Sottostruttura</labelDato>
            <valoreDato>DEFAULT</valoreDato>
          </datoRecord>
          <datoRecord>
            <colonnaDato>nm_attrib_dati_spec</colonnaDato>
            <labelDato>Dato specifico</labelDato>
            <valoreDato>null</valoreDato>
          </datoRecord>
        </child>
      </recordChild>
    </child>
    <child>
      <idRecord>2158</idRecord>
      <keyRecord>
        <datoKey>
          <colonnaKey>nm_tipo_doc</colonnaKey>
          <labelKey>Tipo documento principale</labelKey>
          <valoreKey>Ricevuta di Servizio OK</valoreKey>
        </datoKey>
        <datoKey>
          <colonnaKey>dt_istituz</colonnaKey>
          <labelKey>Data istituzione</labelKey>
          <valoreKey>12/02/2015</valoreKey>
        </datoKey>
      </keyRecord>
      <datoRecord>
        <colonnaDato>dt_soppres</colonnaDato>
        <labelDato>Data soppressione</labelDato>
        <valoreDato>31/12/2444</valoreDato>
      </datoRecord>
      <recordChild>
        <tipoRecord>Campo per partizionamento</tipoRecord>
        <child>
          <idRecord>801</idRecord>
          <keyRecord>
            <datoKey>
              <colonnaKey>ti_campo</colonnaKey>
              <labelKey>Tipo campo</labelKey>
              <valoreKey>SUB_STRUT</valoreKey>
            </datoKey>
            <datoKey>
              <colonnaKey>nm_campo</colonnaKey>
              <labelKey>Nome campo</labelKey>
              <valoreKey>SUB_STRUTTURA</valoreKey>
            </datoKey>
          </keyRecord>
          <datoRecord>
            <colonnaDato>nm_sub_strut</colonnaDato>
            <labelDato>Sottostruttura</labelDato>
            <valoreDato>DEFAULT</valoreDato>
          </datoRecord>
          <datoRecord>
            <colonnaDato>nm_attrib_dati_spec</colonnaDato>
            <labelDato>Dato specifico</labelDato>
            <valoreDato>null</valoreDato>
          </datoRecord>
        </child>
      </recordChild>
    </child>
    <child>
      <idRecord>936</idRecord>
      <keyRecord>
        <datoKey>
          <colonnaKey>nm_tipo_doc</colonnaKey>
          <labelKey>Tipo documento principale</labelKey>
          <valoreKey>Ricevuta di Storno</valoreKey>
        </datoKey>
        <datoKey>
          <colonnaKey>dt_istituz</colonnaKey>
          <labelKey>Data istituzione</labelKey>
          <valoreKey>19/01/2015</valoreKey>
        </datoKey>
      </keyRecord>
      <datoRecord>
        <colonnaDato>dt_soppres</colonnaDato>
        <labelDato>Data soppressione</labelDato>
        <valoreDato>31/12/2444</valoreDato>
      </datoRecord>
      <recordChild>
        <tipoRecord>Campo per partizionamento</tipoRecord>
        <child>
          <idRecord>616</idRecord>
          <keyRecord>
            <datoKey>
              <colonnaKey>ti_campo</colonnaKey>
              <labelKey>Tipo campo</labelKey>
              <valoreKey>SUB_STRUT</valoreKey>
            </datoKey>
            <datoKey>
              <colonnaKey>nm_campo</colonnaKey>
              <labelKey>Nome campo</labelKey>
              <valoreKey>SUB_STRUTTURA</valoreKey>
            </datoKey>
          </keyRecord>
          <datoRecord>
            <colonnaDato>nm_sub_strut</colonnaDato>
            <labelDato>Sottostruttura</labelDato>
            <valoreDato>DEFAULT</valoreDato>
          </datoRecord>
          <datoRecord>
            <colonnaDato>nm_attrib_dati_spec</colonnaDato>
            <labelDato>Dato specifico</labelDato>
            <valoreDato>null</valoreDato>
          </datoRecord>
        </child>
      </recordChild>
    </child>
    <child>
      <idRecord>9985</idRecord>
      <keyRecord>
        <datoKey>
          <colonnaKey>nm_tipo_doc</colonnaKey>
          <labelKey>Tipo documento principale</labelKey>
          <valoreKey>Ricevuta di Storno</valoreKey>
        </datoKey>
        <datoKey>
          <colonnaKey>dt_istituz</colonnaKey>
          <labelKey>Data istituzione</labelKey>
          <valoreKey>04/07/2016</valoreKey>
        </datoKey>
      </keyRecord>
      <datoRecord>
        <colonnaDato>dt_soppres</colonnaDato>
        <labelDato>Data soppressione</labelDato>
        <valoreDato>31/12/2444</valoreDato>
      </datoRecord>
      <recordChild>
        <tipoRecord>Campo per partizionamento</tipoRecord>
        <child>
          <idRecord>8305</idRecord>
          <keyRecord>
            <datoKey>
              <colonnaKey>ti_campo</colonnaKey>
              <labelKey>Tipo campo</labelKey>
              <valoreKey>SUB_STRUT</valoreKey>
            </datoKey>
            <datoKey>
              <colonnaKey>nm_campo</colonnaKey>
              <labelKey>Nome campo</labelKey>
              <valoreKey>SUB_STRUTTURA</valoreKey>
            </datoKey>
          </keyRecord>
          <datoRecord>
            <colonnaDato>nm_sub_strut</colonnaDato>
            <labelDato>Sottostruttura</labelDato>
            <valoreDato>DEFAULT</valoreDato>
          </datoRecord>
          <datoRecord>
            <colonnaDato>nm_attrib_dati_spec</colonnaDato>
            <labelDato>Dato specifico</labelDato>
            <valoreDato>null</valoreDato>
          </datoRecord>
        </child>
      </recordChild>
    </child>
    <child>
      <idRecord>1961</idRecord>
      <keyRecord>
        <datoKey>
          <colonnaKey>nm_tipo_doc</colonnaKey>
          <labelKey>Tipo documento principale</labelKey>
          <valoreKey>Ricevuta di Storno</valoreKey>
        </datoKey>
        <datoKey>
          <colonnaKey>dt_istituz</colonnaKey>
          <labelKey>Data istituzione</labelKey>
          <valoreKey>12/02/2015</valoreKey>
        </datoKey>
      </keyRecord>
      <datoRecord>
        <colonnaDato>dt_soppres</colonnaDato>
        <labelDato>Data soppressione</labelDato>
        <valoreDato>31/12/2444</valoreDato>
      </datoRecord>
      <recordChild>
        <tipoRecord>Campo per partizionamento</tipoRecord>
        <child>
          <idRecord>1272</idRecord>
          <keyRecord>
            <datoKey>
              <colonnaKey>ti_campo</colonnaKey>
              <labelKey>Tipo campo</labelKey>
              <valoreKey>SUB_STRUT</valoreKey>
            </datoKey>
            <datoKey>
              <colonnaKey>nm_campo</colonnaKey>
              <labelKey>Nome campo</labelKey>
              <valoreKey>SUB_STRUTTURA</valoreKey>
            </datoKey>
          </keyRecord>
          <datoRecord>
            <colonnaDato>nm_sub_strut</colonnaDato>
            <labelDato>Sottostruttura</labelDato>
            <valoreDato>DEFAULT</valoreDato>
          </datoRecord>
          <datoRecord>
            <colonnaDato>nm_attrib_dati_spec</colonnaDato>
            <labelDato>Dato specifico</labelDato>
            <valoreDato>null</valoreDato>
          </datoRecord>
        </child>
      </recordChild>
    </child>
    <child>
      <idRecord>1960</idRecord>
      <keyRecord>
        <datoKey>
          <colonnaKey>nm_tipo_doc</colonnaKey>
          <labelKey>Tipo documento principale</labelKey>
          <valoreKey>Ricevuta di Storno</valoreKey>
        </datoKey>
        <datoKey>
          <colonnaKey>dt_istituz</colonnaKey>
          <labelKey>Data istituzione</labelKey>
          <valoreKey>12/02/2015</valoreKey>
        </datoKey>
      </keyRecord>
      <datoRecord>
        <colonnaDato>dt_soppres</colonnaDato>
        <labelDato>Data soppressione</labelDato>
        <valoreDato>31/12/2444</valoreDato>
      </datoRecord>
      <recordChild>
        <tipoRecord>Campo per partizionamento</tipoRecord>
        <child>
          <idRecord>1271</idRecord>
          <keyRecord>
            <datoKey>
              <colonnaKey>ti_campo</colonnaKey>
              <labelKey>Tipo campo</labelKey>
              <valoreKey>SUB_STRUT</valoreKey>
            </datoKey>
            <datoKey>
              <colonnaKey>nm_campo</colonnaKey>
              <labelKey>Nome campo</labelKey>
              <valoreKey>SUB_STRUTTURA</valoreKey>
            </datoKey>
          </keyRecord>
          <datoRecord>
            <colonnaDato>nm_sub_strut</colonnaDato>
            <labelDato>Sottostruttura</labelDato>
            <valoreDato>DEFAULT</valoreDato>
          </datoRecord>
          <datoRecord>
            <colonnaDato>nm_attrib_dati_spec</colonnaDato>
            <labelDato>Dato specifico</labelDato>
            <valoreDato>null</valoreDato>
          </datoRecord>
        </child>
      </recordChild>
    </child>
    <child>
      <idRecord>1959</idRecord>
      <keyRecord>
        <datoKey>
          <colonnaKey>nm_tipo_doc</colonnaKey>
          <labelKey>Tipo documento principale</labelKey>
          <valoreKey>Ricevuta di Storno</valoreKey>
        </datoKey>
        <datoKey>
          <colonnaKey>dt_istituz</colonnaKey>
          <labelKey>Data istituzione</labelKey>
          <valoreKey>12/02/2015</valoreKey>
        </datoKey>
      </keyRecord>
      <datoRecord>
        <colonnaDato>dt_soppres</colonnaDato>
        <labelDato>Data soppressione</labelDato>
        <valoreDato>31/12/2444</valoreDato>
      </datoRecord>
      <recordChild>
        <tipoRecord>Campo per partizionamento</tipoRecord>
        <child>
          <idRecord>1270</idRecord>
          <keyRecord>
            <datoKey>
              <colonnaKey>ti_campo</colonnaKey>
              <labelKey>Tipo campo</labelKey>
              <valoreKey>SUB_STRUT</valoreKey>
            </datoKey>
            <datoKey>
              <colonnaKey>nm_campo</colonnaKey>
              <labelKey>Nome campo</labelKey>
              <valoreKey>SUB_STRUTTURA</valoreKey>
            </datoKey>
          </keyRecord>
          <datoRecord>
            <colonnaDato>nm_sub_strut</colonnaDato>
            <labelDato>Sottostruttura</labelDato>
            <valoreDato>DEFAULT</valoreDato>
          </datoRecord>
          <datoRecord>
            <colonnaDato>nm_attrib_dati_spec</colonnaDato>
            <labelDato>Dato specifico</labelDato>
            <valoreDato>null</valoreDato>
          </datoRecord>
        </child>
      </recordChild>
    </child>
    <child>
      <idRecord>1958</idRecord>
      <keyRecord>
        <datoKey>
          <colonnaKey>nm_tipo_doc</colonnaKey>
          <labelKey>Tipo documento principale</labelKey>
          <valoreKey>Ricevuta di Storno</valoreKey>
        </datoKey>
        <datoKey>
          <colonnaKey>dt_istituz</colonnaKey>
          <labelKey>Data istituzione</labelKey>
          <valoreKey>12/02/2015</valoreKey>
        </datoKey>
      </keyRecord>
      <datoRecord>
        <colonnaDato>dt_soppres</colonnaDato>
        <labelDato>Data soppressione</labelDato>
        <valoreDato>31/12/2444</valoreDato>
      </datoRecord>
      <recordChild>
        <tipoRecord>Campo per partizionamento</tipoRecord>
        <child>
          <idRecord>1269</idRecord>
          <keyRecord>
            <datoKey>
              <colonnaKey>ti_campo</colonnaKey>
              <labelKey>Tipo campo</labelKey>
              <valoreKey>SUB_STRUT</valoreKey>
            </datoKey>
            <datoKey>
              <colonnaKey>nm_campo</colonnaKey>
              <labelKey>Nome campo</labelKey>
              <valoreKey>SUB_STRUTTURA</valoreKey>
            </datoKey>
          </keyRecord>
          <datoRecord>
            <colonnaDato>nm_sub_strut</colonnaDato>
            <labelDato>Sottostruttura</labelDato>
            <valoreDato>DEFAULT</valoreDato>
          </datoRecord>
          <datoRecord>
            <colonnaDato>nm_attrib_dati_spec</colonnaDato>
            <labelDato>Dato specifico</labelDato>
            <valoreDato>null</valoreDato>
          </datoRecord>
        </child>
      </recordChild>
    </child>
    <child>
      <idRecord>1874</idRecord>
      <keyRecord>
        <datoKey>
          <colonnaKey>nm_tipo_doc</colonnaKey>
          <labelKey>Tipo documento principale</labelKey>
          <valoreKey>Ricevuta di Storno</valoreKey>
        </datoKey>
        <datoKey>
          <colonnaKey>dt_istituz</colonnaKey>
          <labelKey>Data istituzione</labelKey>
          <valoreKey>12/02/2015</valoreKey>
        </datoKey>
      </keyRecord>
      <datoRecord>
        <colonnaDato>dt_soppres</colonnaDato>
        <labelDato>Data soppressione</labelDato>
        <valoreDato>31/12/2444</valoreDato>
      </datoRecord>
      <recordChild>
        <tipoRecord>Campo per partizionamento</tipoRecord>
        <child>
          <idRecord>1185</idRecord>
          <keyRecord>
            <datoKey>
              <colonnaKey>ti_campo</colonnaKey>
              <labelKey>Tipo campo</labelKey>
              <valoreKey>SUB_STRUT</valoreKey>
            </datoKey>
            <datoKey>
              <colonnaKey>nm_campo</colonnaKey>
              <labelKey>Nome campo</labelKey>
              <valoreKey>SUB_STRUTTURA</valoreKey>
            </datoKey>
          </keyRecord>
          <datoRecord>
            <colonnaDato>nm_sub_strut</colonnaDato>
            <labelDato>Sottostruttura</labelDato>
            <valoreDato>DEFAULT</valoreDato>
          </datoRecord>
          <datoRecord>
            <colonnaDato>nm_attrib_dati_spec</colonnaDato>
            <labelDato>Dato specifico</labelDato>
            <valoreDato>null</valoreDato>
          </datoRecord>
        </child>
      </recordChild>
    </child>
    <child>
      <idRecord>2199</idRecord>
      <keyRecord>
        <datoKey>
          <colonnaKey>nm_tipo_doc</colonnaKey>
          <labelKey>Tipo documento principale</labelKey>
          <valoreKey>Ricevuta di Storno</valoreKey>
        </datoKey>
        <datoKey>
          <colonnaKey>dt_istituz</colonnaKey>
          <labelKey>Data istituzione</labelKey>
          <valoreKey>12/02/2015</valoreKey>
        </datoKey>
      </keyRecord>
      <datoRecord>
        <colonnaDato>dt_soppres</colonnaDato>
        <labelDato>Data soppressione</labelDato>
        <valoreDato>31/12/2444</valoreDato>
      </datoRecord>
      <recordChild>
        <tipoRecord>Campo per partizionamento</tipoRecord>
        <child>
          <idRecord>842</idRecord>
          <keyRecord>
            <datoKey>
              <colonnaKey>ti_campo</colonnaKey>
              <labelKey>Tipo campo</labelKey>
              <valoreKey>SUB_STRUT</valoreKey>
            </datoKey>
            <datoKey>
              <colonnaKey>nm_campo</colonnaKey>
              <labelKey>Nome campo</labelKey>
              <valoreKey>SUB_STRUTTURA</valoreKey>
            </datoKey>
          </keyRecord>
          <datoRecord>
            <colonnaDato>nm_sub_strut</colonnaDato>
            <labelDato>Sottostruttura</labelDato>
            <valoreDato>DEFAULT</valoreDato>
          </datoRecord>
          <datoRecord>
            <colonnaDato>nm_attrib_dati_spec</colonnaDato>
            <labelDato>Dato specifico</labelDato>
            <valoreDato>null</valoreDato>
          </datoRecord>
        </child>
      </recordChild>
    </child>
    <child>
      <idRecord>2198</idRecord>
      <keyRecord>
        <datoKey>
          <colonnaKey>nm_tipo_doc</colonnaKey>
          <labelKey>Tipo documento principale</labelKey>
          <valoreKey>Ricevuta di Storno</valoreKey>
        </datoKey>
        <datoKey>
          <colonnaKey>dt_istituz</colonnaKey>
          <labelKey>Data istituzione</labelKey>
          <valoreKey>12/02/2015</valoreKey>
        </datoKey>
      </keyRecord>
      <datoRecord>
        <colonnaDato>dt_soppres</colonnaDato>
        <labelDato>Data soppressione</labelDato>
        <valoreDato>31/12/2444</valoreDato>
      </datoRecord>
      <recordChild>
        <tipoRecord>Campo per partizionamento</tipoRecord>
        <child>
          <idRecord>841</idRecord>
          <keyRecord>
            <datoKey>
              <colonnaKey>ti_campo</colonnaKey>
              <labelKey>Tipo campo</labelKey>
              <valoreKey>SUB_STRUT</valoreKey>
            </datoKey>
            <datoKey>
              <colonnaKey>nm_campo</colonnaKey>
              <labelKey>Nome campo</labelKey>
              <valoreKey>SUB_STRUTTURA</valoreKey>
            </datoKey>
          </keyRecord>
          <datoRecord>
            <colonnaDato>nm_sub_strut</colonnaDato>
            <labelDato>Sottostruttura</labelDato>
            <valoreDato>DEFAULT</valoreDato>
          </datoRecord>
          <datoRecord>
            <colonnaDato>nm_attrib_dati_spec</colonnaDato>
            <labelDato>Dato specifico</labelDato>
            <valoreDato>null</valoreDato>
          </datoRecord>
        </child>
      </recordChild>
    </child>
    <child>
      <idRecord>2197</idRecord>
      <keyRecord>
        <datoKey>
          <colonnaKey>nm_tipo_doc</colonnaKey>
          <labelKey>Tipo documento principale</labelKey>
          <valoreKey>Ricevuta di Storno</valoreKey>
        </datoKey>
        <datoKey>
          <colonnaKey>dt_istituz</colonnaKey>
          <labelKey>Data istituzione</labelKey>
          <valoreKey>12/02/2015</valoreKey>
        </datoKey>
      </keyRecord>
      <datoRecord>
        <colonnaDato>dt_soppres</colonnaDato>
        <labelDato>Data soppressione</labelDato>
        <valoreDato>31/12/2444</valoreDato>
      </datoRecord>
      <recordChild>
        <tipoRecord>Campo per partizionamento</tipoRecord>
        <child>
          <idRecord>840</idRecord>
          <keyRecord>
            <datoKey>
              <colonnaKey>ti_campo</colonnaKey>
              <labelKey>Tipo campo</labelKey>
              <valoreKey>SUB_STRUT</valoreKey>
            </datoKey>
            <datoKey>
              <colonnaKey>nm_campo</colonnaKey>
              <labelKey>Nome campo</labelKey>
              <valoreKey>SUB_STRUTTURA</valoreKey>
            </datoKey>
          </keyRecord>
          <datoRecord>
            <colonnaDato>nm_sub_strut</colonnaDato>
            <labelDato>Sottostruttura</labelDato>
            <valoreDato>DEFAULT</valoreDato>
          </datoRecord>
          <datoRecord>
            <colonnaDato>nm_attrib_dati_spec</colonnaDato>
            <labelDato>Dato specifico</labelDato>
            <valoreDato>null</valoreDato>
          </datoRecord>
        </child>
      </recordChild>
    </child>
    <child>
      <idRecord>2196</idRecord>
      <keyRecord>
        <datoKey>
          <colonnaKey>nm_tipo_doc</colonnaKey>
          <labelKey>Tipo documento principale</labelKey>
          <valoreKey>Ricevuta di Storno</valoreKey>
        </datoKey>
        <datoKey>
          <colonnaKey>dt_istituz</colonnaKey>
          <labelKey>Data istituzione</labelKey>
          <valoreKey>12/02/2015</valoreKey>
        </datoKey>
      </keyRecord>
      <datoRecord>
        <colonnaDato>dt_soppres</colonnaDato>
        <labelDato>Data soppressione</labelDato>
        <valoreDato>31/12/2444</valoreDato>
      </datoRecord>
      <recordChild>
        <tipoRecord>Campo per partizionamento</tipoRecord>
        <child>
          <idRecord>839</idRecord>
          <keyRecord>
            <datoKey>
              <colonnaKey>ti_campo</colonnaKey>
              <labelKey>Tipo campo</labelKey>
              <valoreKey>SUB_STRUT</valoreKey>
            </datoKey>
            <datoKey>
              <colonnaKey>nm_campo</colonnaKey>
              <labelKey>Nome campo</labelKey>
              <valoreKey>SUB_STRUTTURA</valoreKey>
            </datoKey>
          </keyRecord>
          <datoRecord>
            <colonnaDato>nm_sub_strut</colonnaDato>
            <labelDato>Sottostruttura</labelDato>
            <valoreDato>DEFAULT</valoreDato>
          </datoRecord>
          <datoRecord>
            <colonnaDato>nm_attrib_dati_spec</colonnaDato>
            <labelDato>Dato specifico</labelDato>
            <valoreDato>null</valoreDato>
          </datoRecord>
        </child>
      </recordChild>
    </child>
    <child>
      <idRecord>2195</idRecord>
      <keyRecord>
        <datoKey>
          <colonnaKey>nm_tipo_doc</colonnaKey>
          <labelKey>Tipo documento principale</labelKey>
          <valoreKey>Ricevuta di Storno</valoreKey>
        </datoKey>
        <datoKey>
          <colonnaKey>dt_istituz</colonnaKey>
          <labelKey>Data istituzione</labelKey>
          <valoreKey>12/02/2015</valoreKey>
        </datoKey>
      </keyRecord>
      <datoRecord>
        <colonnaDato>dt_soppres</colonnaDato>
        <labelDato>Data soppressione</labelDato>
        <valoreDato>31/12/2444</valoreDato>
      </datoRecord>
      <recordChild>
        <tipoRecord>Campo per partizionamento</tipoRecord>
        <child>
          <idRecord>838</idRecord>
          <keyRecord>
            <datoKey>
              <colonnaKey>ti_campo</colonnaKey>
              <labelKey>Tipo campo</labelKey>
              <valoreKey>SUB_STRUT</valoreKey>
            </datoKey>
            <datoKey>
              <colonnaKey>nm_campo</colonnaKey>
              <labelKey>Nome campo</labelKey>
              <valoreKey>SUB_STRUTTURA</valoreKey>
            </datoKey>
          </keyRecord>
          <datoRecord>
            <colonnaDato>nm_sub_strut</colonnaDato>
            <labelDato>Sottostruttura</labelDato>
            <valoreDato>DEFAULT</valoreDato>
          </datoRecord>
          <datoRecord>
            <colonnaDato>nm_attrib_dati_spec</colonnaDato>
            <labelDato>Dato specifico</labelDato>
            <valoreDato>null</valoreDato>
          </datoRecord>
        </child>
      </recordChild>
    </child>
    <child>
      <idRecord>2194</idRecord>
      <keyRecord>
        <datoKey>
          <colonnaKey>nm_tipo_doc</colonnaKey>
          <labelKey>Tipo documento principale</labelKey>
          <valoreKey>Ricevuta di Storno</valoreKey>
        </datoKey>
        <datoKey>
          <colonnaKey>dt_istituz</colonnaKey>
          <labelKey>Data istituzione</labelKey>
          <valoreKey>12/02/2015</valoreKey>
        </datoKey>
      </keyRecord>
      <datoRecord>
        <colonnaDato>dt_soppres</colonnaDato>
        <labelDato>Data soppressione</labelDato>
        <valoreDato>31/12/2444</valoreDato>
      </datoRecord>
      <recordChild>
        <tipoRecord>Campo per partizionamento</tipoRecord>
        <child>
          <idRecord>837</idRecord>
          <keyRecord>
            <datoKey>
              <colonnaKey>ti_campo</colonnaKey>
              <labelKey>Tipo campo</labelKey>
              <valoreKey>SUB_STRUT</valoreKey>
            </datoKey>
            <datoKey>
              <colonnaKey>nm_campo</colonnaKey>
              <labelKey>Nome campo</labelKey>
              <valoreKey>SUB_STRUTTURA</valoreKey>
            </datoKey>
          </keyRecord>
          <datoRecord>
            <colonnaDato>nm_sub_strut</colonnaDato>
            <labelDato>Sottostruttura</labelDato>
            <valoreDato>DEFAULT</valoreDato>
          </datoRecord>
          <datoRecord>
            <colonnaDato>nm_attrib_dati_spec</colonnaDato>
            <labelDato>Dato specifico</labelDato>
            <valoreDato>null</valoreDato>
          </datoRecord>
        </child>
      </recordChild>
    </child>
    <child>
      <idRecord>2193</idRecord>
      <keyRecord>
        <datoKey>
          <colonnaKey>nm_tipo_doc</colonnaKey>
          <labelKey>Tipo documento principale</labelKey>
          <valoreKey>Ricevuta di Storno</valoreKey>
        </datoKey>
        <datoKey>
          <colonnaKey>dt_istituz</colonnaKey>
          <labelKey>Data istituzione</labelKey>
          <valoreKey>12/02/2015</valoreKey>
        </datoKey>
      </keyRecord>
      <datoRecord>
        <colonnaDato>dt_soppres</colonnaDato>
        <labelDato>Data soppressione</labelDato>
        <valoreDato>31/12/2444</valoreDato>
      </datoRecord>
      <recordChild>
        <tipoRecord>Campo per partizionamento</tipoRecord>
        <child>
          <idRecord>836</idRecord>
          <keyRecord>
            <datoKey>
              <colonnaKey>ti_campo</colonnaKey>
              <labelKey>Tipo campo</labelKey>
              <valoreKey>SUB_STRUT</valoreKey>
            </datoKey>
            <datoKey>
              <colonnaKey>nm_campo</colonnaKey>
              <labelKey>Nome campo</labelKey>
              <valoreKey>SUB_STRUTTURA</valoreKey>
            </datoKey>
          </keyRecord>
          <datoRecord>
            <colonnaDato>nm_sub_strut</colonnaDato>
            <labelDato>Sottostruttura</labelDato>
            <valoreDato>DEFAULT</valoreDato>
          </datoRecord>
          <datoRecord>
            <colonnaDato>nm_attrib_dati_spec</colonnaDato>
            <labelDato>Dato specifico</labelDato>
            <valoreDato>null</valoreDato>
          </datoRecord>
        </child>
      </recordChild>
    </child>
    <child>
      <idRecord>2192</idRecord>
      <keyRecord>
        <datoKey>
          <colonnaKey>nm_tipo_doc</colonnaKey>
          <labelKey>Tipo documento principale</labelKey>
          <valoreKey>Ricevuta di Storno</valoreKey>
        </datoKey>
        <datoKey>
          <colonnaKey>dt_istituz</colonnaKey>
          <labelKey>Data istituzione</labelKey>
          <valoreKey>12/02/2015</valoreKey>
        </datoKey>
      </keyRecord>
      <datoRecord>
        <colonnaDato>dt_soppres</colonnaDato>
        <labelDato>Data soppressione</labelDato>
        <valoreDato>31/12/2444</valoreDato>
      </datoRecord>
      <recordChild>
        <tipoRecord>Campo per partizionamento</tipoRecord>
        <child>
          <idRecord>835</idRecord>
          <keyRecord>
            <datoKey>
              <colonnaKey>ti_campo</colonnaKey>
              <labelKey>Tipo campo</labelKey>
              <valoreKey>SUB_STRUT</valoreKey>
            </datoKey>
            <datoKey>
              <colonnaKey>nm_campo</colonnaKey>
              <labelKey>Nome campo</labelKey>
              <valoreKey>SUB_STRUTTURA</valoreKey>
            </datoKey>
          </keyRecord>
          <datoRecord>
            <colonnaDato>nm_sub_strut</colonnaDato>
            <labelDato>Sottostruttura</labelDato>
            <valoreDato>DEFAULT</valoreDato>
          </datoRecord>
          <datoRecord>
            <colonnaDato>nm_attrib_dati_spec</colonnaDato>
            <labelDato>Dato specifico</labelDato>
            <valoreDato>null</valoreDato>
          </datoRecord>
        </child>
      </recordChild>
    </child>
    <child>
      <idRecord>2191</idRecord>
      <keyRecord>
        <datoKey>
          <colonnaKey>nm_tipo_doc</colonnaKey>
          <labelKey>Tipo documento principale</labelKey>
          <valoreKey>Ricevuta di Storno</valoreKey>
        </datoKey>
        <datoKey>
          <colonnaKey>dt_istituz</colonnaKey>
          <labelKey>Data istituzione</labelKey>
          <valoreKey>12/02/2015</valoreKey>
        </datoKey>
      </keyRecord>
      <datoRecord>
        <colonnaDato>dt_soppres</colonnaDato>
        <labelDato>Data soppressione</labelDato>
        <valoreDato>31/12/2444</valoreDato>
      </datoRecord>
      <recordChild>
        <tipoRecord>Campo per partizionamento</tipoRecord>
        <child>
          <idRecord>834</idRecord>
          <keyRecord>
            <datoKey>
              <colonnaKey>ti_campo</colonnaKey>
              <labelKey>Tipo campo</labelKey>
              <valoreKey>SUB_STRUT</valoreKey>
            </datoKey>
            <datoKey>
              <colonnaKey>nm_campo</colonnaKey>
              <labelKey>Nome campo</labelKey>
              <valoreKey>SUB_STRUTTURA</valoreKey>
            </datoKey>
          </keyRecord>
          <datoRecord>
            <colonnaDato>nm_sub_strut</colonnaDato>
            <labelDato>Sottostruttura</labelDato>
            <valoreDato>DEFAULT</valoreDato>
          </datoRecord>
          <datoRecord>
            <colonnaDato>nm_attrib_dati_spec</colonnaDato>
            <labelDato>Dato specifico</labelDato>
            <valoreDato>null</valoreDato>
          </datoRecord>
        </child>
      </recordChild>
    </child>
    <child>
      <idRecord>2190</idRecord>
      <keyRecord>
        <datoKey>
          <colonnaKey>nm_tipo_doc</colonnaKey>
          <labelKey>Tipo documento principale</labelKey>
          <valoreKey>Ricevuta di Storno</valoreKey>
        </datoKey>
        <datoKey>
          <colonnaKey>dt_istituz</colonnaKey>
          <labelKey>Data istituzione</labelKey>
          <valoreKey>12/02/2015</valoreKey>
        </datoKey>
      </keyRecord>
      <datoRecord>
        <colonnaDato>dt_soppres</colonnaDato>
        <labelDato>Data soppressione</labelDato>
        <valoreDato>31/12/2444</valoreDato>
      </datoRecord>
      <recordChild>
        <tipoRecord>Campo per partizionamento</tipoRecord>
        <child>
          <idRecord>833</idRecord>
          <keyRecord>
            <datoKey>
              <colonnaKey>ti_campo</colonnaKey>
              <labelKey>Tipo campo</labelKey>
              <valoreKey>SUB_STRUT</valoreKey>
            </datoKey>
            <datoKey>
              <colonnaKey>nm_campo</colonnaKey>
              <labelKey>Nome campo</labelKey>
              <valoreKey>SUB_STRUTTURA</valoreKey>
            </datoKey>
          </keyRecord>
          <datoRecord>
            <colonnaDato>nm_sub_strut</colonnaDato>
            <labelDato>Sottostruttura</labelDato>
            <valoreDato>DEFAULT</valoreDato>
          </datoRecord>
          <datoRecord>
            <colonnaDato>nm_attrib_dati_spec</colonnaDato>
            <labelDato>Dato specifico</labelDato>
            <valoreDato>null</valoreDato>
          </datoRecord>
        </child>
      </recordChild>
    </child>
    <child>
      <idRecord>2189</idRecord>
      <keyRecord>
        <datoKey>
          <colonnaKey>nm_tipo_doc</colonnaKey>
          <labelKey>Tipo documento principale</labelKey>
          <valoreKey>Ricevuta di Storno</valoreKey>
        </datoKey>
        <datoKey>
          <colonnaKey>dt_istituz</colonnaKey>
          <labelKey>Data istituzione</labelKey>
          <valoreKey>12/02/2015</valoreKey>
        </datoKey>
      </keyRecord>
      <datoRecord>
        <colonnaDato>dt_soppres</colonnaDato>
        <labelDato>Data soppressione</labelDato>
        <valoreDato>31/12/2444</valoreDato>
      </datoRecord>
      <recordChild>
        <tipoRecord>Campo per partizionamento</tipoRecord>
        <child>
          <idRecord>832</idRecord>
          <keyRecord>
            <datoKey>
              <colonnaKey>ti_campo</colonnaKey>
              <labelKey>Tipo campo</labelKey>
              <valoreKey>SUB_STRUT</valoreKey>
            </datoKey>
            <datoKey>
              <colonnaKey>nm_campo</colonnaKey>
              <labelKey>Nome campo</labelKey>
              <valoreKey>SUB_STRUTTURA</valoreKey>
            </datoKey>
          </keyRecord>
          <datoRecord>
            <colonnaDato>nm_sub_strut</colonnaDato>
            <labelDato>Sottostruttura</labelDato>
            <valoreDato>DEFAULT</valoreDato>
          </datoRecord>
          <datoRecord>
            <colonnaDato>nm_attrib_dati_spec</colonnaDato>
            <labelDato>Dato specifico</labelDato>
            <valoreDato>null</valoreDato>
          </datoRecord>
        </child>
      </recordChild>
    </child>
    <child>
      <idRecord>2188</idRecord>
      <keyRecord>
        <datoKey>
          <colonnaKey>nm_tipo_doc</colonnaKey>
          <labelKey>Tipo documento principale</labelKey>
          <valoreKey>Ricevuta di Storno</valoreKey>
        </datoKey>
        <datoKey>
          <colonnaKey>dt_istituz</colonnaKey>
          <labelKey>Data istituzione</labelKey>
          <valoreKey>12/02/2015</valoreKey>
        </datoKey>
      </keyRecord>
      <datoRecord>
        <colonnaDato>dt_soppres</colonnaDato>
        <labelDato>Data soppressione</labelDato>
        <valoreDato>31/12/2444</valoreDato>
      </datoRecord>
      <recordChild>
        <tipoRecord>Campo per partizionamento</tipoRecord>
        <child>
          <idRecord>831</idRecord>
          <keyRecord>
            <datoKey>
              <colonnaKey>ti_campo</colonnaKey>
              <labelKey>Tipo campo</labelKey>
              <valoreKey>SUB_STRUT</valoreKey>
            </datoKey>
            <datoKey>
              <colonnaKey>nm_campo</colonnaKey>
              <labelKey>Nome campo</labelKey>
              <valoreKey>SUB_STRUTTURA</valoreKey>
            </datoKey>
          </keyRecord>
          <datoRecord>
            <colonnaDato>nm_sub_strut</colonnaDato>
            <labelDato>Sottostruttura</labelDato>
            <valoreDato>DEFAULT</valoreDato>
          </datoRecord>
          <datoRecord>
            <colonnaDato>nm_attrib_dati_spec</colonnaDato>
            <labelDato>Dato specifico</labelDato>
            <valoreDato>null</valoreDato>
          </datoRecord>
        </child>
      </recordChild>
    </child>
    <child>
      <idRecord>2187</idRecord>
      <keyRecord>
        <datoKey>
          <colonnaKey>nm_tipo_doc</colonnaKey>
          <labelKey>Tipo documento principale</labelKey>
          <valoreKey>Ricevuta di Storno</valoreKey>
        </datoKey>
        <datoKey>
          <colonnaKey>dt_istituz</colonnaKey>
          <labelKey>Data istituzione</labelKey>
          <valoreKey>12/02/2015</valoreKey>
        </datoKey>
      </keyRecord>
      <datoRecord>
        <colonnaDato>dt_soppres</colonnaDato>
        <labelDato>Data soppressione</labelDato>
        <valoreDato>31/12/2444</valoreDato>
      </datoRecord>
      <recordChild>
        <tipoRecord>Campo per partizionamento</tipoRecord>
        <child>
          <idRecord>830</idRecord>
          <keyRecord>
            <datoKey>
              <colonnaKey>ti_campo</colonnaKey>
              <labelKey>Tipo campo</labelKey>
              <valoreKey>SUB_STRUT</valoreKey>
            </datoKey>
            <datoKey>
              <colonnaKey>nm_campo</colonnaKey>
              <labelKey>Nome campo</labelKey>
              <valoreKey>SUB_STRUTTURA</valoreKey>
            </datoKey>
          </keyRecord>
          <datoRecord>
            <colonnaDato>nm_sub_strut</colonnaDato>
            <labelDato>Sottostruttura</labelDato>
            <valoreDato>DEFAULT</valoreDato>
          </datoRecord>
          <datoRecord>
            <colonnaDato>nm_attrib_dati_spec</colonnaDato>
            <labelDato>Dato specifico</labelDato>
            <valoreDato>null</valoreDato>
          </datoRecord>
        </child>
      </recordChild>
    </child>
    <child>
      <idRecord>2186</idRecord>
      <keyRecord>
        <datoKey>
          <colonnaKey>nm_tipo_doc</colonnaKey>
          <labelKey>Tipo documento principale</labelKey>
          <valoreKey>Ricevuta di Storno</valoreKey>
        </datoKey>
        <datoKey>
          <colonnaKey>dt_istituz</colonnaKey>
          <labelKey>Data istituzione</labelKey>
          <valoreKey>12/02/2015</valoreKey>
        </datoKey>
      </keyRecord>
      <datoRecord>
        <colonnaDato>dt_soppres</colonnaDato>
        <labelDato>Data soppressione</labelDato>
        <valoreDato>31/12/2444</valoreDato>
      </datoRecord>
      <recordChild>
        <tipoRecord>Campo per partizionamento</tipoRecord>
        <child>
          <idRecord>829</idRecord>
          <keyRecord>
            <datoKey>
              <colonnaKey>ti_campo</colonnaKey>
              <labelKey>Tipo campo</labelKey>
              <valoreKey>SUB_STRUT</valoreKey>
            </datoKey>
            <datoKey>
              <colonnaKey>nm_campo</colonnaKey>
              <labelKey>Nome campo</labelKey>
              <valoreKey>SUB_STRUTTURA</valoreKey>
            </datoKey>
          </keyRecord>
          <datoRecord>
            <colonnaDato>nm_sub_strut</colonnaDato>
            <labelDato>Sottostruttura</labelDato>
            <valoreDato>DEFAULT</valoreDato>
          </datoRecord>
          <datoRecord>
            <colonnaDato>nm_attrib_dati_spec</colonnaDato>
            <labelDato>Dato specifico</labelDato>
            <valoreDato>null</valoreDato>
          </datoRecord>
        </child>
      </recordChild>
    </child>
    <child>
      <idRecord>2354</idRecord>
      <keyRecord>
        <datoKey>
          <colonnaKey>nm_tipo_doc</colonnaKey>
          <labelKey>Tipo documento principale</labelKey>
          <valoreKey>STUDIO_DICOM</valoreKey>
        </datoKey>
        <datoKey>
          <colonnaKey>dt_istituz</colonnaKey>
          <labelKey>Data istituzione</labelKey>
          <valoreKey>12/02/2015</valoreKey>
        </datoKey>
      </keyRecord>
      <datoRecord>
        <colonnaDato>dt_soppres</colonnaDato>
        <labelDato>Data soppressione</labelDato>
        <valoreDato>31/12/2444</valoreDato>
      </datoRecord>
      <recordChild>
        <tipoRecord>Campo per partizionamento</tipoRecord>
        <child>
          <idRecord>997</idRecord>
          <keyRecord>
            <datoKey>
              <colonnaKey>ti_campo</colonnaKey>
              <labelKey>Tipo campo</labelKey>
              <valoreKey>SUB_STRUT</valoreKey>
            </datoKey>
            <datoKey>
              <colonnaKey>nm_campo</colonnaKey>
              <labelKey>Nome campo</labelKey>
              <valoreKey>SUB_STRUTTURA</valoreKey>
            </datoKey>
          </keyRecord>
          <datoRecord>
            <colonnaDato>nm_sub_strut</colonnaDato>
            <labelDato>Sottostruttura</labelDato>
            <valoreDato>DEFAULT</valoreDato>
          </datoRecord>
          <datoRecord>
            <colonnaDato>nm_attrib_dati_spec</colonnaDato>
            <labelDato>Dato specifico</labelDato>
            <valoreDato>null</valoreDato>
          </datoRecord>
        </child>
      </recordChild>
    </child>
    <child>
      <idRecord>7409</idRecord>
      <keyRecord>
        <datoKey>
          <colonnaKey>nm_tipo_doc</colonnaKey>
          <labelKey>Tipo documento principale</labelKey>
          <valoreKey>STUDIO_DICOM</valoreKey>
        </datoKey>
        <datoKey>
          <colonnaKey>dt_istituz</colonnaKey>
          <labelKey>Data istituzione</labelKey>
          <valoreKey>02/04/2015</valoreKey>
        </datoKey>
      </keyRecord>
      <datoRecord>
        <colonnaDato>dt_soppres</colonnaDato>
        <labelDato>Data soppressione</labelDato>
        <valoreDato>31/12/2444</valoreDato>
      </datoRecord>
      <recordChild>
        <tipoRecord>Campo per partizionamento</tipoRecord>
        <child>
          <idRecord>5866</idRecord>
          <keyRecord>
            <datoKey>
              <colonnaKey>ti_campo</colonnaKey>
              <labelKey>Tipo campo</labelKey>
              <valoreKey>SUB_STRUT</valoreKey>
            </datoKey>
            <datoKey>
              <colonnaKey>nm_campo</colonnaKey>
              <labelKey>Nome campo</labelKey>
              <valoreKey>SUB_STRUTTURA</valoreKey>
            </datoKey>
          </keyRecord>
          <datoRecord>
            <colonnaDato>nm_sub_strut</colonnaDato>
            <labelDato>Sottostruttura</labelDato>
            <valoreDato>DEFAULT</valoreDato>
          </datoRecord>
          <datoRecord>
            <colonnaDato>nm_attrib_dati_spec</colonnaDato>
            <labelDato>Dato specifico</labelDato>
            <valoreDato>null</valoreDato>
          </datoRecord>
        </child>
      </recordChild>
    </child>
    <child>
      <idRecord>2745</idRecord>
      <keyRecord>
        <datoKey>
          <colonnaKey>nm_tipo_doc</colonnaKey>
          <labelKey>Tipo documento principale</labelKey>
          <valoreKey>STUDIO_DICOM</valoreKey>
        </datoKey>
        <datoKey>
          <colonnaKey>dt_istituz</colonnaKey>
          <labelKey>Data istituzione</labelKey>
          <valoreKey>02/04/2015</valoreKey>
        </datoKey>
      </keyRecord>
      <datoRecord>
        <colonnaDato>dt_soppres</colonnaDato>
        <labelDato>Data soppressione</labelDato>
        <valoreDato>31/12/2444</valoreDato>
      </datoRecord>
      <recordChild>
        <tipoRecord>Campo per partizionamento</tipoRecord>
        <child>
          <idRecord>1608</idRecord>
          <keyRecord>
            <datoKey>
              <colonnaKey>ti_campo</colonnaKey>
              <labelKey>Tipo campo</labelKey>
              <valoreKey>SUB_STRUT</valoreKey>
            </datoKey>
            <datoKey>
              <colonnaKey>nm_campo</colonnaKey>
              <labelKey>Nome campo</labelKey>
              <valoreKey>SUB_STRUTTURA</valoreKey>
            </datoKey>
          </keyRecord>
          <datoRecord>
            <colonnaDato>nm_sub_strut</colonnaDato>
            <labelDato>Sottostruttura</labelDato>
            <valoreDato>DEFAULT</valoreDato>
          </datoRecord>
          <datoRecord>
            <colonnaDato>nm_attrib_dati_spec</colonnaDato>
            <labelDato>Dato specifico</labelDato>
            <valoreDato>null</valoreDato>
          </datoRecord>
        </child>
      </recordChild>
    </child>
    <child>
      <idRecord>532</idRecord>
      <keyRecord>
        <datoKey>
          <colonnaKey>nm_tipo_doc</colonnaKey>
          <labelKey>Tipo documento principale</labelKey>
          <valoreKey>STUDIO_DICOM</valoreKey>
        </datoKey>
        <datoKey>
          <colonnaKey>dt_istituz</colonnaKey>
          <labelKey>Data istituzione</labelKey>
          <valoreKey>10/11/2014</valoreKey>
        </datoKey>
      </keyRecord>
      <datoRecord>
        <colonnaDato>dt_soppres</colonnaDato>
        <labelDato>Data soppressione</labelDato>
        <valoreDato>31/12/2444</valoreDato>
      </datoRecord>
      <recordChild>
        <tipoRecord>Campo per partizionamento</tipoRecord>
        <child>
          <idRecord>276</idRecord>
          <keyRecord>
            <datoKey>
              <colonnaKey>ti_campo</colonnaKey>
              <labelKey>Tipo campo</labelKey>
              <valoreKey>SUB_STRUT</valoreKey>
            </datoKey>
            <datoKey>
              <colonnaKey>nm_campo</colonnaKey>
              <labelKey>Nome campo</labelKey>
              <valoreKey>SUB_STRUTTURA</valoreKey>
            </datoKey>
          </keyRecord>
          <datoRecord>
            <colonnaDato>nm_sub_strut</colonnaDato>
            <labelDato>Sottostruttura</labelDato>
            <valoreDato>DEFAULT</valoreDato>
          </datoRecord>
          <datoRecord>
            <colonnaDato>nm_attrib_dati_spec</colonnaDato>
            <labelDato>Dato specifico</labelDato>
            <valoreDato>null</valoreDato>
          </datoRecord>
        </child>
      </recordChild>
    </child>
    <child>
      <idRecord>525</idRecord>
      <keyRecord>
        <datoKey>
          <colonnaKey>nm_tipo_doc</colonnaKey>
          <labelKey>Tipo documento principale</labelKey>
          <valoreKey>STUDIO_DICOM</valoreKey>
        </datoKey>
        <datoKey>
          <colonnaKey>dt_istituz</colonnaKey>
          <labelKey>Data istituzione</labelKey>
          <valoreKey>10/11/2014</valoreKey>
        </datoKey>
      </keyRecord>
      <datoRecord>
        <colonnaDato>dt_soppres</colonnaDato>
        <labelDato>Data soppressione</labelDato>
        <valoreDato>31/12/2444</valoreDato>
      </datoRecord>
      <recordChild>
        <tipoRecord>Campo per partizionamento</tipoRecord>
        <child>
          <idRecord>269</idRecord>
          <keyRecord>
            <datoKey>
              <colonnaKey>ti_campo</colonnaKey>
              <labelKey>Tipo campo</labelKey>
              <valoreKey>SUB_STRUT</valoreKey>
            </datoKey>
            <datoKey>
              <colonnaKey>nm_campo</colonnaKey>
              <labelKey>Nome campo</labelKey>
              <valoreKey>SUB_STRUTTURA</valoreKey>
            </datoKey>
          </keyRecord>
          <datoRecord>
            <colonnaDato>nm_sub_strut</colonnaDato>
            <labelDato>Sottostruttura</labelDato>
            <valoreDato>DEFAULT</valoreDato>
          </datoRecord>
          <datoRecord>
            <colonnaDato>nm_attrib_dati_spec</colonnaDato>
            <labelDato>Dato specifico</labelDato>
            <valoreDato>null</valoreDato>
          </datoRecord>
        </child>
      </recordChild>
    </child>
    <child>
      <idRecord>524</idRecord>
      <keyRecord>
        <datoKey>
          <colonnaKey>nm_tipo_doc</colonnaKey>
          <labelKey>Tipo documento principale</labelKey>
          <valoreKey>STUDIO_DICOM</valoreKey>
        </datoKey>
        <datoKey>
          <colonnaKey>dt_istituz</colonnaKey>
          <labelKey>Data istituzione</labelKey>
          <valoreKey>10/11/2014</valoreKey>
        </datoKey>
      </keyRecord>
      <datoRecord>
        <colonnaDato>dt_soppres</colonnaDato>
        <labelDato>Data soppressione</labelDato>
        <valoreDato>31/12/2444</valoreDato>
      </datoRecord>
      <recordChild>
        <tipoRecord>Campo per partizionamento</tipoRecord>
        <child>
          <idRecord>268</idRecord>
          <keyRecord>
            <datoKey>
              <colonnaKey>ti_campo</colonnaKey>
              <labelKey>Tipo campo</labelKey>
              <valoreKey>SUB_STRUT</valoreKey>
            </datoKey>
            <datoKey>
              <colonnaKey>nm_campo</colonnaKey>
              <labelKey>Nome campo</labelKey>
              <valoreKey>SUB_STRUTTURA</valoreKey>
            </datoKey>
          </keyRecord>
          <datoRecord>
            <colonnaDato>nm_sub_strut</colonnaDato>
            <labelDato>Sottostruttura</labelDato>
            <valoreDato>DEFAULT</valoreDato>
          </datoRecord>
          <datoRecord>
            <colonnaDato>nm_attrib_dati_spec</colonnaDato>
            <labelDato>Dato specifico</labelDato>
            <valoreDato>null</valoreDato>
          </datoRecord>
        </child>
      </recordChild>
    </child>
    <child>
      <idRecord>690</idRecord>
      <keyRecord>
        <datoKey>
          <colonnaKey>nm_tipo_doc</colonnaKey>
          <labelKey>Tipo documento principale</labelKey>
          <valoreKey>STUDIO_DICOM</valoreKey>
        </datoKey>
        <datoKey>
          <colonnaKey>dt_istituz</colonnaKey>
          <labelKey>Data istituzione</labelKey>
          <valoreKey>21/11/2014</valoreKey>
        </datoKey>
      </keyRecord>
      <datoRecord>
        <colonnaDato>dt_soppres</colonnaDato>
        <labelDato>Data soppressione</labelDato>
        <valoreDato>31/12/2444</valoreDato>
      </datoRecord>
      <recordChild>
        <tipoRecord>Campo per partizionamento</tipoRecord>
        <child>
          <idRecord>376</idRecord>
          <keyRecord>
            <datoKey>
              <colonnaKey>ti_campo</colonnaKey>
              <labelKey>Tipo campo</labelKey>
              <valoreKey>SUB_STRUT</valoreKey>
            </datoKey>
            <datoKey>
              <colonnaKey>nm_campo</colonnaKey>
              <labelKey>Nome campo</labelKey>
              <valoreKey>SUB_STRUTTURA</valoreKey>
            </datoKey>
          </keyRecord>
          <datoRecord>
            <colonnaDato>nm_sub_strut</colonnaDato>
            <labelDato>Sottostruttura</labelDato>
            <valoreDato>DEFAULT</valoreDato>
          </datoRecord>
          <datoRecord>
            <colonnaDato>nm_attrib_dati_spec</colonnaDato>
            <labelDato>Dato specifico</labelDato>
            <valoreDato>null</valoreDato>
          </datoRecord>
        </child>
      </recordChild>
    </child>
    <child>
      <idRecord>483</idRecord>
      <keyRecord>
        <datoKey>
          <colonnaKey>nm_tipo_doc</colonnaKey>
          <labelKey>Tipo documento principale</labelKey>
          <valoreKey>STUDIO_DICOM</valoreKey>
        </datoKey>
        <datoKey>
          <colonnaKey>dt_istituz</colonnaKey>
          <labelKey>Data istituzione</labelKey>
          <valoreKey>10/11/2014</valoreKey>
        </datoKey>
      </keyRecord>
      <datoRecord>
        <colonnaDato>dt_soppres</colonnaDato>
        <labelDato>Data soppressione</labelDato>
        <valoreDato>31/12/2444</valoreDato>
      </datoRecord>
      <recordChild>
        <tipoRecord>Campo per partizionamento</tipoRecord>
        <child>
          <idRecord>227</idRecord>
          <keyRecord>
            <datoKey>
              <colonnaKey>ti_campo</colonnaKey>
              <labelKey>Tipo campo</labelKey>
              <valoreKey>SUB_STRUT</valoreKey>
            </datoKey>
            <datoKey>
              <colonnaKey>nm_campo</colonnaKey>
              <labelKey>Nome campo</labelKey>
              <valoreKey>SUB_STRUTTURA</valoreKey>
            </datoKey>
          </keyRecord>
          <datoRecord>
            <colonnaDato>nm_sub_strut</colonnaDato>
            <labelDato>Sottostruttura</labelDato>
            <valoreDato>DEFAULT</valoreDato>
          </datoRecord>
          <datoRecord>
            <colonnaDato>nm_attrib_dati_spec</colonnaDato>
            <labelDato>Dato specifico</labelDato>
            <valoreDato>null</valoreDato>
          </datoRecord>
        </child>
      </recordChild>
    </child>
    <child>
      <idRecord>478</idRecord>
      <keyRecord>
        <datoKey>
          <colonnaKey>nm_tipo_doc</colonnaKey>
          <labelKey>Tipo documento principale</labelKey>
          <valoreKey>STUDIO_DICOM</valoreKey>
        </datoKey>
        <datoKey>
          <colonnaKey>dt_istituz</colonnaKey>
          <labelKey>Data istituzione</labelKey>
          <valoreKey>10/11/2014</valoreKey>
        </datoKey>
      </keyRecord>
      <datoRecord>
        <colonnaDato>dt_soppres</colonnaDato>
        <labelDato>Data soppressione</labelDato>
        <valoreDato>31/12/2444</valoreDato>
      </datoRecord>
      <recordChild>
        <tipoRecord>Campo per partizionamento</tipoRecord>
        <child>
          <idRecord>222</idRecord>
          <keyRecord>
            <datoKey>
              <colonnaKey>ti_campo</colonnaKey>
              <labelKey>Tipo campo</labelKey>
              <valoreKey>SUB_STRUT</valoreKey>
            </datoKey>
            <datoKey>
              <colonnaKey>nm_campo</colonnaKey>
              <labelKey>Nome campo</labelKey>
              <valoreKey>SUB_STRUTTURA</valoreKey>
            </datoKey>
          </keyRecord>
          <datoRecord>
            <colonnaDato>nm_sub_strut</colonnaDato>
            <labelDato>Sottostruttura</labelDato>
            <valoreDato>DEFAULT</valoreDato>
          </datoRecord>
          <datoRecord>
            <colonnaDato>nm_attrib_dati_spec</colonnaDato>
            <labelDato>Dato specifico</labelDato>
            <valoreDato>null</valoreDato>
          </datoRecord>
        </child>
      </recordChild>
    </child>
    <child>
      <idRecord>457</idRecord>
      <keyRecord>
        <datoKey>
          <colonnaKey>nm_tipo_doc</colonnaKey>
          <labelKey>Tipo documento principale</labelKey>
          <valoreKey>STUDIO_DICOM</valoreKey>
        </datoKey>
        <datoKey>
          <colonnaKey>dt_istituz</colonnaKey>
          <labelKey>Data istituzione</labelKey>
          <valoreKey>10/11/2014</valoreKey>
        </datoKey>
      </keyRecord>
      <datoRecord>
        <colonnaDato>dt_soppres</colonnaDato>
        <labelDato>Data soppressione</labelDato>
        <valoreDato>31/12/2444</valoreDato>
      </datoRecord>
      <recordChild>
        <tipoRecord>Campo per partizionamento</tipoRecord>
        <child>
          <idRecord>201</idRecord>
          <keyRecord>
            <datoKey>
              <colonnaKey>ti_campo</colonnaKey>
              <labelKey>Tipo campo</labelKey>
              <valoreKey>SUB_STRUT</valoreKey>
            </datoKey>
            <datoKey>
              <colonnaKey>nm_campo</colonnaKey>
              <labelKey>Nome campo</labelKey>
              <valoreKey>SUB_STRUTTURA</valoreKey>
            </datoKey>
          </keyRecord>
          <datoRecord>
            <colonnaDato>nm_sub_strut</colonnaDato>
            <labelDato>Sottostruttura</labelDato>
            <valoreDato>DEFAULT</valoreDato>
          </datoRecord>
          <datoRecord>
            <colonnaDato>nm_attrib_dati_spec</colonnaDato>
            <labelDato>Dato specifico</labelDato>
            <valoreDato>null</valoreDato>
          </datoRecord>
        </child>
      </recordChild>
    </child>
    <child>
      <idRecord>2411</idRecord>
      <keyRecord>
        <datoKey>
          <colonnaKey>nm_tipo_doc</colonnaKey>
          <labelKey>Tipo documento principale</labelKey>
          <valoreKey>STUDIO_DICOM</valoreKey>
        </datoKey>
        <datoKey>
          <colonnaKey>dt_istituz</colonnaKey>
          <labelKey>Data istituzione</labelKey>
          <valoreKey>12/02/2015</valoreKey>
        </datoKey>
      </keyRecord>
      <datoRecord>
        <colonnaDato>dt_soppres</colonnaDato>
        <labelDato>Data soppressione</labelDato>
        <valoreDato>31/12/2444</valoreDato>
      </datoRecord>
      <recordChild>
        <tipoRecord>Campo per partizionamento</tipoRecord>
        <child>
          <idRecord>1054</idRecord>
          <keyRecord>
            <datoKey>
              <colonnaKey>ti_campo</colonnaKey>
              <labelKey>Tipo campo</labelKey>
              <valoreKey>SUB_STRUT</valoreKey>
            </datoKey>
            <datoKey>
              <colonnaKey>nm_campo</colonnaKey>
              <labelKey>Nome campo</labelKey>
              <valoreKey>SUB_STRUTTURA</valoreKey>
            </datoKey>
          </keyRecord>
          <datoRecord>
            <colonnaDato>nm_sub_strut</colonnaDato>
            <labelDato>Sottostruttura</labelDato>
            <valoreDato>DEFAULT</valoreDato>
          </datoRecord>
          <datoRecord>
            <colonnaDato>nm_attrib_dati_spec</colonnaDato>
            <labelDato>Dato specifico</labelDato>
            <valoreDato>null</valoreDato>
          </datoRecord>
        </child>
      </recordChild>
    </child>
    <child>
      <idRecord>2410</idRecord>
      <keyRecord>
        <datoKey>
          <colonnaKey>nm_tipo_doc</colonnaKey>
          <labelKey>Tipo documento principale</labelKey>
          <valoreKey>STUDIO_DICOM</valoreKey>
        </datoKey>
        <datoKey>
          <colonnaKey>dt_istituz</colonnaKey>
          <labelKey>Data istituzione</labelKey>
          <valoreKey>12/02/2015</valoreKey>
        </datoKey>
      </keyRecord>
      <datoRecord>
        <colonnaDato>dt_soppres</colonnaDato>
        <labelDato>Data soppressione</labelDato>
        <valoreDato>31/12/2444</valoreDato>
      </datoRecord>
      <recordChild>
        <tipoRecord>Campo per partizionamento</tipoRecord>
        <child>
          <idRecord>1053</idRecord>
          <keyRecord>
            <datoKey>
              <colonnaKey>ti_campo</colonnaKey>
              <labelKey>Tipo campo</labelKey>
              <valoreKey>SUB_STRUT</valoreKey>
            </datoKey>
            <datoKey>
              <colonnaKey>nm_campo</colonnaKey>
              <labelKey>Nome campo</labelKey>
              <valoreKey>SUB_STRUTTURA</valoreKey>
            </datoKey>
          </keyRecord>
          <datoRecord>
            <colonnaDato>nm_sub_strut</colonnaDato>
            <labelDato>Sottostruttura</labelDato>
            <valoreDato>DEFAULT</valoreDato>
          </datoRecord>
          <datoRecord>
            <colonnaDato>nm_attrib_dati_spec</colonnaDato>
            <labelDato>Dato specifico</labelDato>
            <valoreDato>null</valoreDato>
          </datoRecord>
        </child>
      </recordChild>
    </child>
    <child>
      <idRecord>2409</idRecord>
      <keyRecord>
        <datoKey>
          <colonnaKey>nm_tipo_doc</colonnaKey>
          <labelKey>Tipo documento principale</labelKey>
          <valoreKey>STUDIO_DICOM</valoreKey>
        </datoKey>
        <datoKey>
          <colonnaKey>dt_istituz</colonnaKey>
          <labelKey>Data istituzione</labelKey>
          <valoreKey>12/02/2015</valoreKey>
        </datoKey>
      </keyRecord>
      <datoRecord>
        <colonnaDato>dt_soppres</colonnaDato>
        <labelDato>Data soppressione</labelDato>
        <valoreDato>31/12/2444</valoreDato>
      </datoRecord>
      <recordChild>
        <tipoRecord>Campo per partizionamento</tipoRecord>
        <child>
          <idRecord>1052</idRecord>
          <keyRecord>
            <datoKey>
              <colonnaKey>ti_campo</colonnaKey>
              <labelKey>Tipo campo</labelKey>
              <valoreKey>SUB_STRUT</valoreKey>
            </datoKey>
            <datoKey>
              <colonnaKey>nm_campo</colonnaKey>
              <labelKey>Nome campo</labelKey>
              <valoreKey>SUB_STRUTTURA</valoreKey>
            </datoKey>
          </keyRecord>
          <datoRecord>
            <colonnaDato>nm_sub_strut</colonnaDato>
            <labelDato>Sottostruttura</labelDato>
            <valoreDato>DEFAULT</valoreDato>
          </datoRecord>
          <datoRecord>
            <colonnaDato>nm_attrib_dati_spec</colonnaDato>
            <labelDato>Dato specifico</labelDato>
            <valoreDato>null</valoreDato>
          </datoRecord>
        </child>
      </recordChild>
    </child>
    <child>
      <idRecord>2408</idRecord>
      <keyRecord>
        <datoKey>
          <colonnaKey>nm_tipo_doc</colonnaKey>
          <labelKey>Tipo documento principale</labelKey>
          <valoreKey>STUDIO_DICOM</valoreKey>
        </datoKey>
        <datoKey>
          <colonnaKey>dt_istituz</colonnaKey>
          <labelKey>Data istituzione</labelKey>
          <valoreKey>12/02/2015</valoreKey>
        </datoKey>
      </keyRecord>
      <datoRecord>
        <colonnaDato>dt_soppres</colonnaDato>
        <labelDato>Data soppressione</labelDato>
        <valoreDato>31/12/2444</valoreDato>
      </datoRecord>
      <recordChild>
        <tipoRecord>Campo per partizionamento</tipoRecord>
        <child>
          <idRecord>1051</idRecord>
          <keyRecord>
            <datoKey>
              <colonnaKey>ti_campo</colonnaKey>
              <labelKey>Tipo campo</labelKey>
              <valoreKey>SUB_STRUT</valoreKey>
            </datoKey>
            <datoKey>
              <colonnaKey>nm_campo</colonnaKey>
              <labelKey>Nome campo</labelKey>
              <valoreKey>SUB_STRUTTURA</valoreKey>
            </datoKey>
          </keyRecord>
          <datoRecord>
            <colonnaDato>nm_sub_strut</colonnaDato>
            <labelDato>Sottostruttura</labelDato>
            <valoreDato>DEFAULT</valoreDato>
          </datoRecord>
          <datoRecord>
            <colonnaDato>nm_attrib_dati_spec</colonnaDato>
            <labelDato>Dato specifico</labelDato>
            <valoreDato>null</valoreDato>
          </datoRecord>
        </child>
      </recordChild>
    </child>
    <child>
      <idRecord>2407</idRecord>
      <keyRecord>
        <datoKey>
          <colonnaKey>nm_tipo_doc</colonnaKey>
          <labelKey>Tipo documento principale</labelKey>
          <valoreKey>STUDIO_DICOM</valoreKey>
        </datoKey>
        <datoKey>
          <colonnaKey>dt_istituz</colonnaKey>
          <labelKey>Data istituzione</labelKey>
          <valoreKey>12/02/2015</valoreKey>
        </datoKey>
      </keyRecord>
      <datoRecord>
        <colonnaDato>dt_soppres</colonnaDato>
        <labelDato>Data soppressione</labelDato>
        <valoreDato>31/12/2444</valoreDato>
      </datoRecord>
      <recordChild>
        <tipoRecord>Campo per partizionamento</tipoRecord>
        <child>
          <idRecord>1050</idRecord>
          <keyRecord>
            <datoKey>
              <colonnaKey>ti_campo</colonnaKey>
              <labelKey>Tipo campo</labelKey>
              <valoreKey>SUB_STRUT</valoreKey>
            </datoKey>
            <datoKey>
              <colonnaKey>nm_campo</colonnaKey>
              <labelKey>Nome campo</labelKey>
              <valoreKey>SUB_STRUTTURA</valoreKey>
            </datoKey>
          </keyRecord>
          <datoRecord>
            <colonnaDato>nm_sub_strut</colonnaDato>
            <labelDato>Sottostruttura</labelDato>
            <valoreDato>DEFAULT</valoreDato>
          </datoRecord>
          <datoRecord>
            <colonnaDato>nm_attrib_dati_spec</colonnaDato>
            <labelDato>Dato specifico</labelDato>
            <valoreDato>null</valoreDato>
          </datoRecord>
        </child>
      </recordChild>
    </child>
    <child>
      <idRecord>2406</idRecord>
      <keyRecord>
        <datoKey>
          <colonnaKey>nm_tipo_doc</colonnaKey>
          <labelKey>Tipo documento principale</labelKey>
          <valoreKey>STUDIO_DICOM</valoreKey>
        </datoKey>
        <datoKey>
          <colonnaKey>dt_istituz</colonnaKey>
          <labelKey>Data istituzione</labelKey>
          <valoreKey>12/02/2015</valoreKey>
        </datoKey>
      </keyRecord>
      <datoRecord>
        <colonnaDato>dt_soppres</colonnaDato>
        <labelDato>Data soppressione</labelDato>
        <valoreDato>31/12/2444</valoreDato>
      </datoRecord>
      <recordChild>
        <tipoRecord>Campo per partizionamento</tipoRecord>
        <child>
          <idRecord>1049</idRecord>
          <keyRecord>
            <datoKey>
              <colonnaKey>ti_campo</colonnaKey>
              <labelKey>Tipo campo</labelKey>
              <valoreKey>SUB_STRUT</valoreKey>
            </datoKey>
            <datoKey>
              <colonnaKey>nm_campo</colonnaKey>
              <labelKey>Nome campo</labelKey>
              <valoreKey>SUB_STRUTTURA</valoreKey>
            </datoKey>
          </keyRecord>
          <datoRecord>
            <colonnaDato>nm_sub_strut</colonnaDato>
            <labelDato>Sottostruttura</labelDato>
            <valoreDato>DEFAULT</valoreDato>
          </datoRecord>
          <datoRecord>
            <colonnaDato>nm_attrib_dati_spec</colonnaDato>
            <labelDato>Dato specifico</labelDato>
            <valoreDato>null</valoreDato>
          </datoRecord>
        </child>
      </recordChild>
    </child>
    <child>
      <idRecord>2347</idRecord>
      <keyRecord>
        <datoKey>
          <colonnaKey>nm_tipo_doc</colonnaKey>
          <labelKey>Tipo documento principale</labelKey>
          <valoreKey>SUPPLEMENTO SPECIALE DEL BOLLETTINO UFFICIALE</valoreKey>
        </datoKey>
        <datoKey>
          <colonnaKey>dt_istituz</colonnaKey>
          <labelKey>Data istituzione</labelKey>
          <valoreKey>12/02/2015</valoreKey>
        </datoKey>
      </keyRecord>
      <datoRecord>
        <colonnaDato>dt_soppres</colonnaDato>
        <labelDato>Data soppressione</labelDato>
        <valoreDato>31/12/2444</valoreDato>
      </datoRecord>
      <recordChild>
        <tipoRecord>Campo per partizionamento</tipoRecord>
        <child>
          <idRecord>990</idRecord>
          <keyRecord>
            <datoKey>
              <colonnaKey>ti_campo</colonnaKey>
              <labelKey>Tipo campo</labelKey>
              <valoreKey>SUB_STRUT</valoreKey>
            </datoKey>
            <datoKey>
              <colonnaKey>nm_campo</colonnaKey>
              <labelKey>Nome campo</labelKey>
              <valoreKey>SUB_STRUTTURA</valoreKey>
            </datoKey>
          </keyRecord>
          <datoRecord>
            <colonnaDato>nm_sub_strut</colonnaDato>
            <labelDato>Sottostruttura</labelDato>
            <valoreDato>DEFAULT</valoreDato>
          </datoRecord>
          <datoRecord>
            <colonnaDato>nm_attrib_dati_spec</colonnaDato>
            <labelDato>Dato specifico</labelDato>
            <valoreDato>null</valoreDato>
          </datoRecord>
        </child>
      </recordChild>
    </child>
    <child>
      <idRecord>2458</idRecord>
      <keyRecord>
        <datoKey>
          <colonnaKey>nm_tipo_doc</colonnaKey>
          <labelKey>Tipo documento principale</labelKey>
          <valoreKey>SUPPLEMENTO SPECIALE DEL BOLLETTINO UFFICIALE</valoreKey>
        </datoKey>
        <datoKey>
          <colonnaKey>dt_istituz</colonnaKey>
          <labelKey>Data istituzione</labelKey>
          <valoreKey>12/02/2015</valoreKey>
        </datoKey>
      </keyRecord>
      <datoRecord>
        <colonnaDato>dt_soppres</colonnaDato>
        <labelDato>Data soppressione</labelDato>
        <valoreDato>31/12/2444</valoreDato>
      </datoRecord>
      <recordChild>
        <tipoRecord>Campo per partizionamento</tipoRecord>
        <child>
          <idRecord>1101</idRecord>
          <keyRecord>
            <datoKey>
              <colonnaKey>ti_campo</colonnaKey>
              <labelKey>Tipo campo</labelKey>
              <valoreKey>SUB_STRUT</valoreKey>
            </datoKey>
            <datoKey>
              <colonnaKey>nm_campo</colonnaKey>
              <labelKey>Nome campo</labelKey>
              <valoreKey>SUB_STRUTTURA</valoreKey>
            </datoKey>
          </keyRecord>
          <datoRecord>
            <colonnaDato>nm_sub_strut</colonnaDato>
            <labelDato>Sottostruttura</labelDato>
            <valoreDato>DEFAULT</valoreDato>
          </datoRecord>
          <datoRecord>
            <colonnaDato>nm_attrib_dati_spec</colonnaDato>
            <labelDato>Dato specifico</labelDato>
            <valoreDato>null</valoreDato>
          </datoRecord>
        </child>
      </recordChild>
    </child>
    <child>
      <idRecord>2457</idRecord>
      <keyRecord>
        <datoKey>
          <colonnaKey>nm_tipo_doc</colonnaKey>
          <labelKey>Tipo documento principale</labelKey>
          <valoreKey>SUPPLEMENTO SPECIALE DEL BOLLETTINO UFFICIALE</valoreKey>
        </datoKey>
        <datoKey>
          <colonnaKey>dt_istituz</colonnaKey>
          <labelKey>Data istituzione</labelKey>
          <valoreKey>12/02/2015</valoreKey>
        </datoKey>
      </keyRecord>
      <datoRecord>
        <colonnaDato>dt_soppres</colonnaDato>
        <labelDato>Data soppressione</labelDato>
        <valoreDato>31/12/2444</valoreDato>
      </datoRecord>
      <recordChild>
        <tipoRecord>Campo per partizionamento</tipoRecord>
        <child>
          <idRecord>1100</idRecord>
          <keyRecord>
            <datoKey>
              <colonnaKey>ti_campo</colonnaKey>
              <labelKey>Tipo campo</labelKey>
              <valoreKey>SUB_STRUT</valoreKey>
            </datoKey>
            <datoKey>
              <colonnaKey>nm_campo</colonnaKey>
              <labelKey>Nome campo</labelKey>
              <valoreKey>SUB_STRUTTURA</valoreKey>
            </datoKey>
          </keyRecord>
          <datoRecord>
            <colonnaDato>nm_sub_strut</colonnaDato>
            <labelDato>Sottostruttura</labelDato>
            <valoreDato>DEFAULT</valoreDato>
          </datoRecord>
          <datoRecord>
            <colonnaDato>nm_attrib_dati_spec</colonnaDato>
            <labelDato>Dato specifico</labelDato>
            <valoreDato>null</valoreDato>
          </datoRecord>
        </child>
      </recordChild>
    </child>
    <child>
      <idRecord>2456</idRecord>
      <keyRecord>
        <datoKey>
          <colonnaKey>nm_tipo_doc</colonnaKey>
          <labelKey>Tipo documento principale</labelKey>
          <valoreKey>SUPPLEMENTO SPECIALE DEL BOLLETTINO UFFICIALE</valoreKey>
        </datoKey>
        <datoKey>
          <colonnaKey>dt_istituz</colonnaKey>
          <labelKey>Data istituzione</labelKey>
          <valoreKey>12/02/2015</valoreKey>
        </datoKey>
      </keyRecord>
      <datoRecord>
        <colonnaDato>dt_soppres</colonnaDato>
        <labelDato>Data soppressione</labelDato>
        <valoreDato>31/12/2444</valoreDato>
      </datoRecord>
      <recordChild>
        <tipoRecord>Campo per partizionamento</tipoRecord>
        <child>
          <idRecord>1099</idRecord>
          <keyRecord>
            <datoKey>
              <colonnaKey>ti_campo</colonnaKey>
              <labelKey>Tipo campo</labelKey>
              <valoreKey>SUB_STRUT</valoreKey>
            </datoKey>
            <datoKey>
              <colonnaKey>nm_campo</colonnaKey>
              <labelKey>Nome campo</labelKey>
              <valoreKey>SUB_STRUTTURA</valoreKey>
            </datoKey>
          </keyRecord>
          <datoRecord>
            <colonnaDato>nm_sub_strut</colonnaDato>
            <labelDato>Sottostruttura</labelDato>
            <valoreDato>DEFAULT</valoreDato>
          </datoRecord>
          <datoRecord>
            <colonnaDato>nm_attrib_dati_spec</colonnaDato>
            <labelDato>Dato specifico</labelDato>
            <valoreDato>null</valoreDato>
          </datoRecord>
        </child>
      </recordChild>
    </child>
    <child>
      <idRecord>2455</idRecord>
      <keyRecord>
        <datoKey>
          <colonnaKey>nm_tipo_doc</colonnaKey>
          <labelKey>Tipo documento principale</labelKey>
          <valoreKey>SUPPLEMENTO SPECIALE DEL BOLLETTINO UFFICIALE</valoreKey>
        </datoKey>
        <datoKey>
          <colonnaKey>dt_istituz</colonnaKey>
          <labelKey>Data istituzione</labelKey>
          <valoreKey>12/02/2015</valoreKey>
        </datoKey>
      </keyRecord>
      <datoRecord>
        <colonnaDato>dt_soppres</colonnaDato>
        <labelDato>Data soppressione</labelDato>
        <valoreDato>31/12/2444</valoreDato>
      </datoRecord>
      <recordChild>
        <tipoRecord>Campo per partizionamento</tipoRecord>
        <child>
          <idRecord>1098</idRecord>
          <keyRecord>
            <datoKey>
              <colonnaKey>ti_campo</colonnaKey>
              <labelKey>Tipo campo</labelKey>
              <valoreKey>SUB_STRUT</valoreKey>
            </datoKey>
            <datoKey>
              <colonnaKey>nm_campo</colonnaKey>
              <labelKey>Nome campo</labelKey>
              <valoreKey>SUB_STRUTTURA</valoreKey>
            </datoKey>
          </keyRecord>
          <datoRecord>
            <colonnaDato>nm_sub_strut</colonnaDato>
            <labelDato>Sottostruttura</labelDato>
            <valoreDato>DEFAULT</valoreDato>
          </datoRecord>
          <datoRecord>
            <colonnaDato>nm_attrib_dati_spec</colonnaDato>
            <labelDato>Dato specifico</labelDato>
            <valoreDato>null</valoreDato>
          </datoRecord>
        </child>
      </recordChild>
    </child>
    <child>
      <idRecord>2454</idRecord>
      <keyRecord>
        <datoKey>
          <colonnaKey>nm_tipo_doc</colonnaKey>
          <labelKey>Tipo documento principale</labelKey>
          <valoreKey>SUPPLEMENTO SPECIALE DEL BOLLETTINO UFFICIALE</valoreKey>
        </datoKey>
        <datoKey>
          <colonnaKey>dt_istituz</colonnaKey>
          <labelKey>Data istituzione</labelKey>
          <valoreKey>12/02/2015</valoreKey>
        </datoKey>
      </keyRecord>
      <datoRecord>
        <colonnaDato>dt_soppres</colonnaDato>
        <labelDato>Data soppressione</labelDato>
        <valoreDato>31/12/2444</valoreDato>
      </datoRecord>
      <recordChild>
        <tipoRecord>Campo per partizionamento</tipoRecord>
        <child>
          <idRecord>1097</idRecord>
          <keyRecord>
            <datoKey>
              <colonnaKey>ti_campo</colonnaKey>
              <labelKey>Tipo campo</labelKey>
              <valoreKey>SUB_STRUT</valoreKey>
            </datoKey>
            <datoKey>
              <colonnaKey>nm_campo</colonnaKey>
              <labelKey>Nome campo</labelKey>
              <valoreKey>SUB_STRUTTURA</valoreKey>
            </datoKey>
          </keyRecord>
          <datoRecord>
            <colonnaDato>nm_sub_strut</colonnaDato>
            <labelDato>Sottostruttura</labelDato>
            <valoreDato>DEFAULT</valoreDato>
          </datoRecord>
          <datoRecord>
            <colonnaDato>nm_attrib_dati_spec</colonnaDato>
            <labelDato>Dato specifico</labelDato>
            <valoreDato>null</valoreDato>
          </datoRecord>
        </child>
      </recordChild>
    </child>
    <child>
      <idRecord>2441</idRecord>
      <keyRecord>
        <datoKey>
          <colonnaKey>nm_tipo_doc</colonnaKey>
          <labelKey>Tipo documento principale</labelKey>
          <valoreKey>SUPPLEMENTO SPECIALE DEL BOLLETTINO UFFICIALE</valoreKey>
        </datoKey>
        <datoKey>
          <colonnaKey>dt_istituz</colonnaKey>
          <labelKey>Data istituzione</labelKey>
          <valoreKey>12/02/2015</valoreKey>
        </datoKey>
      </keyRecord>
      <datoRecord>
        <colonnaDato>dt_soppres</colonnaDato>
        <labelDato>Data soppressione</labelDato>
        <valoreDato>31/12/2444</valoreDato>
      </datoRecord>
      <recordChild>
        <tipoRecord>Campo per partizionamento</tipoRecord>
        <child>
          <idRecord>1084</idRecord>
          <keyRecord>
            <datoKey>
              <colonnaKey>ti_campo</colonnaKey>
              <labelKey>Tipo campo</labelKey>
              <valoreKey>SUB_STRUT</valoreKey>
            </datoKey>
            <datoKey>
              <colonnaKey>nm_campo</colonnaKey>
              <labelKey>Nome campo</labelKey>
              <valoreKey>SUB_STRUTTURA</valoreKey>
            </datoKey>
          </keyRecord>
          <datoRecord>
            <colonnaDato>nm_sub_strut</colonnaDato>
            <labelDato>Sottostruttura</labelDato>
            <valoreDato>DEFAULT</valoreDato>
          </datoRecord>
          <datoRecord>
            <colonnaDato>nm_attrib_dati_spec</colonnaDato>
            <labelDato>Dato specifico</labelDato>
            <valoreDato>null</valoreDato>
          </datoRecord>
        </child>
      </recordChild>
    </child>
    <child>
      <idRecord>2440</idRecord>
      <keyRecord>
        <datoKey>
          <colonnaKey>nm_tipo_doc</colonnaKey>
          <labelKey>Tipo documento principale</labelKey>
          <valoreKey>SUPPLEMENTO SPECIALE DEL BOLLETTINO UFFICIALE</valoreKey>
        </datoKey>
        <datoKey>
          <colonnaKey>dt_istituz</colonnaKey>
          <labelKey>Data istituzione</labelKey>
          <valoreKey>12/02/2015</valoreKey>
        </datoKey>
      </keyRecord>
      <datoRecord>
        <colonnaDato>dt_soppres</colonnaDato>
        <labelDato>Data soppressione</labelDato>
        <valoreDato>31/12/2444</valoreDato>
      </datoRecord>
      <recordChild>
        <tipoRecord>Campo per partizionamento</tipoRecord>
        <child>
          <idRecord>1083</idRecord>
          <keyRecord>
            <datoKey>
              <colonnaKey>ti_campo</colonnaKey>
              <labelKey>Tipo campo</labelKey>
              <valoreKey>SUB_STRUT</valoreKey>
            </datoKey>
            <datoKey>
              <colonnaKey>nm_campo</colonnaKey>
              <labelKey>Nome campo</labelKey>
              <valoreKey>SUB_STRUTTURA</valoreKey>
            </datoKey>
          </keyRecord>
          <datoRecord>
            <colonnaDato>nm_sub_strut</colonnaDato>
            <labelDato>Sottostruttura</labelDato>
            <valoreDato>DEFAULT</valoreDato>
          </datoRecord>
          <datoRecord>
            <colonnaDato>nm_attrib_dati_spec</colonnaDato>
            <labelDato>Dato specifico</labelDato>
            <valoreDato>null</valoreDato>
          </datoRecord>
        </child>
      </recordChild>
    </child>
    <child>
      <idRecord>2439</idRecord>
      <keyRecord>
        <datoKey>
          <colonnaKey>nm_tipo_doc</colonnaKey>
          <labelKey>Tipo documento principale</labelKey>
          <valoreKey>SUPPLEMENTO SPECIALE DEL BOLLETTINO UFFICIALE</valoreKey>
        </datoKey>
        <datoKey>
          <colonnaKey>dt_istituz</colonnaKey>
          <labelKey>Data istituzione</labelKey>
          <valoreKey>12/02/2015</valoreKey>
        </datoKey>
      </keyRecord>
      <datoRecord>
        <colonnaDato>dt_soppres</colonnaDato>
        <labelDato>Data soppressione</labelDato>
        <valoreDato>31/12/2444</valoreDato>
      </datoRecord>
      <recordChild>
        <tipoRecord>Campo per partizionamento</tipoRecord>
        <child>
          <idRecord>1082</idRecord>
          <keyRecord>
            <datoKey>
              <colonnaKey>ti_campo</colonnaKey>
              <labelKey>Tipo campo</labelKey>
              <valoreKey>SUB_STRUT</valoreKey>
            </datoKey>
            <datoKey>
              <colonnaKey>nm_campo</colonnaKey>
              <labelKey>Nome campo</labelKey>
              <valoreKey>SUB_STRUTTURA</valoreKey>
            </datoKey>
          </keyRecord>
          <datoRecord>
            <colonnaDato>nm_sub_strut</colonnaDato>
            <labelDato>Sottostruttura</labelDato>
            <valoreDato>DEFAULT</valoreDato>
          </datoRecord>
          <datoRecord>
            <colonnaDato>nm_attrib_dati_spec</colonnaDato>
            <labelDato>Dato specifico</labelDato>
            <valoreDato>null</valoreDato>
          </datoRecord>
        </child>
      </recordChild>
    </child>
    <child>
      <idRecord>2348</idRecord>
      <keyRecord>
        <datoKey>
          <colonnaKey>nm_tipo_doc</colonnaKey>
          <labelKey>Tipo documento principale</labelKey>
          <valoreKey>SUPPLEMENTO SPECIALE DEL BOLLETTINO UFFICIALE</valoreKey>
        </datoKey>
        <datoKey>
          <colonnaKey>dt_istituz</colonnaKey>
          <labelKey>Data istituzione</labelKey>
          <valoreKey>12/02/2015</valoreKey>
        </datoKey>
      </keyRecord>
      <datoRecord>
        <colonnaDato>dt_soppres</colonnaDato>
        <labelDato>Data soppressione</labelDato>
        <valoreDato>31/12/2444</valoreDato>
      </datoRecord>
      <recordChild>
        <tipoRecord>Campo per partizionamento</tipoRecord>
        <child>
          <idRecord>991</idRecord>
          <keyRecord>
            <datoKey>
              <colonnaKey>ti_campo</colonnaKey>
              <labelKey>Tipo campo</labelKey>
              <valoreKey>SUB_STRUT</valoreKey>
            </datoKey>
            <datoKey>
              <colonnaKey>nm_campo</colonnaKey>
              <labelKey>Nome campo</labelKey>
              <valoreKey>SUB_STRUTTURA</valoreKey>
            </datoKey>
          </keyRecord>
          <datoRecord>
            <colonnaDato>nm_sub_strut</colonnaDato>
            <labelDato>Sottostruttura</labelDato>
            <valoreDato>DEFAULT</valoreDato>
          </datoRecord>
          <datoRecord>
            <colonnaDato>nm_attrib_dati_spec</colonnaDato>
            <labelDato>Dato specifico</labelDato>
            <valoreDato>null</valoreDato>
          </datoRecord>
        </child>
      </recordChild>
    </child>
    <child>
      <idRecord>1807</idRecord>
      <keyRecord>
        <datoKey>
          <colonnaKey>nm_tipo_doc</colonnaKey>
          <labelKey>Tipo documento principale</labelKey>
          <valoreKey>TipoDocumento test reload</valoreKey>
        </datoKey>
        <datoKey>
          <colonnaKey>dt_istituz</colonnaKey>
          <labelKey>Data istituzione</labelKey>
          <valoreKey>12/02/2015</valoreKey>
        </datoKey>
      </keyRecord>
      <datoRecord>
        <colonnaDato>dt_soppres</colonnaDato>
        <labelDato>Data soppressione</labelDato>
        <valoreDato>31/12/2444</valoreDato>
      </datoRecord>
      <recordChild>
        <tipoRecord>Campo per partizionamento</tipoRecord>
        <child>
          <idRecord>1118</idRecord>
          <keyRecord>
            <datoKey>
              <colonnaKey>ti_campo</colonnaKey>
              <labelKey>Tipo campo</labelKey>
              <valoreKey>SUB_STRUT</valoreKey>
            </datoKey>
            <datoKey>
              <colonnaKey>nm_campo</colonnaKey>
              <labelKey>Nome campo</labelKey>
              <valoreKey>SUB_STRUTTURA</valoreKey>
            </datoKey>
          </keyRecord>
          <datoRecord>
            <colonnaDato>nm_sub_strut</colonnaDato>
            <labelDato>Sottostruttura</labelDato>
            <valoreDato>DEFAULT</valoreDato>
          </datoRecord>
          <datoRecord>
            <colonnaDato>nm_attrib_dati_spec</colonnaDato>
            <labelDato>Dato specifico</labelDato>
            <valoreDato>null</valoreDato>
          </datoRecord>
        </child>
      </recordChild>
    </child>
    <child>
      <idRecord>1814</idRecord>
      <keyRecord>
        <datoKey>
          <colonnaKey>nm_tipo_doc</colonnaKey>
          <labelKey>Tipo documento principale</labelKey>
          <valoreKey>TipoDocumento test reload</valoreKey>
        </datoKey>
        <datoKey>
          <colonnaKey>dt_istituz</colonnaKey>
          <labelKey>Data istituzione</labelKey>
          <valoreKey>12/02/2015</valoreKey>
        </datoKey>
      </keyRecord>
      <datoRecord>
        <colonnaDato>dt_soppres</colonnaDato>
        <labelDato>Data soppressione</labelDato>
        <valoreDato>31/12/2444</valoreDato>
      </datoRecord>
      <recordChild>
        <tipoRecord>Campo per partizionamento</tipoRecord>
        <child>
          <idRecord>1125</idRecord>
          <keyRecord>
            <datoKey>
              <colonnaKey>ti_campo</colonnaKey>
              <labelKey>Tipo campo</labelKey>
              <valoreKey>SUB_STRUT</valoreKey>
            </datoKey>
            <datoKey>
              <colonnaKey>nm_campo</colonnaKey>
              <labelKey>Nome campo</labelKey>
              <valoreKey>SUB_STRUTTURA</valoreKey>
            </datoKey>
          </keyRecord>
          <datoRecord>
            <colonnaDato>nm_sub_strut</colonnaDato>
            <labelDato>Sottostruttura</labelDato>
            <valoreDato>DEFAULT</valoreDato>
          </datoRecord>
          <datoRecord>
            <colonnaDato>nm_attrib_dati_spec</colonnaDato>
            <labelDato>Dato specifico</labelDato>
            <valoreDato>null</valoreDato>
          </datoRecord>
        </child>
      </recordChild>
    </child>
    <child>
      <idRecord>1813</idRecord>
      <keyRecord>
        <datoKey>
          <colonnaKey>nm_tipo_doc</colonnaKey>
          <labelKey>Tipo documento principale</labelKey>
          <valoreKey>TipoDocumento test reload</valoreKey>
        </datoKey>
        <datoKey>
          <colonnaKey>dt_istituz</colonnaKey>
          <labelKey>Data istituzione</labelKey>
          <valoreKey>12/02/2015</valoreKey>
        </datoKey>
      </keyRecord>
      <datoRecord>
        <colonnaDato>dt_soppres</colonnaDato>
        <labelDato>Data soppressione</labelDato>
        <valoreDato>31/12/2444</valoreDato>
      </datoRecord>
      <recordChild>
        <tipoRecord>Campo per partizionamento</tipoRecord>
        <child>
          <idRecord>1124</idRecord>
          <keyRecord>
            <datoKey>
              <colonnaKey>ti_campo</colonnaKey>
              <labelKey>Tipo campo</labelKey>
              <valoreKey>SUB_STRUT</valoreKey>
            </datoKey>
            <datoKey>
              <colonnaKey>nm_campo</colonnaKey>
              <labelKey>Nome campo</labelKey>
              <valoreKey>SUB_STRUTTURA</valoreKey>
            </datoKey>
          </keyRecord>
          <datoRecord>
            <colonnaDato>nm_sub_strut</colonnaDato>
            <labelDato>Sottostruttura</labelDato>
            <valoreDato>DEFAULT</valoreDato>
          </datoRecord>
          <datoRecord>
            <colonnaDato>nm_attrib_dati_spec</colonnaDato>
            <labelDato>Dato specifico</labelDato>
            <valoreDato>null</valoreDato>
          </datoRecord>
        </child>
      </recordChild>
    </child>
    <child>
      <idRecord>1812</idRecord>
      <keyRecord>
        <datoKey>
          <colonnaKey>nm_tipo_doc</colonnaKey>
          <labelKey>Tipo documento principale</labelKey>
          <valoreKey>TipoDocumento test reload</valoreKey>
        </datoKey>
        <datoKey>
          <colonnaKey>dt_istituz</colonnaKey>
          <labelKey>Data istituzione</labelKey>
          <valoreKey>12/02/2015</valoreKey>
        </datoKey>
      </keyRecord>
      <datoRecord>
        <colonnaDato>dt_soppres</colonnaDato>
        <labelDato>Data soppressione</labelDato>
        <valoreDato>31/12/2444</valoreDato>
      </datoRecord>
      <recordChild>
        <tipoRecord>Campo per partizionamento</tipoRecord>
        <child>
          <idRecord>1123</idRecord>
          <keyRecord>
            <datoKey>
              <colonnaKey>ti_campo</colonnaKey>
              <labelKey>Tipo campo</labelKey>
              <valoreKey>SUB_STRUT</valoreKey>
            </datoKey>
            <datoKey>
              <colonnaKey>nm_campo</colonnaKey>
              <labelKey>Nome campo</labelKey>
              <valoreKey>SUB_STRUTTURA</valoreKey>
            </datoKey>
          </keyRecord>
          <datoRecord>
            <colonnaDato>nm_sub_strut</colonnaDato>
            <labelDato>Sottostruttura</labelDato>
            <valoreDato>DEFAULT</valoreDato>
          </datoRecord>
          <datoRecord>
            <colonnaDato>nm_attrib_dati_spec</colonnaDato>
            <labelDato>Dato specifico</labelDato>
            <valoreDato>null</valoreDato>
          </datoRecord>
        </child>
      </recordChild>
    </child>
    <child>
      <idRecord>1811</idRecord>
      <keyRecord>
        <datoKey>
          <colonnaKey>nm_tipo_doc</colonnaKey>
          <labelKey>Tipo documento principale</labelKey>
          <valoreKey>TipoDocumento test reload</valoreKey>
        </datoKey>
        <datoKey>
          <colonnaKey>dt_istituz</colonnaKey>
          <labelKey>Data istituzione</labelKey>
          <valoreKey>12/02/2015</valoreKey>
        </datoKey>
      </keyRecord>
      <datoRecord>
        <colonnaDato>dt_soppres</colonnaDato>
        <labelDato>Data soppressione</labelDato>
        <valoreDato>31/12/2444</valoreDato>
      </datoRecord>
      <recordChild>
        <tipoRecord>Campo per partizionamento</tipoRecord>
        <child>
          <idRecord>1122</idRecord>
          <keyRecord>
            <datoKey>
              <colonnaKey>ti_campo</colonnaKey>
              <labelKey>Tipo campo</labelKey>
              <valoreKey>SUB_STRUT</valoreKey>
            </datoKey>
            <datoKey>
              <colonnaKey>nm_campo</colonnaKey>
              <labelKey>Nome campo</labelKey>
              <valoreKey>SUB_STRUTTURA</valoreKey>
            </datoKey>
          </keyRecord>
          <datoRecord>
            <colonnaDato>nm_sub_strut</colonnaDato>
            <labelDato>Sottostruttura</labelDato>
            <valoreDato>DEFAULT</valoreDato>
          </datoRecord>
          <datoRecord>
            <colonnaDato>nm_attrib_dati_spec</colonnaDato>
            <labelDato>Dato specifico</labelDato>
            <valoreDato>null</valoreDato>
          </datoRecord>
        </child>
      </recordChild>
    </child>
    <child>
      <idRecord>1810</idRecord>
      <keyRecord>
        <datoKey>
          <colonnaKey>nm_tipo_doc</colonnaKey>
          <labelKey>Tipo documento principale</labelKey>
          <valoreKey>TipoDocumento test reload</valoreKey>
        </datoKey>
        <datoKey>
          <colonnaKey>dt_istituz</colonnaKey>
          <labelKey>Data istituzione</labelKey>
          <valoreKey>12/02/2015</valoreKey>
        </datoKey>
      </keyRecord>
      <datoRecord>
        <colonnaDato>dt_soppres</colonnaDato>
        <labelDato>Data soppressione</labelDato>
        <valoreDato>31/12/2444</valoreDato>
      </datoRecord>
      <recordChild>
        <tipoRecord>Campo per partizionamento</tipoRecord>
        <child>
          <idRecord>1121</idRecord>
          <keyRecord>
            <datoKey>
              <colonnaKey>ti_campo</colonnaKey>
              <labelKey>Tipo campo</labelKey>
              <valoreKey>SUB_STRUT</valoreKey>
            </datoKey>
            <datoKey>
              <colonnaKey>nm_campo</colonnaKey>
              <labelKey>Nome campo</labelKey>
              <valoreKey>SUB_STRUTTURA</valoreKey>
            </datoKey>
          </keyRecord>
          <datoRecord>
            <colonnaDato>nm_sub_strut</colonnaDato>
            <labelDato>Sottostruttura</labelDato>
            <valoreDato>DEFAULT</valoreDato>
          </datoRecord>
          <datoRecord>
            <colonnaDato>nm_attrib_dati_spec</colonnaDato>
            <labelDato>Dato specifico</labelDato>
            <valoreDato>null</valoreDato>
          </datoRecord>
        </child>
      </recordChild>
    </child>
    <child>
      <idRecord>1809</idRecord>
      <keyRecord>
        <datoKey>
          <colonnaKey>nm_tipo_doc</colonnaKey>
          <labelKey>Tipo documento principale</labelKey>
          <valoreKey>TipoDocumento test reload</valoreKey>
        </datoKey>
        <datoKey>
          <colonnaKey>dt_istituz</colonnaKey>
          <labelKey>Data istituzione</labelKey>
          <valoreKey>12/02/2015</valoreKey>
        </datoKey>
      </keyRecord>
      <datoRecord>
        <colonnaDato>dt_soppres</colonnaDato>
        <labelDato>Data soppressione</labelDato>
        <valoreDato>31/12/2444</valoreDato>
      </datoRecord>
      <recordChild>
        <tipoRecord>Campo per partizionamento</tipoRecord>
        <child>
          <idRecord>1120</idRecord>
          <keyRecord>
            <datoKey>
              <colonnaKey>ti_campo</colonnaKey>
              <labelKey>Tipo campo</labelKey>
              <valoreKey>SUB_STRUT</valoreKey>
            </datoKey>
            <datoKey>
              <colonnaKey>nm_campo</colonnaKey>
              <labelKey>Nome campo</labelKey>
              <valoreKey>SUB_STRUTTURA</valoreKey>
            </datoKey>
          </keyRecord>
          <datoRecord>
            <colonnaDato>nm_sub_strut</colonnaDato>
            <labelDato>Sottostruttura</labelDato>
            <valoreDato>DEFAULT</valoreDato>
          </datoRecord>
          <datoRecord>
            <colonnaDato>nm_attrib_dati_spec</colonnaDato>
            <labelDato>Dato specifico</labelDato>
            <valoreDato>null</valoreDato>
          </datoRecord>
        </child>
      </recordChild>
    </child>
    <child>
      <idRecord>1808</idRecord>
      <keyRecord>
        <datoKey>
          <colonnaKey>nm_tipo_doc</colonnaKey>
          <labelKey>Tipo documento principale</labelKey>
          <valoreKey>TipoDocumento test reload</valoreKey>
        </datoKey>
        <datoKey>
          <colonnaKey>dt_istituz</colonnaKey>
          <labelKey>Data istituzione</labelKey>
          <valoreKey>12/02/2015</valoreKey>
        </datoKey>
      </keyRecord>
      <datoRecord>
        <colonnaDato>dt_soppres</colonnaDato>
        <labelDato>Data soppressione</labelDato>
        <valoreDato>31/12/2444</valoreDato>
      </datoRecord>
      <recordChild>
        <tipoRecord>Campo per partizionamento</tipoRecord>
        <child>
          <idRecord>1119</idRecord>
          <keyRecord>
            <datoKey>
              <colonnaKey>ti_campo</colonnaKey>
              <labelKey>Tipo campo</labelKey>
              <valoreKey>SUB_STRUT</valoreKey>
            </datoKey>
            <datoKey>
              <colonnaKey>nm_campo</colonnaKey>
              <labelKey>Nome campo</labelKey>
              <valoreKey>SUB_STRUTTURA</valoreKey>
            </datoKey>
          </keyRecord>
          <datoRecord>
            <colonnaDato>nm_sub_strut</colonnaDato>
            <labelDato>Sottostruttura</labelDato>
            <valoreDato>DEFAULT</valoreDato>
          </datoRecord>
          <datoRecord>
            <colonnaDato>nm_attrib_dati_spec</colonnaDato>
            <labelDato>Dato specifico</labelDato>
            <valoreDato>null</valoreDato>
          </datoRecord>
        </child>
      </recordChild>
    </child>
    <child>
      <idRecord>489</idRecord>
      <keyRecord>
        <datoKey>
          <colonnaKey>nm_tipo_doc</colonnaKey>
          <labelKey>Tipo documento principale</labelKey>
          <valoreKey>TipoFilePrinc</valoreKey>
        </datoKey>
        <datoKey>
          <colonnaKey>dt_istituz</colonnaKey>
          <labelKey>Data istituzione</labelKey>
          <valoreKey>10/11/2014</valoreKey>
        </datoKey>
      </keyRecord>
      <datoRecord>
        <colonnaDato>dt_soppres</colonnaDato>
        <labelDato>Data soppressione</labelDato>
        <valoreDato>31/12/2444</valoreDato>
      </datoRecord>
      <recordChild>
        <tipoRecord>Campo per partizionamento</tipoRecord>
        <child>
          <idRecord>233</idRecord>
          <keyRecord>
            <datoKey>
              <colonnaKey>ti_campo</colonnaKey>
              <labelKey>Tipo campo</labelKey>
              <valoreKey>SUB_STRUT</valoreKey>
            </datoKey>
            <datoKey>
              <colonnaKey>nm_campo</colonnaKey>
              <labelKey>Nome campo</labelKey>
              <valoreKey>SUB_STRUTTURA</valoreKey>
            </datoKey>
          </keyRecord>
          <datoRecord>
            <colonnaDato>nm_sub_strut</colonnaDato>
            <labelDato>Sottostruttura</labelDato>
            <valoreDato>DEFAULT</valoreDato>
          </datoRecord>
          <datoRecord>
            <colonnaDato>nm_attrib_dati_spec</colonnaDato>
            <labelDato>Dato specifico</labelDato>
            <valoreDato>null</valoreDato>
          </datoRecord>
        </child>
      </recordChild>
    </child>
    <child>
      <idRecord>535</idRecord>
      <keyRecord>
        <datoKey>
          <colonnaKey>nm_tipo_doc</colonnaKey>
          <labelKey>Tipo documento principale</labelKey>
          <valoreKey>TipoFilePrinc</valoreKey>
        </datoKey>
        <datoKey>
          <colonnaKey>dt_istituz</colonnaKey>
          <labelKey>Data istituzione</labelKey>
          <valoreKey>10/11/2014</valoreKey>
        </datoKey>
      </keyRecord>
      <datoRecord>
        <colonnaDato>dt_soppres</colonnaDato>
        <labelDato>Data soppressione</labelDato>
        <valoreDato>31/12/2444</valoreDato>
      </datoRecord>
      <recordChild>
        <tipoRecord>Campo per partizionamento</tipoRecord>
        <child>
          <idRecord>279</idRecord>
          <keyRecord>
            <datoKey>
              <colonnaKey>ti_campo</colonnaKey>
              <labelKey>Tipo campo</labelKey>
              <valoreKey>SUB_STRUT</valoreKey>
            </datoKey>
            <datoKey>
              <colonnaKey>nm_campo</colonnaKey>
              <labelKey>Nome campo</labelKey>
              <valoreKey>SUB_STRUTTURA</valoreKey>
            </datoKey>
          </keyRecord>
          <datoRecord>
            <colonnaDato>nm_sub_strut</colonnaDato>
            <labelDato>Sottostruttura</labelDato>
            <valoreDato>DEFAULT</valoreDato>
          </datoRecord>
          <datoRecord>
            <colonnaDato>nm_attrib_dati_spec</colonnaDato>
            <labelDato>Dato specifico</labelDato>
            <valoreDato>null</valoreDato>
          </datoRecord>
        </child>
      </recordChild>
    </child>
    <child>
      <idRecord>517</idRecord>
      <keyRecord>
        <datoKey>
          <colonnaKey>nm_tipo_doc</colonnaKey>
          <labelKey>Tipo documento principale</labelKey>
          <valoreKey>TipoFilePrinc</valoreKey>
        </datoKey>
        <datoKey>
          <colonnaKey>dt_istituz</colonnaKey>
          <labelKey>Data istituzione</labelKey>
          <valoreKey>10/11/2014</valoreKey>
        </datoKey>
      </keyRecord>
      <datoRecord>
        <colonnaDato>dt_soppres</colonnaDato>
        <labelDato>Data soppressione</labelDato>
        <valoreDato>31/12/2444</valoreDato>
      </datoRecord>
      <recordChild>
        <tipoRecord>Campo per partizionamento</tipoRecord>
        <child>
          <idRecord>261</idRecord>
          <keyRecord>
            <datoKey>
              <colonnaKey>ti_campo</colonnaKey>
              <labelKey>Tipo campo</labelKey>
              <valoreKey>SUB_STRUT</valoreKey>
            </datoKey>
            <datoKey>
              <colonnaKey>nm_campo</colonnaKey>
              <labelKey>Nome campo</labelKey>
              <valoreKey>SUB_STRUTTURA</valoreKey>
            </datoKey>
          </keyRecord>
          <datoRecord>
            <colonnaDato>nm_sub_strut</colonnaDato>
            <labelDato>Sottostruttura</labelDato>
            <valoreDato>DEFAULT</valoreDato>
          </datoRecord>
          <datoRecord>
            <colonnaDato>nm_attrib_dati_spec</colonnaDato>
            <labelDato>Dato specifico</labelDato>
            <valoreDato>null</valoreDato>
          </datoRecord>
        </child>
      </recordChild>
    </child>
    <child>
      <idRecord>937</idRecord>
      <keyRecord>
        <datoKey>
          <colonnaKey>nm_tipo_doc</colonnaKey>
          <labelKey>Tipo documento principale</labelKey>
          <valoreKey>VARIAZIONE_MANDATO</valoreKey>
        </datoKey>
        <datoKey>
          <colonnaKey>dt_istituz</colonnaKey>
          <labelKey>Data istituzione</labelKey>
          <valoreKey>19/01/2015</valoreKey>
        </datoKey>
      </keyRecord>
      <datoRecord>
        <colonnaDato>dt_soppres</colonnaDato>
        <labelDato>Data soppressione</labelDato>
        <valoreDato>31/12/2444</valoreDato>
      </datoRecord>
      <recordChild>
        <tipoRecord>Campo per partizionamento</tipoRecord>
        <child>
          <idRecord>617</idRecord>
          <keyRecord>
            <datoKey>
              <colonnaKey>ti_campo</colonnaKey>
              <labelKey>Tipo campo</labelKey>
              <valoreKey>SUB_STRUT</valoreKey>
            </datoKey>
            <datoKey>
              <colonnaKey>nm_campo</colonnaKey>
              <labelKey>Nome campo</labelKey>
              <valoreKey>SUB_STRUTTURA</valoreKey>
            </datoKey>
          </keyRecord>
          <datoRecord>
            <colonnaDato>nm_sub_strut</colonnaDato>
            <labelDato>Sottostruttura</labelDato>
            <valoreDato>DEFAULT</valoreDato>
          </datoRecord>
          <datoRecord>
            <colonnaDato>nm_attrib_dati_spec</colonnaDato>
            <labelDato>Dato specifico</labelDato>
            <valoreDato>null</valoreDato>
          </datoRecord>
        </child>
      </recordChild>
    </child>
    <child>
      <idRecord>1964</idRecord>
      <keyRecord>
        <datoKey>
          <colonnaKey>nm_tipo_doc</colonnaKey>
          <labelKey>Tipo documento principale</labelKey>
          <valoreKey>VARIAZIONE_MANDATO</valoreKey>
        </datoKey>
        <datoKey>
          <colonnaKey>dt_istituz</colonnaKey>
          <labelKey>Data istituzione</labelKey>
          <valoreKey>12/02/2015</valoreKey>
        </datoKey>
      </keyRecord>
      <datoRecord>
        <colonnaDato>dt_soppres</colonnaDato>
        <labelDato>Data soppressione</labelDato>
        <valoreDato>31/12/2444</valoreDato>
      </datoRecord>
      <recordChild>
        <tipoRecord>Campo per partizionamento</tipoRecord>
        <child>
          <idRecord>1275</idRecord>
          <keyRecord>
            <datoKey>
              <colonnaKey>ti_campo</colonnaKey>
              <labelKey>Tipo campo</labelKey>
              <valoreKey>SUB_STRUT</valoreKey>
            </datoKey>
            <datoKey>
              <colonnaKey>nm_campo</colonnaKey>
              <labelKey>Nome campo</labelKey>
              <valoreKey>SUB_STRUTTURA</valoreKey>
            </datoKey>
          </keyRecord>
          <datoRecord>
            <colonnaDato>nm_sub_strut</colonnaDato>
            <labelDato>Sottostruttura</labelDato>
            <valoreDato>DEFAULT</valoreDato>
          </datoRecord>
          <datoRecord>
            <colonnaDato>nm_attrib_dati_spec</colonnaDato>
            <labelDato>Dato specifico</labelDato>
            <valoreDato>null</valoreDato>
          </datoRecord>
        </child>
      </recordChild>
    </child>
    <child>
      <idRecord>1963</idRecord>
      <keyRecord>
        <datoKey>
          <colonnaKey>nm_tipo_doc</colonnaKey>
          <labelKey>Tipo documento principale</labelKey>
          <valoreKey>VARIAZIONE_MANDATO</valoreKey>
        </datoKey>
        <datoKey>
          <colonnaKey>dt_istituz</colonnaKey>
          <labelKey>Data istituzione</labelKey>
          <valoreKey>12/02/2015</valoreKey>
        </datoKey>
      </keyRecord>
      <datoRecord>
        <colonnaDato>dt_soppres</colonnaDato>
        <labelDato>Data soppressione</labelDato>
        <valoreDato>31/12/2444</valoreDato>
      </datoRecord>
      <recordChild>
        <tipoRecord>Campo per partizionamento</tipoRecord>
        <child>
          <idRecord>1274</idRecord>
          <keyRecord>
            <datoKey>
              <colonnaKey>ti_campo</colonnaKey>
              <labelKey>Tipo campo</labelKey>
              <valoreKey>SUB_STRUT</valoreKey>
            </datoKey>
            <datoKey>
              <colonnaKey>nm_campo</colonnaKey>
              <labelKey>Nome campo</labelKey>
              <valoreKey>SUB_STRUTTURA</valoreKey>
            </datoKey>
          </keyRecord>
          <datoRecord>
            <colonnaDato>nm_sub_strut</colonnaDato>
            <labelDato>Sottostruttura</labelDato>
            <valoreDato>DEFAULT</valoreDato>
          </datoRecord>
          <datoRecord>
            <colonnaDato>nm_attrib_dati_spec</colonnaDato>
            <labelDato>Dato specifico</labelDato>
            <valoreDato>null</valoreDato>
          </datoRecord>
        </child>
      </recordChild>
    </child>
    <child>
      <idRecord>1962</idRecord>
      <keyRecord>
        <datoKey>
          <colonnaKey>nm_tipo_doc</colonnaKey>
          <labelKey>Tipo documento principale</labelKey>
          <valoreKey>VARIAZIONE_MANDATO</valoreKey>
        </datoKey>
        <datoKey>
          <colonnaKey>dt_istituz</colonnaKey>
          <labelKey>Data istituzione</labelKey>
          <valoreKey>12/02/2015</valoreKey>
        </datoKey>
      </keyRecord>
      <datoRecord>
        <colonnaDato>dt_soppres</colonnaDato>
        <labelDato>Data soppressione</labelDato>
        <valoreDato>31/12/2444</valoreDato>
      </datoRecord>
      <recordChild>
        <tipoRecord>Campo per partizionamento</tipoRecord>
        <child>
          <idRecord>1273</idRecord>
          <keyRecord>
            <datoKey>
              <colonnaKey>ti_campo</colonnaKey>
              <labelKey>Tipo campo</labelKey>
              <valoreKey>SUB_STRUT</valoreKey>
            </datoKey>
            <datoKey>
              <colonnaKey>nm_campo</colonnaKey>
              <labelKey>Nome campo</labelKey>
              <valoreKey>SUB_STRUTTURA</valoreKey>
            </datoKey>
          </keyRecord>
          <datoRecord>
            <colonnaDato>nm_sub_strut</colonnaDato>
            <labelDato>Sottostruttura</labelDato>
            <valoreDato>DEFAULT</valoreDato>
          </datoRecord>
          <datoRecord>
            <colonnaDato>nm_attrib_dati_spec</colonnaDato>
            <labelDato>Dato specifico</labelDato>
            <valoreDato>null</valoreDato>
          </datoRecord>
        </child>
      </recordChild>
    </child>
    <child>
      <idRecord>528</idRecord>
      <keyRecord>
        <datoKey>
          <colonnaKey>nm_tipo_doc</colonnaKey>
          <labelKey>Tipo documento principale</labelKey>
          <valoreKey>VARIAZIONE_MANDATO</valoreKey>
        </datoKey>
        <datoKey>
          <colonnaKey>dt_istituz</colonnaKey>
          <labelKey>Data istituzione</labelKey>
          <valoreKey>10/11/2014</valoreKey>
        </datoKey>
      </keyRecord>
      <datoRecord>
        <colonnaDato>dt_soppres</colonnaDato>
        <labelDato>Data soppressione</labelDato>
        <valoreDato>31/12/2444</valoreDato>
      </datoRecord>
      <recordChild>
        <tipoRecord>Campo per partizionamento</tipoRecord>
        <child>
          <idRecord>272</idRecord>
          <keyRecord>
            <datoKey>
              <colonnaKey>ti_campo</colonnaKey>
              <labelKey>Tipo campo</labelKey>
              <valoreKey>SUB_STRUT</valoreKey>
            </datoKey>
            <datoKey>
              <colonnaKey>nm_campo</colonnaKey>
              <labelKey>Nome campo</labelKey>
              <valoreKey>SUB_STRUTTURA</valoreKey>
            </datoKey>
          </keyRecord>
          <datoRecord>
            <colonnaDato>nm_sub_strut</colonnaDato>
            <labelDato>Sottostruttura</labelDato>
            <valoreDato>DEFAULT</valoreDato>
          </datoRecord>
          <datoRecord>
            <colonnaDato>nm_attrib_dati_spec</colonnaDato>
            <labelDato>Dato specifico</labelDato>
            <valoreDato>null</valoreDato>
          </datoRecord>
        </child>
      </recordChild>
    </child>
    <child>
      <idRecord>2213</idRecord>
      <keyRecord>
        <datoKey>
          <colonnaKey>nm_tipo_doc</colonnaKey>
          <labelKey>Tipo documento principale</labelKey>
          <valoreKey>VARIAZIONE_MANDATO</valoreKey>
        </datoKey>
        <datoKey>
          <colonnaKey>dt_istituz</colonnaKey>
          <labelKey>Data istituzione</labelKey>
          <valoreKey>12/02/2015</valoreKey>
        </datoKey>
      </keyRecord>
      <datoRecord>
        <colonnaDato>dt_soppres</colonnaDato>
        <labelDato>Data soppressione</labelDato>
        <valoreDato>31/12/2444</valoreDato>
      </datoRecord>
      <recordChild>
        <tipoRecord>Campo per partizionamento</tipoRecord>
        <child>
          <idRecord>856</idRecord>
          <keyRecord>
            <datoKey>
              <colonnaKey>ti_campo</colonnaKey>
              <labelKey>Tipo campo</labelKey>
              <valoreKey>SUB_STRUT</valoreKey>
            </datoKey>
            <datoKey>
              <colonnaKey>nm_campo</colonnaKey>
              <labelKey>Nome campo</labelKey>
              <valoreKey>SUB_STRUTTURA</valoreKey>
            </datoKey>
          </keyRecord>
          <datoRecord>
            <colonnaDato>nm_sub_strut</colonnaDato>
            <labelDato>Sottostruttura</labelDato>
            <valoreDato>DEFAULT</valoreDato>
          </datoRecord>
          <datoRecord>
            <colonnaDato>nm_attrib_dati_spec</colonnaDato>
            <labelDato>Dato specifico</labelDato>
            <valoreDato>null</valoreDato>
          </datoRecord>
        </child>
      </recordChild>
    </child>
    <child>
      <idRecord>2212</idRecord>
      <keyRecord>
        <datoKey>
          <colonnaKey>nm_tipo_doc</colonnaKey>
          <labelKey>Tipo documento principale</labelKey>
          <valoreKey>VARIAZIONE_MANDATO</valoreKey>
        </datoKey>
        <datoKey>
          <colonnaKey>dt_istituz</colonnaKey>
          <labelKey>Data istituzione</labelKey>
          <valoreKey>12/02/2015</valoreKey>
        </datoKey>
      </keyRecord>
      <datoRecord>
        <colonnaDato>dt_soppres</colonnaDato>
        <labelDato>Data soppressione</labelDato>
        <valoreDato>31/12/2444</valoreDato>
      </datoRecord>
      <recordChild>
        <tipoRecord>Campo per partizionamento</tipoRecord>
        <child>
          <idRecord>855</idRecord>
          <keyRecord>
            <datoKey>
              <colonnaKey>ti_campo</colonnaKey>
              <labelKey>Tipo campo</labelKey>
              <valoreKey>SUB_STRUT</valoreKey>
            </datoKey>
            <datoKey>
              <colonnaKey>nm_campo</colonnaKey>
              <labelKey>Nome campo</labelKey>
              <valoreKey>SUB_STRUTTURA</valoreKey>
            </datoKey>
          </keyRecord>
          <datoRecord>
            <colonnaDato>nm_sub_strut</colonnaDato>
            <labelDato>Sottostruttura</labelDato>
            <valoreDato>DEFAULT</valoreDato>
          </datoRecord>
          <datoRecord>
            <colonnaDato>nm_attrib_dati_spec</colonnaDato>
            <labelDato>Dato specifico</labelDato>
            <valoreDato>null</valoreDato>
          </datoRecord>
        </child>
      </recordChild>
    </child>
    <child>
      <idRecord>2211</idRecord>
      <keyRecord>
        <datoKey>
          <colonnaKey>nm_tipo_doc</colonnaKey>
          <labelKey>Tipo documento principale</labelKey>
          <valoreKey>VARIAZIONE_MANDATO</valoreKey>
        </datoKey>
        <datoKey>
          <colonnaKey>dt_istituz</colonnaKey>
          <labelKey>Data istituzione</labelKey>
          <valoreKey>12/02/2015</valoreKey>
        </datoKey>
      </keyRecord>
      <datoRecord>
        <colonnaDato>dt_soppres</colonnaDato>
        <labelDato>Data soppressione</labelDato>
        <valoreDato>31/12/2444</valoreDato>
      </datoRecord>
      <recordChild>
        <tipoRecord>Campo per partizionamento</tipoRecord>
        <child>
          <idRecord>854</idRecord>
          <keyRecord>
            <datoKey>
              <colonnaKey>ti_campo</colonnaKey>
              <labelKey>Tipo campo</labelKey>
              <valoreKey>SUB_STRUT</valoreKey>
            </datoKey>
            <datoKey>
              <colonnaKey>nm_campo</colonnaKey>
              <labelKey>Nome campo</labelKey>
              <valoreKey>SUB_STRUTTURA</valoreKey>
            </datoKey>
          </keyRecord>
          <datoRecord>
            <colonnaDato>nm_sub_strut</colonnaDato>
            <labelDato>Sottostruttura</labelDato>
            <valoreDato>DEFAULT</valoreDato>
          </datoRecord>
          <datoRecord>
            <colonnaDato>nm_attrib_dati_spec</colonnaDato>
            <labelDato>Dato specifico</labelDato>
            <valoreDato>null</valoreDato>
          </datoRecord>
        </child>
      </recordChild>
    </child>
    <child>
      <idRecord>2210</idRecord>
      <keyRecord>
        <datoKey>
          <colonnaKey>nm_tipo_doc</colonnaKey>
          <labelKey>Tipo documento principale</labelKey>
          <valoreKey>VARIAZIONE_MANDATO</valoreKey>
        </datoKey>
        <datoKey>
          <colonnaKey>dt_istituz</colonnaKey>
          <labelKey>Data istituzione</labelKey>
          <valoreKey>12/02/2015</valoreKey>
        </datoKey>
      </keyRecord>
      <datoRecord>
        <colonnaDato>dt_soppres</colonnaDato>
        <labelDato>Data soppressione</labelDato>
        <valoreDato>31/12/2444</valoreDato>
      </datoRecord>
      <recordChild>
        <tipoRecord>Campo per partizionamento</tipoRecord>
        <child>
          <idRecord>853</idRecord>
          <keyRecord>
            <datoKey>
              <colonnaKey>ti_campo</colonnaKey>
              <labelKey>Tipo campo</labelKey>
              <valoreKey>SUB_STRUT</valoreKey>
            </datoKey>
            <datoKey>
              <colonnaKey>nm_campo</colonnaKey>
              <labelKey>Nome campo</labelKey>
              <valoreKey>SUB_STRUTTURA</valoreKey>
            </datoKey>
          </keyRecord>
          <datoRecord>
            <colonnaDato>nm_sub_strut</colonnaDato>
            <labelDato>Sottostruttura</labelDato>
            <valoreDato>DEFAULT</valoreDato>
          </datoRecord>
          <datoRecord>
            <colonnaDato>nm_attrib_dati_spec</colonnaDato>
            <labelDato>Dato specifico</labelDato>
            <valoreDato>null</valoreDato>
          </datoRecord>
        </child>
      </recordChild>
    </child>
    <child>
      <idRecord>2209</idRecord>
      <keyRecord>
        <datoKey>
          <colonnaKey>nm_tipo_doc</colonnaKey>
          <labelKey>Tipo documento principale</labelKey>
          <valoreKey>VARIAZIONE_MANDATO</valoreKey>
        </datoKey>
        <datoKey>
          <colonnaKey>dt_istituz</colonnaKey>
          <labelKey>Data istituzione</labelKey>
          <valoreKey>12/02/2015</valoreKey>
        </datoKey>
      </keyRecord>
      <datoRecord>
        <colonnaDato>dt_soppres</colonnaDato>
        <labelDato>Data soppressione</labelDato>
        <valoreDato>31/12/2444</valoreDato>
      </datoRecord>
      <recordChild>
        <tipoRecord>Campo per partizionamento</tipoRecord>
        <child>
          <idRecord>852</idRecord>
          <keyRecord>
            <datoKey>
              <colonnaKey>ti_campo</colonnaKey>
              <labelKey>Tipo campo</labelKey>
              <valoreKey>SUB_STRUT</valoreKey>
            </datoKey>
            <datoKey>
              <colonnaKey>nm_campo</colonnaKey>
              <labelKey>Nome campo</labelKey>
              <valoreKey>SUB_STRUTTURA</valoreKey>
            </datoKey>
          </keyRecord>
          <datoRecord>
            <colonnaDato>nm_sub_strut</colonnaDato>
            <labelDato>Sottostruttura</labelDato>
            <valoreDato>DEFAULT</valoreDato>
          </datoRecord>
          <datoRecord>
            <colonnaDato>nm_attrib_dati_spec</colonnaDato>
            <labelDato>Dato specifico</labelDato>
            <valoreDato>null</valoreDato>
          </datoRecord>
        </child>
      </recordChild>
    </child>
    <child>
      <idRecord>2208</idRecord>
      <keyRecord>
        <datoKey>
          <colonnaKey>nm_tipo_doc</colonnaKey>
          <labelKey>Tipo documento principale</labelKey>
          <valoreKey>VARIAZIONE_MANDATO</valoreKey>
        </datoKey>
        <datoKey>
          <colonnaKey>dt_istituz</colonnaKey>
          <labelKey>Data istituzione</labelKey>
          <valoreKey>12/02/2015</valoreKey>
        </datoKey>
      </keyRecord>
      <datoRecord>
        <colonnaDato>dt_soppres</colonnaDato>
        <labelDato>Data soppressione</labelDato>
        <valoreDato>31/12/2444</valoreDato>
      </datoRecord>
      <recordChild>
        <tipoRecord>Campo per partizionamento</tipoRecord>
        <child>
          <idRecord>851</idRecord>
          <keyRecord>
            <datoKey>
              <colonnaKey>ti_campo</colonnaKey>
              <labelKey>Tipo campo</labelKey>
              <valoreKey>SUB_STRUT</valoreKey>
            </datoKey>
            <datoKey>
              <colonnaKey>nm_campo</colonnaKey>
              <labelKey>Nome campo</labelKey>
              <valoreKey>SUB_STRUTTURA</valoreKey>
            </datoKey>
          </keyRecord>
          <datoRecord>
            <colonnaDato>nm_sub_strut</colonnaDato>
            <labelDato>Sottostruttura</labelDato>
            <valoreDato>DEFAULT</valoreDato>
          </datoRecord>
          <datoRecord>
            <colonnaDato>nm_attrib_dati_spec</colonnaDato>
            <labelDato>Dato specifico</labelDato>
            <valoreDato>null</valoreDato>
          </datoRecord>
        </child>
      </recordChild>
    </child>
    <child>
      <idRecord>2207</idRecord>
      <keyRecord>
        <datoKey>
          <colonnaKey>nm_tipo_doc</colonnaKey>
          <labelKey>Tipo documento principale</labelKey>
          <valoreKey>VARIAZIONE_MANDATO</valoreKey>
        </datoKey>
        <datoKey>
          <colonnaKey>dt_istituz</colonnaKey>
          <labelKey>Data istituzione</labelKey>
          <valoreKey>12/02/2015</valoreKey>
        </datoKey>
      </keyRecord>
      <datoRecord>
        <colonnaDato>dt_soppres</colonnaDato>
        <labelDato>Data soppressione</labelDato>
        <valoreDato>31/12/2444</valoreDato>
      </datoRecord>
      <recordChild>
        <tipoRecord>Campo per partizionamento</tipoRecord>
        <child>
          <idRecord>850</idRecord>
          <keyRecord>
            <datoKey>
              <colonnaKey>ti_campo</colonnaKey>
              <labelKey>Tipo campo</labelKey>
              <valoreKey>SUB_STRUT</valoreKey>
            </datoKey>
            <datoKey>
              <colonnaKey>nm_campo</colonnaKey>
              <labelKey>Nome campo</labelKey>
              <valoreKey>SUB_STRUTTURA</valoreKey>
            </datoKey>
          </keyRecord>
          <datoRecord>
            <colonnaDato>nm_sub_strut</colonnaDato>
            <labelDato>Sottostruttura</labelDato>
            <valoreDato>DEFAULT</valoreDato>
          </datoRecord>
          <datoRecord>
            <colonnaDato>nm_attrib_dati_spec</colonnaDato>
            <labelDato>Dato specifico</labelDato>
            <valoreDato>null</valoreDato>
          </datoRecord>
        </child>
      </recordChild>
    </child>
    <child>
      <idRecord>2206</idRecord>
      <keyRecord>
        <datoKey>
          <colonnaKey>nm_tipo_doc</colonnaKey>
          <labelKey>Tipo documento principale</labelKey>
          <valoreKey>VARIAZIONE_MANDATO</valoreKey>
        </datoKey>
        <datoKey>
          <colonnaKey>dt_istituz</colonnaKey>
          <labelKey>Data istituzione</labelKey>
          <valoreKey>12/02/2015</valoreKey>
        </datoKey>
      </keyRecord>
      <datoRecord>
        <colonnaDato>dt_soppres</colonnaDato>
        <labelDato>Data soppressione</labelDato>
        <valoreDato>31/12/2444</valoreDato>
      </datoRecord>
      <recordChild>
        <tipoRecord>Campo per partizionamento</tipoRecord>
        <child>
          <idRecord>849</idRecord>
          <keyRecord>
            <datoKey>
              <colonnaKey>ti_campo</colonnaKey>
              <labelKey>Tipo campo</labelKey>
              <valoreKey>SUB_STRUT</valoreKey>
            </datoKey>
            <datoKey>
              <colonnaKey>nm_campo</colonnaKey>
              <labelKey>Nome campo</labelKey>
              <valoreKey>SUB_STRUTTURA</valoreKey>
            </datoKey>
          </keyRecord>
          <datoRecord>
            <colonnaDato>nm_sub_strut</colonnaDato>
            <labelDato>Sottostruttura</labelDato>
            <valoreDato>DEFAULT</valoreDato>
          </datoRecord>
          <datoRecord>
            <colonnaDato>nm_attrib_dati_spec</colonnaDato>
            <labelDato>Dato specifico</labelDato>
            <valoreDato>null</valoreDato>
          </datoRecord>
        </child>
      </recordChild>
    </child>
    <child>
      <idRecord>2205</idRecord>
      <keyRecord>
        <datoKey>
          <colonnaKey>nm_tipo_doc</colonnaKey>
          <labelKey>Tipo documento principale</labelKey>
          <valoreKey>VARIAZIONE_MANDATO</valoreKey>
        </datoKey>
        <datoKey>
          <colonnaKey>dt_istituz</colonnaKey>
          <labelKey>Data istituzione</labelKey>
          <valoreKey>12/02/2015</valoreKey>
        </datoKey>
      </keyRecord>
      <datoRecord>
        <colonnaDato>dt_soppres</colonnaDato>
        <labelDato>Data soppressione</labelDato>
        <valoreDato>31/12/2444</valoreDato>
      </datoRecord>
      <recordChild>
        <tipoRecord>Campo per partizionamento</tipoRecord>
        <child>
          <idRecord>848</idRecord>
          <keyRecord>
            <datoKey>
              <colonnaKey>ti_campo</colonnaKey>
              <labelKey>Tipo campo</labelKey>
              <valoreKey>SUB_STRUT</valoreKey>
            </datoKey>
            <datoKey>
              <colonnaKey>nm_campo</colonnaKey>
              <labelKey>Nome campo</labelKey>
              <valoreKey>SUB_STRUTTURA</valoreKey>
            </datoKey>
          </keyRecord>
          <datoRecord>
            <colonnaDato>nm_sub_strut</colonnaDato>
            <labelDato>Sottostruttura</labelDato>
            <valoreDato>DEFAULT</valoreDato>
          </datoRecord>
          <datoRecord>
            <colonnaDato>nm_attrib_dati_spec</colonnaDato>
            <labelDato>Dato specifico</labelDato>
            <valoreDato>null</valoreDato>
          </datoRecord>
        </child>
      </recordChild>
    </child>
    <child>
      <idRecord>2204</idRecord>
      <keyRecord>
        <datoKey>
          <colonnaKey>nm_tipo_doc</colonnaKey>
          <labelKey>Tipo documento principale</labelKey>
          <valoreKey>VARIAZIONE_MANDATO</valoreKey>
        </datoKey>
        <datoKey>
          <colonnaKey>dt_istituz</colonnaKey>
          <labelKey>Data istituzione</labelKey>
          <valoreKey>12/02/2015</valoreKey>
        </datoKey>
      </keyRecord>
      <datoRecord>
        <colonnaDato>dt_soppres</colonnaDato>
        <labelDato>Data soppressione</labelDato>
        <valoreDato>31/12/2444</valoreDato>
      </datoRecord>
      <recordChild>
        <tipoRecord>Campo per partizionamento</tipoRecord>
        <child>
          <idRecord>847</idRecord>
          <keyRecord>
            <datoKey>
              <colonnaKey>ti_campo</colonnaKey>
              <labelKey>Tipo campo</labelKey>
              <valoreKey>SUB_STRUT</valoreKey>
            </datoKey>
            <datoKey>
              <colonnaKey>nm_campo</colonnaKey>
              <labelKey>Nome campo</labelKey>
              <valoreKey>SUB_STRUTTURA</valoreKey>
            </datoKey>
          </keyRecord>
          <datoRecord>
            <colonnaDato>nm_sub_strut</colonnaDato>
            <labelDato>Sottostruttura</labelDato>
            <valoreDato>DEFAULT</valoreDato>
          </datoRecord>
          <datoRecord>
            <colonnaDato>nm_attrib_dati_spec</colonnaDato>
            <labelDato>Dato specifico</labelDato>
            <valoreDato>null</valoreDato>
          </datoRecord>
        </child>
      </recordChild>
    </child>
    <child>
      <idRecord>2203</idRecord>
      <keyRecord>
        <datoKey>
          <colonnaKey>nm_tipo_doc</colonnaKey>
          <labelKey>Tipo documento principale</labelKey>
          <valoreKey>VARIAZIONE_MANDATO</valoreKey>
        </datoKey>
        <datoKey>
          <colonnaKey>dt_istituz</colonnaKey>
          <labelKey>Data istituzione</labelKey>
          <valoreKey>12/02/2015</valoreKey>
        </datoKey>
      </keyRecord>
      <datoRecord>
        <colonnaDato>dt_soppres</colonnaDato>
        <labelDato>Data soppressione</labelDato>
        <valoreDato>31/12/2444</valoreDato>
      </datoRecord>
      <recordChild>
        <tipoRecord>Campo per partizionamento</tipoRecord>
        <child>
          <idRecord>846</idRecord>
          <keyRecord>
            <datoKey>
              <colonnaKey>ti_campo</colonnaKey>
              <labelKey>Tipo campo</labelKey>
              <valoreKey>SUB_STRUT</valoreKey>
            </datoKey>
            <datoKey>
              <colonnaKey>nm_campo</colonnaKey>
              <labelKey>Nome campo</labelKey>
              <valoreKey>SUB_STRUTTURA</valoreKey>
            </datoKey>
          </keyRecord>
          <datoRecord>
            <colonnaDato>nm_sub_strut</colonnaDato>
            <labelDato>Sottostruttura</labelDato>
            <valoreDato>DEFAULT</valoreDato>
          </datoRecord>
          <datoRecord>
            <colonnaDato>nm_attrib_dati_spec</colonnaDato>
            <labelDato>Dato specifico</labelDato>
            <valoreDato>null</valoreDato>
          </datoRecord>
        </child>
      </recordChild>
    </child>
    <child>
      <idRecord>2202</idRecord>
      <keyRecord>
        <datoKey>
          <colonnaKey>nm_tipo_doc</colonnaKey>
          <labelKey>Tipo documento principale</labelKey>
          <valoreKey>VARIAZIONE_MANDATO</valoreKey>
        </datoKey>
        <datoKey>
          <colonnaKey>dt_istituz</colonnaKey>
          <labelKey>Data istituzione</labelKey>
          <valoreKey>12/02/2015</valoreKey>
        </datoKey>
      </keyRecord>
      <datoRecord>
        <colonnaDato>dt_soppres</colonnaDato>
        <labelDato>Data soppressione</labelDato>
        <valoreDato>31/12/2444</valoreDato>
      </datoRecord>
      <recordChild>
        <tipoRecord>Campo per partizionamento</tipoRecord>
        <child>
          <idRecord>845</idRecord>
          <keyRecord>
            <datoKey>
              <colonnaKey>ti_campo</colonnaKey>
              <labelKey>Tipo campo</labelKey>
              <valoreKey>SUB_STRUT</valoreKey>
            </datoKey>
            <datoKey>
              <colonnaKey>nm_campo</colonnaKey>
              <labelKey>Nome campo</labelKey>
              <valoreKey>SUB_STRUTTURA</valoreKey>
            </datoKey>
          </keyRecord>
          <datoRecord>
            <colonnaDato>nm_sub_strut</colonnaDato>
            <labelDato>Sottostruttura</labelDato>
            <valoreDato>DEFAULT</valoreDato>
          </datoRecord>
          <datoRecord>
            <colonnaDato>nm_attrib_dati_spec</colonnaDato>
            <labelDato>Dato specifico</labelDato>
            <valoreDato>null</valoreDato>
          </datoRecord>
        </child>
      </recordChild>
    </child>
    <child>
      <idRecord>2201</idRecord>
      <keyRecord>
        <datoKey>
          <colonnaKey>nm_tipo_doc</colonnaKey>
          <labelKey>Tipo documento principale</labelKey>
          <valoreKey>VARIAZIONE_MANDATO</valoreKey>
        </datoKey>
        <datoKey>
          <colonnaKey>dt_istituz</colonnaKey>
          <labelKey>Data istituzione</labelKey>
          <valoreKey>12/02/2015</valoreKey>
        </datoKey>
      </keyRecord>
      <datoRecord>
        <colonnaDato>dt_soppres</colonnaDato>
        <labelDato>Data soppressione</labelDato>
        <valoreDato>31/12/2444</valoreDato>
      </datoRecord>
      <recordChild>
        <tipoRecord>Campo per partizionamento</tipoRecord>
        <child>
          <idRecord>844</idRecord>
          <keyRecord>
            <datoKey>
              <colonnaKey>ti_campo</colonnaKey>
              <labelKey>Tipo campo</labelKey>
              <valoreKey>SUB_STRUT</valoreKey>
            </datoKey>
            <datoKey>
              <colonnaKey>nm_campo</colonnaKey>
              <labelKey>Nome campo</labelKey>
              <valoreKey>SUB_STRUTTURA</valoreKey>
            </datoKey>
          </keyRecord>
          <datoRecord>
            <colonnaDato>nm_sub_strut</colonnaDato>
            <labelDato>Sottostruttura</labelDato>
            <valoreDato>DEFAULT</valoreDato>
          </datoRecord>
          <datoRecord>
            <colonnaDato>nm_attrib_dati_spec</colonnaDato>
            <labelDato>Dato specifico</labelDato>
            <valoreDato>null</valoreDato>
          </datoRecord>
        </child>
      </recordChild>
    </child>
    <child>
      <idRecord>2200</idRecord>
      <keyRecord>
        <datoKey>
          <colonnaKey>nm_tipo_doc</colonnaKey>
          <labelKey>Tipo documento principale</labelKey>
          <valoreKey>VARIAZIONE_MANDATO</valoreKey>
        </datoKey>
        <datoKey>
          <colonnaKey>dt_istituz</colonnaKey>
          <labelKey>Data istituzione</labelKey>
          <valoreKey>12/02/2015</valoreKey>
        </datoKey>
      </keyRecord>
      <datoRecord>
        <colonnaDato>dt_soppres</colonnaDato>
        <labelDato>Data soppressione</labelDato>
        <valoreDato>31/12/2444</valoreDato>
      </datoRecord>
      <recordChild>
        <tipoRecord>Campo per partizionamento</tipoRecord>
        <child>
          <idRecord>843</idRecord>
          <keyRecord>
            <datoKey>
              <colonnaKey>ti_campo</colonnaKey>
              <labelKey>Tipo campo</labelKey>
              <valoreKey>SUB_STRUT</valoreKey>
            </datoKey>
            <datoKey>
              <colonnaKey>nm_campo</colonnaKey>
              <labelKey>Nome campo</labelKey>
              <valoreKey>SUB_STRUTTURA</valoreKey>
            </datoKey>
          </keyRecord>
          <datoRecord>
            <colonnaDato>nm_sub_strut</colonnaDato>
            <labelDato>Sottostruttura</labelDato>
            <valoreDato>DEFAULT</valoreDato>
          </datoRecord>
          <datoRecord>
            <colonnaDato>nm_attrib_dati_spec</colonnaDato>
            <labelDato>Dato specifico</labelDato>
            <valoreDato>null</valoreDato>
          </datoRecord>
        </child>
      </recordChild>
    </child>
    <child>
      <idRecord>938</idRecord>
      <keyRecord>
        <datoKey>
          <colonnaKey>nm_tipo_doc</colonnaKey>
          <labelKey>Tipo documento principale</labelKey>
          <valoreKey>VARIAZIONE_REVERSALE</valoreKey>
        </datoKey>
        <datoKey>
          <colonnaKey>dt_istituz</colonnaKey>
          <labelKey>Data istituzione</labelKey>
          <valoreKey>19/01/2015</valoreKey>
        </datoKey>
      </keyRecord>
      <datoRecord>
        <colonnaDato>dt_soppres</colonnaDato>
        <labelDato>Data soppressione</labelDato>
        <valoreDato>31/12/2444</valoreDato>
      </datoRecord>
      <recordChild>
        <tipoRecord>Campo per partizionamento</tipoRecord>
        <child>
          <idRecord>618</idRecord>
          <keyRecord>
            <datoKey>
              <colonnaKey>ti_campo</colonnaKey>
              <labelKey>Tipo campo</labelKey>
              <valoreKey>SUB_STRUT</valoreKey>
            </datoKey>
            <datoKey>
              <colonnaKey>nm_campo</colonnaKey>
              <labelKey>Nome campo</labelKey>
              <valoreKey>SUB_STRUTTURA</valoreKey>
            </datoKey>
          </keyRecord>
          <datoRecord>
            <colonnaDato>nm_sub_strut</colonnaDato>
            <labelDato>Sottostruttura</labelDato>
            <valoreDato>DEFAULT</valoreDato>
          </datoRecord>
          <datoRecord>
            <colonnaDato>nm_attrib_dati_spec</colonnaDato>
            <labelDato>Dato specifico</labelDato>
            <valoreDato>null</valoreDato>
          </datoRecord>
        </child>
      </recordChild>
    </child>
    <child>
      <idRecord>1967</idRecord>
      <keyRecord>
        <datoKey>
          <colonnaKey>nm_tipo_doc</colonnaKey>
          <labelKey>Tipo documento principale</labelKey>
          <valoreKey>VARIAZIONE_REVERSALE</valoreKey>
        </datoKey>
        <datoKey>
          <colonnaKey>dt_istituz</colonnaKey>
          <labelKey>Data istituzione</labelKey>
          <valoreKey>12/02/2015</valoreKey>
        </datoKey>
      </keyRecord>
      <datoRecord>
        <colonnaDato>dt_soppres</colonnaDato>
        <labelDato>Data soppressione</labelDato>
        <valoreDato>31/12/2444</valoreDato>
      </datoRecord>
      <recordChild>
        <tipoRecord>Campo per partizionamento</tipoRecord>
        <child>
          <idRecord>1278</idRecord>
          <keyRecord>
            <datoKey>
              <colonnaKey>ti_campo</colonnaKey>
              <labelKey>Tipo campo</labelKey>
              <valoreKey>SUB_STRUT</valoreKey>
            </datoKey>
            <datoKey>
              <colonnaKey>nm_campo</colonnaKey>
              <labelKey>Nome campo</labelKey>
              <valoreKey>SUB_STRUTTURA</valoreKey>
            </datoKey>
          </keyRecord>
          <datoRecord>
            <colonnaDato>nm_sub_strut</colonnaDato>
            <labelDato>Sottostruttura</labelDato>
            <valoreDato>DEFAULT</valoreDato>
          </datoRecord>
          <datoRecord>
            <colonnaDato>nm_attrib_dati_spec</colonnaDato>
            <labelDato>Dato specifico</labelDato>
            <valoreDato>null</valoreDato>
          </datoRecord>
        </child>
      </recordChild>
    </child>
    <child>
      <idRecord>1966</idRecord>
      <keyRecord>
        <datoKey>
          <colonnaKey>nm_tipo_doc</colonnaKey>
          <labelKey>Tipo documento principale</labelKey>
          <valoreKey>VARIAZIONE_REVERSALE</valoreKey>
        </datoKey>
        <datoKey>
          <colonnaKey>dt_istituz</colonnaKey>
          <labelKey>Data istituzione</labelKey>
          <valoreKey>12/02/2015</valoreKey>
        </datoKey>
      </keyRecord>
      <datoRecord>
        <colonnaDato>dt_soppres</colonnaDato>
        <labelDato>Data soppressione</labelDato>
        <valoreDato>31/12/2444</valoreDato>
      </datoRecord>
      <recordChild>
        <tipoRecord>Campo per partizionamento</tipoRecord>
        <child>
          <idRecord>1277</idRecord>
          <keyRecord>
            <datoKey>
              <colonnaKey>ti_campo</colonnaKey>
              <labelKey>Tipo campo</labelKey>
              <valoreKey>SUB_STRUT</valoreKey>
            </datoKey>
            <datoKey>
              <colonnaKey>nm_campo</colonnaKey>
              <labelKey>Nome campo</labelKey>
              <valoreKey>SUB_STRUTTURA</valoreKey>
            </datoKey>
          </keyRecord>
          <datoRecord>
            <colonnaDato>nm_sub_strut</colonnaDato>
            <labelDato>Sottostruttura</labelDato>
            <valoreDato>DEFAULT</valoreDato>
          </datoRecord>
          <datoRecord>
            <colonnaDato>nm_attrib_dati_spec</colonnaDato>
            <labelDato>Dato specifico</labelDato>
            <valoreDato>null</valoreDato>
          </datoRecord>
        </child>
      </recordChild>
    </child>
    <child>
      <idRecord>1965</idRecord>
      <keyRecord>
        <datoKey>
          <colonnaKey>nm_tipo_doc</colonnaKey>
          <labelKey>Tipo documento principale</labelKey>
          <valoreKey>VARIAZIONE_REVERSALE</valoreKey>
        </datoKey>
        <datoKey>
          <colonnaKey>dt_istituz</colonnaKey>
          <labelKey>Data istituzione</labelKey>
          <valoreKey>12/02/2015</valoreKey>
        </datoKey>
      </keyRecord>
      <datoRecord>
        <colonnaDato>dt_soppres</colonnaDato>
        <labelDato>Data soppressione</labelDato>
        <valoreDato>31/12/2444</valoreDato>
      </datoRecord>
      <recordChild>
        <tipoRecord>Campo per partizionamento</tipoRecord>
        <child>
          <idRecord>1276</idRecord>
          <keyRecord>
            <datoKey>
              <colonnaKey>ti_campo</colonnaKey>
              <labelKey>Tipo campo</labelKey>
              <valoreKey>SUB_STRUT</valoreKey>
            </datoKey>
            <datoKey>
              <colonnaKey>nm_campo</colonnaKey>
              <labelKey>Nome campo</labelKey>
              <valoreKey>SUB_STRUTTURA</valoreKey>
            </datoKey>
          </keyRecord>
          <datoRecord>
            <colonnaDato>nm_sub_strut</colonnaDato>
            <labelDato>Sottostruttura</labelDato>
            <valoreDato>DEFAULT</valoreDato>
          </datoRecord>
          <datoRecord>
            <colonnaDato>nm_attrib_dati_spec</colonnaDato>
            <labelDato>Dato specifico</labelDato>
            <valoreDato>null</valoreDato>
          </datoRecord>
        </child>
      </recordChild>
    </child>
    <child>
      <idRecord>515</idRecord>
      <keyRecord>
        <datoKey>
          <colonnaKey>nm_tipo_doc</colonnaKey>
          <labelKey>Tipo documento principale</labelKey>
          <valoreKey>VARIAZIONE_REVERSALE</valoreKey>
        </datoKey>
        <datoKey>
          <colonnaKey>dt_istituz</colonnaKey>
          <labelKey>Data istituzione</labelKey>
          <valoreKey>10/11/2014</valoreKey>
        </datoKey>
      </keyRecord>
      <datoRecord>
        <colonnaDato>dt_soppres</colonnaDato>
        <labelDato>Data soppressione</labelDato>
        <valoreDato>31/12/2444</valoreDato>
      </datoRecord>
      <recordChild>
        <tipoRecord>Campo per partizionamento</tipoRecord>
        <child>
          <idRecord>259</idRecord>
          <keyRecord>
            <datoKey>
              <colonnaKey>ti_campo</colonnaKey>
              <labelKey>Tipo campo</labelKey>
              <valoreKey>SUB_STRUT</valoreKey>
            </datoKey>
            <datoKey>
              <colonnaKey>nm_campo</colonnaKey>
              <labelKey>Nome campo</labelKey>
              <valoreKey>SUB_STRUTTURA</valoreKey>
            </datoKey>
          </keyRecord>
          <datoRecord>
            <colonnaDato>nm_sub_strut</colonnaDato>
            <labelDato>Sottostruttura</labelDato>
            <valoreDato>DEFAULT</valoreDato>
          </datoRecord>
          <datoRecord>
            <colonnaDato>nm_attrib_dati_spec</colonnaDato>
            <labelDato>Dato specifico</labelDato>
            <valoreDato>null</valoreDato>
          </datoRecord>
        </child>
      </recordChild>
    </child>
    <child>
      <idRecord>462</idRecord>
      <keyRecord>
        <datoKey>
          <colonnaKey>nm_tipo_doc</colonnaKey>
          <labelKey>Tipo documento principale</labelKey>
          <valoreKey>VARIAZIONE_REVERSALE</valoreKey>
        </datoKey>
        <datoKey>
          <colonnaKey>dt_istituz</colonnaKey>
          <labelKey>Data istituzione</labelKey>
          <valoreKey>10/11/2014</valoreKey>
        </datoKey>
      </keyRecord>
      <datoRecord>
        <colonnaDato>dt_soppres</colonnaDato>
        <labelDato>Data soppressione</labelDato>
        <valoreDato>31/12/2444</valoreDato>
      </datoRecord>
      <recordChild>
        <tipoRecord>Campo per partizionamento</tipoRecord>
        <child>
          <idRecord>206</idRecord>
          <keyRecord>
            <datoKey>
              <colonnaKey>ti_campo</colonnaKey>
              <labelKey>Tipo campo</labelKey>
              <valoreKey>SUB_STRUT</valoreKey>
            </datoKey>
            <datoKey>
              <colonnaKey>nm_campo</colonnaKey>
              <labelKey>Nome campo</labelKey>
              <valoreKey>SUB_STRUTTURA</valoreKey>
            </datoKey>
          </keyRecord>
          <datoRecord>
            <colonnaDato>nm_sub_strut</colonnaDato>
            <labelDato>Sottostruttura</labelDato>
            <valoreDato>DEFAULT</valoreDato>
          </datoRecord>
          <datoRecord>
            <colonnaDato>nm_attrib_dati_spec</colonnaDato>
            <labelDato>Dato specifico</labelDato>
            <valoreDato>null</valoreDato>
          </datoRecord>
        </child>
      </recordChild>
    </child>
    <child>
      <idRecord>2227</idRecord>
      <keyRecord>
        <datoKey>
          <colonnaKey>nm_tipo_doc</colonnaKey>
          <labelKey>Tipo documento principale</labelKey>
          <valoreKey>VARIAZIONE_REVERSALE</valoreKey>
        </datoKey>
        <datoKey>
          <colonnaKey>dt_istituz</colonnaKey>
          <labelKey>Data istituzione</labelKey>
          <valoreKey>12/02/2015</valoreKey>
        </datoKey>
      </keyRecord>
      <datoRecord>
        <colonnaDato>dt_soppres</colonnaDato>
        <labelDato>Data soppressione</labelDato>
        <valoreDato>31/12/2444</valoreDato>
      </datoRecord>
      <recordChild>
        <tipoRecord>Campo per partizionamento</tipoRecord>
        <child>
          <idRecord>870</idRecord>
          <keyRecord>
            <datoKey>
              <colonnaKey>ti_campo</colonnaKey>
              <labelKey>Tipo campo</labelKey>
              <valoreKey>SUB_STRUT</valoreKey>
            </datoKey>
            <datoKey>
              <colonnaKey>nm_campo</colonnaKey>
              <labelKey>Nome campo</labelKey>
              <valoreKey>SUB_STRUTTURA</valoreKey>
            </datoKey>
          </keyRecord>
          <datoRecord>
            <colonnaDato>nm_sub_strut</colonnaDato>
            <labelDato>Sottostruttura</labelDato>
            <valoreDato>DEFAULT</valoreDato>
          </datoRecord>
          <datoRecord>
            <colonnaDato>nm_attrib_dati_spec</colonnaDato>
            <labelDato>Dato specifico</labelDato>
            <valoreDato>null</valoreDato>
          </datoRecord>
        </child>
      </recordChild>
    </child>
    <child>
      <idRecord>2226</idRecord>
      <keyRecord>
        <datoKey>
          <colonnaKey>nm_tipo_doc</colonnaKey>
          <labelKey>Tipo documento principale</labelKey>
          <valoreKey>VARIAZIONE_REVERSALE</valoreKey>
        </datoKey>
        <datoKey>
          <colonnaKey>dt_istituz</colonnaKey>
          <labelKey>Data istituzione</labelKey>
          <valoreKey>12/02/2015</valoreKey>
        </datoKey>
      </keyRecord>
      <datoRecord>
        <colonnaDato>dt_soppres</colonnaDato>
        <labelDato>Data soppressione</labelDato>
        <valoreDato>31/12/2444</valoreDato>
      </datoRecord>
      <recordChild>
        <tipoRecord>Campo per partizionamento</tipoRecord>
        <child>
          <idRecord>869</idRecord>
          <keyRecord>
            <datoKey>
              <colonnaKey>ti_campo</colonnaKey>
              <labelKey>Tipo campo</labelKey>
              <valoreKey>SUB_STRUT</valoreKey>
            </datoKey>
            <datoKey>
              <colonnaKey>nm_campo</colonnaKey>
              <labelKey>Nome campo</labelKey>
              <valoreKey>SUB_STRUTTURA</valoreKey>
            </datoKey>
          </keyRecord>
          <datoRecord>
            <colonnaDato>nm_sub_strut</colonnaDato>
            <labelDato>Sottostruttura</labelDato>
            <valoreDato>DEFAULT</valoreDato>
          </datoRecord>
          <datoRecord>
            <colonnaDato>nm_attrib_dati_spec</colonnaDato>
            <labelDato>Dato specifico</labelDato>
            <valoreDato>null</valoreDato>
          </datoRecord>
        </child>
      </recordChild>
    </child>
    <child>
      <idRecord>2225</idRecord>
      <keyRecord>
        <datoKey>
          <colonnaKey>nm_tipo_doc</colonnaKey>
          <labelKey>Tipo documento principale</labelKey>
          <valoreKey>VARIAZIONE_REVERSALE</valoreKey>
        </datoKey>
        <datoKey>
          <colonnaKey>dt_istituz</colonnaKey>
          <labelKey>Data istituzione</labelKey>
          <valoreKey>12/02/2015</valoreKey>
        </datoKey>
      </keyRecord>
      <datoRecord>
        <colonnaDato>dt_soppres</colonnaDato>
        <labelDato>Data soppressione</labelDato>
        <valoreDato>31/12/2444</valoreDato>
      </datoRecord>
      <recordChild>
        <tipoRecord>Campo per partizionamento</tipoRecord>
        <child>
          <idRecord>868</idRecord>
          <keyRecord>
            <datoKey>
              <colonnaKey>ti_campo</colonnaKey>
              <labelKey>Tipo campo</labelKey>
              <valoreKey>SUB_STRUT</valoreKey>
            </datoKey>
            <datoKey>
              <colonnaKey>nm_campo</colonnaKey>
              <labelKey>Nome campo</labelKey>
              <valoreKey>SUB_STRUTTURA</valoreKey>
            </datoKey>
          </keyRecord>
          <datoRecord>
            <colonnaDato>nm_sub_strut</colonnaDato>
            <labelDato>Sottostruttura</labelDato>
            <valoreDato>DEFAULT</valoreDato>
          </datoRecord>
          <datoRecord>
            <colonnaDato>nm_attrib_dati_spec</colonnaDato>
            <labelDato>Dato specifico</labelDato>
            <valoreDato>null</valoreDato>
          </datoRecord>
        </child>
      </recordChild>
    </child>
    <child>
      <idRecord>2224</idRecord>
      <keyRecord>
        <datoKey>
          <colonnaKey>nm_tipo_doc</colonnaKey>
          <labelKey>Tipo documento principale</labelKey>
          <valoreKey>VARIAZIONE_REVERSALE</valoreKey>
        </datoKey>
        <datoKey>
          <colonnaKey>dt_istituz</colonnaKey>
          <labelKey>Data istituzione</labelKey>
          <valoreKey>12/02/2015</valoreKey>
        </datoKey>
      </keyRecord>
      <datoRecord>
        <colonnaDato>dt_soppres</colonnaDato>
        <labelDato>Data soppressione</labelDato>
        <valoreDato>31/12/2444</valoreDato>
      </datoRecord>
      <recordChild>
        <tipoRecord>Campo per partizionamento</tipoRecord>
        <child>
          <idRecord>867</idRecord>
          <keyRecord>
            <datoKey>
              <colonnaKey>ti_campo</colonnaKey>
              <labelKey>Tipo campo</labelKey>
              <valoreKey>SUB_STRUT</valoreKey>
            </datoKey>
            <datoKey>
              <colonnaKey>nm_campo</colonnaKey>
              <labelKey>Nome campo</labelKey>
              <valoreKey>SUB_STRUTTURA</valoreKey>
            </datoKey>
          </keyRecord>
          <datoRecord>
            <colonnaDato>nm_sub_strut</colonnaDato>
            <labelDato>Sottostruttura</labelDato>
            <valoreDato>DEFAULT</valoreDato>
          </datoRecord>
          <datoRecord>
            <colonnaDato>nm_attrib_dati_spec</colonnaDato>
            <labelDato>Dato specifico</labelDato>
            <valoreDato>null</valoreDato>
          </datoRecord>
        </child>
      </recordChild>
    </child>
    <child>
      <idRecord>2223</idRecord>
      <keyRecord>
        <datoKey>
          <colonnaKey>nm_tipo_doc</colonnaKey>
          <labelKey>Tipo documento principale</labelKey>
          <valoreKey>VARIAZIONE_REVERSALE</valoreKey>
        </datoKey>
        <datoKey>
          <colonnaKey>dt_istituz</colonnaKey>
          <labelKey>Data istituzione</labelKey>
          <valoreKey>12/02/2015</valoreKey>
        </datoKey>
      </keyRecord>
      <datoRecord>
        <colonnaDato>dt_soppres</colonnaDato>
        <labelDato>Data soppressione</labelDato>
        <valoreDato>31/12/2444</valoreDato>
      </datoRecord>
      <recordChild>
        <tipoRecord>Campo per partizionamento</tipoRecord>
        <child>
          <idRecord>866</idRecord>
          <keyRecord>
            <datoKey>
              <colonnaKey>ti_campo</colonnaKey>
              <labelKey>Tipo campo</labelKey>
              <valoreKey>SUB_STRUT</valoreKey>
            </datoKey>
            <datoKey>
              <colonnaKey>nm_campo</colonnaKey>
              <labelKey>Nome campo</labelKey>
              <valoreKey>SUB_STRUTTURA</valoreKey>
            </datoKey>
          </keyRecord>
          <datoRecord>
            <colonnaDato>nm_sub_strut</colonnaDato>
            <labelDato>Sottostruttura</labelDato>
            <valoreDato>DEFAULT</valoreDato>
          </datoRecord>
          <datoRecord>
            <colonnaDato>nm_attrib_dati_spec</colonnaDato>
            <labelDato>Dato specifico</labelDato>
            <valoreDato>null</valoreDato>
          </datoRecord>
        </child>
      </recordChild>
    </child>
    <child>
      <idRecord>2222</idRecord>
      <keyRecord>
        <datoKey>
          <colonnaKey>nm_tipo_doc</colonnaKey>
          <labelKey>Tipo documento principale</labelKey>
          <valoreKey>VARIAZIONE_REVERSALE</valoreKey>
        </datoKey>
        <datoKey>
          <colonnaKey>dt_istituz</colonnaKey>
          <labelKey>Data istituzione</labelKey>
          <valoreKey>12/02/2015</valoreKey>
        </datoKey>
      </keyRecord>
      <datoRecord>
        <colonnaDato>dt_soppres</colonnaDato>
        <labelDato>Data soppressione</labelDato>
        <valoreDato>31/12/2444</valoreDato>
      </datoRecord>
      <recordChild>
        <tipoRecord>Campo per partizionamento</tipoRecord>
        <child>
          <idRecord>865</idRecord>
          <keyRecord>
            <datoKey>
              <colonnaKey>ti_campo</colonnaKey>
              <labelKey>Tipo campo</labelKey>
              <valoreKey>SUB_STRUT</valoreKey>
            </datoKey>
            <datoKey>
              <colonnaKey>nm_campo</colonnaKey>
              <labelKey>Nome campo</labelKey>
              <valoreKey>SUB_STRUTTURA</valoreKey>
            </datoKey>
          </keyRecord>
          <datoRecord>
            <colonnaDato>nm_sub_strut</colonnaDato>
            <labelDato>Sottostruttura</labelDato>
            <valoreDato>DEFAULT</valoreDato>
          </datoRecord>
          <datoRecord>
            <colonnaDato>nm_attrib_dati_spec</colonnaDato>
            <labelDato>Dato specifico</labelDato>
            <valoreDato>null</valoreDato>
          </datoRecord>
        </child>
      </recordChild>
    </child>
    <child>
      <idRecord>2221</idRecord>
      <keyRecord>
        <datoKey>
          <colonnaKey>nm_tipo_doc</colonnaKey>
          <labelKey>Tipo documento principale</labelKey>
          <valoreKey>VARIAZIONE_REVERSALE</valoreKey>
        </datoKey>
        <datoKey>
          <colonnaKey>dt_istituz</colonnaKey>
          <labelKey>Data istituzione</labelKey>
          <valoreKey>12/02/2015</valoreKey>
        </datoKey>
      </keyRecord>
      <datoRecord>
        <colonnaDato>dt_soppres</colonnaDato>
        <labelDato>Data soppressione</labelDato>
        <valoreDato>31/12/2444</valoreDato>
      </datoRecord>
      <recordChild>
        <tipoRecord>Campo per partizionamento</tipoRecord>
        <child>
          <idRecord>864</idRecord>
          <keyRecord>
            <datoKey>
              <colonnaKey>ti_campo</colonnaKey>
              <labelKey>Tipo campo</labelKey>
              <valoreKey>SUB_STRUT</valoreKey>
            </datoKey>
            <datoKey>
              <colonnaKey>nm_campo</colonnaKey>
              <labelKey>Nome campo</labelKey>
              <valoreKey>SUB_STRUTTURA</valoreKey>
            </datoKey>
          </keyRecord>
          <datoRecord>
            <colonnaDato>nm_sub_strut</colonnaDato>
            <labelDato>Sottostruttura</labelDato>
            <valoreDato>DEFAULT</valoreDato>
          </datoRecord>
          <datoRecord>
            <colonnaDato>nm_attrib_dati_spec</colonnaDato>
            <labelDato>Dato specifico</labelDato>
            <valoreDato>null</valoreDato>
          </datoRecord>
        </child>
      </recordChild>
    </child>
    <child>
      <idRecord>2220</idRecord>
      <keyRecord>
        <datoKey>
          <colonnaKey>nm_tipo_doc</colonnaKey>
          <labelKey>Tipo documento principale</labelKey>
          <valoreKey>VARIAZIONE_REVERSALE</valoreKey>
        </datoKey>
        <datoKey>
          <colonnaKey>dt_istituz</colonnaKey>
          <labelKey>Data istituzione</labelKey>
          <valoreKey>12/02/2015</valoreKey>
        </datoKey>
      </keyRecord>
      <datoRecord>
        <colonnaDato>dt_soppres</colonnaDato>
        <labelDato>Data soppressione</labelDato>
        <valoreDato>31/12/2444</valoreDato>
      </datoRecord>
      <recordChild>
        <tipoRecord>Campo per partizionamento</tipoRecord>
        <child>
          <idRecord>863</idRecord>
          <keyRecord>
            <datoKey>
              <colonnaKey>ti_campo</colonnaKey>
              <labelKey>Tipo campo</labelKey>
              <valoreKey>SUB_STRUT</valoreKey>
            </datoKey>
            <datoKey>
              <colonnaKey>nm_campo</colonnaKey>
              <labelKey>Nome campo</labelKey>
              <valoreKey>SUB_STRUTTURA</valoreKey>
            </datoKey>
          </keyRecord>
          <datoRecord>
            <colonnaDato>nm_sub_strut</colonnaDato>
            <labelDato>Sottostruttura</labelDato>
            <valoreDato>DEFAULT</valoreDato>
          </datoRecord>
          <datoRecord>
            <colonnaDato>nm_attrib_dati_spec</colonnaDato>
            <labelDato>Dato specifico</labelDato>
            <valoreDato>null</valoreDato>
          </datoRecord>
        </child>
      </recordChild>
    </child>
    <child>
      <idRecord>2219</idRecord>
      <keyRecord>
        <datoKey>
          <colonnaKey>nm_tipo_doc</colonnaKey>
          <labelKey>Tipo documento principale</labelKey>
          <valoreKey>VARIAZIONE_REVERSALE</valoreKey>
        </datoKey>
        <datoKey>
          <colonnaKey>dt_istituz</colonnaKey>
          <labelKey>Data istituzione</labelKey>
          <valoreKey>12/02/2015</valoreKey>
        </datoKey>
      </keyRecord>
      <datoRecord>
        <colonnaDato>dt_soppres</colonnaDato>
        <labelDato>Data soppressione</labelDato>
        <valoreDato>31/12/2444</valoreDato>
      </datoRecord>
      <recordChild>
        <tipoRecord>Campo per partizionamento</tipoRecord>
        <child>
          <idRecord>862</idRecord>
          <keyRecord>
            <datoKey>
              <colonnaKey>ti_campo</colonnaKey>
              <labelKey>Tipo campo</labelKey>
              <valoreKey>SUB_STRUT</valoreKey>
            </datoKey>
            <datoKey>
              <colonnaKey>nm_campo</colonnaKey>
              <labelKey>Nome campo</labelKey>
              <valoreKey>SUB_STRUTTURA</valoreKey>
            </datoKey>
          </keyRecord>
          <datoRecord>
            <colonnaDato>nm_sub_strut</colonnaDato>
            <labelDato>Sottostruttura</labelDato>
            <valoreDato>DEFAULT</valoreDato>
          </datoRecord>
          <datoRecord>
            <colonnaDato>nm_attrib_dati_spec</colonnaDato>
            <labelDato>Dato specifico</labelDato>
            <valoreDato>null</valoreDato>
          </datoRecord>
        </child>
      </recordChild>
    </child>
    <child>
      <idRecord>2218</idRecord>
      <keyRecord>
        <datoKey>
          <colonnaKey>nm_tipo_doc</colonnaKey>
          <labelKey>Tipo documento principale</labelKey>
          <valoreKey>VARIAZIONE_REVERSALE</valoreKey>
        </datoKey>
        <datoKey>
          <colonnaKey>dt_istituz</colonnaKey>
          <labelKey>Data istituzione</labelKey>
          <valoreKey>12/02/2015</valoreKey>
        </datoKey>
      </keyRecord>
      <datoRecord>
        <colonnaDato>dt_soppres</colonnaDato>
        <labelDato>Data soppressione</labelDato>
        <valoreDato>31/12/2444</valoreDato>
      </datoRecord>
      <recordChild>
        <tipoRecord>Campo per partizionamento</tipoRecord>
        <child>
          <idRecord>861</idRecord>
          <keyRecord>
            <datoKey>
              <colonnaKey>ti_campo</colonnaKey>
              <labelKey>Tipo campo</labelKey>
              <valoreKey>SUB_STRUT</valoreKey>
            </datoKey>
            <datoKey>
              <colonnaKey>nm_campo</colonnaKey>
              <labelKey>Nome campo</labelKey>
              <valoreKey>SUB_STRUTTURA</valoreKey>
            </datoKey>
          </keyRecord>
          <datoRecord>
            <colonnaDato>nm_sub_strut</colonnaDato>
            <labelDato>Sottostruttura</labelDato>
            <valoreDato>DEFAULT</valoreDato>
          </datoRecord>
          <datoRecord>
            <colonnaDato>nm_attrib_dati_spec</colonnaDato>
            <labelDato>Dato specifico</labelDato>
            <valoreDato>null</valoreDato>
          </datoRecord>
        </child>
      </recordChild>
    </child>
    <child>
      <idRecord>2217</idRecord>
      <keyRecord>
        <datoKey>
          <colonnaKey>nm_tipo_doc</colonnaKey>
          <labelKey>Tipo documento principale</labelKey>
          <valoreKey>VARIAZIONE_REVERSALE</valoreKey>
        </datoKey>
        <datoKey>
          <colonnaKey>dt_istituz</colonnaKey>
          <labelKey>Data istituzione</labelKey>
          <valoreKey>12/02/2015</valoreKey>
        </datoKey>
      </keyRecord>
      <datoRecord>
        <colonnaDato>dt_soppres</colonnaDato>
        <labelDato>Data soppressione</labelDato>
        <valoreDato>31/12/2444</valoreDato>
      </datoRecord>
      <recordChild>
        <tipoRecord>Campo per partizionamento</tipoRecord>
        <child>
          <idRecord>860</idRecord>
          <keyRecord>
            <datoKey>
              <colonnaKey>ti_campo</colonnaKey>
              <labelKey>Tipo campo</labelKey>
              <valoreKey>SUB_STRUT</valoreKey>
            </datoKey>
            <datoKey>
              <colonnaKey>nm_campo</colonnaKey>
              <labelKey>Nome campo</labelKey>
              <valoreKey>SUB_STRUTTURA</valoreKey>
            </datoKey>
          </keyRecord>
          <datoRecord>
            <colonnaDato>nm_sub_strut</colonnaDato>
            <labelDato>Sottostruttura</labelDato>
            <valoreDato>DEFAULT</valoreDato>
          </datoRecord>
          <datoRecord>
            <colonnaDato>nm_attrib_dati_spec</colonnaDato>
            <labelDato>Dato specifico</labelDato>
            <valoreDato>null</valoreDato>
          </datoRecord>
        </child>
      </recordChild>
    </child>
    <child>
      <idRecord>2216</idRecord>
      <keyRecord>
        <datoKey>
          <colonnaKey>nm_tipo_doc</colonnaKey>
          <labelKey>Tipo documento principale</labelKey>
          <valoreKey>VARIAZIONE_REVERSALE</valoreKey>
        </datoKey>
        <datoKey>
          <colonnaKey>dt_istituz</colonnaKey>
          <labelKey>Data istituzione</labelKey>
          <valoreKey>12/02/2015</valoreKey>
        </datoKey>
      </keyRecord>
      <datoRecord>
        <colonnaDato>dt_soppres</colonnaDato>
        <labelDato>Data soppressione</labelDato>
        <valoreDato>31/12/2444</valoreDato>
      </datoRecord>
      <recordChild>
        <tipoRecord>Campo per partizionamento</tipoRecord>
        <child>
          <idRecord>859</idRecord>
          <keyRecord>
            <datoKey>
              <colonnaKey>ti_campo</colonnaKey>
              <labelKey>Tipo campo</labelKey>
              <valoreKey>SUB_STRUT</valoreKey>
            </datoKey>
            <datoKey>
              <colonnaKey>nm_campo</colonnaKey>
              <labelKey>Nome campo</labelKey>
              <valoreKey>SUB_STRUTTURA</valoreKey>
            </datoKey>
          </keyRecord>
          <datoRecord>
            <colonnaDato>nm_sub_strut</colonnaDato>
            <labelDato>Sottostruttura</labelDato>
            <valoreDato>DEFAULT</valoreDato>
          </datoRecord>
          <datoRecord>
            <colonnaDato>nm_attrib_dati_spec</colonnaDato>
            <labelDato>Dato specifico</labelDato>
            <valoreDato>null</valoreDato>
          </datoRecord>
        </child>
      </recordChild>
    </child>
    <child>
      <idRecord>2215</idRecord>
      <keyRecord>
        <datoKey>
          <colonnaKey>nm_tipo_doc</colonnaKey>
          <labelKey>Tipo documento principale</labelKey>
          <valoreKey>VARIAZIONE_REVERSALE</valoreKey>
        </datoKey>
        <datoKey>
          <colonnaKey>dt_istituz</colonnaKey>
          <labelKey>Data istituzione</labelKey>
          <valoreKey>12/02/2015</valoreKey>
        </datoKey>
      </keyRecord>
      <datoRecord>
        <colonnaDato>dt_soppres</colonnaDato>
        <labelDato>Data soppressione</labelDato>
        <valoreDato>31/12/2444</valoreDato>
      </datoRecord>
      <recordChild>
        <tipoRecord>Campo per partizionamento</tipoRecord>
        <child>
          <idRecord>858</idRecord>
          <keyRecord>
            <datoKey>
              <colonnaKey>ti_campo</colonnaKey>
              <labelKey>Tipo campo</labelKey>
              <valoreKey>SUB_STRUT</valoreKey>
            </datoKey>
            <datoKey>
              <colonnaKey>nm_campo</colonnaKey>
              <labelKey>Nome campo</labelKey>
              <valoreKey>SUB_STRUTTURA</valoreKey>
            </datoKey>
          </keyRecord>
          <datoRecord>
            <colonnaDato>nm_sub_strut</colonnaDato>
            <labelDato>Sottostruttura</labelDato>
            <valoreDato>DEFAULT</valoreDato>
          </datoRecord>
          <datoRecord>
            <colonnaDato>nm_attrib_dati_spec</colonnaDato>
            <labelDato>Dato specifico</labelDato>
            <valoreDato>null</valoreDato>
          </datoRecord>
        </child>
      </recordChild>
    </child>
    <child>
      <idRecord>2214</idRecord>
      <keyRecord>
        <datoKey>
          <colonnaKey>nm_tipo_doc</colonnaKey>
          <labelKey>Tipo documento principale</labelKey>
          <valoreKey>VARIAZIONE_REVERSALE</valoreKey>
        </datoKey>
        <datoKey>
          <colonnaKey>dt_istituz</colonnaKey>
          <labelKey>Data istituzione</labelKey>
          <valoreKey>12/02/2015</valoreKey>
        </datoKey>
      </keyRecord>
      <datoRecord>
        <colonnaDato>dt_soppres</colonnaDato>
        <labelDato>Data soppressione</labelDato>
        <valoreDato>31/12/2444</valoreDato>
      </datoRecord>
      <recordChild>
        <tipoRecord>Campo per partizionamento</tipoRecord>
        <child>
          <idRecord>857</idRecord>
          <keyRecord>
            <datoKey>
              <colonnaKey>ti_campo</colonnaKey>
              <labelKey>Tipo campo</labelKey>
              <valoreKey>SUB_STRUT</valoreKey>
            </datoKey>
            <datoKey>
              <colonnaKey>nm_campo</colonnaKey>
              <labelKey>Nome campo</labelKey>
              <valoreKey>SUB_STRUTTURA</valoreKey>
            </datoKey>
          </keyRecord>
          <datoRecord>
            <colonnaDato>nm_sub_strut</colonnaDato>
            <labelDato>Sottostruttura</labelDato>
            <valoreDato>DEFAULT</valoreDato>
          </datoRecord>
          <datoRecord>
            <colonnaDato>nm_attrib_dati_spec</colonnaDato>
            <labelDato>Dato specifico</labelDato>
            <valoreDato>null</valoreDato>
          </datoRecord>
        </child>
      </recordChild>
    </child>
    <child>
      <idRecord>513</idRecord>
      <keyRecord>
        <datoKey>
          <colonnaKey>nm_tipo_doc</colonnaKey>
          <labelKey>Tipo documento principale</labelKey>
          <valoreKey>V_Deliberazioni di Giunta</valoreKey>
        </datoKey>
        <datoKey>
          <colonnaKey>dt_istituz</colonnaKey>
          <labelKey>Data istituzione</labelKey>
          <valoreKey>10/11/2014</valoreKey>
        </datoKey>
      </keyRecord>
      <datoRecord>
        <colonnaDato>dt_soppres</colonnaDato>
        <labelDato>Data soppressione</labelDato>
        <valoreDato>31/12/2444</valoreDato>
      </datoRecord>
      <recordChild>
        <tipoRecord>Campo per partizionamento</tipoRecord>
        <child>
          <idRecord>257</idRecord>
          <keyRecord>
            <datoKey>
              <colonnaKey>ti_campo</colonnaKey>
              <labelKey>Tipo campo</labelKey>
              <valoreKey>SUB_STRUT</valoreKey>
            </datoKey>
            <datoKey>
              <colonnaKey>nm_campo</colonnaKey>
              <labelKey>Nome campo</labelKey>
              <valoreKey>SUB_STRUTTURA</valoreKey>
            </datoKey>
          </keyRecord>
          <datoRecord>
            <colonnaDato>nm_sub_strut</colonnaDato>
            <labelDato>Sottostruttura</labelDato>
            <valoreDato>DEFAULT</valoreDato>
          </datoRecord>
          <datoRecord>
            <colonnaDato>nm_attrib_dati_spec</colonnaDato>
            <labelDato>Dato specifico</labelDato>
            <valoreDato>null</valoreDato>
          </datoRecord>
        </child>
      </recordChild>
    </child>
    <child>
      <idRecord>1980</idRecord>
      <keyRecord>
        <datoKey>
          <colonnaKey>nm_tipo_doc</colonnaKey>
          <labelKey>Tipo documento principale</labelKey>
          <valoreKey>V_Deliberazioni di Giunta</valoreKey>
        </datoKey>
        <datoKey>
          <colonnaKey>dt_istituz</colonnaKey>
          <labelKey>Data istituzione</labelKey>
          <valoreKey>12/02/2015</valoreKey>
        </datoKey>
      </keyRecord>
      <datoRecord>
        <colonnaDato>dt_soppres</colonnaDato>
        <labelDato>Data soppressione</labelDato>
        <valoreDato>31/12/2444</valoreDato>
      </datoRecord>
      <recordChild>
        <tipoRecord>Campo per partizionamento</tipoRecord>
        <child>
          <idRecord>1291</idRecord>
          <keyRecord>
            <datoKey>
              <colonnaKey>ti_campo</colonnaKey>
              <labelKey>Tipo campo</labelKey>
              <valoreKey>SUB_STRUT</valoreKey>
            </datoKey>
            <datoKey>
              <colonnaKey>nm_campo</colonnaKey>
              <labelKey>Nome campo</labelKey>
              <valoreKey>SUB_STRUTTURA</valoreKey>
            </datoKey>
          </keyRecord>
          <datoRecord>
            <colonnaDato>nm_sub_strut</colonnaDato>
            <labelDato>Sottostruttura</labelDato>
            <valoreDato>DEFAULT</valoreDato>
          </datoRecord>
          <datoRecord>
            <colonnaDato>nm_attrib_dati_spec</colonnaDato>
            <labelDato>Dato specifico</labelDato>
            <valoreDato>null</valoreDato>
          </datoRecord>
        </child>
      </recordChild>
    </child>
    <child>
      <idRecord>1979</idRecord>
      <keyRecord>
        <datoKey>
          <colonnaKey>nm_tipo_doc</colonnaKey>
          <labelKey>Tipo documento principale</labelKey>
          <valoreKey>V_Deliberazioni di Giunta</valoreKey>
        </datoKey>
        <datoKey>
          <colonnaKey>dt_istituz</colonnaKey>
          <labelKey>Data istituzione</labelKey>
          <valoreKey>12/02/2015</valoreKey>
        </datoKey>
      </keyRecord>
      <datoRecord>
        <colonnaDato>dt_soppres</colonnaDato>
        <labelDato>Data soppressione</labelDato>
        <valoreDato>31/12/2444</valoreDato>
      </datoRecord>
      <recordChild>
        <tipoRecord>Campo per partizionamento</tipoRecord>
        <child>
          <idRecord>1290</idRecord>
          <keyRecord>
            <datoKey>
              <colonnaKey>ti_campo</colonnaKey>
              <labelKey>Tipo campo</labelKey>
              <valoreKey>SUB_STRUT</valoreKey>
            </datoKey>
            <datoKey>
              <colonnaKey>nm_campo</colonnaKey>
              <labelKey>Nome campo</labelKey>
              <valoreKey>SUB_STRUTTURA</valoreKey>
            </datoKey>
          </keyRecord>
          <datoRecord>
            <colonnaDato>nm_sub_strut</colonnaDato>
            <labelDato>Sottostruttura</labelDato>
            <valoreDato>DEFAULT</valoreDato>
          </datoRecord>
          <datoRecord>
            <colonnaDato>nm_attrib_dati_spec</colonnaDato>
            <labelDato>Dato specifico</labelDato>
            <valoreDato>null</valoreDato>
          </datoRecord>
        </child>
      </recordChild>
    </child>
    <child>
      <idRecord>1978</idRecord>
      <keyRecord>
        <datoKey>
          <colonnaKey>nm_tipo_doc</colonnaKey>
          <labelKey>Tipo documento principale</labelKey>
          <valoreKey>V_Deliberazioni di Giunta</valoreKey>
        </datoKey>
        <datoKey>
          <colonnaKey>dt_istituz</colonnaKey>
          <labelKey>Data istituzione</labelKey>
          <valoreKey>12/02/2015</valoreKey>
        </datoKey>
      </keyRecord>
      <datoRecord>
        <colonnaDato>dt_soppres</colonnaDato>
        <labelDato>Data soppressione</labelDato>
        <valoreDato>31/12/2444</valoreDato>
      </datoRecord>
      <recordChild>
        <tipoRecord>Campo per partizionamento</tipoRecord>
        <child>
          <idRecord>1289</idRecord>
          <keyRecord>
            <datoKey>
              <colonnaKey>ti_campo</colonnaKey>
              <labelKey>Tipo campo</labelKey>
              <valoreKey>SUB_STRUT</valoreKey>
            </datoKey>
            <datoKey>
              <colonnaKey>nm_campo</colonnaKey>
              <labelKey>Nome campo</labelKey>
              <valoreKey>SUB_STRUTTURA</valoreKey>
            </datoKey>
          </keyRecord>
          <datoRecord>
            <colonnaDato>nm_sub_strut</colonnaDato>
            <labelDato>Sottostruttura</labelDato>
            <valoreDato>DEFAULT</valoreDato>
          </datoRecord>
          <datoRecord>
            <colonnaDato>nm_attrib_dati_spec</colonnaDato>
            <labelDato>Dato specifico</labelDato>
            <valoreDato>null</valoreDato>
          </datoRecord>
        </child>
      </recordChild>
    </child>
    <child>
      <idRecord>1977</idRecord>
      <keyRecord>
        <datoKey>
          <colonnaKey>nm_tipo_doc</colonnaKey>
          <labelKey>Tipo documento principale</labelKey>
          <valoreKey>V_Deliberazioni di Giunta</valoreKey>
        </datoKey>
        <datoKey>
          <colonnaKey>dt_istituz</colonnaKey>
          <labelKey>Data istituzione</labelKey>
          <valoreKey>12/02/2015</valoreKey>
        </datoKey>
      </keyRecord>
      <datoRecord>
        <colonnaDato>dt_soppres</colonnaDato>
        <labelDato>Data soppressione</labelDato>
        <valoreDato>31/12/2444</valoreDato>
      </datoRecord>
      <recordChild>
        <tipoRecord>Campo per partizionamento</tipoRecord>
        <child>
          <idRecord>1288</idRecord>
          <keyRecord>
            <datoKey>
              <colonnaKey>ti_campo</colonnaKey>
              <labelKey>Tipo campo</labelKey>
              <valoreKey>SUB_STRUT</valoreKey>
            </datoKey>
            <datoKey>
              <colonnaKey>nm_campo</colonnaKey>
              <labelKey>Nome campo</labelKey>
              <valoreKey>SUB_STRUTTURA</valoreKey>
            </datoKey>
          </keyRecord>
          <datoRecord>
            <colonnaDato>nm_sub_strut</colonnaDato>
            <labelDato>Sottostruttura</labelDato>
            <valoreDato>DEFAULT</valoreDato>
          </datoRecord>
          <datoRecord>
            <colonnaDato>nm_attrib_dati_spec</colonnaDato>
            <labelDato>Dato specifico</labelDato>
            <valoreDato>null</valoreDato>
          </datoRecord>
        </child>
      </recordChild>
    </child>
    <child>
      <idRecord>1976</idRecord>
      <keyRecord>
        <datoKey>
          <colonnaKey>nm_tipo_doc</colonnaKey>
          <labelKey>Tipo documento principale</labelKey>
          <valoreKey>V_Deliberazioni di Giunta</valoreKey>
        </datoKey>
        <datoKey>
          <colonnaKey>dt_istituz</colonnaKey>
          <labelKey>Data istituzione</labelKey>
          <valoreKey>12/02/2015</valoreKey>
        </datoKey>
      </keyRecord>
      <datoRecord>
        <colonnaDato>dt_soppres</colonnaDato>
        <labelDato>Data soppressione</labelDato>
        <valoreDato>31/12/2444</valoreDato>
      </datoRecord>
      <recordChild>
        <tipoRecord>Campo per partizionamento</tipoRecord>
        <child>
          <idRecord>1287</idRecord>
          <keyRecord>
            <datoKey>
              <colonnaKey>ti_campo</colonnaKey>
              <labelKey>Tipo campo</labelKey>
              <valoreKey>SUB_STRUT</valoreKey>
            </datoKey>
            <datoKey>
              <colonnaKey>nm_campo</colonnaKey>
              <labelKey>Nome campo</labelKey>
              <valoreKey>SUB_STRUTTURA</valoreKey>
            </datoKey>
          </keyRecord>
          <datoRecord>
            <colonnaDato>nm_sub_strut</colonnaDato>
            <labelDato>Sottostruttura</labelDato>
            <valoreDato>DEFAULT</valoreDato>
          </datoRecord>
          <datoRecord>
            <colonnaDato>nm_attrib_dati_spec</colonnaDato>
            <labelDato>Dato specifico</labelDato>
            <valoreDato>null</valoreDato>
          </datoRecord>
        </child>
      </recordChild>
    </child>
    <child>
      <idRecord>1975</idRecord>
      <keyRecord>
        <datoKey>
          <colonnaKey>nm_tipo_doc</colonnaKey>
          <labelKey>Tipo documento principale</labelKey>
          <valoreKey>V_Deliberazioni di Giunta</valoreKey>
        </datoKey>
        <datoKey>
          <colonnaKey>dt_istituz</colonnaKey>
          <labelKey>Data istituzione</labelKey>
          <valoreKey>12/02/2015</valoreKey>
        </datoKey>
      </keyRecord>
      <datoRecord>
        <colonnaDato>dt_soppres</colonnaDato>
        <labelDato>Data soppressione</labelDato>
        <valoreDato>31/12/2444</valoreDato>
      </datoRecord>
      <recordChild>
        <tipoRecord>Campo per partizionamento</tipoRecord>
        <child>
          <idRecord>1286</idRecord>
          <keyRecord>
            <datoKey>
              <colonnaKey>ti_campo</colonnaKey>
              <labelKey>Tipo campo</labelKey>
              <valoreKey>SUB_STRUT</valoreKey>
            </datoKey>
            <datoKey>
              <colonnaKey>nm_campo</colonnaKey>
              <labelKey>Nome campo</labelKey>
              <valoreKey>SUB_STRUTTURA</valoreKey>
            </datoKey>
          </keyRecord>
          <datoRecord>
            <colonnaDato>nm_sub_strut</colonnaDato>
            <labelDato>Sottostruttura</labelDato>
            <valoreDato>DEFAULT</valoreDato>
          </datoRecord>
          <datoRecord>
            <colonnaDato>nm_attrib_dati_spec</colonnaDato>
            <labelDato>Dato specifico</labelDato>
            <valoreDato>null</valoreDato>
          </datoRecord>
        </child>
      </recordChild>
    </child>
    <child>
      <idRecord>1974</idRecord>
      <keyRecord>
        <datoKey>
          <colonnaKey>nm_tipo_doc</colonnaKey>
          <labelKey>Tipo documento principale</labelKey>
          <valoreKey>V_Deliberazioni di Giunta</valoreKey>
        </datoKey>
        <datoKey>
          <colonnaKey>dt_istituz</colonnaKey>
          <labelKey>Data istituzione</labelKey>
          <valoreKey>12/02/2015</valoreKey>
        </datoKey>
      </keyRecord>
      <datoRecord>
        <colonnaDato>dt_soppres</colonnaDato>
        <labelDato>Data soppressione</labelDato>
        <valoreDato>31/12/2444</valoreDato>
      </datoRecord>
      <recordChild>
        <tipoRecord>Campo per partizionamento</tipoRecord>
        <child>
          <idRecord>1285</idRecord>
          <keyRecord>
            <datoKey>
              <colonnaKey>ti_campo</colonnaKey>
              <labelKey>Tipo campo</labelKey>
              <valoreKey>SUB_STRUT</valoreKey>
            </datoKey>
            <datoKey>
              <colonnaKey>nm_campo</colonnaKey>
              <labelKey>Nome campo</labelKey>
              <valoreKey>SUB_STRUTTURA</valoreKey>
            </datoKey>
          </keyRecord>
          <datoRecord>
            <colonnaDato>nm_sub_strut</colonnaDato>
            <labelDato>Sottostruttura</labelDato>
            <valoreDato>DEFAULT</valoreDato>
          </datoRecord>
          <datoRecord>
            <colonnaDato>nm_attrib_dati_spec</colonnaDato>
            <labelDato>Dato specifico</labelDato>
            <valoreDato>null</valoreDato>
          </datoRecord>
        </child>
      </recordChild>
    </child>
    <child>
      <idRecord>1973</idRecord>
      <keyRecord>
        <datoKey>
          <colonnaKey>nm_tipo_doc</colonnaKey>
          <labelKey>Tipo documento principale</labelKey>
          <valoreKey>V_Deliberazioni di Giunta</valoreKey>
        </datoKey>
        <datoKey>
          <colonnaKey>dt_istituz</colonnaKey>
          <labelKey>Data istituzione</labelKey>
          <valoreKey>12/02/2015</valoreKey>
        </datoKey>
      </keyRecord>
      <datoRecord>
        <colonnaDato>dt_soppres</colonnaDato>
        <labelDato>Data soppressione</labelDato>
        <valoreDato>31/12/2444</valoreDato>
      </datoRecord>
      <recordChild>
        <tipoRecord>Campo per partizionamento</tipoRecord>
        <child>
          <idRecord>1284</idRecord>
          <keyRecord>
            <datoKey>
              <colonnaKey>ti_campo</colonnaKey>
              <labelKey>Tipo campo</labelKey>
              <valoreKey>SUB_STRUT</valoreKey>
            </datoKey>
            <datoKey>
              <colonnaKey>nm_campo</colonnaKey>
              <labelKey>Nome campo</labelKey>
              <valoreKey>SUB_STRUTTURA</valoreKey>
            </datoKey>
          </keyRecord>
          <datoRecord>
            <colonnaDato>nm_sub_strut</colonnaDato>
            <labelDato>Sottostruttura</labelDato>
            <valoreDato>DEFAULT</valoreDato>
          </datoRecord>
          <datoRecord>
            <colonnaDato>nm_attrib_dati_spec</colonnaDato>
            <labelDato>Dato specifico</labelDato>
            <valoreDato>null</valoreDato>
          </datoRecord>
        </child>
      </recordChild>
    </child>
    <child>
      <idRecord>1972</idRecord>
      <keyRecord>
        <datoKey>
          <colonnaKey>nm_tipo_doc</colonnaKey>
          <labelKey>Tipo documento principale</labelKey>
          <valoreKey>V_Deliberazioni di Giunta</valoreKey>
        </datoKey>
        <datoKey>
          <colonnaKey>dt_istituz</colonnaKey>
          <labelKey>Data istituzione</labelKey>
          <valoreKey>12/02/2015</valoreKey>
        </datoKey>
      </keyRecord>
      <datoRecord>
        <colonnaDato>dt_soppres</colonnaDato>
        <labelDato>Data soppressione</labelDato>
        <valoreDato>31/12/2444</valoreDato>
      </datoRecord>
      <recordChild>
        <tipoRecord>Campo per partizionamento</tipoRecord>
        <child>
          <idRecord>1283</idRecord>
          <keyRecord>
            <datoKey>
              <colonnaKey>ti_campo</colonnaKey>
              <labelKey>Tipo campo</labelKey>
              <valoreKey>SUB_STRUT</valoreKey>
            </datoKey>
            <datoKey>
              <colonnaKey>nm_campo</colonnaKey>
              <labelKey>Nome campo</labelKey>
              <valoreKey>SUB_STRUTTURA</valoreKey>
            </datoKey>
          </keyRecord>
          <datoRecord>
            <colonnaDato>nm_sub_strut</colonnaDato>
            <labelDato>Sottostruttura</labelDato>
            <valoreDato>DEFAULT</valoreDato>
          </datoRecord>
          <datoRecord>
            <colonnaDato>nm_attrib_dati_spec</colonnaDato>
            <labelDato>Dato specifico</labelDato>
            <valoreDato>null</valoreDato>
          </datoRecord>
        </child>
      </recordChild>
    </child>
    <child>
      <idRecord>1971</idRecord>
      <keyRecord>
        <datoKey>
          <colonnaKey>nm_tipo_doc</colonnaKey>
          <labelKey>Tipo documento principale</labelKey>
          <valoreKey>V_Deliberazioni di Giunta</valoreKey>
        </datoKey>
        <datoKey>
          <colonnaKey>dt_istituz</colonnaKey>
          <labelKey>Data istituzione</labelKey>
          <valoreKey>12/02/2015</valoreKey>
        </datoKey>
      </keyRecord>
      <datoRecord>
        <colonnaDato>dt_soppres</colonnaDato>
        <labelDato>Data soppressione</labelDato>
        <valoreDato>31/12/2444</valoreDato>
      </datoRecord>
      <recordChild>
        <tipoRecord>Campo per partizionamento</tipoRecord>
        <child>
          <idRecord>1282</idRecord>
          <keyRecord>
            <datoKey>
              <colonnaKey>ti_campo</colonnaKey>
              <labelKey>Tipo campo</labelKey>
              <valoreKey>SUB_STRUT</valoreKey>
            </datoKey>
            <datoKey>
              <colonnaKey>nm_campo</colonnaKey>
              <labelKey>Nome campo</labelKey>
              <valoreKey>SUB_STRUTTURA</valoreKey>
            </datoKey>
          </keyRecord>
          <datoRecord>
            <colonnaDato>nm_sub_strut</colonnaDato>
            <labelDato>Sottostruttura</labelDato>
            <valoreDato>DEFAULT</valoreDato>
          </datoRecord>
          <datoRecord>
            <colonnaDato>nm_attrib_dati_spec</colonnaDato>
            <labelDato>Dato specifico</labelDato>
            <valoreDato>null</valoreDato>
          </datoRecord>
        </child>
      </recordChild>
    </child>
    <child>
      <idRecord>1970</idRecord>
      <keyRecord>
        <datoKey>
          <colonnaKey>nm_tipo_doc</colonnaKey>
          <labelKey>Tipo documento principale</labelKey>
          <valoreKey>V_Deliberazioni di Giunta</valoreKey>
        </datoKey>
        <datoKey>
          <colonnaKey>dt_istituz</colonnaKey>
          <labelKey>Data istituzione</labelKey>
          <valoreKey>12/02/2015</valoreKey>
        </datoKey>
      </keyRecord>
      <datoRecord>
        <colonnaDato>dt_soppres</colonnaDato>
        <labelDato>Data soppressione</labelDato>
        <valoreDato>31/12/2444</valoreDato>
      </datoRecord>
      <recordChild>
        <tipoRecord>Campo per partizionamento</tipoRecord>
        <child>
          <idRecord>1281</idRecord>
          <keyRecord>
            <datoKey>
              <colonnaKey>ti_campo</colonnaKey>
              <labelKey>Tipo campo</labelKey>
              <valoreKey>SUB_STRUT</valoreKey>
            </datoKey>
            <datoKey>
              <colonnaKey>nm_campo</colonnaKey>
              <labelKey>Nome campo</labelKey>
              <valoreKey>SUB_STRUTTURA</valoreKey>
            </datoKey>
          </keyRecord>
          <datoRecord>
            <colonnaDato>nm_sub_strut</colonnaDato>
            <labelDato>Sottostruttura</labelDato>
            <valoreDato>DEFAULT</valoreDato>
          </datoRecord>
          <datoRecord>
            <colonnaDato>nm_attrib_dati_spec</colonnaDato>
            <labelDato>Dato specifico</labelDato>
            <valoreDato>null</valoreDato>
          </datoRecord>
        </child>
      </recordChild>
    </child>
    <child>
      <idRecord>1969</idRecord>
      <keyRecord>
        <datoKey>
          <colonnaKey>nm_tipo_doc</colonnaKey>
          <labelKey>Tipo documento principale</labelKey>
          <valoreKey>V_Deliberazioni di Giunta</valoreKey>
        </datoKey>
        <datoKey>
          <colonnaKey>dt_istituz</colonnaKey>
          <labelKey>Data istituzione</labelKey>
          <valoreKey>12/02/2015</valoreKey>
        </datoKey>
      </keyRecord>
      <datoRecord>
        <colonnaDato>dt_soppres</colonnaDato>
        <labelDato>Data soppressione</labelDato>
        <valoreDato>31/12/2444</valoreDato>
      </datoRecord>
      <recordChild>
        <tipoRecord>Campo per partizionamento</tipoRecord>
        <child>
          <idRecord>1280</idRecord>
          <keyRecord>
            <datoKey>
              <colonnaKey>ti_campo</colonnaKey>
              <labelKey>Tipo campo</labelKey>
              <valoreKey>SUB_STRUT</valoreKey>
            </datoKey>
            <datoKey>
              <colonnaKey>nm_campo</colonnaKey>
              <labelKey>Nome campo</labelKey>
              <valoreKey>SUB_STRUTTURA</valoreKey>
            </datoKey>
          </keyRecord>
          <datoRecord>
            <colonnaDato>nm_sub_strut</colonnaDato>
            <labelDato>Sottostruttura</labelDato>
            <valoreDato>DEFAULT</valoreDato>
          </datoRecord>
          <datoRecord>
            <colonnaDato>nm_attrib_dati_spec</colonnaDato>
            <labelDato>Dato specifico</labelDato>
            <valoreDato>null</valoreDato>
          </datoRecord>
        </child>
      </recordChild>
    </child>
    <child>
      <idRecord>1968</idRecord>
      <keyRecord>
        <datoKey>
          <colonnaKey>nm_tipo_doc</colonnaKey>
          <labelKey>Tipo documento principale</labelKey>
          <valoreKey>V_Deliberazioni di Giunta</valoreKey>
        </datoKey>
        <datoKey>
          <colonnaKey>dt_istituz</colonnaKey>
          <labelKey>Data istituzione</labelKey>
          <valoreKey>12/02/2015</valoreKey>
        </datoKey>
      </keyRecord>
      <datoRecord>
        <colonnaDato>dt_soppres</colonnaDato>
        <labelDato>Data soppressione</labelDato>
        <valoreDato>31/12/2444</valoreDato>
      </datoRecord>
      <recordChild>
        <tipoRecord>Campo per partizionamento</tipoRecord>
        <child>
          <idRecord>1279</idRecord>
          <keyRecord>
            <datoKey>
              <colonnaKey>ti_campo</colonnaKey>
              <labelKey>Tipo campo</labelKey>
              <valoreKey>SUB_STRUT</valoreKey>
            </datoKey>
            <datoKey>
              <colonnaKey>nm_campo</colonnaKey>
              <labelKey>Nome campo</labelKey>
              <valoreKey>SUB_STRUTTURA</valoreKey>
            </datoKey>
          </keyRecord>
          <datoRecord>
            <colonnaDato>nm_sub_strut</colonnaDato>
            <labelDato>Sottostruttura</labelDato>
            <valoreDato>DEFAULT</valoreDato>
          </datoRecord>
          <datoRecord>
            <colonnaDato>nm_attrib_dati_spec</colonnaDato>
            <labelDato>Dato specifico</labelDato>
            <valoreDato>null</valoreDato>
          </datoRecord>
        </child>
      </recordChild>
    </child>
    <child>
      <idRecord>2020</idRecord>
      <keyRecord>
        <datoKey>
          <colonnaKey>nm_tipo_doc</colonnaKey>
          <labelKey>Tipo documento principale</labelKey>
          <valoreKey>Verbali di Giunta</valoreKey>
        </datoKey>
        <datoKey>
          <colonnaKey>dt_istituz</colonnaKey>
          <labelKey>Data istituzione</labelKey>
          <valoreKey>12/02/2015</valoreKey>
        </datoKey>
      </keyRecord>
      <datoRecord>
        <colonnaDato>dt_soppres</colonnaDato>
        <labelDato>Data soppressione</labelDato>
        <valoreDato>31/12/2444</valoreDato>
      </datoRecord>
      <recordChild>
        <tipoRecord>Campo per partizionamento</tipoRecord>
        <child>
          <idRecord>663</idRecord>
          <keyRecord>
            <datoKey>
              <colonnaKey>ti_campo</colonnaKey>
              <labelKey>Tipo campo</labelKey>
              <valoreKey>SUB_STRUT</valoreKey>
            </datoKey>
            <datoKey>
              <colonnaKey>nm_campo</colonnaKey>
              <labelKey>Nome campo</labelKey>
              <valoreKey>SUB_STRUTTURA</valoreKey>
            </datoKey>
          </keyRecord>
          <datoRecord>
            <colonnaDato>nm_sub_strut</colonnaDato>
            <labelDato>Sottostruttura</labelDato>
            <valoreDato>DEFAULT</valoreDato>
          </datoRecord>
          <datoRecord>
            <colonnaDato>nm_attrib_dati_spec</colonnaDato>
            <labelDato>Dato specifico</labelDato>
            <valoreDato>null</valoreDato>
          </datoRecord>
        </child>
      </recordChild>
    </child>
    <child>
      <idRecord>521</idRecord>
      <keyRecord>
        <datoKey>
          <colonnaKey>nm_tipo_doc</colonnaKey>
          <labelKey>Tipo documento principale</labelKey>
          <valoreKey>Verbali di Giunta</valoreKey>
        </datoKey>
        <datoKey>
          <colonnaKey>dt_istituz</colonnaKey>
          <labelKey>Data istituzione</labelKey>
          <valoreKey>10/11/2014</valoreKey>
        </datoKey>
      </keyRecord>
      <datoRecord>
        <colonnaDato>dt_soppres</colonnaDato>
        <labelDato>Data soppressione</labelDato>
        <valoreDato>31/12/2444</valoreDato>
      </datoRecord>
      <recordChild>
        <tipoRecord>Campo per partizionamento</tipoRecord>
        <child>
          <idRecord>265</idRecord>
          <keyRecord>
            <datoKey>
              <colonnaKey>ti_campo</colonnaKey>
              <labelKey>Tipo campo</labelKey>
              <valoreKey>SUB_STRUT</valoreKey>
            </datoKey>
            <datoKey>
              <colonnaKey>nm_campo</colonnaKey>
              <labelKey>Nome campo</labelKey>
              <valoreKey>SUB_STRUTTURA</valoreKey>
            </datoKey>
          </keyRecord>
          <datoRecord>
            <colonnaDato>nm_sub_strut</colonnaDato>
            <labelDato>Sottostruttura</labelDato>
            <valoreDato>DEFAULT</valoreDato>
          </datoRecord>
          <datoRecord>
            <colonnaDato>nm_attrib_dati_spec</colonnaDato>
            <labelDato>Dato specifico</labelDato>
            <valoreDato>null</valoreDato>
          </datoRecord>
        </child>
      </recordChild>
    </child>
    <child>
      <idRecord>2032</idRecord>
      <keyRecord>
        <datoKey>
          <colonnaKey>nm_tipo_doc</colonnaKey>
          <labelKey>Tipo documento principale</labelKey>
          <valoreKey>Verbali di Giunta</valoreKey>
        </datoKey>
        <datoKey>
          <colonnaKey>dt_istituz</colonnaKey>
          <labelKey>Data istituzione</labelKey>
          <valoreKey>12/02/2015</valoreKey>
        </datoKey>
      </keyRecord>
      <datoRecord>
        <colonnaDato>dt_soppres</colonnaDato>
        <labelDato>Data soppressione</labelDato>
        <valoreDato>31/12/2444</valoreDato>
      </datoRecord>
      <recordChild>
        <tipoRecord>Campo per partizionamento</tipoRecord>
        <child>
          <idRecord>675</idRecord>
          <keyRecord>
            <datoKey>
              <colonnaKey>ti_campo</colonnaKey>
              <labelKey>Tipo campo</labelKey>
              <valoreKey>SUB_STRUT</valoreKey>
            </datoKey>
            <datoKey>
              <colonnaKey>nm_campo</colonnaKey>
              <labelKey>Nome campo</labelKey>
              <valoreKey>SUB_STRUTTURA</valoreKey>
            </datoKey>
          </keyRecord>
          <datoRecord>
            <colonnaDato>nm_sub_strut</colonnaDato>
            <labelDato>Sottostruttura</labelDato>
            <valoreDato>DEFAULT</valoreDato>
          </datoRecord>
          <datoRecord>
            <colonnaDato>nm_attrib_dati_spec</colonnaDato>
            <labelDato>Dato specifico</labelDato>
            <valoreDato>null</valoreDato>
          </datoRecord>
        </child>
      </recordChild>
    </child>
    <child>
      <idRecord>2031</idRecord>
      <keyRecord>
        <datoKey>
          <colonnaKey>nm_tipo_doc</colonnaKey>
          <labelKey>Tipo documento principale</labelKey>
          <valoreKey>Verbali di Giunta</valoreKey>
        </datoKey>
        <datoKey>
          <colonnaKey>dt_istituz</colonnaKey>
          <labelKey>Data istituzione</labelKey>
          <valoreKey>12/02/2015</valoreKey>
        </datoKey>
      </keyRecord>
      <datoRecord>
        <colonnaDato>dt_soppres</colonnaDato>
        <labelDato>Data soppressione</labelDato>
        <valoreDato>31/12/2444</valoreDato>
      </datoRecord>
      <recordChild>
        <tipoRecord>Campo per partizionamento</tipoRecord>
        <child>
          <idRecord>674</idRecord>
          <keyRecord>
            <datoKey>
              <colonnaKey>ti_campo</colonnaKey>
              <labelKey>Tipo campo</labelKey>
              <valoreKey>SUB_STRUT</valoreKey>
            </datoKey>
            <datoKey>
              <colonnaKey>nm_campo</colonnaKey>
              <labelKey>Nome campo</labelKey>
              <valoreKey>SUB_STRUTTURA</valoreKey>
            </datoKey>
          </keyRecord>
          <datoRecord>
            <colonnaDato>nm_sub_strut</colonnaDato>
            <labelDato>Sottostruttura</labelDato>
            <valoreDato>DEFAULT</valoreDato>
          </datoRecord>
          <datoRecord>
            <colonnaDato>nm_attrib_dati_spec</colonnaDato>
            <labelDato>Dato specifico</labelDato>
            <valoreDato>null</valoreDato>
          </datoRecord>
        </child>
      </recordChild>
    </child>
    <child>
      <idRecord>2030</idRecord>
      <keyRecord>
        <datoKey>
          <colonnaKey>nm_tipo_doc</colonnaKey>
          <labelKey>Tipo documento principale</labelKey>
          <valoreKey>Verbali di Giunta</valoreKey>
        </datoKey>
        <datoKey>
          <colonnaKey>dt_istituz</colonnaKey>
          <labelKey>Data istituzione</labelKey>
          <valoreKey>12/02/2015</valoreKey>
        </datoKey>
      </keyRecord>
      <datoRecord>
        <colonnaDato>dt_soppres</colonnaDato>
        <labelDato>Data soppressione</labelDato>
        <valoreDato>31/12/2444</valoreDato>
      </datoRecord>
      <recordChild>
        <tipoRecord>Campo per partizionamento</tipoRecord>
        <child>
          <idRecord>673</idRecord>
          <keyRecord>
            <datoKey>
              <colonnaKey>ti_campo</colonnaKey>
              <labelKey>Tipo campo</labelKey>
              <valoreKey>SUB_STRUT</valoreKey>
            </datoKey>
            <datoKey>
              <colonnaKey>nm_campo</colonnaKey>
              <labelKey>Nome campo</labelKey>
              <valoreKey>SUB_STRUTTURA</valoreKey>
            </datoKey>
          </keyRecord>
          <datoRecord>
            <colonnaDato>nm_sub_strut</colonnaDato>
            <labelDato>Sottostruttura</labelDato>
            <valoreDato>DEFAULT</valoreDato>
          </datoRecord>
          <datoRecord>
            <colonnaDato>nm_attrib_dati_spec</colonnaDato>
            <labelDato>Dato specifico</labelDato>
            <valoreDato>null</valoreDato>
          </datoRecord>
        </child>
      </recordChild>
    </child>
    <child>
      <idRecord>2029</idRecord>
      <keyRecord>
        <datoKey>
          <colonnaKey>nm_tipo_doc</colonnaKey>
          <labelKey>Tipo documento principale</labelKey>
          <valoreKey>Verbali di Giunta</valoreKey>
        </datoKey>
        <datoKey>
          <colonnaKey>dt_istituz</colonnaKey>
          <labelKey>Data istituzione</labelKey>
          <valoreKey>12/02/2015</valoreKey>
        </datoKey>
      </keyRecord>
      <datoRecord>
        <colonnaDato>dt_soppres</colonnaDato>
        <labelDato>Data soppressione</labelDato>
        <valoreDato>31/12/2444</valoreDato>
      </datoRecord>
      <recordChild>
        <tipoRecord>Campo per partizionamento</tipoRecord>
        <child>
          <idRecord>672</idRecord>
          <keyRecord>
            <datoKey>
              <colonnaKey>ti_campo</colonnaKey>
              <labelKey>Tipo campo</labelKey>
              <valoreKey>SUB_STRUT</valoreKey>
            </datoKey>
            <datoKey>
              <colonnaKey>nm_campo</colonnaKey>
              <labelKey>Nome campo</labelKey>
              <valoreKey>SUB_STRUTTURA</valoreKey>
            </datoKey>
          </keyRecord>
          <datoRecord>
            <colonnaDato>nm_sub_strut</colonnaDato>
            <labelDato>Sottostruttura</labelDato>
            <valoreDato>DEFAULT</valoreDato>
          </datoRecord>
          <datoRecord>
            <colonnaDato>nm_attrib_dati_spec</colonnaDato>
            <labelDato>Dato specifico</labelDato>
            <valoreDato>null</valoreDato>
          </datoRecord>
        </child>
      </recordChild>
    </child>
    <child>
      <idRecord>2028</idRecord>
      <keyRecord>
        <datoKey>
          <colonnaKey>nm_tipo_doc</colonnaKey>
          <labelKey>Tipo documento principale</labelKey>
          <valoreKey>Verbali di Giunta</valoreKey>
        </datoKey>
        <datoKey>
          <colonnaKey>dt_istituz</colonnaKey>
          <labelKey>Data istituzione</labelKey>
          <valoreKey>12/02/2015</valoreKey>
        </datoKey>
      </keyRecord>
      <datoRecord>
        <colonnaDato>dt_soppres</colonnaDato>
        <labelDato>Data soppressione</labelDato>
        <valoreDato>31/12/2444</valoreDato>
      </datoRecord>
      <recordChild>
        <tipoRecord>Campo per partizionamento</tipoRecord>
        <child>
          <idRecord>671</idRecord>
          <keyRecord>
            <datoKey>
              <colonnaKey>ti_campo</colonnaKey>
              <labelKey>Tipo campo</labelKey>
              <valoreKey>SUB_STRUT</valoreKey>
            </datoKey>
            <datoKey>
              <colonnaKey>nm_campo</colonnaKey>
              <labelKey>Nome campo</labelKey>
              <valoreKey>SUB_STRUTTURA</valoreKey>
            </datoKey>
          </keyRecord>
          <datoRecord>
            <colonnaDato>nm_sub_strut</colonnaDato>
            <labelDato>Sottostruttura</labelDato>
            <valoreDato>DEFAULT</valoreDato>
          </datoRecord>
          <datoRecord>
            <colonnaDato>nm_attrib_dati_spec</colonnaDato>
            <labelDato>Dato specifico</labelDato>
            <valoreDato>null</valoreDato>
          </datoRecord>
        </child>
      </recordChild>
    </child>
    <child>
      <idRecord>2027</idRecord>
      <keyRecord>
        <datoKey>
          <colonnaKey>nm_tipo_doc</colonnaKey>
          <labelKey>Tipo documento principale</labelKey>
          <valoreKey>Verbali di Giunta</valoreKey>
        </datoKey>
        <datoKey>
          <colonnaKey>dt_istituz</colonnaKey>
          <labelKey>Data istituzione</labelKey>
          <valoreKey>12/02/2015</valoreKey>
        </datoKey>
      </keyRecord>
      <datoRecord>
        <colonnaDato>dt_soppres</colonnaDato>
        <labelDato>Data soppressione</labelDato>
        <valoreDato>31/12/2444</valoreDato>
      </datoRecord>
      <recordChild>
        <tipoRecord>Campo per partizionamento</tipoRecord>
        <child>
          <idRecord>670</idRecord>
          <keyRecord>
            <datoKey>
              <colonnaKey>ti_campo</colonnaKey>
              <labelKey>Tipo campo</labelKey>
              <valoreKey>SUB_STRUT</valoreKey>
            </datoKey>
            <datoKey>
              <colonnaKey>nm_campo</colonnaKey>
              <labelKey>Nome campo</labelKey>
              <valoreKey>SUB_STRUTTURA</valoreKey>
            </datoKey>
          </keyRecord>
          <datoRecord>
            <colonnaDato>nm_sub_strut</colonnaDato>
            <labelDato>Sottostruttura</labelDato>
            <valoreDato>DEFAULT</valoreDato>
          </datoRecord>
          <datoRecord>
            <colonnaDato>nm_attrib_dati_spec</colonnaDato>
            <labelDato>Dato specifico</labelDato>
            <valoreDato>null</valoreDato>
          </datoRecord>
        </child>
      </recordChild>
    </child>
    <child>
      <idRecord>2026</idRecord>
      <keyRecord>
        <datoKey>
          <colonnaKey>nm_tipo_doc</colonnaKey>
          <labelKey>Tipo documento principale</labelKey>
          <valoreKey>Verbali di Giunta</valoreKey>
        </datoKey>
        <datoKey>
          <colonnaKey>dt_istituz</colonnaKey>
          <labelKey>Data istituzione</labelKey>
          <valoreKey>12/02/2015</valoreKey>
        </datoKey>
      </keyRecord>
      <datoRecord>
        <colonnaDato>dt_soppres</colonnaDato>
        <labelDato>Data soppressione</labelDato>
        <valoreDato>31/12/2444</valoreDato>
      </datoRecord>
      <recordChild>
        <tipoRecord>Campo per partizionamento</tipoRecord>
        <child>
          <idRecord>669</idRecord>
          <keyRecord>
            <datoKey>
              <colonnaKey>ti_campo</colonnaKey>
              <labelKey>Tipo campo</labelKey>
              <valoreKey>SUB_STRUT</valoreKey>
            </datoKey>
            <datoKey>
              <colonnaKey>nm_campo</colonnaKey>
              <labelKey>Nome campo</labelKey>
              <valoreKey>SUB_STRUTTURA</valoreKey>
            </datoKey>
          </keyRecord>
          <datoRecord>
            <colonnaDato>nm_sub_strut</colonnaDato>
            <labelDato>Sottostruttura</labelDato>
            <valoreDato>DEFAULT</valoreDato>
          </datoRecord>
          <datoRecord>
            <colonnaDato>nm_attrib_dati_spec</colonnaDato>
            <labelDato>Dato specifico</labelDato>
            <valoreDato>null</valoreDato>
          </datoRecord>
        </child>
      </recordChild>
    </child>
    <child>
      <idRecord>2025</idRecord>
      <keyRecord>
        <datoKey>
          <colonnaKey>nm_tipo_doc</colonnaKey>
          <labelKey>Tipo documento principale</labelKey>
          <valoreKey>Verbali di Giunta</valoreKey>
        </datoKey>
        <datoKey>
          <colonnaKey>dt_istituz</colonnaKey>
          <labelKey>Data istituzione</labelKey>
          <valoreKey>12/02/2015</valoreKey>
        </datoKey>
      </keyRecord>
      <datoRecord>
        <colonnaDato>dt_soppres</colonnaDato>
        <labelDato>Data soppressione</labelDato>
        <valoreDato>31/12/2444</valoreDato>
      </datoRecord>
      <recordChild>
        <tipoRecord>Campo per partizionamento</tipoRecord>
        <child>
          <idRecord>668</idRecord>
          <keyRecord>
            <datoKey>
              <colonnaKey>ti_campo</colonnaKey>
              <labelKey>Tipo campo</labelKey>
              <valoreKey>SUB_STRUT</valoreKey>
            </datoKey>
            <datoKey>
              <colonnaKey>nm_campo</colonnaKey>
              <labelKey>Nome campo</labelKey>
              <valoreKey>SUB_STRUTTURA</valoreKey>
            </datoKey>
          </keyRecord>
          <datoRecord>
            <colonnaDato>nm_sub_strut</colonnaDato>
            <labelDato>Sottostruttura</labelDato>
            <valoreDato>DEFAULT</valoreDato>
          </datoRecord>
          <datoRecord>
            <colonnaDato>nm_attrib_dati_spec</colonnaDato>
            <labelDato>Dato specifico</labelDato>
            <valoreDato>null</valoreDato>
          </datoRecord>
        </child>
      </recordChild>
    </child>
    <child>
      <idRecord>2024</idRecord>
      <keyRecord>
        <datoKey>
          <colonnaKey>nm_tipo_doc</colonnaKey>
          <labelKey>Tipo documento principale</labelKey>
          <valoreKey>Verbali di Giunta</valoreKey>
        </datoKey>
        <datoKey>
          <colonnaKey>dt_istituz</colonnaKey>
          <labelKey>Data istituzione</labelKey>
          <valoreKey>12/02/2015</valoreKey>
        </datoKey>
      </keyRecord>
      <datoRecord>
        <colonnaDato>dt_soppres</colonnaDato>
        <labelDato>Data soppressione</labelDato>
        <valoreDato>31/12/2444</valoreDato>
      </datoRecord>
      <recordChild>
        <tipoRecord>Campo per partizionamento</tipoRecord>
        <child>
          <idRecord>667</idRecord>
          <keyRecord>
            <datoKey>
              <colonnaKey>ti_campo</colonnaKey>
              <labelKey>Tipo campo</labelKey>
              <valoreKey>SUB_STRUT</valoreKey>
            </datoKey>
            <datoKey>
              <colonnaKey>nm_campo</colonnaKey>
              <labelKey>Nome campo</labelKey>
              <valoreKey>SUB_STRUTTURA</valoreKey>
            </datoKey>
          </keyRecord>
          <datoRecord>
            <colonnaDato>nm_sub_strut</colonnaDato>
            <labelDato>Sottostruttura</labelDato>
            <valoreDato>DEFAULT</valoreDato>
          </datoRecord>
          <datoRecord>
            <colonnaDato>nm_attrib_dati_spec</colonnaDato>
            <labelDato>Dato specifico</labelDato>
            <valoreDato>null</valoreDato>
          </datoRecord>
        </child>
      </recordChild>
    </child>
    <child>
      <idRecord>2023</idRecord>
      <keyRecord>
        <datoKey>
          <colonnaKey>nm_tipo_doc</colonnaKey>
          <labelKey>Tipo documento principale</labelKey>
          <valoreKey>Verbali di Giunta</valoreKey>
        </datoKey>
        <datoKey>
          <colonnaKey>dt_istituz</colonnaKey>
          <labelKey>Data istituzione</labelKey>
          <valoreKey>12/02/2015</valoreKey>
        </datoKey>
      </keyRecord>
      <datoRecord>
        <colonnaDato>dt_soppres</colonnaDato>
        <labelDato>Data soppressione</labelDato>
        <valoreDato>31/12/2444</valoreDato>
      </datoRecord>
      <recordChild>
        <tipoRecord>Campo per partizionamento</tipoRecord>
        <child>
          <idRecord>666</idRecord>
          <keyRecord>
            <datoKey>
              <colonnaKey>ti_campo</colonnaKey>
              <labelKey>Tipo campo</labelKey>
              <valoreKey>SUB_STRUT</valoreKey>
            </datoKey>
            <datoKey>
              <colonnaKey>nm_campo</colonnaKey>
              <labelKey>Nome campo</labelKey>
              <valoreKey>SUB_STRUTTURA</valoreKey>
            </datoKey>
          </keyRecord>
          <datoRecord>
            <colonnaDato>nm_sub_strut</colonnaDato>
            <labelDato>Sottostruttura</labelDato>
            <valoreDato>DEFAULT</valoreDato>
          </datoRecord>
          <datoRecord>
            <colonnaDato>nm_attrib_dati_spec</colonnaDato>
            <labelDato>Dato specifico</labelDato>
            <valoreDato>null</valoreDato>
          </datoRecord>
        </child>
      </recordChild>
    </child>
    <child>
      <idRecord>2022</idRecord>
      <keyRecord>
        <datoKey>
          <colonnaKey>nm_tipo_doc</colonnaKey>
          <labelKey>Tipo documento principale</labelKey>
          <valoreKey>Verbali di Giunta</valoreKey>
        </datoKey>
        <datoKey>
          <colonnaKey>dt_istituz</colonnaKey>
          <labelKey>Data istituzione</labelKey>
          <valoreKey>12/02/2015</valoreKey>
        </datoKey>
      </keyRecord>
      <datoRecord>
        <colonnaDato>dt_soppres</colonnaDato>
        <labelDato>Data soppressione</labelDato>
        <valoreDato>31/12/2444</valoreDato>
      </datoRecord>
      <recordChild>
        <tipoRecord>Campo per partizionamento</tipoRecord>
        <child>
          <idRecord>665</idRecord>
          <keyRecord>
            <datoKey>
              <colonnaKey>ti_campo</colonnaKey>
              <labelKey>Tipo campo</labelKey>
              <valoreKey>SUB_STRUT</valoreKey>
            </datoKey>
            <datoKey>
              <colonnaKey>nm_campo</colonnaKey>
              <labelKey>Nome campo</labelKey>
              <valoreKey>SUB_STRUTTURA</valoreKey>
            </datoKey>
          </keyRecord>
          <datoRecord>
            <colonnaDato>nm_sub_strut</colonnaDato>
            <labelDato>Sottostruttura</labelDato>
            <valoreDato>DEFAULT</valoreDato>
          </datoRecord>
          <datoRecord>
            <colonnaDato>nm_attrib_dati_spec</colonnaDato>
            <labelDato>Dato specifico</labelDato>
            <valoreDato>null</valoreDato>
          </datoRecord>
        </child>
      </recordChild>
    </child>
    <child>
      <idRecord>2021</idRecord>
      <keyRecord>
        <datoKey>
          <colonnaKey>nm_tipo_doc</colonnaKey>
          <labelKey>Tipo documento principale</labelKey>
          <valoreKey>Verbali di Giunta</valoreKey>
        </datoKey>
        <datoKey>
          <colonnaKey>dt_istituz</colonnaKey>
          <labelKey>Data istituzione</labelKey>
          <valoreKey>12/02/2015</valoreKey>
        </datoKey>
      </keyRecord>
      <datoRecord>
        <colonnaDato>dt_soppres</colonnaDato>
        <labelDato>Data soppressione</labelDato>
        <valoreDato>31/12/2444</valoreDato>
      </datoRecord>
      <recordChild>
        <tipoRecord>Campo per partizionamento</tipoRecord>
        <child>
          <idRecord>664</idRecord>
          <keyRecord>
            <datoKey>
              <colonnaKey>ti_campo</colonnaKey>
              <labelKey>Tipo campo</labelKey>
              <valoreKey>SUB_STRUT</valoreKey>
            </datoKey>
            <datoKey>
              <colonnaKey>nm_campo</colonnaKey>
              <labelKey>Nome campo</labelKey>
              <valoreKey>SUB_STRUTTURA</valoreKey>
            </datoKey>
          </keyRecord>
          <datoRecord>
            <colonnaDato>nm_sub_strut</colonnaDato>
            <labelDato>Sottostruttura</labelDato>
            <valoreDato>DEFAULT</valoreDato>
          </datoRecord>
          <datoRecord>
            <colonnaDato>nm_attrib_dati_spec</colonnaDato>
            <labelDato>Dato specifico</labelDato>
            <valoreDato>null</valoreDato>
          </datoRecord>
        </child>
      </recordChild>
    </child>
    <child>
      <idRecord>11510</idRecord>
      <keyRecord>
        <datoKey>
          <colonnaKey>nm_tipo_doc</colonnaKey>
          <labelKey>Tipo documento principale</labelKey>
          <valoreKey>doc 1 modificato</valoreKey>
        </datoKey>
        <datoKey>
          <colonnaKey>dt_istituz</colonnaKey>
          <labelKey>Data istituzione</labelKey>
          <valoreKey>11/10/2016</valoreKey>
        </datoKey>
      </keyRecord>
      <datoRecord>
        <colonnaDato>dt_soppres</colonnaDato>
        <labelDato>Data soppressione</labelDato>
        <valoreDato>31/12/2444</valoreDato>
      </datoRecord>
      <recordChild>
        <tipoRecord>Campo per partizionamento</tipoRecord>
        <child>
          <idRecord>9630</idRecord>
          <keyRecord>
            <datoKey>
              <colonnaKey>ti_campo</colonnaKey>
              <labelKey>Tipo campo</labelKey>
              <valoreKey>SUB_STRUT</valoreKey>
            </datoKey>
            <datoKey>
              <colonnaKey>nm_campo</colonnaKey>
              <labelKey>Nome campo</labelKey>
              <valoreKey>SUB_STRUTTURA</valoreKey>
            </datoKey>
          </keyRecord>
          <datoRecord>
            <colonnaDato>nm_sub_strut</colonnaDato>
            <labelDato>Sottostruttura</labelDato>
            <valoreDato>DEFAULT</valoreDato>
          </datoRecord>
          <datoRecord>
            <colonnaDato>nm_attrib_dati_spec</colonnaDato>
            <labelDato>Dato specifico</labelDato>
            <valoreDato>null</valoreDato>
          </datoRecord>
        </child>
      </recordChild>
    </child>
    <child>
      <idRecord>924</idRecord>
      <keyRecord>
        <datoKey>
          <colonnaKey>nm_tipo_doc</colonnaKey>
          <labelKey>Tipo documento principale</labelKey>
          <valoreKey>doc_alleg</valoreKey>
        </datoKey>
        <datoKey>
          <colonnaKey>dt_istituz</colonnaKey>
          <labelKey>Data istituzione</labelKey>
          <valoreKey>19/01/2015</valoreKey>
        </datoKey>
      </keyRecord>
      <datoRecord>
        <colonnaDato>dt_soppres</colonnaDato>
        <labelDato>Data soppressione</labelDato>
        <valoreDato>31/12/2444</valoreDato>
      </datoRecord>
      <recordChild>
        <tipoRecord>Campo per partizionamento</tipoRecord>
        <child>
          <idRecord>604</idRecord>
          <keyRecord>
            <datoKey>
              <colonnaKey>ti_campo</colonnaKey>
              <labelKey>Tipo campo</labelKey>
              <valoreKey>SUB_STRUT</valoreKey>
            </datoKey>
            <datoKey>
              <colonnaKey>nm_campo</colonnaKey>
              <labelKey>Nome campo</labelKey>
              <valoreKey>SUB_STRUTTURA</valoreKey>
            </datoKey>
          </keyRecord>
          <datoRecord>
            <colonnaDato>nm_sub_strut</colonnaDato>
            <labelDato>Sottostruttura</labelDato>
            <valoreDato>DEFAULT</valoreDato>
          </datoRecord>
          <datoRecord>
            <colonnaDato>nm_attrib_dati_spec</colonnaDato>
            <labelDato>Dato specifico</labelDato>
            <valoreDato>null</valoreDato>
          </datoRecord>
        </child>
      </recordChild>
    </child>
    <child>
      <idRecord>2386</idRecord>
      <keyRecord>
        <datoKey>
          <colonnaKey>nm_tipo_doc</colonnaKey>
          <labelKey>Tipo documento principale</labelKey>
          <valoreKey>doc_alleg</valoreKey>
        </datoKey>
        <datoKey>
          <colonnaKey>dt_istituz</colonnaKey>
          <labelKey>Data istituzione</labelKey>
          <valoreKey>12/02/2015</valoreKey>
        </datoKey>
      </keyRecord>
      <datoRecord>
        <colonnaDato>dt_soppres</colonnaDato>
        <labelDato>Data soppressione</labelDato>
        <valoreDato>31/12/2444</valoreDato>
      </datoRecord>
      <recordChild>
        <tipoRecord>Campo per partizionamento</tipoRecord>
        <child>
          <idRecord>1029</idRecord>
          <keyRecord>
            <datoKey>
              <colonnaKey>ti_campo</colonnaKey>
              <labelKey>Tipo campo</labelKey>
              <valoreKey>SUB_STRUT</valoreKey>
            </datoKey>
            <datoKey>
              <colonnaKey>nm_campo</colonnaKey>
              <labelKey>Nome campo</labelKey>
              <valoreKey>SUB_STRUTTURA</valoreKey>
            </datoKey>
          </keyRecord>
          <datoRecord>
            <colonnaDato>nm_sub_strut</colonnaDato>
            <labelDato>Sottostruttura</labelDato>
            <valoreDato>DEFAULT</valoreDato>
          </datoRecord>
          <datoRecord>
            <colonnaDato>nm_attrib_dati_spec</colonnaDato>
            <labelDato>Dato specifico</labelDato>
            <valoreDato>null</valoreDato>
          </datoRecord>
        </child>
      </recordChild>
    </child>
    <child>
      <idRecord>922</idRecord>
      <keyRecord>
        <datoKey>
          <colonnaKey>nm_tipo_doc</colonnaKey>
          <labelKey>Tipo documento principale</labelKey>
          <valoreKey>doc_alleg</valoreKey>
        </datoKey>
        <datoKey>
          <colonnaKey>dt_istituz</colonnaKey>
          <labelKey>Data istituzione</labelKey>
          <valoreKey>19/01/2015</valoreKey>
        </datoKey>
      </keyRecord>
      <datoRecord>
        <colonnaDato>dt_soppres</colonnaDato>
        <labelDato>Data soppressione</labelDato>
        <valoreDato>31/12/2444</valoreDato>
      </datoRecord>
      <recordChild>
        <tipoRecord>Campo per partizionamento</tipoRecord>
        <child>
          <idRecord>602</idRecord>
          <keyRecord>
            <datoKey>
              <colonnaKey>ti_campo</colonnaKey>
              <labelKey>Tipo campo</labelKey>
              <valoreKey>SUB_STRUT</valoreKey>
            </datoKey>
            <datoKey>
              <colonnaKey>nm_campo</colonnaKey>
              <labelKey>Nome campo</labelKey>
              <valoreKey>SUB_STRUTTURA</valoreKey>
            </datoKey>
          </keyRecord>
          <datoRecord>
            <colonnaDato>nm_sub_strut</colonnaDato>
            <labelDato>Sottostruttura</labelDato>
            <valoreDato>DEFAULT</valoreDato>
          </datoRecord>
          <datoRecord>
            <colonnaDato>nm_attrib_dati_spec</colonnaDato>
            <labelDato>Dato specifico</labelDato>
            <valoreDato>null</valoreDato>
          </datoRecord>
        </child>
      </recordChild>
    </child>
    <child>
      <idRecord>923</idRecord>
      <keyRecord>
        <datoKey>
          <colonnaKey>nm_tipo_doc</colonnaKey>
          <labelKey>Tipo documento principale</labelKey>
          <valoreKey>doc_alleg</valoreKey>
        </datoKey>
        <datoKey>
          <colonnaKey>dt_istituz</colonnaKey>
          <labelKey>Data istituzione</labelKey>
          <valoreKey>19/01/2015</valoreKey>
        </datoKey>
      </keyRecord>
      <datoRecord>
        <colonnaDato>dt_soppres</colonnaDato>
        <labelDato>Data soppressione</labelDato>
        <valoreDato>31/12/2444</valoreDato>
      </datoRecord>
      <recordChild>
        <tipoRecord>Campo per partizionamento</tipoRecord>
        <child>
          <idRecord>603</idRecord>
          <keyRecord>
            <datoKey>
              <colonnaKey>ti_campo</colonnaKey>
              <labelKey>Tipo campo</labelKey>
              <valoreKey>SUB_STRUT</valoreKey>
            </datoKey>
            <datoKey>
              <colonnaKey>nm_campo</colonnaKey>
              <labelKey>Nome campo</labelKey>
              <valoreKey>SUB_STRUTTURA</valoreKey>
            </datoKey>
          </keyRecord>
          <datoRecord>
            <colonnaDato>nm_sub_strut</colonnaDato>
            <labelDato>Sottostruttura</labelDato>
            <valoreDato>DEFAULT</valoreDato>
          </datoRecord>
          <datoRecord>
            <colonnaDato>nm_attrib_dati_spec</colonnaDato>
            <labelDato>Dato specifico</labelDato>
            <valoreDato>null</valoreDato>
          </datoRecord>
        </child>
      </recordChild>
    </child>
    <child>
      <idRecord>939</idRecord>
      <keyRecord>
        <datoKey>
          <colonnaKey>nm_tipo_doc</colonnaKey>
          <labelKey>Tipo documento principale</labelKey>
          <valoreKey>doc_alleg</valoreKey>
        </datoKey>
        <datoKey>
          <colonnaKey>dt_istituz</colonnaKey>
          <labelKey>Data istituzione</labelKey>
          <valoreKey>19/01/2015</valoreKey>
        </datoKey>
      </keyRecord>
      <datoRecord>
        <colonnaDato>dt_soppres</colonnaDato>
        <labelDato>Data soppressione</labelDato>
        <valoreDato>31/12/2444</valoreDato>
      </datoRecord>
      <recordChild>
        <tipoRecord>Campo per partizionamento</tipoRecord>
        <child>
          <idRecord>619</idRecord>
          <keyRecord>
            <datoKey>
              <colonnaKey>ti_campo</colonnaKey>
              <labelKey>Tipo campo</labelKey>
              <valoreKey>SUB_STRUT</valoreKey>
            </datoKey>
            <datoKey>
              <colonnaKey>nm_campo</colonnaKey>
              <labelKey>Nome campo</labelKey>
              <valoreKey>SUB_STRUTTURA</valoreKey>
            </datoKey>
          </keyRecord>
          <datoRecord>
            <colonnaDato>nm_sub_strut</colonnaDato>
            <labelDato>Sottostruttura</labelDato>
            <valoreDato>DEFAULT</valoreDato>
          </datoRecord>
          <datoRecord>
            <colonnaDato>nm_attrib_dati_spec</colonnaDato>
            <labelDato>Dato specifico</labelDato>
            <valoreDato>null</valoreDato>
          </datoRecord>
        </child>
      </recordChild>
    </child>
    <child>
      <idRecord>940</idRecord>
      <keyRecord>
        <datoKey>
          <colonnaKey>nm_tipo_doc</colonnaKey>
          <labelKey>Tipo documento principale</labelKey>
          <valoreKey>doc_princ</valoreKey>
        </datoKey>
        <datoKey>
          <colonnaKey>dt_istituz</colonnaKey>
          <labelKey>Data istituzione</labelKey>
          <valoreKey>19/01/2015</valoreKey>
        </datoKey>
      </keyRecord>
      <datoRecord>
        <colonnaDato>dt_soppres</colonnaDato>
        <labelDato>Data soppressione</labelDato>
        <valoreDato>31/12/2444</valoreDato>
      </datoRecord>
      <recordChild>
        <tipoRecord>Campo per partizionamento</tipoRecord>
        <child>
          <idRecord>620</idRecord>
          <keyRecord>
            <datoKey>
              <colonnaKey>ti_campo</colonnaKey>
              <labelKey>Tipo campo</labelKey>
              <valoreKey>SUB_STRUT</valoreKey>
            </datoKey>
            <datoKey>
              <colonnaKey>nm_campo</colonnaKey>
              <labelKey>Nome campo</labelKey>
              <valoreKey>SUB_STRUTTURA</valoreKey>
            </datoKey>
          </keyRecord>
          <datoRecord>
            <colonnaDato>nm_sub_strut</colonnaDato>
            <labelDato>Sottostruttura</labelDato>
            <valoreDato>DEFAULT</valoreDato>
          </datoRecord>
          <datoRecord>
            <colonnaDato>nm_attrib_dati_spec</colonnaDato>
            <labelDato>Dato specifico</labelDato>
            <valoreDato>null</valoreDato>
          </datoRecord>
        </child>
      </recordChild>
    </child>
    <child>
      <idRecord>501</idRecord>
      <keyRecord>
        <datoKey>
          <colonnaKey>nm_tipo_doc</colonnaKey>
          <labelKey>Tipo documento principale</labelKey>
          <valoreKey>doc_princ</valoreKey>
        </datoKey>
        <datoKey>
          <colonnaKey>dt_istituz</colonnaKey>
          <labelKey>Data istituzione</labelKey>
          <valoreKey>10/11/2014</valoreKey>
        </datoKey>
      </keyRecord>
      <datoRecord>
        <colonnaDato>dt_soppres</colonnaDato>
        <labelDato>Data soppressione</labelDato>
        <valoreDato>31/12/2444</valoreDato>
      </datoRecord>
      <recordChild>
        <tipoRecord>Campo per partizionamento</tipoRecord>
        <child>
          <idRecord>245</idRecord>
          <keyRecord>
            <datoKey>
              <colonnaKey>ti_campo</colonnaKey>
              <labelKey>Tipo campo</labelKey>
              <valoreKey>SUB_STRUT</valoreKey>
            </datoKey>
            <datoKey>
              <colonnaKey>nm_campo</colonnaKey>
              <labelKey>Nome campo</labelKey>
              <valoreKey>SUB_STRUTTURA</valoreKey>
            </datoKey>
          </keyRecord>
          <datoRecord>
            <colonnaDato>nm_sub_strut</colonnaDato>
            <labelDato>Sottostruttura</labelDato>
            <valoreDato>DEFAULT</valoreDato>
          </datoRecord>
          <datoRecord>
            <colonnaDato>nm_attrib_dati_spec</colonnaDato>
            <labelDato>Dato specifico</labelDato>
            <valoreDato>null</valoreDato>
          </datoRecord>
        </child>
      </recordChild>
    </child>
    <child>
      <idRecord>2295</idRecord>
      <keyRecord>
        <datoKey>
          <colonnaKey>nm_tipo_doc</colonnaKey>
          <labelKey>Tipo documento principale</labelKey>
          <valoreKey>doc_princ</valoreKey>
        </datoKey>
        <datoKey>
          <colonnaKey>dt_istituz</colonnaKey>
          <labelKey>Data istituzione</labelKey>
          <valoreKey>12/02/2015</valoreKey>
        </datoKey>
      </keyRecord>
      <datoRecord>
        <colonnaDato>dt_soppres</colonnaDato>
        <labelDato>Data soppressione</labelDato>
        <valoreDato>31/12/2444</valoreDato>
      </datoRecord>
      <recordChild>
        <tipoRecord>Campo per partizionamento</tipoRecord>
        <child>
          <idRecord>938</idRecord>
          <keyRecord>
            <datoKey>
              <colonnaKey>ti_campo</colonnaKey>
              <labelKey>Tipo campo</labelKey>
              <valoreKey>SUB_STRUT</valoreKey>
            </datoKey>
            <datoKey>
              <colonnaKey>nm_campo</colonnaKey>
              <labelKey>Nome campo</labelKey>
              <valoreKey>SUB_STRUTTURA</valoreKey>
            </datoKey>
          </keyRecord>
          <datoRecord>
            <colonnaDato>nm_sub_strut</colonnaDato>
            <labelDato>Sottostruttura</labelDato>
            <valoreDato>DEFAULT</valoreDato>
          </datoRecord>
          <datoRecord>
            <colonnaDato>nm_attrib_dati_spec</colonnaDato>
            <labelDato>Dato specifico</labelDato>
            <valoreDato>null</valoreDato>
          </datoRecord>
        </child>
      </recordChild>
    </child>
    <child>
      <idRecord>2294</idRecord>
      <keyRecord>
        <datoKey>
          <colonnaKey>nm_tipo_doc</colonnaKey>
          <labelKey>Tipo documento principale</labelKey>
          <valoreKey>doc_princ</valoreKey>
        </datoKey>
        <datoKey>
          <colonnaKey>dt_istituz</colonnaKey>
          <labelKey>Data istituzione</labelKey>
          <valoreKey>12/02/2015</valoreKey>
        </datoKey>
      </keyRecord>
      <datoRecord>
        <colonnaDato>dt_soppres</colonnaDato>
        <labelDato>Data soppressione</labelDato>
        <valoreDato>31/12/2444</valoreDato>
      </datoRecord>
      <recordChild>
        <tipoRecord>Campo per partizionamento</tipoRecord>
        <child>
          <idRecord>937</idRecord>
          <keyRecord>
            <datoKey>
              <colonnaKey>ti_campo</colonnaKey>
              <labelKey>Tipo campo</labelKey>
              <valoreKey>SUB_STRUT</valoreKey>
            </datoKey>
            <datoKey>
              <colonnaKey>nm_campo</colonnaKey>
              <labelKey>Nome campo</labelKey>
              <valoreKey>SUB_STRUTTURA</valoreKey>
            </datoKey>
          </keyRecord>
          <datoRecord>
            <colonnaDato>nm_sub_strut</colonnaDato>
            <labelDato>Sottostruttura</labelDato>
            <valoreDato>DEFAULT</valoreDato>
          </datoRecord>
          <datoRecord>
            <colonnaDato>nm_attrib_dati_spec</colonnaDato>
            <labelDato>Dato specifico</labelDato>
            <valoreDato>null</valoreDato>
          </datoRecord>
        </child>
      </recordChild>
    </child>
    <child>
      <idRecord>2293</idRecord>
      <keyRecord>
        <datoKey>
          <colonnaKey>nm_tipo_doc</colonnaKey>
          <labelKey>Tipo documento principale</labelKey>
          <valoreKey>doc_princ</valoreKey>
        </datoKey>
        <datoKey>
          <colonnaKey>dt_istituz</colonnaKey>
          <labelKey>Data istituzione</labelKey>
          <valoreKey>12/02/2015</valoreKey>
        </datoKey>
      </keyRecord>
      <datoRecord>
        <colonnaDato>dt_soppres</colonnaDato>
        <labelDato>Data soppressione</labelDato>
        <valoreDato>31/12/2444</valoreDato>
      </datoRecord>
      <recordChild>
        <tipoRecord>Campo per partizionamento</tipoRecord>
        <child>
          <idRecord>936</idRecord>
          <keyRecord>
            <datoKey>
              <colonnaKey>ti_campo</colonnaKey>
              <labelKey>Tipo campo</labelKey>
              <valoreKey>SUB_STRUT</valoreKey>
            </datoKey>
            <datoKey>
              <colonnaKey>nm_campo</colonnaKey>
              <labelKey>Nome campo</labelKey>
              <valoreKey>SUB_STRUTTURA</valoreKey>
            </datoKey>
          </keyRecord>
          <datoRecord>
            <colonnaDato>nm_sub_strut</colonnaDato>
            <labelDato>Sottostruttura</labelDato>
            <valoreDato>DEFAULT</valoreDato>
          </datoRecord>
          <datoRecord>
            <colonnaDato>nm_attrib_dati_spec</colonnaDato>
            <labelDato>Dato specifico</labelDato>
            <valoreDato>null</valoreDato>
          </datoRecord>
        </child>
      </recordChild>
    </child>
    <child>
      <idRecord>941</idRecord>
      <keyRecord>
        <datoKey>
          <colonnaKey>nm_tipo_doc</colonnaKey>
          <labelKey>Tipo documento principale</labelKey>
          <valoreKey>doc_princ_1</valoreKey>
        </datoKey>
        <datoKey>
          <colonnaKey>dt_istituz</colonnaKey>
          <labelKey>Data istituzione</labelKey>
          <valoreKey>19/01/2015</valoreKey>
        </datoKey>
      </keyRecord>
      <datoRecord>
        <colonnaDato>dt_soppres</colonnaDato>
        <labelDato>Data soppressione</labelDato>
        <valoreDato>31/12/2444</valoreDato>
      </datoRecord>
      <recordChild>
        <tipoRecord>Campo per partizionamento</tipoRecord>
        <child>
          <idRecord>621</idRecord>
          <keyRecord>
            <datoKey>
              <colonnaKey>ti_campo</colonnaKey>
              <labelKey>Tipo campo</labelKey>
              <valoreKey>SUB_STRUT</valoreKey>
            </datoKey>
            <datoKey>
              <colonnaKey>nm_campo</colonnaKey>
              <labelKey>Nome campo</labelKey>
              <valoreKey>SUB_STRUTTURA</valoreKey>
            </datoKey>
          </keyRecord>
          <datoRecord>
            <colonnaDato>nm_sub_strut</colonnaDato>
            <labelDato>Sottostruttura</labelDato>
            <valoreDato>DEFAULT</valoreDato>
          </datoRecord>
          <datoRecord>
            <colonnaDato>nm_attrib_dati_spec</colonnaDato>
            <labelDato>Dato specifico</labelDato>
            <valoreDato>null</valoreDato>
          </datoRecord>
        </child>
      </recordChild>
    </child>
    <child>
      <idRecord>2394</idRecord>
      <keyRecord>
        <datoKey>
          <colonnaKey>nm_tipo_doc</colonnaKey>
          <labelKey>Tipo documento principale</labelKey>
          <valoreKey>doc_princ_1</valoreKey>
        </datoKey>
        <datoKey>
          <colonnaKey>dt_istituz</colonnaKey>
          <labelKey>Data istituzione</labelKey>
          <valoreKey>12/02/2015</valoreKey>
        </datoKey>
      </keyRecord>
      <datoRecord>
        <colonnaDato>dt_soppres</colonnaDato>
        <labelDato>Data soppressione</labelDato>
        <valoreDato>31/12/2444</valoreDato>
      </datoRecord>
      <recordChild>
        <tipoRecord>Campo per partizionamento</tipoRecord>
        <child>
          <idRecord>1037</idRecord>
          <keyRecord>
            <datoKey>
              <colonnaKey>ti_campo</colonnaKey>
              <labelKey>Tipo campo</labelKey>
              <valoreKey>SUB_STRUT</valoreKey>
            </datoKey>
            <datoKey>
              <colonnaKey>nm_campo</colonnaKey>
              <labelKey>Nome campo</labelKey>
              <valoreKey>SUB_STRUTTURA</valoreKey>
            </datoKey>
          </keyRecord>
          <datoRecord>
            <colonnaDato>nm_sub_strut</colonnaDato>
            <labelDato>Sottostruttura</labelDato>
            <valoreDato>DEFAULT</valoreDato>
          </datoRecord>
          <datoRecord>
            <colonnaDato>nm_attrib_dati_spec</colonnaDato>
            <labelDato>Dato specifico</labelDato>
            <valoreDato>null</valoreDato>
          </datoRecord>
        </child>
      </recordChild>
    </child>
    <child>
      <idRecord>2395</idRecord>
      <keyRecord>
        <datoKey>
          <colonnaKey>nm_tipo_doc</colonnaKey>
          <labelKey>Tipo documento principale</labelKey>
          <valoreKey>doc_princ_1</valoreKey>
        </datoKey>
        <datoKey>
          <colonnaKey>dt_istituz</colonnaKey>
          <labelKey>Data istituzione</labelKey>
          <valoreKey>12/02/2015</valoreKey>
        </datoKey>
      </keyRecord>
      <datoRecord>
        <colonnaDato>dt_soppres</colonnaDato>
        <labelDato>Data soppressione</labelDato>
        <valoreDato>31/12/2444</valoreDato>
      </datoRecord>
      <recordChild>
        <tipoRecord>Campo per partizionamento</tipoRecord>
        <child>
          <idRecord>1038</idRecord>
          <keyRecord>
            <datoKey>
              <colonnaKey>ti_campo</colonnaKey>
              <labelKey>Tipo campo</labelKey>
              <valoreKey>SUB_STRUT</valoreKey>
            </datoKey>
            <datoKey>
              <colonnaKey>nm_campo</colonnaKey>
              <labelKey>Nome campo</labelKey>
              <valoreKey>SUB_STRUTTURA</valoreKey>
            </datoKey>
          </keyRecord>
          <datoRecord>
            <colonnaDato>nm_sub_strut</colonnaDato>
            <labelDato>Sottostruttura</labelDato>
            <valoreDato>DEFAULT</valoreDato>
          </datoRecord>
          <datoRecord>
            <colonnaDato>nm_attrib_dati_spec</colonnaDato>
            <labelDato>Dato specifico</labelDato>
            <valoreDato>null</valoreDato>
          </datoRecord>
        </child>
      </recordChild>
    </child>
    <child>
      <idRecord>2396</idRecord>
      <keyRecord>
        <datoKey>
          <colonnaKey>nm_tipo_doc</colonnaKey>
          <labelKey>Tipo documento principale</labelKey>
          <valoreKey>doc_princ_1</valoreKey>
        </datoKey>
        <datoKey>
          <colonnaKey>dt_istituz</colonnaKey>
          <labelKey>Data istituzione</labelKey>
          <valoreKey>12/02/2015</valoreKey>
        </datoKey>
      </keyRecord>
      <datoRecord>
        <colonnaDato>dt_soppres</colonnaDato>
        <labelDato>Data soppressione</labelDato>
        <valoreDato>31/12/2444</valoreDato>
      </datoRecord>
      <recordChild>
        <tipoRecord>Campo per partizionamento</tipoRecord>
        <child>
          <idRecord>1039</idRecord>
          <keyRecord>
            <datoKey>
              <colonnaKey>ti_campo</colonnaKey>
              <labelKey>Tipo campo</labelKey>
              <valoreKey>SUB_STRUT</valoreKey>
            </datoKey>
            <datoKey>
              <colonnaKey>nm_campo</colonnaKey>
              <labelKey>Nome campo</labelKey>
              <valoreKey>SUB_STRUTTURA</valoreKey>
            </datoKey>
          </keyRecord>
          <datoRecord>
            <colonnaDato>nm_sub_strut</colonnaDato>
            <labelDato>Sottostruttura</labelDato>
            <valoreDato>DEFAULT</valoreDato>
          </datoRecord>
          <datoRecord>
            <colonnaDato>nm_attrib_dati_spec</colonnaDato>
            <labelDato>Dato specifico</labelDato>
            <valoreDato>null</valoreDato>
          </datoRecord>
        </child>
      </recordChild>
    </child>
    <child>
      <idRecord>465</idRecord>
      <keyRecord>
        <datoKey>
          <colonnaKey>nm_tipo_doc</colonnaKey>
          <labelKey>Tipo documento principale</labelKey>
          <valoreKey>doc_princ_1</valoreKey>
        </datoKey>
        <datoKey>
          <colonnaKey>dt_istituz</colonnaKey>
          <labelKey>Data istituzione</labelKey>
          <valoreKey>10/11/2014</valoreKey>
        </datoKey>
      </keyRecord>
      <datoRecord>
        <colonnaDato>dt_soppres</colonnaDato>
        <labelDato>Data soppressione</labelDato>
        <valoreDato>31/12/2444</valoreDato>
      </datoRecord>
      <recordChild>
        <tipoRecord>Campo per partizionamento</tipoRecord>
        <child>
          <idRecord>209</idRecord>
          <keyRecord>
            <datoKey>
              <colonnaKey>ti_campo</colonnaKey>
              <labelKey>Tipo campo</labelKey>
              <valoreKey>SUB_STRUT</valoreKey>
            </datoKey>
            <datoKey>
              <colonnaKey>nm_campo</colonnaKey>
              <labelKey>Nome campo</labelKey>
              <valoreKey>SUB_STRUTTURA</valoreKey>
            </datoKey>
          </keyRecord>
          <datoRecord>
            <colonnaDato>nm_sub_strut</colonnaDato>
            <labelDato>Sottostruttura</labelDato>
            <valoreDato>DEFAULT</valoreDato>
          </datoRecord>
          <datoRecord>
            <colonnaDato>nm_attrib_dati_spec</colonnaDato>
            <labelDato>Dato specifico</labelDato>
            <valoreDato>null</valoreDato>
          </datoRecord>
        </child>
      </recordChild>
    </child>
    <child>
      <idRecord>7442</idRecord>
      <keyRecord>
        <datoKey>
          <colonnaKey>nm_tipo_doc</colonnaKey>
          <labelKey>Tipo documento principale</labelKey>
          <valoreKey>tipo Doc de prova</valoreKey>
        </datoKey>
        <datoKey>
          <colonnaKey>dt_istituz</colonnaKey>
          <labelKey>Data istituzione</labelKey>
          <valoreKey>01/02/2016</valoreKey>
        </datoKey>
      </keyRecord>
      <datoRecord>
        <colonnaDato>dt_soppres</colonnaDato>
        <labelDato>Data soppressione</labelDato>
        <valoreDato>31/12/2444</valoreDato>
      </datoRecord>
      <recordChild>
        <tipoRecord>Campo per partizionamento</tipoRecord>
        <child>
          <idRecord>5902</idRecord>
          <keyRecord>
            <datoKey>
              <colonnaKey>ti_campo</colonnaKey>
              <labelKey>Tipo campo</labelKey>
              <valoreKey>SUB_STRUT</valoreKey>
            </datoKey>
            <datoKey>
              <colonnaKey>nm_campo</colonnaKey>
              <labelKey>Nome campo</labelKey>
              <valoreKey>SUB_STRUTTURA</valoreKey>
            </datoKey>
          </keyRecord>
          <datoRecord>
            <colonnaDato>nm_sub_strut</colonnaDato>
            <labelDato>Sottostruttura</labelDato>
            <valoreDato>DEFAULT</valoreDato>
          </datoRecord>
          <datoRecord>
            <colonnaDato>nm_attrib_dati_spec</colonnaDato>
            <labelDato>Dato specifico</labelDato>
            <valoreDato>null</valoreDato>
          </datoRecord>
        </child>
      </recordChild>
    </child>
    <child>
      <idRecord>508</idRecord>
      <keyRecord>
        <datoKey>
          <colonnaKey>nm_tipo_doc</colonnaKey>
          <labelKey>Tipo documento principale</labelKey>
          <valoreKey>tipo doc a</valoreKey>
        </datoKey>
        <datoKey>
          <colonnaKey>dt_istituz</colonnaKey>
          <labelKey>Data istituzione</labelKey>
          <valoreKey>10/11/2014</valoreKey>
        </datoKey>
      </keyRecord>
      <datoRecord>
        <colonnaDato>dt_soppres</colonnaDato>
        <labelDato>Data soppressione</labelDato>
        <valoreDato>31/12/2444</valoreDato>
      </datoRecord>
      <recordChild>
        <tipoRecord>Campo per partizionamento</tipoRecord>
        <child>
          <idRecord>252</idRecord>
          <keyRecord>
            <datoKey>
              <colonnaKey>ti_campo</colonnaKey>
              <labelKey>Tipo campo</labelKey>
              <valoreKey>SUB_STRUT</valoreKey>
            </datoKey>
            <datoKey>
              <colonnaKey>nm_campo</colonnaKey>
              <labelKey>Nome campo</labelKey>
              <valoreKey>SUB_STRUTTURA</valoreKey>
            </datoKey>
          </keyRecord>
          <datoRecord>
            <colonnaDato>nm_sub_strut</colonnaDato>
            <labelDato>Sottostruttura</labelDato>
            <valoreDato>DEFAULT</valoreDato>
          </datoRecord>
          <datoRecord>
            <colonnaDato>nm_attrib_dati_spec</colonnaDato>
            <labelDato>Dato specifico</labelDato>
            <valoreDato>null</valoreDato>
          </datoRecord>
        </child>
      </recordChild>
    </child>
    <child>
      <idRecord>502</idRecord>
      <keyRecord>
        <datoKey>
          <colonnaKey>nm_tipo_doc</colonnaKey>
          <labelKey>Tipo documento principale</labelKey>
          <valoreKey>tipo_principale_test_TPI</valoreKey>
        </datoKey>
        <datoKey>
          <colonnaKey>dt_istituz</colonnaKey>
          <labelKey>Data istituzione</labelKey>
          <valoreKey>10/11/2014</valoreKey>
        </datoKey>
      </keyRecord>
      <datoRecord>
        <colonnaDato>dt_soppres</colonnaDato>
        <labelDato>Data soppressione</labelDato>
        <valoreDato>31/12/2444</valoreDato>
      </datoRecord>
      <recordChild>
        <tipoRecord>Campo per partizionamento</tipoRecord>
        <child>
          <idRecord>246</idRecord>
          <keyRecord>
            <datoKey>
              <colonnaKey>ti_campo</colonnaKey>
              <labelKey>Tipo campo</labelKey>
              <valoreKey>SUB_STRUT</valoreKey>
            </datoKey>
            <datoKey>
              <colonnaKey>nm_campo</colonnaKey>
              <labelKey>Nome campo</labelKey>
              <valoreKey>SUB_STRUTTURA</valoreKey>
            </datoKey>
          </keyRecord>
          <datoRecord>
            <colonnaDato>nm_sub_strut</colonnaDato>
            <labelDato>Sottostruttura</labelDato>
            <valoreDato>DEFAULT</valoreDato>
          </datoRecord>
          <datoRecord>
            <colonnaDato>nm_attrib_dati_spec</colonnaDato>
            <labelDato>Dato specifico</labelDato>
            <valoreDato>null</valoreDato>
          </datoRecord>
        </child>
      </recordChild>
    </child>
    <child>
      <idRecord>510</idRecord>
      <keyRecord>
        <datoKey>
          <colonnaKey>nm_tipo_doc</colonnaKey>
          <labelKey>Tipo documento principale</labelKey>
          <valoreKey>tipo_principale_test_TPI</valoreKey>
        </datoKey>
        <datoKey>
          <colonnaKey>dt_istituz</colonnaKey>
          <labelKey>Data istituzione</labelKey>
          <valoreKey>10/11/2014</valoreKey>
        </datoKey>
      </keyRecord>
      <datoRecord>
        <colonnaDato>dt_soppres</colonnaDato>
        <labelDato>Data soppressione</labelDato>
        <valoreDato>31/12/2444</valoreDato>
      </datoRecord>
      <recordChild>
        <tipoRecord>Campo per partizionamento</tipoRecord>
        <child>
          <idRecord>254</idRecord>
          <keyRecord>
            <datoKey>
              <colonnaKey>ti_campo</colonnaKey>
              <labelKey>Tipo campo</labelKey>
              <valoreKey>SUB_STRUT</valoreKey>
            </datoKey>
            <datoKey>
              <colonnaKey>nm_campo</colonnaKey>
              <labelKey>Nome campo</labelKey>
              <valoreKey>SUB_STRUTTURA</valoreKey>
            </datoKey>
          </keyRecord>
          <datoRecord>
            <colonnaDato>nm_sub_strut</colonnaDato>
            <labelDato>Sottostruttura</labelDato>
            <valoreDato>DEFAULT</valoreDato>
          </datoRecord>
          <datoRecord>
            <colonnaDato>nm_attrib_dati_spec</colonnaDato>
            <labelDato>Dato specifico</labelDato>
            <valoreDato>null</valoreDato>
          </datoRecord>
        </child>
      </recordChild>
    </child>
    <child>
      <idRecord>518</idRecord>
      <keyRecord>
        <datoKey>
          <colonnaKey>nm_tipo_doc</colonnaKey>
          <labelKey>Tipo documento principale</labelKey>
          <valoreKey>tipo_principale_test_TPI</valoreKey>
        </datoKey>
        <datoKey>
          <colonnaKey>dt_istituz</colonnaKey>
          <labelKey>Data istituzione</labelKey>
          <valoreKey>10/11/2014</valoreKey>
        </datoKey>
      </keyRecord>
      <datoRecord>
        <colonnaDato>dt_soppres</colonnaDato>
        <labelDato>Data soppressione</labelDato>
        <valoreDato>31/12/2444</valoreDato>
      </datoRecord>
      <recordChild>
        <tipoRecord>Campo per partizionamento</tipoRecord>
        <child>
          <idRecord>262</idRecord>
          <keyRecord>
            <datoKey>
              <colonnaKey>ti_campo</colonnaKey>
              <labelKey>Tipo campo</labelKey>
              <valoreKey>SUB_STRUT</valoreKey>
            </datoKey>
            <datoKey>
              <colonnaKey>nm_campo</colonnaKey>
              <labelKey>Nome campo</labelKey>
              <valoreKey>SUB_STRUTTURA</valoreKey>
            </datoKey>
          </keyRecord>
          <datoRecord>
            <colonnaDato>nm_sub_strut</colonnaDato>
            <labelDato>Sottostruttura</labelDato>
            <valoreDato>DEFAULT</valoreDato>
          </datoRecord>
          <datoRecord>
            <colonnaDato>nm_attrib_dati_spec</colonnaDato>
            <labelDato>Dato specifico</labelDato>
            <valoreDato>null</valoreDato>
          </datoRecord>
        </child>
      </recordChild>
    </child>
    <child>
      <idRecord>2445</idRecord>
      <keyRecord>
        <datoKey>
          <colonnaKey>nm_tipo_doc</colonnaKey>
          <labelKey>Tipo documento principale</labelKey>
          <valoreKey>tipo_principale_test_TPI</valoreKey>
        </datoKey>
        <datoKey>
          <colonnaKey>dt_istituz</colonnaKey>
          <labelKey>Data istituzione</labelKey>
          <valoreKey>12/02/2015</valoreKey>
        </datoKey>
      </keyRecord>
      <datoRecord>
        <colonnaDato>dt_soppres</colonnaDato>
        <labelDato>Data soppressione</labelDato>
        <valoreDato>31/12/2444</valoreDato>
      </datoRecord>
      <recordChild>
        <tipoRecord>Campo per partizionamento</tipoRecord>
        <child>
          <idRecord>1088</idRecord>
          <keyRecord>
            <datoKey>
              <colonnaKey>ti_campo</colonnaKey>
              <labelKey>Tipo campo</labelKey>
              <valoreKey>SUB_STRUT</valoreKey>
            </datoKey>
            <datoKey>
              <colonnaKey>nm_campo</colonnaKey>
              <labelKey>Nome campo</labelKey>
              <valoreKey>SUB_STRUTTURA</valoreKey>
            </datoKey>
          </keyRecord>
          <datoRecord>
            <colonnaDato>nm_sub_strut</colonnaDato>
            <labelDato>Sottostruttura</labelDato>
            <valoreDato>DEFAULT</valoreDato>
          </datoRecord>
          <datoRecord>
            <colonnaDato>nm_attrib_dati_spec</colonnaDato>
            <labelDato>Dato specifico</labelDato>
            <valoreDato>null</valoreDato>
          </datoRecord>
        </child>
      </recordChild>
    </child>
    <child>
      <idRecord>2446</idRecord>
      <keyRecord>
        <datoKey>
          <colonnaKey>nm_tipo_doc</colonnaKey>
          <labelKey>Tipo documento principale</labelKey>
          <valoreKey>tipo_principale_test_TPI</valoreKey>
        </datoKey>
        <datoKey>
          <colonnaKey>dt_istituz</colonnaKey>
          <labelKey>Data istituzione</labelKey>
          <valoreKey>12/02/2015</valoreKey>
        </datoKey>
      </keyRecord>
      <datoRecord>
        <colonnaDato>dt_soppres</colonnaDato>
        <labelDato>Data soppressione</labelDato>
        <valoreDato>31/12/2444</valoreDato>
      </datoRecord>
      <recordChild>
        <tipoRecord>Campo per partizionamento</tipoRecord>
        <child>
          <idRecord>1089</idRecord>
          <keyRecord>
            <datoKey>
              <colonnaKey>ti_campo</colonnaKey>
              <labelKey>Tipo campo</labelKey>
              <valoreKey>SUB_STRUT</valoreKey>
            </datoKey>
            <datoKey>
              <colonnaKey>nm_campo</colonnaKey>
              <labelKey>Nome campo</labelKey>
              <valoreKey>SUB_STRUTTURA</valoreKey>
            </datoKey>
          </keyRecord>
          <datoRecord>
            <colonnaDato>nm_sub_strut</colonnaDato>
            <labelDato>Sottostruttura</labelDato>
            <valoreDato>DEFAULT</valoreDato>
          </datoRecord>
          <datoRecord>
            <colonnaDato>nm_attrib_dati_spec</colonnaDato>
            <labelDato>Dato specifico</labelDato>
            <valoreDato>null</valoreDato>
          </datoRecord>
        </child>
      </recordChild>
    </child>
    <child>
      <idRecord>2447</idRecord>
      <keyRecord>
        <datoKey>
          <colonnaKey>nm_tipo_doc</colonnaKey>
          <labelKey>Tipo documento principale</labelKey>
          <valoreKey>tipo_principale_test_TPI</valoreKey>
        </datoKey>
        <datoKey>
          <colonnaKey>dt_istituz</colonnaKey>
          <labelKey>Data istituzione</labelKey>
          <valoreKey>12/02/2015</valoreKey>
        </datoKey>
      </keyRecord>
      <datoRecord>
        <colonnaDato>dt_soppres</colonnaDato>
        <labelDato>Data soppressione</labelDato>
        <valoreDato>31/12/2444</valoreDato>
      </datoRecord>
      <recordChild>
        <tipoRecord>Campo per partizionamento</tipoRecord>
        <child>
          <idRecord>1090</idRecord>
          <keyRecord>
            <datoKey>
              <colonnaKey>ti_campo</colonnaKey>
              <labelKey>Tipo campo</labelKey>
              <valoreKey>SUB_STRUT</valoreKey>
            </datoKey>
            <datoKey>
              <colonnaKey>nm_campo</colonnaKey>
              <labelKey>Nome campo</labelKey>
              <valoreKey>SUB_STRUTTURA</valoreKey>
            </datoKey>
          </keyRecord>
          <datoRecord>
            <colonnaDato>nm_sub_strut</colonnaDato>
            <labelDato>Sottostruttura</labelDato>
            <valoreDato>DEFAULT</valoreDato>
          </datoRecord>
          <datoRecord>
            <colonnaDato>nm_attrib_dati_spec</colonnaDato>
            <labelDato>Dato specifico</labelDato>
            <valoreDato>null</valoreDato>
          </datoRecord>
        </child>
      </recordChild>
    </child>
    <child>
      <idRecord>11512</idRecord>
      <keyRecord>
        <datoKey>
          <colonnaKey>nm_tipo_doc</colonnaKey>
          <labelKey>Tipo documento principale</labelKey>
          <valoreKey>tipo_principale_test_TPI</valoreKey>
        </datoKey>
        <datoKey>
          <colonnaKey>dt_istituz</colonnaKey>
          <labelKey>Data istituzione</labelKey>
          <valoreKey>11/10/2016</valoreKey>
        </datoKey>
      </keyRecord>
      <datoRecord>
        <colonnaDato>dt_soppres</colonnaDato>
        <labelDato>Data soppressione</labelDato>
        <valoreDato>31/12/2444</valoreDato>
      </datoRecord>
      <recordChild>
        <tipoRecord>Campo per partizionamento</tipoRecord>
        <child>
          <idRecord>9631</idRecord>
          <keyRecord>
            <datoKey>
              <colonnaKey>ti_campo</colonnaKey>
              <labelKey>Tipo campo</labelKey>
              <valoreKey>SUB_STRUT</valoreKey>
            </datoKey>
            <datoKey>
              <colonnaKey>nm_campo</colonnaKey>
              <labelKey>Nome campo</labelKey>
              <valoreKey>SUB_STRUTTURA</valoreKey>
            </datoKey>
          </keyRecord>
          <datoRecord>
            <colonnaDato>nm_sub_strut</colonnaDato>
            <labelDato>Sottostruttura</labelDato>
            <valoreDato>DEFAULT</valoreDato>
          </datoRecord>
          <datoRecord>
            <colonnaDato>nm_attrib_dati_spec</colonnaDato>
            <labelDato>Dato specifico</labelDato>
            <valoreDato>null</valoreDato>
          </datoRecord>
        </child>
      </recordChild>
    </child>
  </recordChild>
</fotoOggetto>
