<fotoOggetto>
    <versioneLogRecord>1.0</versioneLogRecord>
    <recordMaster>
        <tipoRecord>Utente</tipoRecord>
        <idRecord>5914</idRecord>
        <keyRecord>
            <datoKey>
                <colonnaKey>nm_userID</colonnaKey>
                <labelKey>Userid</labelKey>
                <valoreKey>iacolucci2</valoreKey>
            </datoKey>
        </keyRecord>
        <datoRecord>
            <colonnaDato>fl_user_admin</colonnaDato>
            <labelDato>Utente amministratore</labelDato>
            <valoreDato>false</valoreDato>
        </datoRecord>
    </recordMaster>
    <recordChild>
        <tipoRecord>figlio primo livello</tipoRecord>
        <child>
            <idRecord>1</idRecord>
            <keyRecord>
                <datoKey>
                    <colonnaKey>colonna1</colonnaKey>
                    <labelKey>label1</labelKey>
                    <valoreKey>valore1</valoreKey>
                </datoKey>
            </keyRecord>
            <datoRecord>
                <colonnaDato>x1</colonnaDato>
                <labelDato>x1</labelDato>
                <valoreDato>x1</valoreDato>
            </datoRecord>
            <recordChild>
                <tipoRecord>figlio secondo livello</tipoRecord>
                <child>
                    <idRecord>2</idRecord>
                    <keyRecord>
                        <datoKey>
                            <colonnaKey>colonna1</colonnaKey>
                            <labelKey>label1</labelKey>
                            <valoreKey>valore1</valoreKey>
                        </datoKey>
                        <datoKey>
                            <colonnaKey>colonna2</colonnaKey>
                            <labelKey>label2</labelKey>
                            <valoreKey>valore2</valoreKey>
                        </datoKey>
                    </keyRecord>
                    <datoRecord>
                        <colonnaDato>a1</colonnaDato>
                        <labelDato>a1</labelDato>
                        <valoreDato>a1</valoreDato>
                    </datoRecord>
                    <datoRecord>
                        <colonnaDato>b1</colonnaDato>
                        <labelDato>b1</labelDato>
                        <valoreDato>b1</valoreDato>
                    </datoRecord>
                </child>
                <child>
                    <idRecord>3</idRecord>
                    <keyRecord>
                        <datoKey>
                            <colonnaKey>colonna1</colonnaKey>
                            <labelKey>label1</labelKey>
                            <valoreKey>valore1</valoreKey>
                        </datoKey>
                    </keyRecord>
                    <datoRecord>
                        <colonnaDato>a1</colonnaDato>
                        <labelDato>a1</labelDato>
                        <valoreDato>a1</valoreDato>
                    </datoRecord>
                </child>
            </recordChild>
        </child>
    </recordChild>
</fotoOggetto>
