<fotoOggetto>
    <versioneLogRecord>1.0</versioneLogRecord>
    <recordMaster>
        <tipoRecord>Registro</tipoRecord>
        <idRecord>4</idRecord>
    </recordMaster>
    <recordChild>
        <tipoRecord>RECORD_CHILD_1</tipoRecord>
        <child>
            <idRecord>1</idRecord>
            <keyRecord>
                <datoKey>
                    <colonnaKey>nm_tipo_unita_doc_1</colonnaKey>
                    <valoreKey>Fattura 1</valoreKey>
                </datoKey>
            </keyRecord>
            <datoRecord>
                <colonnaDato>dato_figlio_1</colonnaDato>
                <labelDato>LABEL_DATO_figlio_1</labelDato>
                <valoreDato>VALORE_DATO_figlio_1</valoreDato>
            </datoRecord>
            <datoRecord>
                <colonnaDato>dato_figlio_50</colonnaDato>
                <labelDato>LABEL_DATO_figlio_50_MODIFICATA</labelDato>
                <valoreDato>VALORE_DATO_figlio_50_MODIFICATO</valoreDato>
            </datoRecord>
            <datoRecord>
                <colonnaDato>dato_figlio_AGGIUNTO</colonnaDato>
                <labelDato>LABEL_DATO_figlio_AGGIUNTO</labelDato>
                <valoreDato>VALORE_DATO_figlio_AGGIUNTO</valoreDato>
            </datoRecord>
        </child>
        <child>
            <idRecord>2</idRecord>
            <keyRecord>
                <datoKey>
                    <colonnaKey>nm_tipo_unita_doc_2</colonnaKey>
                    <valoreKey>Fattura 2</valoreKey>
                </datoKey>
            </keyRecord>
            <datoRecord>
                <colonnaDato>dato_figlio_2</colonnaDato>
                <labelDato>LABEL_DATO_figlio_2</labelDato>
                <valoreDato>VALORE_DATO_figlio_2</valoreDato>
            </datoRecord>
        </child>
        <child>
            <idRecord>3</idRecord>
            <keyRecord>
                <datoKey>
                    <colonnaKey>nm_tipo_unita_doc_3</colonnaKey>
                    <valoreKey>Fattura 3</valoreKey>
                </datoKey>
            </keyRecord>
            <datoRecord>
                <colonnaDato>dato_figlio_3</colonnaDato>
                <labelDato>LABEL_DATO_figlio_3</labelDato>
                <valoreDato>VALORE_DATO_figlio_3</valoreDato>
            </datoRecord>
            <recordChild>
                <tipoRecord>RECORD_CHILD_1_1</tipoRecord>
                <child>
                    <idRecord>11111</idRecord>
                    <keyRecord>
                        <datoKey>
                            <colonnaKey>nm_tipo_unita_doc_1_1</colonnaKey>
                            <valoreKey>Fattura 1_1</valoreKey>
                        </datoKey>
                    </keyRecord>
                    <datoRecord>
                        <colonnaDato>dato_figlio_1_1</colonnaDato>
                        <labelDato>LABEL_DATO_figlio_1_1</labelDato>
                        <valoreDato>VALORE_DATO_figlio_1_1</valoreDato>
                    </datoRecord>
                </child>
            </recordChild>
        </child>
    </recordChild>
    <recordChild>
        <tipoRecord>RECORD_CHILD_2</tipoRecord>
        <child>
            <idRecord>2</idRecord>
            <keyRecord>
                <datoKey>
                    <colonnaKey>nm_tipo_unita_doc_2</colonnaKey>
                    <valoreKey>Fattura 2</valoreKey>
                </datoKey>
            </keyRecord>
            <datoRecord>
                <colonnaDato>dato_figlio_2</colonnaDato>
                <labelDato>LABEL_DATO_figlio_2</labelDato>
                <valoreDato>VALORE_DATO_figlio_2</valoreDato>
            </datoRecord>
            <recordChild>
                <tipoRecord>RECORD_CHILD_2_2</tipoRecord>
                <child>
                    <idRecord>10</idRecord>
                    <keyRecord>
                        <datoKey>
                            <colonnaKey>nm_tipo_unita_doc_2_2</colonnaKey>
                            <valoreKey>Fattura 2_2</valoreKey>
                        </datoKey>
                    </keyRecord>
                    <datoRecord>
                        <colonnaDato>dato_figlio_2_2</colonnaDato>
                        <labelDato>LABEL_DATO_figlio_2_2</labelDato>
                        <valoreDato>VALORE_DATO_figlio_2_2</valoreDato>
                    </datoRecord>
                </child>
            </recordChild>
        </child>
    </recordChild>
    <recordChild>
        <tipoRecord>RECORD_CHILD_3</tipoRecord>
        <child>
            <idRecord>30</idRecord>
            <keyRecord>
                <datoKey>
                    <colonnaKey>nm_tipo_unita_doc_3</colonnaKey>
                    <valoreKey>Fattura 3</valoreKey>
                </datoKey>
            </keyRecord>
            <datoRecord>
                <colonnaDato>dato_figlio_3</colonnaDato>
                <labelDato>LABEL_DATO_figlio_3</labelDato>
                <valoreDato>VALORE_DATO_figlio_3</valoreDato>
            </datoRecord>
        </child>
    </recordChild>
</fotoOggetto>
