<fotoOggetto>
    <versioneLogRecord>1.0</versioneLogRecord>
    <recordMaster>
        <tipoRecord>Registro</tipoRecord>
        <idRecord>4</idRecord>
        <keyRecord>
            <datoKey>
                <colonnaKey>nm_ambiente</colonnaKey>
                <valoreKey>AMBIENTE PROVA 1</valoreKey>
            </datoKey>
            <datoKey>
                <colonnaKey>nm_ente</colonnaKey>
                <valoreKey>ENTE PROVA 1</valoreKey>
            </datoKey>
            <datoKey>
                <colonnaKey>nm_strut</colonnaKey>
                <valoreKey>STRUTTURA PROVA test on-line</valoreKey>
            </datoKey>
            <datoKey>
                <colonnaKey>cd_registro_unita_doc</colonnaKey>
                <valoreKey>PROTOCOLLO</valoreKey>
            </datoKey>
        </keyRecord>
        <datoRecord>
            <colonnaDato>ds_registro_unita_doc</colonnaDato>
            <labelDato>Descrizione registro Unità Doc</labelDato>
            <valoreDato>Regitro di protocollo</valoreDato>
        </datoRecord>
        <datoRecord>
            <colonnaDato>fl_registro_fisc</colonnaDato>
            <labelDato>Flag registro fiscale</labelDato>
            <valoreDato>false</valoreDato>
        </datoRecord>
        <datoRecord>
            <colonnaDato>dt_istituz</colonnaDato>
            <labelDato>Data istituzione</labelDato>
            <valoreDato>2013-03-12</valoreDato>
        </datoRecord>
        <datoRecord>
            <colonnaDato>dt_soppres</colonnaDato>
            <labelDato>Data soppressione</labelDato>
            <valoreDato>2444-12-31</valoreDato>
        </datoRecord>
        <datoRecord>
            <colonnaDato>fl_crea_serie</colonnaDato>
            <labelDato>Flag creazione serie</labelDato>
            <valoreDato>true</valoreDato>
        </datoRecord>
        <datoRecord>
            <colonnaDato>ni_anni_conserv</colonnaDato>
            <labelDato>Numero anni conservazione</labelDato>
            <valoreDato>9999</valoreDato>
        </datoRecord>
    </recordMaster>
<!--    
    <recordChild>
        <tipoRecord>Tipi unità doc ammessi</tipoRecord>
        <child>
            <idRecord>4572</idRecord>
            <keyRecord>
                <datoKey>
                    <colonnaKey>nm_tipo_unita_doc</colonnaKey>
                    <valoreKey>Fattura</valoreKey>
                </datoKey>
            </keyRecord>
        </child>
        <child>
            <idRecord>46</idRecord>
            <keyRecord>
                <datoKey>
                    <colonnaKey>nm_tipo_unita_doc</colonnaKey>
                    <valoreKey>PROTOCOLLO</valoreKey>
                </datoKey>
            </keyRecord>
        </child>
    </recordChild>
-->    
    <recordChild>
        <tipoRecord>Anni validità registro</tipoRecord>
        <child>
            <idRecord>1</idRecord>
            <keyRecord>
                <datoKey>
                    <colonnaKey>aa_min_registro_unita_doc</colonnaKey>
                    <valoreKey>2011</valoreKey>
                </datoKey>
            </keyRecord>
            <datoRecord>
                <colonnaDato>aa_max_registro_unita_doc</colonnaDato>
                <labelDato>Anno estremo superiore</labelDato>
                <valoreDato/>
            </datoRecord>
            <recordChild>
                <tipoRecord>Parti registro</tipoRecord>
                <child>
                    <idRecord>228</idRecord>
                    <keyRecord>
                        <datoKey>
                            <colonnaKey>ni_parte_numero_registro</colonnaKey>
                            <valoreKey>1</valoreKey>
                        </datoKey>
                    </keyRecord>
                    <datoRecord>
                        <colonnaDato>ds_parte_numero_registro</colonnaDato>
                        <labelDato>Descrizione parte numero registro</labelDato>
                        <valoreDato>GENERICO</valoreDato>
                    </datoRecord>
                    <datoRecord>
                        <colonnaDato>nm_parte_numero_registro</colonnaDato>
                        <labelDato>Nome parte numero registro</labelDato>
                        <valoreDato>GENERICO</valoreDato>
                    </datoRecord>
                    <datoRecord>
                        <colonnaDato>ti_char_parte</colonnaDato>
                        <labelDato>Char parte</labelDato>
                        <valoreDato>NUMERICO_GENERICO</valoreDato>
                    </datoRecord>
                    <datoRecord>
                        <colonnaDato>ni_min_char_parte</colonnaDato>
                        <labelDato>Numero minimo char parte</labelDato>
                        <valoreDato>1</valoreDato>
                    </datoRecord>
                    <datoRecord>
                        <colonnaDato>ni_max_char_parte</colonnaDato>
                        <labelDato>Numero massimo char parte</labelDato>
                        <valoreDato/>
                    </datoRecord>
                    <datoRecord>
                        <colonnaDato>ti_pad_sx_parte</colonnaDato>
                        <labelDato>Tipo pad sx parte</labelDato>
                        <valoreDato>RIEMPI_0_A_SX_LESS12</valoreDato>
                    </datoRecord>
                    <datoRecord>
                        <colonnaDato>ti_char_sep</colonnaDato>
                        <labelDato>Tipo carattere separatore</labelDato>
                        <valoreDato>/</valoreDato>
                    </datoRecord>
                    <datoRecord>
                        <colonnaDato>dl_valori_parte</colonnaDato>
                        <labelDato>Descrizione valori parte</labelDato>
                        <valoreDato>GENERICO</valoreDato>
                    </datoRecord>
                    <datoRecord>
                        <colonnaDato>ti_parte</colonnaDato>
                        <labelDato>Tipo parte</labelDato>
                        <valoreDato/>
                    </datoRecord>
                </child>
            </recordChild>
        </child>
    </recordChild>
</fotoOggetto>
